<?xml version="1.0" encoding="UTF-8"?>
<!-- Generated by org.testng.reporters.JUnitReportReporter -->
<testsuite hostname="Jaya" failures="0" tests="1" name="dsAlgoTests.QueueTest" time="3.431" errors="0" timestamp="2025-01-31T22:55:26 EST" skipped="0">
  <testcase classname="dsAlgoTests.QueueTest" name="navigatetoImplementationOfQueueInPython" time="3.431"/>
  <system-out/>
</testsuite> <!-- dsAlgoTests.QueueTest -->
