<?xml version="1.0" encoding="UTF-8"?>
<!-- Generated by org.testng.reporters.JUnitReportReporter -->
<testsuite hostname="sukeerthsahana" failures="0" tests="2" name="dsAlgoTests.GraphTest" time="9.367" errors="0" timestamp="2025-02-18T08:34:40 CST" skipped="0">
  <testcase classname="dsAlgoTests.GraphTest" name="verifyCodeExecutionforGraphRepresentationPage" time="4.492"/>
  <system-out/>
  <testcase classname="dsAlgoTests.GraphTest" name="verifyCodeExecutionforGraphRepresentationPage" time="4.875"/>
  <system-out/>
</testsuite> <!-- dsAlgoTests.GraphTest -->
