<?xml version="1.0" encoding="UTF-8"?>
<!-- Generated by org.testng.reporters.JUnitReportReporter -->
<testsuite hostname="Vaibhav" failures="0" tests="21" name="dsAlgoTests.LinkedListTest" time="10.662" errors="1" timestamp="2025-02-05T23:58:14 IST" skipped="20">
  <testcase classname="dsAlgoTests.LinkedListTest" name="navigateToCreateALinkedList" time="5.275">
    <skipped/>
  </testcase> <!-- navigateToCreateALinkedList -->
  <system-out/>
  <testcase classname="dsAlgoTests.LinkedListTest" name="navigateToInsertionTryEditor" time="0.000">
    <skipped/>
  </testcase> <!-- navigateToInsertionTryEditor -->
  <system-out/>
  <testcase classname="dsAlgoTests.LinkedListTest" name="navigateToIntroduction" time="0.000">
    <skipped/>
  </testcase> <!-- navigateToIntroduction -->
  <system-out/>
  <testcase classname="dsAlgoTests.LinkedListTest" name="checkErrorMessageWhenExecutingWithoutCodeToTraversalTryEditor" time="0.000">
    <skipped/>
  </testcase> <!-- checkErrorMessageWhenExecutingWithoutCodeToTraversalTryEditor -->
  <system-out/>
  <testcase classname="dsAlgoTests.LinkedListTest" name="navigateDeletion" time="0.000">
    <skipped/>
  </testcase> <!-- navigateDeletion -->
  <system-out/>
  <testcase classname="dsAlgoTests.LinkedListTest" name="navigateToTraversalTryEditor" time="0.000">
    <skipped/>
  </testcase> <!-- navigateToTraversalTryEditor -->
  <system-out/>
  <testcase classname="dsAlgoTests.LinkedListTest" name="checkErrorMessageWhenExecutingWithoutCodeToInsertionTryEditor" time="0.000">
    <skipped/>
  </testcase> <!-- checkErrorMessageWhenExecutingWithoutCodeToInsertionTryEditor -->
  <system-out/>
  <testcase classname="dsAlgoTests.LinkedListTest" name="navigateToTypesOfLinkedList" time="0.000">
    <skipped/>
  </testcase> <!-- navigateToTypesOfLinkedList -->
  <system-out/>
  <testcase classname="dsAlgoTests.LinkedListTest" name="checkErrorMessageWhenExecutingWithoutCodeToDeletionTryEditor" time="0.000">
    <skipped/>
  </testcase> <!-- checkErrorMessageWhenExecutingWithoutCodeToDeletionTryEditor -->
  <system-out/>
  <testcase classname="dsAlgoTests.LinkedListTest" name="navigateToTypesOfLinkedListTryEditor" time="0.000">
    <skipped/>
  </testcase> <!-- navigateToTypesOfLinkedListTryEditor -->
  <system-out/>
  <testcase classname="dsAlgoTests.LinkedListTest" name="checkforPracticeQuestion" time="0.000">
    <skipped/>
  </testcase> <!-- checkforPracticeQuestion -->
  <system-out/>
  <testcase classname="dsAlgoTests.LinkedListTest" name="checkErrorMessageWhenExecutingWithoutCodeToIntroductionTryEditor" time="0.000">
    <skipped/>
  </testcase> <!-- checkErrorMessageWhenExecutingWithoutCodeToIntroductionTryEditor -->
  <system-out/>
  <testcase classname="dsAlgoTests.LinkedListTest" name="navigateToTraversal" time="0.000">
    <skipped/>
  </testcase> <!-- navigateToTraversal -->
  <system-out/>
  <testcase classname="dsAlgoTests.LinkedListTest" name="navigateToInsertion" time="0.000">
    <skipped/>
  </testcase> <!-- navigateToInsertion -->
  <system-out/>
  <testcase classname="dsAlgoTests.LinkedListTest" name="navigatenavigateToIntroductionTryEditor" time="0.000">
    <skipped/>
  </testcase> <!-- navigatenavigateToIntroductionTryEditor -->
  <system-out/>
  <testcase classname="dsAlgoTests.LinkedListTest" name="navigateToImplementLinkedListInPythonTryEditor" time="0.000">
    <skipped/>
  </testcase> <!-- navigateToImplementLinkedListInPythonTryEditor -->
  <system-out/>
  <testcase classname="dsAlgoTests.LinkedListTest" name="navigateToDeletionTryEditor" time="0.000">
    <skipped/>
  </testcase> <!-- navigateToDeletionTryEditor -->
  <system-out/>
  <testcase classname="dsAlgoTests.LinkedListTest" name="navigateToCreateALinkedListTryEditor" time="0.000">
    <skipped/>
  </testcase> <!-- navigateToCreateALinkedListTryEditor -->
  <system-out/>
  <testcase classname="dsAlgoTests.LinkedListTest" name="navigateToLinkedListPage" time="5.387">
    <error message="invalid session id: session deleted as the browser has closed the connection
from disconnected: unable to send message to renderer
  (Session info: chrome=132.0.6834.160)
Build info: version: &#039;4.17.0&#039;, revision: &#039;e52b1be057*&#039;
System info: os.name: &#039;Windows 11&#039;, os.arch: &#039;amd64&#039;, os.version: &#039;10.0&#039;, java.version: &#039;23.0.1&#039;
Driver info: org.openqa.selenium.chrome.ChromeDriver
Command: [5acf5d95a7b77cd4bf424b6e199fe60f, findElement {using=xpath, value=//button[@class=&#039;btn&#039;]}]
Capabilities {acceptInsecureCerts: false, browserName: chrome, browserVersion: 132.0.6834.160, chrome: {chromedriverVersion: 132.0.6834.159 (2d77d3fc445..., userDataDir: C:\Users\shaal\AppData\Loca...}, fedcm:accounts: true, goog:chromeOptions: {debuggerAddress: localhost:56361}, networkConnectionEnabled: false, pageLoadStrategy: normal, platformName: windows, proxy: Proxy(), se:cdp: ws://localhost:56361/devtoo..., se:cdpVersion: 132.0.6834.160, setWindowRect: true, strictFileInteractability: false, timeouts: {implicit: 0, pageLoad: 300000, script: 30000}, unhandledPromptBehavior: dismiss and notify, webauthn:extension:credBlob: true, webauthn:extension:largeBlob: true, webauthn:extension:minPinLength: true, webauthn:extension:prf: true, webauthn:virtualAuthenticators: true}
Session ID: 5acf5d95a7b77cd4bf424b6e199fe60f" type="org.openqa.selenium.NoSuchSessionException">
      <![CDATA[org.openqa.selenium.NoSuchSessionException: invalid session id: session deleted as the browser has closed the connection
from disconnected: unable to send message to renderer
  (Session info: chrome=132.0.6834.160)
Build info: version: '4.17.0', revision: 'e52b1be057*'
System info: os.name: 'Windows 11', os.arch: 'amd64', os.version: '10.0', java.version: '23.0.1'
Driver info: org.openqa.selenium.chrome.ChromeDriver
Command: [5acf5d95a7b77cd4bf424b6e199fe60f, findElement {using=xpath, value=//button[@class='btn']}]
Capabilities {acceptInsecureCerts: false, browserName: chrome, browserVersion: 132.0.6834.160, chrome: {chromedriverVersion: 132.0.6834.159 (2d77d3fc445..., userDataDir: C:\Users\shaal\AppData\Loca...}, fedcm:accounts: true, goog:chromeOptions: {debuggerAddress: localhost:56361}, networkConnectionEnabled: false, pageLoadStrategy: normal, platformName: windows, proxy: Proxy(), se:cdp: ws://localhost:56361/devtoo..., se:cdpVersion: 132.0.6834.160, setWindowRect: true, strictFileInteractability: false, timeouts: {implicit: 0, pageLoad: 300000, script: 30000}, unhandledPromptBehavior: dismiss and notify, webauthn:extension:credBlob: true, webauthn:extension:largeBlob: true, webauthn:extension:minPinLength: true, webauthn:extension:prf: true, webauthn:virtualAuthenticators: true}
Session ID: 5acf5d95a7b77cd4bf424b6e199fe60f
at java.base/jdk.internal.reflect.DirectConstructorHandleAccessor.newInstance(DirectConstructorHandleAccessor.java:62)
at java.base/java.lang.reflect.Constructor.newInstanceWithCaller(Constructor.java:501)
at java.base/java.lang.reflect.Constructor.newInstance(Constructor.java:485)
at org.openqa.selenium.remote.codec.w3c.W3CHttpResponseCodec.createException(W3CHttpResponseCodec.java:185)
at org.openqa.selenium.remote.codec.w3c.W3CHttpResponseCodec.decode(W3CHttpResponseCodec.java:134)
at org.openqa.selenium.remote.codec.w3c.W3CHttpResponseCodec.decode(W3CHttpResponseCodec.java:51)
at org.openqa.selenium.remote.HttpCommandExecutor.execute(HttpCommandExecutor.java:190)
at org.openqa.selenium.remote.service.DriverCommandExecutor.invokeExecute(DriverCommandExecutor.java:216)
at org.openqa.selenium.remote.service.DriverCommandExecutor.execute(DriverCommandExecutor.java:174)
at org.openqa.selenium.remote.RemoteWebDriver.execute(RemoteWebDriver.java:519)
at org.openqa.selenium.remote.ElementLocation$ElementFinder$2.findElement(ElementLocation.java:165)
at org.openqa.selenium.remote.ElementLocation.findElement(ElementLocation.java:59)
at org.openqa.selenium.remote.RemoteWebDriver.findElement(RemoteWebDriver.java:356)
at org.openqa.selenium.remote.RemoteWebDriver.findElement(RemoteWebDriver.java:350)
at org.openqa.selenium.support.pagefactory.DefaultElementLocator.findElement(DefaultElementLocator.java:68)
at org.openqa.selenium.support.pagefactory.internal.LocatingElementHandler.invoke(LocatingElementHandler.java:38)
at jdk.proxy2/jdk.proxy2.$Proxy14.click(Unknown Source)
at dsAlgoPages.HomePage.clickLaunchPageGetstartedbutton(HomePage.java:62)
at dsAlgoTests.LinkedListTest.navigateToLinkedListPage(LinkedListTest.java:34)
at java.base/jdk.internal.reflect.DirectMethodHandleAccessor.invoke(DirectMethodHandleAccessor.java:103)
at java.base/java.lang.reflect.Method.invoke(Method.java:580)
at org.testng.internal.MethodInvocationHelper.invokeMethod(MethodInvocationHelper.java:133)
at org.testng.internal.MethodInvocationHelper.invokeMethodConsideringTimeout(MethodInvocationHelper.java:62)
at org.testng.internal.ConfigInvoker.invokeConfigurationMethod(ConfigInvoker.java:385)
at org.testng.internal.ConfigInvoker.invokeConfigurations(ConfigInvoker.java:321)
at org.testng.internal.TestInvoker.runConfigMethods(TestInvoker.java:700)
at org.testng.internal.TestInvoker.invokeMethod(TestInvoker.java:527)
at org.testng.internal.TestInvoker.invokeTestMethod(TestInvoker.java:173)
at org.testng.internal.MethodRunner.runInSequence(MethodRunner.java:46)
at org.testng.internal.TestInvoker$MethodInvocationAgent.invoke(TestInvoker.java:824)
at org.testng.internal.TestInvoker.invokeTestMethods(TestInvoker.java:146)
at org.testng.internal.TestMethodWorker.invokeTestMethods(TestMethodWorker.java:146)
at org.testng.internal.TestMethodWorker.run(TestMethodWorker.java:128)
at java.base/java.util.concurrent.ThreadPoolExecutor.runWorker(ThreadPoolExecutor.java:1144)
at java.base/java.util.concurrent.ThreadPoolExecutor$Worker.run(ThreadPoolExecutor.java:642)
at java.base/java.lang.Thread.run(Thread.java:1575)
]]>
    </error>
  </testcase> <!-- navigateToLinkedListPage -->
  <system-out/>
  <testcase classname="dsAlgoTests.LinkedListTest" name="navigateToImplementLinkedListInPython" time="0.000">
    <skipped/>
  </testcase> <!-- navigateToImplementLinkedListInPython -->
  <system-out/>
  <testcase classname="dsAlgoTests.LinkedListTest" name="verifyCodeExecutionForLinkedList" time="0.000">
    <skipped/>
  </testcase> <!-- verifyCodeExecutionForLinkedList -->
  <system-out/>
</testsuite> <!-- dsAlgoTests.LinkedListTest -->
