<?xml version="1.0" encoding="UTF-8"?>
<!-- Generated by org.testng.reporters.JUnitReportReporter -->
<testsuite hostname="Vaibhav" failures="0" tests="6" name="dsAlgoTests.SigninTest" time="124.448" errors="0" timestamp="2025-02-04T23:44:50 IST" skipped="0">
  <testcase classname="dsAlgoTests.SigninTest" name="enterCredentials" time="23.871"/>
  <system-out/>
  <testcase classname="dsAlgoTests.SigninTest" name="enterCredentials" time="23.329"/>
  <system-out/>
  <testcase classname="dsAlgoTests.SigninTest" name="enterCredentials" time="24.996"/>
  <system-out/>
  <testcase classname="dsAlgoTests.SigninTest" name="enterCredentials" time="23.435"/>
  <system-out/>
  <testcase classname="dsAlgoTests.SigninTest" name="enterCredentials" time="23.483"/>
  <system-out/>
  <testcase classname="dsAlgoTests.SigninTest" name="enterCredentials" time="5.334"/>
  <system-out/>
</testsuite> <!-- dsAlgoTests.SigninTest -->
