<?xml version="1.0" encoding="UTF-8"?>
<!-- Generated by org.testng.reporters.JUnitReportReporter -->
<testsuite hostname="Jaya" failures="0" tests="14" name="dsAlgoTests.HomeTest" time="40.987" errors="0" timestamp="2025-02-02T16:07:33 EST" skipped="0">
  <testcase classname="dsAlgoTests.HomeTest" name="dropdownoptionTreeerrorBeforeSignin" time="2.926"/>
  <system-out/>
  <testcase classname="dsAlgoTests.HomeTest" name="dropdownoptionGrapherrorBeforeSignin" time="3.016"/>
  <system-out/>
  <testcase classname="dsAlgoTests.HomeTest" name="dropdownoptionStackerrorBeforeSignin" time="2.606"/>
  <system-out/>
  <testcase classname="dsAlgoTests.HomeTest" name="GetstartedGrapherrorBeforeSignin" time="2.836"/>
  <system-out/>
  <testcase classname="dsAlgoTests.HomeTest" name="GetstartedLinkedListerrorBeforeSignin" time="2.919"/>
  <system-out/>
  <testcase classname="dsAlgoTests.HomeTest" name="dropdownoptionLinkedListerrorBeforeSignin" time="2.904"/>
  <system-out/>
  <testcase classname="dsAlgoTests.HomeTest" name="dropdownoptionQueueerrorBeforeSignin" time="3.151"/>
  <system-out/>
  <testcase classname="dsAlgoTests.HomeTest" name="GetstartedTreeerrorBeforeSignin" time="2.916"/>
  <system-out/>
  <testcase classname="dsAlgoTests.HomeTest" name="navigateToLogin" time="2.755"/>
  <system-out/>
  <testcase classname="dsAlgoTests.HomeTest" name="errorMessageWhenClickedOnDataStructureBeforeSignin" time="2.864"/>
  <system-out/>
  <testcase classname="dsAlgoTests.HomeTest" name="dropdownoptionArrayserrorBeforeSignin" time="3.246"/>
  <system-out/>
  <testcase classname="dsAlgoTests.HomeTest" name="GetstartedArrayerrorBeforeSignin" time="2.918"/>
  <system-out/>
  <testcase classname="dsAlgoTests.HomeTest" name="GetstartedQueueerrorBeforeSignin" time="2.875"/>
  <system-out/>
  <testcase classname="dsAlgoTests.HomeTest" name="GetstartedStackerrorBeforeSignin" time="3.055"/>
  <system-out/>
</testsuite> <!-- dsAlgoTests.HomeTest -->
