<?xml version="1.0" encoding="UTF-8"?>
<!-- Generated by org.testng.reporters.JUnitReportReporter -->
<testsuite hostname="sukeerthsahana" failures="0" tests="15" name="dsAlgoTests.HomeTest" time="35.972" errors="0" timestamp="2025-02-16T14:42:06 CST" skipped="0">
  <testcase classname="dsAlgoTests.HomeTest" name="navigateToRegister" time="2.189"/>
  <system-out/>
  <testcase classname="dsAlgoTests.HomeTest" name="navigateToLogin" time="2.177"/>
  <system-out/>
  <testcase classname="dsAlgoTests.HomeTest" name="errorMessageWhenClickedOnDataStructureBeforeSignin" time="2.438"/>
  <system-out/>
  <testcase classname="dsAlgoTests.HomeTest" name="GetstartedArrayerrorBeforeSignin" time="2.364"/>
  <system-out/>
  <testcase classname="dsAlgoTests.HomeTest" name="GetstartedStackerrorBeforeSignin" time="2.804"/>
  <system-out/>
  <testcase classname="dsAlgoTests.HomeTest" name="GetstartedQueueerrorBeforeSignin" time="2.609"/>
  <system-out/>
  <testcase classname="dsAlgoTests.HomeTest" name="GetstartedLinkedListerrorBeforeSignin" time="2.286"/>
  <system-out/>
  <testcase classname="dsAlgoTests.HomeTest" name="GetstartedTreeerrorBeforeSignin" time="2.286"/>
  <system-out/>
  <testcase classname="dsAlgoTests.HomeTest" name="GetstartedGrapherrorBeforeSignin" time="2.162"/>
  <system-out/>
  <testcase classname="dsAlgoTests.HomeTest" name="dropdownoptionGrapherrorBeforeSignin" time="2.534"/>
  <system-out/>
  <testcase classname="dsAlgoTests.HomeTest" name="dropdownoptionTreeerrorBeforeSignin" time="2.461"/>
  <system-out/>
  <testcase classname="dsAlgoTests.HomeTest" name="dropdownoptionQueueerrorBeforeSignin" time="2.351"/>
  <system-out/>
  <testcase classname="dsAlgoTests.HomeTest" name="dropdownoptionStackerrorBeforeSignin" time="2.293"/>
  <system-out/>
  <testcase classname="dsAlgoTests.HomeTest" name="dropdownoptionLinkedListerrorBeforeSignin" time="2.527"/>
  <system-out/>
  <testcase classname="dsAlgoTests.HomeTest" name="dropdownoptionArrayserrorBeforeSignin" time="2.491"/>
  <system-out/>
</testsuite> <!-- dsAlgoTests.HomeTest -->
