<?xml version="1.0" encoding="UTF-8"?>
<!-- Generated by org.testng.reporters.JUnitReportReporter -->
<testsuite hostname="Vaibhav" failures="2" tests="1005" name="dsAlgoTests.DataStructureTest" time="265.413" errors="2" timestamp="2025-02-06T01:00:59 IST" skipped="946">
  <testcase classname="dsAlgoTests.DataStructureTest" name="verifyCodeExecutionforDataStructureIntroductionPage" time="3.240">
    <skipped/>
  </testcase> <!-- verifyCodeExecutionforDataStructureIntroductionPage -->
  <system-out/>
  <testcase classname="dsAlgoTests.DataStructureTest" name="verifyCodeExecutionforDataStructureIntroductionPage" time="3.087">
    <skipped/>
  </testcase> <!-- verifyCodeExecutionforDataStructureIntroductionPage -->
  <system-out/>
  <testcase classname="dsAlgoTests.DataStructureTest" name="verifyCodeExecutionforDataStructureIntroductionPage" time="3.192">
    <skipped/>
  </testcase> <!-- verifyCodeExecutionforDataStructureIntroductionPage -->
  <system-out/>
  <testcase classname="dsAlgoTests.DataStructureTest" name="verifyCodeExecutionforDataStructureIntroductionPage" time="3.259">
    <skipped/>
  </testcase> <!-- verifyCodeExecutionforDataStructureIntroductionPage -->
  <system-out/>
  <testcase classname="dsAlgoTests.DataStructureTest" name="verifyCodeExecutionforDataStructureIntroductionPage" time="3.162">
    <skipped/>
  </testcase> <!-- verifyCodeExecutionforDataStructureIntroductionPage -->
  <system-out/>
  <testcase classname="dsAlgoTests.DataStructureTest" name="verifyCodeExecutionforDataStructureIntroductionPage" time="3.190">
    <skipped/>
  </testcase> <!-- verifyCodeExecutionforDataStructureIntroductionPage -->
  <system-out/>
  <testcase classname="dsAlgoTests.DataStructureTest" name="verifyCodeExecutionforDataStructureIntroductionPage" time="3.323">
    <skipped/>
  </testcase> <!-- verifyCodeExecutionforDataStructureIntroductionPage -->
  <system-out/>
  <testcase classname="dsAlgoTests.DataStructureTest" name="verifyCodeExecutionforDataStructureIntroductionPage" time="3.333">
    <skipped/>
  </testcase> <!-- verifyCodeExecutionforDataStructureIntroductionPage -->
  <system-out/>
  <testcase classname="dsAlgoTests.DataStructureTest" name="verifyCodeExecutionforDataStructureIntroductionPage" time="3.272">
    <skipped/>
  </testcase> <!-- verifyCodeExecutionforDataStructureIntroductionPage -->
  <system-out/>
  <testcase classname="dsAlgoTests.DataStructureTest" name="verifyCodeExecutionforDataStructureIntroductionPage" time="3.491">
    <skipped/>
  </testcase> <!-- verifyCodeExecutionforDataStructureIntroductionPage -->
  <system-out/>
  <testcase classname="dsAlgoTests.DataStructureTest" name="verifyCodeExecutionforDataStructureIntroductionPage" time="3.242">
    <skipped/>
  </testcase> <!-- verifyCodeExecutionforDataStructureIntroductionPage -->
  <system-out/>
  <testcase classname="dsAlgoTests.DataStructureTest" name="verifyCodeExecutionforDataStructureIntroductionPage" time="3.359">
    <skipped/>
  </testcase> <!-- verifyCodeExecutionforDataStructureIntroductionPage -->
  <system-out/>
  <testcase classname="dsAlgoTests.DataStructureTest" name="verifyCodeExecutionforDataStructureIntroductionPage" time="3.296">
    <skipped/>
  </testcase> <!-- verifyCodeExecutionforDataStructureIntroductionPage -->
  <system-out/>
  <testcase classname="dsAlgoTests.DataStructureTest" name="navigatetoTimeComplexitytryeditor" time="4.243"/>
  <system-out/>
  <testcase classname="dsAlgoTests.DataStructureTest" name="verifyCodeExecutionforDataStructureIntroductionPage" time="4.567"/>
  <system-out/>
  <testcase classname="dsAlgoTests.DataStructureTest" name="verifyCodeExecutionforDataStructureIntroductionPage" time="3.561">
    <skipped/>
  </testcase> <!-- verifyCodeExecutionforDataStructureIntroductionPage -->
  <system-out/>
  <testcase classname="dsAlgoTests.DataStructureTest" name="verifyCodeExecutionforDataStructureIntroductionPage" time="3.263">
    <skipped/>
  </testcase> <!-- verifyCodeExecutionforDataStructureIntroductionPage -->
  <system-out/>
  <testcase classname="dsAlgoTests.DataStructureTest" name="verifyCodeExecutionforDataStructureIntroductionPage" time="3.330">
    <skipped/>
  </testcase> <!-- verifyCodeExecutionforDataStructureIntroductionPage -->
  <system-out/>
  <testcase classname="dsAlgoTests.DataStructureTest" name="verifyCodeExecutionforDataStructureIntroductionPage" time="3.400">
    <skipped/>
  </testcase> <!-- verifyCodeExecutionforDataStructureIntroductionPage -->
  <system-out/>
  <testcase classname="dsAlgoTests.DataStructureTest" name="verifyCodeExecutionforDataStructureIntroductionPage" time="3.312">
    <skipped/>
  </testcase> <!-- verifyCodeExecutionforDataStructureIntroductionPage -->
  <system-out/>
  <testcase classname="dsAlgoTests.DataStructureTest" name="verifyCodeExecutionforDataStructureIntroductionPage" time="3.340">
    <skipped/>
  </testcase> <!-- verifyCodeExecutionforDataStructureIntroductionPage -->
  <system-out/>
  <testcase classname="dsAlgoTests.DataStructureTest" name="verifyCodeExecutionforDataStructureIntroductionPage" time="3.627">
    <skipped/>
  </testcase> <!-- verifyCodeExecutionforDataStructureIntroductionPage -->
  <system-out/>
  <testcase classname="dsAlgoTests.DataStructureTest" name="verifyCodeExecutionforDataStructureIntroductionPage" time="3.638">
    <skipped/>
  </testcase> <!-- verifyCodeExecutionforDataStructureIntroductionPage -->
  <system-out/>
  <testcase classname="dsAlgoTests.DataStructureTest" name="verifyCodeExecutionforDataStructureIntroductionPage" time="3.308">
    <skipped/>
  </testcase> <!-- verifyCodeExecutionforDataStructureIntroductionPage -->
  <system-out/>
  <testcase classname="dsAlgoTests.DataStructureTest" name="verifyCodeExecutionforDataStructureIntroductionPage" time="3.189">
    <skipped/>
  </testcase> <!-- verifyCodeExecutionforDataStructureIntroductionPage -->
  <system-out/>
  <testcase classname="dsAlgoTests.DataStructureTest" name="verifyCodeExecutionforDataStructureIntroductionPage" time="3.563">
    <skipped/>
  </testcase> <!-- verifyCodeExecutionforDataStructureIntroductionPage -->
  <system-out/>
  <testcase classname="dsAlgoTests.DataStructureTest" name="verifyCodeExecutionforDataStructureIntroductionPage" time="3.559">
    <skipped/>
  </testcase> <!-- verifyCodeExecutionforDataStructureIntroductionPage -->
  <system-out/>
  <testcase classname="dsAlgoTests.DataStructureTest" name="verifyCodeExecutionforDataStructureIntroductionPage" time="3.507">
    <skipped/>
  </testcase> <!-- verifyCodeExecutionforDataStructureIntroductionPage -->
  <system-out/>
  <testcase classname="dsAlgoTests.DataStructureTest" name="verifyCodeExecutionforDataStructureIntroductionPage" time="3.529">
    <skipped/>
  </testcase> <!-- verifyCodeExecutionforDataStructureIntroductionPage -->
  <system-out/>
  <testcase classname="dsAlgoTests.DataStructureTest" name="verifyCodeExecutionforDataStructureIntroductionPage" time="3.151">
    <skipped/>
  </testcase> <!-- verifyCodeExecutionforDataStructureIntroductionPage -->
  <system-out/>
  <testcase classname="dsAlgoTests.DataStructureTest" name="verifyCodeExecutionforDataStructureIntroductionPage" time="3.181">
    <skipped/>
  </testcase> <!-- verifyCodeExecutionforDataStructureIntroductionPage -->
  <system-out/>
  <testcase classname="dsAlgoTests.DataStructureTest" name="verifyCodeExecutionforDataStructureIntroductionPage" time="3.342">
    <skipped/>
  </testcase> <!-- verifyCodeExecutionforDataStructureIntroductionPage -->
  <system-out/>
  <testcase classname="dsAlgoTests.DataStructureTest" name="verifyCodeExecutionforDataStructureIntroductionPage" time="3.403">
    <skipped/>
  </testcase> <!-- verifyCodeExecutionforDataStructureIntroductionPage -->
  <system-out/>
  <testcase classname="dsAlgoTests.DataStructureTest" name="verifyCodeExecutionforDataStructureIntroductionPage" time="3.203">
    <skipped/>
  </testcase> <!-- verifyCodeExecutionforDataStructureIntroductionPage -->
  <system-out/>
  <testcase classname="dsAlgoTests.DataStructureTest" name="verifyCodeExecutionforDataStructureIntroductionPage" time="3.131">
    <skipped/>
  </testcase> <!-- verifyCodeExecutionforDataStructureIntroductionPage -->
  <system-out/>
  <testcase classname="dsAlgoTests.DataStructureTest" name="verifyCodeExecutionforDataStructureIntroductionPage" time="3.216">
    <skipped/>
  </testcase> <!-- verifyCodeExecutionforDataStructureIntroductionPage -->
  <system-out/>
  <testcase classname="dsAlgoTests.DataStructureTest" name="verifyCodeExecutionforDataStructureIntroductionPage" time="3.216">
    <skipped/>
  </testcase> <!-- verifyCodeExecutionforDataStructureIntroductionPage -->
  <system-out/>
  <testcase classname="dsAlgoTests.DataStructureTest" name="verifyCodeExecutionforDataStructureIntroductionPage" time="3.384">
    <skipped/>
  </testcase> <!-- verifyCodeExecutionforDataStructureIntroductionPage -->
  <system-out/>
  <testcase classname="dsAlgoTests.DataStructureTest" name="verifyCodeExecutionforDataStructureIntroductionPage" time="3.486">
    <skipped/>
  </testcase> <!-- verifyCodeExecutionforDataStructureIntroductionPage -->
  <system-out/>
  <testcase classname="dsAlgoTests.DataStructureTest" name="verifyCodeExecutionforDataStructureIntroductionPage" time="3.157">
    <skipped/>
  </testcase> <!-- verifyCodeExecutionforDataStructureIntroductionPage -->
  <system-out/>
  <testcase classname="dsAlgoTests.DataStructureTest" name="verifyCodeExecutionforDataStructureIntroductionPage" time="3.474">
    <skipped/>
  </testcase> <!-- verifyCodeExecutionforDataStructureIntroductionPage -->
  <system-out/>
  <testcase classname="dsAlgoTests.DataStructureTest" name="verifyCodeExecutionforDataStructureIntroductionPage" time="3.483">
    <skipped/>
  </testcase> <!-- verifyCodeExecutionforDataStructureIntroductionPage -->
  <system-out/>
  <testcase classname="dsAlgoTests.DataStructureTest" name="verifyCodeExecutionforDataStructureIntroductionPage" time="3.431">
    <skipped/>
  </testcase> <!-- verifyCodeExecutionforDataStructureIntroductionPage -->
  <system-out/>
  <testcase classname="dsAlgoTests.DataStructureTest" name="verifyCodeExecutionforDataStructureIntroductionPage" time="3.098">
    <skipped/>
  </testcase> <!-- verifyCodeExecutionforDataStructureIntroductionPage -->
  <system-out/>
  <testcase classname="dsAlgoTests.DataStructureTest" name="verifyCodeExecutionforDataStructureIntroductionPage" time="3.103">
    <skipped/>
  </testcase> <!-- verifyCodeExecutionforDataStructureIntroductionPage -->
  <system-out/>
  <testcase classname="dsAlgoTests.DataStructureTest" name="verifyCodeExecutionforDataStructureIntroductionPage" time="3.212">
    <skipped/>
  </testcase> <!-- verifyCodeExecutionforDataStructureIntroductionPage -->
  <system-out/>
  <testcase classname="dsAlgoTests.DataStructureTest" name="verifyCodeExecutionforDataStructureIntroductionPage" time="3.433">
    <skipped/>
  </testcase> <!-- verifyCodeExecutionforDataStructureIntroductionPage -->
  <system-out/>
  <testcase classname="dsAlgoTests.DataStructureTest" name="verifyCodeExecutionforDataStructureIntroductionPage" time="3.480">
    <skipped/>
  </testcase> <!-- verifyCodeExecutionforDataStructureIntroductionPage -->
  <system-out/>
  <testcase classname="dsAlgoTests.DataStructureTest" name="verifyCodeExecutionforDataStructureIntroductionPage" time="3.292">
    <skipped/>
  </testcase> <!-- verifyCodeExecutionforDataStructureIntroductionPage -->
  <system-out/>
  <testcase classname="dsAlgoTests.DataStructureTest" name="verifyCodeExecutionforDataStructureIntroductionPage" time="3.410">
    <skipped/>
  </testcase> <!-- verifyCodeExecutionforDataStructureIntroductionPage -->
  <system-out/>
  <testcase classname="dsAlgoTests.DataStructureTest" name="verifyCodeExecutionforDataStructureIntroductionPage" time="3.213">
    <skipped/>
  </testcase> <!-- verifyCodeExecutionforDataStructureIntroductionPage -->
  <system-out/>
  <testcase classname="dsAlgoTests.DataStructureTest" name="verifyCodeExecutionforDataStructureIntroductionPage" time="3.243">
    <skipped/>
  </testcase> <!-- verifyCodeExecutionforDataStructureIntroductionPage -->
  <system-out/>
  <testcase classname="dsAlgoTests.DataStructureTest" name="verifyCodeExecutionforDataStructureIntroductionPage" time="3.294">
    <skipped/>
  </testcase> <!-- verifyCodeExecutionforDataStructureIntroductionPage -->
  <system-out/>
  <testcase classname="dsAlgoTests.DataStructureTest" name="verifyCodeExecutionforDataStructureIntroductionPage" time="3.333">
    <skipped/>
  </testcase> <!-- verifyCodeExecutionforDataStructureIntroductionPage -->
  <system-out/>
  <testcase classname="dsAlgoTests.DataStructureTest" name="verifyCodeExecutionforDataStructureIntroductionPage" time="3.209">
    <skipped/>
  </testcase> <!-- verifyCodeExecutionforDataStructureIntroductionPage -->
  <system-out/>
  <testcase classname="dsAlgoTests.DataStructureTest" name="verifyCodeExecutionforDataStructureIntroductionPage" time="3.463">
    <skipped/>
  </testcase> <!-- verifyCodeExecutionforDataStructureIntroductionPage -->
  <system-out/>
  <testcase classname="dsAlgoTests.DataStructureTest" name="verifyCodeExecutionforDataStructureIntroductionPage" time="3.425">
    <skipped/>
  </testcase> <!-- verifyCodeExecutionforDataStructureIntroductionPage -->
  <system-out/>
  <testcase classname="dsAlgoTests.DataStructureTest" name="verifyCodeExecutionforDataStructureIntroductionPage" time="3.266">
    <skipped/>
  </testcase> <!-- verifyCodeExecutionforDataStructureIntroductionPage -->
  <system-out/>
  <testcase classname="dsAlgoTests.DataStructureTest" name="verifyCodeExecutionforDataStructureIntroductionPage" time="0.000">
    <skipped/>
  </testcase> <!-- verifyCodeExecutionforDataStructureIntroductionPage -->
  <system-out/>
  <testcase classname="dsAlgoTests.DataStructureTest" name="verifyCodeExecutionforDataStructureIntroductionPage" time="0.000">
    <skipped/>
  </testcase> <!-- verifyCodeExecutionforDataStructureIntroductionPage -->
  <system-out/>
  <testcase classname="dsAlgoTests.DataStructureTest" name="verifyCodeExecutionforDataStructureIntroductionPage" time="0.000">
    <skipped/>
  </testcase> <!-- verifyCodeExecutionforDataStructureIntroductionPage -->
  <system-out/>
  <testcase classname="dsAlgoTests.DataStructureTest" name="verifyCodeExecutionforDataStructureIntroductionPage" time="0.000">
    <skipped/>
  </testcase> <!-- verifyCodeExecutionforDataStructureIntroductionPage -->
  <system-out/>
  <testcase classname="dsAlgoTests.DataStructureTest" name="verifyCodeExecutionforDataStructureIntroductionPage" time="0.000">
    <skipped/>
  </testcase> <!-- verifyCodeExecutionforDataStructureIntroductionPage -->
  <system-out/>
  <testcase classname="dsAlgoTests.DataStructureTest" name="verifyCodeExecutionforDataStructureIntroductionPage" time="0.000">
    <skipped/>
  </testcase> <!-- verifyCodeExecutionforDataStructureIntroductionPage -->
  <system-out/>
  <testcase classname="dsAlgoTests.DataStructureTest" name="verifyCodeExecutionforDataStructureIntroductionPage" time="0.000">
    <skipped/>
  </testcase> <!-- verifyCodeExecutionforDataStructureIntroductionPage -->
  <system-out/>
  <testcase classname="dsAlgoTests.DataStructureTest" name="verifyCodeExecutionforDataStructureIntroductionPage" time="0.000">
    <skipped/>
  </testcase> <!-- verifyCodeExecutionforDataStructureIntroductionPage -->
  <system-out/>
  <testcase classname="dsAlgoTests.DataStructureTest" name="verifyCodeExecutionforDataStructureIntroductionPage" time="0.000">
    <skipped/>
  </testcase> <!-- verifyCodeExecutionforDataStructureIntroductionPage -->
  <system-out/>
  <testcase classname="dsAlgoTests.DataStructureTest" name="verifyCodeExecutionforDataStructureIntroductionPage" time="0.000">
    <skipped/>
  </testcase> <!-- verifyCodeExecutionforDataStructureIntroductionPage -->
  <system-out/>
  <testcase classname="dsAlgoTests.DataStructureTest" name="verifyCodeExecutionforDataStructureIntroductionPage" time="0.000">
    <skipped/>
  </testcase> <!-- verifyCodeExecutionforDataStructureIntroductionPage -->
  <system-out/>
  <testcase classname="dsAlgoTests.DataStructureTest" name="verifyCodeExecutionforDataStructureIntroductionPage" time="0.000">
    <skipped/>
  </testcase> <!-- verifyCodeExecutionforDataStructureIntroductionPage -->
  <system-out/>
  <testcase classname="dsAlgoTests.DataStructureTest" name="verifyCodeExecutionforDataStructureIntroductionPage" time="0.000">
    <skipped/>
  </testcase> <!-- verifyCodeExecutionforDataStructureIntroductionPage -->
  <system-out/>
  <testcase classname="dsAlgoTests.DataStructureTest" name="verifyCodeExecutionforDataStructureIntroductionPage" time="0.000">
    <skipped/>
  </testcase> <!-- verifyCodeExecutionforDataStructureIntroductionPage -->
  <system-out/>
  <testcase classname="dsAlgoTests.DataStructureTest" name="verifyCodeExecutionforDataStructureIntroductionPage" time="0.000">
    <skipped/>
  </testcase> <!-- verifyCodeExecutionforDataStructureIntroductionPage -->
  <system-out/>
  <testcase classname="dsAlgoTests.DataStructureTest" name="verifyCodeExecutionforDataStructureIntroductionPage" time="0.000">
    <skipped/>
  </testcase> <!-- verifyCodeExecutionforDataStructureIntroductionPage -->
  <system-out/>
  <testcase classname="dsAlgoTests.DataStructureTest" name="verifyCodeExecutionforDataStructureIntroductionPage" time="0.000">
    <skipped/>
  </testcase> <!-- verifyCodeExecutionforDataStructureIntroductionPage -->
  <system-out/>
  <testcase classname="dsAlgoTests.DataStructureTest" name="verifyCodeExecutionforDataStructureIntroductionPage" time="0.000">
    <skipped/>
  </testcase> <!-- verifyCodeExecutionforDataStructureIntroductionPage -->
  <system-out/>
  <testcase classname="dsAlgoTests.DataStructureTest" name="verifyCodeExecutionforDataStructureIntroductionPage" time="0.000">
    <skipped/>
  </testcase> <!-- verifyCodeExecutionforDataStructureIntroductionPage -->
  <system-out/>
  <testcase classname="dsAlgoTests.DataStructureTest" name="verifyCodeExecutionforDataStructureIntroductionPage" time="0.000">
    <skipped/>
  </testcase> <!-- verifyCodeExecutionforDataStructureIntroductionPage -->
  <system-out/>
  <testcase classname="dsAlgoTests.DataStructureTest" name="verifyCodeExecutionforDataStructureIntroductionPage" time="0.000">
    <skipped/>
  </testcase> <!-- verifyCodeExecutionforDataStructureIntroductionPage -->
  <system-out/>
  <testcase classname="dsAlgoTests.DataStructureTest" name="verifyCodeExecutionforDataStructureIntroductionPage" time="0.000">
    <skipped/>
  </testcase> <!-- verifyCodeExecutionforDataStructureIntroductionPage -->
  <system-out/>
  <testcase classname="dsAlgoTests.DataStructureTest" name="verifyCodeExecutionforDataStructureIntroductionPage" time="0.000">
    <skipped/>
  </testcase> <!-- verifyCodeExecutionforDataStructureIntroductionPage -->
  <system-out/>
  <testcase classname="dsAlgoTests.DataStructureTest" name="verifyCodeExecutionforDataStructureIntroductionPage" time="0.000">
    <skipped/>
  </testcase> <!-- verifyCodeExecutionforDataStructureIntroductionPage -->
  <system-out/>
  <testcase classname="dsAlgoTests.DataStructureTest" name="verifyCodeExecutionforDataStructureIntroductionPage" time="0.000">
    <skipped/>
  </testcase> <!-- verifyCodeExecutionforDataStructureIntroductionPage -->
  <system-out/>
  <testcase classname="dsAlgoTests.DataStructureTest" name="verifyCodeExecutionforDataStructureIntroductionPage" time="0.000">
    <skipped/>
  </testcase> <!-- verifyCodeExecutionforDataStructureIntroductionPage -->
  <system-out/>
  <testcase classname="dsAlgoTests.DataStructureTest" name="verifyCodeExecutionforDataStructureIntroductionPage" time="0.000">
    <skipped/>
  </testcase> <!-- verifyCodeExecutionforDataStructureIntroductionPage -->
  <system-out/>
  <testcase classname="dsAlgoTests.DataStructureTest" name="verifyCodeExecutionforDataStructureIntroductionPage" time="0.000">
    <skipped/>
  </testcase> <!-- verifyCodeExecutionforDataStructureIntroductionPage -->
  <system-out/>
  <testcase classname="dsAlgoTests.DataStructureTest" name="verifyCodeExecutionforDataStructureIntroductionPage" time="0.000">
    <skipped/>
  </testcase> <!-- verifyCodeExecutionforDataStructureIntroductionPage -->
  <system-out/>
  <testcase classname="dsAlgoTests.DataStructureTest" name="verifyCodeExecutionforDataStructureIntroductionPage" time="0.000">
    <skipped/>
  </testcase> <!-- verifyCodeExecutionforDataStructureIntroductionPage -->
  <system-out/>
  <testcase classname="dsAlgoTests.DataStructureTest" name="verifyCodeExecutionforDataStructureIntroductionPage" time="0.000">
    <skipped/>
  </testcase> <!-- verifyCodeExecutionforDataStructureIntroductionPage -->
  <system-out/>
  <testcase classname="dsAlgoTests.DataStructureTest" name="verifyCodeExecutionforDataStructureIntroductionPage" time="0.000">
    <skipped/>
  </testcase> <!-- verifyCodeExecutionforDataStructureIntroductionPage -->
  <system-out/>
  <testcase classname="dsAlgoTests.DataStructureTest" name="verifyCodeExecutionforDataStructureIntroductionPage" time="0.000">
    <skipped/>
  </testcase> <!-- verifyCodeExecutionforDataStructureIntroductionPage -->
  <system-out/>
  <testcase classname="dsAlgoTests.DataStructureTest" name="verifyCodeExecutionforDataStructureIntroductionPage" time="0.633">
    <error message="no such window: target window already closed
from unknown error: web view not found
  (Session info: chrome=132.0.6834.160)
Build info: version: &#039;4.17.0&#039;, revision: &#039;e52b1be057*&#039;
System info: os.name: &#039;Windows 11&#039;, os.arch: &#039;amd64&#039;, os.version: &#039;10.0&#039;, java.version: &#039;23.0.1&#039;
Driver info: org.openqa.selenium.chrome.ChromeDriver
Command: [e6a239b34c1f547b44660f897e272624, findElement {using=xpath, value=//div[contains(@class, &#039;CodeMirror&#039;) and contains(@class, &#039;cm-s-default&#039;)]}]
Capabilities {acceptInsecureCerts: false, browserName: chrome, browserVersion: 132.0.6834.160, chrome: {chromedriverVersion: 132.0.6834.159 (2d77d3fc445..., userDataDir: C:\Users\shaal\AppData\Loca...}, fedcm:accounts: true, goog:chromeOptions: {debuggerAddress: localhost:53768}, networkConnectionEnabled: false, pageLoadStrategy: normal, platformName: windows, proxy: Proxy(), se:cdp: ws://localhost:53768/devtoo..., se:cdpVersion: 132.0.6834.160, setWindowRect: true, strictFileInteractability: false, timeouts: {implicit: 0, pageLoad: 300000, script: 30000}, unhandledPromptBehavior: dismiss and notify, webauthn:extension:credBlob: true, webauthn:extension:largeBlob: true, webauthn:extension:minPinLength: true, webauthn:extension:prf: true, webauthn:virtualAuthenticators: true}
Session ID: e6a239b34c1f547b44660f897e272624" type="org.openqa.selenium.NoSuchWindowException">
      <![CDATA[org.openqa.selenium.NoSuchWindowException: no such window: target window already closed
from unknown error: web view not found
  (Session info: chrome=132.0.6834.160)
Build info: version: '4.17.0', revision: 'e52b1be057*'
System info: os.name: 'Windows 11', os.arch: 'amd64', os.version: '10.0', java.version: '23.0.1'
Driver info: org.openqa.selenium.chrome.ChromeDriver
Command: [e6a239b34c1f547b44660f897e272624, findElement {using=xpath, value=//div[contains(@class, 'CodeMirror') and contains(@class, 'cm-s-default')]}]
Capabilities {acceptInsecureCerts: false, browserName: chrome, browserVersion: 132.0.6834.160, chrome: {chromedriverVersion: 132.0.6834.159 (2d77d3fc445..., userDataDir: C:\Users\shaal\AppData\Loca...}, fedcm:accounts: true, goog:chromeOptions: {debuggerAddress: localhost:53768}, networkConnectionEnabled: false, pageLoadStrategy: normal, platformName: windows, proxy: Proxy(), se:cdp: ws://localhost:53768/devtoo..., se:cdpVersion: 132.0.6834.160, setWindowRect: true, strictFileInteractability: false, timeouts: {implicit: 0, pageLoad: 300000, script: 30000}, unhandledPromptBehavior: dismiss and notify, webauthn:extension:credBlob: true, webauthn:extension:largeBlob: true, webauthn:extension:minPinLength: true, webauthn:extension:prf: true, webauthn:virtualAuthenticators: true}
Session ID: e6a239b34c1f547b44660f897e272624
at java.base/jdk.internal.reflect.DirectConstructorHandleAccessor.newInstance(DirectConstructorHandleAccessor.java:62)
at java.base/java.lang.reflect.Constructor.newInstanceWithCaller(Constructor.java:501)
at java.base/java.lang.reflect.Constructor.newInstance(Constructor.java:485)
at org.openqa.selenium.remote.codec.w3c.W3CHttpResponseCodec.createException(W3CHttpResponseCodec.java:185)
at org.openqa.selenium.remote.codec.w3c.W3CHttpResponseCodec.decode(W3CHttpResponseCodec.java:134)
at org.openqa.selenium.remote.codec.w3c.W3CHttpResponseCodec.decode(W3CHttpResponseCodec.java:51)
at org.openqa.selenium.remote.HttpCommandExecutor.execute(HttpCommandExecutor.java:190)
at org.openqa.selenium.remote.service.DriverCommandExecutor.invokeExecute(DriverCommandExecutor.java:216)
at org.openqa.selenium.remote.service.DriverCommandExecutor.execute(DriverCommandExecutor.java:174)
at org.openqa.selenium.remote.RemoteWebDriver.execute(RemoteWebDriver.java:519)
at org.openqa.selenium.remote.ElementLocation$ElementFinder$2.findElement(ElementLocation.java:165)
at org.openqa.selenium.remote.ElementLocation.findElement(ElementLocation.java:59)
at org.openqa.selenium.remote.RemoteWebDriver.findElement(RemoteWebDriver.java:356)
at org.openqa.selenium.remote.RemoteWebDriver.findElement(RemoteWebDriver.java:350)
at dsAlgoPages.TryEditorPage.enteringCode(TryEditorPage.java:35)
at dsAlgoTests.DataStructureTest.verifyCodeExecutionforDataStructureIntroductionPage(DataStructureTest.java:96)
at java.base/jdk.internal.reflect.DirectMethodHandleAccessor.invoke(DirectMethodHandleAccessor.java:103)
at java.base/java.lang.reflect.Method.invoke(Method.java:580)
at org.testng.internal.MethodInvocationHelper.invokeMethod(MethodInvocationHelper.java:133)
at org.testng.internal.TestInvoker.invokeMethod(TestInvoker.java:598)
at org.testng.internal.TestInvoker.invokeTestMethod(TestInvoker.java:173)
at org.testng.internal.MethodRunner.runInSequence(MethodRunner.java:46)
at org.testng.internal.TestInvoker$MethodInvocationAgent.invoke(TestInvoker.java:824)
at org.testng.internal.TestInvoker.invokeTestMethods(TestInvoker.java:146)
at org.testng.internal.TestMethodWorker.invokeTestMethods(TestMethodWorker.java:146)
at org.testng.internal.TestMethodWorker.run(TestMethodWorker.java:128)
at java.base/java.util.ArrayList.forEach(ArrayList.java:1597)
at org.testng.TestRunner.privateRun(TestRunner.java:794)
at org.testng.TestRunner.run(TestRunner.java:596)
at org.testng.SuiteRunner.runTest(SuiteRunner.java:377)
at org.testng.SuiteRunner.access$000(SuiteRunner.java:28)
at org.testng.SuiteRunner$SuiteWorker.run(SuiteRunner.java:418)
at org.testng.internal.thread.ThreadUtil.lambda$execute$0(ThreadUtil.java:64)
at java.base/java.util.concurrent.FutureTask.run(FutureTask.java:317)
at java.base/java.util.concurrent.ThreadPoolExecutor.runWorker(ThreadPoolExecutor.java:1144)
at java.base/java.util.concurrent.ThreadPoolExecutor$Worker.run(ThreadPoolExecutor.java:642)
at java.base/java.lang.Thread.run(Thread.java:1575)
]]>
    </error>
  </testcase> <!-- verifyCodeExecutionforDataStructureIntroductionPage -->
  <system-out/>
  <testcase classname="dsAlgoTests.DataStructureTest" name="verifyCodeExecutionforDataStructureIntroductionPage" time="0.000">
    <skipped/>
  </testcase> <!-- verifyCodeExecutionforDataStructureIntroductionPage -->
  <system-out/>
  <testcase classname="dsAlgoTests.DataStructureTest" name="verifyCodeExecutionforDataStructureIntroductionPage" time="0.000">
    <skipped/>
  </testcase> <!-- verifyCodeExecutionforDataStructureIntroductionPage -->
  <system-out/>
  <testcase classname="dsAlgoTests.DataStructureTest" name="verifyCodeExecutionforDataStructureIntroductionPage" time="0.000">
    <skipped/>
  </testcase> <!-- verifyCodeExecutionforDataStructureIntroductionPage -->
  <system-out/>
  <testcase classname="dsAlgoTests.DataStructureTest" name="verifyCodeExecutionforDataStructureIntroductionPage" time="0.000">
    <skipped/>
  </testcase> <!-- verifyCodeExecutionforDataStructureIntroductionPage -->
  <system-out/>
  <testcase classname="dsAlgoTests.DataStructureTest" name="verifyCodeExecutionforDataStructureIntroductionPage" time="0.000">
    <skipped/>
  </testcase> <!-- verifyCodeExecutionforDataStructureIntroductionPage -->
  <system-out/>
  <testcase classname="dsAlgoTests.DataStructureTest" name="verifyCodeExecutionforDataStructureIntroductionPage" time="0.000">
    <skipped/>
  </testcase> <!-- verifyCodeExecutionforDataStructureIntroductionPage -->
  <system-out/>
  <testcase classname="dsAlgoTests.DataStructureTest" name="verifyCodeExecutionforDataStructureIntroductionPage" time="0.000">
    <skipped/>
  </testcase> <!-- verifyCodeExecutionforDataStructureIntroductionPage -->
  <system-out/>
  <testcase classname="dsAlgoTests.DataStructureTest" name="verifyCodeExecutionforDataStructureIntroductionPage" time="0.000">
    <skipped/>
  </testcase> <!-- verifyCodeExecutionforDataStructureIntroductionPage -->
  <system-out/>
  <testcase classname="dsAlgoTests.DataStructureTest" name="verifyCodeExecutionforDataStructureIntroductionPage" time="0.000">
    <skipped/>
  </testcase> <!-- verifyCodeExecutionforDataStructureIntroductionPage -->
  <system-out/>
  <testcase classname="dsAlgoTests.DataStructureTest" name="verifyCodeExecutionforDataStructureIntroductionPage" time="0.000">
    <skipped/>
  </testcase> <!-- verifyCodeExecutionforDataStructureIntroductionPage -->
  <system-out/>
  <testcase classname="dsAlgoTests.DataStructureTest" name="verifyCodeExecutionforDataStructureIntroductionPage" time="0.000">
    <skipped/>
  </testcase> <!-- verifyCodeExecutionforDataStructureIntroductionPage -->
  <system-out/>
  <testcase classname="dsAlgoTests.DataStructureTest" name="verifyCodeExecutionforDataStructureIntroductionPage" time="0.000">
    <skipped/>
  </testcase> <!-- verifyCodeExecutionforDataStructureIntroductionPage -->
  <system-out/>
  <testcase classname="dsAlgoTests.DataStructureTest" name="verifyCodeExecutionforDataStructureIntroductionPage" time="1.317"/>
  <system-out/>
  <testcase classname="dsAlgoTests.DataStructureTest" name="verifyCodeExecutionforDataStructureIntroductionPage" time="0.000">
    <skipped/>
  </testcase> <!-- verifyCodeExecutionforDataStructureIntroductionPage -->
  <system-out/>
  <testcase classname="dsAlgoTests.DataStructureTest" name="verifyCodeExecutionforDataStructureIntroductionPage" time="0.000">
    <skipped/>
  </testcase> <!-- verifyCodeExecutionforDataStructureIntroductionPage -->
  <system-out/>
  <testcase classname="dsAlgoTests.DataStructureTest" name="verifyCodeExecutionforDataStructureIntroductionPage" time="0.000">
    <skipped/>
  </testcase> <!-- verifyCodeExecutionforDataStructureIntroductionPage -->
  <system-out/>
  <testcase classname="dsAlgoTests.DataStructureTest" name="verifyCodeExecutionforDataStructureIntroductionPage" time="0.000">
    <skipped/>
  </testcase> <!-- verifyCodeExecutionforDataStructureIntroductionPage -->
  <system-out/>
  <testcase classname="dsAlgoTests.DataStructureTest" name="verifyCodeExecutionforDataStructureIntroductionPage" time="0.000">
    <skipped/>
  </testcase> <!-- verifyCodeExecutionforDataStructureIntroductionPage -->
  <system-out/>
  <testcase classname="dsAlgoTests.DataStructureTest" name="verifyCodeExecutionforDataStructureIntroductionPage" time="0.000">
    <skipped/>
  </testcase> <!-- verifyCodeExecutionforDataStructureIntroductionPage -->
  <system-out/>
  <testcase classname="dsAlgoTests.DataStructureTest" name="verifyCodeExecutionforDataStructureIntroductionPage" time="0.000">
    <skipped/>
  </testcase> <!-- verifyCodeExecutionforDataStructureIntroductionPage -->
  <system-out/>
  <testcase classname="dsAlgoTests.DataStructureTest" name="verifyCodeExecutionforDataStructureIntroductionPage" time="1.073"/>
  <system-out/>
  <testcase classname="dsAlgoTests.DataStructureTest" name="verifyCodeExecutionforDataStructureIntroductionPage" time="0.000">
    <skipped/>
  </testcase> <!-- verifyCodeExecutionforDataStructureIntroductionPage -->
  <system-out/>
  <testcase classname="dsAlgoTests.DataStructureTest" name="verifyCodeExecutionforDataStructureIntroductionPage" time="0.000">
    <skipped/>
  </testcase> <!-- verifyCodeExecutionforDataStructureIntroductionPage -->
  <system-out/>
  <testcase classname="dsAlgoTests.DataStructureTest" name="verifyCodeExecutionforDataStructureIntroductionPage" time="0.000">
    <skipped/>
  </testcase> <!-- verifyCodeExecutionforDataStructureIntroductionPage -->
  <system-out/>
  <testcase classname="dsAlgoTests.DataStructureTest" name="verifyCodeExecutionforDataStructureIntroductionPage" time="0.000">
    <skipped/>
  </testcase> <!-- verifyCodeExecutionforDataStructureIntroductionPage -->
  <system-out/>
  <testcase classname="dsAlgoTests.DataStructureTest" name="verifyCodeExecutionforDataStructureIntroductionPage" time="0.000">
    <skipped/>
  </testcase> <!-- verifyCodeExecutionforDataStructureIntroductionPage -->
  <system-out/>
  <testcase classname="dsAlgoTests.DataStructureTest" name="verifyCodeExecutionforDataStructureIntroductionPage" time="0.000">
    <skipped/>
  </testcase> <!-- verifyCodeExecutionforDataStructureIntroductionPage -->
  <system-out/>
  <testcase classname="dsAlgoTests.DataStructureTest" name="verifyCodeExecutionforDataStructureIntroductionPage" time="1.041"/>
  <system-out/>
  <testcase classname="dsAlgoTests.DataStructureTest" name="verifyCodeExecutionforDataStructureIntroductionPage" time="0.000">
    <skipped/>
  </testcase> <!-- verifyCodeExecutionforDataStructureIntroductionPage -->
  <system-out/>
  <testcase classname="dsAlgoTests.DataStructureTest" name="verifyCodeExecutionforDataStructureIntroductionPage" time="0.000">
    <skipped/>
  </testcase> <!-- verifyCodeExecutionforDataStructureIntroductionPage -->
  <system-out/>
  <testcase classname="dsAlgoTests.DataStructureTest" name="verifyCodeExecutionforDataStructureIntroductionPage" time="0.000">
    <skipped/>
  </testcase> <!-- verifyCodeExecutionforDataStructureIntroductionPage -->
  <system-out/>
  <testcase classname="dsAlgoTests.DataStructureTest" name="verifyCodeExecutionforDataStructureIntroductionPage" time="0.000">
    <skipped/>
  </testcase> <!-- verifyCodeExecutionforDataStructureIntroductionPage -->
  <system-out/>
  <testcase classname="dsAlgoTests.DataStructureTest" name="verifyCodeExecutionforDataStructureIntroductionPage" time="0.000">
    <skipped/>
  </testcase> <!-- verifyCodeExecutionforDataStructureIntroductionPage -->
  <system-out/>
  <testcase classname="dsAlgoTests.DataStructureTest" name="verifyCodeExecutionforDataStructureIntroductionPage" time="0.000">
    <skipped/>
  </testcase> <!-- verifyCodeExecutionforDataStructureIntroductionPage -->
  <system-out/>
  <testcase classname="dsAlgoTests.DataStructureTest" name="verifyCodeExecutionforDataStructureIntroductionPage" time="0.000">
    <skipped/>
  </testcase> <!-- verifyCodeExecutionforDataStructureIntroductionPage -->
  <system-out/>
  <testcase classname="dsAlgoTests.DataStructureTest" name="verifyCodeExecutionforDataStructureIntroductionPage" time="0.000">
    <skipped/>
  </testcase> <!-- verifyCodeExecutionforDataStructureIntroductionPage -->
  <system-out/>
  <testcase classname="dsAlgoTests.DataStructureTest" name="verifyCodeExecutionforDataStructureIntroductionPage" time="0.000">
    <skipped/>
  </testcase> <!-- verifyCodeExecutionforDataStructureIntroductionPage -->
  <system-out/>
  <testcase classname="dsAlgoTests.DataStructureTest" name="verifyCodeExecutionforDataStructureIntroductionPage" time="0.000">
    <skipped/>
  </testcase> <!-- verifyCodeExecutionforDataStructureIntroductionPage -->
  <system-out/>
  <testcase classname="dsAlgoTests.DataStructureTest" name="verifyCodeExecutionforDataStructureIntroductionPage" time="0.000">
    <skipped/>
  </testcase> <!-- verifyCodeExecutionforDataStructureIntroductionPage -->
  <system-out/>
  <testcase classname="dsAlgoTests.DataStructureTest" name="verifyCodeExecutionforDataStructureIntroductionPage" time="0.000">
    <skipped/>
  </testcase> <!-- verifyCodeExecutionforDataStructureIntroductionPage -->
  <system-out/>
  <testcase classname="dsAlgoTests.DataStructureTest" name="verifyCodeExecutionforDataStructureIntroductionPage" time="0.000">
    <skipped/>
  </testcase> <!-- verifyCodeExecutionforDataStructureIntroductionPage -->
  <system-out/>
  <testcase classname="dsAlgoTests.DataStructureTest" name="verifyCodeExecutionforDataStructureIntroductionPage" time="0.000">
    <skipped/>
  </testcase> <!-- verifyCodeExecutionforDataStructureIntroductionPage -->
  <system-out/>
  <testcase classname="dsAlgoTests.DataStructureTest" name="verifyCodeExecutionforDataStructureIntroductionPage" time="0.000">
    <skipped/>
  </testcase> <!-- verifyCodeExecutionforDataStructureIntroductionPage -->
  <system-out/>
  <testcase classname="dsAlgoTests.DataStructureTest" name="verifyCodeExecutionforDataStructureIntroductionPage" time="0.000">
    <skipped/>
  </testcase> <!-- verifyCodeExecutionforDataStructureIntroductionPage -->
  <system-out/>
  <testcase classname="dsAlgoTests.DataStructureTest" name="verifyCodeExecutionforDataStructureIntroductionPage" time="0.000">
    <skipped/>
  </testcase> <!-- verifyCodeExecutionforDataStructureIntroductionPage -->
  <system-out/>
  <testcase classname="dsAlgoTests.DataStructureTest" name="verifyCodeExecutionforDataStructureIntroductionPage" time="0.000">
    <skipped/>
  </testcase> <!-- verifyCodeExecutionforDataStructureIntroductionPage -->
  <system-out/>
  <testcase classname="dsAlgoTests.DataStructureTest" name="verifyCodeExecutionforDataStructureIntroductionPage" time="0.000">
    <skipped/>
  </testcase> <!-- verifyCodeExecutionforDataStructureIntroductionPage -->
  <system-out/>
  <testcase classname="dsAlgoTests.DataStructureTest" name="verifyCodeExecutionforDataStructureIntroductionPage" time="0.000">
    <skipped/>
  </testcase> <!-- verifyCodeExecutionforDataStructureIntroductionPage -->
  <system-out/>
  <testcase classname="dsAlgoTests.DataStructureTest" name="verifyCodeExecutionforDataStructureIntroductionPage" time="0.000">
    <skipped/>
  </testcase> <!-- verifyCodeExecutionforDataStructureIntroductionPage -->
  <system-out/>
  <testcase classname="dsAlgoTests.DataStructureTest" name="verifyCodeExecutionforDataStructureIntroductionPage" time="0.000">
    <skipped/>
  </testcase> <!-- verifyCodeExecutionforDataStructureIntroductionPage -->
  <system-out/>
  <testcase classname="dsAlgoTests.DataStructureTest" name="verifyCodeExecutionforDataStructureIntroductionPage" time="1.056"/>
  <system-out/>
  <testcase classname="dsAlgoTests.DataStructureTest" name="verifyCodeExecutionforDataStructureIntroductionPage" time="1.062"/>
  <system-out/>
  <testcase classname="dsAlgoTests.DataStructureTest" name="verifyCodeExecutionforDataStructureIntroductionPage" time="0.000">
    <skipped/>
  </testcase> <!-- verifyCodeExecutionforDataStructureIntroductionPage -->
  <system-out/>
  <testcase classname="dsAlgoTests.DataStructureTest" name="verifyCodeExecutionforDataStructureIntroductionPage" time="0.000">
    <skipped/>
  </testcase> <!-- verifyCodeExecutionforDataStructureIntroductionPage -->
  <system-out/>
  <testcase classname="dsAlgoTests.DataStructureTest" name="verifyCodeExecutionforDataStructureIntroductionPage" time="0.000">
    <skipped/>
  </testcase> <!-- verifyCodeExecutionforDataStructureIntroductionPage -->
  <system-out/>
  <testcase classname="dsAlgoTests.DataStructureTest" name="verifyCodeExecutionforDataStructureIntroductionPage" time="0.000">
    <skipped/>
  </testcase> <!-- verifyCodeExecutionforDataStructureIntroductionPage -->
  <system-out/>
  <testcase classname="dsAlgoTests.DataStructureTest" name="verifyCodeExecutionforDataStructureIntroductionPage" time="0.000">
    <skipped/>
  </testcase> <!-- verifyCodeExecutionforDataStructureIntroductionPage -->
  <system-out/>
  <testcase classname="dsAlgoTests.DataStructureTest" name="verifyCodeExecutionforDataStructureIntroductionPage" time="1.041"/>
  <system-out/>
  <testcase classname="dsAlgoTests.DataStructureTest" name="verifyCodeExecutionforDataStructureIntroductionPage" time="0.000">
    <skipped/>
  </testcase> <!-- verifyCodeExecutionforDataStructureIntroductionPage -->
  <system-out/>
  <testcase classname="dsAlgoTests.DataStructureTest" name="verifyCodeExecutionforDataStructureIntroductionPage" time="0.000">
    <skipped/>
  </testcase> <!-- verifyCodeExecutionforDataStructureIntroductionPage -->
  <system-out/>
  <testcase classname="dsAlgoTests.DataStructureTest" name="verifyCodeExecutionforDataStructureIntroductionPage" time="0.000">
    <skipped/>
  </testcase> <!-- verifyCodeExecutionforDataStructureIntroductionPage -->
  <system-out/>
  <testcase classname="dsAlgoTests.DataStructureTest" name="verifyCodeExecutionforDataStructureIntroductionPage" time="0.000">
    <skipped/>
  </testcase> <!-- verifyCodeExecutionforDataStructureIntroductionPage -->
  <system-out/>
  <testcase classname="dsAlgoTests.DataStructureTest" name="verifyCodeExecutionforDataStructureIntroductionPage" time="0.000">
    <skipped/>
  </testcase> <!-- verifyCodeExecutionforDataStructureIntroductionPage -->
  <system-out/>
  <testcase classname="dsAlgoTests.DataStructureTest" name="verifyCodeExecutionforDataStructureIntroductionPage" time="0.000">
    <skipped/>
  </testcase> <!-- verifyCodeExecutionforDataStructureIntroductionPage -->
  <system-out/>
  <testcase classname="dsAlgoTests.DataStructureTest" name="verifyCodeExecutionforDataStructureIntroductionPage" time="0.000">
    <skipped/>
  </testcase> <!-- verifyCodeExecutionforDataStructureIntroductionPage -->
  <system-out/>
  <testcase classname="dsAlgoTests.DataStructureTest" name="verifyCodeExecutionforDataStructureIntroductionPage" time="0.000">
    <skipped/>
  </testcase> <!-- verifyCodeExecutionforDataStructureIntroductionPage -->
  <system-out/>
  <testcase classname="dsAlgoTests.DataStructureTest" name="verifyCodeExecutionforDataStructureIntroductionPage" time="0.000">
    <skipped/>
  </testcase> <!-- verifyCodeExecutionforDataStructureIntroductionPage -->
  <system-out/>
  <testcase classname="dsAlgoTests.DataStructureTest" name="verifyCodeExecutionforDataStructureIntroductionPage" time="0.000">
    <skipped/>
  </testcase> <!-- verifyCodeExecutionforDataStructureIntroductionPage -->
  <system-out/>
  <testcase classname="dsAlgoTests.DataStructureTest" name="verifyCodeExecutionforDataStructureIntroductionPage" time="1.068"/>
  <system-out/>
  <testcase classname="dsAlgoTests.DataStructureTest" name="verifyCodeExecutionforDataStructureIntroductionPage" time="0.000">
    <skipped/>
  </testcase> <!-- verifyCodeExecutionforDataStructureIntroductionPage -->
  <system-out/>
  <testcase classname="dsAlgoTests.DataStructureTest" name="verifyCodeExecutionforDataStructureIntroductionPage" time="0.000">
    <skipped/>
  </testcase> <!-- verifyCodeExecutionforDataStructureIntroductionPage -->
  <system-out/>
  <testcase classname="dsAlgoTests.DataStructureTest" name="verifyCodeExecutionforDataStructureIntroductionPage" time="0.000">
    <skipped/>
  </testcase> <!-- verifyCodeExecutionforDataStructureIntroductionPage -->
  <system-out/>
  <testcase classname="dsAlgoTests.DataStructureTest" name="verifyCodeExecutionforDataStructureIntroductionPage" time="0.000">
    <skipped/>
  </testcase> <!-- verifyCodeExecutionforDataStructureIntroductionPage -->
  <system-out/>
  <testcase classname="dsAlgoTests.DataStructureTest" name="verifyCodeExecutionforDataStructureIntroductionPage" time="0.000">
    <skipped/>
  </testcase> <!-- verifyCodeExecutionforDataStructureIntroductionPage -->
  <system-out/>
  <testcase classname="dsAlgoTests.DataStructureTest" name="verifyCodeExecutionforDataStructureIntroductionPage" time="0.000">
    <skipped/>
  </testcase> <!-- verifyCodeExecutionforDataStructureIntroductionPage -->
  <system-out/>
  <testcase classname="dsAlgoTests.DataStructureTest" name="verifyCodeExecutionforDataStructureIntroductionPage" time="0.000">
    <skipped/>
  </testcase> <!-- verifyCodeExecutionforDataStructureIntroductionPage -->
  <system-out/>
  <testcase classname="dsAlgoTests.DataStructureTest" name="verifyCodeExecutionforDataStructureIntroductionPage" time="0.000">
    <skipped/>
  </testcase> <!-- verifyCodeExecutionforDataStructureIntroductionPage -->
  <system-out/>
  <testcase classname="dsAlgoTests.DataStructureTest" name="verifyCodeExecutionforDataStructureIntroductionPage" time="0.000">
    <skipped/>
  </testcase> <!-- verifyCodeExecutionforDataStructureIntroductionPage -->
  <system-out/>
  <testcase classname="dsAlgoTests.DataStructureTest" name="verifyCodeExecutionforDataStructureIntroductionPage" time="0.000">
    <skipped/>
  </testcase> <!-- verifyCodeExecutionforDataStructureIntroductionPage -->
  <system-out/>
  <testcase classname="dsAlgoTests.DataStructureTest" name="verifyCodeExecutionforDataStructureIntroductionPage" time="0.000">
    <skipped/>
  </testcase> <!-- verifyCodeExecutionforDataStructureIntroductionPage -->
  <system-out/>
  <testcase classname="dsAlgoTests.DataStructureTest" name="verifyCodeExecutionforDataStructureIntroductionPage" time="0.000">
    <skipped/>
  </testcase> <!-- verifyCodeExecutionforDataStructureIntroductionPage -->
  <system-out/>
  <testcase classname="dsAlgoTests.DataStructureTest" name="verifyCodeExecutionforDataStructureIntroductionPage" time="0.000">
    <skipped/>
  </testcase> <!-- verifyCodeExecutionforDataStructureIntroductionPage -->
  <system-out/>
  <testcase classname="dsAlgoTests.DataStructureTest" name="verifyCodeExecutionforDataStructureIntroductionPage" time="0.000">
    <skipped/>
  </testcase> <!-- verifyCodeExecutionforDataStructureIntroductionPage -->
  <system-out/>
  <testcase classname="dsAlgoTests.DataStructureTest" name="verifyCodeExecutionforDataStructureIntroductionPage" time="0.000">
    <skipped/>
  </testcase> <!-- verifyCodeExecutionforDataStructureIntroductionPage -->
  <system-out/>
  <testcase classname="dsAlgoTests.DataStructureTest" name="verifyCodeExecutionforDataStructureIntroductionPage" time="0.000">
    <skipped/>
  </testcase> <!-- verifyCodeExecutionforDataStructureIntroductionPage -->
  <system-out/>
  <testcase classname="dsAlgoTests.DataStructureTest" name="verifyCodeExecutionforDataStructureIntroductionPage" time="0.000">
    <skipped/>
  </testcase> <!-- verifyCodeExecutionforDataStructureIntroductionPage -->
  <system-out/>
  <testcase classname="dsAlgoTests.DataStructureTest" name="verifyCodeExecutionforDataStructureIntroductionPage" time="0.000">
    <skipped/>
  </testcase> <!-- verifyCodeExecutionforDataStructureIntroductionPage -->
  <system-out/>
  <testcase classname="dsAlgoTests.DataStructureTest" name="verifyCodeExecutionforDataStructureIntroductionPage" time="0.000">
    <skipped/>
  </testcase> <!-- verifyCodeExecutionforDataStructureIntroductionPage -->
  <system-out/>
  <testcase classname="dsAlgoTests.DataStructureTest" name="verifyCodeExecutionforDataStructureIntroductionPage" time="0.000">
    <skipped/>
  </testcase> <!-- verifyCodeExecutionforDataStructureIntroductionPage -->
  <system-out/>
  <testcase classname="dsAlgoTests.DataStructureTest" name="verifyCodeExecutionforDataStructureIntroductionPage" time="0.000">
    <skipped/>
  </testcase> <!-- verifyCodeExecutionforDataStructureIntroductionPage -->
  <system-out/>
  <testcase classname="dsAlgoTests.DataStructureTest" name="verifyCodeExecutionforDataStructureIntroductionPage" time="0.000">
    <skipped/>
  </testcase> <!-- verifyCodeExecutionforDataStructureIntroductionPage -->
  <system-out/>
  <testcase classname="dsAlgoTests.DataStructureTest" name="verifyCodeExecutionforDataStructureIntroductionPage" time="0.000">
    <skipped/>
  </testcase> <!-- verifyCodeExecutionforDataStructureIntroductionPage -->
  <system-out/>
  <testcase classname="dsAlgoTests.DataStructureTest" name="verifyCodeExecutionforDataStructureIntroductionPage" time="0.000">
    <skipped/>
  </testcase> <!-- verifyCodeExecutionforDataStructureIntroductionPage -->
  <system-out/>
  <testcase classname="dsAlgoTests.DataStructureTest" name="verifyCodeExecutionforDataStructureIntroductionPage" time="0.000">
    <skipped/>
  </testcase> <!-- verifyCodeExecutionforDataStructureIntroductionPage -->
  <system-out/>
  <testcase classname="dsAlgoTests.DataStructureTest" name="verifyCodeExecutionforDataStructureIntroductionPage" time="0.000">
    <skipped/>
  </testcase> <!-- verifyCodeExecutionforDataStructureIntroductionPage -->
  <system-out/>
  <testcase classname="dsAlgoTests.DataStructureTest" name="verifyCodeExecutionforDataStructureIntroductionPage" time="0.000">
    <skipped/>
  </testcase> <!-- verifyCodeExecutionforDataStructureIntroductionPage -->
  <system-out/>
  <testcase classname="dsAlgoTests.DataStructureTest" name="verifyCodeExecutionforDataStructureIntroductionPage" time="0.000">
    <skipped/>
  </testcase> <!-- verifyCodeExecutionforDataStructureIntroductionPage -->
  <system-out/>
  <testcase classname="dsAlgoTests.DataStructureTest" name="verifyCodeExecutionforDataStructureIntroductionPage" time="0.000">
    <skipped/>
  </testcase> <!-- verifyCodeExecutionforDataStructureIntroductionPage -->
  <system-out/>
  <testcase classname="dsAlgoTests.DataStructureTest" name="verifyCodeExecutionforDataStructureIntroductionPage" time="0.000">
    <skipped/>
  </testcase> <!-- verifyCodeExecutionforDataStructureIntroductionPage -->
  <system-out/>
  <testcase classname="dsAlgoTests.DataStructureTest" name="verifyCodeExecutionforDataStructureIntroductionPage" time="0.000">
    <skipped/>
  </testcase> <!-- verifyCodeExecutionforDataStructureIntroductionPage -->
  <system-out/>
  <testcase classname="dsAlgoTests.DataStructureTest" name="verifyCodeExecutionforDataStructureIntroductionPage" time="0.000">
    <skipped/>
  </testcase> <!-- verifyCodeExecutionforDataStructureIntroductionPage -->
  <system-out/>
  <testcase classname="dsAlgoTests.DataStructureTest" name="verifyCodeExecutionforDataStructureIntroductionPage" time="0.000">
    <skipped/>
  </testcase> <!-- verifyCodeExecutionforDataStructureIntroductionPage -->
  <system-out/>
  <testcase classname="dsAlgoTests.DataStructureTest" name="verifyCodeExecutionforDataStructureIntroductionPage" time="0.000">
    <skipped/>
  </testcase> <!-- verifyCodeExecutionforDataStructureIntroductionPage -->
  <system-out/>
  <testcase classname="dsAlgoTests.DataStructureTest" name="verifyCodeExecutionforDataStructureIntroductionPage" time="0.000">
    <skipped/>
  </testcase> <!-- verifyCodeExecutionforDataStructureIntroductionPage -->
  <system-out/>
  <testcase classname="dsAlgoTests.DataStructureTest" name="verifyCodeExecutionforDataStructureIntroductionPage" time="0.000">
    <skipped/>
  </testcase> <!-- verifyCodeExecutionforDataStructureIntroductionPage -->
  <system-out/>
  <testcase classname="dsAlgoTests.DataStructureTest" name="verifyCodeExecutionforDataStructureIntroductionPage" time="0.000">
    <skipped/>
  </testcase> <!-- verifyCodeExecutionforDataStructureIntroductionPage -->
  <system-out/>
  <testcase classname="dsAlgoTests.DataStructureTest" name="verifyCodeExecutionforDataStructureIntroductionPage" time="0.000">
    <skipped/>
  </testcase> <!-- verifyCodeExecutionforDataStructureIntroductionPage -->
  <system-out/>
  <testcase classname="dsAlgoTests.DataStructureTest" name="verifyCodeExecutionforDataStructureIntroductionPage" time="0.000">
    <skipped/>
  </testcase> <!-- verifyCodeExecutionforDataStructureIntroductionPage -->
  <system-out/>
  <testcase classname="dsAlgoTests.DataStructureTest" name="verifyCodeExecutionforDataStructureIntroductionPage" time="0.000">
    <skipped/>
  </testcase> <!-- verifyCodeExecutionforDataStructureIntroductionPage -->
  <system-out/>
  <testcase classname="dsAlgoTests.DataStructureTest" name="verifyCodeExecutionforDataStructureIntroductionPage" time="0.000">
    <skipped/>
  </testcase> <!-- verifyCodeExecutionforDataStructureIntroductionPage -->
  <system-out/>
  <testcase classname="dsAlgoTests.DataStructureTest" name="verifyCodeExecutionforDataStructureIntroductionPage" time="0.000">
    <skipped/>
  </testcase> <!-- verifyCodeExecutionforDataStructureIntroductionPage -->
  <system-out/>
  <testcase classname="dsAlgoTests.DataStructureTest" name="verifyCodeExecutionforDataStructureIntroductionPage" time="1.034"/>
  <system-out/>
  <testcase classname="dsAlgoTests.DataStructureTest" name="verifyCodeExecutionforDataStructureIntroductionPage" time="0.000">
    <skipped/>
  </testcase> <!-- verifyCodeExecutionforDataStructureIntroductionPage -->
  <system-out/>
  <testcase classname="dsAlgoTests.DataStructureTest" name="verifyCodeExecutionforDataStructureIntroductionPage" time="0.000">
    <skipped/>
  </testcase> <!-- verifyCodeExecutionforDataStructureIntroductionPage -->
  <system-out/>
  <testcase classname="dsAlgoTests.DataStructureTest" name="verifyCodeExecutionforDataStructureIntroductionPage" time="0.000">
    <skipped/>
  </testcase> <!-- verifyCodeExecutionforDataStructureIntroductionPage -->
  <system-out/>
  <testcase classname="dsAlgoTests.DataStructureTest" name="verifyCodeExecutionforDataStructureIntroductionPage" time="0.000">
    <skipped/>
  </testcase> <!-- verifyCodeExecutionforDataStructureIntroductionPage -->
  <system-out/>
  <testcase classname="dsAlgoTests.DataStructureTest" name="verifyCodeExecutionforDataStructureIntroductionPage" time="0.000">
    <skipped/>
  </testcase> <!-- verifyCodeExecutionforDataStructureIntroductionPage -->
  <system-out/>
  <testcase classname="dsAlgoTests.DataStructureTest" name="verifyCodeExecutionforDataStructureIntroductionPage" time="0.000">
    <skipped/>
  </testcase> <!-- verifyCodeExecutionforDataStructureIntroductionPage -->
  <system-out/>
  <testcase classname="dsAlgoTests.DataStructureTest" name="verifyCodeExecutionforDataStructureIntroductionPage" time="0.000">
    <skipped/>
  </testcase> <!-- verifyCodeExecutionforDataStructureIntroductionPage -->
  <system-out/>
  <testcase classname="dsAlgoTests.DataStructureTest" name="verifyCodeExecutionforDataStructureIntroductionPage" time="0.000">
    <skipped/>
  </testcase> <!-- verifyCodeExecutionforDataStructureIntroductionPage -->
  <system-out/>
  <testcase classname="dsAlgoTests.DataStructureTest" name="verifyCodeExecutionforDataStructureIntroductionPage" time="0.000">
    <skipped/>
  </testcase> <!-- verifyCodeExecutionforDataStructureIntroductionPage -->
  <system-out/>
  <testcase classname="dsAlgoTests.DataStructureTest" name="verifyCodeExecutionforDataStructureIntroductionPage" time="0.000">
    <skipped/>
  </testcase> <!-- verifyCodeExecutionforDataStructureIntroductionPage -->
  <system-out/>
  <testcase classname="dsAlgoTests.DataStructureTest" name="verifyCodeExecutionforDataStructureIntroductionPage" time="1.049"/>
  <system-out/>
  <testcase classname="dsAlgoTests.DataStructureTest" name="verifyCodeExecutionforDataStructureIntroductionPage" time="0.000">
    <skipped/>
  </testcase> <!-- verifyCodeExecutionforDataStructureIntroductionPage -->
  <system-out/>
  <testcase classname="dsAlgoTests.DataStructureTest" name="verifyCodeExecutionforDataStructureIntroductionPage" time="0.000">
    <skipped/>
  </testcase> <!-- verifyCodeExecutionforDataStructureIntroductionPage -->
  <system-out/>
  <testcase classname="dsAlgoTests.DataStructureTest" name="verifyCodeExecutionforDataStructureIntroductionPage" time="0.000">
    <skipped/>
  </testcase> <!-- verifyCodeExecutionforDataStructureIntroductionPage -->
  <system-out/>
  <testcase classname="dsAlgoTests.DataStructureTest" name="verifyCodeExecutionforDataStructureIntroductionPage" time="0.000">
    <skipped/>
  </testcase> <!-- verifyCodeExecutionforDataStructureIntroductionPage -->
  <system-out/>
  <testcase classname="dsAlgoTests.DataStructureTest" name="verifyCodeExecutionforDataStructureIntroductionPage" time="0.000">
    <skipped/>
  </testcase> <!-- verifyCodeExecutionforDataStructureIntroductionPage -->
  <system-out/>
  <testcase classname="dsAlgoTests.DataStructureTest" name="verifyCodeExecutionforDataStructureIntroductionPage" time="0.000">
    <skipped/>
  </testcase> <!-- verifyCodeExecutionforDataStructureIntroductionPage -->
  <system-out/>
  <testcase classname="dsAlgoTests.DataStructureTest" name="verifyCodeExecutionforDataStructureIntroductionPage" time="0.000">
    <skipped/>
  </testcase> <!-- verifyCodeExecutionforDataStructureIntroductionPage -->
  <system-out/>
  <testcase classname="dsAlgoTests.DataStructureTest" name="verifyCodeExecutionforDataStructureIntroductionPage" time="0.000">
    <skipped/>
  </testcase> <!-- verifyCodeExecutionforDataStructureIntroductionPage -->
  <system-out/>
  <testcase classname="dsAlgoTests.DataStructureTest" name="verifyCodeExecutionforDataStructureIntroductionPage" time="0.000">
    <skipped/>
  </testcase> <!-- verifyCodeExecutionforDataStructureIntroductionPage -->
  <system-out/>
  <testcase classname="dsAlgoTests.DataStructureTest" name="verifyCodeExecutionforDataStructureIntroductionPage" time="0.000">
    <skipped/>
  </testcase> <!-- verifyCodeExecutionforDataStructureIntroductionPage -->
  <system-out/>
  <testcase classname="dsAlgoTests.DataStructureTest" name="verifyCodeExecutionforDataStructureIntroductionPage" time="0.000">
    <skipped/>
  </testcase> <!-- verifyCodeExecutionforDataStructureIntroductionPage -->
  <system-out/>
  <testcase classname="dsAlgoTests.DataStructureTest" name="verifyCodeExecutionforDataStructureIntroductionPage" time="0.000">
    <skipped/>
  </testcase> <!-- verifyCodeExecutionforDataStructureIntroductionPage -->
  <system-out/>
  <testcase classname="dsAlgoTests.DataStructureTest" name="verifyCodeExecutionforDataStructureIntroductionPage" time="1.036"/>
  <system-out/>
  <testcase classname="dsAlgoTests.DataStructureTest" name="verifyCodeExecutionforDataStructureIntroductionPage" time="0.000">
    <skipped/>
  </testcase> <!-- verifyCodeExecutionforDataStructureIntroductionPage -->
  <system-out/>
  <testcase classname="dsAlgoTests.DataStructureTest" name="verifyCodeExecutionforDataStructureIntroductionPage" time="0.000">
    <skipped/>
  </testcase> <!-- verifyCodeExecutionforDataStructureIntroductionPage -->
  <system-out/>
  <testcase classname="dsAlgoTests.DataStructureTest" name="verifyCodeExecutionforDataStructureIntroductionPage" time="0.000">
    <skipped/>
  </testcase> <!-- verifyCodeExecutionforDataStructureIntroductionPage -->
  <system-out/>
  <testcase classname="dsAlgoTests.DataStructureTest" name="verifyCodeExecutionforDataStructureIntroductionPage" time="0.000">
    <skipped/>
  </testcase> <!-- verifyCodeExecutionforDataStructureIntroductionPage -->
  <system-out/>
  <testcase classname="dsAlgoTests.DataStructureTest" name="verifyCodeExecutionforDataStructureIntroductionPage" time="0.000">
    <skipped/>
  </testcase> <!-- verifyCodeExecutionforDataStructureIntroductionPage -->
  <system-out/>
  <testcase classname="dsAlgoTests.DataStructureTest" name="verifyCodeExecutionforDataStructureIntroductionPage" time="0.000">
    <skipped/>
  </testcase> <!-- verifyCodeExecutionforDataStructureIntroductionPage -->
  <system-out/>
  <testcase classname="dsAlgoTests.DataStructureTest" name="verifyCodeExecutionforDataStructureIntroductionPage" time="0.000">
    <skipped/>
  </testcase> <!-- verifyCodeExecutionforDataStructureIntroductionPage -->
  <system-out/>
  <testcase classname="dsAlgoTests.DataStructureTest" name="verifyCodeExecutionforDataStructureIntroductionPage" time="0.000">
    <skipped/>
  </testcase> <!-- verifyCodeExecutionforDataStructureIntroductionPage -->
  <system-out/>
  <testcase classname="dsAlgoTests.DataStructureTest" name="verifyCodeExecutionforDataStructureIntroductionPage" time="0.000">
    <skipped/>
  </testcase> <!-- verifyCodeExecutionforDataStructureIntroductionPage -->
  <system-out/>
  <testcase classname="dsAlgoTests.DataStructureTest" name="verifyCodeExecutionforDataStructureIntroductionPage" time="0.000">
    <skipped/>
  </testcase> <!-- verifyCodeExecutionforDataStructureIntroductionPage -->
  <system-out/>
  <testcase classname="dsAlgoTests.DataStructureTest" name="verifyCodeExecutionforDataStructureIntroductionPage" time="0.000">
    <skipped/>
  </testcase> <!-- verifyCodeExecutionforDataStructureIntroductionPage -->
  <system-out/>
  <testcase classname="dsAlgoTests.DataStructureTest" name="verifyCodeExecutionforDataStructureIntroductionPage" time="0.000">
    <skipped/>
  </testcase> <!-- verifyCodeExecutionforDataStructureIntroductionPage -->
  <system-out/>
  <testcase classname="dsAlgoTests.DataStructureTest" name="verifyCodeExecutionforDataStructureIntroductionPage" time="0.000">
    <skipped/>
  </testcase> <!-- verifyCodeExecutionforDataStructureIntroductionPage -->
  <system-out/>
  <testcase classname="dsAlgoTests.DataStructureTest" name="verifyCodeExecutionforDataStructureIntroductionPage" time="0.000">
    <skipped/>
  </testcase> <!-- verifyCodeExecutionforDataStructureIntroductionPage -->
  <system-out/>
  <testcase classname="dsAlgoTests.DataStructureTest" name="verifyCodeExecutionforDataStructureIntroductionPage" time="1.141"/>
  <system-out/>
  <testcase classname="dsAlgoTests.DataStructureTest" name="verifyCodeExecutionforDataStructureIntroductionPage" time="0.000">
    <skipped/>
  </testcase> <!-- verifyCodeExecutionforDataStructureIntroductionPage -->
  <system-out/>
  <testcase classname="dsAlgoTests.DataStructureTest" name="verifyCodeExecutionforDataStructureIntroductionPage" time="0.000">
    <skipped/>
  </testcase> <!-- verifyCodeExecutionforDataStructureIntroductionPage -->
  <system-out/>
  <testcase classname="dsAlgoTests.DataStructureTest" name="verifyCodeExecutionforDataStructureIntroductionPage" time="0.000">
    <skipped/>
  </testcase> <!-- verifyCodeExecutionforDataStructureIntroductionPage -->
  <system-out/>
  <testcase classname="dsAlgoTests.DataStructureTest" name="verifyCodeExecutionforDataStructureIntroductionPage" time="0.000">
    <skipped/>
  </testcase> <!-- verifyCodeExecutionforDataStructureIntroductionPage -->
  <system-out/>
  <testcase classname="dsAlgoTests.DataStructureTest" name="verifyCodeExecutionforDataStructureIntroductionPage" time="0.000">
    <skipped/>
  </testcase> <!-- verifyCodeExecutionforDataStructureIntroductionPage -->
  <system-out/>
  <testcase classname="dsAlgoTests.DataStructureTest" name="verifyCodeExecutionforDataStructureIntroductionPage" time="0.000">
    <skipped/>
  </testcase> <!-- verifyCodeExecutionforDataStructureIntroductionPage -->
  <system-out/>
  <testcase classname="dsAlgoTests.DataStructureTest" name="verifyCodeExecutionforDataStructureIntroductionPage" time="0.000">
    <skipped/>
  </testcase> <!-- verifyCodeExecutionforDataStructureIntroductionPage -->
  <system-out/>
  <testcase classname="dsAlgoTests.DataStructureTest" name="verifyCodeExecutionforDataStructureIntroductionPage" time="0.000">
    <skipped/>
  </testcase> <!-- verifyCodeExecutionforDataStructureIntroductionPage -->
  <system-out/>
  <testcase classname="dsAlgoTests.DataStructureTest" name="verifyCodeExecutionforDataStructureIntroductionPage" time="0.000">
    <skipped/>
  </testcase> <!-- verifyCodeExecutionforDataStructureIntroductionPage -->
  <system-out/>
  <testcase classname="dsAlgoTests.DataStructureTest" name="verifyCodeExecutionforDataStructureIntroductionPage" time="0.000">
    <skipped/>
  </testcase> <!-- verifyCodeExecutionforDataStructureIntroductionPage -->
  <system-out/>
  <testcase classname="dsAlgoTests.DataStructureTest" name="verifyCodeExecutionforDataStructureIntroductionPage" time="0.000">
    <skipped/>
  </testcase> <!-- verifyCodeExecutionforDataStructureIntroductionPage -->
  <system-out/>
  <testcase classname="dsAlgoTests.DataStructureTest" name="verifyCodeExecutionforDataStructureIntroductionPage" time="0.000">
    <skipped/>
  </testcase> <!-- verifyCodeExecutionforDataStructureIntroductionPage -->
  <system-out/>
  <testcase classname="dsAlgoTests.DataStructureTest" name="verifyCodeExecutionforDataStructureIntroductionPage" time="0.000">
    <skipped/>
  </testcase> <!-- verifyCodeExecutionforDataStructureIntroductionPage -->
  <system-out/>
  <testcase classname="dsAlgoTests.DataStructureTest" name="verifyCodeExecutionforDataStructureIntroductionPage" time="0.000">
    <skipped/>
  </testcase> <!-- verifyCodeExecutionforDataStructureIntroductionPage -->
  <system-out/>
  <testcase classname="dsAlgoTests.DataStructureTest" name="verifyCodeExecutionforDataStructureIntroductionPage" time="0.000">
    <skipped/>
  </testcase> <!-- verifyCodeExecutionforDataStructureIntroductionPage -->
  <system-out/>
  <testcase classname="dsAlgoTests.DataStructureTest" name="verifyCodeExecutionforDataStructureIntroductionPage" time="0.000">
    <skipped/>
  </testcase> <!-- verifyCodeExecutionforDataStructureIntroductionPage -->
  <system-out/>
  <testcase classname="dsAlgoTests.DataStructureTest" name="verifyCodeExecutionforDataStructureIntroductionPage" time="0.000">
    <skipped/>
  </testcase> <!-- verifyCodeExecutionforDataStructureIntroductionPage -->
  <system-out/>
  <testcase classname="dsAlgoTests.DataStructureTest" name="verifyCodeExecutionforDataStructureIntroductionPage" time="0.000">
    <skipped/>
  </testcase> <!-- verifyCodeExecutionforDataStructureIntroductionPage -->
  <system-out/>
  <testcase classname="dsAlgoTests.DataStructureTest" name="verifyCodeExecutionforDataStructureIntroductionPage" time="0.000">
    <skipped/>
  </testcase> <!-- verifyCodeExecutionforDataStructureIntroductionPage -->
  <system-out/>
  <testcase classname="dsAlgoTests.DataStructureTest" name="verifyCodeExecutionforDataStructureIntroductionPage" time="0.000">
    <skipped/>
  </testcase> <!-- verifyCodeExecutionforDataStructureIntroductionPage -->
  <system-out/>
  <testcase classname="dsAlgoTests.DataStructureTest" name="verifyCodeExecutionforDataStructureIntroductionPage" time="0.000">
    <skipped/>
  </testcase> <!-- verifyCodeExecutionforDataStructureIntroductionPage -->
  <system-out/>
  <testcase classname="dsAlgoTests.DataStructureTest" name="verifyCodeExecutionforDataStructureIntroductionPage" time="0.000">
    <skipped/>
  </testcase> <!-- verifyCodeExecutionforDataStructureIntroductionPage -->
  <system-out/>
  <testcase classname="dsAlgoTests.DataStructureTest" name="verifyCodeExecutionforDataStructureIntroductionPage" time="0.000">
    <skipped/>
  </testcase> <!-- verifyCodeExecutionforDataStructureIntroductionPage -->
  <system-out/>
  <testcase classname="dsAlgoTests.DataStructureTest" name="verifyCodeExecutionforDataStructureIntroductionPage" time="0.000">
    <skipped/>
  </testcase> <!-- verifyCodeExecutionforDataStructureIntroductionPage -->
  <system-out/>
  <testcase classname="dsAlgoTests.DataStructureTest" name="verifyCodeExecutionforDataStructureIntroductionPage" time="0.000">
    <skipped/>
  </testcase> <!-- verifyCodeExecutionforDataStructureIntroductionPage -->
  <system-out/>
  <testcase classname="dsAlgoTests.DataStructureTest" name="verifyCodeExecutionforDataStructureIntroductionPage" time="0.000">
    <skipped/>
  </testcase> <!-- verifyCodeExecutionforDataStructureIntroductionPage -->
  <system-out/>
  <testcase classname="dsAlgoTests.DataStructureTest" name="verifyCodeExecutionforDataStructureIntroductionPage" time="0.000">
    <skipped/>
  </testcase> <!-- verifyCodeExecutionforDataStructureIntroductionPage -->
  <system-out/>
  <testcase classname="dsAlgoTests.DataStructureTest" name="verifyCodeExecutionforDataStructureIntroductionPage" time="0.000">
    <skipped/>
  </testcase> <!-- verifyCodeExecutionforDataStructureIntroductionPage -->
  <system-out/>
  <testcase classname="dsAlgoTests.DataStructureTest" name="verifyCodeExecutionforDataStructureIntroductionPage" time="0.000">
    <skipped/>
  </testcase> <!-- verifyCodeExecutionforDataStructureIntroductionPage -->
  <system-out/>
  <testcase classname="dsAlgoTests.DataStructureTest" name="verifyCodeExecutionforDataStructureIntroductionPage" time="0.000">
    <skipped/>
  </testcase> <!-- verifyCodeExecutionforDataStructureIntroductionPage -->
  <system-out/>
  <testcase classname="dsAlgoTests.DataStructureTest" name="verifyCodeExecutionforDataStructureIntroductionPage" time="0.000">
    <skipped/>
  </testcase> <!-- verifyCodeExecutionforDataStructureIntroductionPage -->
  <system-out/>
  <testcase classname="dsAlgoTests.DataStructureTest" name="verifyCodeExecutionforDataStructureIntroductionPage" time="0.000">
    <skipped/>
  </testcase> <!-- verifyCodeExecutionforDataStructureIntroductionPage -->
  <system-out/>
  <testcase classname="dsAlgoTests.DataStructureTest" name="verifyCodeExecutionforDataStructureIntroductionPage" time="1.121"/>
  <system-out/>
  <testcase classname="dsAlgoTests.DataStructureTest" name="verifyCodeExecutionforDataStructureIntroductionPage" time="0.000">
    <skipped/>
  </testcase> <!-- verifyCodeExecutionforDataStructureIntroductionPage -->
  <system-out/>
  <testcase classname="dsAlgoTests.DataStructureTest" name="verifyCodeExecutionforDataStructureIntroductionPage" time="0.000">
    <skipped/>
  </testcase> <!-- verifyCodeExecutionforDataStructureIntroductionPage -->
  <system-out/>
  <testcase classname="dsAlgoTests.DataStructureTest" name="verifyCodeExecutionforDataStructureIntroductionPage" time="0.000">
    <skipped/>
  </testcase> <!-- verifyCodeExecutionforDataStructureIntroductionPage -->
  <system-out/>
  <testcase classname="dsAlgoTests.DataStructureTest" name="verifyCodeExecutionforDataStructureIntroductionPage" time="0.000">
    <skipped/>
  </testcase> <!-- verifyCodeExecutionforDataStructureIntroductionPage -->
  <system-out/>
  <testcase classname="dsAlgoTests.DataStructureTest" name="verifyCodeExecutionforDataStructureIntroductionPage" time="0.000">
    <skipped/>
  </testcase> <!-- verifyCodeExecutionforDataStructureIntroductionPage -->
  <system-out/>
  <testcase classname="dsAlgoTests.DataStructureTest" name="verifyCodeExecutionforDataStructureIntroductionPage" time="0.000">
    <skipped/>
  </testcase> <!-- verifyCodeExecutionforDataStructureIntroductionPage -->
  <system-out/>
  <testcase classname="dsAlgoTests.DataStructureTest" name="verifyCodeExecutionforDataStructureIntroductionPage" time="0.000">
    <skipped/>
  </testcase> <!-- verifyCodeExecutionforDataStructureIntroductionPage -->
  <system-out/>
  <testcase classname="dsAlgoTests.DataStructureTest" name="verifyCodeExecutionforDataStructureIntroductionPage" time="0.000">
    <skipped/>
  </testcase> <!-- verifyCodeExecutionforDataStructureIntroductionPage -->
  <system-out/>
  <testcase classname="dsAlgoTests.DataStructureTest" name="verifyCodeExecutionforDataStructureIntroductionPage" time="1.054"/>
  <system-out/>
  <testcase classname="dsAlgoTests.DataStructureTest" name="verifyCodeExecutionforDataStructureIntroductionPage" time="0.000">
    <skipped/>
  </testcase> <!-- verifyCodeExecutionforDataStructureIntroductionPage -->
  <system-out/>
  <testcase classname="dsAlgoTests.DataStructureTest" name="verifyCodeExecutionforDataStructureIntroductionPage" time="0.000">
    <skipped/>
  </testcase> <!-- verifyCodeExecutionforDataStructureIntroductionPage -->
  <system-out/>
  <testcase classname="dsAlgoTests.DataStructureTest" name="verifyCodeExecutionforDataStructureIntroductionPage" time="0.000">
    <skipped/>
  </testcase> <!-- verifyCodeExecutionforDataStructureIntroductionPage -->
  <system-out/>
  <testcase classname="dsAlgoTests.DataStructureTest" name="verifyCodeExecutionforDataStructureIntroductionPage" time="0.000">
    <skipped/>
  </testcase> <!-- verifyCodeExecutionforDataStructureIntroductionPage -->
  <system-out/>
  <testcase classname="dsAlgoTests.DataStructureTest" name="verifyCodeExecutionforDataStructureIntroductionPage" time="0.000">
    <skipped/>
  </testcase> <!-- verifyCodeExecutionforDataStructureIntroductionPage -->
  <system-out/>
  <testcase classname="dsAlgoTests.DataStructureTest" name="verifyCodeExecutionforDataStructureIntroductionPage" time="0.000">
    <skipped/>
  </testcase> <!-- verifyCodeExecutionforDataStructureIntroductionPage -->
  <system-out/>
  <testcase classname="dsAlgoTests.DataStructureTest" name="verifyCodeExecutionforDataStructureIntroductionPage" time="0.000">
    <skipped/>
  </testcase> <!-- verifyCodeExecutionforDataStructureIntroductionPage -->
  <system-out/>
  <testcase classname="dsAlgoTests.DataStructureTest" name="verifyCodeExecutionforDataStructureIntroductionPage" time="0.000">
    <skipped/>
  </testcase> <!-- verifyCodeExecutionforDataStructureIntroductionPage -->
  <system-out/>
  <testcase classname="dsAlgoTests.DataStructureTest" name="verifyCodeExecutionforDataStructureIntroductionPage" time="0.000">
    <skipped/>
  </testcase> <!-- verifyCodeExecutionforDataStructureIntroductionPage -->
  <system-out/>
  <testcase classname="dsAlgoTests.DataStructureTest" name="verifyCodeExecutionforDataStructureIntroductionPage" time="0.000">
    <skipped/>
  </testcase> <!-- verifyCodeExecutionforDataStructureIntroductionPage -->
  <system-out/>
  <testcase classname="dsAlgoTests.DataStructureTest" name="verifyCodeExecutionforDataStructureIntroductionPage" time="0.000">
    <skipped/>
  </testcase> <!-- verifyCodeExecutionforDataStructureIntroductionPage -->
  <system-out/>
  <testcase classname="dsAlgoTests.DataStructureTest" name="verifyCodeExecutionforDataStructureIntroductionPage" time="0.000">
    <skipped/>
  </testcase> <!-- verifyCodeExecutionforDataStructureIntroductionPage -->
  <system-out/>
  <testcase classname="dsAlgoTests.DataStructureTest" name="navigatetoTimeComplexityModule" time="0.296"/>
  <system-out/>
  <testcase classname="dsAlgoTests.DataStructureTest" name="verifyCodeExecutionforDataStructureIntroductionPage" time="0.000">
    <skipped/>
  </testcase> <!-- verifyCodeExecutionforDataStructureIntroductionPage -->
  <system-out/>
  <testcase classname="dsAlgoTests.DataStructureTest" name="verifyCodeExecutionforDataStructureIntroductionPage" time="0.000">
    <skipped/>
  </testcase> <!-- verifyCodeExecutionforDataStructureIntroductionPage -->
  <system-out/>
  <testcase classname="dsAlgoTests.DataStructureTest" name="verifyCodeExecutionforDataStructureIntroductionPage" time="0.000">
    <skipped/>
  </testcase> <!-- verifyCodeExecutionforDataStructureIntroductionPage -->
  <system-out/>
  <testcase classname="dsAlgoTests.DataStructureTest" name="verifyCodeExecutionforDataStructureIntroductionPage" time="0.000">
    <skipped/>
  </testcase> <!-- verifyCodeExecutionforDataStructureIntroductionPage -->
  <system-out/>
  <testcase classname="dsAlgoTests.DataStructureTest" name="verifyCodeExecutionforDataStructureIntroductionPage" time="0.000">
    <skipped/>
  </testcase> <!-- verifyCodeExecutionforDataStructureIntroductionPage -->
  <system-out/>
  <testcase classname="dsAlgoTests.DataStructureTest" name="verifyCodeExecutionforDataStructureIntroductionPage" time="0.000">
    <skipped/>
  </testcase> <!-- verifyCodeExecutionforDataStructureIntroductionPage -->
  <system-out/>
  <testcase classname="dsAlgoTests.DataStructureTest" name="verifyCodeExecutionforDataStructureIntroductionPage" time="0.000">
    <skipped/>
  </testcase> <!-- verifyCodeExecutionforDataStructureIntroductionPage -->
  <system-out/>
  <testcase classname="dsAlgoTests.DataStructureTest" name="verifyCodeExecutionforDataStructureIntroductionPage" time="0.000">
    <skipped/>
  </testcase> <!-- verifyCodeExecutionforDataStructureIntroductionPage -->
  <system-out/>
  <testcase classname="dsAlgoTests.DataStructureTest" name="verifyCodeExecutionforDataStructureIntroductionPage" time="0.000">
    <skipped/>
  </testcase> <!-- verifyCodeExecutionforDataStructureIntroductionPage -->
  <system-out/>
  <testcase classname="dsAlgoTests.DataStructureTest" name="verifyCodeExecutionforDataStructureIntroductionPage" time="0.000">
    <skipped/>
  </testcase> <!-- verifyCodeExecutionforDataStructureIntroductionPage -->
  <system-out/>
  <testcase classname="dsAlgoTests.DataStructureTest" name="verifyCodeExecutionforDataStructureIntroductionPage" time="0.000">
    <skipped/>
  </testcase> <!-- verifyCodeExecutionforDataStructureIntroductionPage -->
  <system-out/>
  <testcase classname="dsAlgoTests.DataStructureTest" name="verifyCodeExecutionforDataStructureIntroductionPage" time="0.000">
    <skipped/>
  </testcase> <!-- verifyCodeExecutionforDataStructureIntroductionPage -->
  <system-out/>
  <testcase classname="dsAlgoTests.DataStructureTest" name="verifyCodeExecutionforDataStructureIntroductionPage" time="0.000">
    <skipped/>
  </testcase> <!-- verifyCodeExecutionforDataStructureIntroductionPage -->
  <system-out/>
  <testcase classname="dsAlgoTests.DataStructureTest" name="verifyCodeExecutionforDataStructureIntroductionPage" time="1.096"/>
  <system-out/>
  <testcase classname="dsAlgoTests.DataStructureTest" name="verifyCodeExecutionforDataStructureIntroductionPage" time="1.040"/>
  <system-out/>
  <testcase classname="dsAlgoTests.DataStructureTest" name="verifyCodeExecutionforDataStructureIntroductionPage" time="0.000">
    <skipped/>
  </testcase> <!-- verifyCodeExecutionforDataStructureIntroductionPage -->
  <system-out/>
  <testcase classname="dsAlgoTests.DataStructureTest" name="verifyCodeExecutionforDataStructureIntroductionPage" time="0.000">
    <skipped/>
  </testcase> <!-- verifyCodeExecutionforDataStructureIntroductionPage -->
  <system-out/>
  <testcase classname="dsAlgoTests.DataStructureTest" name="verifyCodeExecutionforDataStructureIntroductionPage" time="0.000">
    <skipped/>
  </testcase> <!-- verifyCodeExecutionforDataStructureIntroductionPage -->
  <system-out/>
  <testcase classname="dsAlgoTests.DataStructureTest" name="verifyCodeExecutionforDataStructureIntroductionPage" time="0.000">
    <skipped/>
  </testcase> <!-- verifyCodeExecutionforDataStructureIntroductionPage -->
  <system-out/>
  <testcase classname="dsAlgoTests.DataStructureTest" name="verifyCodeExecutionforDataStructureIntroductionPage" time="0.000">
    <skipped/>
  </testcase> <!-- verifyCodeExecutionforDataStructureIntroductionPage -->
  <system-out/>
  <testcase classname="dsAlgoTests.DataStructureTest" name="verifyCodeExecutionforDataStructureIntroductionPage" time="0.000">
    <skipped/>
  </testcase> <!-- verifyCodeExecutionforDataStructureIntroductionPage -->
  <system-out/>
  <testcase classname="dsAlgoTests.DataStructureTest" name="verifyCodeExecutionforDataStructureIntroductionPage" time="0.000">
    <skipped/>
  </testcase> <!-- verifyCodeExecutionforDataStructureIntroductionPage -->
  <system-out/>
  <testcase classname="dsAlgoTests.DataStructureTest" name="verifyCodeExecutionforDataStructureIntroductionPage" time="0.000">
    <skipped/>
  </testcase> <!-- verifyCodeExecutionforDataStructureIntroductionPage -->
  <system-out/>
  <testcase classname="dsAlgoTests.DataStructureTest" name="verifyCodeExecutionforDataStructureIntroductionPage" time="0.000">
    <skipped/>
  </testcase> <!-- verifyCodeExecutionforDataStructureIntroductionPage -->
  <system-out/>
  <testcase classname="dsAlgoTests.DataStructureTest" name="verifyCodeExecutionforDataStructureIntroductionPage" time="0.000">
    <skipped/>
  </testcase> <!-- verifyCodeExecutionforDataStructureIntroductionPage -->
  <system-out/>
  <testcase classname="dsAlgoTests.DataStructureTest" name="verifyCodeExecutionforDataStructureIntroductionPage" time="0.000">
    <skipped/>
  </testcase> <!-- verifyCodeExecutionforDataStructureIntroductionPage -->
  <system-out/>
  <testcase classname="dsAlgoTests.DataStructureTest" name="verifyCodeExecutionforDataStructureIntroductionPage" time="0.000">
    <skipped/>
  </testcase> <!-- verifyCodeExecutionforDataStructureIntroductionPage -->
  <system-out/>
  <testcase classname="dsAlgoTests.DataStructureTest" name="verifyCodeExecutionforDataStructureIntroductionPage" time="0.000">
    <skipped/>
  </testcase> <!-- verifyCodeExecutionforDataStructureIntroductionPage -->
  <system-out/>
  <testcase classname="dsAlgoTests.DataStructureTest" name="verifyCodeExecutionforDataStructureIntroductionPage" time="0.000">
    <skipped/>
  </testcase> <!-- verifyCodeExecutionforDataStructureIntroductionPage -->
  <system-out/>
  <testcase classname="dsAlgoTests.DataStructureTest" name="verifyCodeExecutionforDataStructureIntroductionPage" time="0.000">
    <skipped/>
  </testcase> <!-- verifyCodeExecutionforDataStructureIntroductionPage -->
  <system-out/>
  <testcase classname="dsAlgoTests.DataStructureTest" name="verifyCodeExecutionforDataStructureIntroductionPage" time="0.000">
    <skipped/>
  </testcase> <!-- verifyCodeExecutionforDataStructureIntroductionPage -->
  <system-out/>
  <testcase classname="dsAlgoTests.DataStructureTest" name="verifyCodeExecutionforDataStructureIntroductionPage" time="0.000">
    <skipped/>
  </testcase> <!-- verifyCodeExecutionforDataStructureIntroductionPage -->
  <system-out/>
  <testcase classname="dsAlgoTests.DataStructureTest" name="verifyCodeExecutionforDataStructureIntroductionPage" time="0.000">
    <skipped/>
  </testcase> <!-- verifyCodeExecutionforDataStructureIntroductionPage -->
  <system-out/>
  <testcase classname="dsAlgoTests.DataStructureTest" name="verifyCodeExecutionforDataStructureIntroductionPage" time="0.000">
    <skipped/>
  </testcase> <!-- verifyCodeExecutionforDataStructureIntroductionPage -->
  <system-out/>
  <testcase classname="dsAlgoTests.DataStructureTest" name="verifyCodeExecutionforDataStructureIntroductionPage" time="1.059"/>
  <system-out/>
  <testcase classname="dsAlgoTests.DataStructureTest" name="verifyCodeExecutionforDataStructureIntroductionPage" time="0.000">
    <skipped/>
  </testcase> <!-- verifyCodeExecutionforDataStructureIntroductionPage -->
  <system-out/>
  <testcase classname="dsAlgoTests.DataStructureTest" name="verifyCodeExecutionforDataStructureIntroductionPage" time="0.000">
    <skipped/>
  </testcase> <!-- verifyCodeExecutionforDataStructureIntroductionPage -->
  <system-out/>
  <testcase classname="dsAlgoTests.DataStructureTest" name="verifyCodeExecutionforDataStructureIntroductionPage" time="11.532"/>
  <system-out/>
  <testcase classname="dsAlgoTests.DataStructureTest" name="verifyCodeExecutionforDataStructureIntroductionPage" time="1.047"/>
  <system-out/>
  <testcase classname="dsAlgoTests.DataStructureTest" name="verifyCodeExecutionforDataStructureIntroductionPage" time="0.000">
    <skipped/>
  </testcase> <!-- verifyCodeExecutionforDataStructureIntroductionPage -->
  <system-out/>
  <testcase classname="dsAlgoTests.DataStructureTest" name="verifyCodeExecutionforDataStructureIntroductionPage" time="0.000">
    <skipped/>
  </testcase> <!-- verifyCodeExecutionforDataStructureIntroductionPage -->
  <system-out/>
  <testcase classname="dsAlgoTests.DataStructureTest" name="verifyCodeExecutionforDataStructureIntroductionPage" time="0.000">
    <skipped/>
  </testcase> <!-- verifyCodeExecutionforDataStructureIntroductionPage -->
  <system-out/>
  <testcase classname="dsAlgoTests.DataStructureTest" name="verifyCodeExecutionforDataStructureIntroductionPage" time="1.079"/>
  <system-out/>
  <testcase classname="dsAlgoTests.DataStructureTest" name="verifyCodeExecutionforDataStructureIntroductionPage" time="0.000">
    <skipped/>
  </testcase> <!-- verifyCodeExecutionforDataStructureIntroductionPage -->
  <system-out/>
  <testcase classname="dsAlgoTests.DataStructureTest" name="verifyCodeExecutionforDataStructureIntroductionPage" time="0.000">
    <skipped/>
  </testcase> <!-- verifyCodeExecutionforDataStructureIntroductionPage -->
  <system-out/>
  <testcase classname="dsAlgoTests.DataStructureTest" name="verifyCodeExecutionforDataStructureIntroductionPage" time="0.000">
    <skipped/>
  </testcase> <!-- verifyCodeExecutionforDataStructureIntroductionPage -->
  <system-out/>
  <testcase classname="dsAlgoTests.DataStructureTest" name="verifyCodeExecutionforDataStructureIntroductionPage" time="1.226"/>
  <system-out/>
  <testcase classname="dsAlgoTests.DataStructureTest" name="verifyCodeExecutionforDataStructureIntroductionPage" time="0.000">
    <skipped/>
  </testcase> <!-- verifyCodeExecutionforDataStructureIntroductionPage -->
  <system-out/>
  <testcase classname="dsAlgoTests.DataStructureTest" name="verifyCodeExecutionforDataStructureIntroductionPage" time="0.000">
    <skipped/>
  </testcase> <!-- verifyCodeExecutionforDataStructureIntroductionPage -->
  <system-out/>
  <testcase classname="dsAlgoTests.DataStructureTest" name="verifyCodeExecutionforDataStructureIntroductionPage" time="0.000">
    <skipped/>
  </testcase> <!-- verifyCodeExecutionforDataStructureIntroductionPage -->
  <system-out/>
  <testcase classname="dsAlgoTests.DataStructureTest" name="verifyCodeExecutionforDataStructureIntroductionPage" time="0.000">
    <skipped/>
  </testcase> <!-- verifyCodeExecutionforDataStructureIntroductionPage -->
  <system-out/>
  <testcase classname="dsAlgoTests.DataStructureTest" name="verifyCodeExecutionforDataStructureIntroductionPage" time="0.000">
    <skipped/>
  </testcase> <!-- verifyCodeExecutionforDataStructureIntroductionPage -->
  <system-out/>
  <testcase classname="dsAlgoTests.DataStructureTest" name="verifyCodeExecutionforDataStructureIntroductionPage" time="0.000">
    <skipped/>
  </testcase> <!-- verifyCodeExecutionforDataStructureIntroductionPage -->
  <system-out/>
  <testcase classname="dsAlgoTests.DataStructureTest" name="verifyCodeExecutionforDataStructureIntroductionPage" time="1.108"/>
  <system-out/>
  <testcase classname="dsAlgoTests.DataStructureTest" name="verifyCodeExecutionforDataStructureIntroductionPage" time="0.000">
    <skipped/>
  </testcase> <!-- verifyCodeExecutionforDataStructureIntroductionPage -->
  <system-out/>
  <testcase classname="dsAlgoTests.DataStructureTest" name="verifyCodeExecutionforDataStructureIntroductionPage" time="0.000">
    <skipped/>
  </testcase> <!-- verifyCodeExecutionforDataStructureIntroductionPage -->
  <system-out/>
  <testcase classname="dsAlgoTests.DataStructureTest" name="verifyCodeExecutionforDataStructureIntroductionPage" time="0.000">
    <skipped/>
  </testcase> <!-- verifyCodeExecutionforDataStructureIntroductionPage -->
  <system-out/>
  <testcase classname="dsAlgoTests.DataStructureTest" name="verifyCodeExecutionforDataStructureIntroductionPage" time="0.000">
    <skipped/>
  </testcase> <!-- verifyCodeExecutionforDataStructureIntroductionPage -->
  <system-out/>
  <testcase classname="dsAlgoTests.DataStructureTest" name="verifyCodeExecutionforDataStructureIntroductionPage" time="0.000">
    <skipped/>
  </testcase> <!-- verifyCodeExecutionforDataStructureIntroductionPage -->
  <system-out/>
  <testcase classname="dsAlgoTests.DataStructureTest" name="verifyCodeExecutionforDataStructureIntroductionPage" time="0.000">
    <skipped/>
  </testcase> <!-- verifyCodeExecutionforDataStructureIntroductionPage -->
  <system-out/>
  <testcase classname="dsAlgoTests.DataStructureTest" name="verifyCodeExecutionforDataStructureIntroductionPage" time="0.000">
    <skipped/>
  </testcase> <!-- verifyCodeExecutionforDataStructureIntroductionPage -->
  <system-out/>
  <testcase classname="dsAlgoTests.DataStructureTest" name="verifyCodeExecutionforDataStructureIntroductionPage" time="0.000">
    <skipped/>
  </testcase> <!-- verifyCodeExecutionforDataStructureIntroductionPage -->
  <system-out/>
  <testcase classname="dsAlgoTests.DataStructureTest" name="verifyCodeExecutionforDataStructureIntroductionPage" time="0.000">
    <skipped/>
  </testcase> <!-- verifyCodeExecutionforDataStructureIntroductionPage -->
  <system-out/>
  <testcase classname="dsAlgoTests.DataStructureTest" name="verifyCodeExecutionforDataStructureIntroductionPage" time="0.000">
    <skipped/>
  </testcase> <!-- verifyCodeExecutionforDataStructureIntroductionPage -->
  <system-out/>
  <testcase classname="dsAlgoTests.DataStructureTest" name="verifyCodeExecutionforDataStructureIntroductionPage" time="0.000">
    <skipped/>
  </testcase> <!-- verifyCodeExecutionforDataStructureIntroductionPage -->
  <system-out/>
  <testcase classname="dsAlgoTests.DataStructureTest" name="verifyCodeExecutionforDataStructureIntroductionPage" time="0.000">
    <skipped/>
  </testcase> <!-- verifyCodeExecutionforDataStructureIntroductionPage -->
  <system-out/>
  <testcase classname="dsAlgoTests.DataStructureTest" name="verifyCodeExecutionforDataStructureIntroductionPage" time="0.000">
    <skipped/>
  </testcase> <!-- verifyCodeExecutionforDataStructureIntroductionPage -->
  <system-out/>
  <testcase classname="dsAlgoTests.DataStructureTest" name="verifyCodeExecutionforDataStructureIntroductionPage" time="0.000">
    <skipped/>
  </testcase> <!-- verifyCodeExecutionforDataStructureIntroductionPage -->
  <system-out/>
  <testcase classname="dsAlgoTests.DataStructureTest" name="verifyCodeExecutionforDataStructureIntroductionPage" time="0.000">
    <skipped/>
  </testcase> <!-- verifyCodeExecutionforDataStructureIntroductionPage -->
  <system-out/>
  <testcase classname="dsAlgoTests.DataStructureTest" name="verifyCodeExecutionforDataStructureIntroductionPage" time="0.000">
    <skipped/>
  </testcase> <!-- verifyCodeExecutionforDataStructureIntroductionPage -->
  <system-out/>
  <testcase classname="dsAlgoTests.DataStructureTest" name="verifyCodeExecutionforDataStructureIntroductionPage" time="0.000">
    <skipped/>
  </testcase> <!-- verifyCodeExecutionforDataStructureIntroductionPage -->
  <system-out/>
  <testcase classname="dsAlgoTests.DataStructureTest" name="verifyCodeExecutionforDataStructureIntroductionPage" time="0.000">
    <skipped/>
  </testcase> <!-- verifyCodeExecutionforDataStructureIntroductionPage -->
  <system-out/>
  <testcase classname="dsAlgoTests.DataStructureTest" name="verifyCodeExecutionforDataStructureIntroductionPage" time="0.000">
    <skipped/>
  </testcase> <!-- verifyCodeExecutionforDataStructureIntroductionPage -->
  <system-out/>
  <testcase classname="dsAlgoTests.DataStructureTest" name="verifyCodeExecutionforDataStructureIntroductionPage" time="0.000">
    <skipped/>
  </testcase> <!-- verifyCodeExecutionforDataStructureIntroductionPage -->
  <system-out/>
  <testcase classname="dsAlgoTests.DataStructureTest" name="verifyCodeExecutionforDataStructureIntroductionPage" time="0.000">
    <skipped/>
  </testcase> <!-- verifyCodeExecutionforDataStructureIntroductionPage -->
  <system-out/>
  <testcase classname="dsAlgoTests.DataStructureTest" name="verifyCodeExecutionforDataStructureIntroductionPage" time="0.000">
    <skipped/>
  </testcase> <!-- verifyCodeExecutionforDataStructureIntroductionPage -->
  <system-out/>
  <testcase classname="dsAlgoTests.DataStructureTest" name="verifyCodeExecutionforDataStructureIntroductionPage" time="0.000">
    <skipped/>
  </testcase> <!-- verifyCodeExecutionforDataStructureIntroductionPage -->
  <system-out/>
  <testcase classname="dsAlgoTests.DataStructureTest" name="verifyCodeExecutionforDataStructureIntroductionPage" time="0.000">
    <skipped/>
  </testcase> <!-- verifyCodeExecutionforDataStructureIntroductionPage -->
  <system-out/>
  <testcase classname="dsAlgoTests.DataStructureTest" name="verifyCodeExecutionforDataStructureIntroductionPage" time="0.000">
    <skipped/>
  </testcase> <!-- verifyCodeExecutionforDataStructureIntroductionPage -->
  <system-out/>
  <testcase classname="dsAlgoTests.DataStructureTest" name="verifyCodeExecutionforDataStructureIntroductionPage" time="0.000">
    <skipped/>
  </testcase> <!-- verifyCodeExecutionforDataStructureIntroductionPage -->
  <system-out/>
  <testcase classname="dsAlgoTests.DataStructureTest" name="verifyCodeExecutionforDataStructureIntroductionPage" time="0.000">
    <skipped/>
  </testcase> <!-- verifyCodeExecutionforDataStructureIntroductionPage -->
  <system-out/>
  <testcase classname="dsAlgoTests.DataStructureTest" name="verifyCodeExecutionforDataStructureIntroductionPage" time="0.000">
    <skipped/>
  </testcase> <!-- verifyCodeExecutionforDataStructureIntroductionPage -->
  <system-out/>
  <testcase classname="dsAlgoTests.DataStructureTest" name="verifyCodeExecutionforDataStructureIntroductionPage" time="0.000">
    <skipped/>
  </testcase> <!-- verifyCodeExecutionforDataStructureIntroductionPage -->
  <system-out/>
  <testcase classname="dsAlgoTests.DataStructureTest" name="verifyCodeExecutionforDataStructureIntroductionPage" time="0.000">
    <skipped/>
  </testcase> <!-- verifyCodeExecutionforDataStructureIntroductionPage -->
  <system-out/>
  <testcase classname="dsAlgoTests.DataStructureTest" name="verifyCodeExecutionforDataStructureIntroductionPage" time="0.000">
    <skipped/>
  </testcase> <!-- verifyCodeExecutionforDataStructureIntroductionPage -->
  <system-out/>
  <testcase classname="dsAlgoTests.DataStructureTest" name="verifyCodeExecutionforDataStructureIntroductionPage" time="0.000">
    <skipped/>
  </testcase> <!-- verifyCodeExecutionforDataStructureIntroductionPage -->
  <system-out/>
  <testcase classname="dsAlgoTests.DataStructureTest" name="verifyCodeExecutionforDataStructureIntroductionPage" time="0.000">
    <skipped/>
  </testcase> <!-- verifyCodeExecutionforDataStructureIntroductionPage -->
  <system-out/>
  <testcase classname="dsAlgoTests.DataStructureTest" name="verifyCodeExecutionforDataStructureIntroductionPage" time="0.000">
    <skipped/>
  </testcase> <!-- verifyCodeExecutionforDataStructureIntroductionPage -->
  <system-out/>
  <testcase classname="dsAlgoTests.DataStructureTest" name="verifyCodeExecutionforDataStructureIntroductionPage" time="0.000">
    <skipped/>
  </testcase> <!-- verifyCodeExecutionforDataStructureIntroductionPage -->
  <system-out/>
  <testcase classname="dsAlgoTests.DataStructureTest" name="verifyCodeExecutionforDataStructureIntroductionPage" time="0.000">
    <skipped/>
  </testcase> <!-- verifyCodeExecutionforDataStructureIntroductionPage -->
  <system-out/>
  <testcase classname="dsAlgoTests.DataStructureTest" name="verifyCodeExecutionforDataStructureIntroductionPage" time="0.000">
    <skipped/>
  </testcase> <!-- verifyCodeExecutionforDataStructureIntroductionPage -->
  <system-out/>
  <testcase classname="dsAlgoTests.DataStructureTest" name="verifyCodeExecutionforDataStructureIntroductionPage" time="0.000">
    <skipped/>
  </testcase> <!-- verifyCodeExecutionforDataStructureIntroductionPage -->
  <system-out/>
  <testcase classname="dsAlgoTests.DataStructureTest" name="verifyCodeExecutionforDataStructureIntroductionPage" time="0.000">
    <skipped/>
  </testcase> <!-- verifyCodeExecutionforDataStructureIntroductionPage -->
  <system-out/>
  <testcase classname="dsAlgoTests.DataStructureTest" name="verifyCodeExecutionforDataStructureIntroductionPage" time="0.000">
    <skipped/>
  </testcase> <!-- verifyCodeExecutionforDataStructureIntroductionPage -->
  <system-out/>
  <testcase classname="dsAlgoTests.DataStructureTest" name="verifyCodeExecutionforDataStructureIntroductionPage" time="0.000">
    <skipped/>
  </testcase> <!-- verifyCodeExecutionforDataStructureIntroductionPage -->
  <system-out/>
  <testcase classname="dsAlgoTests.DataStructureTest" name="verifyCodeExecutionforDataStructureIntroductionPage" time="0.000">
    <skipped/>
  </testcase> <!-- verifyCodeExecutionforDataStructureIntroductionPage -->
  <system-out/>
  <testcase classname="dsAlgoTests.DataStructureTest" name="verifyCodeExecutionforDataStructureIntroductionPage" time="0.000">
    <skipped/>
  </testcase> <!-- verifyCodeExecutionforDataStructureIntroductionPage -->
  <system-out/>
  <testcase classname="dsAlgoTests.DataStructureTest" name="verifyCodeExecutionforDataStructureIntroductionPage" time="0.000">
    <skipped/>
  </testcase> <!-- verifyCodeExecutionforDataStructureIntroductionPage -->
  <system-out/>
  <testcase classname="dsAlgoTests.DataStructureTest" name="verifyCodeExecutionforDataStructureIntroductionPage" time="0.000">
    <skipped/>
  </testcase> <!-- verifyCodeExecutionforDataStructureIntroductionPage -->
  <system-out/>
  <testcase classname="dsAlgoTests.DataStructureTest" name="verifyCodeExecutionforDataStructureIntroductionPage" time="0.000">
    <skipped/>
  </testcase> <!-- verifyCodeExecutionforDataStructureIntroductionPage -->
  <system-out/>
  <testcase classname="dsAlgoTests.DataStructureTest" name="verifyCodeExecutionforDataStructureIntroductionPage" time="0.000">
    <skipped/>
  </testcase> <!-- verifyCodeExecutionforDataStructureIntroductionPage -->
  <system-out/>
  <testcase classname="dsAlgoTests.DataStructureTest" name="verifyCodeExecutionforDataStructureIntroductionPage" time="0.000">
    <skipped/>
  </testcase> <!-- verifyCodeExecutionforDataStructureIntroductionPage -->
  <system-out/>
  <testcase classname="dsAlgoTests.DataStructureTest" name="verifyCodeExecutionforDataStructureIntroductionPage" time="1.100"/>
  <system-out/>
  <testcase classname="dsAlgoTests.DataStructureTest" name="verifyCodeExecutionforDataStructureIntroductionPage" time="0.000">
    <skipped/>
  </testcase> <!-- verifyCodeExecutionforDataStructureIntroductionPage -->
  <system-out/>
  <testcase classname="dsAlgoTests.DataStructureTest" name="verifyCodeExecutionforDataStructureIntroductionPage" time="0.000">
    <skipped/>
  </testcase> <!-- verifyCodeExecutionforDataStructureIntroductionPage -->
  <system-out/>
  <testcase classname="dsAlgoTests.DataStructureTest" name="verifyCodeExecutionforDataStructureIntroductionPage" time="0.000">
    <skipped/>
  </testcase> <!-- verifyCodeExecutionforDataStructureIntroductionPage -->
  <system-out/>
  <testcase classname="dsAlgoTests.DataStructureTest" name="verifyCodeExecutionforDataStructureIntroductionPage" time="0.000">
    <skipped/>
  </testcase> <!-- verifyCodeExecutionforDataStructureIntroductionPage -->
  <system-out/>
  <testcase classname="dsAlgoTests.DataStructureTest" name="verifyCodeExecutionforDataStructureIntroductionPage" time="0.000">
    <skipped/>
  </testcase> <!-- verifyCodeExecutionforDataStructureIntroductionPage -->
  <system-out/>
  <testcase classname="dsAlgoTests.DataStructureTest" name="verifyCodeExecutionforDataStructureIntroductionPage" time="0.000">
    <skipped/>
  </testcase> <!-- verifyCodeExecutionforDataStructureIntroductionPage -->
  <system-out/>
  <testcase classname="dsAlgoTests.DataStructureTest" name="verifyCodeExecutionforDataStructureIntroductionPage" time="0.000">
    <skipped/>
  </testcase> <!-- verifyCodeExecutionforDataStructureIntroductionPage -->
  <system-out/>
  <testcase classname="dsAlgoTests.DataStructureTest" name="verifyCodeExecutionforDataStructureIntroductionPage" time="0.000">
    <skipped/>
  </testcase> <!-- verifyCodeExecutionforDataStructureIntroductionPage -->
  <system-out/>
  <testcase classname="dsAlgoTests.DataStructureTest" name="verifyCodeExecutionforDataStructureIntroductionPage" time="0.000">
    <skipped/>
  </testcase> <!-- verifyCodeExecutionforDataStructureIntroductionPage -->
  <system-out/>
  <testcase classname="dsAlgoTests.DataStructureTest" name="verifyCodeExecutionforDataStructureIntroductionPage" time="0.000">
    <skipped/>
  </testcase> <!-- verifyCodeExecutionforDataStructureIntroductionPage -->
  <system-out/>
  <testcase classname="dsAlgoTests.DataStructureTest" name="verifyCodeExecutionforDataStructureIntroductionPage" time="0.000">
    <skipped/>
  </testcase> <!-- verifyCodeExecutionforDataStructureIntroductionPage -->
  <system-out/>
  <testcase classname="dsAlgoTests.DataStructureTest" name="verifyCodeExecutionforDataStructureIntroductionPage" time="0.000">
    <skipped/>
  </testcase> <!-- verifyCodeExecutionforDataStructureIntroductionPage -->
  <system-out/>
  <testcase classname="dsAlgoTests.DataStructureTest" name="verifyCodeExecutionforDataStructureIntroductionPage" time="0.000">
    <skipped/>
  </testcase> <!-- verifyCodeExecutionforDataStructureIntroductionPage -->
  <system-out/>
  <testcase classname="dsAlgoTests.DataStructureTest" name="verifyCodeExecutionforDataStructureIntroductionPage" time="0.000">
    <skipped/>
  </testcase> <!-- verifyCodeExecutionforDataStructureIntroductionPage -->
  <system-out/>
  <testcase classname="dsAlgoTests.DataStructureTest" name="verifyCodeExecutionforDataStructureIntroductionPage" time="0.000">
    <skipped/>
  </testcase> <!-- verifyCodeExecutionforDataStructureIntroductionPage -->
  <system-out/>
  <testcase classname="dsAlgoTests.DataStructureTest" name="verifyCodeExecutionforDataStructureIntroductionPage" time="0.000">
    <skipped/>
  </testcase> <!-- verifyCodeExecutionforDataStructureIntroductionPage -->
  <system-out/>
  <testcase classname="dsAlgoTests.DataStructureTest" name="verifyCodeExecutionforDataStructureIntroductionPage" time="0.000">
    <skipped/>
  </testcase> <!-- verifyCodeExecutionforDataStructureIntroductionPage -->
  <system-out/>
  <testcase classname="dsAlgoTests.DataStructureTest" name="verifyCodeExecutionforDataStructureIntroductionPage" time="0.000">
    <skipped/>
  </testcase> <!-- verifyCodeExecutionforDataStructureIntroductionPage -->
  <system-out/>
  <testcase classname="dsAlgoTests.DataStructureTest" name="verifyCodeExecutionforDataStructureIntroductionPage" time="1.026"/>
  <system-out/>
  <testcase classname="dsAlgoTests.DataStructureTest" name="verifyCodeExecutionforDataStructureIntroductionPage" time="0.000">
    <skipped/>
  </testcase> <!-- verifyCodeExecutionforDataStructureIntroductionPage -->
  <system-out/>
  <testcase classname="dsAlgoTests.DataStructureTest" name="verifyCodeExecutionforDataStructureIntroductionPage" time="0.000">
    <skipped/>
  </testcase> <!-- verifyCodeExecutionforDataStructureIntroductionPage -->
  <system-out/>
  <testcase classname="dsAlgoTests.DataStructureTest" name="verifyCodeExecutionforDataStructureIntroductionPage" time="0.000">
    <skipped/>
  </testcase> <!-- verifyCodeExecutionforDataStructureIntroductionPage -->
  <system-out/>
  <testcase classname="dsAlgoTests.DataStructureTest" name="verifyCodeExecutionforDataStructureIntroductionPage" time="0.000">
    <skipped/>
  </testcase> <!-- verifyCodeExecutionforDataStructureIntroductionPage -->
  <system-out/>
  <testcase classname="dsAlgoTests.DataStructureTest" name="verifyCodeExecutionforDataStructureIntroductionPage" time="0.000">
    <skipped/>
  </testcase> <!-- verifyCodeExecutionforDataStructureIntroductionPage -->
  <system-out/>
  <testcase classname="dsAlgoTests.DataStructureTest" name="verifyCodeExecutionforDataStructureIntroductionPage" time="0.000">
    <skipped/>
  </testcase> <!-- verifyCodeExecutionforDataStructureIntroductionPage -->
  <system-out/>
  <testcase classname="dsAlgoTests.DataStructureTest" name="verifyCodeExecutionforDataStructureIntroductionPage" time="0.000">
    <skipped/>
  </testcase> <!-- verifyCodeExecutionforDataStructureIntroductionPage -->
  <system-out/>
  <testcase classname="dsAlgoTests.DataStructureTest" name="verifyCodeExecutionforDataStructureIntroductionPage" time="1.071"/>
  <system-out/>
  <testcase classname="dsAlgoTests.DataStructureTest" name="verifyCodeExecutionforDataStructureIntroductionPage" time="0.000">
    <skipped/>
  </testcase> <!-- verifyCodeExecutionforDataStructureIntroductionPage -->
  <system-out/>
  <testcase classname="dsAlgoTests.DataStructureTest" name="verifyCodeExecutionforDataStructureIntroductionPage" time="0.000">
    <skipped/>
  </testcase> <!-- verifyCodeExecutionforDataStructureIntroductionPage -->
  <system-out/>
  <testcase classname="dsAlgoTests.DataStructureTest" name="verifyCodeExecutionforDataStructureIntroductionPage" time="0.000">
    <skipped/>
  </testcase> <!-- verifyCodeExecutionforDataStructureIntroductionPage -->
  <system-out/>
  <testcase classname="dsAlgoTests.DataStructureTest" name="verifyCodeExecutionforDataStructureIntroductionPage" time="0.000">
    <skipped/>
  </testcase> <!-- verifyCodeExecutionforDataStructureIntroductionPage -->
  <system-out/>
  <testcase classname="dsAlgoTests.DataStructureTest" name="verifyCodeExecutionforDataStructureIntroductionPage" time="0.000">
    <skipped/>
  </testcase> <!-- verifyCodeExecutionforDataStructureIntroductionPage -->
  <system-out/>
  <testcase classname="dsAlgoTests.DataStructureTest" name="verifyCodeExecutionforDataStructureIntroductionPage" time="0.000">
    <skipped/>
  </testcase> <!-- verifyCodeExecutionforDataStructureIntroductionPage -->
  <system-out/>
  <testcase classname="dsAlgoTests.DataStructureTest" name="verifyCodeExecutionforDataStructureIntroductionPage" time="0.000">
    <skipped/>
  </testcase> <!-- verifyCodeExecutionforDataStructureIntroductionPage -->
  <system-out/>
  <testcase classname="dsAlgoTests.DataStructureTest" name="verifyCodeExecutionforDataStructureIntroductionPage" time="0.000">
    <skipped/>
  </testcase> <!-- verifyCodeExecutionforDataStructureIntroductionPage -->
  <system-out/>
  <testcase classname="dsAlgoTests.DataStructureTest" name="verifyCodeExecutionforDataStructureIntroductionPage" time="0.000">
    <skipped/>
  </testcase> <!-- verifyCodeExecutionforDataStructureIntroductionPage -->
  <system-out/>
  <testcase classname="dsAlgoTests.DataStructureTest" name="verifyCodeExecutionforDataStructureIntroductionPage" time="0.000">
    <skipped/>
  </testcase> <!-- verifyCodeExecutionforDataStructureIntroductionPage -->
  <system-out/>
  <testcase classname="dsAlgoTests.DataStructureTest" name="verifyCodeExecutionforDataStructureIntroductionPage" time="0.000">
    <skipped/>
  </testcase> <!-- verifyCodeExecutionforDataStructureIntroductionPage -->
  <system-out/>
  <testcase classname="dsAlgoTests.DataStructureTest" name="verifyCodeExecutionforDataStructureIntroductionPage" time="0.000">
    <skipped/>
  </testcase> <!-- verifyCodeExecutionforDataStructureIntroductionPage -->
  <system-out/>
  <testcase classname="dsAlgoTests.DataStructureTest" name="verifyCodeExecutionforDataStructureIntroductionPage" time="0.000">
    <skipped/>
  </testcase> <!-- verifyCodeExecutionforDataStructureIntroductionPage -->
  <system-out/>
  <testcase classname="dsAlgoTests.DataStructureTest" name="verifyCodeExecutionforDataStructureIntroductionPage" time="0.000">
    <skipped/>
  </testcase> <!-- verifyCodeExecutionforDataStructureIntroductionPage -->
  <system-out/>
  <testcase classname="dsAlgoTests.DataStructureTest" name="verifyCodeExecutionforDataStructureIntroductionPage" time="0.000">
    <skipped/>
  </testcase> <!-- verifyCodeExecutionforDataStructureIntroductionPage -->
  <system-out/>
  <testcase classname="dsAlgoTests.DataStructureTest" name="verifyCodeExecutionforDataStructureIntroductionPage" time="0.000">
    <skipped/>
  </testcase> <!-- verifyCodeExecutionforDataStructureIntroductionPage -->
  <system-out/>
  <testcase classname="dsAlgoTests.DataStructureTest" name="verifyCodeExecutionforDataStructureIntroductionPage" time="0.000">
    <skipped/>
  </testcase> <!-- verifyCodeExecutionforDataStructureIntroductionPage -->
  <system-out/>
  <testcase classname="dsAlgoTests.DataStructureTest" name="verifyCodeExecutionforDataStructureIntroductionPage" time="0.000">
    <skipped/>
  </testcase> <!-- verifyCodeExecutionforDataStructureIntroductionPage -->
  <system-out/>
  <testcase classname="dsAlgoTests.DataStructureTest" name="verifyCodeExecutionforDataStructureIntroductionPage" time="0.000">
    <skipped/>
  </testcase> <!-- verifyCodeExecutionforDataStructureIntroductionPage -->
  <system-out/>
  <testcase classname="dsAlgoTests.DataStructureTest" name="verifyCodeExecutionforDataStructureIntroductionPage" time="0.000">
    <skipped/>
  </testcase> <!-- verifyCodeExecutionforDataStructureIntroductionPage -->
  <system-out/>
  <testcase classname="dsAlgoTests.DataStructureTest" name="verifyCodeExecutionforDataStructureIntroductionPage" time="0.000">
    <skipped/>
  </testcase> <!-- verifyCodeExecutionforDataStructureIntroductionPage -->
  <system-out/>
  <testcase classname="dsAlgoTests.DataStructureTest" name="verifyCodeExecutionforDataStructureIntroductionPage" time="0.000">
    <skipped/>
  </testcase> <!-- verifyCodeExecutionforDataStructureIntroductionPage -->
  <system-out/>
  <testcase classname="dsAlgoTests.DataStructureTest" name="verifyCodeExecutionforDataStructureIntroductionPage" time="0.000">
    <skipped/>
  </testcase> <!-- verifyCodeExecutionforDataStructureIntroductionPage -->
  <system-out/>
  <testcase classname="dsAlgoTests.DataStructureTest" name="verifyCodeExecutionforDataStructureIntroductionPage" time="0.000">
    <skipped/>
  </testcase> <!-- verifyCodeExecutionforDataStructureIntroductionPage -->
  <system-out/>
  <testcase classname="dsAlgoTests.DataStructureTest" name="verifyCodeExecutionforDataStructureIntroductionPage" time="0.000">
    <skipped/>
  </testcase> <!-- verifyCodeExecutionforDataStructureIntroductionPage -->
  <system-out/>
  <testcase classname="dsAlgoTests.DataStructureTest" name="verifyCodeExecutionforDataStructureIntroductionPage" time="0.000">
    <skipped/>
  </testcase> <!-- verifyCodeExecutionforDataStructureIntroductionPage -->
  <system-out/>
  <testcase classname="dsAlgoTests.DataStructureTest" name="verifyCodeExecutionforDataStructureIntroductionPage" time="0.000">
    <skipped/>
  </testcase> <!-- verifyCodeExecutionforDataStructureIntroductionPage -->
  <system-out/>
  <testcase classname="dsAlgoTests.DataStructureTest" name="verifyCodeExecutionforDataStructureIntroductionPage" time="0.000">
    <skipped/>
  </testcase> <!-- verifyCodeExecutionforDataStructureIntroductionPage -->
  <system-out/>
  <testcase classname="dsAlgoTests.DataStructureTest" name="verifyCodeExecutionforDataStructureIntroductionPage" time="0.000">
    <skipped/>
  </testcase> <!-- verifyCodeExecutionforDataStructureIntroductionPage -->
  <system-out/>
  <testcase classname="dsAlgoTests.DataStructureTest" name="verifyCodeExecutionforDataStructureIntroductionPage" time="0.000">
    <skipped/>
  </testcase> <!-- verifyCodeExecutionforDataStructureIntroductionPage -->
  <system-out/>
  <testcase classname="dsAlgoTests.DataStructureTest" name="verifyCodeExecutionforDataStructureIntroductionPage" time="0.000">
    <skipped/>
  </testcase> <!-- verifyCodeExecutionforDataStructureIntroductionPage -->
  <system-out/>
  <testcase classname="dsAlgoTests.DataStructureTest" name="verifyCodeExecutionforDataStructureIntroductionPage" time="0.000">
    <skipped/>
  </testcase> <!-- verifyCodeExecutionforDataStructureIntroductionPage -->
  <system-out/>
  <testcase classname="dsAlgoTests.DataStructureTest" name="verifyCodeExecutionforDataStructureIntroductionPage" time="0.000">
    <skipped/>
  </testcase> <!-- verifyCodeExecutionforDataStructureIntroductionPage -->
  <system-out/>
  <testcase classname="dsAlgoTests.DataStructureTest" name="verifyCodeExecutionforDataStructureIntroductionPage" time="0.000">
    <skipped/>
  </testcase> <!-- verifyCodeExecutionforDataStructureIntroductionPage -->
  <system-out/>
  <testcase classname="dsAlgoTests.DataStructureTest" name="verifyCodeExecutionforDataStructureIntroductionPage" time="0.000">
    <skipped/>
  </testcase> <!-- verifyCodeExecutionforDataStructureIntroductionPage -->
  <system-out/>
  <testcase classname="dsAlgoTests.DataStructureTest" name="verifyCodeExecutionforDataStructureIntroductionPage" time="0.000">
    <skipped/>
  </testcase> <!-- verifyCodeExecutionforDataStructureIntroductionPage -->
  <system-out/>
  <testcase classname="dsAlgoTests.DataStructureTest" name="verifyCodeExecutionforDataStructureIntroductionPage" time="0.000">
    <skipped/>
  </testcase> <!-- verifyCodeExecutionforDataStructureIntroductionPage -->
  <system-out/>
  <testcase classname="dsAlgoTests.DataStructureTest" name="verifyCodeExecutionforDataStructureIntroductionPage" time="0.000">
    <skipped/>
  </testcase> <!-- verifyCodeExecutionforDataStructureIntroductionPage -->
  <system-out/>
  <testcase classname="dsAlgoTests.DataStructureTest" name="verifyCodeExecutionforDataStructureIntroductionPage" time="0.000">
    <skipped/>
  </testcase> <!-- verifyCodeExecutionforDataStructureIntroductionPage -->
  <system-out/>
  <testcase classname="dsAlgoTests.DataStructureTest" name="verifyCodeExecutionforDataStructureIntroductionPage" time="0.000">
    <skipped/>
  </testcase> <!-- verifyCodeExecutionforDataStructureIntroductionPage -->
  <system-out/>
  <testcase classname="dsAlgoTests.DataStructureTest" name="verifyCodeExecutionforDataStructureIntroductionPage" time="0.000">
    <skipped/>
  </testcase> <!-- verifyCodeExecutionforDataStructureIntroductionPage -->
  <system-out/>
  <testcase classname="dsAlgoTests.DataStructureTest" name="verifyCodeExecutionforDataStructureIntroductionPage" time="0.000">
    <skipped/>
  </testcase> <!-- verifyCodeExecutionforDataStructureIntroductionPage -->
  <system-out/>
  <testcase classname="dsAlgoTests.DataStructureTest" name="verifyCodeExecutionforDataStructureIntroductionPage" time="0.000">
    <skipped/>
  </testcase> <!-- verifyCodeExecutionforDataStructureIntroductionPage -->
  <system-out/>
  <testcase classname="dsAlgoTests.DataStructureTest" name="verifyCodeExecutionforDataStructureIntroductionPage" time="0.000">
    <skipped/>
  </testcase> <!-- verifyCodeExecutionforDataStructureIntroductionPage -->
  <system-out/>
  <testcase classname="dsAlgoTests.DataStructureTest" name="verifyCodeExecutionforDataStructureIntroductionPage" time="0.000">
    <skipped/>
  </testcase> <!-- verifyCodeExecutionforDataStructureIntroductionPage -->
  <system-out/>
  <testcase classname="dsAlgoTests.DataStructureTest" name="verifyCodeExecutionforDataStructureIntroductionPage" time="0.000">
    <skipped/>
  </testcase> <!-- verifyCodeExecutionforDataStructureIntroductionPage -->
  <system-out/>
  <testcase classname="dsAlgoTests.DataStructureTest" name="verifyCodeExecutionforDataStructureIntroductionPage" time="0.000">
    <skipped/>
  </testcase> <!-- verifyCodeExecutionforDataStructureIntroductionPage -->
  <system-out/>
  <testcase classname="dsAlgoTests.DataStructureTest" name="verifyCodeExecutionforDataStructureIntroductionPage" time="0.000">
    <skipped/>
  </testcase> <!-- verifyCodeExecutionforDataStructureIntroductionPage -->
  <system-out/>
  <testcase classname="dsAlgoTests.DataStructureTest" name="verifyCodeExecutionforDataStructureIntroductionPage" time="1.049"/>
  <system-out/>
  <testcase classname="dsAlgoTests.DataStructureTest" name="verifyCodeExecutionforDataStructureIntroductionPage" time="0.000">
    <skipped/>
  </testcase> <!-- verifyCodeExecutionforDataStructureIntroductionPage -->
  <system-out/>
  <testcase classname="dsAlgoTests.DataStructureTest" name="verifyCodeExecutionforDataStructureIntroductionPage" time="0.000">
    <skipped/>
  </testcase> <!-- verifyCodeExecutionforDataStructureIntroductionPage -->
  <system-out/>
  <testcase classname="dsAlgoTests.DataStructureTest" name="verifyCodeExecutionforDataStructureIntroductionPage" time="0.000">
    <skipped/>
  </testcase> <!-- verifyCodeExecutionforDataStructureIntroductionPage -->
  <system-out/>
  <testcase classname="dsAlgoTests.DataStructureTest" name="verifyCodeExecutionforDataStructureIntroductionPage" time="0.000">
    <skipped/>
  </testcase> <!-- verifyCodeExecutionforDataStructureIntroductionPage -->
  <system-out/>
  <testcase classname="dsAlgoTests.DataStructureTest" name="verifyCodeExecutionforDataStructureIntroductionPage" time="0.000">
    <skipped/>
  </testcase> <!-- verifyCodeExecutionforDataStructureIntroductionPage -->
  <system-out/>
  <testcase classname="dsAlgoTests.DataStructureTest" name="verifyCodeExecutionforDataStructureIntroductionPage" time="0.000">
    <skipped/>
  </testcase> <!-- verifyCodeExecutionforDataStructureIntroductionPage -->
  <system-out/>
  <testcase classname="dsAlgoTests.DataStructureTest" name="verifyCodeExecutionforDataStructureIntroductionPage" time="0.000">
    <skipped/>
  </testcase> <!-- verifyCodeExecutionforDataStructureIntroductionPage -->
  <system-out/>
  <testcase classname="dsAlgoTests.DataStructureTest" name="verifyCodeExecutionforDataStructureIntroductionPage" time="0.000">
    <skipped/>
  </testcase> <!-- verifyCodeExecutionforDataStructureIntroductionPage -->
  <system-out/>
  <testcase classname="dsAlgoTests.DataStructureTest" name="verifyCodeExecutionforDataStructureIntroductionPage" time="0.000">
    <skipped/>
  </testcase> <!-- verifyCodeExecutionforDataStructureIntroductionPage -->
  <system-out/>
  <testcase classname="dsAlgoTests.DataStructureTest" name="verifyCodeExecutionforDataStructureIntroductionPage" time="0.000">
    <skipped/>
  </testcase> <!-- verifyCodeExecutionforDataStructureIntroductionPage -->
  <system-out/>
  <testcase classname="dsAlgoTests.DataStructureTest" name="verifyCodeExecutionforDataStructureIntroductionPage" time="0.000">
    <skipped/>
  </testcase> <!-- verifyCodeExecutionforDataStructureIntroductionPage -->
  <system-out/>
  <testcase classname="dsAlgoTests.DataStructureTest" name="verifyCodeExecutionforDataStructureIntroductionPage" time="0.000">
    <skipped/>
  </testcase> <!-- verifyCodeExecutionforDataStructureIntroductionPage -->
  <system-out/>
  <testcase classname="dsAlgoTests.DataStructureTest" name="verifyCodeExecutionforDataStructureIntroductionPage" time="0.000">
    <skipped/>
  </testcase> <!-- verifyCodeExecutionforDataStructureIntroductionPage -->
  <system-out/>
  <testcase classname="dsAlgoTests.DataStructureTest" name="verifyCodeExecutionforDataStructureIntroductionPage" time="0.000">
    <skipped/>
  </testcase> <!-- verifyCodeExecutionforDataStructureIntroductionPage -->
  <system-out/>
  <testcase classname="dsAlgoTests.DataStructureTest" name="verifyCodeExecutionforDataStructureIntroductionPage" time="1.041"/>
  <system-out/>
  <testcase classname="dsAlgoTests.DataStructureTest" name="verifyCodeExecutionforDataStructureIntroductionPage" time="0.000">
    <skipped/>
  </testcase> <!-- verifyCodeExecutionforDataStructureIntroductionPage -->
  <system-out/>
  <testcase classname="dsAlgoTests.DataStructureTest" name="verifyCodeExecutionforDataStructureIntroductionPage" time="0.000">
    <skipped/>
  </testcase> <!-- verifyCodeExecutionforDataStructureIntroductionPage -->
  <system-out/>
  <testcase classname="dsAlgoTests.DataStructureTest" name="verifyCodeExecutionforDataStructureIntroductionPage" time="0.000">
    <skipped/>
  </testcase> <!-- verifyCodeExecutionforDataStructureIntroductionPage -->
  <system-out/>
  <testcase classname="dsAlgoTests.DataStructureTest" name="verifyCodeExecutionforDataStructureIntroductionPage" time="0.000">
    <skipped/>
  </testcase> <!-- verifyCodeExecutionforDataStructureIntroductionPage -->
  <system-out/>
  <testcase classname="dsAlgoTests.DataStructureTest" name="verifyCodeExecutionforDataStructureIntroductionPage" time="0.000">
    <skipped/>
  </testcase> <!-- verifyCodeExecutionforDataStructureIntroductionPage -->
  <system-out/>
  <testcase classname="dsAlgoTests.DataStructureTest" name="verifyCodeExecutionforDataStructureIntroductionPage" time="0.000">
    <skipped/>
  </testcase> <!-- verifyCodeExecutionforDataStructureIntroductionPage -->
  <system-out/>
  <testcase classname="dsAlgoTests.DataStructureTest" name="verifyCodeExecutionforDataStructureIntroductionPage" time="0.000">
    <skipped/>
  </testcase> <!-- verifyCodeExecutionforDataStructureIntroductionPage -->
  <system-out/>
  <testcase classname="dsAlgoTests.DataStructureTest" name="verifyCodeExecutionforDataStructureIntroductionPage" time="0.000">
    <skipped/>
  </testcase> <!-- verifyCodeExecutionforDataStructureIntroductionPage -->
  <system-out/>
  <testcase classname="dsAlgoTests.DataStructureTest" name="verifyCodeExecutionforDataStructureIntroductionPage" time="0.000">
    <skipped/>
  </testcase> <!-- verifyCodeExecutionforDataStructureIntroductionPage -->
  <system-out/>
  <testcase classname="dsAlgoTests.DataStructureTest" name="verifyCodeExecutionforDataStructureIntroductionPage" time="0.000">
    <skipped/>
  </testcase> <!-- verifyCodeExecutionforDataStructureIntroductionPage -->
  <system-out/>
  <testcase classname="dsAlgoTests.DataStructureTest" name="verifyCodeExecutionforDataStructureIntroductionPage" time="0.000">
    <skipped/>
  </testcase> <!-- verifyCodeExecutionforDataStructureIntroductionPage -->
  <system-out/>
  <testcase classname="dsAlgoTests.DataStructureTest" name="verifyCodeExecutionforDataStructureIntroductionPage" time="0.000">
    <skipped/>
  </testcase> <!-- verifyCodeExecutionforDataStructureIntroductionPage -->
  <system-out/>
  <testcase classname="dsAlgoTests.DataStructureTest" name="verifyCodeExecutionforDataStructureIntroductionPage" time="0.000">
    <skipped/>
  </testcase> <!-- verifyCodeExecutionforDataStructureIntroductionPage -->
  <system-out/>
  <testcase classname="dsAlgoTests.DataStructureTest" name="verifyCodeExecutionforDataStructureIntroductionPage" time="1.055"/>
  <system-out/>
  <testcase classname="dsAlgoTests.DataStructureTest" name="verifyCodeExecutionforDataStructureIntroductionPage" time="0.000">
    <skipped/>
  </testcase> <!-- verifyCodeExecutionforDataStructureIntroductionPage -->
  <system-out/>
  <testcase classname="dsAlgoTests.DataStructureTest" name="verifyCodeExecutionforDataStructureIntroductionPage" time="1.094"/>
  <system-out/>
  <testcase classname="dsAlgoTests.DataStructureTest" name="verifyCodeExecutionforDataStructureIntroductionPage" time="0.000">
    <skipped/>
  </testcase> <!-- verifyCodeExecutionforDataStructureIntroductionPage -->
  <system-out/>
  <testcase classname="dsAlgoTests.DataStructureTest" name="verifyCodeExecutionforDataStructureIntroductionPage" time="0.000">
    <skipped/>
  </testcase> <!-- verifyCodeExecutionforDataStructureIntroductionPage -->
  <system-out/>
  <testcase classname="dsAlgoTests.DataStructureTest" name="verifyCodeExecutionforDataStructureIntroductionPage" time="0.000">
    <skipped/>
  </testcase> <!-- verifyCodeExecutionforDataStructureIntroductionPage -->
  <system-out/>
  <testcase classname="dsAlgoTests.DataStructureTest" name="verifyCodeExecutionforDataStructureIntroductionPage" time="0.000">
    <skipped/>
  </testcase> <!-- verifyCodeExecutionforDataStructureIntroductionPage -->
  <system-out/>
  <testcase classname="dsAlgoTests.DataStructureTest" name="verifyCodeExecutionforDataStructureIntroductionPage" time="0.000">
    <skipped/>
  </testcase> <!-- verifyCodeExecutionforDataStructureIntroductionPage -->
  <system-out/>
  <testcase classname="dsAlgoTests.DataStructureTest" name="verifyCodeExecutionforDataStructureIntroductionPage" time="0.000">
    <skipped/>
  </testcase> <!-- verifyCodeExecutionforDataStructureIntroductionPage -->
  <system-out/>
  <testcase classname="dsAlgoTests.DataStructureTest" name="verifyCodeExecutionforDataStructureIntroductionPage" time="0.000">
    <skipped/>
  </testcase> <!-- verifyCodeExecutionforDataStructureIntroductionPage -->
  <system-out/>
  <testcase classname="dsAlgoTests.DataStructureTest" name="verifyCodeExecutionforDataStructureIntroductionPage" time="0.000">
    <skipped/>
  </testcase> <!-- verifyCodeExecutionforDataStructureIntroductionPage -->
  <system-out/>
  <testcase classname="dsAlgoTests.DataStructureTest" name="verifyCodeExecutionforDataStructureIntroductionPage" time="0.000">
    <skipped/>
  </testcase> <!-- verifyCodeExecutionforDataStructureIntroductionPage -->
  <system-out/>
  <testcase classname="dsAlgoTests.DataStructureTest" name="verifyCodeExecutionforDataStructureIntroductionPage" time="0.000">
    <skipped/>
  </testcase> <!-- verifyCodeExecutionforDataStructureIntroductionPage -->
  <system-out/>
  <testcase classname="dsAlgoTests.DataStructureTest" name="verifyCodeExecutionforDataStructureIntroductionPage" time="0.000">
    <skipped/>
  </testcase> <!-- verifyCodeExecutionforDataStructureIntroductionPage -->
  <system-out/>
  <testcase classname="dsAlgoTests.DataStructureTest" name="verifyCodeExecutionforDataStructureIntroductionPage" time="0.000">
    <skipped/>
  </testcase> <!-- verifyCodeExecutionforDataStructureIntroductionPage -->
  <system-out/>
  <testcase classname="dsAlgoTests.DataStructureTest" name="verifyCodeExecutionforDataStructureIntroductionPage" time="0.000">
    <skipped/>
  </testcase> <!-- verifyCodeExecutionforDataStructureIntroductionPage -->
  <system-out/>
  <testcase classname="dsAlgoTests.DataStructureTest" name="verifyCodeExecutionforDataStructureIntroductionPage" time="0.000">
    <skipped/>
  </testcase> <!-- verifyCodeExecutionforDataStructureIntroductionPage -->
  <system-out/>
  <testcase classname="dsAlgoTests.DataStructureTest" name="verifyCodeExecutionforDataStructureIntroductionPage" time="0.000">
    <skipped/>
  </testcase> <!-- verifyCodeExecutionforDataStructureIntroductionPage -->
  <system-out/>
  <testcase classname="dsAlgoTests.DataStructureTest" name="verifyCodeExecutionforDataStructureIntroductionPage" time="0.000">
    <skipped/>
  </testcase> <!-- verifyCodeExecutionforDataStructureIntroductionPage -->
  <system-out/>
  <testcase classname="dsAlgoTests.DataStructureTest" name="verifyCodeExecutionforDataStructureIntroductionPage" time="0.000">
    <skipped/>
  </testcase> <!-- verifyCodeExecutionforDataStructureIntroductionPage -->
  <system-out/>
  <testcase classname="dsAlgoTests.DataStructureTest" name="verifyCodeExecutionforDataStructureIntroductionPage" time="0.000">
    <skipped/>
  </testcase> <!-- verifyCodeExecutionforDataStructureIntroductionPage -->
  <system-out/>
  <testcase classname="dsAlgoTests.DataStructureTest" name="verifyCodeExecutionforDataStructureIntroductionPage" time="0.000">
    <skipped/>
  </testcase> <!-- verifyCodeExecutionforDataStructureIntroductionPage -->
  <system-out/>
  <testcase classname="dsAlgoTests.DataStructureTest" name="verifyCodeExecutionforDataStructureIntroductionPage" time="0.000">
    <skipped/>
  </testcase> <!-- verifyCodeExecutionforDataStructureIntroductionPage -->
  <system-out/>
  <testcase classname="dsAlgoTests.DataStructureTest" name="verifyCodeExecutionforDataStructureIntroductionPage" time="0.000">
    <skipped/>
  </testcase> <!-- verifyCodeExecutionforDataStructureIntroductionPage -->
  <system-out/>
  <testcase classname="dsAlgoTests.DataStructureTest" name="verifyCodeExecutionforDataStructureIntroductionPage" time="0.000">
    <skipped/>
  </testcase> <!-- verifyCodeExecutionforDataStructureIntroductionPage -->
  <system-out/>
  <testcase classname="dsAlgoTests.DataStructureTest" name="verifyCodeExecutionforDataStructureIntroductionPage" time="0.000">
    <skipped/>
  </testcase> <!-- verifyCodeExecutionforDataStructureIntroductionPage -->
  <system-out/>
  <testcase classname="dsAlgoTests.DataStructureTest" name="verifyCodeExecutionforDataStructureIntroductionPage" time="0.000">
    <skipped/>
  </testcase> <!-- verifyCodeExecutionforDataStructureIntroductionPage -->
  <system-out/>
  <testcase classname="dsAlgoTests.DataStructureTest" name="verifyCodeExecutionforDataStructureIntroductionPage" time="0.000">
    <skipped/>
  </testcase> <!-- verifyCodeExecutionforDataStructureIntroductionPage -->
  <system-out/>
  <testcase classname="dsAlgoTests.DataStructureTest" name="verifyCodeExecutionforDataStructureIntroductionPage" time="0.000">
    <skipped/>
  </testcase> <!-- verifyCodeExecutionforDataStructureIntroductionPage -->
  <system-out/>
  <testcase classname="dsAlgoTests.DataStructureTest" name="verifyCodeExecutionforDataStructureIntroductionPage" time="0.000">
    <skipped/>
  </testcase> <!-- verifyCodeExecutionforDataStructureIntroductionPage -->
  <system-out/>
  <testcase classname="dsAlgoTests.DataStructureTest" name="verifyCodeExecutionforDataStructureIntroductionPage" time="0.000">
    <skipped/>
  </testcase> <!-- verifyCodeExecutionforDataStructureIntroductionPage -->
  <system-out/>
  <testcase classname="dsAlgoTests.DataStructureTest" name="verifyCodeExecutionforDataStructureIntroductionPage" time="0.000">
    <skipped/>
  </testcase> <!-- verifyCodeExecutionforDataStructureIntroductionPage -->
  <system-out/>
  <testcase classname="dsAlgoTests.DataStructureTest" name="verifyCodeExecutionforDataStructureIntroductionPage" time="0.000">
    <skipped/>
  </testcase> <!-- verifyCodeExecutionforDataStructureIntroductionPage -->
  <system-out/>
  <testcase classname="dsAlgoTests.DataStructureTest" name="verifyCodeExecutionforDataStructureIntroductionPage" time="0.000">
    <skipped/>
  </testcase> <!-- verifyCodeExecutionforDataStructureIntroductionPage -->
  <system-out/>
  <testcase classname="dsAlgoTests.DataStructureTest" name="verifyCodeExecutionforDataStructureIntroductionPage" time="0.000">
    <skipped/>
  </testcase> <!-- verifyCodeExecutionforDataStructureIntroductionPage -->
  <system-out/>
  <testcase classname="dsAlgoTests.DataStructureTest" name="verifyCodeExecutionforDataStructureIntroductionPage" time="0.000">
    <skipped/>
  </testcase> <!-- verifyCodeExecutionforDataStructureIntroductionPage -->
  <system-out/>
  <testcase classname="dsAlgoTests.DataStructureTest" name="verifyCodeExecutionforDataStructureIntroductionPage" time="0.000">
    <skipped/>
  </testcase> <!-- verifyCodeExecutionforDataStructureIntroductionPage -->
  <system-out/>
  <testcase classname="dsAlgoTests.DataStructureTest" name="verifyCodeExecutionforDataStructureIntroductionPage" time="0.000">
    <skipped/>
  </testcase> <!-- verifyCodeExecutionforDataStructureIntroductionPage -->
  <system-out/>
  <testcase classname="dsAlgoTests.DataStructureTest" name="verifyCodeExecutionforDataStructureIntroductionPage" time="0.000">
    <skipped/>
  </testcase> <!-- verifyCodeExecutionforDataStructureIntroductionPage -->
  <system-out/>
  <testcase classname="dsAlgoTests.DataStructureTest" name="verifyCodeExecutionforDataStructureIntroductionPage" time="0.000">
    <skipped/>
  </testcase> <!-- verifyCodeExecutionforDataStructureIntroductionPage -->
  <system-out/>
  <testcase classname="dsAlgoTests.DataStructureTest" name="verifyCodeExecutionforDataStructureIntroductionPage" time="0.000">
    <skipped/>
  </testcase> <!-- verifyCodeExecutionforDataStructureIntroductionPage -->
  <system-out/>
  <testcase classname="dsAlgoTests.DataStructureTest" name="verifyCodeExecutionforDataStructureIntroductionPage" time="0.000">
    <skipped/>
  </testcase> <!-- verifyCodeExecutionforDataStructureIntroductionPage -->
  <system-out/>
  <testcase classname="dsAlgoTests.DataStructureTest" name="verifyCodeExecutionforDataStructureIntroductionPage" time="0.000">
    <skipped/>
  </testcase> <!-- verifyCodeExecutionforDataStructureIntroductionPage -->
  <system-out/>
  <testcase classname="dsAlgoTests.DataStructureTest" name="verifyCodeExecutionforDataStructureIntroductionPage" time="0.000">
    <skipped/>
  </testcase> <!-- verifyCodeExecutionforDataStructureIntroductionPage -->
  <system-out/>
  <testcase classname="dsAlgoTests.DataStructureTest" name="verifyCodeExecutionforDataStructureIntroductionPage" time="0.000">
    <skipped/>
  </testcase> <!-- verifyCodeExecutionforDataStructureIntroductionPage -->
  <system-out/>
  <testcase classname="dsAlgoTests.DataStructureTest" name="verifyCodeExecutionforDataStructureIntroductionPage" time="0.000">
    <skipped/>
  </testcase> <!-- verifyCodeExecutionforDataStructureIntroductionPage -->
  <system-out/>
  <testcase classname="dsAlgoTests.DataStructureTest" name="verifyCodeExecutionforDataStructureIntroductionPage" time="0.000">
    <skipped/>
  </testcase> <!-- verifyCodeExecutionforDataStructureIntroductionPage -->
  <system-out/>
  <testcase classname="dsAlgoTests.DataStructureTest" name="verifyCodeExecutionforDataStructureIntroductionPage" time="0.000">
    <skipped/>
  </testcase> <!-- verifyCodeExecutionforDataStructureIntroductionPage -->
  <system-out/>
  <testcase classname="dsAlgoTests.DataStructureTest" name="verifyCodeExecutionforDataStructureIntroductionPage" time="0.000">
    <skipped/>
  </testcase> <!-- verifyCodeExecutionforDataStructureIntroductionPage -->
  <system-out/>
  <testcase classname="dsAlgoTests.DataStructureTest" name="verifyCodeExecutionforDataStructureIntroductionPage" time="0.000">
    <skipped/>
  </testcase> <!-- verifyCodeExecutionforDataStructureIntroductionPage -->
  <system-out/>
  <testcase classname="dsAlgoTests.DataStructureTest" name="verifyCodeExecutionforDataStructureIntroductionPage" time="0.000">
    <skipped/>
  </testcase> <!-- verifyCodeExecutionforDataStructureIntroductionPage -->
  <system-out/>
  <testcase classname="dsAlgoTests.DataStructureTest" name="verifyCodeExecutionforDataStructureIntroductionPage" time="0.000">
    <skipped/>
  </testcase> <!-- verifyCodeExecutionforDataStructureIntroductionPage -->
  <system-out/>
  <testcase classname="dsAlgoTests.DataStructureTest" name="verifyCodeExecutionforDataStructureIntroductionPage" time="0.000">
    <skipped/>
  </testcase> <!-- verifyCodeExecutionforDataStructureIntroductionPage -->
  <system-out/>
  <testcase classname="dsAlgoTests.DataStructureTest" name="verifyCodeExecutionforDataStructureIntroductionPage" time="0.000">
    <skipped/>
  </testcase> <!-- verifyCodeExecutionforDataStructureIntroductionPage -->
  <system-out/>
  <testcase classname="dsAlgoTests.DataStructureTest" name="verifyCodeExecutionforDataStructureIntroductionPage" time="0.000">
    <skipped/>
  </testcase> <!-- verifyCodeExecutionforDataStructureIntroductionPage -->
  <system-out/>
  <testcase classname="dsAlgoTests.DataStructureTest" name="verifyCodeExecutionforDataStructureIntroductionPage" time="0.000">
    <skipped/>
  </testcase> <!-- verifyCodeExecutionforDataStructureIntroductionPage -->
  <system-out/>
  <testcase classname="dsAlgoTests.DataStructureTest" name="verifyCodeExecutionforDataStructureIntroductionPage" time="0.000">
    <skipped/>
  </testcase> <!-- verifyCodeExecutionforDataStructureIntroductionPage -->
  <system-out/>
  <testcase classname="dsAlgoTests.DataStructureTest" name="verifyCodeExecutionforDataStructureIntroductionPage" time="1.033"/>
  <system-out/>
  <testcase classname="dsAlgoTests.DataStructureTest" name="verifyCodeExecutionforDataStructureIntroductionPage" time="0.000">
    <skipped/>
  </testcase> <!-- verifyCodeExecutionforDataStructureIntroductionPage -->
  <system-out/>
  <testcase classname="dsAlgoTests.DataStructureTest" name="verifyCodeExecutionforDataStructureIntroductionPage" time="0.000">
    <skipped/>
  </testcase> <!-- verifyCodeExecutionforDataStructureIntroductionPage -->
  <system-out/>
  <testcase classname="dsAlgoTests.DataStructureTest" name="verifyCodeExecutionforDataStructureIntroductionPage" time="0.000">
    <skipped/>
  </testcase> <!-- verifyCodeExecutionforDataStructureIntroductionPage -->
  <system-out/>
  <testcase classname="dsAlgoTests.DataStructureTest" name="verifyCodeExecutionforDataStructureIntroductionPage" time="0.000">
    <skipped/>
  </testcase> <!-- verifyCodeExecutionforDataStructureIntroductionPage -->
  <system-out/>
  <testcase classname="dsAlgoTests.DataStructureTest" name="verifyCodeExecutionforDataStructureIntroductionPage" time="0.000">
    <skipped/>
  </testcase> <!-- verifyCodeExecutionforDataStructureIntroductionPage -->
  <system-out/>
  <testcase classname="dsAlgoTests.DataStructureTest" name="verifyCodeExecutionforDataStructureIntroductionPage" time="0.000">
    <skipped/>
  </testcase> <!-- verifyCodeExecutionforDataStructureIntroductionPage -->
  <system-out/>
  <testcase classname="dsAlgoTests.DataStructureTest" name="verifyCodeExecutionforDataStructureIntroductionPage" time="0.000">
    <skipped/>
  </testcase> <!-- verifyCodeExecutionforDataStructureIntroductionPage -->
  <system-out/>
  <testcase classname="dsAlgoTests.DataStructureTest" name="verifyCodeExecutionforDataStructureIntroductionPage" time="0.000">
    <skipped/>
  </testcase> <!-- verifyCodeExecutionforDataStructureIntroductionPage -->
  <system-out/>
  <testcase classname="dsAlgoTests.DataStructureTest" name="verifyCodeExecutionforDataStructureIntroductionPage" time="0.000">
    <skipped/>
  </testcase> <!-- verifyCodeExecutionforDataStructureIntroductionPage -->
  <system-out/>
  <testcase classname="dsAlgoTests.DataStructureTest" name="verifyCodeExecutionforDataStructureIntroductionPage" time="0.000">
    <skipped/>
  </testcase> <!-- verifyCodeExecutionforDataStructureIntroductionPage -->
  <system-out/>
  <testcase classname="dsAlgoTests.DataStructureTest" name="verifyCodeExecutionforDataStructureIntroductionPage" time="0.000">
    <skipped/>
  </testcase> <!-- verifyCodeExecutionforDataStructureIntroductionPage -->
  <system-out/>
  <testcase classname="dsAlgoTests.DataStructureTest" name="verifyCodeExecutionforDataStructureIntroductionPage" time="1.122"/>
  <system-out/>
  <testcase classname="dsAlgoTests.DataStructureTest" name="verifyCodeExecutionforDataStructureIntroductionPage" time="0.000">
    <skipped/>
  </testcase> <!-- verifyCodeExecutionforDataStructureIntroductionPage -->
  <system-out/>
  <testcase classname="dsAlgoTests.DataStructureTest" name="verifyCodeExecutionforDataStructureIntroductionPage" time="0.000">
    <skipped/>
  </testcase> <!-- verifyCodeExecutionforDataStructureIntroductionPage -->
  <system-out/>
  <testcase classname="dsAlgoTests.DataStructureTest" name="verifyCodeExecutionforDataStructureIntroductionPage" time="0.000">
    <skipped/>
  </testcase> <!-- verifyCodeExecutionforDataStructureIntroductionPage -->
  <system-out/>
  <testcase classname="dsAlgoTests.DataStructureTest" name="verifyCodeExecutionforDataStructureIntroductionPage" time="0.000">
    <skipped/>
  </testcase> <!-- verifyCodeExecutionforDataStructureIntroductionPage -->
  <system-out/>
  <testcase classname="dsAlgoTests.DataStructureTest" name="verifyCodeExecutionforDataStructureIntroductionPage" time="0.000">
    <skipped/>
  </testcase> <!-- verifyCodeExecutionforDataStructureIntroductionPage -->
  <system-out/>
  <testcase classname="dsAlgoTests.DataStructureTest" name="verifyCodeExecutionforDataStructureIntroductionPage" time="0.000">
    <skipped/>
  </testcase> <!-- verifyCodeExecutionforDataStructureIntroductionPage -->
  <system-out/>
  <testcase classname="dsAlgoTests.DataStructureTest" name="verifyCodeExecutionforDataStructureIntroductionPage" time="0.000">
    <skipped/>
  </testcase> <!-- verifyCodeExecutionforDataStructureIntroductionPage -->
  <system-out/>
  <testcase classname="dsAlgoTests.DataStructureTest" name="verifyCodeExecutionforDataStructureIntroductionPage" time="0.000">
    <skipped/>
  </testcase> <!-- verifyCodeExecutionforDataStructureIntroductionPage -->
  <system-out/>
  <testcase classname="dsAlgoTests.DataStructureTest" name="verifyCodeExecutionforDataStructureIntroductionPage" time="0.000">
    <skipped/>
  </testcase> <!-- verifyCodeExecutionforDataStructureIntroductionPage -->
  <system-out/>
  <testcase classname="dsAlgoTests.DataStructureTest" name="verifyCodeExecutionforDataStructureIntroductionPage" time="1.086"/>
  <system-out/>
  <testcase classname="dsAlgoTests.DataStructureTest" name="verifyCodeExecutionforDataStructureIntroductionPage" time="0.000">
    <skipped/>
  </testcase> <!-- verifyCodeExecutionforDataStructureIntroductionPage -->
  <system-out/>
  <testcase classname="dsAlgoTests.DataStructureTest" name="verifyCodeExecutionforDataStructureIntroductionPage" time="0.000">
    <skipped/>
  </testcase> <!-- verifyCodeExecutionforDataStructureIntroductionPage -->
  <system-out/>
  <testcase classname="dsAlgoTests.DataStructureTest" name="verifyCodeExecutionforDataStructureIntroductionPage" time="1.038"/>
  <system-out/>
  <testcase classname="dsAlgoTests.DataStructureTest" name="verifyCodeExecutionforDataStructureIntroductionPage" time="0.000">
    <skipped/>
  </testcase> <!-- verifyCodeExecutionforDataStructureIntroductionPage -->
  <system-out/>
  <testcase classname="dsAlgoTests.DataStructureTest" name="verifyCodeExecutionforDataStructureIntroductionPage" time="0.000">
    <skipped/>
  </testcase> <!-- verifyCodeExecutionforDataStructureIntroductionPage -->
  <system-out/>
  <testcase classname="dsAlgoTests.DataStructureTest" name="verifyCodeExecutionforDataStructureIntroductionPage" time="0.000">
    <skipped/>
  </testcase> <!-- verifyCodeExecutionforDataStructureIntroductionPage -->
  <system-out/>
  <testcase classname="dsAlgoTests.DataStructureTest" name="verifyCodeExecutionforDataStructureIntroductionPage" time="0.000">
    <skipped/>
  </testcase> <!-- verifyCodeExecutionforDataStructureIntroductionPage -->
  <system-out/>
  <testcase classname="dsAlgoTests.DataStructureTest" name="verifyCodeExecutionforDataStructureIntroductionPage" time="0.000">
    <skipped/>
  </testcase> <!-- verifyCodeExecutionforDataStructureIntroductionPage -->
  <system-out/>
  <testcase classname="dsAlgoTests.DataStructureTest" name="verifyCodeExecutionforDataStructureIntroductionPage" time="0.000">
    <skipped/>
  </testcase> <!-- verifyCodeExecutionforDataStructureIntroductionPage -->
  <system-out/>
  <testcase classname="dsAlgoTests.DataStructureTest" name="verifyCodeExecutionforDataStructureIntroductionPage" time="0.000">
    <skipped/>
  </testcase> <!-- verifyCodeExecutionforDataStructureIntroductionPage -->
  <system-out/>
  <testcase classname="dsAlgoTests.DataStructureTest" name="verifyCodeExecutionforDataStructureIntroductionPage" time="0.000">
    <skipped/>
  </testcase> <!-- verifyCodeExecutionforDataStructureIntroductionPage -->
  <system-out/>
  <testcase classname="dsAlgoTests.DataStructureTest" name="verifyCodeExecutionforDataStructureIntroductionPage" time="0.000">
    <skipped/>
  </testcase> <!-- verifyCodeExecutionforDataStructureIntroductionPage -->
  <system-out/>
  <testcase classname="dsAlgoTests.DataStructureTest" name="verifyCodeExecutionforDataStructureIntroductionPage" time="0.000">
    <skipped/>
  </testcase> <!-- verifyCodeExecutionforDataStructureIntroductionPage -->
  <system-out/>
  <testcase classname="dsAlgoTests.DataStructureTest" name="verifyCodeExecutionforDataStructureIntroductionPage" time="0.000">
    <skipped/>
  </testcase> <!-- verifyCodeExecutionforDataStructureIntroductionPage -->
  <system-out/>
  <testcase classname="dsAlgoTests.DataStructureTest" name="verifyCodeExecutionforDataStructureIntroductionPage" time="0.000">
    <skipped/>
  </testcase> <!-- verifyCodeExecutionforDataStructureIntroductionPage -->
  <system-out/>
  <testcase classname="dsAlgoTests.DataStructureTest" name="verifyCodeExecutionforDataStructureIntroductionPage" time="0.000">
    <skipped/>
  </testcase> <!-- verifyCodeExecutionforDataStructureIntroductionPage -->
  <system-out/>
  <testcase classname="dsAlgoTests.DataStructureTest" name="verifyCodeExecutionforDataStructureIntroductionPage" time="0.000">
    <skipped/>
  </testcase> <!-- verifyCodeExecutionforDataStructureIntroductionPage -->
  <system-out/>
  <testcase classname="dsAlgoTests.DataStructureTest" name="verifyCodeExecutionforDataStructureIntroductionPage" time="0.000">
    <skipped/>
  </testcase> <!-- verifyCodeExecutionforDataStructureIntroductionPage -->
  <system-out/>
  <testcase classname="dsAlgoTests.DataStructureTest" name="verifyCodeExecutionforDataStructureIntroductionPage" time="0.000">
    <skipped/>
  </testcase> <!-- verifyCodeExecutionforDataStructureIntroductionPage -->
  <system-out/>
  <testcase classname="dsAlgoTests.DataStructureTest" name="verifyCodeExecutionforDataStructureIntroductionPage" time="0.000">
    <skipped/>
  </testcase> <!-- verifyCodeExecutionforDataStructureIntroductionPage -->
  <system-out/>
  <testcase classname="dsAlgoTests.DataStructureTest" name="verifyCodeExecutionforDataStructureIntroductionPage" time="0.000">
    <skipped/>
  </testcase> <!-- verifyCodeExecutionforDataStructureIntroductionPage -->
  <system-out/>
  <testcase classname="dsAlgoTests.DataStructureTest" name="verifyCodeExecutionforDataStructureIntroductionPage" time="0.000">
    <skipped/>
  </testcase> <!-- verifyCodeExecutionforDataStructureIntroductionPage -->
  <system-out/>
  <testcase classname="dsAlgoTests.DataStructureTest" name="verifyCodeExecutionforDataStructureIntroductionPage" time="0.000">
    <skipped/>
  </testcase> <!-- verifyCodeExecutionforDataStructureIntroductionPage -->
  <system-out/>
  <testcase classname="dsAlgoTests.DataStructureTest" name="verifyCodeExecutionforDataStructureIntroductionPage" time="0.000">
    <skipped/>
  </testcase> <!-- verifyCodeExecutionforDataStructureIntroductionPage -->
  <system-out/>
  <testcase classname="dsAlgoTests.DataStructureTest" name="verifyCodeExecutionforDataStructureIntroductionPage" time="0.000">
    <skipped/>
  </testcase> <!-- verifyCodeExecutionforDataStructureIntroductionPage -->
  <system-out/>
  <testcase classname="dsAlgoTests.DataStructureTest" name="verifyCodeExecutionforDataStructureIntroductionPage" time="1.045"/>
  <system-out/>
  <testcase classname="dsAlgoTests.DataStructureTest" name="verifyCodeExecutionforDataStructureIntroductionPage" time="0.000">
    <skipped/>
  </testcase> <!-- verifyCodeExecutionforDataStructureIntroductionPage -->
  <system-out/>
  <testcase classname="dsAlgoTests.DataStructureTest" name="verifyCodeExecutionforDataStructureIntroductionPage" time="0.000">
    <skipped/>
  </testcase> <!-- verifyCodeExecutionforDataStructureIntroductionPage -->
  <system-out/>
  <testcase classname="dsAlgoTests.DataStructureTest" name="verifyCodeExecutionforDataStructureIntroductionPage" time="0.000">
    <skipped/>
  </testcase> <!-- verifyCodeExecutionforDataStructureIntroductionPage -->
  <system-out/>
  <testcase classname="dsAlgoTests.DataStructureTest" name="verifyCodeExecutionforDataStructureIntroductionPage" time="0.000">
    <skipped/>
  </testcase> <!-- verifyCodeExecutionforDataStructureIntroductionPage -->
  <system-out/>
  <testcase classname="dsAlgoTests.DataStructureTest" name="verifyCodeExecutionforDataStructureIntroductionPage" time="0.000">
    <skipped/>
  </testcase> <!-- verifyCodeExecutionforDataStructureIntroductionPage -->
  <system-out/>
  <testcase classname="dsAlgoTests.DataStructureTest" name="verifyCodeExecutionforDataStructureIntroductionPage" time="0.000">
    <skipped/>
  </testcase> <!-- verifyCodeExecutionforDataStructureIntroductionPage -->
  <system-out/>
  <testcase classname="dsAlgoTests.DataStructureTest" name="verifyCodeExecutionforDataStructureIntroductionPage" time="0.000">
    <skipped/>
  </testcase> <!-- verifyCodeExecutionforDataStructureIntroductionPage -->
  <system-out/>
  <testcase classname="dsAlgoTests.DataStructureTest" name="verifyCodeExecutionforDataStructureIntroductionPage" time="0.000">
    <skipped/>
  </testcase> <!-- verifyCodeExecutionforDataStructureIntroductionPage -->
  <system-out/>
  <testcase classname="dsAlgoTests.DataStructureTest" name="verifyCodeExecutionforDataStructureIntroductionPage" time="0.000">
    <skipped/>
  </testcase> <!-- verifyCodeExecutionforDataStructureIntroductionPage -->
  <system-out/>
  <testcase classname="dsAlgoTests.DataStructureTest" name="verifyCodeExecutionforDataStructureIntroductionPage" time="0.000">
    <skipped/>
  </testcase> <!-- verifyCodeExecutionforDataStructureIntroductionPage -->
  <system-out/>
  <testcase classname="dsAlgoTests.DataStructureTest" name="verifyCodeExecutionforDataStructureIntroductionPage" time="1.642"/>
  <system-out/>
  <testcase classname="dsAlgoTests.DataStructureTest" name="verifyCodeExecutionforDataStructureIntroductionPage" time="0.000">
    <skipped/>
  </testcase> <!-- verifyCodeExecutionforDataStructureIntroductionPage -->
  <system-out/>
  <testcase classname="dsAlgoTests.DataStructureTest" name="verifyCodeExecutionforDataStructureIntroductionPage" time="0.000">
    <skipped/>
  </testcase> <!-- verifyCodeExecutionforDataStructureIntroductionPage -->
  <system-out/>
  <testcase classname="dsAlgoTests.DataStructureTest" name="verifyCodeExecutionforDataStructureIntroductionPage" time="0.000">
    <skipped/>
  </testcase> <!-- verifyCodeExecutionforDataStructureIntroductionPage -->
  <system-out/>
  <testcase classname="dsAlgoTests.DataStructureTest" name="verifyCodeExecutionforDataStructureIntroductionPage" time="0.000">
    <skipped/>
  </testcase> <!-- verifyCodeExecutionforDataStructureIntroductionPage -->
  <system-out/>
  <testcase classname="dsAlgoTests.DataStructureTest" name="verifyCodeExecutionforDataStructureIntroductionPage" time="0.000">
    <skipped/>
  </testcase> <!-- verifyCodeExecutionforDataStructureIntroductionPage -->
  <system-out/>
  <testcase classname="dsAlgoTests.DataStructureTest" name="verifyCodeExecutionforDataStructureIntroductionPage" time="0.000">
    <skipped/>
  </testcase> <!-- verifyCodeExecutionforDataStructureIntroductionPage -->
  <system-out/>
  <testcase classname="dsAlgoTests.DataStructureTest" name="verifyCodeExecutionforDataStructureIntroductionPage" time="0.000">
    <skipped/>
  </testcase> <!-- verifyCodeExecutionforDataStructureIntroductionPage -->
  <system-out/>
  <testcase classname="dsAlgoTests.DataStructureTest" name="verifyCodeExecutionforDataStructureIntroductionPage" time="0.000">
    <skipped/>
  </testcase> <!-- verifyCodeExecutionforDataStructureIntroductionPage -->
  <system-out/>
  <testcase classname="dsAlgoTests.DataStructureTest" name="verifyCodeExecutionforDataStructureIntroductionPage" time="0.000">
    <skipped/>
  </testcase> <!-- verifyCodeExecutionforDataStructureIntroductionPage -->
  <system-out/>
  <testcase classname="dsAlgoTests.DataStructureTest" name="verifyCodeExecutionforDataStructureIntroductionPage" time="0.000">
    <skipped/>
  </testcase> <!-- verifyCodeExecutionforDataStructureIntroductionPage -->
  <system-out/>
  <testcase classname="dsAlgoTests.DataStructureTest" name="verifyCodeExecutionforDataStructureIntroductionPage" time="0.000">
    <skipped/>
  </testcase> <!-- verifyCodeExecutionforDataStructureIntroductionPage -->
  <system-out/>
  <testcase classname="dsAlgoTests.DataStructureTest" name="verifyCodeExecutionforDataStructureIntroductionPage" time="0.000">
    <skipped/>
  </testcase> <!-- verifyCodeExecutionforDataStructureIntroductionPage -->
  <system-out/>
  <testcase classname="dsAlgoTests.DataStructureTest" name="verifyCodeExecutionforDataStructureIntroductionPage" time="0.000">
    <skipped/>
  </testcase> <!-- verifyCodeExecutionforDataStructureIntroductionPage -->
  <system-out/>
  <testcase classname="dsAlgoTests.DataStructureTest" name="verifyCodeExecutionforDataStructureIntroductionPage" time="0.000">
    <skipped/>
  </testcase> <!-- verifyCodeExecutionforDataStructureIntroductionPage -->
  <system-out/>
  <testcase classname="dsAlgoTests.DataStructureTest" name="verifyCodeExecutionforDataStructureIntroductionPage" time="1.078"/>
  <system-out/>
  <testcase classname="dsAlgoTests.DataStructureTest" name="verifyCodeExecutionforDataStructureIntroductionPage" time="0.000">
    <skipped/>
  </testcase> <!-- verifyCodeExecutionforDataStructureIntroductionPage -->
  <system-out/>
  <testcase classname="dsAlgoTests.DataStructureTest" name="verifyCodeExecutionforDataStructureIntroductionPage" time="0.000">
    <skipped/>
  </testcase> <!-- verifyCodeExecutionforDataStructureIntroductionPage -->
  <system-out/>
  <testcase classname="dsAlgoTests.DataStructureTest" name="verifyCodeExecutionforDataStructureIntroductionPage" time="0.000">
    <skipped/>
  </testcase> <!-- verifyCodeExecutionforDataStructureIntroductionPage -->
  <system-out/>
  <testcase classname="dsAlgoTests.DataStructureTest" name="verifyCodeExecutionforDataStructureIntroductionPage" time="0.000">
    <skipped/>
  </testcase> <!-- verifyCodeExecutionforDataStructureIntroductionPage -->
  <system-out/>
  <testcase classname="dsAlgoTests.DataStructureTest" name="verifyCodeExecutionforDataStructureIntroductionPage" time="0.000">
    <skipped/>
  </testcase> <!-- verifyCodeExecutionforDataStructureIntroductionPage -->
  <system-out/>
  <testcase classname="dsAlgoTests.DataStructureTest" name="checkErrorMessageWhenExecutingWithoutCodeInDataStructureIntroductionPage" time="0.931">
    <failure message="Test failed: Expected an error message when clicking the &#039;Run&#039; button without entering code, but no message was displayed." type="java.lang.AssertionError">
      <![CDATA[java.lang.AssertionError: Test failed: Expected an error message when clicking the 'Run' button without entering code, but no message was displayed.
at org.testng.Assert.fail(Assert.java:99)
at dsAlgoTests.DataStructureTest.checkErrorMessageWhenExecutingWithoutCodeInDataStructureIntroductionPage(DataStructureTest.java:85)
at java.base/jdk.internal.reflect.DirectMethodHandleAccessor.invoke(DirectMethodHandleAccessor.java:103)
at java.base/java.lang.reflect.Method.invoke(Method.java:580)
at org.testng.internal.MethodInvocationHelper.invokeMethod(MethodInvocationHelper.java:133)
at org.testng.internal.TestInvoker.invokeMethod(TestInvoker.java:598)
at org.testng.internal.TestInvoker.invokeTestMethod(TestInvoker.java:173)
at org.testng.internal.MethodRunner.runInSequence(MethodRunner.java:46)
at org.testng.internal.TestInvoker$MethodInvocationAgent.invoke(TestInvoker.java:824)
at org.testng.internal.TestInvoker.invokeTestMethods(TestInvoker.java:146)
at org.testng.internal.TestMethodWorker.invokeTestMethods(TestMethodWorker.java:146)
at org.testng.internal.TestMethodWorker.run(TestMethodWorker.java:128)
at java.base/java.util.ArrayList.forEach(ArrayList.java:1597)
at org.testng.TestRunner.privateRun(TestRunner.java:794)
at org.testng.TestRunner.run(TestRunner.java:596)
at org.testng.SuiteRunner.runTest(SuiteRunner.java:377)
at org.testng.SuiteRunner.access$000(SuiteRunner.java:28)
at org.testng.SuiteRunner$SuiteWorker.run(SuiteRunner.java:418)
at org.testng.internal.thread.ThreadUtil.lambda$execute$0(ThreadUtil.java:64)
at java.base/java.util.concurrent.FutureTask.run(FutureTask.java:317)
at java.base/java.util.concurrent.ThreadPoolExecutor.runWorker(ThreadPoolExecutor.java:1144)
at java.base/java.util.concurrent.ThreadPoolExecutor$Worker.run(ThreadPoolExecutor.java:642)
at java.base/java.lang.Thread.run(Thread.java:1575)
]]>
    </failure>
  </testcase> <!-- checkErrorMessageWhenExecutingWithoutCodeInDataStructureIntroductionPage -->
  <system-out/>
  <testcase classname="dsAlgoTests.DataStructureTest" name="verifyCodeExecutionforDataStructureIntroductionPage" time="1.068"/>
  <system-out/>
  <testcase classname="dsAlgoTests.DataStructureTest" name="verifyCodeExecutionforDataStructureIntroductionPage" time="0.000">
    <skipped/>
  </testcase> <!-- verifyCodeExecutionforDataStructureIntroductionPage -->
  <system-out/>
  <testcase classname="dsAlgoTests.DataStructureTest" name="verifyCodeExecutionforDataStructureIntroductionPage" time="0.000">
    <skipped/>
  </testcase> <!-- verifyCodeExecutionforDataStructureIntroductionPage -->
  <system-out/>
  <testcase classname="dsAlgoTests.DataStructureTest" name="verifyCodeExecutionforDataStructureIntroductionPage" time="0.000">
    <skipped/>
  </testcase> <!-- verifyCodeExecutionforDataStructureIntroductionPage -->
  <system-out/>
  <testcase classname="dsAlgoTests.DataStructureTest" name="verifyCodeExecutionforDataStructureIntroductionPage" time="0.000">
    <skipped/>
  </testcase> <!-- verifyCodeExecutionforDataStructureIntroductionPage -->
  <system-out/>
  <testcase classname="dsAlgoTests.DataStructureTest" name="verifyCodeExecutionforDataStructureIntroductionPage" time="0.000">
    <skipped/>
  </testcase> <!-- verifyCodeExecutionforDataStructureIntroductionPage -->
  <system-out/>
  <testcase classname="dsAlgoTests.DataStructureTest" name="verifyCodeExecutionforDataStructureIntroductionPage" time="0.000">
    <skipped/>
  </testcase> <!-- verifyCodeExecutionforDataStructureIntroductionPage -->
  <system-out/>
  <testcase classname="dsAlgoTests.DataStructureTest" name="verifyCodeExecutionforDataStructureIntroductionPage" time="0.000">
    <skipped/>
  </testcase> <!-- verifyCodeExecutionforDataStructureIntroductionPage -->
  <system-out/>
  <testcase classname="dsAlgoTests.DataStructureTest" name="verifyCodeExecutionforDataStructureIntroductionPage" time="0.000">
    <skipped/>
  </testcase> <!-- verifyCodeExecutionforDataStructureIntroductionPage -->
  <system-out/>
  <testcase classname="dsAlgoTests.DataStructureTest" name="verifyCodeExecutionforDataStructureIntroductionPage" time="0.000">
    <skipped/>
  </testcase> <!-- verifyCodeExecutionforDataStructureIntroductionPage -->
  <system-out/>
  <testcase classname="dsAlgoTests.DataStructureTest" name="verifyCodeExecutionforDataStructureIntroductionPage" time="0.000">
    <skipped/>
  </testcase> <!-- verifyCodeExecutionforDataStructureIntroductionPage -->
  <system-out/>
  <testcase classname="dsAlgoTests.DataStructureTest" name="verifyCodeExecutionforDataStructureIntroductionPage" time="0.000">
    <skipped/>
  </testcase> <!-- verifyCodeExecutionforDataStructureIntroductionPage -->
  <system-out/>
  <testcase classname="dsAlgoTests.DataStructureTest" name="verifyCodeExecutionforDataStructureIntroductionPage" time="0.000">
    <skipped/>
  </testcase> <!-- verifyCodeExecutionforDataStructureIntroductionPage -->
  <system-out/>
  <testcase classname="dsAlgoTests.DataStructureTest" name="verifyCodeExecutionforDataStructureIntroductionPage" time="0.000">
    <skipped/>
  </testcase> <!-- verifyCodeExecutionforDataStructureIntroductionPage -->
  <system-out/>
  <testcase classname="dsAlgoTests.DataStructureTest" name="verifyCodeExecutionforDataStructureIntroductionPage" time="0.000">
    <skipped/>
  </testcase> <!-- verifyCodeExecutionforDataStructureIntroductionPage -->
  <system-out/>
  <testcase classname="dsAlgoTests.DataStructureTest" name="verifyCodeExecutionforDataStructureIntroductionPage" time="0.000">
    <skipped/>
  </testcase> <!-- verifyCodeExecutionforDataStructureIntroductionPage -->
  <system-out/>
  <testcase classname="dsAlgoTests.DataStructureTest" name="verifyCodeExecutionforDataStructureIntroductionPage" time="0.000">
    <skipped/>
  </testcase> <!-- verifyCodeExecutionforDataStructureIntroductionPage -->
  <system-out/>
  <testcase classname="dsAlgoTests.DataStructureTest" name="verifyCodeExecutionforDataStructureIntroductionPage" time="0.000">
    <skipped/>
  </testcase> <!-- verifyCodeExecutionforDataStructureIntroductionPage -->
  <system-out/>
  <testcase classname="dsAlgoTests.DataStructureTest" name="verifyCodeExecutionforDataStructureIntroductionPage" time="0.000">
    <skipped/>
  </testcase> <!-- verifyCodeExecutionforDataStructureIntroductionPage -->
  <system-out/>
  <testcase classname="dsAlgoTests.DataStructureTest" name="verifyCodeExecutionforDataStructureIntroductionPage" time="0.000">
    <skipped/>
  </testcase> <!-- verifyCodeExecutionforDataStructureIntroductionPage -->
  <system-out/>
  <testcase classname="dsAlgoTests.DataStructureTest" name="verifyCodeExecutionforDataStructureIntroductionPage" time="0.000">
    <skipped/>
  </testcase> <!-- verifyCodeExecutionforDataStructureIntroductionPage -->
  <system-out/>
  <testcase classname="dsAlgoTests.DataStructureTest" name="verifyCodeExecutionforDataStructureIntroductionPage" time="0.000">
    <skipped/>
  </testcase> <!-- verifyCodeExecutionforDataStructureIntroductionPage -->
  <system-out/>
  <testcase classname="dsAlgoTests.DataStructureTest" name="verifyCodeExecutionforDataStructureIntroductionPage" time="0.000">
    <skipped/>
  </testcase> <!-- verifyCodeExecutionforDataStructureIntroductionPage -->
  <system-out/>
  <testcase classname="dsAlgoTests.DataStructureTest" name="verifyCodeExecutionforDataStructureIntroductionPage" time="0.000">
    <skipped/>
  </testcase> <!-- verifyCodeExecutionforDataStructureIntroductionPage -->
  <system-out/>
  <testcase classname="dsAlgoTests.DataStructureTest" name="verifyCodeExecutionforDataStructureIntroductionPage" time="0.000">
    <skipped/>
  </testcase> <!-- verifyCodeExecutionforDataStructureIntroductionPage -->
  <system-out/>
  <testcase classname="dsAlgoTests.DataStructureTest" name="verifyCodeExecutionforDataStructureIntroductionPage" time="0.000">
    <skipped/>
  </testcase> <!-- verifyCodeExecutionforDataStructureIntroductionPage -->
  <system-out/>
  <testcase classname="dsAlgoTests.DataStructureTest" name="verifyCodeExecutionforDataStructureIntroductionPage" time="0.000">
    <skipped/>
  </testcase> <!-- verifyCodeExecutionforDataStructureIntroductionPage -->
  <system-out/>
  <testcase classname="dsAlgoTests.DataStructureTest" name="verifyCodeExecutionforDataStructureIntroductionPage" time="0.000">
    <skipped/>
  </testcase> <!-- verifyCodeExecutionforDataStructureIntroductionPage -->
  <system-out/>
  <testcase classname="dsAlgoTests.DataStructureTest" name="verifyCodeExecutionforDataStructureIntroductionPage" time="0.000">
    <skipped/>
  </testcase> <!-- verifyCodeExecutionforDataStructureIntroductionPage -->
  <system-out/>
  <testcase classname="dsAlgoTests.DataStructureTest" name="verifyCodeExecutionforDataStructureIntroductionPage" time="0.000">
    <skipped/>
  </testcase> <!-- verifyCodeExecutionforDataStructureIntroductionPage -->
  <system-out/>
  <testcase classname="dsAlgoTests.DataStructureTest" name="verifyCodeExecutionforDataStructureIntroductionPage" time="0.000">
    <skipped/>
  </testcase> <!-- verifyCodeExecutionforDataStructureIntroductionPage -->
  <system-out/>
  <testcase classname="dsAlgoTests.DataStructureTest" name="verifyCodeExecutionforDataStructureIntroductionPage" time="0.000">
    <skipped/>
  </testcase> <!-- verifyCodeExecutionforDataStructureIntroductionPage -->
  <system-out/>
  <testcase classname="dsAlgoTests.DataStructureTest" name="verifyCodeExecutionforDataStructureIntroductionPage" time="0.000">
    <skipped/>
  </testcase> <!-- verifyCodeExecutionforDataStructureIntroductionPage -->
  <system-out/>
  <testcase classname="dsAlgoTests.DataStructureTest" name="verifyCodeExecutionforDataStructureIntroductionPage" time="0.000">
    <skipped/>
  </testcase> <!-- verifyCodeExecutionforDataStructureIntroductionPage -->
  <system-out/>
  <testcase classname="dsAlgoTests.DataStructureTest" name="verifyCodeExecutionforDataStructureIntroductionPage" time="0.000">
    <skipped/>
  </testcase> <!-- verifyCodeExecutionforDataStructureIntroductionPage -->
  <system-out/>
  <testcase classname="dsAlgoTests.DataStructureTest" name="verifyCodeExecutionforDataStructureIntroductionPage" time="0.000">
    <skipped/>
  </testcase> <!-- verifyCodeExecutionforDataStructureIntroductionPage -->
  <system-out/>
  <testcase classname="dsAlgoTests.DataStructureTest" name="verifyCodeExecutionforDataStructureIntroductionPage" time="1.045"/>
  <system-out/>
  <testcase classname="dsAlgoTests.DataStructureTest" name="verifyCodeExecutionforDataStructureIntroductionPage" time="0.000">
    <skipped/>
  </testcase> <!-- verifyCodeExecutionforDataStructureIntroductionPage -->
  <system-out/>
  <testcase classname="dsAlgoTests.DataStructureTest" name="verifyCodeExecutionforDataStructureIntroductionPage" time="0.000">
    <skipped/>
  </testcase> <!-- verifyCodeExecutionforDataStructureIntroductionPage -->
  <system-out/>
  <testcase classname="dsAlgoTests.DataStructureTest" name="verifyCodeExecutionforDataStructureIntroductionPage" time="0.000">
    <skipped/>
  </testcase> <!-- verifyCodeExecutionforDataStructureIntroductionPage -->
  <system-out/>
  <testcase classname="dsAlgoTests.DataStructureTest" name="verifyCodeExecutionforDataStructureIntroductionPage" time="0.000">
    <skipped/>
  </testcase> <!-- verifyCodeExecutionforDataStructureIntroductionPage -->
  <system-out/>
  <testcase classname="dsAlgoTests.DataStructureTest" name="verifyCodeExecutionforDataStructureIntroductionPage" time="0.000">
    <skipped/>
  </testcase> <!-- verifyCodeExecutionforDataStructureIntroductionPage -->
  <system-out/>
  <testcase classname="dsAlgoTests.DataStructureTest" name="verifyCodeExecutionforDataStructureIntroductionPage" time="1.070"/>
  <system-out/>
  <testcase classname="dsAlgoTests.DataStructureTest" name="verifyCodeExecutionforDataStructureIntroductionPage" time="0.000">
    <skipped/>
  </testcase> <!-- verifyCodeExecutionforDataStructureIntroductionPage -->
  <system-out/>
  <testcase classname="dsAlgoTests.DataStructureTest" name="verifyCodeExecutionforDataStructureIntroductionPage" time="0.000">
    <skipped/>
  </testcase> <!-- verifyCodeExecutionforDataStructureIntroductionPage -->
  <system-out/>
  <testcase classname="dsAlgoTests.DataStructureTest" name="verifyCodeExecutionforDataStructureIntroductionPage" time="0.000">
    <skipped/>
  </testcase> <!-- verifyCodeExecutionforDataStructureIntroductionPage -->
  <system-out/>
  <testcase classname="dsAlgoTests.DataStructureTest" name="verifyCodeExecutionforDataStructureIntroductionPage" time="0.000">
    <skipped/>
  </testcase> <!-- verifyCodeExecutionforDataStructureIntroductionPage -->
  <system-out/>
  <testcase classname="dsAlgoTests.DataStructureTest" name="verifyCodeExecutionforDataStructureIntroductionPage" time="0.000">
    <skipped/>
  </testcase> <!-- verifyCodeExecutionforDataStructureIntroductionPage -->
  <system-out/>
  <testcase classname="dsAlgoTests.DataStructureTest" name="verifyCodeExecutionforDataStructureIntroductionPage" time="0.000">
    <skipped/>
  </testcase> <!-- verifyCodeExecutionforDataStructureIntroductionPage -->
  <system-out/>
  <testcase classname="dsAlgoTests.DataStructureTest" name="verifyCodeExecutionforDataStructureIntroductionPage" time="0.000">
    <skipped/>
  </testcase> <!-- verifyCodeExecutionforDataStructureIntroductionPage -->
  <system-out/>
  <testcase classname="dsAlgoTests.DataStructureTest" name="verifyCodeExecutionforDataStructureIntroductionPage" time="0.000">
    <skipped/>
  </testcase> <!-- verifyCodeExecutionforDataStructureIntroductionPage -->
  <system-out/>
  <testcase classname="dsAlgoTests.DataStructureTest" name="verifyCodeExecutionforDataStructureIntroductionPage" time="0.000">
    <skipped/>
  </testcase> <!-- verifyCodeExecutionforDataStructureIntroductionPage -->
  <system-out/>
  <testcase classname="dsAlgoTests.DataStructureTest" name="verifyCodeExecutionforDataStructureIntroductionPage" time="0.000">
    <skipped/>
  </testcase> <!-- verifyCodeExecutionforDataStructureIntroductionPage -->
  <system-out/>
  <testcase classname="dsAlgoTests.DataStructureTest" name="verifyCodeExecutionforDataStructureIntroductionPage" time="0.000">
    <skipped/>
  </testcase> <!-- verifyCodeExecutionforDataStructureIntroductionPage -->
  <system-out/>
  <testcase classname="dsAlgoTests.DataStructureTest" name="verifyCodeExecutionforDataStructureIntroductionPage" time="0.000">
    <skipped/>
  </testcase> <!-- verifyCodeExecutionforDataStructureIntroductionPage -->
  <system-out/>
  <testcase classname="dsAlgoTests.DataStructureTest" name="verifyCodeExecutionforDataStructureIntroductionPage" time="0.000">
    <skipped/>
  </testcase> <!-- verifyCodeExecutionforDataStructureIntroductionPage -->
  <system-out/>
  <testcase classname="dsAlgoTests.DataStructureTest" name="verifyCodeExecutionforDataStructureIntroductionPage" time="0.000">
    <skipped/>
  </testcase> <!-- verifyCodeExecutionforDataStructureIntroductionPage -->
  <system-out/>
  <testcase classname="dsAlgoTests.DataStructureTest" name="verifyCodeExecutionforDataStructureIntroductionPage" time="0.000">
    <skipped/>
  </testcase> <!-- verifyCodeExecutionforDataStructureIntroductionPage -->
  <system-out/>
  <testcase classname="dsAlgoTests.DataStructureTest" name="verifyCodeExecutionforDataStructureIntroductionPage" time="0.000">
    <skipped/>
  </testcase> <!-- verifyCodeExecutionforDataStructureIntroductionPage -->
  <system-out/>
  <testcase classname="dsAlgoTests.DataStructureTest" name="verifyCodeExecutionforDataStructureIntroductionPage" time="0.000">
    <skipped/>
  </testcase> <!-- verifyCodeExecutionforDataStructureIntroductionPage -->
  <system-out/>
  <testcase classname="dsAlgoTests.DataStructureTest" name="verifyCodeExecutionforDataStructureIntroductionPage" time="0.000">
    <skipped/>
  </testcase> <!-- verifyCodeExecutionforDataStructureIntroductionPage -->
  <system-out/>
  <testcase classname="dsAlgoTests.DataStructureTest" name="verifyCodeExecutionforDataStructureIntroductionPage" time="0.000">
    <skipped/>
  </testcase> <!-- verifyCodeExecutionforDataStructureIntroductionPage -->
  <system-out/>
  <testcase classname="dsAlgoTests.DataStructureTest" name="verifyCodeExecutionforDataStructureIntroductionPage" time="0.000">
    <skipped/>
  </testcase> <!-- verifyCodeExecutionforDataStructureIntroductionPage -->
  <system-out/>
  <testcase classname="dsAlgoTests.DataStructureTest" name="verifyCodeExecutionforDataStructureIntroductionPage" time="0.000">
    <skipped/>
  </testcase> <!-- verifyCodeExecutionforDataStructureIntroductionPage -->
  <system-out/>
  <testcase classname="dsAlgoTests.DataStructureTest" name="verifyCodeExecutionforDataStructureIntroductionPage" time="0.000">
    <skipped/>
  </testcase> <!-- verifyCodeExecutionforDataStructureIntroductionPage -->
  <system-out/>
  <testcase classname="dsAlgoTests.DataStructureTest" name="verifyCodeExecutionforDataStructureIntroductionPage" time="0.000">
    <skipped/>
  </testcase> <!-- verifyCodeExecutionforDataStructureIntroductionPage -->
  <system-out/>
  <testcase classname="dsAlgoTests.DataStructureTest" name="verifyCodeExecutionforDataStructureIntroductionPage" time="0.000">
    <skipped/>
  </testcase> <!-- verifyCodeExecutionforDataStructureIntroductionPage -->
  <system-out/>
  <testcase classname="dsAlgoTests.DataStructureTest" name="verifyCodeExecutionforDataStructureIntroductionPage" time="0.000">
    <skipped/>
  </testcase> <!-- verifyCodeExecutionforDataStructureIntroductionPage -->
  <system-out/>
  <testcase classname="dsAlgoTests.DataStructureTest" name="verifyCodeExecutionforDataStructureIntroductionPage" time="0.000">
    <skipped/>
  </testcase> <!-- verifyCodeExecutionforDataStructureIntroductionPage -->
  <system-out/>
  <testcase classname="dsAlgoTests.DataStructureTest" name="verifyCodeExecutionforDataStructureIntroductionPage" time="0.000">
    <skipped/>
  </testcase> <!-- verifyCodeExecutionforDataStructureIntroductionPage -->
  <system-out/>
  <testcase classname="dsAlgoTests.DataStructureTest" name="verifyCodeExecutionforDataStructureIntroductionPage" time="0.000">
    <skipped/>
  </testcase> <!-- verifyCodeExecutionforDataStructureIntroductionPage -->
  <system-out/>
  <testcase classname="dsAlgoTests.DataStructureTest" name="verifyCodeExecutionforDataStructureIntroductionPage" time="0.000">
    <skipped/>
  </testcase> <!-- verifyCodeExecutionforDataStructureIntroductionPage -->
  <system-out/>
  <testcase classname="dsAlgoTests.DataStructureTest" name="verifyCodeExecutionforDataStructureIntroductionPage" time="0.000">
    <skipped/>
  </testcase> <!-- verifyCodeExecutionforDataStructureIntroductionPage -->
  <system-out/>
  <testcase classname="dsAlgoTests.DataStructureTest" name="verifyCodeExecutionforDataStructureIntroductionPage" time="0.000">
    <skipped/>
  </testcase> <!-- verifyCodeExecutionforDataStructureIntroductionPage -->
  <system-out/>
  <testcase classname="dsAlgoTests.DataStructureTest" name="verifyCodeExecutionforDataStructureIntroductionPage" time="0.000">
    <skipped/>
  </testcase> <!-- verifyCodeExecutionforDataStructureIntroductionPage -->
  <system-out/>
  <testcase classname="dsAlgoTests.DataStructureTest" name="verifyCodeExecutionforDataStructureIntroductionPage" time="0.000">
    <skipped/>
  </testcase> <!-- verifyCodeExecutionforDataStructureIntroductionPage -->
  <system-out/>
  <testcase classname="dsAlgoTests.DataStructureTest" name="verifyCodeExecutionforDataStructureIntroductionPage" time="0.000">
    <skipped/>
  </testcase> <!-- verifyCodeExecutionforDataStructureIntroductionPage -->
  <system-out/>
  <testcase classname="dsAlgoTests.DataStructureTest" name="verifyCodeExecutionforDataStructureIntroductionPage" time="0.000">
    <skipped/>
  </testcase> <!-- verifyCodeExecutionforDataStructureIntroductionPage -->
  <system-out/>
  <testcase classname="dsAlgoTests.DataStructureTest" name="verifyCodeExecutionforDataStructureIntroductionPage" time="0.000">
    <skipped/>
  </testcase> <!-- verifyCodeExecutionforDataStructureIntroductionPage -->
  <system-out/>
  <testcase classname="dsAlgoTests.DataStructureTest" name="verifyCodeExecutionforDataStructureIntroductionPage" time="0.000">
    <skipped/>
  </testcase> <!-- verifyCodeExecutionforDataStructureIntroductionPage -->
  <system-out/>
  <testcase classname="dsAlgoTests.DataStructureTest" name="verifyCodeExecutionforDataStructureIntroductionPage" time="0.000">
    <skipped/>
  </testcase> <!-- verifyCodeExecutionforDataStructureIntroductionPage -->
  <system-out/>
  <testcase classname="dsAlgoTests.DataStructureTest" name="verifyCodeExecutionforDataStructureIntroductionPage" time="0.000">
    <skipped/>
  </testcase> <!-- verifyCodeExecutionforDataStructureIntroductionPage -->
  <system-out/>
  <testcase classname="dsAlgoTests.DataStructureTest" name="verifyCodeExecutionforDataStructureIntroductionPage" time="0.000">
    <skipped/>
  </testcase> <!-- verifyCodeExecutionforDataStructureIntroductionPage -->
  <system-out/>
  <testcase classname="dsAlgoTests.DataStructureTest" name="verifyCodeExecutionforDataStructureIntroductionPage" time="0.000">
    <skipped/>
  </testcase> <!-- verifyCodeExecutionforDataStructureIntroductionPage -->
  <system-out/>
  <testcase classname="dsAlgoTests.DataStructureTest" name="verifyCodeExecutionforDataStructureIntroductionPage" time="0.000">
    <skipped/>
  </testcase> <!-- verifyCodeExecutionforDataStructureIntroductionPage -->
  <system-out/>
  <testcase classname="dsAlgoTests.DataStructureTest" name="verifyCodeExecutionforDataStructureIntroductionPage" time="0.000">
    <skipped/>
  </testcase> <!-- verifyCodeExecutionforDataStructureIntroductionPage -->
  <system-out/>
  <testcase classname="dsAlgoTests.DataStructureTest" name="verifyCodeExecutionforDataStructureIntroductionPage" time="0.000">
    <skipped/>
  </testcase> <!-- verifyCodeExecutionforDataStructureIntroductionPage -->
  <system-out/>
  <testcase classname="dsAlgoTests.DataStructureTest" name="verifyCodeExecutionforDataStructureIntroductionPage" time="0.000">
    <skipped/>
  </testcase> <!-- verifyCodeExecutionforDataStructureIntroductionPage -->
  <system-out/>
  <testcase classname="dsAlgoTests.DataStructureTest" name="verifyCodeExecutionforDataStructureIntroductionPage" time="0.000">
    <skipped/>
  </testcase> <!-- verifyCodeExecutionforDataStructureIntroductionPage -->
  <system-out/>
  <testcase classname="dsAlgoTests.DataStructureTest" name="verifyCodeExecutionforDataStructureIntroductionPage" time="0.000">
    <skipped/>
  </testcase> <!-- verifyCodeExecutionforDataStructureIntroductionPage -->
  <system-out/>
  <testcase classname="dsAlgoTests.DataStructureTest" name="verifyCodeExecutionforDataStructureIntroductionPage" time="0.000">
    <skipped/>
  </testcase> <!-- verifyCodeExecutionforDataStructureIntroductionPage -->
  <system-out/>
  <testcase classname="dsAlgoTests.DataStructureTest" name="verifyCodeExecutionforDataStructureIntroductionPage" time="0.000">
    <skipped/>
  </testcase> <!-- verifyCodeExecutionforDataStructureIntroductionPage -->
  <system-out/>
  <testcase classname="dsAlgoTests.DataStructureTest" name="verifyCodeExecutionforDataStructureIntroductionPage" time="0.000">
    <skipped/>
  </testcase> <!-- verifyCodeExecutionforDataStructureIntroductionPage -->
  <system-out/>
  <testcase classname="dsAlgoTests.DataStructureTest" name="verifyCodeExecutionforDataStructureIntroductionPage" time="0.000">
    <skipped/>
  </testcase> <!-- verifyCodeExecutionforDataStructureIntroductionPage -->
  <system-out/>
  <testcase classname="dsAlgoTests.DataStructureTest" name="verifyCodeExecutionforDataStructureIntroductionPage" time="0.000">
    <skipped/>
  </testcase> <!-- verifyCodeExecutionforDataStructureIntroductionPage -->
  <system-out/>
  <testcase classname="dsAlgoTests.DataStructureTest" name="verifyCodeExecutionforDataStructureIntroductionPage" time="0.000">
    <skipped/>
  </testcase> <!-- verifyCodeExecutionforDataStructureIntroductionPage -->
  <system-out/>
  <testcase classname="dsAlgoTests.DataStructureTest" name="verifyCodeExecutionforDataStructureIntroductionPage" time="0.000">
    <skipped/>
  </testcase> <!-- verifyCodeExecutionforDataStructureIntroductionPage -->
  <system-out/>
  <testcase classname="dsAlgoTests.DataStructureTest" name="verifyCodeExecutionforDataStructureIntroductionPage" time="0.000">
    <skipped/>
  </testcase> <!-- verifyCodeExecutionforDataStructureIntroductionPage -->
  <system-out/>
  <testcase classname="dsAlgoTests.DataStructureTest" name="verifyCodeExecutionforDataStructureIntroductionPage" time="0.000">
    <skipped/>
  </testcase> <!-- verifyCodeExecutionforDataStructureIntroductionPage -->
  <system-out/>
  <testcase classname="dsAlgoTests.DataStructureTest" name="verifyCodeExecutionforDataStructureIntroductionPage" time="0.000">
    <skipped/>
  </testcase> <!-- verifyCodeExecutionforDataStructureIntroductionPage -->
  <system-out/>
  <testcase classname="dsAlgoTests.DataStructureTest" name="verifyCodeExecutionforDataStructureIntroductionPage" time="0.000">
    <skipped/>
  </testcase> <!-- verifyCodeExecutionforDataStructureIntroductionPage -->
  <system-out/>
  <testcase classname="dsAlgoTests.DataStructureTest" name="verifyCodeExecutionforDataStructureIntroductionPage" time="0.000">
    <skipped/>
  </testcase> <!-- verifyCodeExecutionforDataStructureIntroductionPage -->
  <system-out/>
  <testcase classname="dsAlgoTests.DataStructureTest" name="verifyCodeExecutionforDataStructureIntroductionPage" time="0.000">
    <skipped/>
  </testcase> <!-- verifyCodeExecutionforDataStructureIntroductionPage -->
  <system-out/>
  <testcase classname="dsAlgoTests.DataStructureTest" name="verifyCodeExecutionforDataStructureIntroductionPage" time="0.000">
    <skipped/>
  </testcase> <!-- verifyCodeExecutionforDataStructureIntroductionPage -->
  <system-out/>
  <testcase classname="dsAlgoTests.DataStructureTest" name="verifyCodeExecutionforDataStructureIntroductionPage" time="0.000">
    <skipped/>
  </testcase> <!-- verifyCodeExecutionforDataStructureIntroductionPage -->
  <system-out/>
  <testcase classname="dsAlgoTests.DataStructureTest" name="verifyCodeExecutionforDataStructureIntroductionPage" time="0.000">
    <skipped/>
  </testcase> <!-- verifyCodeExecutionforDataStructureIntroductionPage -->
  <system-out/>
  <testcase classname="dsAlgoTests.DataStructureTest" name="verifyCodeExecutionforDataStructureIntroductionPage" time="0.000">
    <skipped/>
  </testcase> <!-- verifyCodeExecutionforDataStructureIntroductionPage -->
  <system-out/>
  <testcase classname="dsAlgoTests.DataStructureTest" name="verifyCodeExecutionforDataStructureIntroductionPage" time="0.000">
    <skipped/>
  </testcase> <!-- verifyCodeExecutionforDataStructureIntroductionPage -->
  <system-out/>
  <testcase classname="dsAlgoTests.DataStructureTest" name="verifyCodeExecutionforDataStructureIntroductionPage" time="0.000">
    <skipped/>
  </testcase> <!-- verifyCodeExecutionforDataStructureIntroductionPage -->
  <system-out/>
  <testcase classname="dsAlgoTests.DataStructureTest" name="verifyCodeExecutionforDataStructureIntroductionPage" time="0.000">
    <skipped/>
  </testcase> <!-- verifyCodeExecutionforDataStructureIntroductionPage -->
  <system-out/>
  <testcase classname="dsAlgoTests.DataStructureTest" name="verifyCodeExecutionforDataStructureIntroductionPage" time="0.000">
    <skipped/>
  </testcase> <!-- verifyCodeExecutionforDataStructureIntroductionPage -->
  <system-out/>
  <testcase classname="dsAlgoTests.DataStructureTest" name="seeListOfPracticeQuestionsonDataStructureIntroductionPage" time="0.494">
    <failure message="No practice questions found on the Practice Questions Page!" type="java.lang.AssertionError">
      <![CDATA[java.lang.AssertionError: No practice questions found on the Practice Questions Page!
at org.testng.Assert.fail(Assert.java:99)
at dsAlgoTests.DataStructureTest.seeListOfPracticeQuestionsonDataStructureIntroductionPage(DataStructureTest.java:75)
at java.base/jdk.internal.reflect.DirectMethodHandleAccessor.invoke(DirectMethodHandleAccessor.java:103)
at java.base/java.lang.reflect.Method.invoke(Method.java:580)
at org.testng.internal.MethodInvocationHelper.invokeMethod(MethodInvocationHelper.java:133)
at org.testng.internal.TestInvoker.invokeMethod(TestInvoker.java:598)
at org.testng.internal.TestInvoker.invokeTestMethod(TestInvoker.java:173)
at org.testng.internal.MethodRunner.runInSequence(MethodRunner.java:46)
at org.testng.internal.TestInvoker$MethodInvocationAgent.invoke(TestInvoker.java:824)
at org.testng.internal.TestInvoker.invokeTestMethods(TestInvoker.java:146)
at org.testng.internal.TestMethodWorker.invokeTestMethods(TestMethodWorker.java:146)
at org.testng.internal.TestMethodWorker.run(TestMethodWorker.java:128)
at java.base/java.util.ArrayList.forEach(ArrayList.java:1597)
at org.testng.TestRunner.privateRun(TestRunner.java:794)
at org.testng.TestRunner.run(TestRunner.java:596)
at org.testng.SuiteRunner.runTest(SuiteRunner.java:377)
at org.testng.SuiteRunner.access$000(SuiteRunner.java:28)
at org.testng.SuiteRunner$SuiteWorker.run(SuiteRunner.java:418)
at org.testng.internal.thread.ThreadUtil.lambda$execute$0(ThreadUtil.java:64)
at java.base/java.util.concurrent.FutureTask.run(FutureTask.java:317)
at java.base/java.util.concurrent.ThreadPoolExecutor.runWorker(ThreadPoolExecutor.java:1144)
at java.base/java.util.concurrent.ThreadPoolExecutor$Worker.run(ThreadPoolExecutor.java:642)
at java.base/java.lang.Thread.run(Thread.java:1575)
]]>
    </failure>
  </testcase> <!-- seeListOfPracticeQuestionsonDataStructureIntroductionPage -->
  <system-out/>
  <testcase classname="dsAlgoTests.DataStructureTest" name="verifyCodeExecutionforDataStructureIntroductionPage" time="0.000">
    <skipped/>
  </testcase> <!-- verifyCodeExecutionforDataStructureIntroductionPage -->
  <system-out/>
  <testcase classname="dsAlgoTests.DataStructureTest" name="verifyCodeExecutionforDataStructureIntroductionPage" time="0.000">
    <skipped/>
  </testcase> <!-- verifyCodeExecutionforDataStructureIntroductionPage -->
  <system-out/>
  <testcase classname="dsAlgoTests.DataStructureTest" name="verifyCodeExecutionforDataStructureIntroductionPage" time="0.000">
    <skipped/>
  </testcase> <!-- verifyCodeExecutionforDataStructureIntroductionPage -->
  <system-out/>
  <testcase classname="dsAlgoTests.DataStructureTest" name="verifyCodeExecutionforDataStructureIntroductionPage" time="0.000">
    <skipped/>
  </testcase> <!-- verifyCodeExecutionforDataStructureIntroductionPage -->
  <system-out/>
  <testcase classname="dsAlgoTests.DataStructureTest" name="verifyCodeExecutionforDataStructureIntroductionPage" time="0.000">
    <skipped/>
  </testcase> <!-- verifyCodeExecutionforDataStructureIntroductionPage -->
  <system-out/>
  <testcase classname="dsAlgoTests.DataStructureTest" name="verifyCodeExecutionforDataStructureIntroductionPage" time="0.000">
    <skipped/>
  </testcase> <!-- verifyCodeExecutionforDataStructureIntroductionPage -->
  <system-out/>
  <testcase classname="dsAlgoTests.DataStructureTest" name="verifyCodeExecutionforDataStructureIntroductionPage" time="0.000">
    <skipped/>
  </testcase> <!-- verifyCodeExecutionforDataStructureIntroductionPage -->
  <system-out/>
  <testcase classname="dsAlgoTests.DataStructureTest" name="verifyCodeExecutionforDataStructureIntroductionPage" time="0.000">
    <skipped/>
  </testcase> <!-- verifyCodeExecutionforDataStructureIntroductionPage -->
  <system-out/>
  <testcase classname="dsAlgoTests.DataStructureTest" name="verifyCodeExecutionforDataStructureIntroductionPage" time="0.000">
    <skipped/>
  </testcase> <!-- verifyCodeExecutionforDataStructureIntroductionPage -->
  <system-out/>
  <testcase classname="dsAlgoTests.DataStructureTest" name="verifyCodeExecutionforDataStructureIntroductionPage" time="0.000">
    <skipped/>
  </testcase> <!-- verifyCodeExecutionforDataStructureIntroductionPage -->
  <system-out/>
  <testcase classname="dsAlgoTests.DataStructureTest" name="verifyCodeExecutionforDataStructureIntroductionPage" time="0.000">
    <skipped/>
  </testcase> <!-- verifyCodeExecutionforDataStructureIntroductionPage -->
  <system-out/>
  <testcase classname="dsAlgoTests.DataStructureTest" name="verifyCodeExecutionforDataStructureIntroductionPage" time="0.000">
    <skipped/>
  </testcase> <!-- verifyCodeExecutionforDataStructureIntroductionPage -->
  <system-out/>
  <testcase classname="dsAlgoTests.DataStructureTest" name="verifyCodeExecutionforDataStructureIntroductionPage" time="0.000">
    <skipped/>
  </testcase> <!-- verifyCodeExecutionforDataStructureIntroductionPage -->
  <system-out/>
  <testcase classname="dsAlgoTests.DataStructureTest" name="verifyCodeExecutionforDataStructureIntroductionPage" time="0.000">
    <skipped/>
  </testcase> <!-- verifyCodeExecutionforDataStructureIntroductionPage -->
  <system-out/>
  <testcase classname="dsAlgoTests.DataStructureTest" name="verifyCodeExecutionforDataStructureIntroductionPage" time="0.000">
    <skipped/>
  </testcase> <!-- verifyCodeExecutionforDataStructureIntroductionPage -->
  <system-out/>
  <testcase classname="dsAlgoTests.DataStructureTest" name="verifyCodeExecutionforDataStructureIntroductionPage" time="0.000">
    <skipped/>
  </testcase> <!-- verifyCodeExecutionforDataStructureIntroductionPage -->
  <system-out/>
  <testcase classname="dsAlgoTests.DataStructureTest" name="verifyCodeExecutionforDataStructureIntroductionPage" time="0.000">
    <skipped/>
  </testcase> <!-- verifyCodeExecutionforDataStructureIntroductionPage -->
  <system-out/>
  <testcase classname="dsAlgoTests.DataStructureTest" name="verifyCodeExecutionforDataStructureIntroductionPage" time="0.000">
    <skipped/>
  </testcase> <!-- verifyCodeExecutionforDataStructureIntroductionPage -->
  <system-out/>
  <testcase classname="dsAlgoTests.DataStructureTest" name="verifyCodeExecutionforDataStructureIntroductionPage" time="0.000">
    <skipped/>
  </testcase> <!-- verifyCodeExecutionforDataStructureIntroductionPage -->
  <system-out/>
  <testcase classname="dsAlgoTests.DataStructureTest" name="verifyCodeExecutionforDataStructureIntroductionPage" time="0.000">
    <skipped/>
  </testcase> <!-- verifyCodeExecutionforDataStructureIntroductionPage -->
  <system-out/>
  <testcase classname="dsAlgoTests.DataStructureTest" name="verifyCodeExecutionforDataStructureIntroductionPage" time="0.000">
    <skipped/>
  </testcase> <!-- verifyCodeExecutionforDataStructureIntroductionPage -->
  <system-out/>
  <testcase classname="dsAlgoTests.DataStructureTest" name="verifyCodeExecutionforDataStructureIntroductionPage" time="0.000">
    <skipped/>
  </testcase> <!-- verifyCodeExecutionforDataStructureIntroductionPage -->
  <system-out/>
  <testcase classname="dsAlgoTests.DataStructureTest" name="verifyCodeExecutionforDataStructureIntroductionPage" time="0.000">
    <skipped/>
  </testcase> <!-- verifyCodeExecutionforDataStructureIntroductionPage -->
  <system-out/>
  <testcase classname="dsAlgoTests.DataStructureTest" name="verifyCodeExecutionforDataStructureIntroductionPage" time="0.000">
    <skipped/>
  </testcase> <!-- verifyCodeExecutionforDataStructureIntroductionPage -->
  <system-out/>
  <testcase classname="dsAlgoTests.DataStructureTest" name="verifyCodeExecutionforDataStructureIntroductionPage" time="0.000">
    <skipped/>
  </testcase> <!-- verifyCodeExecutionforDataStructureIntroductionPage -->
  <system-out/>
  <testcase classname="dsAlgoTests.DataStructureTest" name="verifyCodeExecutionforDataStructureIntroductionPage" time="0.000">
    <skipped/>
  </testcase> <!-- verifyCodeExecutionforDataStructureIntroductionPage -->
  <system-out/>
  <testcase classname="dsAlgoTests.DataStructureTest" name="verifyCodeExecutionforDataStructureIntroductionPage" time="0.000">
    <skipped/>
  </testcase> <!-- verifyCodeExecutionforDataStructureIntroductionPage -->
  <system-out/>
  <testcase classname="dsAlgoTests.DataStructureTest" name="verifyCodeExecutionforDataStructureIntroductionPage" time="0.000">
    <skipped/>
  </testcase> <!-- verifyCodeExecutionforDataStructureIntroductionPage -->
  <system-out/>
  <testcase classname="dsAlgoTests.DataStructureTest" name="verifyCodeExecutionforDataStructureIntroductionPage" time="0.000">
    <skipped/>
  </testcase> <!-- verifyCodeExecutionforDataStructureIntroductionPage -->
  <system-out/>
  <testcase classname="dsAlgoTests.DataStructureTest" name="verifyCodeExecutionforDataStructureIntroductionPage" time="0.000">
    <skipped/>
  </testcase> <!-- verifyCodeExecutionforDataStructureIntroductionPage -->
  <system-out/>
  <testcase classname="dsAlgoTests.DataStructureTest" name="verifyCodeExecutionforDataStructureIntroductionPage" time="0.000">
    <skipped/>
  </testcase> <!-- verifyCodeExecutionforDataStructureIntroductionPage -->
  <system-out/>
  <testcase classname="dsAlgoTests.DataStructureTest" name="verifyCodeExecutionforDataStructureIntroductionPage" time="0.000">
    <skipped/>
  </testcase> <!-- verifyCodeExecutionforDataStructureIntroductionPage -->
  <system-out/>
  <testcase classname="dsAlgoTests.DataStructureTest" name="verifyCodeExecutionforDataStructureIntroductionPage" time="0.000">
    <skipped/>
  </testcase> <!-- verifyCodeExecutionforDataStructureIntroductionPage -->
  <system-out/>
  <testcase classname="dsAlgoTests.DataStructureTest" name="verifyCodeExecutionforDataStructureIntroductionPage" time="0.000">
    <skipped/>
  </testcase> <!-- verifyCodeExecutionforDataStructureIntroductionPage -->
  <system-out/>
  <testcase classname="dsAlgoTests.DataStructureTest" name="verifyCodeExecutionforDataStructureIntroductionPage" time="0.000">
    <skipped/>
  </testcase> <!-- verifyCodeExecutionforDataStructureIntroductionPage -->
  <system-out/>
  <testcase classname="dsAlgoTests.DataStructureTest" name="verifyCodeExecutionforDataStructureIntroductionPage" time="0.000">
    <skipped/>
  </testcase> <!-- verifyCodeExecutionforDataStructureIntroductionPage -->
  <system-out/>
  <testcase classname="dsAlgoTests.DataStructureTest" name="verifyCodeExecutionforDataStructureIntroductionPage" time="0.000">
    <skipped/>
  </testcase> <!-- verifyCodeExecutionforDataStructureIntroductionPage -->
  <system-out/>
  <testcase classname="dsAlgoTests.DataStructureTest" name="verifyCodeExecutionforDataStructureIntroductionPage" time="0.000">
    <skipped/>
  </testcase> <!-- verifyCodeExecutionforDataStructureIntroductionPage -->
  <system-out/>
  <testcase classname="dsAlgoTests.DataStructureTest" name="verifyCodeExecutionforDataStructureIntroductionPage" time="0.000">
    <skipped/>
  </testcase> <!-- verifyCodeExecutionforDataStructureIntroductionPage -->
  <system-out/>
  <testcase classname="dsAlgoTests.DataStructureTest" name="verifyCodeExecutionforDataStructureIntroductionPage" time="0.000">
    <skipped/>
  </testcase> <!-- verifyCodeExecutionforDataStructureIntroductionPage -->
  <system-out/>
  <testcase classname="dsAlgoTests.DataStructureTest" name="verifyCodeExecutionforDataStructureIntroductionPage" time="0.000">
    <skipped/>
  </testcase> <!-- verifyCodeExecutionforDataStructureIntroductionPage -->
  <system-out/>
  <testcase classname="dsAlgoTests.DataStructureTest" name="verifyCodeExecutionforDataStructureIntroductionPage" time="0.000">
    <skipped/>
  </testcase> <!-- verifyCodeExecutionforDataStructureIntroductionPage -->
  <system-out/>
  <testcase classname="dsAlgoTests.DataStructureTest" name="verifyCodeExecutionforDataStructureIntroductionPage" time="0.000">
    <skipped/>
  </testcase> <!-- verifyCodeExecutionforDataStructureIntroductionPage -->
  <system-out/>
  <testcase classname="dsAlgoTests.DataStructureTest" name="verifyCodeExecutionforDataStructureIntroductionPage" time="1.072"/>
  <system-out/>
  <testcase classname="dsAlgoTests.DataStructureTest" name="verifyCodeExecutionforDataStructureIntroductionPage" time="0.000">
    <skipped/>
  </testcase> <!-- verifyCodeExecutionforDataStructureIntroductionPage -->
  <system-out/>
  <testcase classname="dsAlgoTests.DataStructureTest" name="verifyCodeExecutionforDataStructureIntroductionPage" time="0.000">
    <skipped/>
  </testcase> <!-- verifyCodeExecutionforDataStructureIntroductionPage -->
  <system-out/>
  <testcase classname="dsAlgoTests.DataStructureTest" name="verifyCodeExecutionforDataStructureIntroductionPage" time="0.000">
    <skipped/>
  </testcase> <!-- verifyCodeExecutionforDataStructureIntroductionPage -->
  <system-out/>
  <testcase classname="dsAlgoTests.DataStructureTest" name="verifyCodeExecutionforDataStructureIntroductionPage" time="0.000">
    <skipped/>
  </testcase> <!-- verifyCodeExecutionforDataStructureIntroductionPage -->
  <system-out/>
  <testcase classname="dsAlgoTests.DataStructureTest" name="verifyCodeExecutionforDataStructureIntroductionPage" time="0.000">
    <skipped/>
  </testcase> <!-- verifyCodeExecutionforDataStructureIntroductionPage -->
  <system-out/>
  <testcase classname="dsAlgoTests.DataStructureTest" name="verifyCodeExecutionforDataStructureIntroductionPage" time="0.000">
    <skipped/>
  </testcase> <!-- verifyCodeExecutionforDataStructureIntroductionPage -->
  <system-out/>
  <testcase classname="dsAlgoTests.DataStructureTest" name="verifyCodeExecutionforDataStructureIntroductionPage" time="0.000">
    <skipped/>
  </testcase> <!-- verifyCodeExecutionforDataStructureIntroductionPage -->
  <system-out/>
  <testcase classname="dsAlgoTests.DataStructureTest" name="verifyCodeExecutionforDataStructureIntroductionPage" time="0.000">
    <skipped/>
  </testcase> <!-- verifyCodeExecutionforDataStructureIntroductionPage -->
  <system-out/>
  <testcase classname="dsAlgoTests.DataStructureTest" name="verifyCodeExecutionforDataStructureIntroductionPage" time="0.000">
    <skipped/>
  </testcase> <!-- verifyCodeExecutionforDataStructureIntroductionPage -->
  <system-out/>
  <testcase classname="dsAlgoTests.DataStructureTest" name="verifyCodeExecutionforDataStructureIntroductionPage" time="0.000">
    <skipped/>
  </testcase> <!-- verifyCodeExecutionforDataStructureIntroductionPage -->
  <system-out/>
  <testcase classname="dsAlgoTests.DataStructureTest" name="verifyCodeExecutionforDataStructureIntroductionPage" time="0.000">
    <skipped/>
  </testcase> <!-- verifyCodeExecutionforDataStructureIntroductionPage -->
  <system-out/>
  <testcase classname="dsAlgoTests.DataStructureTest" name="verifyCodeExecutionforDataStructureIntroductionPage" time="1.187"/>
  <system-out/>
  <testcase classname="dsAlgoTests.DataStructureTest" name="verifyCodeExecutionforDataStructureIntroductionPage" time="0.000">
    <skipped/>
  </testcase> <!-- verifyCodeExecutionforDataStructureIntroductionPage -->
  <system-out/>
  <testcase classname="dsAlgoTests.DataStructureTest" name="verifyCodeExecutionforDataStructureIntroductionPage" time="0.000">
    <skipped/>
  </testcase> <!-- verifyCodeExecutionforDataStructureIntroductionPage -->
  <system-out/>
  <testcase classname="dsAlgoTests.DataStructureTest" name="verifyCodeExecutionforDataStructureIntroductionPage" time="0.000">
    <skipped/>
  </testcase> <!-- verifyCodeExecutionforDataStructureIntroductionPage -->
  <system-out/>
  <testcase classname="dsAlgoTests.DataStructureTest" name="verifyCodeExecutionforDataStructureIntroductionPage" time="0.000">
    <skipped/>
  </testcase> <!-- verifyCodeExecutionforDataStructureIntroductionPage -->
  <system-out/>
  <testcase classname="dsAlgoTests.DataStructureTest" name="verifyCodeExecutionforDataStructureIntroductionPage" time="0.000">
    <skipped/>
  </testcase> <!-- verifyCodeExecutionforDataStructureIntroductionPage -->
  <system-out/>
  <testcase classname="dsAlgoTests.DataStructureTest" name="verifyCodeExecutionforDataStructureIntroductionPage" time="0.000">
    <skipped/>
  </testcase> <!-- verifyCodeExecutionforDataStructureIntroductionPage -->
  <system-out/>
  <testcase classname="dsAlgoTests.DataStructureTest" name="verifyCodeExecutionforDataStructureIntroductionPage" time="0.000">
    <skipped/>
  </testcase> <!-- verifyCodeExecutionforDataStructureIntroductionPage -->
  <system-out/>
  <testcase classname="dsAlgoTests.DataStructureTest" name="verifyCodeExecutionforDataStructureIntroductionPage" time="0.000">
    <skipped/>
  </testcase> <!-- verifyCodeExecutionforDataStructureIntroductionPage -->
  <system-out/>
  <testcase classname="dsAlgoTests.DataStructureTest" name="verifyCodeExecutionforDataStructureIntroductionPage" time="0.000">
    <skipped/>
  </testcase> <!-- verifyCodeExecutionforDataStructureIntroductionPage -->
  <system-out/>
  <testcase classname="dsAlgoTests.DataStructureTest" name="verifyCodeExecutionforDataStructureIntroductionPage" time="0.000">
    <skipped/>
  </testcase> <!-- verifyCodeExecutionforDataStructureIntroductionPage -->
  <system-out/>
  <testcase classname="dsAlgoTests.DataStructureTest" name="verifyCodeExecutionforDataStructureIntroductionPage" time="0.000">
    <skipped/>
  </testcase> <!-- verifyCodeExecutionforDataStructureIntroductionPage -->
  <system-out/>
  <testcase classname="dsAlgoTests.DataStructureTest" name="verifyCodeExecutionforDataStructureIntroductionPage" time="0.000">
    <skipped/>
  </testcase> <!-- verifyCodeExecutionforDataStructureIntroductionPage -->
  <system-out/>
  <testcase classname="dsAlgoTests.DataStructureTest" name="verifyCodeExecutionforDataStructureIntroductionPage" time="0.000">
    <skipped/>
  </testcase> <!-- verifyCodeExecutionforDataStructureIntroductionPage -->
  <system-out/>
  <testcase classname="dsAlgoTests.DataStructureTest" name="verifyCodeExecutionforDataStructureIntroductionPage" time="0.000">
    <skipped/>
  </testcase> <!-- verifyCodeExecutionforDataStructureIntroductionPage -->
  <system-out/>
  <testcase classname="dsAlgoTests.DataStructureTest" name="verifyCodeExecutionforDataStructureIntroductionPage" time="0.000">
    <skipped/>
  </testcase> <!-- verifyCodeExecutionforDataStructureIntroductionPage -->
  <system-out/>
  <testcase classname="dsAlgoTests.DataStructureTest" name="verifyCodeExecutionforDataStructureIntroductionPage" time="0.000">
    <skipped/>
  </testcase> <!-- verifyCodeExecutionforDataStructureIntroductionPage -->
  <system-out/>
  <testcase classname="dsAlgoTests.DataStructureTest" name="verifyCodeExecutionforDataStructureIntroductionPage" time="0.000">
    <skipped/>
  </testcase> <!-- verifyCodeExecutionforDataStructureIntroductionPage -->
  <system-out/>
  <testcase classname="dsAlgoTests.DataStructureTest" name="verifyCodeExecutionforDataStructureIntroductionPage" time="0.000">
    <skipped/>
  </testcase> <!-- verifyCodeExecutionforDataStructureIntroductionPage -->
  <system-out/>
  <testcase classname="dsAlgoTests.DataStructureTest" name="verifyCodeExecutionforDataStructureIntroductionPage" time="0.000">
    <skipped/>
  </testcase> <!-- verifyCodeExecutionforDataStructureIntroductionPage -->
  <system-out/>
  <testcase classname="dsAlgoTests.DataStructureTest" name="verifyCodeExecutionforDataStructureIntroductionPage" time="0.000">
    <skipped/>
  </testcase> <!-- verifyCodeExecutionforDataStructureIntroductionPage -->
  <system-out/>
  <testcase classname="dsAlgoTests.DataStructureTest" name="verifyCodeExecutionforDataStructureIntroductionPage" time="0.000">
    <skipped/>
  </testcase> <!-- verifyCodeExecutionforDataStructureIntroductionPage -->
  <system-out/>
  <testcase classname="dsAlgoTests.DataStructureTest" name="verifyCodeExecutionforDataStructureIntroductionPage" time="0.000">
    <skipped/>
  </testcase> <!-- verifyCodeExecutionforDataStructureIntroductionPage -->
  <system-out/>
  <testcase classname="dsAlgoTests.DataStructureTest" name="verifyCodeExecutionforDataStructureIntroductionPage" time="0.000">
    <skipped/>
  </testcase> <!-- verifyCodeExecutionforDataStructureIntroductionPage -->
  <system-out/>
  <testcase classname="dsAlgoTests.DataStructureTest" name="verifyCodeExecutionforDataStructureIntroductionPage" time="0.000">
    <skipped/>
  </testcase> <!-- verifyCodeExecutionforDataStructureIntroductionPage -->
  <system-out/>
  <testcase classname="dsAlgoTests.DataStructureTest" name="verifyCodeExecutionforDataStructureIntroductionPage" time="0.000">
    <skipped/>
  </testcase> <!-- verifyCodeExecutionforDataStructureIntroductionPage -->
  <system-out/>
  <testcase classname="dsAlgoTests.DataStructureTest" name="verifyCodeExecutionforDataStructureIntroductionPage" time="0.000">
    <skipped/>
  </testcase> <!-- verifyCodeExecutionforDataStructureIntroductionPage -->
  <system-out/>
  <testcase classname="dsAlgoTests.DataStructureTest" name="verifyCodeExecutionforDataStructureIntroductionPage" time="0.000">
    <skipped/>
  </testcase> <!-- verifyCodeExecutionforDataStructureIntroductionPage -->
  <system-out/>
  <testcase classname="dsAlgoTests.DataStructureTest" name="verifyCodeExecutionforDataStructureIntroductionPage" time="0.000">
    <skipped/>
  </testcase> <!-- verifyCodeExecutionforDataStructureIntroductionPage -->
  <system-out/>
  <testcase classname="dsAlgoTests.DataStructureTest" name="verifyCodeExecutionforDataStructureIntroductionPage" time="0.000">
    <skipped/>
  </testcase> <!-- verifyCodeExecutionforDataStructureIntroductionPage -->
  <system-out/>
  <testcase classname="dsAlgoTests.DataStructureTest" name="verifyCodeExecutionforDataStructureIntroductionPage" time="0.000">
    <skipped/>
  </testcase> <!-- verifyCodeExecutionforDataStructureIntroductionPage -->
  <system-out/>
  <testcase classname="dsAlgoTests.DataStructureTest" name="verifyCodeExecutionforDataStructureIntroductionPage" time="0.000">
    <skipped/>
  </testcase> <!-- verifyCodeExecutionforDataStructureIntroductionPage -->
  <system-out/>
  <testcase classname="dsAlgoTests.DataStructureTest" name="verifyCodeExecutionforDataStructureIntroductionPage" time="0.000">
    <skipped/>
  </testcase> <!-- verifyCodeExecutionforDataStructureIntroductionPage -->
  <system-out/>
  <testcase classname="dsAlgoTests.DataStructureTest" name="verifyCodeExecutionforDataStructureIntroductionPage" time="0.000">
    <skipped/>
  </testcase> <!-- verifyCodeExecutionforDataStructureIntroductionPage -->
  <system-out/>
  <testcase classname="dsAlgoTests.DataStructureTest" name="verifyCodeExecutionforDataStructureIntroductionPage" time="0.000">
    <skipped/>
  </testcase> <!-- verifyCodeExecutionforDataStructureIntroductionPage -->
  <system-out/>
  <testcase classname="dsAlgoTests.DataStructureTest" name="verifyCodeExecutionforDataStructureIntroductionPage" time="0.000">
    <skipped/>
  </testcase> <!-- verifyCodeExecutionforDataStructureIntroductionPage -->
  <system-out/>
  <testcase classname="dsAlgoTests.DataStructureTest" name="verifyCodeExecutionforDataStructureIntroductionPage" time="0.000">
    <skipped/>
  </testcase> <!-- verifyCodeExecutionforDataStructureIntroductionPage -->
  <system-out/>
  <testcase classname="dsAlgoTests.DataStructureTest" name="verifyCodeExecutionforDataStructureIntroductionPage" time="0.000">
    <skipped/>
  </testcase> <!-- verifyCodeExecutionforDataStructureIntroductionPage -->
  <system-out/>
  <testcase classname="dsAlgoTests.DataStructureTest" name="verifyCodeExecutionforDataStructureIntroductionPage" time="0.000">
    <skipped/>
  </testcase> <!-- verifyCodeExecutionforDataStructureIntroductionPage -->
  <system-out/>
  <testcase classname="dsAlgoTests.DataStructureTest" name="verifyCodeExecutionforDataStructureIntroductionPage" time="0.000">
    <skipped/>
  </testcase> <!-- verifyCodeExecutionforDataStructureIntroductionPage -->
  <system-out/>
  <testcase classname="dsAlgoTests.DataStructureTest" name="verifyCodeExecutionforDataStructureIntroductionPage" time="0.000">
    <skipped/>
  </testcase> <!-- verifyCodeExecutionforDataStructureIntroductionPage -->
  <system-out/>
  <testcase classname="dsAlgoTests.DataStructureTest" name="verifyCodeExecutionforDataStructureIntroductionPage" time="0.000">
    <skipped/>
  </testcase> <!-- verifyCodeExecutionforDataStructureIntroductionPage -->
  <system-out/>
  <testcase classname="dsAlgoTests.DataStructureTest" name="verifyCodeExecutionforDataStructureIntroductionPage" time="0.000">
    <skipped/>
  </testcase> <!-- verifyCodeExecutionforDataStructureIntroductionPage -->
  <system-out/>
  <testcase classname="dsAlgoTests.DataStructureTest" name="verifyCodeExecutionforDataStructureIntroductionPage" time="0.000">
    <skipped/>
  </testcase> <!-- verifyCodeExecutionforDataStructureIntroductionPage -->
  <system-out/>
  <testcase classname="dsAlgoTests.DataStructureTest" name="verifyCodeExecutionforDataStructureIntroductionPage" time="0.000">
    <skipped/>
  </testcase> <!-- verifyCodeExecutionforDataStructureIntroductionPage -->
  <system-out/>
  <testcase classname="dsAlgoTests.DataStructureTest" name="verifyCodeExecutionforDataStructureIntroductionPage" time="0.000">
    <skipped/>
  </testcase> <!-- verifyCodeExecutionforDataStructureIntroductionPage -->
  <system-out/>
  <testcase classname="dsAlgoTests.DataStructureTest" name="verifyCodeExecutionforDataStructureIntroductionPage" time="1.020"/>
  <system-out/>
  <testcase classname="dsAlgoTests.DataStructureTest" name="verifyCodeExecutionforDataStructureIntroductionPage" time="0.000">
    <skipped/>
  </testcase> <!-- verifyCodeExecutionforDataStructureIntroductionPage -->
  <system-out/>
  <testcase classname="dsAlgoTests.DataStructureTest" name="verifyCodeExecutionforDataStructureIntroductionPage" time="0.000">
    <skipped/>
  </testcase> <!-- verifyCodeExecutionforDataStructureIntroductionPage -->
  <system-out/>
  <testcase classname="dsAlgoTests.DataStructureTest" name="verifyCodeExecutionforDataStructureIntroductionPage" time="0.000">
    <skipped/>
  </testcase> <!-- verifyCodeExecutionforDataStructureIntroductionPage -->
  <system-out/>
  <testcase classname="dsAlgoTests.DataStructureTest" name="verifyCodeExecutionforDataStructureIntroductionPage" time="1.092"/>
  <system-out/>
  <testcase classname="dsAlgoTests.DataStructureTest" name="verifyCodeExecutionforDataStructureIntroductionPage" time="0.000">
    <skipped/>
  </testcase> <!-- verifyCodeExecutionforDataStructureIntroductionPage -->
  <system-out/>
  <testcase classname="dsAlgoTests.DataStructureTest" name="verifyCodeExecutionforDataStructureIntroductionPage" time="0.000">
    <skipped/>
  </testcase> <!-- verifyCodeExecutionforDataStructureIntroductionPage -->
  <system-out/>
  <testcase classname="dsAlgoTests.DataStructureTest" name="verifyCodeExecutionforDataStructureIntroductionPage" time="0.000">
    <skipped/>
  </testcase> <!-- verifyCodeExecutionforDataStructureIntroductionPage -->
  <system-out/>
  <testcase classname="dsAlgoTests.DataStructureTest" name="verifyCodeExecutionforDataStructureIntroductionPage" time="0.000">
    <skipped/>
  </testcase> <!-- verifyCodeExecutionforDataStructureIntroductionPage -->
  <system-out/>
  <testcase classname="dsAlgoTests.DataStructureTest" name="verifyCodeExecutionforDataStructureIntroductionPage" time="0.000">
    <skipped/>
  </testcase> <!-- verifyCodeExecutionforDataStructureIntroductionPage -->
  <system-out/>
  <testcase classname="dsAlgoTests.DataStructureTest" name="verifyCodeExecutionforDataStructureIntroductionPage" time="1.098"/>
  <system-out/>
  <testcase classname="dsAlgoTests.DataStructureTest" name="verifyCodeExecutionforDataStructureIntroductionPage" time="0.000">
    <skipped/>
  </testcase> <!-- verifyCodeExecutionforDataStructureIntroductionPage -->
  <system-out/>
  <testcase classname="dsAlgoTests.DataStructureTest" name="verifyCodeExecutionforDataStructureIntroductionPage" time="0.000">
    <skipped/>
  </testcase> <!-- verifyCodeExecutionforDataStructureIntroductionPage -->
  <system-out/>
  <testcase classname="dsAlgoTests.DataStructureTest" name="verifyCodeExecutionforDataStructureIntroductionPage" time="0.000">
    <skipped/>
  </testcase> <!-- verifyCodeExecutionforDataStructureIntroductionPage -->
  <system-out/>
  <testcase classname="dsAlgoTests.DataStructureTest" name="verifyCodeExecutionforDataStructureIntroductionPage" time="0.000">
    <skipped/>
  </testcase> <!-- verifyCodeExecutionforDataStructureIntroductionPage -->
  <system-out/>
  <testcase classname="dsAlgoTests.DataStructureTest" name="verifyCodeExecutionforDataStructureIntroductionPage" time="1.076"/>
  <system-out/>
  <testcase classname="dsAlgoTests.DataStructureTest" name="verifyCodeExecutionforDataStructureIntroductionPage" time="0.000">
    <skipped/>
  </testcase> <!-- verifyCodeExecutionforDataStructureIntroductionPage -->
  <system-out/>
  <testcase classname="dsAlgoTests.DataStructureTest" name="verifyCodeExecutionforDataStructureIntroductionPage" time="0.000">
    <skipped/>
  </testcase> <!-- verifyCodeExecutionforDataStructureIntroductionPage -->
  <system-out/>
  <testcase classname="dsAlgoTests.DataStructureTest" name="verifyCodeExecutionforDataStructureIntroductionPage" time="0.000">
    <skipped/>
  </testcase> <!-- verifyCodeExecutionforDataStructureIntroductionPage -->
  <system-out/>
  <testcase classname="dsAlgoTests.DataStructureTest" name="verifyCodeExecutionforDataStructureIntroductionPage" time="0.000">
    <skipped/>
  </testcase> <!-- verifyCodeExecutionforDataStructureIntroductionPage -->
  <system-out/>
  <testcase classname="dsAlgoTests.DataStructureTest" name="verifyCodeExecutionforDataStructureIntroductionPage" time="0.000">
    <skipped/>
  </testcase> <!-- verifyCodeExecutionforDataStructureIntroductionPage -->
  <system-out/>
  <testcase classname="dsAlgoTests.DataStructureTest" name="verifyCodeExecutionforDataStructureIntroductionPage" time="0.000">
    <skipped/>
  </testcase> <!-- verifyCodeExecutionforDataStructureIntroductionPage -->
  <system-out/>
  <testcase classname="dsAlgoTests.DataStructureTest" name="verifyCodeExecutionforDataStructureIntroductionPage" time="0.000">
    <skipped/>
  </testcase> <!-- verifyCodeExecutionforDataStructureIntroductionPage -->
  <system-out/>
  <testcase classname="dsAlgoTests.DataStructureTest" name="verifyCodeExecutionforDataStructureIntroductionPage" time="0.000">
    <skipped/>
  </testcase> <!-- verifyCodeExecutionforDataStructureIntroductionPage -->
  <system-out/>
  <testcase classname="dsAlgoTests.DataStructureTest" name="verifyCodeExecutionforDataStructureIntroductionPage" time="0.000">
    <skipped/>
  </testcase> <!-- verifyCodeExecutionforDataStructureIntroductionPage -->
  <system-out/>
  <testcase classname="dsAlgoTests.DataStructureTest" name="verifyCodeExecutionforDataStructureIntroductionPage" time="0.000">
    <skipped/>
  </testcase> <!-- verifyCodeExecutionforDataStructureIntroductionPage -->
  <system-out/>
  <testcase classname="dsAlgoTests.DataStructureTest" name="tearDownTest" time="0.002">
    <error message="no such window: target window already closed
from unknown error: web view not found
  (Session info: chrome=132.0.6834.160)
Build info: version: &#039;4.17.0&#039;, revision: &#039;e52b1be057*&#039;
System info: os.name: &#039;Windows 11&#039;, os.arch: &#039;amd64&#039;, os.version: &#039;10.0&#039;, java.version: &#039;23.0.1&#039;
Driver info: org.openqa.selenium.chrome.ChromeDriver
Command: [e6a239b34c1f547b44660f897e272624, screenshot {}]
Capabilities {acceptInsecureCerts: false, browserName: chrome, browserVersion: 132.0.6834.160, chrome: {chromedriverVersion: 132.0.6834.159 (2d77d3fc445..., userDataDir: C:\Users\shaal\AppData\Loca...}, fedcm:accounts: true, goog:chromeOptions: {debuggerAddress: localhost:53768}, networkConnectionEnabled: false, pageLoadStrategy: normal, platformName: windows, proxy: Proxy(), se:cdp: ws://localhost:53768/devtoo..., se:cdpVersion: 132.0.6834.160, setWindowRect: true, strictFileInteractability: false, timeouts: {implicit: 0, pageLoad: 300000, script: 30000}, unhandledPromptBehavior: dismiss and notify, webauthn:extension:credBlob: true, webauthn:extension:largeBlob: true, webauthn:extension:minPinLength: true, webauthn:extension:prf: true, webauthn:virtualAuthenticators: true}
Session ID: e6a239b34c1f547b44660f897e272624" type="org.openqa.selenium.NoSuchWindowException">
      <![CDATA[org.openqa.selenium.NoSuchWindowException: no such window: target window already closed
from unknown error: web view not found
  (Session info: chrome=132.0.6834.160)
Build info: version: '4.17.0', revision: 'e52b1be057*'
System info: os.name: 'Windows 11', os.arch: 'amd64', os.version: '10.0', java.version: '23.0.1'
Driver info: org.openqa.selenium.chrome.ChromeDriver
Command: [e6a239b34c1f547b44660f897e272624, screenshot {}]
Capabilities {acceptInsecureCerts: false, browserName: chrome, browserVersion: 132.0.6834.160, chrome: {chromedriverVersion: 132.0.6834.159 (2d77d3fc445..., userDataDir: C:\Users\shaal\AppData\Loca...}, fedcm:accounts: true, goog:chromeOptions: {debuggerAddress: localhost:53768}, networkConnectionEnabled: false, pageLoadStrategy: normal, platformName: windows, proxy: Proxy(), se:cdp: ws://localhost:53768/devtoo..., se:cdpVersion: 132.0.6834.160, setWindowRect: true, strictFileInteractability: false, timeouts: {implicit: 0, pageLoad: 300000, script: 30000}, unhandledPromptBehavior: dismiss and notify, webauthn:extension:credBlob: true, webauthn:extension:largeBlob: true, webauthn:extension:minPinLength: true, webauthn:extension:prf: true, webauthn:virtualAuthenticators: true}
Session ID: e6a239b34c1f547b44660f897e272624
at java.base/jdk.internal.reflect.DirectConstructorHandleAccessor.newInstance(DirectConstructorHandleAccessor.java:62)
at java.base/java.lang.reflect.Constructor.newInstanceWithCaller(Constructor.java:501)
at java.base/java.lang.reflect.Constructor.newInstance(Constructor.java:485)
at org.openqa.selenium.remote.codec.w3c.W3CHttpResponseCodec.createException(W3CHttpResponseCodec.java:185)
at org.openqa.selenium.remote.codec.w3c.W3CHttpResponseCodec.decode(W3CHttpResponseCodec.java:134)
at org.openqa.selenium.remote.codec.w3c.W3CHttpResponseCodec.decode(W3CHttpResponseCodec.java:51)
at org.openqa.selenium.remote.HttpCommandExecutor.execute(HttpCommandExecutor.java:190)
at org.openqa.selenium.remote.service.DriverCommandExecutor.invokeExecute(DriverCommandExecutor.java:216)
at org.openqa.selenium.remote.service.DriverCommandExecutor.execute(DriverCommandExecutor.java:174)
at org.openqa.selenium.remote.RemoteWebDriver.execute(RemoteWebDriver.java:519)
at org.openqa.selenium.remote.RemoteWebDriver.execute(RemoteWebDriver.java:592)
at org.openqa.selenium.remote.RemoteWebDriver.execute(RemoteWebDriver.java:596)
at org.openqa.selenium.remote.RemoteWebDriver.getScreenshotAs(RemoteWebDriver.java:322)
at dsAlgoHooks.Hooks.tearDownTest(Hooks.java:45)
at java.base/jdk.internal.reflect.DirectMethodHandleAccessor.invoke(DirectMethodHandleAccessor.java:103)
at java.base/java.lang.reflect.Method.invoke(Method.java:580)
at org.testng.internal.MethodInvocationHelper.invokeMethod(MethodInvocationHelper.java:133)
at org.testng.internal.MethodInvocationHelper.invokeMethodConsideringTimeout(MethodInvocationHelper.java:62)
at org.testng.internal.ConfigInvoker.invokeConfigurationMethod(ConfigInvoker.java:385)
at org.testng.internal.ConfigInvoker.invokeConfigurations(ConfigInvoker.java:321)
at org.testng.internal.TestInvoker.runConfigMethods(TestInvoker.java:700)
at org.testng.internal.TestInvoker.runAfterGroupsConfigurations(TestInvoker.java:676)
at org.testng.internal.TestInvoker.invokeMethod(TestInvoker.java:660)
at org.testng.internal.TestInvoker.invokeTestMethod(TestInvoker.java:173)
at org.testng.internal.MethodRunner.runInSequence(MethodRunner.java:46)
at org.testng.internal.TestInvoker$MethodInvocationAgent.invoke(TestInvoker.java:824)
at org.testng.internal.TestInvoker.invokeTestMethods(TestInvoker.java:146)
at org.testng.internal.TestMethodWorker.invokeTestMethods(TestMethodWorker.java:146)
at org.testng.internal.TestMethodWorker.run(TestMethodWorker.java:128)
at java.base/java.util.ArrayList.forEach(ArrayList.java:1597)
at org.testng.TestRunner.privateRun(TestRunner.java:794)
at org.testng.TestRunner.run(TestRunner.java:596)
at org.testng.SuiteRunner.runTest(SuiteRunner.java:377)
at org.testng.SuiteRunner.access$000(SuiteRunner.java:28)
at org.testng.SuiteRunner$SuiteWorker.run(SuiteRunner.java:418)
at org.testng.internal.thread.ThreadUtil.lambda$execute$0(ThreadUtil.java:64)
at java.base/java.util.concurrent.FutureTask.run(FutureTask.java:317)
at java.base/java.util.concurrent.ThreadPoolExecutor.runWorker(ThreadPoolExecutor.java:1144)
at java.base/java.util.concurrent.ThreadPoolExecutor$Worker.run(ThreadPoolExecutor.java:642)
at java.base/java.lang.Thread.run(Thread.java:1575)
]]>
    </error>
  </testcase> <!-- tearDownTest -->
  <system-out/>
  <testcase classname="dsAlgoTests.DataStructureTest" name="verifyCodeExecutionforDataStructureIntroductionPage" time="0.000">
    <skipped/>
  </testcase> <!-- verifyCodeExecutionforDataStructureIntroductionPage -->
  <system-out/>
  <testcase classname="dsAlgoTests.DataStructureTest" name="verifyCodeExecutionforDataStructureIntroductionPage" time="0.000">
    <skipped/>
  </testcase> <!-- verifyCodeExecutionforDataStructureIntroductionPage -->
  <system-out/>
  <testcase classname="dsAlgoTests.DataStructureTest" name="verifyCodeExecutionforDataStructureIntroductionPage" time="0.000">
    <skipped/>
  </testcase> <!-- verifyCodeExecutionforDataStructureIntroductionPage -->
  <system-out/>
  <testcase classname="dsAlgoTests.DataStructureTest" name="verifyCodeExecutionforDataStructureIntroductionPage" time="0.000">
    <skipped/>
  </testcase> <!-- verifyCodeExecutionforDataStructureIntroductionPage -->
  <system-out/>
  <testcase classname="dsAlgoTests.DataStructureTest" name="verifyCodeExecutionforDataStructureIntroductionPage" time="0.000">
    <skipped/>
  </testcase> <!-- verifyCodeExecutionforDataStructureIntroductionPage -->
  <system-out/>
  <testcase classname="dsAlgoTests.DataStructureTest" name="verifyCodeExecutionforDataStructureIntroductionPage" time="0.000">
    <skipped/>
  </testcase> <!-- verifyCodeExecutionforDataStructureIntroductionPage -->
  <system-out/>
  <testcase classname="dsAlgoTests.DataStructureTest" name="verifyCodeExecutionforDataStructureIntroductionPage" time="0.000">
    <skipped/>
  </testcase> <!-- verifyCodeExecutionforDataStructureIntroductionPage -->
  <system-out/>
  <testcase classname="dsAlgoTests.DataStructureTest" name="verifyCodeExecutionforDataStructureIntroductionPage" time="0.000">
    <skipped/>
  </testcase> <!-- verifyCodeExecutionforDataStructureIntroductionPage -->
  <system-out/>
  <testcase classname="dsAlgoTests.DataStructureTest" name="verifyCodeExecutionforDataStructureIntroductionPage" time="0.000">
    <skipped/>
  </testcase> <!-- verifyCodeExecutionforDataStructureIntroductionPage -->
  <system-out/>
  <testcase classname="dsAlgoTests.DataStructureTest" name="verifyCodeExecutionforDataStructureIntroductionPage" time="0.000">
    <skipped/>
  </testcase> <!-- verifyCodeExecutionforDataStructureIntroductionPage -->
  <system-out/>
  <testcase classname="dsAlgoTests.DataStructureTest" name="verifyCodeExecutionforDataStructureIntroductionPage" time="0.000">
    <skipped/>
  </testcase> <!-- verifyCodeExecutionforDataStructureIntroductionPage -->
  <system-out/>
  <testcase classname="dsAlgoTests.DataStructureTest" name="verifyCodeExecutionforDataStructureIntroductionPage" time="0.000">
    <skipped/>
  </testcase> <!-- verifyCodeExecutionforDataStructureIntroductionPage -->
  <system-out/>
  <testcase classname="dsAlgoTests.DataStructureTest" name="verifyCodeExecutionforDataStructureIntroductionPage" time="0.000">
    <skipped/>
  </testcase> <!-- verifyCodeExecutionforDataStructureIntroductionPage -->
  <system-out/>
  <testcase classname="dsAlgoTests.DataStructureTest" name="verifyCodeExecutionforDataStructureIntroductionPage" time="1.071"/>
  <system-out/>
  <testcase classname="dsAlgoTests.DataStructureTest" name="verifyCodeExecutionforDataStructureIntroductionPage" time="0.000">
    <skipped/>
  </testcase> <!-- verifyCodeExecutionforDataStructureIntroductionPage -->
  <system-out/>
  <testcase classname="dsAlgoTests.DataStructureTest" name="verifyCodeExecutionforDataStructureIntroductionPage" time="0.000">
    <skipped/>
  </testcase> <!-- verifyCodeExecutionforDataStructureIntroductionPage -->
  <system-out/>
  <testcase classname="dsAlgoTests.DataStructureTest" name="verifyCodeExecutionforDataStructureIntroductionPage" time="0.000">
    <skipped/>
  </testcase> <!-- verifyCodeExecutionforDataStructureIntroductionPage -->
  <system-out/>
  <testcase classname="dsAlgoTests.DataStructureTest" name="verifyCodeExecutionforDataStructureIntroductionPage" time="0.000">
    <skipped/>
  </testcase> <!-- verifyCodeExecutionforDataStructureIntroductionPage -->
  <system-out/>
  <testcase classname="dsAlgoTests.DataStructureTest" name="verifyCodeExecutionforDataStructureIntroductionPage" time="0.000">
    <skipped/>
  </testcase> <!-- verifyCodeExecutionforDataStructureIntroductionPage -->
  <system-out/>
  <testcase classname="dsAlgoTests.DataStructureTest" name="verifyCodeExecutionforDataStructureIntroductionPage" time="0.000">
    <skipped/>
  </testcase> <!-- verifyCodeExecutionforDataStructureIntroductionPage -->
  <system-out/>
  <testcase classname="dsAlgoTests.DataStructureTest" name="verifyCodeExecutionforDataStructureIntroductionPage" time="0.000">
    <skipped/>
  </testcase> <!-- verifyCodeExecutionforDataStructureIntroductionPage -->
  <system-out/>
  <testcase classname="dsAlgoTests.DataStructureTest" name="verifyCodeExecutionforDataStructureIntroductionPage" time="0.000">
    <skipped/>
  </testcase> <!-- verifyCodeExecutionforDataStructureIntroductionPage -->
  <system-out/>
  <testcase classname="dsAlgoTests.DataStructureTest" name="verifyCodeExecutionforDataStructureIntroductionPage" time="0.000">
    <skipped/>
  </testcase> <!-- verifyCodeExecutionforDataStructureIntroductionPage -->
  <system-out/>
  <testcase classname="dsAlgoTests.DataStructureTest" name="verifyCodeExecutionforDataStructureIntroductionPage" time="0.000">
    <skipped/>
  </testcase> <!-- verifyCodeExecutionforDataStructureIntroductionPage -->
  <system-out/>
  <testcase classname="dsAlgoTests.DataStructureTest" name="verifyCodeExecutionforDataStructureIntroductionPage" time="0.000">
    <skipped/>
  </testcase> <!-- verifyCodeExecutionforDataStructureIntroductionPage -->
  <system-out/>
  <testcase classname="dsAlgoTests.DataStructureTest" name="verifyCodeExecutionforDataStructureIntroductionPage" time="0.000">
    <skipped/>
  </testcase> <!-- verifyCodeExecutionforDataStructureIntroductionPage -->
  <system-out/>
  <testcase classname="dsAlgoTests.DataStructureTest" name="verifyCodeExecutionforDataStructureIntroductionPage" time="0.000">
    <skipped/>
  </testcase> <!-- verifyCodeExecutionforDataStructureIntroductionPage -->
  <system-out/>
  <testcase classname="dsAlgoTests.DataStructureTest" name="verifyCodeExecutionforDataStructureIntroductionPage" time="0.000">
    <skipped/>
  </testcase> <!-- verifyCodeExecutionforDataStructureIntroductionPage -->
  <system-out/>
  <testcase classname="dsAlgoTests.DataStructureTest" name="verifyCodeExecutionforDataStructureIntroductionPage" time="0.000">
    <skipped/>
  </testcase> <!-- verifyCodeExecutionforDataStructureIntroductionPage -->
  <system-out/>
  <testcase classname="dsAlgoTests.DataStructureTest" name="verifyCodeExecutionforDataStructureIntroductionPage" time="0.000">
    <skipped/>
  </testcase> <!-- verifyCodeExecutionforDataStructureIntroductionPage -->
  <system-out/>
  <testcase classname="dsAlgoTests.DataStructureTest" name="verifyCodeExecutionforDataStructureIntroductionPage" time="0.000">
    <skipped/>
  </testcase> <!-- verifyCodeExecutionforDataStructureIntroductionPage -->
  <system-out/>
  <testcase classname="dsAlgoTests.DataStructureTest" name="verifyCodeExecutionforDataStructureIntroductionPage" time="0.000">
    <skipped/>
  </testcase> <!-- verifyCodeExecutionforDataStructureIntroductionPage -->
  <system-out/>
  <testcase classname="dsAlgoTests.DataStructureTest" name="verifyCodeExecutionforDataStructureIntroductionPage" time="0.000">
    <skipped/>
  </testcase> <!-- verifyCodeExecutionforDataStructureIntroductionPage -->
  <system-out/>
  <testcase classname="dsAlgoTests.DataStructureTest" name="verifyCodeExecutionforDataStructureIntroductionPage" time="0.000">
    <skipped/>
  </testcase> <!-- verifyCodeExecutionforDataStructureIntroductionPage -->
  <system-out/>
  <testcase classname="dsAlgoTests.DataStructureTest" name="verifyCodeExecutionforDataStructureIntroductionPage" time="1.046"/>
  <system-out/>
  <testcase classname="dsAlgoTests.DataStructureTest" name="verifyCodeExecutionforDataStructureIntroductionPage" time="0.000">
    <skipped/>
  </testcase> <!-- verifyCodeExecutionforDataStructureIntroductionPage -->
  <system-out/>
  <testcase classname="dsAlgoTests.DataStructureTest" name="verifyCodeExecutionforDataStructureIntroductionPage" time="0.000">
    <skipped/>
  </testcase> <!-- verifyCodeExecutionforDataStructureIntroductionPage -->
  <system-out/>
  <testcase classname="dsAlgoTests.DataStructureTest" name="verifyCodeExecutionforDataStructureIntroductionPage" time="1.049"/>
  <system-out/>
  <testcase classname="dsAlgoTests.DataStructureTest" name="verifyCodeExecutionforDataStructureIntroductionPage" time="2.596"/>
  <system-out/>
  <testcase classname="dsAlgoTests.DataStructureTest" name="verifyCodeExecutionforDataStructureIntroductionPage" time="0.000">
    <skipped/>
  </testcase> <!-- verifyCodeExecutionforDataStructureIntroductionPage -->
  <system-out/>
  <testcase classname="dsAlgoTests.DataStructureTest" name="verifyCodeExecutionforDataStructureIntroductionPage" time="0.000">
    <skipped/>
  </testcase> <!-- verifyCodeExecutionforDataStructureIntroductionPage -->
  <system-out/>
  <testcase classname="dsAlgoTests.DataStructureTest" name="verifyCodeExecutionforDataStructureIntroductionPage" time="0.000">
    <skipped/>
  </testcase> <!-- verifyCodeExecutionforDataStructureIntroductionPage -->
  <system-out/>
  <testcase classname="dsAlgoTests.DataStructureTest" name="verifyCodeExecutionforDataStructureIntroductionPage" time="0.000">
    <skipped/>
  </testcase> <!-- verifyCodeExecutionforDataStructureIntroductionPage -->
  <system-out/>
  <testcase classname="dsAlgoTests.DataStructureTest" name="verifyCodeExecutionforDataStructureIntroductionPage" time="0.000">
    <skipped/>
  </testcase> <!-- verifyCodeExecutionforDataStructureIntroductionPage -->
  <system-out/>
  <testcase classname="dsAlgoTests.DataStructureTest" name="verifyCodeExecutionforDataStructureIntroductionPage" time="0.000">
    <skipped/>
  </testcase> <!-- verifyCodeExecutionforDataStructureIntroductionPage -->
  <system-out/>
  <testcase classname="dsAlgoTests.DataStructureTest" name="verifyCodeExecutionforDataStructureIntroductionPage" time="0.000">
    <skipped/>
  </testcase> <!-- verifyCodeExecutionforDataStructureIntroductionPage -->
  <system-out/>
  <testcase classname="dsAlgoTests.DataStructureTest" name="verifyCodeExecutionforDataStructureIntroductionPage" time="0.000">
    <skipped/>
  </testcase> <!-- verifyCodeExecutionforDataStructureIntroductionPage -->
  <system-out/>
  <testcase classname="dsAlgoTests.DataStructureTest" name="verifyCodeExecutionforDataStructureIntroductionPage" time="0.000">
    <skipped/>
  </testcase> <!-- verifyCodeExecutionforDataStructureIntroductionPage -->
  <system-out/>
  <testcase classname="dsAlgoTests.DataStructureTest" name="verifyCodeExecutionforDataStructureIntroductionPage" time="0.000">
    <skipped/>
  </testcase> <!-- verifyCodeExecutionforDataStructureIntroductionPage -->
  <system-out/>
  <testcase classname="dsAlgoTests.DataStructureTest" name="verifyCodeExecutionforDataStructureIntroductionPage" time="1.108"/>
  <system-out/>
  <testcase classname="dsAlgoTests.DataStructureTest" name="verifyCodeExecutionforDataStructureIntroductionPage" time="0.000">
    <skipped/>
  </testcase> <!-- verifyCodeExecutionforDataStructureIntroductionPage -->
  <system-out/>
  <testcase classname="dsAlgoTests.DataStructureTest" name="verifyCodeExecutionforDataStructureIntroductionPage" time="0.000">
    <skipped/>
  </testcase> <!-- verifyCodeExecutionforDataStructureIntroductionPage -->
  <system-out/>
  <testcase classname="dsAlgoTests.DataStructureTest" name="verifyCodeExecutionforDataStructureIntroductionPage" time="0.000">
    <skipped/>
  </testcase> <!-- verifyCodeExecutionforDataStructureIntroductionPage -->
  <system-out/>
  <testcase classname="dsAlgoTests.DataStructureTest" name="verifyCodeExecutionforDataStructureIntroductionPage" time="0.000">
    <skipped/>
  </testcase> <!-- verifyCodeExecutionforDataStructureIntroductionPage -->
  <system-out/>
  <testcase classname="dsAlgoTests.DataStructureTest" name="verifyCodeExecutionforDataStructureIntroductionPage" time="0.000">
    <skipped/>
  </testcase> <!-- verifyCodeExecutionforDataStructureIntroductionPage -->
  <system-out/>
  <testcase classname="dsAlgoTests.DataStructureTest" name="verifyCodeExecutionforDataStructureIntroductionPage" time="1.029"/>
  <system-out/>
  <testcase classname="dsAlgoTests.DataStructureTest" name="verifyCodeExecutionforDataStructureIntroductionPage" time="0.000">
    <skipped/>
  </testcase> <!-- verifyCodeExecutionforDataStructureIntroductionPage -->
  <system-out/>
  <testcase classname="dsAlgoTests.DataStructureTest" name="verifyCodeExecutionforDataStructureIntroductionPage" time="0.000">
    <skipped/>
  </testcase> <!-- verifyCodeExecutionforDataStructureIntroductionPage -->
  <system-out/>
  <testcase classname="dsAlgoTests.DataStructureTest" name="verifyCodeExecutionforDataStructureIntroductionPage" time="0.000">
    <skipped/>
  </testcase> <!-- verifyCodeExecutionforDataStructureIntroductionPage -->
  <system-out/>
  <testcase classname="dsAlgoTests.DataStructureTest" name="verifyCodeExecutionforDataStructureIntroductionPage" time="0.000">
    <skipped/>
  </testcase> <!-- verifyCodeExecutionforDataStructureIntroductionPage -->
  <system-out/>
  <testcase classname="dsAlgoTests.DataStructureTest" name="verifyCodeExecutionforDataStructureIntroductionPage" time="0.000">
    <skipped/>
  </testcase> <!-- verifyCodeExecutionforDataStructureIntroductionPage -->
  <system-out/>
  <testcase classname="dsAlgoTests.DataStructureTest" name="verifyCodeExecutionforDataStructureIntroductionPage" time="0.000">
    <skipped/>
  </testcase> <!-- verifyCodeExecutionforDataStructureIntroductionPage -->
  <system-out/>
  <testcase classname="dsAlgoTests.DataStructureTest" name="verifyCodeExecutionforDataStructureIntroductionPage" time="0.000">
    <skipped/>
  </testcase> <!-- verifyCodeExecutionforDataStructureIntroductionPage -->
  <system-out/>
  <testcase classname="dsAlgoTests.DataStructureTest" name="verifyCodeExecutionforDataStructureIntroductionPage" time="0.000">
    <skipped/>
  </testcase> <!-- verifyCodeExecutionforDataStructureIntroductionPage -->
  <system-out/>
  <testcase classname="dsAlgoTests.DataStructureTest" name="verifyCodeExecutionforDataStructureIntroductionPage" time="0.000">
    <skipped/>
  </testcase> <!-- verifyCodeExecutionforDataStructureIntroductionPage -->
  <system-out/>
  <testcase classname="dsAlgoTests.DataStructureTest" name="verifyCodeExecutionforDataStructureIntroductionPage" time="0.000">
    <skipped/>
  </testcase> <!-- verifyCodeExecutionforDataStructureIntroductionPage -->
  <system-out/>
  <testcase classname="dsAlgoTests.DataStructureTest" name="verifyCodeExecutionforDataStructureIntroductionPage" time="0.000">
    <skipped/>
  </testcase> <!-- verifyCodeExecutionforDataStructureIntroductionPage -->
  <system-out/>
  <testcase classname="dsAlgoTests.DataStructureTest" name="verifyCodeExecutionforDataStructureIntroductionPage" time="0.000">
    <skipped/>
  </testcase> <!-- verifyCodeExecutionforDataStructureIntroductionPage -->
  <system-out/>
  <testcase classname="dsAlgoTests.DataStructureTest" name="verifyCodeExecutionforDataStructureIntroductionPage" time="0.000">
    <skipped/>
  </testcase> <!-- verifyCodeExecutionforDataStructureIntroductionPage -->
  <system-out/>
  <testcase classname="dsAlgoTests.DataStructureTest" name="verifyCodeExecutionforDataStructureIntroductionPage" time="0.000">
    <skipped/>
  </testcase> <!-- verifyCodeExecutionforDataStructureIntroductionPage -->
  <system-out/>
  <testcase classname="dsAlgoTests.DataStructureTest" name="verifyCodeExecutionforDataStructureIntroductionPage" time="0.000">
    <skipped/>
  </testcase> <!-- verifyCodeExecutionforDataStructureIntroductionPage -->
  <system-out/>
  <testcase classname="dsAlgoTests.DataStructureTest" name="verifyCodeExecutionforDataStructureIntroductionPage" time="0.000">
    <skipped/>
  </testcase> <!-- verifyCodeExecutionforDataStructureIntroductionPage -->
  <system-out/>
  <testcase classname="dsAlgoTests.DataStructureTest" name="verifyCodeExecutionforDataStructureIntroductionPage" time="0.000">
    <skipped/>
  </testcase> <!-- verifyCodeExecutionforDataStructureIntroductionPage -->
  <system-out/>
  <testcase classname="dsAlgoTests.DataStructureTest" name="verifyCodeExecutionforDataStructureIntroductionPage" time="0.000">
    <skipped/>
  </testcase> <!-- verifyCodeExecutionforDataStructureIntroductionPage -->
  <system-out/>
  <testcase classname="dsAlgoTests.DataStructureTest" name="verifyCodeExecutionforDataStructureIntroductionPage" time="0.000">
    <skipped/>
  </testcase> <!-- verifyCodeExecutionforDataStructureIntroductionPage -->
  <system-out/>
  <testcase classname="dsAlgoTests.DataStructureTest" name="verifyCodeExecutionforDataStructureIntroductionPage" time="0.000">
    <skipped/>
  </testcase> <!-- verifyCodeExecutionforDataStructureIntroductionPage -->
  <system-out/>
  <testcase classname="dsAlgoTests.DataStructureTest" name="verifyCodeExecutionforDataStructureIntroductionPage" time="0.000">
    <skipped/>
  </testcase> <!-- verifyCodeExecutionforDataStructureIntroductionPage -->
  <system-out/>
  <testcase classname="dsAlgoTests.DataStructureTest" name="verifyCodeExecutionforDataStructureIntroductionPage" time="0.000">
    <skipped/>
  </testcase> <!-- verifyCodeExecutionforDataStructureIntroductionPage -->
  <system-out/>
  <testcase classname="dsAlgoTests.DataStructureTest" name="verifyCodeExecutionforDataStructureIntroductionPage" time="0.000">
    <skipped/>
  </testcase> <!-- verifyCodeExecutionforDataStructureIntroductionPage -->
  <system-out/>
  <testcase classname="dsAlgoTests.DataStructureTest" name="verifyCodeExecutionforDataStructureIntroductionPage" time="0.000">
    <skipped/>
  </testcase> <!-- verifyCodeExecutionforDataStructureIntroductionPage -->
  <system-out/>
  <testcase classname="dsAlgoTests.DataStructureTest" name="verifyCodeExecutionforDataStructureIntroductionPage" time="0.000">
    <skipped/>
  </testcase> <!-- verifyCodeExecutionforDataStructureIntroductionPage -->
  <system-out/>
  <testcase classname="dsAlgoTests.DataStructureTest" name="verifyCodeExecutionforDataStructureIntroductionPage" time="0.000">
    <skipped/>
  </testcase> <!-- verifyCodeExecutionforDataStructureIntroductionPage -->
  <system-out/>
  <testcase classname="dsAlgoTests.DataStructureTest" name="verifyCodeExecutionforDataStructureIntroductionPage" time="0.000">
    <skipped/>
  </testcase> <!-- verifyCodeExecutionforDataStructureIntroductionPage -->
  <system-out/>
  <testcase classname="dsAlgoTests.DataStructureTest" name="verifyCodeExecutionforDataStructureIntroductionPage" time="0.000">
    <skipped/>
  </testcase> <!-- verifyCodeExecutionforDataStructureIntroductionPage -->
  <system-out/>
  <testcase classname="dsAlgoTests.DataStructureTest" name="verifyCodeExecutionforDataStructureIntroductionPage" time="0.000">
    <skipped/>
  </testcase> <!-- verifyCodeExecutionforDataStructureIntroductionPage -->
  <system-out/>
  <testcase classname="dsAlgoTests.DataStructureTest" name="verifyCodeExecutionforDataStructureIntroductionPage" time="0.000">
    <skipped/>
  </testcase> <!-- verifyCodeExecutionforDataStructureIntroductionPage -->
  <system-out/>
  <testcase classname="dsAlgoTests.DataStructureTest" name="verifyCodeExecutionforDataStructureIntroductionPage" time="0.000">
    <skipped/>
  </testcase> <!-- verifyCodeExecutionforDataStructureIntroductionPage -->
  <system-out/>
  <testcase classname="dsAlgoTests.DataStructureTest" name="verifyCodeExecutionforDataStructureIntroductionPage" time="0.000">
    <skipped/>
  </testcase> <!-- verifyCodeExecutionforDataStructureIntroductionPage -->
  <system-out/>
  <testcase classname="dsAlgoTests.DataStructureTest" name="verifyCodeExecutionforDataStructureIntroductionPage" time="0.000">
    <skipped/>
  </testcase> <!-- verifyCodeExecutionforDataStructureIntroductionPage -->
  <system-out/>
  <testcase classname="dsAlgoTests.DataStructureTest" name="verifyCodeExecutionforDataStructureIntroductionPage" time="0.000">
    <skipped/>
  </testcase> <!-- verifyCodeExecutionforDataStructureIntroductionPage -->
  <system-out/>
  <testcase classname="dsAlgoTests.DataStructureTest" name="verifyCodeExecutionforDataStructureIntroductionPage" time="0.000">
    <skipped/>
  </testcase> <!-- verifyCodeExecutionforDataStructureIntroductionPage -->
  <system-out/>
  <testcase classname="dsAlgoTests.DataStructureTest" name="verifyCodeExecutionforDataStructureIntroductionPage" time="0.000">
    <skipped/>
  </testcase> <!-- verifyCodeExecutionforDataStructureIntroductionPage -->
  <system-out/>
  <testcase classname="dsAlgoTests.DataStructureTest" name="verifyCodeExecutionforDataStructureIntroductionPage" time="0.000">
    <skipped/>
  </testcase> <!-- verifyCodeExecutionforDataStructureIntroductionPage -->
  <system-out/>
  <testcase classname="dsAlgoTests.DataStructureTest" name="verifyCodeExecutionforDataStructureIntroductionPage" time="0.000">
    <skipped/>
  </testcase> <!-- verifyCodeExecutionforDataStructureIntroductionPage -->
  <system-out/>
  <testcase classname="dsAlgoTests.DataStructureTest" name="verifyCodeExecutionforDataStructureIntroductionPage" time="0.000">
    <skipped/>
  </testcase> <!-- verifyCodeExecutionforDataStructureIntroductionPage -->
  <system-out/>
  <testcase classname="dsAlgoTests.DataStructureTest" name="verifyCodeExecutionforDataStructureIntroductionPage" time="0.000">
    <skipped/>
  </testcase> <!-- verifyCodeExecutionforDataStructureIntroductionPage -->
  <system-out/>
  <testcase classname="dsAlgoTests.DataStructureTest" name="verifyCodeExecutionforDataStructureIntroductionPage" time="0.000">
    <skipped/>
  </testcase> <!-- verifyCodeExecutionforDataStructureIntroductionPage -->
  <system-out/>
  <testcase classname="dsAlgoTests.DataStructureTest" name="verifyCodeExecutionforDataStructureIntroductionPage" time="0.000">
    <skipped/>
  </testcase> <!-- verifyCodeExecutionforDataStructureIntroductionPage -->
  <system-out/>
  <testcase classname="dsAlgoTests.DataStructureTest" name="verifyCodeExecutionforDataStructureIntroductionPage" time="0.000">
    <skipped/>
  </testcase> <!-- verifyCodeExecutionforDataStructureIntroductionPage -->
  <system-out/>
  <testcase classname="dsAlgoTests.DataStructureTest" name="verifyCodeExecutionforDataStructureIntroductionPage" time="0.000">
    <skipped/>
  </testcase> <!-- verifyCodeExecutionforDataStructureIntroductionPage -->
  <system-out/>
  <testcase classname="dsAlgoTests.DataStructureTest" name="verifyCodeExecutionforDataStructureIntroductionPage" time="0.000">
    <skipped/>
  </testcase> <!-- verifyCodeExecutionforDataStructureIntroductionPage -->
  <system-out/>
  <testcase classname="dsAlgoTests.DataStructureTest" name="verifyCodeExecutionforDataStructureIntroductionPage" time="0.000">
    <skipped/>
  </testcase> <!-- verifyCodeExecutionforDataStructureIntroductionPage -->
  <system-out/>
  <testcase classname="dsAlgoTests.DataStructureTest" name="verifyCodeExecutionforDataStructureIntroductionPage" time="1.090"/>
  <system-out/>
  <testcase classname="dsAlgoTests.DataStructureTest" name="verifyCodeExecutionforDataStructureIntroductionPage" time="0.000">
    <skipped/>
  </testcase> <!-- verifyCodeExecutionforDataStructureIntroductionPage -->
  <system-out/>
  <testcase classname="dsAlgoTests.DataStructureTest" name="verifyCodeExecutionforDataStructureIntroductionPage" time="0.000">
    <skipped/>
  </testcase> <!-- verifyCodeExecutionforDataStructureIntroductionPage -->
  <system-out/>
  <testcase classname="dsAlgoTests.DataStructureTest" name="verifyCodeExecutionforDataStructureIntroductionPage" time="0.000">
    <skipped/>
  </testcase> <!-- verifyCodeExecutionforDataStructureIntroductionPage -->
  <system-out/>
  <testcase classname="dsAlgoTests.DataStructureTest" name="verifyCodeExecutionforDataStructureIntroductionPage" time="0.000">
    <skipped/>
  </testcase> <!-- verifyCodeExecutionforDataStructureIntroductionPage -->
  <system-out/>
  <testcase classname="dsAlgoTests.DataStructureTest" name="verifyCodeExecutionforDataStructureIntroductionPage" time="0.000">
    <skipped/>
  </testcase> <!-- verifyCodeExecutionforDataStructureIntroductionPage -->
  <system-out/>
  <testcase classname="dsAlgoTests.DataStructureTest" name="verifyCodeExecutionforDataStructureIntroductionPage" time="0.000">
    <skipped/>
  </testcase> <!-- verifyCodeExecutionforDataStructureIntroductionPage -->
  <system-out/>
  <testcase classname="dsAlgoTests.DataStructureTest" name="verifyCodeExecutionforDataStructureIntroductionPage" time="0.000">
    <skipped/>
  </testcase> <!-- verifyCodeExecutionforDataStructureIntroductionPage -->
  <system-out/>
  <testcase classname="dsAlgoTests.DataStructureTest" name="verifyCodeExecutionforDataStructureIntroductionPage" time="0.000">
    <skipped/>
  </testcase> <!-- verifyCodeExecutionforDataStructureIntroductionPage -->
  <system-out/>
  <testcase classname="dsAlgoTests.DataStructureTest" name="verifyCodeExecutionforDataStructureIntroductionPage" time="0.000">
    <skipped/>
  </testcase> <!-- verifyCodeExecutionforDataStructureIntroductionPage -->
  <system-out/>
  <testcase classname="dsAlgoTests.DataStructureTest" name="verifyCodeExecutionforDataStructureIntroductionPage" time="0.000">
    <skipped/>
  </testcase> <!-- verifyCodeExecutionforDataStructureIntroductionPage -->
  <system-out/>
  <testcase classname="dsAlgoTests.DataStructureTest" name="verifyCodeExecutionforDataStructureIntroductionPage" time="0.000">
    <skipped/>
  </testcase> <!-- verifyCodeExecutionforDataStructureIntroductionPage -->
  <system-out/>
  <testcase classname="dsAlgoTests.DataStructureTest" name="verifyCodeExecutionforDataStructureIntroductionPage" time="0.000">
    <skipped/>
  </testcase> <!-- verifyCodeExecutionforDataStructureIntroductionPage -->
  <system-out/>
  <testcase classname="dsAlgoTests.DataStructureTest" name="verifyCodeExecutionforDataStructureIntroductionPage" time="0.000">
    <skipped/>
  </testcase> <!-- verifyCodeExecutionforDataStructureIntroductionPage -->
  <system-out/>
  <testcase classname="dsAlgoTests.DataStructureTest" name="verifyCodeExecutionforDataStructureIntroductionPage" time="0.000">
    <skipped/>
  </testcase> <!-- verifyCodeExecutionforDataStructureIntroductionPage -->
  <system-out/>
  <testcase classname="dsAlgoTests.DataStructureTest" name="verifyCodeExecutionforDataStructureIntroductionPage" time="0.000">
    <skipped/>
  </testcase> <!-- verifyCodeExecutionforDataStructureIntroductionPage -->
  <system-out/>
  <testcase classname="dsAlgoTests.DataStructureTest" name="verifyCodeExecutionforDataStructureIntroductionPage" time="0.000">
    <skipped/>
  </testcase> <!-- verifyCodeExecutionforDataStructureIntroductionPage -->
  <system-out/>
  <testcase classname="dsAlgoTests.DataStructureTest" name="navigateToDataStructureIntroductionPagePracticeQuestions" time="0.466"/>
  <system-out/>
  <testcase classname="dsAlgoTests.DataStructureTest" name="verifyCodeExecutionforDataStructureIntroductionPage" time="0.000">
    <skipped/>
  </testcase> <!-- verifyCodeExecutionforDataStructureIntroductionPage -->
  <system-out/>
  <testcase classname="dsAlgoTests.DataStructureTest" name="verifyCodeExecutionforDataStructureIntroductionPage" time="0.000">
    <skipped/>
  </testcase> <!-- verifyCodeExecutionforDataStructureIntroductionPage -->
  <system-out/>
</testsuite> <!-- dsAlgoTests.DataStructureTest -->
