<?xml version="1.0" encoding="UTF-8"?>
<!-- Generated by org.testng.reporters.JUnitReportReporter -->
<testsuite hostname="Vaibhav" failures="0" tests="6" name="dsAlgoTests.SigninTest" time="117.877" errors="0" timestamp="2025-02-06T01:00:59 IST" skipped="0">
  <testcase classname="dsAlgoTests.SigninTest" name="enterCredentials" time="3.282"/>
  <system-out/>
  <testcase classname="dsAlgoTests.SigninTest" name="enterCredentials" time="22.860"/>
  <system-out/>
  <testcase classname="dsAlgoTests.SigninTest" name="enterCredentials" time="22.949"/>
  <system-out/>
  <testcase classname="dsAlgoTests.SigninTest" name="enterCredentials" time="22.981"/>
  <system-out/>
  <testcase classname="dsAlgoTests.SigninTest" name="enterCredentials" time="22.920"/>
  <system-out/>
  <testcase classname="dsAlgoTests.SigninTest" name="enterCredentials" time="22.885"/>
  <system-out/>
</testsuite> <!-- dsAlgoTests.SigninTest -->
