<?xml version="1.0" encoding="UTF-8"?>
<!-- Generated by org.testng.reporters.JUnitReportReporter -->
<testsuite hostname="sukeerthsahana" failures="0" tests="6" name="dsAlgoTests.SigninTest" time="127.994" errors="0" timestamp="2025-02-05T17:50:57 CST" skipped="0">
  <testcase classname="dsAlgoTests.SigninTest" name="enterCredentials" time="24.364"/>
  <system-out/>
  <testcase classname="dsAlgoTests.SigninTest" name="enterCredentials" time="24.436"/>
  <system-out/>
  <testcase classname="dsAlgoTests.SigninTest" name="enterCredentials" time="25.213"/>
  <system-out/>
  <testcase classname="dsAlgoTests.SigninTest" name="enterCredentials" time="23.879"/>
  <system-out/>
  <testcase classname="dsAlgoTests.SigninTest" name="enterCredentials" time="5.167"/>
  <system-out/>
  <testcase classname="dsAlgoTests.SigninTest" name="enterCredentials" time="24.935"/>
  <system-out/>
</testsuite> <!-- dsAlgoTests.SigninTest -->
