<?xml version="1.0" encoding="UTF-8"?>
<!-- Generated by org.testng.reporters.JUnitReportReporter -->
<testsuite hostname="DESKTOP-SF0QLDR" failures="0" tests="8" name="dsAlgoTests.DataStructureTest" time="25.933" errors="1" timestamp="2025-02-06T23:55:04 EST" skipped="7">
  <testcase classname="dsAlgoTests.DataStructureTest" name="navigatetoTimeComplexityModule" time="6.637">
    <skipped/>
  </testcase> <!-- navigatetoTimeComplexityModule -->
  <system-out/>
  <testcase classname="dsAlgoTests.DataStructureTest" name="verifyCodeExecutionforDataStructureIntroductionPage" time="8.924">
    <skipped/>
  </testcase> <!-- verifyCodeExecutionforDataStructureIntroductionPage -->
  <system-out/>
  <testcase classname="dsAlgoTests.DataStructureTest" name="checkErrorMessageWhenExecutingWithoutCodeInDataStructureIntroductionPage" time="10.365">
    <skipped/>
  </testcase> <!-- checkErrorMessageWhenExecutingWithoutCodeInDataStructureIntroductionPage -->
  <system-out/>
  <testcase classname="dsAlgoTests.DataStructureTest" name="verifyCodeExecutionforDataStructureIntroductionPage" time="0.000">
    <skipped/>
  </testcase> <!-- verifyCodeExecutionforDataStructureIntroductionPage -->
  <system-out/>
  <testcase classname="dsAlgoTests.DataStructureTest" name="DataStructureIntroductionPage" time="0.007">
    <error message="Cannot invoke &quot;org.openqa.selenium.SearchContext.findElement(org.openqa.selenium.By)&quot; because &quot;this.searchContext&quot; is null" type="java.lang.NullPointerException">
      <![CDATA[java.lang.NullPointerException: Cannot invoke "org.openqa.selenium.SearchContext.findElement(org.openqa.selenium.By)" because "this.searchContext" is null
at org.openqa.selenium.support.pagefactory.DefaultElementLocator.findElement(DefaultElementLocator.java:68)
at org.openqa.selenium.support.pagefactory.internal.LocatingElementHandler.invoke(LocatingElementHandler.java:38)
at jdk.proxy2/jdk.proxy2.$Proxy14.click(Unknown Source)
at dsAlgoPages.HomePage.clickLaunchPageGetstartedbutton(HomePage.java:62)
at dsAlgoTests.DataStructureTest.DataStructureIntroductionPage(DataStructureTest.java:34)
at java.base/jdk.internal.reflect.DirectMethodHandleAccessor.invoke(DirectMethodHandleAccessor.java:103)
at java.base/java.lang.reflect.Method.invoke(Method.java:580)
at org.testng.internal.MethodInvocationHelper.invokeMethod(MethodInvocationHelper.java:133)
at org.testng.internal.MethodInvocationHelper.invokeMethodConsideringTimeout(MethodInvocationHelper.java:62)
at org.testng.internal.ConfigInvoker.invokeConfigurationMethod(ConfigInvoker.java:385)
at org.testng.internal.ConfigInvoker.invokeConfigurations(ConfigInvoker.java:321)
at org.testng.internal.TestInvoker.runConfigMethods(TestInvoker.java:700)
at org.testng.internal.TestInvoker.invokeMethod(TestInvoker.java:527)
at org.testng.internal.TestInvoker.invokeTestMethod(TestInvoker.java:173)
at org.testng.internal.MethodRunner.runInSequence(MethodRunner.java:46)
at org.testng.internal.TestInvoker$MethodInvocationAgent.invoke(TestInvoker.java:824)
at org.testng.internal.TestInvoker.invokeTestMethods(TestInvoker.java:146)
at org.testng.internal.TestMethodWorker.invokeTestMethods(TestMethodWorker.java:146)
at org.testng.internal.TestMethodWorker.run(TestMethodWorker.java:128)
at java.base/java.util.concurrent.ThreadPoolExecutor.runWorker(ThreadPoolExecutor.java:1144)
at java.base/java.util.concurrent.ThreadPoolExecutor$Worker.run(ThreadPoolExecutor.java:642)
at java.base/java.lang.Thread.run(Thread.java:1575)
]]>
    </error>
  </testcase> <!-- DataStructureIntroductionPage -->
  <system-out/>
  <testcase classname="dsAlgoTests.DataStructureTest" name="seeListOfPracticeQuestionsonDataStructureIntroductionPage" time="0.000">
    <skipped/>
  </testcase> <!-- seeListOfPracticeQuestionsonDataStructureIntroductionPage -->
  <system-out/>
  <testcase classname="dsAlgoTests.DataStructureTest" name="navigateToDataStructureIntroductionPagePracticeQuestions" time="0.000">
    <skipped/>
  </testcase> <!-- navigateToDataStructureIntroductionPagePracticeQuestions -->
  <system-out/>
  <testcase classname="dsAlgoTests.DataStructureTest" name="navigatetoTimeComplexitytryeditor" time="0.000">
    <skipped/>
  </testcase> <!-- navigatetoTimeComplexitytryeditor -->
  <system-out/>
</testsuite> <!-- dsAlgoTests.DataStructureTest -->
