<?xml version="1.0" encoding="UTF-8"?>
<!-- Generated by org.testng.reporters.JUnitReportReporter -->
<testsuite hostname="DESKTOP-SF0QLDR" failures="0" tests="7" name="dsAlgoTests.RegisterTest" time="33.504" errors="0" timestamp="2025-02-06T09:24:49 EST" skipped="0">
  <testcase classname="dsAlgoTests.RegisterTest" name="enterCredentials" time="2.670"/>
  <system-out/>
  <testcase classname="dsAlgoTests.RegisterTest" name="enterCredentials" time="4.524"/>
  <system-out/>
  <testcase classname="dsAlgoTests.RegisterTest" name="enterCredentials" time="3.006"/>
  <system-out/>
  <testcase classname="dsAlgoTests.RegisterTest" name="enterCredentials" time="2.983"/>
  <system-out/>
  <testcase classname="dsAlgoTests.RegisterTest" name="enterCredentials" time="4.424"/>
  <system-out/>
  <testcase classname="dsAlgoTests.RegisterTest" name="enterCredentials" time="10.599"/>
  <system-out/>
  <testcase classname="dsAlgoTests.RegisterTest" name="enterCredentials" time="5.298"/>
  <system-out/>
</testsuite> <!-- dsAlgoTests.RegisterTest -->
