<?xml version="1.0" encoding="UTF-8"?>
<!-- Generated by org.testng.reporters.JUnitReportReporter -->
<testsuite hostname="sukeerthsahana" failures="0" tests="1" name="dsAlgoTests.GraphTest" time="3.837" errors="0" timestamp="2025-02-16T14:50:10 CST" skipped="0">
  <testcase classname="dsAlgoTests.GraphTest" name="navigatetoGraphModule" time="3.837"/>
  <system-out/>
</testsuite> <!-- dsAlgoTests.GraphTest -->
