<?xml version="1.0" encoding="UTF-8"?>
<!-- Generated by org.testng.reporters.JUnitReportReporter -->
<testsuite hostname="DESKTOP-SF0QLDR" failures="1" tests="2009" name="dsAlgoTests.GraphTest" time="29.536" errors="2" timestamp="2025-02-05T13:30:17 EST" skipped="2006">
  <testcase classname="dsAlgoTests.GraphTest" name="verifyCodeExecutionforGraphPage" time="8.723">
    <skipped/>
  </testcase> <!-- verifyCodeExecutionforGraphPage -->
  <system-out/>
  <testcase classname="dsAlgoTests.GraphTest" name="verifyCodeExecutionforGraphPage" time="5.999">
    <skipped/>
  </testcase> <!-- verifyCodeExecutionforGraphPage -->
  <system-out/>
  <testcase classname="dsAlgoTests.GraphTest" name="verifyCodeExecutionforGraphPage" time="2.512">
    <skipped/>
  </testcase> <!-- verifyCodeExecutionforGraphPage -->
  <system-out/>
  <testcase classname="dsAlgoTests.GraphTest" name="verifyCodeExecutionforGraphPage" time="0.000">
    <skipped/>
  </testcase> <!-- verifyCodeExecutionforGraphPage -->
  <system-out/>
  <testcase classname="dsAlgoTests.GraphTest" name="verifyCodeExecutionforGraphRepresentationPage" time="0.000">
    <skipped/>
  </testcase> <!-- verifyCodeExecutionforGraphRepresentationPage -->
  <system-out/>
  <testcase classname="dsAlgoTests.GraphTest" name="verifyCodeExecutionforGraphPage" time="0.000">
    <skipped/>
  </testcase> <!-- verifyCodeExecutionforGraphPage -->
  <system-out/>
  <testcase classname="dsAlgoTests.GraphTest" name="verifyCodeExecutionforGraphRepresentationPage" time="0.000">
    <skipped/>
  </testcase> <!-- verifyCodeExecutionforGraphRepresentationPage -->
  <system-out/>
  <testcase classname="dsAlgoTests.GraphTest" name="verifyCodeExecutionforGraphRepresentationPage" time="0.000">
    <skipped/>
  </testcase> <!-- verifyCodeExecutionforGraphRepresentationPage -->
  <system-out/>
  <testcase classname="dsAlgoTests.GraphTest" name="verifyCodeExecutionforGraphPage" time="0.000">
    <skipped/>
  </testcase> <!-- verifyCodeExecutionforGraphPage -->
  <system-out/>
  <testcase classname="dsAlgoTests.GraphTest" name="verifyCodeExecutionforGraphPage" time="0.000">
    <skipped/>
  </testcase> <!-- verifyCodeExecutionforGraphPage -->
  <system-out/>
  <testcase classname="dsAlgoTests.GraphTest" name="verifyCodeExecutionforGraphRepresentationPage" time="0.000">
    <skipped/>
  </testcase> <!-- verifyCodeExecutionforGraphRepresentationPage -->
  <system-out/>
  <testcase classname="dsAlgoTests.GraphTest" name="verifyCodeExecutionforGraphPage" time="0.000">
    <skipped/>
  </testcase> <!-- verifyCodeExecutionforGraphPage -->
  <system-out/>
  <testcase classname="dsAlgoTests.GraphTest" name="verifyCodeExecutionforGraphPage" time="0.000">
    <skipped/>
  </testcase> <!-- verifyCodeExecutionforGraphPage -->
  <system-out/>
  <testcase classname="dsAlgoTests.GraphTest" name="verifyCodeExecutionforGraphRepresentationPage" time="0.000">
    <skipped/>
  </testcase> <!-- verifyCodeExecutionforGraphRepresentationPage -->
  <system-out/>
  <testcase classname="dsAlgoTests.GraphTest" name="verifyCodeExecutionforGraphRepresentationPage" time="0.000">
    <skipped/>
  </testcase> <!-- verifyCodeExecutionforGraphRepresentationPage -->
  <system-out/>
  <testcase classname="dsAlgoTests.GraphTest" name="verifyCodeExecutionforGraphPage" time="0.000">
    <skipped/>
  </testcase> <!-- verifyCodeExecutionforGraphPage -->
  <system-out/>
  <testcase classname="dsAlgoTests.GraphTest" name="verifyCodeExecutionforGraphPage" time="0.000">
    <skipped/>
  </testcase> <!-- verifyCodeExecutionforGraphPage -->
  <system-out/>
  <testcase classname="dsAlgoTests.GraphTest" name="verifyCodeExecutionforGraphRepresentationPage" time="0.000">
    <skipped/>
  </testcase> <!-- verifyCodeExecutionforGraphRepresentationPage -->
  <system-out/>
  <testcase classname="dsAlgoTests.GraphTest" name="verifyCodeExecutionforGraphRepresentationPage" time="0.000">
    <skipped/>
  </testcase> <!-- verifyCodeExecutionforGraphRepresentationPage -->
  <system-out/>
  <testcase classname="dsAlgoTests.GraphTest" name="verifyCodeExecutionforGraphPage" time="0.000">
    <skipped/>
  </testcase> <!-- verifyCodeExecutionforGraphPage -->
  <system-out/>
  <testcase classname="dsAlgoTests.GraphTest" name="verifyCodeExecutionforGraphPage" time="0.000">
    <skipped/>
  </testcase> <!-- verifyCodeExecutionforGraphPage -->
  <system-out/>
  <testcase classname="dsAlgoTests.GraphTest" name="verifyCodeExecutionforGraphRepresentationPage" time="0.000">
    <skipped/>
  </testcase> <!-- verifyCodeExecutionforGraphRepresentationPage -->
  <system-out/>
  <testcase classname="dsAlgoTests.GraphTest" name="verifyCodeExecutionforGraphRepresentationPage" time="0.000">
    <skipped/>
  </testcase> <!-- verifyCodeExecutionforGraphRepresentationPage -->
  <system-out/>
  <testcase classname="dsAlgoTests.GraphTest" name="verifyCodeExecutionforGraphRepresentationPage" time="0.000">
    <skipped/>
  </testcase> <!-- verifyCodeExecutionforGraphRepresentationPage -->
  <system-out/>
  <testcase classname="dsAlgoTests.GraphTest" name="verifyCodeExecutionforGraphRepresentationPage" time="0.000">
    <skipped/>
  </testcase> <!-- verifyCodeExecutionforGraphRepresentationPage -->
  <system-out/>
  <testcase classname="dsAlgoTests.GraphTest" name="verifyCodeExecutionforGraphRepresentationPage" time="0.000">
    <skipped/>
  </testcase> <!-- verifyCodeExecutionforGraphRepresentationPage -->
  <system-out/>
  <testcase classname="dsAlgoTests.GraphTest" name="verifyCodeExecutionforGraphRepresentationPage" time="0.000">
    <skipped/>
  </testcase> <!-- verifyCodeExecutionforGraphRepresentationPage -->
  <system-out/>
  <testcase classname="dsAlgoTests.GraphTest" name="verifyCodeExecutionforGraphRepresentationPage" time="0.000">
    <skipped/>
  </testcase> <!-- verifyCodeExecutionforGraphRepresentationPage -->
  <system-out/>
  <testcase classname="dsAlgoTests.GraphTest" name="verifyCodeExecutionforGraphRepresentationPage" time="0.000">
    <skipped/>
  </testcase> <!-- verifyCodeExecutionforGraphRepresentationPage -->
  <system-out/>
  <testcase classname="dsAlgoTests.GraphTest" name="verifyCodeExecutionforGraphPage" time="0.000">
    <skipped/>
  </testcase> <!-- verifyCodeExecutionforGraphPage -->
  <system-out/>
  <testcase classname="dsAlgoTests.GraphTest" name="verifyCodeExecutionforGraphRepresentationPage" time="0.000">
    <skipped/>
  </testcase> <!-- verifyCodeExecutionforGraphRepresentationPage -->
  <system-out/>
  <testcase classname="dsAlgoTests.GraphTest" name="verifyCodeExecutionforGraphRepresentationPage" time="0.000">
    <skipped/>
  </testcase> <!-- verifyCodeExecutionforGraphRepresentationPage -->
  <system-out/>
  <testcase classname="dsAlgoTests.GraphTest" name="verifyCodeExecutionforGraphPage" time="0.000">
    <skipped/>
  </testcase> <!-- verifyCodeExecutionforGraphPage -->
  <system-out/>
  <testcase classname="dsAlgoTests.GraphTest" name="verifyCodeExecutionforGraphPage" time="0.000">
    <skipped/>
  </testcase> <!-- verifyCodeExecutionforGraphPage -->
  <system-out/>
  <testcase classname="dsAlgoTests.GraphTest" name="verifyCodeExecutionforGraphRepresentationPage" time="0.000">
    <skipped/>
  </testcase> <!-- verifyCodeExecutionforGraphRepresentationPage -->
  <system-out/>
  <testcase classname="dsAlgoTests.GraphTest" name="verifyCodeExecutionforGraphPage" time="0.000">
    <skipped/>
  </testcase> <!-- verifyCodeExecutionforGraphPage -->
  <system-out/>
  <testcase classname="dsAlgoTests.GraphTest" name="verifyCodeExecutionforGraphRepresentationPage" time="0.000">
    <skipped/>
  </testcase> <!-- verifyCodeExecutionforGraphRepresentationPage -->
  <system-out/>
  <testcase classname="dsAlgoTests.GraphTest" name="verifyCodeExecutionforGraphRepresentationPage" time="0.000">
    <skipped/>
  </testcase> <!-- verifyCodeExecutionforGraphRepresentationPage -->
  <system-out/>
  <testcase classname="dsAlgoTests.GraphTest" name="verifyCodeExecutionforGraphRepresentationPage" time="0.000">
    <skipped/>
  </testcase> <!-- verifyCodeExecutionforGraphRepresentationPage -->
  <system-out/>
  <testcase classname="dsAlgoTests.GraphTest" name="verifyCodeExecutionforGraphPage" time="0.000">
    <skipped/>
  </testcase> <!-- verifyCodeExecutionforGraphPage -->
  <system-out/>
  <testcase classname="dsAlgoTests.GraphTest" name="verifyCodeExecutionforGraphRepresentationPage" time="0.000">
    <skipped/>
  </testcase> <!-- verifyCodeExecutionforGraphRepresentationPage -->
  <system-out/>
  <testcase classname="dsAlgoTests.GraphTest" name="verifyCodeExecutionforGraphPage" time="0.000">
    <skipped/>
  </testcase> <!-- verifyCodeExecutionforGraphPage -->
  <system-out/>
  <testcase classname="dsAlgoTests.GraphTest" name="verifyCodeExecutionforGraphPage" time="0.000">
    <skipped/>
  </testcase> <!-- verifyCodeExecutionforGraphPage -->
  <system-out/>
  <testcase classname="dsAlgoTests.GraphTest" name="verifyCodeExecutionforGraphPage" time="0.000">
    <skipped/>
  </testcase> <!-- verifyCodeExecutionforGraphPage -->
  <system-out/>
  <testcase classname="dsAlgoTests.GraphTest" name="verifyCodeExecutionforGraphPage" time="0.000">
    <skipped/>
  </testcase> <!-- verifyCodeExecutionforGraphPage -->
  <system-out/>
  <testcase classname="dsAlgoTests.GraphTest" name="verifyCodeExecutionforGraphPage" time="0.000">
    <skipped/>
  </testcase> <!-- verifyCodeExecutionforGraphPage -->
  <system-out/>
  <testcase classname="dsAlgoTests.GraphTest" name="verifyCodeExecutionforGraphRepresentationPage" time="0.000">
    <skipped/>
  </testcase> <!-- verifyCodeExecutionforGraphRepresentationPage -->
  <system-out/>
  <testcase classname="dsAlgoTests.GraphTest" name="verifyCodeExecutionforGraphRepresentationPage" time="0.000">
    <skipped/>
  </testcase> <!-- verifyCodeExecutionforGraphRepresentationPage -->
  <system-out/>
  <testcase classname="dsAlgoTests.GraphTest" name="verifyCodeExecutionforGraphPage" time="0.000">
    <skipped/>
  </testcase> <!-- verifyCodeExecutionforGraphPage -->
  <system-out/>
  <testcase classname="dsAlgoTests.GraphTest" name="verifyCodeExecutionforGraphRepresentationPage" time="0.000">
    <skipped/>
  </testcase> <!-- verifyCodeExecutionforGraphRepresentationPage -->
  <system-out/>
  <testcase classname="dsAlgoTests.GraphTest" name="verifyCodeExecutionforGraphRepresentationPage" time="0.000">
    <skipped/>
  </testcase> <!-- verifyCodeExecutionforGraphRepresentationPage -->
  <system-out/>
  <testcase classname="dsAlgoTests.GraphTest" name="verifyCodeExecutionforGraphPage" time="0.000">
    <skipped/>
  </testcase> <!-- verifyCodeExecutionforGraphPage -->
  <system-out/>
  <testcase classname="dsAlgoTests.GraphTest" name="verifyCodeExecutionforGraphRepresentationPage" time="0.000">
    <skipped/>
  </testcase> <!-- verifyCodeExecutionforGraphRepresentationPage -->
  <system-out/>
  <testcase classname="dsAlgoTests.GraphTest" name="verifyCodeExecutionforGraphRepresentationPage" time="0.000">
    <skipped/>
  </testcase> <!-- verifyCodeExecutionforGraphRepresentationPage -->
  <system-out/>
  <testcase classname="dsAlgoTests.GraphTest" name="verifyCodeExecutionforGraphRepresentationPage" time="0.000">
    <skipped/>
  </testcase> <!-- verifyCodeExecutionforGraphRepresentationPage -->
  <system-out/>
  <testcase classname="dsAlgoTests.GraphTest" name="verifyCodeExecutionforGraphRepresentationPage" time="0.000">
    <skipped/>
  </testcase> <!-- verifyCodeExecutionforGraphRepresentationPage -->
  <system-out/>
  <testcase classname="dsAlgoTests.GraphTest" name="verifyCodeExecutionforGraphRepresentationPage" time="0.000">
    <skipped/>
  </testcase> <!-- verifyCodeExecutionforGraphRepresentationPage -->
  <system-out/>
  <testcase classname="dsAlgoTests.GraphTest" name="verifyCodeExecutionforGraphPage" time="0.000">
    <skipped/>
  </testcase> <!-- verifyCodeExecutionforGraphPage -->
  <system-out/>
  <testcase classname="dsAlgoTests.GraphTest" name="verifyCodeExecutionforGraphRepresentationPage" time="0.000">
    <skipped/>
  </testcase> <!-- verifyCodeExecutionforGraphRepresentationPage -->
  <system-out/>
  <testcase classname="dsAlgoTests.GraphTest" name="verifyCodeExecutionforGraphRepresentationPage" time="0.000">
    <skipped/>
  </testcase> <!-- verifyCodeExecutionforGraphRepresentationPage -->
  <system-out/>
  <testcase classname="dsAlgoTests.GraphTest" name="verifyCodeExecutionforGraphRepresentationPage" time="0.000">
    <skipped/>
  </testcase> <!-- verifyCodeExecutionforGraphRepresentationPage -->
  <system-out/>
  <testcase classname="dsAlgoTests.GraphTest" name="verifyCodeExecutionforGraphRepresentationPage" time="0.000">
    <skipped/>
  </testcase> <!-- verifyCodeExecutionforGraphRepresentationPage -->
  <system-out/>
  <testcase classname="dsAlgoTests.GraphTest" name="verifyCodeExecutionforGraphRepresentationPage" time="0.000">
    <skipped/>
  </testcase> <!-- verifyCodeExecutionforGraphRepresentationPage -->
  <system-out/>
  <testcase classname="dsAlgoTests.GraphTest" name="verifyCodeExecutionforGraphPage" time="0.000">
    <skipped/>
  </testcase> <!-- verifyCodeExecutionforGraphPage -->
  <system-out/>
  <testcase classname="dsAlgoTests.GraphTest" name="verifyCodeExecutionforGraphRepresentationPage" time="0.000">
    <skipped/>
  </testcase> <!-- verifyCodeExecutionforGraphRepresentationPage -->
  <system-out/>
  <testcase classname="dsAlgoTests.GraphTest" name="verifyCodeExecutionforGraphPage" time="0.000">
    <skipped/>
  </testcase> <!-- verifyCodeExecutionforGraphPage -->
  <system-out/>
  <testcase classname="dsAlgoTests.GraphTest" name="verifyCodeExecutionforGraphPage" time="0.000">
    <skipped/>
  </testcase> <!-- verifyCodeExecutionforGraphPage -->
  <system-out/>
  <testcase classname="dsAlgoTests.GraphTest" name="verifyCodeExecutionforGraphPage" time="0.000">
    <skipped/>
  </testcase> <!-- verifyCodeExecutionforGraphPage -->
  <system-out/>
  <testcase classname="dsAlgoTests.GraphTest" name="verifyCodeExecutionforGraphPage" time="0.000">
    <skipped/>
  </testcase> <!-- verifyCodeExecutionforGraphPage -->
  <system-out/>
  <testcase classname="dsAlgoTests.GraphTest" name="verifyCodeExecutionforGraphPage" time="0.000">
    <skipped/>
  </testcase> <!-- verifyCodeExecutionforGraphPage -->
  <system-out/>
  <testcase classname="dsAlgoTests.GraphTest" name="verifyCodeExecutionforGraphPage" time="0.000">
    <skipped/>
  </testcase> <!-- verifyCodeExecutionforGraphPage -->
  <system-out/>
  <testcase classname="dsAlgoTests.GraphTest" name="verifyCodeExecutionforGraphRepresentationPage" time="0.000">
    <skipped/>
  </testcase> <!-- verifyCodeExecutionforGraphRepresentationPage -->
  <system-out/>
  <testcase classname="dsAlgoTests.GraphTest" name="verifyCodeExecutionforGraphPage" time="0.000">
    <skipped/>
  </testcase> <!-- verifyCodeExecutionforGraphPage -->
  <system-out/>
  <testcase classname="dsAlgoTests.GraphTest" name="verifyCodeExecutionforGraphRepresentationPage" time="0.000">
    <skipped/>
  </testcase> <!-- verifyCodeExecutionforGraphRepresentationPage -->
  <system-out/>
  <testcase classname="dsAlgoTests.GraphTest" name="verifyCodeExecutionforGraphPage" time="0.000">
    <skipped/>
  </testcase> <!-- verifyCodeExecutionforGraphPage -->
  <system-out/>
  <testcase classname="dsAlgoTests.GraphTest" name="verifyCodeExecutionforGraphRepresentationPage" time="0.000">
    <skipped/>
  </testcase> <!-- verifyCodeExecutionforGraphRepresentationPage -->
  <system-out/>
  <testcase classname="dsAlgoTests.GraphTest" name="verifyCodeExecutionforGraphPage" time="0.000">
    <skipped/>
  </testcase> <!-- verifyCodeExecutionforGraphPage -->
  <system-out/>
  <testcase classname="dsAlgoTests.GraphTest" name="verifyCodeExecutionforGraphRepresentationPage" time="0.000">
    <skipped/>
  </testcase> <!-- verifyCodeExecutionforGraphRepresentationPage -->
  <system-out/>
  <testcase classname="dsAlgoTests.GraphTest" name="verifyCodeExecutionforGraphRepresentationPage" time="0.000">
    <skipped/>
  </testcase> <!-- verifyCodeExecutionforGraphRepresentationPage -->
  <system-out/>
  <testcase classname="dsAlgoTests.GraphTest" name="verifyCodeExecutionforGraphRepresentationPage" time="0.000">
    <skipped/>
  </testcase> <!-- verifyCodeExecutionforGraphRepresentationPage -->
  <system-out/>
  <testcase classname="dsAlgoTests.GraphTest" name="verifyCodeExecutionforGraphRepresentationPage" time="0.000">
    <skipped/>
  </testcase> <!-- verifyCodeExecutionforGraphRepresentationPage -->
  <system-out/>
  <testcase classname="dsAlgoTests.GraphTest" name="verifyCodeExecutionforGraphRepresentationPage" time="0.000">
    <skipped/>
  </testcase> <!-- verifyCodeExecutionforGraphRepresentationPage -->
  <system-out/>
  <testcase classname="dsAlgoTests.GraphTest" name="verifyCodeExecutionforGraphPage" time="0.000">
    <skipped/>
  </testcase> <!-- verifyCodeExecutionforGraphPage -->
  <system-out/>
  <testcase classname="dsAlgoTests.GraphTest" name="verifyCodeExecutionforGraphPage" time="0.000">
    <skipped/>
  </testcase> <!-- verifyCodeExecutionforGraphPage -->
  <system-out/>
  <testcase classname="dsAlgoTests.GraphTest" name="verifyCodeExecutionforGraphPage" time="0.000">
    <skipped/>
  </testcase> <!-- verifyCodeExecutionforGraphPage -->
  <system-out/>
  <testcase classname="dsAlgoTests.GraphTest" name="verifyCodeExecutionforGraphRepresentationPage" time="0.000">
    <skipped/>
  </testcase> <!-- verifyCodeExecutionforGraphRepresentationPage -->
  <system-out/>
  <testcase classname="dsAlgoTests.GraphTest" name="verifyCodeExecutionforGraphRepresentationPage" time="0.000">
    <skipped/>
  </testcase> <!-- verifyCodeExecutionforGraphRepresentationPage -->
  <system-out/>
  <testcase classname="dsAlgoTests.GraphTest" name="verifyCodeExecutionforGraphPage" time="0.000">
    <skipped/>
  </testcase> <!-- verifyCodeExecutionforGraphPage -->
  <system-out/>
  <testcase classname="dsAlgoTests.GraphTest" name="verifyCodeExecutionforGraphRepresentationPage" time="0.000">
    <skipped/>
  </testcase> <!-- verifyCodeExecutionforGraphRepresentationPage -->
  <system-out/>
  <testcase classname="dsAlgoTests.GraphTest" name="verifyCodeExecutionforGraphPage" time="0.000">
    <skipped/>
  </testcase> <!-- verifyCodeExecutionforGraphPage -->
  <system-out/>
  <testcase classname="dsAlgoTests.GraphTest" name="verifyCodeExecutionforGraphPage" time="0.000">
    <skipped/>
  </testcase> <!-- verifyCodeExecutionforGraphPage -->
  <system-out/>
  <testcase classname="dsAlgoTests.GraphTest" name="verifyCodeExecutionforGraphRepresentationPage" time="0.000">
    <skipped/>
  </testcase> <!-- verifyCodeExecutionforGraphRepresentationPage -->
  <system-out/>
  <testcase classname="dsAlgoTests.GraphTest" name="verifyCodeExecutionforGraphRepresentationPage" time="0.000">
    <skipped/>
  </testcase> <!-- verifyCodeExecutionforGraphRepresentationPage -->
  <system-out/>
  <testcase classname="dsAlgoTests.GraphTest" name="verifyCodeExecutionforGraphRepresentationPage" time="0.000">
    <skipped/>
  </testcase> <!-- verifyCodeExecutionforGraphRepresentationPage -->
  <system-out/>
  <testcase classname="dsAlgoTests.GraphTest" name="verifyCodeExecutionforGraphRepresentationPage" time="0.000">
    <skipped/>
  </testcase> <!-- verifyCodeExecutionforGraphRepresentationPage -->
  <system-out/>
  <testcase classname="dsAlgoTests.GraphTest" name="verifyCodeExecutionforGraphPage" time="0.000">
    <skipped/>
  </testcase> <!-- verifyCodeExecutionforGraphPage -->
  <system-out/>
  <testcase classname="dsAlgoTests.GraphTest" name="verifyCodeExecutionforGraphRepresentationPage" time="0.000">
    <skipped/>
  </testcase> <!-- verifyCodeExecutionforGraphRepresentationPage -->
  <system-out/>
  <testcase classname="dsAlgoTests.GraphTest" name="verifyCodeExecutionforGraphRepresentationPage" time="0.000">
    <skipped/>
  </testcase> <!-- verifyCodeExecutionforGraphRepresentationPage -->
  <system-out/>
  <testcase classname="dsAlgoTests.GraphTest" name="verifyCodeExecutionforGraphRepresentationPage" time="0.000">
    <skipped/>
  </testcase> <!-- verifyCodeExecutionforGraphRepresentationPage -->
  <system-out/>
  <testcase classname="dsAlgoTests.GraphTest" name="verifyCodeExecutionforGraphRepresentationPage" time="0.000">
    <skipped/>
  </testcase> <!-- verifyCodeExecutionforGraphRepresentationPage -->
  <system-out/>
  <testcase classname="dsAlgoTests.GraphTest" name="verifyCodeExecutionforGraphRepresentationPage" time="0.000">
    <skipped/>
  </testcase> <!-- verifyCodeExecutionforGraphRepresentationPage -->
  <system-out/>
  <testcase classname="dsAlgoTests.GraphTest" name="verifyCodeExecutionforGraphRepresentationPage" time="0.000">
    <skipped/>
  </testcase> <!-- verifyCodeExecutionforGraphRepresentationPage -->
  <system-out/>
  <testcase classname="dsAlgoTests.GraphTest" name="verifyCodeExecutionforGraphPage" time="0.000">
    <skipped/>
  </testcase> <!-- verifyCodeExecutionforGraphPage -->
  <system-out/>
  <testcase classname="dsAlgoTests.GraphTest" name="verifyCodeExecutionforGraphRepresentationPage" time="0.000">
    <skipped/>
  </testcase> <!-- verifyCodeExecutionforGraphRepresentationPage -->
  <system-out/>
  <testcase classname="dsAlgoTests.GraphTest" name="verifyCodeExecutionforGraphRepresentationPage" time="0.000">
    <skipped/>
  </testcase> <!-- verifyCodeExecutionforGraphRepresentationPage -->
  <system-out/>
  <testcase classname="dsAlgoTests.GraphTest" name="verifyCodeExecutionforGraphRepresentationPage" time="0.000">
    <skipped/>
  </testcase> <!-- verifyCodeExecutionforGraphRepresentationPage -->
  <system-out/>
  <testcase classname="dsAlgoTests.GraphTest" name="verifyCodeExecutionforGraphPage" time="0.000">
    <skipped/>
  </testcase> <!-- verifyCodeExecutionforGraphPage -->
  <system-out/>
  <testcase classname="dsAlgoTests.GraphTest" name="verifyCodeExecutionforGraphRepresentationPage" time="0.000">
    <skipped/>
  </testcase> <!-- verifyCodeExecutionforGraphRepresentationPage -->
  <system-out/>
  <testcase classname="dsAlgoTests.GraphTest" name="verifyCodeExecutionforGraphRepresentationPage" time="0.000">
    <skipped/>
  </testcase> <!-- verifyCodeExecutionforGraphRepresentationPage -->
  <system-out/>
  <testcase classname="dsAlgoTests.GraphTest" name="verifyCodeExecutionforGraphPage" time="0.000">
    <skipped/>
  </testcase> <!-- verifyCodeExecutionforGraphPage -->
  <system-out/>
  <testcase classname="dsAlgoTests.GraphTest" name="verifyCodeExecutionforGraphRepresentationPage" time="0.000">
    <skipped/>
  </testcase> <!-- verifyCodeExecutionforGraphRepresentationPage -->
  <system-out/>
  <testcase classname="dsAlgoTests.GraphTest" name="verifyCodeExecutionforGraphPage" time="0.000">
    <skipped/>
  </testcase> <!-- verifyCodeExecutionforGraphPage -->
  <system-out/>
  <testcase classname="dsAlgoTests.GraphTest" name="verifyCodeExecutionforGraphPage" time="0.000">
    <skipped/>
  </testcase> <!-- verifyCodeExecutionforGraphPage -->
  <system-out/>
  <testcase classname="dsAlgoTests.GraphTest" name="verifyCodeExecutionforGraphRepresentationPage" time="0.000">
    <skipped/>
  </testcase> <!-- verifyCodeExecutionforGraphRepresentationPage -->
  <system-out/>
  <testcase classname="dsAlgoTests.GraphTest" name="verifyCodeExecutionforGraphRepresentationPage" time="0.000">
    <skipped/>
  </testcase> <!-- verifyCodeExecutionforGraphRepresentationPage -->
  <system-out/>
  <testcase classname="dsAlgoTests.GraphTest" name="verifyCodeExecutionforGraphPage" time="0.000">
    <skipped/>
  </testcase> <!-- verifyCodeExecutionforGraphPage -->
  <system-out/>
  <testcase classname="dsAlgoTests.GraphTest" name="verifyCodeExecutionforGraphPage" time="0.000">
    <skipped/>
  </testcase> <!-- verifyCodeExecutionforGraphPage -->
  <system-out/>
  <testcase classname="dsAlgoTests.GraphTest" name="verifyCodeExecutionforGraphPage" time="0.000">
    <skipped/>
  </testcase> <!-- verifyCodeExecutionforGraphPage -->
  <system-out/>
  <testcase classname="dsAlgoTests.GraphTest" name="verifyCodeExecutionforGraphPage" time="0.000">
    <skipped/>
  </testcase> <!-- verifyCodeExecutionforGraphPage -->
  <system-out/>
  <testcase classname="dsAlgoTests.GraphTest" name="verifyCodeExecutionforGraphPage" time="0.000">
    <skipped/>
  </testcase> <!-- verifyCodeExecutionforGraphPage -->
  <system-out/>
  <testcase classname="dsAlgoTests.GraphTest" name="verifyCodeExecutionforGraphRepresentationPage" time="0.000">
    <skipped/>
  </testcase> <!-- verifyCodeExecutionforGraphRepresentationPage -->
  <system-out/>
  <testcase classname="dsAlgoTests.GraphTest" name="verifyCodeExecutionforGraphRepresentationPage" time="0.000">
    <skipped/>
  </testcase> <!-- verifyCodeExecutionforGraphRepresentationPage -->
  <system-out/>
  <testcase classname="dsAlgoTests.GraphTest" name="verifyCodeExecutionforGraphRepresentationPage" time="0.000">
    <skipped/>
  </testcase> <!-- verifyCodeExecutionforGraphRepresentationPage -->
  <system-out/>
  <testcase classname="dsAlgoTests.GraphTest" name="verifyCodeExecutionforGraphRepresentationPage" time="0.000">
    <skipped/>
  </testcase> <!-- verifyCodeExecutionforGraphRepresentationPage -->
  <system-out/>
  <testcase classname="dsAlgoTests.GraphTest" name="verifyCodeExecutionforGraphRepresentationPage" time="0.000">
    <skipped/>
  </testcase> <!-- verifyCodeExecutionforGraphRepresentationPage -->
  <system-out/>
  <testcase classname="dsAlgoTests.GraphTest" name="verifyCodeExecutionforGraphPage" time="0.000">
    <skipped/>
  </testcase> <!-- verifyCodeExecutionforGraphPage -->
  <system-out/>
  <testcase classname="dsAlgoTests.GraphTest" name="verifyCodeExecutionforGraphPage" time="0.000">
    <skipped/>
  </testcase> <!-- verifyCodeExecutionforGraphPage -->
  <system-out/>
  <testcase classname="dsAlgoTests.GraphTest" name="verifyCodeExecutionforGraphPage" time="0.000">
    <skipped/>
  </testcase> <!-- verifyCodeExecutionforGraphPage -->
  <system-out/>
  <testcase classname="dsAlgoTests.GraphTest" name="verifyCodeExecutionforGraphPage" time="0.000">
    <skipped/>
  </testcase> <!-- verifyCodeExecutionforGraphPage -->
  <system-out/>
  <testcase classname="dsAlgoTests.GraphTest" name="verifyCodeExecutionforGraphPage" time="0.000">
    <skipped/>
  </testcase> <!-- verifyCodeExecutionforGraphPage -->
  <system-out/>
  <testcase classname="dsAlgoTests.GraphTest" name="verifyCodeExecutionforGraphPage" time="0.000">
    <skipped/>
  </testcase> <!-- verifyCodeExecutionforGraphPage -->
  <system-out/>
  <testcase classname="dsAlgoTests.GraphTest" name="verifyCodeExecutionforGraphPage" time="0.000">
    <skipped/>
  </testcase> <!-- verifyCodeExecutionforGraphPage -->
  <system-out/>
  <testcase classname="dsAlgoTests.GraphTest" name="verifyCodeExecutionforGraphRepresentationPage" time="0.000">
    <skipped/>
  </testcase> <!-- verifyCodeExecutionforGraphRepresentationPage -->
  <system-out/>
  <testcase classname="dsAlgoTests.GraphTest" name="verifyCodeExecutionforGraphPage" time="0.000">
    <skipped/>
  </testcase> <!-- verifyCodeExecutionforGraphPage -->
  <system-out/>
  <testcase classname="dsAlgoTests.GraphTest" name="verifyCodeExecutionforGraphRepresentationPage" time="0.000">
    <skipped/>
  </testcase> <!-- verifyCodeExecutionforGraphRepresentationPage -->
  <system-out/>
  <testcase classname="dsAlgoTests.GraphTest" name="verifyCodeExecutionforGraphRepresentationPage" time="0.000">
    <skipped/>
  </testcase> <!-- verifyCodeExecutionforGraphRepresentationPage -->
  <system-out/>
  <testcase classname="dsAlgoTests.GraphTest" name="verifyCodeExecutionforGraphPage" time="0.000">
    <skipped/>
  </testcase> <!-- verifyCodeExecutionforGraphPage -->
  <system-out/>
  <testcase classname="dsAlgoTests.GraphTest" name="verifyCodeExecutionforGraphRepresentationPage" time="0.000">
    <skipped/>
  </testcase> <!-- verifyCodeExecutionforGraphRepresentationPage -->
  <system-out/>
  <testcase classname="dsAlgoTests.GraphTest" name="verifyCodeExecutionforGraphRepresentationPage" time="0.000">
    <skipped/>
  </testcase> <!-- verifyCodeExecutionforGraphRepresentationPage -->
  <system-out/>
  <testcase classname="dsAlgoTests.GraphTest" name="verifyCodeExecutionforGraphRepresentationPage" time="0.000">
    <skipped/>
  </testcase> <!-- verifyCodeExecutionforGraphRepresentationPage -->
  <system-out/>
  <testcase classname="dsAlgoTests.GraphTest" name="verifyCodeExecutionforGraphPage" time="0.000">
    <skipped/>
  </testcase> <!-- verifyCodeExecutionforGraphPage -->
  <system-out/>
  <testcase classname="dsAlgoTests.GraphTest" name="verifyCodeExecutionforGraphPage" time="0.000">
    <skipped/>
  </testcase> <!-- verifyCodeExecutionforGraphPage -->
  <system-out/>
  <testcase classname="dsAlgoTests.GraphTest" name="verifyCodeExecutionforGraphRepresentationPage" time="0.000">
    <skipped/>
  </testcase> <!-- verifyCodeExecutionforGraphRepresentationPage -->
  <system-out/>
  <testcase classname="dsAlgoTests.GraphTest" name="verifyCodeExecutionforGraphRepresentationPage" time="0.000">
    <skipped/>
  </testcase> <!-- verifyCodeExecutionforGraphRepresentationPage -->
  <system-out/>
  <testcase classname="dsAlgoTests.GraphTest" name="verifyCodeExecutionforGraphPage" time="0.000">
    <skipped/>
  </testcase> <!-- verifyCodeExecutionforGraphPage -->
  <system-out/>
  <testcase classname="dsAlgoTests.GraphTest" name="verifyCodeExecutionforGraphPage" time="0.000">
    <skipped/>
  </testcase> <!-- verifyCodeExecutionforGraphPage -->
  <system-out/>
  <testcase classname="dsAlgoTests.GraphTest" name="verifyCodeExecutionforGraphRepresentationPage" time="0.000">
    <skipped/>
  </testcase> <!-- verifyCodeExecutionforGraphRepresentationPage -->
  <system-out/>
  <testcase classname="dsAlgoTests.GraphTest" name="verifyCodeExecutionforGraphPage" time="0.000">
    <skipped/>
  </testcase> <!-- verifyCodeExecutionforGraphPage -->
  <system-out/>
  <testcase classname="dsAlgoTests.GraphTest" name="verifyCodeExecutionforGraphRepresentationPage" time="0.000">
    <skipped/>
  </testcase> <!-- verifyCodeExecutionforGraphRepresentationPage -->
  <system-out/>
  <testcase classname="dsAlgoTests.GraphTest" name="verifyCodeExecutionforGraphRepresentationPage" time="0.000">
    <skipped/>
  </testcase> <!-- verifyCodeExecutionforGraphRepresentationPage -->
  <system-out/>
  <testcase classname="dsAlgoTests.GraphTest" name="verifyCodeExecutionforGraphRepresentationPage" time="0.000">
    <skipped/>
  </testcase> <!-- verifyCodeExecutionforGraphRepresentationPage -->
  <system-out/>
  <testcase classname="dsAlgoTests.GraphTest" name="verifyCodeExecutionforGraphRepresentationPage" time="0.000">
    <skipped/>
  </testcase> <!-- verifyCodeExecutionforGraphRepresentationPage -->
  <system-out/>
  <testcase classname="dsAlgoTests.GraphTest" name="verifyCodeExecutionforGraphRepresentationPage" time="0.000">
    <skipped/>
  </testcase> <!-- verifyCodeExecutionforGraphRepresentationPage -->
  <system-out/>
  <testcase classname="dsAlgoTests.GraphTest" name="verifyCodeExecutionforGraphPage" time="0.000">
    <skipped/>
  </testcase> <!-- verifyCodeExecutionforGraphPage -->
  <system-out/>
  <testcase classname="dsAlgoTests.GraphTest" name="verifyCodeExecutionforGraphPage" time="0.000">
    <skipped/>
  </testcase> <!-- verifyCodeExecutionforGraphPage -->
  <system-out/>
  <testcase classname="dsAlgoTests.GraphTest" name="verifyCodeExecutionforGraphRepresentationPage" time="0.000">
    <skipped/>
  </testcase> <!-- verifyCodeExecutionforGraphRepresentationPage -->
  <system-out/>
  <testcase classname="dsAlgoTests.GraphTest" name="verifyCodeExecutionforGraphRepresentationPage" time="0.000">
    <skipped/>
  </testcase> <!-- verifyCodeExecutionforGraphRepresentationPage -->
  <system-out/>
  <testcase classname="dsAlgoTests.GraphTest" name="verifyCodeExecutionforGraphRepresentationPage" time="0.000">
    <skipped/>
  </testcase> <!-- verifyCodeExecutionforGraphRepresentationPage -->
  <system-out/>
  <testcase classname="dsAlgoTests.GraphTest" name="verifyCodeExecutionforGraphRepresentationPage" time="0.000">
    <skipped/>
  </testcase> <!-- verifyCodeExecutionforGraphRepresentationPage -->
  <system-out/>
  <testcase classname="dsAlgoTests.GraphTest" name="verifyCodeExecutionforGraphRepresentationPage" time="0.000">
    <skipped/>
  </testcase> <!-- verifyCodeExecutionforGraphRepresentationPage -->
  <system-out/>
  <testcase classname="dsAlgoTests.GraphTest" name="verifyCodeExecutionforGraphPage" time="0.000">
    <skipped/>
  </testcase> <!-- verifyCodeExecutionforGraphPage -->
  <system-out/>
  <testcase classname="dsAlgoTests.GraphTest" name="verifyCodeExecutionforGraphRepresentationPage" time="0.000">
    <skipped/>
  </testcase> <!-- verifyCodeExecutionforGraphRepresentationPage -->
  <system-out/>
  <testcase classname="dsAlgoTests.GraphTest" name="verifyCodeExecutionforGraphPage" time="0.000">
    <skipped/>
  </testcase> <!-- verifyCodeExecutionforGraphPage -->
  <system-out/>
  <testcase classname="dsAlgoTests.GraphTest" name="verifyCodeExecutionforGraphRepresentationPage" time="0.000">
    <skipped/>
  </testcase> <!-- verifyCodeExecutionforGraphRepresentationPage -->
  <system-out/>
  <testcase classname="dsAlgoTests.GraphTest" name="verifyCodeExecutionforGraphPage" time="0.000">
    <skipped/>
  </testcase> <!-- verifyCodeExecutionforGraphPage -->
  <system-out/>
  <testcase classname="dsAlgoTests.GraphTest" name="verifyCodeExecutionforGraphPage" time="0.000">
    <skipped/>
  </testcase> <!-- verifyCodeExecutionforGraphPage -->
  <system-out/>
  <testcase classname="dsAlgoTests.GraphTest" name="verifyCodeExecutionforGraphRepresentationPage" time="0.000">
    <skipped/>
  </testcase> <!-- verifyCodeExecutionforGraphRepresentationPage -->
  <system-out/>
  <testcase classname="dsAlgoTests.GraphTest" name="verifyCodeExecutionforGraphPage" time="0.000">
    <skipped/>
  </testcase> <!-- verifyCodeExecutionforGraphPage -->
  <system-out/>
  <testcase classname="dsAlgoTests.GraphTest" name="verifyCodeExecutionforGraphPage" time="0.000">
    <skipped/>
  </testcase> <!-- verifyCodeExecutionforGraphPage -->
  <system-out/>
  <testcase classname="dsAlgoTests.GraphTest" name="verifyCodeExecutionforGraphRepresentationPage" time="0.000">
    <skipped/>
  </testcase> <!-- verifyCodeExecutionforGraphRepresentationPage -->
  <system-out/>
  <testcase classname="dsAlgoTests.GraphTest" name="verifyCodeExecutionforGraphRepresentationPage" time="0.000">
    <skipped/>
  </testcase> <!-- verifyCodeExecutionforGraphRepresentationPage -->
  <system-out/>
  <testcase classname="dsAlgoTests.GraphTest" name="verifyCodeExecutionforGraphRepresentationPage" time="0.000">
    <skipped/>
  </testcase> <!-- verifyCodeExecutionforGraphRepresentationPage -->
  <system-out/>
  <testcase classname="dsAlgoTests.GraphTest" name="verifyCodeExecutionforGraphPage" time="0.000">
    <skipped/>
  </testcase> <!-- verifyCodeExecutionforGraphPage -->
  <system-out/>
  <testcase classname="dsAlgoTests.GraphTest" name="verifyCodeExecutionforGraphPage" time="0.000">
    <skipped/>
  </testcase> <!-- verifyCodeExecutionforGraphPage -->
  <system-out/>
  <testcase classname="dsAlgoTests.GraphTest" name="verifyCodeExecutionforGraphRepresentationPage" time="0.000">
    <skipped/>
  </testcase> <!-- verifyCodeExecutionforGraphRepresentationPage -->
  <system-out/>
  <testcase classname="dsAlgoTests.GraphTest" name="verifyCodeExecutionforGraphRepresentationPage" time="0.000">
    <skipped/>
  </testcase> <!-- verifyCodeExecutionforGraphRepresentationPage -->
  <system-out/>
  <testcase classname="dsAlgoTests.GraphTest" name="verifyCodeExecutionforGraphRepresentationPage" time="0.000">
    <skipped/>
  </testcase> <!-- verifyCodeExecutionforGraphRepresentationPage -->
  <system-out/>
  <testcase classname="dsAlgoTests.GraphTest" name="verifyCodeExecutionforGraphPage" time="0.000">
    <skipped/>
  </testcase> <!-- verifyCodeExecutionforGraphPage -->
  <system-out/>
  <testcase classname="dsAlgoTests.GraphTest" name="verifyCodeExecutionforGraphPage" time="0.000">
    <skipped/>
  </testcase> <!-- verifyCodeExecutionforGraphPage -->
  <system-out/>
  <testcase classname="dsAlgoTests.GraphTest" name="verifyCodeExecutionforGraphPage" time="0.000">
    <skipped/>
  </testcase> <!-- verifyCodeExecutionforGraphPage -->
  <system-out/>
  <testcase classname="dsAlgoTests.GraphTest" name="verifyCodeExecutionforGraphPage" time="0.000">
    <skipped/>
  </testcase> <!-- verifyCodeExecutionforGraphPage -->
  <system-out/>
  <testcase classname="dsAlgoTests.GraphTest" name="verifyCodeExecutionforGraphPage" time="0.000">
    <skipped/>
  </testcase> <!-- verifyCodeExecutionforGraphPage -->
  <system-out/>
  <testcase classname="dsAlgoTests.GraphTest" name="verifyCodeExecutionforGraphRepresentationPage" time="0.000">
    <skipped/>
  </testcase> <!-- verifyCodeExecutionforGraphRepresentationPage -->
  <system-out/>
  <testcase classname="dsAlgoTests.GraphTest" name="verifyCodeExecutionforGraphPage" time="0.000">
    <skipped/>
  </testcase> <!-- verifyCodeExecutionforGraphPage -->
  <system-out/>
  <testcase classname="dsAlgoTests.GraphTest" name="verifyCodeExecutionforGraphPage" time="0.000">
    <skipped/>
  </testcase> <!-- verifyCodeExecutionforGraphPage -->
  <system-out/>
  <testcase classname="dsAlgoTests.GraphTest" name="verifyCodeExecutionforGraphPage" time="0.000">
    <skipped/>
  </testcase> <!-- verifyCodeExecutionforGraphPage -->
  <system-out/>
  <testcase classname="dsAlgoTests.GraphTest" name="verifyCodeExecutionforGraphRepresentationPage" time="0.000">
    <skipped/>
  </testcase> <!-- verifyCodeExecutionforGraphRepresentationPage -->
  <system-out/>
  <testcase classname="dsAlgoTests.GraphTest" name="verifyCodeExecutionforGraphRepresentationPage" time="0.000">
    <skipped/>
  </testcase> <!-- verifyCodeExecutionforGraphRepresentationPage -->
  <system-out/>
  <testcase classname="dsAlgoTests.GraphTest" name="verifyCodeExecutionforGraphPage" time="0.000">
    <skipped/>
  </testcase> <!-- verifyCodeExecutionforGraphPage -->
  <system-out/>
  <testcase classname="dsAlgoTests.GraphTest" name="verifyCodeExecutionforGraphRepresentationPage" time="0.000">
    <skipped/>
  </testcase> <!-- verifyCodeExecutionforGraphRepresentationPage -->
  <system-out/>
  <testcase classname="dsAlgoTests.GraphTest" name="verifyCodeExecutionforGraphPage" time="0.000">
    <skipped/>
  </testcase> <!-- verifyCodeExecutionforGraphPage -->
  <system-out/>
  <testcase classname="dsAlgoTests.GraphTest" name="verifyCodeExecutionforGraphRepresentationPage" time="0.000">
    <skipped/>
  </testcase> <!-- verifyCodeExecutionforGraphRepresentationPage -->
  <system-out/>
  <testcase classname="dsAlgoTests.GraphTest" name="verifyCodeExecutionforGraphRepresentationPage" time="0.000">
    <skipped/>
  </testcase> <!-- verifyCodeExecutionforGraphRepresentationPage -->
  <system-out/>
  <testcase classname="dsAlgoTests.GraphTest" name="verifyCodeExecutionforGraphPage" time="0.000">
    <skipped/>
  </testcase> <!-- verifyCodeExecutionforGraphPage -->
  <system-out/>
  <testcase classname="dsAlgoTests.GraphTest" name="verifyCodeExecutionforGraphRepresentationPage" time="0.000">
    <skipped/>
  </testcase> <!-- verifyCodeExecutionforGraphRepresentationPage -->
  <system-out/>
  <testcase classname="dsAlgoTests.GraphTest" name="verifyCodeExecutionforGraphRepresentationPage" time="0.000">
    <skipped/>
  </testcase> <!-- verifyCodeExecutionforGraphRepresentationPage -->
  <system-out/>
  <testcase classname="dsAlgoTests.GraphTest" name="verifyCodeExecutionforGraphRepresentationPage" time="0.000">
    <skipped/>
  </testcase> <!-- verifyCodeExecutionforGraphRepresentationPage -->
  <system-out/>
  <testcase classname="dsAlgoTests.GraphTest" name="verifyCodeExecutionforGraphPage" time="0.000">
    <skipped/>
  </testcase> <!-- verifyCodeExecutionforGraphPage -->
  <system-out/>
  <testcase classname="dsAlgoTests.GraphTest" name="verifyCodeExecutionforGraphPage" time="0.000">
    <skipped/>
  </testcase> <!-- verifyCodeExecutionforGraphPage -->
  <system-out/>
  <testcase classname="dsAlgoTests.GraphTest" name="verifyCodeExecutionforGraphRepresentationPage" time="0.000">
    <skipped/>
  </testcase> <!-- verifyCodeExecutionforGraphRepresentationPage -->
  <system-out/>
  <testcase classname="dsAlgoTests.GraphTest" name="verifyCodeExecutionforGraphRepresentationPage" time="0.000">
    <skipped/>
  </testcase> <!-- verifyCodeExecutionforGraphRepresentationPage -->
  <system-out/>
  <testcase classname="dsAlgoTests.GraphTest" name="verifyCodeExecutionforGraphPage" time="0.000">
    <skipped/>
  </testcase> <!-- verifyCodeExecutionforGraphPage -->
  <system-out/>
  <testcase classname="dsAlgoTests.GraphTest" name="verifyCodeExecutionforGraphPage" time="0.000">
    <skipped/>
  </testcase> <!-- verifyCodeExecutionforGraphPage -->
  <system-out/>
  <testcase classname="dsAlgoTests.GraphTest" name="verifyCodeExecutionforGraphPage" time="0.000">
    <skipped/>
  </testcase> <!-- verifyCodeExecutionforGraphPage -->
  <system-out/>
  <testcase classname="dsAlgoTests.GraphTest" name="verifyCodeExecutionforGraphPage" time="0.000">
    <skipped/>
  </testcase> <!-- verifyCodeExecutionforGraphPage -->
  <system-out/>
  <testcase classname="dsAlgoTests.GraphTest" name="verifyCodeExecutionforGraphRepresentationPage" time="0.000">
    <skipped/>
  </testcase> <!-- verifyCodeExecutionforGraphRepresentationPage -->
  <system-out/>
  <testcase classname="dsAlgoTests.GraphTest" name="verifyCodeExecutionforGraphRepresentationPage" time="0.000">
    <skipped/>
  </testcase> <!-- verifyCodeExecutionforGraphRepresentationPage -->
  <system-out/>
  <testcase classname="dsAlgoTests.GraphTest" name="verifyCodeExecutionforGraphRepresentationPage" time="0.000">
    <skipped/>
  </testcase> <!-- verifyCodeExecutionforGraphRepresentationPage -->
  <system-out/>
  <testcase classname="dsAlgoTests.GraphTest" name="verifyCodeExecutionforGraphPage" time="0.000">
    <skipped/>
  </testcase> <!-- verifyCodeExecutionforGraphPage -->
  <system-out/>
  <testcase classname="dsAlgoTests.GraphTest" name="verifyCodeExecutionforGraphPage" time="0.000">
    <skipped/>
  </testcase> <!-- verifyCodeExecutionforGraphPage -->
  <system-out/>
  <testcase classname="dsAlgoTests.GraphTest" name="verifyCodeExecutionforGraphRepresentationPage" time="0.000">
    <skipped/>
  </testcase> <!-- verifyCodeExecutionforGraphRepresentationPage -->
  <system-out/>
  <testcase classname="dsAlgoTests.GraphTest" name="verifyCodeExecutionforGraphPage" time="0.000">
    <skipped/>
  </testcase> <!-- verifyCodeExecutionforGraphPage -->
  <system-out/>
  <testcase classname="dsAlgoTests.GraphTest" name="verifyCodeExecutionforGraphPage" time="0.000">
    <skipped/>
  </testcase> <!-- verifyCodeExecutionforGraphPage -->
  <system-out/>
  <testcase classname="dsAlgoTests.GraphTest" name="verifyCodeExecutionforGraphPage" time="0.000">
    <skipped/>
  </testcase> <!-- verifyCodeExecutionforGraphPage -->
  <system-out/>
  <testcase classname="dsAlgoTests.GraphTest" name="verifyCodeExecutionforGraphPage" time="0.000">
    <skipped/>
  </testcase> <!-- verifyCodeExecutionforGraphPage -->
  <system-out/>
  <testcase classname="dsAlgoTests.GraphTest" name="verifyCodeExecutionforGraphRepresentationPage" time="0.000">
    <skipped/>
  </testcase> <!-- verifyCodeExecutionforGraphRepresentationPage -->
  <system-out/>
  <testcase classname="dsAlgoTests.GraphTest" name="verifyCodeExecutionforGraphRepresentationPage" time="0.000">
    <skipped/>
  </testcase> <!-- verifyCodeExecutionforGraphRepresentationPage -->
  <system-out/>
  <testcase classname="dsAlgoTests.GraphTest" name="verifyCodeExecutionforGraphRepresentationPage" time="0.000">
    <skipped/>
  </testcase> <!-- verifyCodeExecutionforGraphRepresentationPage -->
  <system-out/>
  <testcase classname="dsAlgoTests.GraphTest" name="verifyCodeExecutionforGraphPage" time="0.000">
    <skipped/>
  </testcase> <!-- verifyCodeExecutionforGraphPage -->
  <system-out/>
  <testcase classname="dsAlgoTests.GraphTest" name="verifyCodeExecutionforGraphPage" time="0.000">
    <skipped/>
  </testcase> <!-- verifyCodeExecutionforGraphPage -->
  <system-out/>
  <testcase classname="dsAlgoTests.GraphTest" name="verifyCodeExecutionforGraphPage" time="0.000">
    <skipped/>
  </testcase> <!-- verifyCodeExecutionforGraphPage -->
  <system-out/>
  <testcase classname="dsAlgoTests.GraphTest" name="verifyCodeExecutionforGraphRepresentationPage" time="0.000">
    <skipped/>
  </testcase> <!-- verifyCodeExecutionforGraphRepresentationPage -->
  <system-out/>
  <testcase classname="dsAlgoTests.GraphTest" name="verifyCodeExecutionforGraphPage" time="0.000">
    <skipped/>
  </testcase> <!-- verifyCodeExecutionforGraphPage -->
  <system-out/>
  <testcase classname="dsAlgoTests.GraphTest" name="verifyCodeExecutionforGraphRepresentationPage" time="0.000">
    <skipped/>
  </testcase> <!-- verifyCodeExecutionforGraphRepresentationPage -->
  <system-out/>
  <testcase classname="dsAlgoTests.GraphTest" name="verifyCodeExecutionforGraphRepresentationPage" time="0.000">
    <skipped/>
  </testcase> <!-- verifyCodeExecutionforGraphRepresentationPage -->
  <system-out/>
  <testcase classname="dsAlgoTests.GraphTest" name="verifyCodeExecutionforGraphRepresentationPage" time="0.000">
    <skipped/>
  </testcase> <!-- verifyCodeExecutionforGraphRepresentationPage -->
  <system-out/>
  <testcase classname="dsAlgoTests.GraphTest" name="verifyCodeExecutionforGraphPage" time="0.000">
    <skipped/>
  </testcase> <!-- verifyCodeExecutionforGraphPage -->
  <system-out/>
  <testcase classname="dsAlgoTests.GraphTest" name="verifyCodeExecutionforGraphPage" time="0.000">
    <skipped/>
  </testcase> <!-- verifyCodeExecutionforGraphPage -->
  <system-out/>
  <testcase classname="dsAlgoTests.GraphTest" name="verifyCodeExecutionforGraphPage" time="0.000">
    <skipped/>
  </testcase> <!-- verifyCodeExecutionforGraphPage -->
  <system-out/>
  <testcase classname="dsAlgoTests.GraphTest" name="verifyCodeExecutionforGraphRepresentationPage" time="0.000">
    <skipped/>
  </testcase> <!-- verifyCodeExecutionforGraphRepresentationPage -->
  <system-out/>
  <testcase classname="dsAlgoTests.GraphTest" name="verifyCodeExecutionforGraphPage" time="0.000">
    <skipped/>
  </testcase> <!-- verifyCodeExecutionforGraphPage -->
  <system-out/>
  <testcase classname="dsAlgoTests.GraphTest" name="verifyCodeExecutionforGraphRepresentationPage" time="0.000">
    <skipped/>
  </testcase> <!-- verifyCodeExecutionforGraphRepresentationPage -->
  <system-out/>
  <testcase classname="dsAlgoTests.GraphTest" name="verifyCodeExecutionforGraphPage" time="0.000">
    <skipped/>
  </testcase> <!-- verifyCodeExecutionforGraphPage -->
  <system-out/>
  <testcase classname="dsAlgoTests.GraphTest" name="verifyCodeExecutionforGraphRepresentationPage" time="0.000">
    <skipped/>
  </testcase> <!-- verifyCodeExecutionforGraphRepresentationPage -->
  <system-out/>
  <testcase classname="dsAlgoTests.GraphTest" name="verifyCodeExecutionforGraphRepresentationPage" time="0.000">
    <skipped/>
  </testcase> <!-- verifyCodeExecutionforGraphRepresentationPage -->
  <system-out/>
  <testcase classname="dsAlgoTests.GraphTest" name="verifyCodeExecutionforGraphPage" time="0.000">
    <skipped/>
  </testcase> <!-- verifyCodeExecutionforGraphPage -->
  <system-out/>
  <testcase classname="dsAlgoTests.GraphTest" name="verifyCodeExecutionforGraphRepresentationPage" time="0.000">
    <skipped/>
  </testcase> <!-- verifyCodeExecutionforGraphRepresentationPage -->
  <system-out/>
  <testcase classname="dsAlgoTests.GraphTest" name="verifyCodeExecutionforGraphRepresentationPage" time="0.000">
    <skipped/>
  </testcase> <!-- verifyCodeExecutionforGraphRepresentationPage -->
  <system-out/>
  <testcase classname="dsAlgoTests.GraphTest" name="verifyCodeExecutionforGraphRepresentationPage" time="0.000">
    <skipped/>
  </testcase> <!-- verifyCodeExecutionforGraphRepresentationPage -->
  <system-out/>
  <testcase classname="dsAlgoTests.GraphTest" name="verifyCodeExecutionforGraphPage" time="0.000">
    <skipped/>
  </testcase> <!-- verifyCodeExecutionforGraphPage -->
  <system-out/>
  <testcase classname="dsAlgoTests.GraphTest" name="verifyCodeExecutionforGraphPage" time="0.000">
    <skipped/>
  </testcase> <!-- verifyCodeExecutionforGraphPage -->
  <system-out/>
  <testcase classname="dsAlgoTests.GraphTest" name="verifyCodeExecutionforGraphPage" time="0.000">
    <skipped/>
  </testcase> <!-- verifyCodeExecutionforGraphPage -->
  <system-out/>
  <testcase classname="dsAlgoTests.GraphTest" name="verifyCodeExecutionforGraphRepresentationPage" time="0.000">
    <skipped/>
  </testcase> <!-- verifyCodeExecutionforGraphRepresentationPage -->
  <system-out/>
  <testcase classname="dsAlgoTests.GraphTest" name="verifyCodeExecutionforGraphPage" time="0.000">
    <skipped/>
  </testcase> <!-- verifyCodeExecutionforGraphPage -->
  <system-out/>
  <testcase classname="dsAlgoTests.GraphTest" name="verifyCodeExecutionforGraphRepresentationPage" time="0.000">
    <skipped/>
  </testcase> <!-- verifyCodeExecutionforGraphRepresentationPage -->
  <system-out/>
  <testcase classname="dsAlgoTests.GraphTest" name="verifyCodeExecutionforGraphRepresentationPage" time="0.000">
    <skipped/>
  </testcase> <!-- verifyCodeExecutionforGraphRepresentationPage -->
  <system-out/>
  <testcase classname="dsAlgoTests.GraphTest" name="verifyCodeExecutionforGraphRepresentationPage" time="0.000">
    <skipped/>
  </testcase> <!-- verifyCodeExecutionforGraphRepresentationPage -->
  <system-out/>
  <testcase classname="dsAlgoTests.GraphTest" name="verifyCodeExecutionforGraphRepresentationPage" time="0.000">
    <skipped/>
  </testcase> <!-- verifyCodeExecutionforGraphRepresentationPage -->
  <system-out/>
  <testcase classname="dsAlgoTests.GraphTest" name="verifyCodeExecutionforGraphPage" time="0.000">
    <skipped/>
  </testcase> <!-- verifyCodeExecutionforGraphPage -->
  <system-out/>
  <testcase classname="dsAlgoTests.GraphTest" name="verifyCodeExecutionforGraphPage" time="0.000">
    <skipped/>
  </testcase> <!-- verifyCodeExecutionforGraphPage -->
  <system-out/>
  <testcase classname="dsAlgoTests.GraphTest" name="verifyCodeExecutionforGraphRepresentationPage" time="0.000">
    <skipped/>
  </testcase> <!-- verifyCodeExecutionforGraphRepresentationPage -->
  <system-out/>
  <testcase classname="dsAlgoTests.GraphTest" name="verifyCodeExecutionforGraphPage" time="0.000">
    <skipped/>
  </testcase> <!-- verifyCodeExecutionforGraphPage -->
  <system-out/>
  <testcase classname="dsAlgoTests.GraphTest" name="verifyCodeExecutionforGraphPage" time="0.000">
    <skipped/>
  </testcase> <!-- verifyCodeExecutionforGraphPage -->
  <system-out/>
  <testcase classname="dsAlgoTests.GraphTest" name="verifyCodeExecutionforGraphRepresentationPage" time="0.000">
    <skipped/>
  </testcase> <!-- verifyCodeExecutionforGraphRepresentationPage -->
  <system-out/>
  <testcase classname="dsAlgoTests.GraphTest" name="verifyCodeExecutionforGraphRepresentationPage" time="0.000">
    <skipped/>
  </testcase> <!-- verifyCodeExecutionforGraphRepresentationPage -->
  <system-out/>
  <testcase classname="dsAlgoTests.GraphTest" name="verifyCodeExecutionforGraphPage" time="0.000">
    <skipped/>
  </testcase> <!-- verifyCodeExecutionforGraphPage -->
  <system-out/>
  <testcase classname="dsAlgoTests.GraphTest" name="verifyCodeExecutionforGraphPage" time="0.000">
    <skipped/>
  </testcase> <!-- verifyCodeExecutionforGraphPage -->
  <system-out/>
  <testcase classname="dsAlgoTests.GraphTest" name="verifyCodeExecutionforGraphRepresentationPage" time="0.000">
    <skipped/>
  </testcase> <!-- verifyCodeExecutionforGraphRepresentationPage -->
  <system-out/>
  <testcase classname="dsAlgoTests.GraphTest" name="verifyCodeExecutionforGraphRepresentationPage" time="0.000">
    <skipped/>
  </testcase> <!-- verifyCodeExecutionforGraphRepresentationPage -->
  <system-out/>
  <testcase classname="dsAlgoTests.GraphTest" name="verifyCodeExecutionforGraphPage" time="0.000">
    <skipped/>
  </testcase> <!-- verifyCodeExecutionforGraphPage -->
  <system-out/>
  <testcase classname="dsAlgoTests.GraphTest" name="verifyCodeExecutionforGraphRepresentationPage" time="0.000">
    <skipped/>
  </testcase> <!-- verifyCodeExecutionforGraphRepresentationPage -->
  <system-out/>
  <testcase classname="dsAlgoTests.GraphTest" name="verifyCodeExecutionforGraphRepresentationPage" time="0.000">
    <skipped/>
  </testcase> <!-- verifyCodeExecutionforGraphRepresentationPage -->
  <system-out/>
  <testcase classname="dsAlgoTests.GraphTest" name="verifyCodeExecutionforGraphRepresentationPage" time="0.000">
    <skipped/>
  </testcase> <!-- verifyCodeExecutionforGraphRepresentationPage -->
  <system-out/>
  <testcase classname="dsAlgoTests.GraphTest" name="verifyCodeExecutionforGraphRepresentationPage" time="0.000">
    <skipped/>
  </testcase> <!-- verifyCodeExecutionforGraphRepresentationPage -->
  <system-out/>
  <testcase classname="dsAlgoTests.GraphTest" name="verifyCodeExecutionforGraphRepresentationPage" time="0.000">
    <skipped/>
  </testcase> <!-- verifyCodeExecutionforGraphRepresentationPage -->
  <system-out/>
  <testcase classname="dsAlgoTests.GraphTest" name="verifyCodeExecutionforGraphPage" time="0.000">
    <skipped/>
  </testcase> <!-- verifyCodeExecutionforGraphPage -->
  <system-out/>
  <testcase classname="dsAlgoTests.GraphTest" name="verifyCodeExecutionforGraphPage" time="0.000">
    <skipped/>
  </testcase> <!-- verifyCodeExecutionforGraphPage -->
  <system-out/>
  <testcase classname="dsAlgoTests.GraphTest" name="verifyCodeExecutionforGraphPage" time="0.000">
    <skipped/>
  </testcase> <!-- verifyCodeExecutionforGraphPage -->
  <system-out/>
  <testcase classname="dsAlgoTests.GraphTest" name="verifyCodeExecutionforGraphRepresentationPage" time="0.000">
    <skipped/>
  </testcase> <!-- verifyCodeExecutionforGraphRepresentationPage -->
  <system-out/>
  <testcase classname="dsAlgoTests.GraphTest" name="verifyCodeExecutionforGraphRepresentationPage" time="0.000">
    <skipped/>
  </testcase> <!-- verifyCodeExecutionforGraphRepresentationPage -->
  <system-out/>
  <testcase classname="dsAlgoTests.GraphTest" name="verifyCodeExecutionforGraphRepresentationPage" time="0.000">
    <skipped/>
  </testcase> <!-- verifyCodeExecutionforGraphRepresentationPage -->
  <system-out/>
  <testcase classname="dsAlgoTests.GraphTest" name="verifyCodeExecutionforGraphPage" time="0.000">
    <skipped/>
  </testcase> <!-- verifyCodeExecutionforGraphPage -->
  <system-out/>
  <testcase classname="dsAlgoTests.GraphTest" name="verifyCodeExecutionforGraphRepresentationPage" time="0.000">
    <skipped/>
  </testcase> <!-- verifyCodeExecutionforGraphRepresentationPage -->
  <system-out/>
  <testcase classname="dsAlgoTests.GraphTest" name="verifyCodeExecutionforGraphPage" time="0.000">
    <skipped/>
  </testcase> <!-- verifyCodeExecutionforGraphPage -->
  <system-out/>
  <testcase classname="dsAlgoTests.GraphTest" name="verifyCodeExecutionforGraphRepresentationPage" time="0.000">
    <skipped/>
  </testcase> <!-- verifyCodeExecutionforGraphRepresentationPage -->
  <system-out/>
  <testcase classname="dsAlgoTests.GraphTest" name="verifyCodeExecutionforGraphPage" time="0.000">
    <skipped/>
  </testcase> <!-- verifyCodeExecutionforGraphPage -->
  <system-out/>
  <testcase classname="dsAlgoTests.GraphTest" name="verifyCodeExecutionforGraphPage" time="0.000">
    <skipped/>
  </testcase> <!-- verifyCodeExecutionforGraphPage -->
  <system-out/>
  <testcase classname="dsAlgoTests.GraphTest" name="verifyCodeExecutionforGraphPage" time="0.000">
    <skipped/>
  </testcase> <!-- verifyCodeExecutionforGraphPage -->
  <system-out/>
  <testcase classname="dsAlgoTests.GraphTest" name="verifyCodeExecutionforGraphRepresentationPage" time="0.000">
    <skipped/>
  </testcase> <!-- verifyCodeExecutionforGraphRepresentationPage -->
  <system-out/>
  <testcase classname="dsAlgoTests.GraphTest" name="verifyCodeExecutionforGraphRepresentationPage" time="0.000">
    <skipped/>
  </testcase> <!-- verifyCodeExecutionforGraphRepresentationPage -->
  <system-out/>
  <testcase classname="dsAlgoTests.GraphTest" name="verifyCodeExecutionforGraphRepresentationPage" time="0.000">
    <skipped/>
  </testcase> <!-- verifyCodeExecutionforGraphRepresentationPage -->
  <system-out/>
  <testcase classname="dsAlgoTests.GraphTest" name="verifyCodeExecutionforGraphPage" time="0.000">
    <skipped/>
  </testcase> <!-- verifyCodeExecutionforGraphPage -->
  <system-out/>
  <testcase classname="dsAlgoTests.GraphTest" name="verifyCodeExecutionforGraphPage" time="0.000">
    <skipped/>
  </testcase> <!-- verifyCodeExecutionforGraphPage -->
  <system-out/>
  <testcase classname="dsAlgoTests.GraphTest" name="verifyCodeExecutionforGraphRepresentationPage" time="0.000">
    <skipped/>
  </testcase> <!-- verifyCodeExecutionforGraphRepresentationPage -->
  <system-out/>
  <testcase classname="dsAlgoTests.GraphTest" name="verifyCodeExecutionforGraphPage" time="0.000">
    <skipped/>
  </testcase> <!-- verifyCodeExecutionforGraphPage -->
  <system-out/>
  <testcase classname="dsAlgoTests.GraphTest" name="verifyCodeExecutionforGraphRepresentationPage" time="0.000">
    <skipped/>
  </testcase> <!-- verifyCodeExecutionforGraphRepresentationPage -->
  <system-out/>
  <testcase classname="dsAlgoTests.GraphTest" name="verifyCodeExecutionforGraphPage" time="0.000">
    <skipped/>
  </testcase> <!-- verifyCodeExecutionforGraphPage -->
  <system-out/>
  <testcase classname="dsAlgoTests.GraphTest" name="verifyCodeExecutionforGraphPage" time="0.000">
    <skipped/>
  </testcase> <!-- verifyCodeExecutionforGraphPage -->
  <system-out/>
  <testcase classname="dsAlgoTests.GraphTest" name="verifyCodeExecutionforGraphPage" time="0.000">
    <skipped/>
  </testcase> <!-- verifyCodeExecutionforGraphPage -->
  <system-out/>
  <testcase classname="dsAlgoTests.GraphTest" name="verifyCodeExecutionforGraphRepresentationPage" time="0.000">
    <skipped/>
  </testcase> <!-- verifyCodeExecutionforGraphRepresentationPage -->
  <system-out/>
  <testcase classname="dsAlgoTests.GraphTest" name="verifyCodeExecutionforGraphRepresentationPage" time="0.000">
    <skipped/>
  </testcase> <!-- verifyCodeExecutionforGraphRepresentationPage -->
  <system-out/>
  <testcase classname="dsAlgoTests.GraphTest" name="verifyCodeExecutionforGraphPage" time="0.000">
    <skipped/>
  </testcase> <!-- verifyCodeExecutionforGraphPage -->
  <system-out/>
  <testcase classname="dsAlgoTests.GraphTest" name="verifyCodeExecutionforGraphRepresentationPage" time="0.000">
    <skipped/>
  </testcase> <!-- verifyCodeExecutionforGraphRepresentationPage -->
  <system-out/>
  <testcase classname="dsAlgoTests.GraphTest" name="verifyCodeExecutionforGraphPage" time="0.000">
    <skipped/>
  </testcase> <!-- verifyCodeExecutionforGraphPage -->
  <system-out/>
  <testcase classname="dsAlgoTests.GraphTest" name="verifyCodeExecutionforGraphPage" time="0.000">
    <skipped/>
  </testcase> <!-- verifyCodeExecutionforGraphPage -->
  <system-out/>
  <testcase classname="dsAlgoTests.GraphTest" name="verifyCodeExecutionforGraphRepresentationPage" time="0.000">
    <skipped/>
  </testcase> <!-- verifyCodeExecutionforGraphRepresentationPage -->
  <system-out/>
  <testcase classname="dsAlgoTests.GraphTest" name="verifyCodeExecutionforGraphRepresentationPage" time="0.000">
    <skipped/>
  </testcase> <!-- verifyCodeExecutionforGraphRepresentationPage -->
  <system-out/>
  <testcase classname="dsAlgoTests.GraphTest" name="verifyCodeExecutionforGraphPage" time="0.000">
    <skipped/>
  </testcase> <!-- verifyCodeExecutionforGraphPage -->
  <system-out/>
  <testcase classname="dsAlgoTests.GraphTest" name="verifyCodeExecutionforGraphRepresentationPage" time="0.000">
    <skipped/>
  </testcase> <!-- verifyCodeExecutionforGraphRepresentationPage -->
  <system-out/>
  <testcase classname="dsAlgoTests.GraphTest" name="verifyCodeExecutionforGraphRepresentationPage" time="0.000">
    <skipped/>
  </testcase> <!-- verifyCodeExecutionforGraphRepresentationPage -->
  <system-out/>
  <testcase classname="dsAlgoTests.GraphTest" name="verifyCodeExecutionforGraphPage" time="0.000">
    <skipped/>
  </testcase> <!-- verifyCodeExecutionforGraphPage -->
  <system-out/>
  <testcase classname="dsAlgoTests.GraphTest" name="verifyCodeExecutionforGraphPage" time="0.000">
    <skipped/>
  </testcase> <!-- verifyCodeExecutionforGraphPage -->
  <system-out/>
  <testcase classname="dsAlgoTests.GraphTest" name="verifyCodeExecutionforGraphRepresentationPage" time="0.000">
    <skipped/>
  </testcase> <!-- verifyCodeExecutionforGraphRepresentationPage -->
  <system-out/>
  <testcase classname="dsAlgoTests.GraphTest" name="verifyCodeExecutionforGraphRepresentationPage" time="0.000">
    <skipped/>
  </testcase> <!-- verifyCodeExecutionforGraphRepresentationPage -->
  <system-out/>
  <testcase classname="dsAlgoTests.GraphTest" name="verifyCodeExecutionforGraphPage" time="0.000">
    <skipped/>
  </testcase> <!-- verifyCodeExecutionforGraphPage -->
  <system-out/>
  <testcase classname="dsAlgoTests.GraphTest" name="verifyCodeExecutionforGraphPage" time="0.000">
    <skipped/>
  </testcase> <!-- verifyCodeExecutionforGraphPage -->
  <system-out/>
  <testcase classname="dsAlgoTests.GraphTest" name="verifyCodeExecutionforGraphRepresentationPage" time="0.000">
    <skipped/>
  </testcase> <!-- verifyCodeExecutionforGraphRepresentationPage -->
  <system-out/>
  <testcase classname="dsAlgoTests.GraphTest" name="verifyCodeExecutionforGraphRepresentationPage" time="0.000">
    <skipped/>
  </testcase> <!-- verifyCodeExecutionforGraphRepresentationPage -->
  <system-out/>
  <testcase classname="dsAlgoTests.GraphTest" name="verifyCodeExecutionforGraphPage" time="0.000">
    <skipped/>
  </testcase> <!-- verifyCodeExecutionforGraphPage -->
  <system-out/>
  <testcase classname="dsAlgoTests.GraphTest" name="verifyCodeExecutionforGraphPage" time="0.000">
    <skipped/>
  </testcase> <!-- verifyCodeExecutionforGraphPage -->
  <system-out/>
  <testcase classname="dsAlgoTests.GraphTest" name="verifyCodeExecutionforGraphPage" time="0.000">
    <skipped/>
  </testcase> <!-- verifyCodeExecutionforGraphPage -->
  <system-out/>
  <testcase classname="dsAlgoTests.GraphTest" name="verifyCodeExecutionforGraphRepresentationPage" time="0.000">
    <skipped/>
  </testcase> <!-- verifyCodeExecutionforGraphRepresentationPage -->
  <system-out/>
  <testcase classname="dsAlgoTests.GraphTest" name="verifyCodeExecutionforGraphRepresentationPage" time="0.000">
    <skipped/>
  </testcase> <!-- verifyCodeExecutionforGraphRepresentationPage -->
  <system-out/>
  <testcase classname="dsAlgoTests.GraphTest" name="verifyCodeExecutionforGraphRepresentationPage" time="0.000">
    <skipped/>
  </testcase> <!-- verifyCodeExecutionforGraphRepresentationPage -->
  <system-out/>
  <testcase classname="dsAlgoTests.GraphTest" name="verifyCodeExecutionforGraphRepresentationPage" time="0.000">
    <skipped/>
  </testcase> <!-- verifyCodeExecutionforGraphRepresentationPage -->
  <system-out/>
  <testcase classname="dsAlgoTests.GraphTest" name="verifyCodeExecutionforGraphPage" time="0.000">
    <skipped/>
  </testcase> <!-- verifyCodeExecutionforGraphPage -->
  <system-out/>
  <testcase classname="dsAlgoTests.GraphTest" name="verifyCodeExecutionforGraphRepresentationPage" time="0.000">
    <skipped/>
  </testcase> <!-- verifyCodeExecutionforGraphRepresentationPage -->
  <system-out/>
  <testcase classname="dsAlgoTests.GraphTest" name="verifyCodeExecutionforGraphRepresentationPage" time="0.000">
    <skipped/>
  </testcase> <!-- verifyCodeExecutionforGraphRepresentationPage -->
  <system-out/>
  <testcase classname="dsAlgoTests.GraphTest" name="verifyCodeExecutionforGraphPage" time="0.000">
    <skipped/>
  </testcase> <!-- verifyCodeExecutionforGraphPage -->
  <system-out/>
  <testcase classname="dsAlgoTests.GraphTest" name="verifyCodeExecutionforGraphRepresentationPage" time="0.000">
    <skipped/>
  </testcase> <!-- verifyCodeExecutionforGraphRepresentationPage -->
  <system-out/>
  <testcase classname="dsAlgoTests.GraphTest" name="verifyCodeExecutionforGraphPage" time="0.000">
    <skipped/>
  </testcase> <!-- verifyCodeExecutionforGraphPage -->
  <system-out/>
  <testcase classname="dsAlgoTests.GraphTest" name="verifyCodeExecutionforGraphPage" time="0.000">
    <skipped/>
  </testcase> <!-- verifyCodeExecutionforGraphPage -->
  <system-out/>
  <testcase classname="dsAlgoTests.GraphTest" name="verifyCodeExecutionforGraphPage" time="0.000">
    <skipped/>
  </testcase> <!-- verifyCodeExecutionforGraphPage -->
  <system-out/>
  <testcase classname="dsAlgoTests.GraphTest" name="verifyCodeExecutionforGraphRepresentationPage" time="0.000">
    <skipped/>
  </testcase> <!-- verifyCodeExecutionforGraphRepresentationPage -->
  <system-out/>
  <testcase classname="dsAlgoTests.GraphTest" name="verifyCodeExecutionforGraphRepresentationPage" time="0.000">
    <skipped/>
  </testcase> <!-- verifyCodeExecutionforGraphRepresentationPage -->
  <system-out/>
  <testcase classname="dsAlgoTests.GraphTest" name="verifyCodeExecutionforGraphPage" time="0.000">
    <skipped/>
  </testcase> <!-- verifyCodeExecutionforGraphPage -->
  <system-out/>
  <testcase classname="dsAlgoTests.GraphTest" name="verifyCodeExecutionforGraphRepresentationPage" time="0.000">
    <skipped/>
  </testcase> <!-- verifyCodeExecutionforGraphRepresentationPage -->
  <system-out/>
  <testcase classname="dsAlgoTests.GraphTest" name="verifyCodeExecutionforGraphRepresentationPage" time="0.000">
    <skipped/>
  </testcase> <!-- verifyCodeExecutionforGraphRepresentationPage -->
  <system-out/>
  <testcase classname="dsAlgoTests.GraphTest" name="verifyCodeExecutionforGraphRepresentationPage" time="0.000">
    <skipped/>
  </testcase> <!-- verifyCodeExecutionforGraphRepresentationPage -->
  <system-out/>
  <testcase classname="dsAlgoTests.GraphTest" name="verifyCodeExecutionforGraphRepresentationPage" time="0.000">
    <skipped/>
  </testcase> <!-- verifyCodeExecutionforGraphRepresentationPage -->
  <system-out/>
  <testcase classname="dsAlgoTests.GraphTest" name="verifyCodeExecutionforGraphRepresentationPage" time="0.000">
    <skipped/>
  </testcase> <!-- verifyCodeExecutionforGraphRepresentationPage -->
  <system-out/>
  <testcase classname="dsAlgoTests.GraphTest" name="verifyCodeExecutionforGraphPage" time="0.000">
    <skipped/>
  </testcase> <!-- verifyCodeExecutionforGraphPage -->
  <system-out/>
  <testcase classname="dsAlgoTests.GraphTest" name="verifyCodeExecutionforGraphRepresentationPage" time="0.000">
    <skipped/>
  </testcase> <!-- verifyCodeExecutionforGraphRepresentationPage -->
  <system-out/>
  <testcase classname="dsAlgoTests.GraphTest" name="verifyCodeExecutionforGraphRepresentationPage" time="0.000">
    <skipped/>
  </testcase> <!-- verifyCodeExecutionforGraphRepresentationPage -->
  <system-out/>
  <testcase classname="dsAlgoTests.GraphTest" name="verifyCodeExecutionforGraphRepresentationPage" time="0.000">
    <skipped/>
  </testcase> <!-- verifyCodeExecutionforGraphRepresentationPage -->
  <system-out/>
  <testcase classname="dsAlgoTests.GraphTest" name="verifyCodeExecutionforGraphRepresentationPage" time="0.000">
    <skipped/>
  </testcase> <!-- verifyCodeExecutionforGraphRepresentationPage -->
  <system-out/>
  <testcase classname="dsAlgoTests.GraphTest" name="verifyCodeExecutionforGraphPage" time="0.000">
    <skipped/>
  </testcase> <!-- verifyCodeExecutionforGraphPage -->
  <system-out/>
  <testcase classname="dsAlgoTests.GraphTest" name="verifyCodeExecutionforGraphPage" time="0.000">
    <skipped/>
  </testcase> <!-- verifyCodeExecutionforGraphPage -->
  <system-out/>
  <testcase classname="dsAlgoTests.GraphTest" name="verifyCodeExecutionforGraphRepresentationPage" time="0.000">
    <skipped/>
  </testcase> <!-- verifyCodeExecutionforGraphRepresentationPage -->
  <system-out/>
  <testcase classname="dsAlgoTests.GraphTest" name="verifyCodeExecutionforGraphRepresentationPage" time="0.000">
    <skipped/>
  </testcase> <!-- verifyCodeExecutionforGraphRepresentationPage -->
  <system-out/>
  <testcase classname="dsAlgoTests.GraphTest" name="verifyCodeExecutionforGraphRepresentationPage" time="0.000">
    <skipped/>
  </testcase> <!-- verifyCodeExecutionforGraphRepresentationPage -->
  <system-out/>
  <testcase classname="dsAlgoTests.GraphTest" name="verifyCodeExecutionforGraphPage" time="0.000">
    <skipped/>
  </testcase> <!-- verifyCodeExecutionforGraphPage -->
  <system-out/>
  <testcase classname="dsAlgoTests.GraphTest" name="verifyCodeExecutionforGraphPage" time="0.000">
    <skipped/>
  </testcase> <!-- verifyCodeExecutionforGraphPage -->
  <system-out/>
  <testcase classname="dsAlgoTests.GraphTest" name="verifyCodeExecutionforGraphPage" time="0.000">
    <skipped/>
  </testcase> <!-- verifyCodeExecutionforGraphPage -->
  <system-out/>
  <testcase classname="dsAlgoTests.GraphTest" name="verifyCodeExecutionforGraphRepresentationPage" time="0.000">
    <skipped/>
  </testcase> <!-- verifyCodeExecutionforGraphRepresentationPage -->
  <system-out/>
  <testcase classname="dsAlgoTests.GraphTest" name="verifyCodeExecutionforGraphRepresentationPage" time="0.000">
    <skipped/>
  </testcase> <!-- verifyCodeExecutionforGraphRepresentationPage -->
  <system-out/>
  <testcase classname="dsAlgoTests.GraphTest" name="verifyCodeExecutionforGraphRepresentationPage" time="0.000">
    <skipped/>
  </testcase> <!-- verifyCodeExecutionforGraphRepresentationPage -->
  <system-out/>
  <testcase classname="dsAlgoTests.GraphTest" name="verifyCodeExecutionforGraphPage" time="0.000">
    <skipped/>
  </testcase> <!-- verifyCodeExecutionforGraphPage -->
  <system-out/>
  <testcase classname="dsAlgoTests.GraphTest" name="verifyCodeExecutionforGraphPage" time="0.000">
    <skipped/>
  </testcase> <!-- verifyCodeExecutionforGraphPage -->
  <system-out/>
  <testcase classname="dsAlgoTests.GraphTest" name="verifyCodeExecutionforGraphRepresentationPage" time="0.000">
    <skipped/>
  </testcase> <!-- verifyCodeExecutionforGraphRepresentationPage -->
  <system-out/>
  <testcase classname="dsAlgoTests.GraphTest" name="verifyCodeExecutionforGraphRepresentationPage" time="0.000">
    <skipped/>
  </testcase> <!-- verifyCodeExecutionforGraphRepresentationPage -->
  <system-out/>
  <testcase classname="dsAlgoTests.GraphTest" name="verifyCodeExecutionforGraphRepresentationPage" time="0.000">
    <skipped/>
  </testcase> <!-- verifyCodeExecutionforGraphRepresentationPage -->
  <system-out/>
  <testcase classname="dsAlgoTests.GraphTest" name="verifyCodeExecutionforGraphRepresentationPage" time="0.000">
    <skipped/>
  </testcase> <!-- verifyCodeExecutionforGraphRepresentationPage -->
  <system-out/>
  <testcase classname="dsAlgoTests.GraphTest" name="verifyCodeExecutionforGraphPage" time="0.000">
    <skipped/>
  </testcase> <!-- verifyCodeExecutionforGraphPage -->
  <system-out/>
  <testcase classname="dsAlgoTests.GraphTest" name="verifyCodeExecutionforGraphPage" time="0.000">
    <skipped/>
  </testcase> <!-- verifyCodeExecutionforGraphPage -->
  <system-out/>
  <testcase classname="dsAlgoTests.GraphTest" name="verifyCodeExecutionforGraphPage" time="0.000">
    <skipped/>
  </testcase> <!-- verifyCodeExecutionforGraphPage -->
  <system-out/>
  <testcase classname="dsAlgoTests.GraphTest" name="verifyCodeExecutionforGraphRepresentationPage" time="0.000">
    <skipped/>
  </testcase> <!-- verifyCodeExecutionforGraphRepresentationPage -->
  <system-out/>
  <testcase classname="dsAlgoTests.GraphTest" name="verifyCodeExecutionforGraphPage" time="0.000">
    <skipped/>
  </testcase> <!-- verifyCodeExecutionforGraphPage -->
  <system-out/>
  <testcase classname="dsAlgoTests.GraphTest" name="verifyCodeExecutionforGraphPage" time="0.000">
    <skipped/>
  </testcase> <!-- verifyCodeExecutionforGraphPage -->
  <system-out/>
  <testcase classname="dsAlgoTests.GraphTest" name="verifyCodeExecutionforGraphPage" time="0.000">
    <skipped/>
  </testcase> <!-- verifyCodeExecutionforGraphPage -->
  <system-out/>
  <testcase classname="dsAlgoTests.GraphTest" name="verifyCodeExecutionforGraphPage" time="0.000">
    <skipped/>
  </testcase> <!-- verifyCodeExecutionforGraphPage -->
  <system-out/>
  <testcase classname="dsAlgoTests.GraphTest" name="verifyCodeExecutionforGraphPage" time="0.000">
    <skipped/>
  </testcase> <!-- verifyCodeExecutionforGraphPage -->
  <system-out/>
  <testcase classname="dsAlgoTests.GraphTest" name="verifyCodeExecutionforGraphRepresentationPage" time="0.000">
    <skipped/>
  </testcase> <!-- verifyCodeExecutionforGraphRepresentationPage -->
  <system-out/>
  <testcase classname="dsAlgoTests.GraphTest" name="verifyCodeExecutionforGraphRepresentationPage" time="0.000">
    <skipped/>
  </testcase> <!-- verifyCodeExecutionforGraphRepresentationPage -->
  <system-out/>
  <testcase classname="dsAlgoTests.GraphTest" name="verifyCodeExecutionforGraphPage" time="0.000">
    <skipped/>
  </testcase> <!-- verifyCodeExecutionforGraphPage -->
  <system-out/>
  <testcase classname="dsAlgoTests.GraphTest" name="verifyCodeExecutionforGraphPage" time="0.000">
    <skipped/>
  </testcase> <!-- verifyCodeExecutionforGraphPage -->
  <system-out/>
  <testcase classname="dsAlgoTests.GraphTest" name="verifyCodeExecutionforGraphPage" time="0.000">
    <skipped/>
  </testcase> <!-- verifyCodeExecutionforGraphPage -->
  <system-out/>
  <testcase classname="dsAlgoTests.GraphTest" name="verifyCodeExecutionforGraphPage" time="0.000">
    <skipped/>
  </testcase> <!-- verifyCodeExecutionforGraphPage -->
  <system-out/>
  <testcase classname="dsAlgoTests.GraphTest" name="verifyCodeExecutionforGraphPage" time="0.000">
    <skipped/>
  </testcase> <!-- verifyCodeExecutionforGraphPage -->
  <system-out/>
  <testcase classname="dsAlgoTests.GraphTest" name="verifyCodeExecutionforGraphRepresentationPage" time="0.000">
    <skipped/>
  </testcase> <!-- verifyCodeExecutionforGraphRepresentationPage -->
  <system-out/>
  <testcase classname="dsAlgoTests.GraphTest" name="verifyCodeExecutionforGraphPage" time="0.000">
    <skipped/>
  </testcase> <!-- verifyCodeExecutionforGraphPage -->
  <system-out/>
  <testcase classname="dsAlgoTests.GraphTest" name="verifyCodeExecutionforGraphRepresentationPage" time="0.000">
    <skipped/>
  </testcase> <!-- verifyCodeExecutionforGraphRepresentationPage -->
  <system-out/>
  <testcase classname="dsAlgoTests.GraphTest" name="verifyCodeExecutionforGraphPage" time="0.000">
    <skipped/>
  </testcase> <!-- verifyCodeExecutionforGraphPage -->
  <system-out/>
  <testcase classname="dsAlgoTests.GraphTest" name="verifyCodeExecutionforGraphPage" time="0.000">
    <skipped/>
  </testcase> <!-- verifyCodeExecutionforGraphPage -->
  <system-out/>
  <testcase classname="dsAlgoTests.GraphTest" name="verifyCodeExecutionforGraphRepresentationPage" time="0.000">
    <skipped/>
  </testcase> <!-- verifyCodeExecutionforGraphRepresentationPage -->
  <system-out/>
  <testcase classname="dsAlgoTests.GraphTest" name="verifyCodeExecutionforGraphPage" time="0.000">
    <skipped/>
  </testcase> <!-- verifyCodeExecutionforGraphPage -->
  <system-out/>
  <testcase classname="dsAlgoTests.GraphTest" name="verifyCodeExecutionforGraphPage" time="0.000">
    <skipped/>
  </testcase> <!-- verifyCodeExecutionforGraphPage -->
  <system-out/>
  <testcase classname="dsAlgoTests.GraphTest" name="verifyCodeExecutionforGraphRepresentationPage" time="0.000">
    <skipped/>
  </testcase> <!-- verifyCodeExecutionforGraphRepresentationPage -->
  <system-out/>
  <testcase classname="dsAlgoTests.GraphTest" name="verifyCodeExecutionforGraphPage" time="0.000">
    <skipped/>
  </testcase> <!-- verifyCodeExecutionforGraphPage -->
  <system-out/>
  <testcase classname="dsAlgoTests.GraphTest" name="verifyCodeExecutionforGraphRepresentationPage" time="0.000">
    <skipped/>
  </testcase> <!-- verifyCodeExecutionforGraphRepresentationPage -->
  <system-out/>
  <testcase classname="dsAlgoTests.GraphTest" name="verifyCodeExecutionforGraphRepresentationPage" time="0.000">
    <skipped/>
  </testcase> <!-- verifyCodeExecutionforGraphRepresentationPage -->
  <system-out/>
  <testcase classname="dsAlgoTests.GraphTest" name="verifyCodeExecutionforGraphPage" time="0.000">
    <skipped/>
  </testcase> <!-- verifyCodeExecutionforGraphPage -->
  <system-out/>
  <testcase classname="dsAlgoTests.GraphTest" name="verifyCodeExecutionforGraphRepresentationPage" time="0.000">
    <skipped/>
  </testcase> <!-- verifyCodeExecutionforGraphRepresentationPage -->
  <system-out/>
  <testcase classname="dsAlgoTests.GraphTest" name="verifyCodeExecutionforGraphRepresentationPage" time="0.000">
    <skipped/>
  </testcase> <!-- verifyCodeExecutionforGraphRepresentationPage -->
  <system-out/>
  <testcase classname="dsAlgoTests.GraphTest" name="verifyCodeExecutionforGraphRepresentationPage" time="0.000">
    <skipped/>
  </testcase> <!-- verifyCodeExecutionforGraphRepresentationPage -->
  <system-out/>
  <testcase classname="dsAlgoTests.GraphTest" name="verifyCodeExecutionforGraphRepresentationPage" time="0.000">
    <skipped/>
  </testcase> <!-- verifyCodeExecutionforGraphRepresentationPage -->
  <system-out/>
  <testcase classname="dsAlgoTests.GraphTest" name="verifyCodeExecutionforGraphPage" time="0.000">
    <skipped/>
  </testcase> <!-- verifyCodeExecutionforGraphPage -->
  <system-out/>
  <testcase classname="dsAlgoTests.GraphTest" name="verifyCodeExecutionforGraphRepresentationPage" time="0.000">
    <skipped/>
  </testcase> <!-- verifyCodeExecutionforGraphRepresentationPage -->
  <system-out/>
  <testcase classname="dsAlgoTests.GraphTest" name="verifyCodeExecutionforGraphRepresentationPage" time="0.000">
    <skipped/>
  </testcase> <!-- verifyCodeExecutionforGraphRepresentationPage -->
  <system-out/>
  <testcase classname="dsAlgoTests.GraphTest" name="verifyCodeExecutionforGraphPage" time="0.000">
    <skipped/>
  </testcase> <!-- verifyCodeExecutionforGraphPage -->
  <system-out/>
  <testcase classname="dsAlgoTests.GraphTest" name="verifyCodeExecutionforGraphPage" time="0.000">
    <skipped/>
  </testcase> <!-- verifyCodeExecutionforGraphPage -->
  <system-out/>
  <testcase classname="dsAlgoTests.GraphTest" name="verifyCodeExecutionforGraphPage" time="0.000">
    <skipped/>
  </testcase> <!-- verifyCodeExecutionforGraphPage -->
  <system-out/>
  <testcase classname="dsAlgoTests.GraphTest" name="verifyCodeExecutionforGraphRepresentationPage" time="0.000">
    <skipped/>
  </testcase> <!-- verifyCodeExecutionforGraphRepresentationPage -->
  <system-out/>
  <testcase classname="dsAlgoTests.GraphTest" name="verifyCodeExecutionforGraphRepresentationPage" time="0.000">
    <skipped/>
  </testcase> <!-- verifyCodeExecutionforGraphRepresentationPage -->
  <system-out/>
  <testcase classname="dsAlgoTests.GraphTest" name="verifyCodeExecutionforGraphPage" time="0.000">
    <skipped/>
  </testcase> <!-- verifyCodeExecutionforGraphPage -->
  <system-out/>
  <testcase classname="dsAlgoTests.GraphTest" name="verifyCodeExecutionforGraphPage" time="0.000">
    <skipped/>
  </testcase> <!-- verifyCodeExecutionforGraphPage -->
  <system-out/>
  <testcase classname="dsAlgoTests.GraphTest" name="verifyCodeExecutionforGraphPage" time="0.000">
    <skipped/>
  </testcase> <!-- verifyCodeExecutionforGraphPage -->
  <system-out/>
  <testcase classname="dsAlgoTests.GraphTest" name="verifyCodeExecutionforGraphPage" time="0.000">
    <skipped/>
  </testcase> <!-- verifyCodeExecutionforGraphPage -->
  <system-out/>
  <testcase classname="dsAlgoTests.GraphTest" name="verifyCodeExecutionforGraphRepresentationPage" time="0.000">
    <skipped/>
  </testcase> <!-- verifyCodeExecutionforGraphRepresentationPage -->
  <system-out/>
  <testcase classname="dsAlgoTests.GraphTest" name="verifyCodeExecutionforGraphRepresentationPage" time="0.000">
    <skipped/>
  </testcase> <!-- verifyCodeExecutionforGraphRepresentationPage -->
  <system-out/>
  <testcase classname="dsAlgoTests.GraphTest" name="verifyCodeExecutionforGraphPage" time="0.000">
    <skipped/>
  </testcase> <!-- verifyCodeExecutionforGraphPage -->
  <system-out/>
  <testcase classname="dsAlgoTests.GraphTest" name="verifyCodeExecutionforGraphPage" time="0.000">
    <skipped/>
  </testcase> <!-- verifyCodeExecutionforGraphPage -->
  <system-out/>
  <testcase classname="dsAlgoTests.GraphTest" name="verifyCodeExecutionforGraphPage" time="0.000">
    <skipped/>
  </testcase> <!-- verifyCodeExecutionforGraphPage -->
  <system-out/>
  <testcase classname="dsAlgoTests.GraphTest" name="verifyCodeExecutionforGraphRepresentationPage" time="0.000">
    <skipped/>
  </testcase> <!-- verifyCodeExecutionforGraphRepresentationPage -->
  <system-out/>
  <testcase classname="dsAlgoTests.GraphTest" name="verifyCodeExecutionforGraphPage" time="0.000">
    <skipped/>
  </testcase> <!-- verifyCodeExecutionforGraphPage -->
  <system-out/>
  <testcase classname="dsAlgoTests.GraphTest" name="verifyCodeExecutionforGraphRepresentationPage" time="0.000">
    <skipped/>
  </testcase> <!-- verifyCodeExecutionforGraphRepresentationPage -->
  <system-out/>
  <testcase classname="dsAlgoTests.GraphTest" name="verifyCodeExecutionforGraphPage" time="0.000">
    <skipped/>
  </testcase> <!-- verifyCodeExecutionforGraphPage -->
  <system-out/>
  <testcase classname="dsAlgoTests.GraphTest" name="verifyCodeExecutionforGraphRepresentationPage" time="0.000">
    <skipped/>
  </testcase> <!-- verifyCodeExecutionforGraphRepresentationPage -->
  <system-out/>
  <testcase classname="dsAlgoTests.GraphTest" name="verifyCodeExecutionforGraphPage" time="0.000">
    <skipped/>
  </testcase> <!-- verifyCodeExecutionforGraphPage -->
  <system-out/>
  <testcase classname="dsAlgoTests.GraphTest" name="verifyCodeExecutionforGraphPage" time="0.000">
    <skipped/>
  </testcase> <!-- verifyCodeExecutionforGraphPage -->
  <system-out/>
  <testcase classname="dsAlgoTests.GraphTest" name="verifyCodeExecutionforGraphRepresentationPage" time="0.000">
    <skipped/>
  </testcase> <!-- verifyCodeExecutionforGraphRepresentationPage -->
  <system-out/>
  <testcase classname="dsAlgoTests.GraphTest" name="verifyCodeExecutionforGraphRepresentationPage" time="0.000">
    <skipped/>
  </testcase> <!-- verifyCodeExecutionforGraphRepresentationPage -->
  <system-out/>
  <testcase classname="dsAlgoTests.GraphTest" name="verifyCodeExecutionforGraphRepresentationPage" time="0.000">
    <skipped/>
  </testcase> <!-- verifyCodeExecutionforGraphRepresentationPage -->
  <system-out/>
  <testcase classname="dsAlgoTests.GraphTest" name="verifyCodeExecutionforGraphRepresentationPage" time="0.000">
    <skipped/>
  </testcase> <!-- verifyCodeExecutionforGraphRepresentationPage -->
  <system-out/>
  <testcase classname="dsAlgoTests.GraphTest" name="verifyCodeExecutionforGraphPage" time="0.000">
    <skipped/>
  </testcase> <!-- verifyCodeExecutionforGraphPage -->
  <system-out/>
  <testcase classname="dsAlgoTests.GraphTest" name="verifyCodeExecutionforGraphPage" time="0.000">
    <skipped/>
  </testcase> <!-- verifyCodeExecutionforGraphPage -->
  <system-out/>
  <testcase classname="dsAlgoTests.GraphTest" name="verifyCodeExecutionforGraphPage" time="0.000">
    <skipped/>
  </testcase> <!-- verifyCodeExecutionforGraphPage -->
  <system-out/>
  <testcase classname="dsAlgoTests.GraphTest" name="verifyCodeExecutionforGraphRepresentationPage" time="0.000">
    <skipped/>
  </testcase> <!-- verifyCodeExecutionforGraphRepresentationPage -->
  <system-out/>
  <testcase classname="dsAlgoTests.GraphTest" name="verifyCodeExecutionforGraphRepresentationPage" time="0.000">
    <skipped/>
  </testcase> <!-- verifyCodeExecutionforGraphRepresentationPage -->
  <system-out/>
  <testcase classname="dsAlgoTests.GraphTest" name="verifyCodeExecutionforGraphRepresentationPage" time="0.000">
    <skipped/>
  </testcase> <!-- verifyCodeExecutionforGraphRepresentationPage -->
  <system-out/>
  <testcase classname="dsAlgoTests.GraphTest" name="verifyCodeExecutionforGraphRepresentationPage" time="0.000">
    <skipped/>
  </testcase> <!-- verifyCodeExecutionforGraphRepresentationPage -->
  <system-out/>
  <testcase classname="dsAlgoTests.GraphTest" name="verifyCodeExecutionforGraphPage" time="0.000">
    <skipped/>
  </testcase> <!-- verifyCodeExecutionforGraphPage -->
  <system-out/>
  <testcase classname="dsAlgoTests.GraphTest" name="verifyCodeExecutionforGraphRepresentationPage" time="0.000">
    <skipped/>
  </testcase> <!-- verifyCodeExecutionforGraphRepresentationPage -->
  <system-out/>
  <testcase classname="dsAlgoTests.GraphTest" name="verifyCodeExecutionforGraphPage" time="0.000">
    <skipped/>
  </testcase> <!-- verifyCodeExecutionforGraphPage -->
  <system-out/>
  <testcase classname="dsAlgoTests.GraphTest" name="verifyCodeExecutionforGraphRepresentationPage" time="0.000">
    <skipped/>
  </testcase> <!-- verifyCodeExecutionforGraphRepresentationPage -->
  <system-out/>
  <testcase classname="dsAlgoTests.GraphTest" name="verifyCodeExecutionforGraphRepresentationPage" time="0.000">
    <skipped/>
  </testcase> <!-- verifyCodeExecutionforGraphRepresentationPage -->
  <system-out/>
  <testcase classname="dsAlgoTests.GraphTest" name="verifyCodeExecutionforGraphPage" time="0.000">
    <skipped/>
  </testcase> <!-- verifyCodeExecutionforGraphPage -->
  <system-out/>
  <testcase classname="dsAlgoTests.GraphTest" name="verifyCodeExecutionforGraphRepresentationPage" time="0.000">
    <skipped/>
  </testcase> <!-- verifyCodeExecutionforGraphRepresentationPage -->
  <system-out/>
  <testcase classname="dsAlgoTests.GraphTest" name="verifyCodeExecutionforGraphRepresentationPage" time="0.000">
    <skipped/>
  </testcase> <!-- verifyCodeExecutionforGraphRepresentationPage -->
  <system-out/>
  <testcase classname="dsAlgoTests.GraphTest" name="verifyCodeExecutionforGraphRepresentationPage" time="0.000">
    <skipped/>
  </testcase> <!-- verifyCodeExecutionforGraphRepresentationPage -->
  <system-out/>
  <testcase classname="dsAlgoTests.GraphTest" name="verifyCodeExecutionforGraphRepresentationPage" time="0.000">
    <skipped/>
  </testcase> <!-- verifyCodeExecutionforGraphRepresentationPage -->
  <system-out/>
  <testcase classname="dsAlgoTests.GraphTest" name="verifyCodeExecutionforGraphRepresentationPage" time="0.000">
    <skipped/>
  </testcase> <!-- verifyCodeExecutionforGraphRepresentationPage -->
  <system-out/>
  <testcase classname="dsAlgoTests.GraphTest" name="verifyCodeExecutionforGraphPage" time="0.000">
    <skipped/>
  </testcase> <!-- verifyCodeExecutionforGraphPage -->
  <system-out/>
  <testcase classname="dsAlgoTests.GraphTest" name="verifyCodeExecutionforGraphPage" time="0.000">
    <skipped/>
  </testcase> <!-- verifyCodeExecutionforGraphPage -->
  <system-out/>
  <testcase classname="dsAlgoTests.GraphTest" name="verifyCodeExecutionforGraphRepresentationPage" time="0.000">
    <skipped/>
  </testcase> <!-- verifyCodeExecutionforGraphRepresentationPage -->
  <system-out/>
  <testcase classname="dsAlgoTests.GraphTest" name="verifyCodeExecutionforGraphRepresentationPage" time="0.000">
    <skipped/>
  </testcase> <!-- verifyCodeExecutionforGraphRepresentationPage -->
  <system-out/>
  <testcase classname="dsAlgoTests.GraphTest" name="verifyCodeExecutionforGraphRepresentationPage" time="0.000">
    <skipped/>
  </testcase> <!-- verifyCodeExecutionforGraphRepresentationPage -->
  <system-out/>
  <testcase classname="dsAlgoTests.GraphTest" name="verifyCodeExecutionforGraphRepresentationPage" time="0.000">
    <skipped/>
  </testcase> <!-- verifyCodeExecutionforGraphRepresentationPage -->
  <system-out/>
  <testcase classname="dsAlgoTests.GraphTest" name="verifyCodeExecutionforGraphRepresentationPage" time="0.000">
    <skipped/>
  </testcase> <!-- verifyCodeExecutionforGraphRepresentationPage -->
  <system-out/>
  <testcase classname="dsAlgoTests.GraphTest" name="verifyCodeExecutionforGraphRepresentationPage" time="0.000">
    <skipped/>
  </testcase> <!-- verifyCodeExecutionforGraphRepresentationPage -->
  <system-out/>
  <testcase classname="dsAlgoTests.GraphTest" name="verifyCodeExecutionforGraphRepresentationPage" time="0.000">
    <skipped/>
  </testcase> <!-- verifyCodeExecutionforGraphRepresentationPage -->
  <system-out/>
  <testcase classname="dsAlgoTests.GraphTest" name="verifyCodeExecutionforGraphRepresentationPage" time="0.000">
    <skipped/>
  </testcase> <!-- verifyCodeExecutionforGraphRepresentationPage -->
  <system-out/>
  <testcase classname="dsAlgoTests.GraphTest" name="verifyCodeExecutionforGraphRepresentationPage" time="0.000">
    <skipped/>
  </testcase> <!-- verifyCodeExecutionforGraphRepresentationPage -->
  <system-out/>
  <testcase classname="dsAlgoTests.GraphTest" name="verifyCodeExecutionforGraphPage" time="0.000">
    <skipped/>
  </testcase> <!-- verifyCodeExecutionforGraphPage -->
  <system-out/>
  <testcase classname="dsAlgoTests.GraphTest" name="verifyCodeExecutionforGraphPage" time="0.000">
    <skipped/>
  </testcase> <!-- verifyCodeExecutionforGraphPage -->
  <system-out/>
  <testcase classname="dsAlgoTests.GraphTest" name="verifyCodeExecutionforGraphRepresentationPage" time="0.000">
    <skipped/>
  </testcase> <!-- verifyCodeExecutionforGraphRepresentationPage -->
  <system-out/>
  <testcase classname="dsAlgoTests.GraphTest" name="verifyCodeExecutionforGraphPage" time="0.000">
    <skipped/>
  </testcase> <!-- verifyCodeExecutionforGraphPage -->
  <system-out/>
  <testcase classname="dsAlgoTests.GraphTest" name="verifyCodeExecutionforGraphPage" time="0.000">
    <skipped/>
  </testcase> <!-- verifyCodeExecutionforGraphPage -->
  <system-out/>
  <testcase classname="dsAlgoTests.GraphTest" name="verifyCodeExecutionforGraphRepresentationPage" time="0.000">
    <skipped/>
  </testcase> <!-- verifyCodeExecutionforGraphRepresentationPage -->
  <system-out/>
  <testcase classname="dsAlgoTests.GraphTest" name="verifyCodeExecutionforGraphPage" time="0.000">
    <skipped/>
  </testcase> <!-- verifyCodeExecutionforGraphPage -->
  <system-out/>
  <testcase classname="dsAlgoTests.GraphTest" name="verifyCodeExecutionforGraphPage" time="0.000">
    <skipped/>
  </testcase> <!-- verifyCodeExecutionforGraphPage -->
  <system-out/>
  <testcase classname="dsAlgoTests.GraphTest" name="verifyCodeExecutionforGraphRepresentationPage" time="0.000">
    <skipped/>
  </testcase> <!-- verifyCodeExecutionforGraphRepresentationPage -->
  <system-out/>
  <testcase classname="dsAlgoTests.GraphTest" name="verifyCodeExecutionforGraphPage" time="0.000">
    <skipped/>
  </testcase> <!-- verifyCodeExecutionforGraphPage -->
  <system-out/>
  <testcase classname="dsAlgoTests.GraphTest" name="verifyCodeExecutionforGraphRepresentationPage" time="0.000">
    <skipped/>
  </testcase> <!-- verifyCodeExecutionforGraphRepresentationPage -->
  <system-out/>
  <testcase classname="dsAlgoTests.GraphTest" name="verifyCodeExecutionforGraphRepresentationPage" time="0.000">
    <skipped/>
  </testcase> <!-- verifyCodeExecutionforGraphRepresentationPage -->
  <system-out/>
  <testcase classname="dsAlgoTests.GraphTest" name="verifyCodeExecutionforGraphRepresentationPage" time="0.000">
    <skipped/>
  </testcase> <!-- verifyCodeExecutionforGraphRepresentationPage -->
  <system-out/>
  <testcase classname="dsAlgoTests.GraphTest" name="verifyCodeExecutionforGraphPage" time="0.000">
    <skipped/>
  </testcase> <!-- verifyCodeExecutionforGraphPage -->
  <system-out/>
  <testcase classname="dsAlgoTests.GraphTest" name="verifyCodeExecutionforGraphRepresentationPage" time="0.000">
    <skipped/>
  </testcase> <!-- verifyCodeExecutionforGraphRepresentationPage -->
  <system-out/>
  <testcase classname="dsAlgoTests.GraphTest" name="verifyCodeExecutionforGraphRepresentationPage" time="0.000">
    <skipped/>
  </testcase> <!-- verifyCodeExecutionforGraphRepresentationPage -->
  <system-out/>
  <testcase classname="dsAlgoTests.GraphTest" name="verifyCodeExecutionforGraphPage" time="0.000">
    <skipped/>
  </testcase> <!-- verifyCodeExecutionforGraphPage -->
  <system-out/>
  <testcase classname="dsAlgoTests.GraphTest" name="verifyCodeExecutionforGraphRepresentationPage" time="0.000">
    <skipped/>
  </testcase> <!-- verifyCodeExecutionforGraphRepresentationPage -->
  <system-out/>
  <testcase classname="dsAlgoTests.GraphTest" name="verifyCodeExecutionforGraphRepresentationPage" time="0.000">
    <skipped/>
  </testcase> <!-- verifyCodeExecutionforGraphRepresentationPage -->
  <system-out/>
  <testcase classname="dsAlgoTests.GraphTest" name="verifyCodeExecutionforGraphRepresentationPage" time="0.000">
    <skipped/>
  </testcase> <!-- verifyCodeExecutionforGraphRepresentationPage -->
  <system-out/>
  <testcase classname="dsAlgoTests.GraphTest" name="verifyCodeExecutionforGraphPage" time="0.000">
    <skipped/>
  </testcase> <!-- verifyCodeExecutionforGraphPage -->
  <system-out/>
  <testcase classname="dsAlgoTests.GraphTest" name="verifyCodeExecutionforGraphPage" time="0.000">
    <skipped/>
  </testcase> <!-- verifyCodeExecutionforGraphPage -->
  <system-out/>
  <testcase classname="dsAlgoTests.GraphTest" name="verifyCodeExecutionforGraphRepresentationPage" time="0.000">
    <skipped/>
  </testcase> <!-- verifyCodeExecutionforGraphRepresentationPage -->
  <system-out/>
  <testcase classname="dsAlgoTests.GraphTest" name="verifyCodeExecutionforGraphPage" time="0.000">
    <skipped/>
  </testcase> <!-- verifyCodeExecutionforGraphPage -->
  <system-out/>
  <testcase classname="dsAlgoTests.GraphTest" name="verifyCodeExecutionforGraphPage" time="0.000">
    <skipped/>
  </testcase> <!-- verifyCodeExecutionforGraphPage -->
  <system-out/>
  <testcase classname="dsAlgoTests.GraphTest" name="verifyCodeExecutionforGraphPage" time="0.000">
    <skipped/>
  </testcase> <!-- verifyCodeExecutionforGraphPage -->
  <system-out/>
  <testcase classname="dsAlgoTests.GraphTest" name="verifyCodeExecutionforGraphRepresentationPage" time="0.000">
    <skipped/>
  </testcase> <!-- verifyCodeExecutionforGraphRepresentationPage -->
  <system-out/>
  <testcase classname="dsAlgoTests.GraphTest" name="verifyCodeExecutionforGraphRepresentationPage" time="0.000">
    <skipped/>
  </testcase> <!-- verifyCodeExecutionforGraphRepresentationPage -->
  <system-out/>
  <testcase classname="dsAlgoTests.GraphTest" name="verifyCodeExecutionforGraphRepresentationPage" time="0.000">
    <skipped/>
  </testcase> <!-- verifyCodeExecutionforGraphRepresentationPage -->
  <system-out/>
  <testcase classname="dsAlgoTests.GraphTest" name="verifyCodeExecutionforGraphPage" time="0.000">
    <skipped/>
  </testcase> <!-- verifyCodeExecutionforGraphPage -->
  <system-out/>
  <testcase classname="dsAlgoTests.GraphTest" name="verifyCodeExecutionforGraphPage" time="0.000">
    <skipped/>
  </testcase> <!-- verifyCodeExecutionforGraphPage -->
  <system-out/>
  <testcase classname="dsAlgoTests.GraphTest" name="verifyCodeExecutionforGraphRepresentationPage" time="0.000">
    <skipped/>
  </testcase> <!-- verifyCodeExecutionforGraphRepresentationPage -->
  <system-out/>
  <testcase classname="dsAlgoTests.GraphTest" name="verifyCodeExecutionforGraphPage" time="0.000">
    <skipped/>
  </testcase> <!-- verifyCodeExecutionforGraphPage -->
  <system-out/>
  <testcase classname="dsAlgoTests.GraphTest" name="verifyCodeExecutionforGraphPage" time="0.000">
    <skipped/>
  </testcase> <!-- verifyCodeExecutionforGraphPage -->
  <system-out/>
  <testcase classname="dsAlgoTests.GraphTest" name="verifyCodeExecutionforGraphPage" time="0.000">
    <skipped/>
  </testcase> <!-- verifyCodeExecutionforGraphPage -->
  <system-out/>
  <testcase classname="dsAlgoTests.GraphTest" name="verifyCodeExecutionforGraphRepresentationPage" time="0.000">
    <skipped/>
  </testcase> <!-- verifyCodeExecutionforGraphRepresentationPage -->
  <system-out/>
  <testcase classname="dsAlgoTests.GraphTest" name="verifyCodeExecutionforGraphRepresentationPage" time="0.000">
    <skipped/>
  </testcase> <!-- verifyCodeExecutionforGraphRepresentationPage -->
  <system-out/>
  <testcase classname="dsAlgoTests.GraphTest" name="verifyCodeExecutionforGraphPage" time="0.000">
    <skipped/>
  </testcase> <!-- verifyCodeExecutionforGraphPage -->
  <system-out/>
  <testcase classname="dsAlgoTests.GraphTest" name="verifyCodeExecutionforGraphPage" time="0.000">
    <skipped/>
  </testcase> <!-- verifyCodeExecutionforGraphPage -->
  <system-out/>
  <testcase classname="dsAlgoTests.GraphTest" name="verifyCodeExecutionforGraphPage" time="0.000">
    <skipped/>
  </testcase> <!-- verifyCodeExecutionforGraphPage -->
  <system-out/>
  <testcase classname="dsAlgoTests.GraphTest" name="verifyCodeExecutionforGraphRepresentationPage" time="0.000">
    <skipped/>
  </testcase> <!-- verifyCodeExecutionforGraphRepresentationPage -->
  <system-out/>
  <testcase classname="dsAlgoTests.GraphTest" name="verifyCodeExecutionforGraphPage" time="0.000">
    <skipped/>
  </testcase> <!-- verifyCodeExecutionforGraphPage -->
  <system-out/>
  <testcase classname="dsAlgoTests.GraphTest" name="verifyCodeExecutionforGraphPage" time="0.000">
    <skipped/>
  </testcase> <!-- verifyCodeExecutionforGraphPage -->
  <system-out/>
  <testcase classname="dsAlgoTests.GraphTest" name="verifyCodeExecutionforGraphRepresentationPage" time="0.000">
    <skipped/>
  </testcase> <!-- verifyCodeExecutionforGraphRepresentationPage -->
  <system-out/>
  <testcase classname="dsAlgoTests.GraphTest" name="verifyCodeExecutionforGraphPage" time="0.000">
    <skipped/>
  </testcase> <!-- verifyCodeExecutionforGraphPage -->
  <system-out/>
  <testcase classname="dsAlgoTests.GraphTest" name="verifyCodeExecutionforGraphPage" time="0.000">
    <skipped/>
  </testcase> <!-- verifyCodeExecutionforGraphPage -->
  <system-out/>
  <testcase classname="dsAlgoTests.GraphTest" name="verifyCodeExecutionforGraphRepresentationPage" time="0.000">
    <skipped/>
  </testcase> <!-- verifyCodeExecutionforGraphRepresentationPage -->
  <system-out/>
  <testcase classname="dsAlgoTests.GraphTest" name="verifyCodeExecutionforGraphRepresentationPage" time="0.000">
    <skipped/>
  </testcase> <!-- verifyCodeExecutionforGraphRepresentationPage -->
  <system-out/>
  <testcase classname="dsAlgoTests.GraphTest" name="verifyCodeExecutionforGraphRepresentationPage" time="0.000">
    <skipped/>
  </testcase> <!-- verifyCodeExecutionforGraphRepresentationPage -->
  <system-out/>
  <testcase classname="dsAlgoTests.GraphTest" name="verifyCodeExecutionforGraphRepresentationPage" time="0.000">
    <skipped/>
  </testcase> <!-- verifyCodeExecutionforGraphRepresentationPage -->
  <system-out/>
  <testcase classname="dsAlgoTests.GraphTest" name="verifyCodeExecutionforGraphRepresentationPage" time="0.000">
    <skipped/>
  </testcase> <!-- verifyCodeExecutionforGraphRepresentationPage -->
  <system-out/>
  <testcase classname="dsAlgoTests.GraphTest" name="verifyCodeExecutionforGraphPage" time="0.000">
    <skipped/>
  </testcase> <!-- verifyCodeExecutionforGraphPage -->
  <system-out/>
  <testcase classname="dsAlgoTests.GraphTest" name="verifyCodeExecutionforGraphPage" time="0.000">
    <skipped/>
  </testcase> <!-- verifyCodeExecutionforGraphPage -->
  <system-out/>
  <testcase classname="dsAlgoTests.GraphTest" name="verifyCodeExecutionforGraphRepresentationPage" time="0.000">
    <skipped/>
  </testcase> <!-- verifyCodeExecutionforGraphRepresentationPage -->
  <system-out/>
  <testcase classname="dsAlgoTests.GraphTest" name="verifyCodeExecutionforGraphPage" time="0.000">
    <skipped/>
  </testcase> <!-- verifyCodeExecutionforGraphPage -->
  <system-out/>
  <testcase classname="dsAlgoTests.GraphTest" name="verifyCodeExecutionforGraphPage" time="0.000">
    <skipped/>
  </testcase> <!-- verifyCodeExecutionforGraphPage -->
  <system-out/>
  <testcase classname="dsAlgoTests.GraphTest" name="verifyCodeExecutionforGraphPage" time="0.000">
    <skipped/>
  </testcase> <!-- verifyCodeExecutionforGraphPage -->
  <system-out/>
  <testcase classname="dsAlgoTests.GraphTest" name="verifyCodeExecutionforGraphPage" time="0.000">
    <skipped/>
  </testcase> <!-- verifyCodeExecutionforGraphPage -->
  <system-out/>
  <testcase classname="dsAlgoTests.GraphTest" name="verifyCodeExecutionforGraphPage" time="0.000">
    <skipped/>
  </testcase> <!-- verifyCodeExecutionforGraphPage -->
  <system-out/>
  <testcase classname="dsAlgoTests.GraphTest" name="verifyCodeExecutionforGraphRepresentationPage" time="0.000">
    <skipped/>
  </testcase> <!-- verifyCodeExecutionforGraphRepresentationPage -->
  <system-out/>
  <testcase classname="dsAlgoTests.GraphTest" name="verifyCodeExecutionforGraphPage" time="0.000">
    <skipped/>
  </testcase> <!-- verifyCodeExecutionforGraphPage -->
  <system-out/>
  <testcase classname="dsAlgoTests.GraphTest" name="verifyCodeExecutionforGraphPage" time="0.000">
    <skipped/>
  </testcase> <!-- verifyCodeExecutionforGraphPage -->
  <system-out/>
  <testcase classname="dsAlgoTests.GraphTest" name="verifyCodeExecutionforGraphRepresentationPage" time="0.000">
    <skipped/>
  </testcase> <!-- verifyCodeExecutionforGraphRepresentationPage -->
  <system-out/>
  <testcase classname="dsAlgoTests.GraphTest" name="verifyCodeExecutionforGraphRepresentationPage" time="0.000">
    <skipped/>
  </testcase> <!-- verifyCodeExecutionforGraphRepresentationPage -->
  <system-out/>
  <testcase classname="dsAlgoTests.GraphTest" name="verifyCodeExecutionforGraphRepresentationPage" time="0.000">
    <skipped/>
  </testcase> <!-- verifyCodeExecutionforGraphRepresentationPage -->
  <system-out/>
  <testcase classname="dsAlgoTests.GraphTest" name="verifyCodeExecutionforGraphPage" time="0.000">
    <skipped/>
  </testcase> <!-- verifyCodeExecutionforGraphPage -->
  <system-out/>
  <testcase classname="dsAlgoTests.GraphTest" name="verifyCodeExecutionforGraphPage" time="0.000">
    <skipped/>
  </testcase> <!-- verifyCodeExecutionforGraphPage -->
  <system-out/>
  <testcase classname="dsAlgoTests.GraphTest" name="verifyCodeExecutionforGraphPage" time="0.000">
    <skipped/>
  </testcase> <!-- verifyCodeExecutionforGraphPage -->
  <system-out/>
  <testcase classname="dsAlgoTests.GraphTest" name="verifyCodeExecutionforGraphRepresentationPage" time="0.000">
    <skipped/>
  </testcase> <!-- verifyCodeExecutionforGraphRepresentationPage -->
  <system-out/>
  <testcase classname="dsAlgoTests.GraphTest" name="verifyCodeExecutionforGraphPage" time="0.000">
    <skipped/>
  </testcase> <!-- verifyCodeExecutionforGraphPage -->
  <system-out/>
  <testcase classname="dsAlgoTests.GraphTest" name="verifyCodeExecutionforGraphPage" time="0.000">
    <skipped/>
  </testcase> <!-- verifyCodeExecutionforGraphPage -->
  <system-out/>
  <testcase classname="dsAlgoTests.GraphTest" name="verifyCodeExecutionforGraphRepresentationPage" time="0.000">
    <skipped/>
  </testcase> <!-- verifyCodeExecutionforGraphRepresentationPage -->
  <system-out/>
  <testcase classname="dsAlgoTests.GraphTest" name="verifyCodeExecutionforGraphPage" time="0.000">
    <skipped/>
  </testcase> <!-- verifyCodeExecutionforGraphPage -->
  <system-out/>
  <testcase classname="dsAlgoTests.GraphTest" name="verifyCodeExecutionforGraphRepresentationPage" time="0.000">
    <skipped/>
  </testcase> <!-- verifyCodeExecutionforGraphRepresentationPage -->
  <system-out/>
  <testcase classname="dsAlgoTests.GraphTest" name="verifyCodeExecutionforGraphPage" time="0.000">
    <skipped/>
  </testcase> <!-- verifyCodeExecutionforGraphPage -->
  <system-out/>
  <testcase classname="dsAlgoTests.GraphTest" name="verifyCodeExecutionforGraphPage" time="0.000">
    <skipped/>
  </testcase> <!-- verifyCodeExecutionforGraphPage -->
  <system-out/>
  <testcase classname="dsAlgoTests.GraphTest" name="verifyCodeExecutionforGraphPage" time="0.000">
    <skipped/>
  </testcase> <!-- verifyCodeExecutionforGraphPage -->
  <system-out/>
  <testcase classname="dsAlgoTests.GraphTest" name="verifyCodeExecutionforGraphPage" time="0.000">
    <skipped/>
  </testcase> <!-- verifyCodeExecutionforGraphPage -->
  <system-out/>
  <testcase classname="dsAlgoTests.GraphTest" name="verifyCodeExecutionforGraphRepresentationPage" time="0.000">
    <skipped/>
  </testcase> <!-- verifyCodeExecutionforGraphRepresentationPage -->
  <system-out/>
  <testcase classname="dsAlgoTests.GraphTest" name="verifyCodeExecutionforGraphPage" time="0.000">
    <skipped/>
  </testcase> <!-- verifyCodeExecutionforGraphPage -->
  <system-out/>
  <testcase classname="dsAlgoTests.GraphTest" name="verifyCodeExecutionforGraphPage" time="0.000">
    <skipped/>
  </testcase> <!-- verifyCodeExecutionforGraphPage -->
  <system-out/>
  <testcase classname="dsAlgoTests.GraphTest" name="verifyCodeExecutionforGraphRepresentationPage" time="0.000">
    <skipped/>
  </testcase> <!-- verifyCodeExecutionforGraphRepresentationPage -->
  <system-out/>
  <testcase classname="dsAlgoTests.GraphTest" name="verifyCodeExecutionforGraphRepresentationPage" time="0.000">
    <skipped/>
  </testcase> <!-- verifyCodeExecutionforGraphRepresentationPage -->
  <system-out/>
  <testcase classname="dsAlgoTests.GraphTest" name="verifyCodeExecutionforGraphPage" time="0.000">
    <skipped/>
  </testcase> <!-- verifyCodeExecutionforGraphPage -->
  <system-out/>
  <testcase classname="dsAlgoTests.GraphTest" name="verifyCodeExecutionforGraphPage" time="0.000">
    <skipped/>
  </testcase> <!-- verifyCodeExecutionforGraphPage -->
  <system-out/>
  <testcase classname="dsAlgoTests.GraphTest" name="verifyCodeExecutionforGraphRepresentationPage" time="0.000">
    <skipped/>
  </testcase> <!-- verifyCodeExecutionforGraphRepresentationPage -->
  <system-out/>
  <testcase classname="dsAlgoTests.GraphTest" name="verifyCodeExecutionforGraphRepresentationPage" time="0.000">
    <skipped/>
  </testcase> <!-- verifyCodeExecutionforGraphRepresentationPage -->
  <system-out/>
  <testcase classname="dsAlgoTests.GraphTest" name="verifyCodeExecutionforGraphPage" time="0.000">
    <skipped/>
  </testcase> <!-- verifyCodeExecutionforGraphPage -->
  <system-out/>
  <testcase classname="dsAlgoTests.GraphTest" name="verifyCodeExecutionforGraphRepresentationPage" time="0.000">
    <skipped/>
  </testcase> <!-- verifyCodeExecutionforGraphRepresentationPage -->
  <system-out/>
  <testcase classname="dsAlgoTests.GraphTest" name="verifyCodeExecutionforGraphPage" time="0.000">
    <skipped/>
  </testcase> <!-- verifyCodeExecutionforGraphPage -->
  <system-out/>
  <testcase classname="dsAlgoTests.GraphTest" name="verifyCodeExecutionforGraphPage" time="0.000">
    <skipped/>
  </testcase> <!-- verifyCodeExecutionforGraphPage -->
  <system-out/>
  <testcase classname="dsAlgoTests.GraphTest" name="verifyCodeExecutionforGraphPage" time="0.000">
    <skipped/>
  </testcase> <!-- verifyCodeExecutionforGraphPage -->
  <system-out/>
  <testcase classname="dsAlgoTests.GraphTest" name="verifyCodeExecutionforGraphPage" time="0.000">
    <skipped/>
  </testcase> <!-- verifyCodeExecutionforGraphPage -->
  <system-out/>
  <testcase classname="dsAlgoTests.GraphTest" name="verifyCodeExecutionforGraphRepresentationPage" time="0.000">
    <skipped/>
  </testcase> <!-- verifyCodeExecutionforGraphRepresentationPage -->
  <system-out/>
  <testcase classname="dsAlgoTests.GraphTest" name="verifyCodeExecutionforGraphRepresentationPage" time="0.000">
    <skipped/>
  </testcase> <!-- verifyCodeExecutionforGraphRepresentationPage -->
  <system-out/>
  <testcase classname="dsAlgoTests.GraphTest" name="verifyCodeExecutionforGraphRepresentationPage" time="0.000">
    <skipped/>
  </testcase> <!-- verifyCodeExecutionforGraphRepresentationPage -->
  <system-out/>
  <testcase classname="dsAlgoTests.GraphTest" name="verifyCodeExecutionforGraphPage" time="0.000">
    <skipped/>
  </testcase> <!-- verifyCodeExecutionforGraphPage -->
  <system-out/>
  <testcase classname="dsAlgoTests.GraphTest" name="verifyCodeExecutionforGraphRepresentationPage" time="0.000">
    <skipped/>
  </testcase> <!-- verifyCodeExecutionforGraphRepresentationPage -->
  <system-out/>
  <testcase classname="dsAlgoTests.GraphTest" name="verifyCodeExecutionforGraphPage" time="0.000">
    <skipped/>
  </testcase> <!-- verifyCodeExecutionforGraphPage -->
  <system-out/>
  <testcase classname="dsAlgoTests.GraphTest" name="verifyCodeExecutionforGraphPage" time="0.000">
    <skipped/>
  </testcase> <!-- verifyCodeExecutionforGraphPage -->
  <system-out/>
  <testcase classname="dsAlgoTests.GraphTest" name="verifyCodeExecutionforGraphRepresentationPage" time="0.000">
    <skipped/>
  </testcase> <!-- verifyCodeExecutionforGraphRepresentationPage -->
  <system-out/>
  <testcase classname="dsAlgoTests.GraphTest" name="verifyCodeExecutionforGraphPage" time="0.000">
    <skipped/>
  </testcase> <!-- verifyCodeExecutionforGraphPage -->
  <system-out/>
  <testcase classname="dsAlgoTests.GraphTest" name="verifyCodeExecutionforGraphPage" time="0.000">
    <skipped/>
  </testcase> <!-- verifyCodeExecutionforGraphPage -->
  <system-out/>
  <testcase classname="dsAlgoTests.GraphTest" name="verifyCodeExecutionforGraphRepresentationPage" time="0.000">
    <skipped/>
  </testcase> <!-- verifyCodeExecutionforGraphRepresentationPage -->
  <system-out/>
  <testcase classname="dsAlgoTests.GraphTest" name="verifyCodeExecutionforGraphRepresentationPage" time="0.000">
    <skipped/>
  </testcase> <!-- verifyCodeExecutionforGraphRepresentationPage -->
  <system-out/>
  <testcase classname="dsAlgoTests.GraphTest" name="verifyCodeExecutionforGraphPage" time="0.000">
    <skipped/>
  </testcase> <!-- verifyCodeExecutionforGraphPage -->
  <system-out/>
  <testcase classname="dsAlgoTests.GraphTest" name="verifyCodeExecutionforGraphRepresentationPage" time="0.000">
    <skipped/>
  </testcase> <!-- verifyCodeExecutionforGraphRepresentationPage -->
  <system-out/>
  <testcase classname="dsAlgoTests.GraphTest" name="verifyCodeExecutionforGraphPage" time="0.000">
    <skipped/>
  </testcase> <!-- verifyCodeExecutionforGraphPage -->
  <system-out/>
  <testcase classname="dsAlgoTests.GraphTest" name="verifyCodeExecutionforGraphRepresentationPage" time="0.000">
    <skipped/>
  </testcase> <!-- verifyCodeExecutionforGraphRepresentationPage -->
  <system-out/>
  <testcase classname="dsAlgoTests.GraphTest" name="verifyCodeExecutionforGraphPage" time="0.000">
    <skipped/>
  </testcase> <!-- verifyCodeExecutionforGraphPage -->
  <system-out/>
  <testcase classname="dsAlgoTests.GraphTest" name="verifyCodeExecutionforGraphPage" time="0.000">
    <skipped/>
  </testcase> <!-- verifyCodeExecutionforGraphPage -->
  <system-out/>
  <testcase classname="dsAlgoTests.GraphTest" name="verifyCodeExecutionforGraphRepresentationPage" time="0.000">
    <skipped/>
  </testcase> <!-- verifyCodeExecutionforGraphRepresentationPage -->
  <system-out/>
  <testcase classname="dsAlgoTests.GraphTest" name="verifyCodeExecutionforGraphPage" time="0.000">
    <skipped/>
  </testcase> <!-- verifyCodeExecutionforGraphPage -->
  <system-out/>
  <testcase classname="dsAlgoTests.GraphTest" name="verifyCodeExecutionforGraphPage" time="0.000">
    <skipped/>
  </testcase> <!-- verifyCodeExecutionforGraphPage -->
  <system-out/>
  <testcase classname="dsAlgoTests.GraphTest" name="verifyCodeExecutionforGraphRepresentationPage" time="0.000">
    <skipped/>
  </testcase> <!-- verifyCodeExecutionforGraphRepresentationPage -->
  <system-out/>
  <testcase classname="dsAlgoTests.GraphTest" name="verifyCodeExecutionforGraphRepresentationPage" time="0.000">
    <skipped/>
  </testcase> <!-- verifyCodeExecutionforGraphRepresentationPage -->
  <system-out/>
  <testcase classname="dsAlgoTests.GraphTest" name="verifyCodeExecutionforGraphRepresentationPage" time="0.000">
    <skipped/>
  </testcase> <!-- verifyCodeExecutionforGraphRepresentationPage -->
  <system-out/>
  <testcase classname="dsAlgoTests.GraphTest" name="verifyCodeExecutionforGraphPage" time="0.000">
    <skipped/>
  </testcase> <!-- verifyCodeExecutionforGraphPage -->
  <system-out/>
  <testcase classname="dsAlgoTests.GraphTest" name="verifyCodeExecutionforGraphPage" time="0.000">
    <skipped/>
  </testcase> <!-- verifyCodeExecutionforGraphPage -->
  <system-out/>
  <testcase classname="dsAlgoTests.GraphTest" name="verifyCodeExecutionforGraphPage" time="0.000">
    <skipped/>
  </testcase> <!-- verifyCodeExecutionforGraphPage -->
  <system-out/>
  <testcase classname="dsAlgoTests.GraphTest" name="verifyCodeExecutionforGraphRepresentationPage" time="0.000">
    <skipped/>
  </testcase> <!-- verifyCodeExecutionforGraphRepresentationPage -->
  <system-out/>
  <testcase classname="dsAlgoTests.GraphTest" name="verifyCodeExecutionforGraphRepresentationPage" time="0.000">
    <skipped/>
  </testcase> <!-- verifyCodeExecutionforGraphRepresentationPage -->
  <system-out/>
  <testcase classname="dsAlgoTests.GraphTest" name="verifyCodeExecutionforGraphRepresentationPage" time="0.000">
    <skipped/>
  </testcase> <!-- verifyCodeExecutionforGraphRepresentationPage -->
  <system-out/>
  <testcase classname="dsAlgoTests.GraphTest" name="verifyCodeExecutionforGraphPage" time="0.000">
    <skipped/>
  </testcase> <!-- verifyCodeExecutionforGraphPage -->
  <system-out/>
  <testcase classname="dsAlgoTests.GraphTest" name="verifyCodeExecutionforGraphPage" time="0.000">
    <skipped/>
  </testcase> <!-- verifyCodeExecutionforGraphPage -->
  <system-out/>
  <testcase classname="dsAlgoTests.GraphTest" name="verifyCodeExecutionforGraphRepresentationPage" time="0.000">
    <skipped/>
  </testcase> <!-- verifyCodeExecutionforGraphRepresentationPage -->
  <system-out/>
  <testcase classname="dsAlgoTests.GraphTest" name="verifyCodeExecutionforGraphPage" time="0.000">
    <skipped/>
  </testcase> <!-- verifyCodeExecutionforGraphPage -->
  <system-out/>
  <testcase classname="dsAlgoTests.GraphTest" name="verifyCodeExecutionforGraphRepresentationPage" time="0.000">
    <skipped/>
  </testcase> <!-- verifyCodeExecutionforGraphRepresentationPage -->
  <system-out/>
  <testcase classname="dsAlgoTests.GraphTest" name="verifyCodeExecutionforGraphRepresentationPage" time="0.000">
    <skipped/>
  </testcase> <!-- verifyCodeExecutionforGraphRepresentationPage -->
  <system-out/>
  <testcase classname="dsAlgoTests.GraphTest" name="verifyCodeExecutionforGraphPage" time="0.000">
    <skipped/>
  </testcase> <!-- verifyCodeExecutionforGraphPage -->
  <system-out/>
  <testcase classname="dsAlgoTests.GraphTest" name="verifyCodeExecutionforGraphPage" time="0.000">
    <skipped/>
  </testcase> <!-- verifyCodeExecutionforGraphPage -->
  <system-out/>
  <testcase classname="dsAlgoTests.GraphTest" name="verifyCodeExecutionforGraphPage" time="0.000">
    <skipped/>
  </testcase> <!-- verifyCodeExecutionforGraphPage -->
  <system-out/>
  <testcase classname="dsAlgoTests.GraphTest" name="verifyCodeExecutionforGraphRepresentationPage" time="0.000">
    <skipped/>
  </testcase> <!-- verifyCodeExecutionforGraphRepresentationPage -->
  <system-out/>
  <testcase classname="dsAlgoTests.GraphTest" name="verifyCodeExecutionforGraphRepresentationPage" time="0.000">
    <skipped/>
  </testcase> <!-- verifyCodeExecutionforGraphRepresentationPage -->
  <system-out/>
  <testcase classname="dsAlgoTests.GraphTest" name="verifyCodeExecutionforGraphRepresentationPage" time="0.000">
    <skipped/>
  </testcase> <!-- verifyCodeExecutionforGraphRepresentationPage -->
  <system-out/>
  <testcase classname="dsAlgoTests.GraphTest" name="verifyCodeExecutionforGraphRepresentationPage" time="0.000">
    <skipped/>
  </testcase> <!-- verifyCodeExecutionforGraphRepresentationPage -->
  <system-out/>
  <testcase classname="dsAlgoTests.GraphTest" name="verifyCodeExecutionforGraphRepresentationPage" time="0.000">
    <skipped/>
  </testcase> <!-- verifyCodeExecutionforGraphRepresentationPage -->
  <system-out/>
  <testcase classname="dsAlgoTests.GraphTest" name="verifyCodeExecutionforGraphRepresentationPage" time="0.000">
    <skipped/>
  </testcase> <!-- verifyCodeExecutionforGraphRepresentationPage -->
  <system-out/>
  <testcase classname="dsAlgoTests.GraphTest" name="verifyCodeExecutionforGraphPage" time="0.000">
    <skipped/>
  </testcase> <!-- verifyCodeExecutionforGraphPage -->
  <system-out/>
  <testcase classname="dsAlgoTests.GraphTest" name="verifyCodeExecutionforGraphRepresentationPage" time="0.000">
    <skipped/>
  </testcase> <!-- verifyCodeExecutionforGraphRepresentationPage -->
  <system-out/>
  <testcase classname="dsAlgoTests.GraphTest" name="verifyCodeExecutionforGraphPage" time="0.000">
    <skipped/>
  </testcase> <!-- verifyCodeExecutionforGraphPage -->
  <system-out/>
  <testcase classname="dsAlgoTests.GraphTest" name="verifyCodeExecutionforGraphPage" time="0.000">
    <skipped/>
  </testcase> <!-- verifyCodeExecutionforGraphPage -->
  <system-out/>
  <testcase classname="dsAlgoTests.GraphTest" name="verifyCodeExecutionforGraphPage" time="0.000">
    <skipped/>
  </testcase> <!-- verifyCodeExecutionforGraphPage -->
  <system-out/>
  <testcase classname="dsAlgoTests.GraphTest" name="verifyCodeExecutionforGraphPage" time="0.000">
    <skipped/>
  </testcase> <!-- verifyCodeExecutionforGraphPage -->
  <system-out/>
  <testcase classname="dsAlgoTests.GraphTest" name="verifyCodeExecutionforGraphRepresentationPage" time="0.000">
    <skipped/>
  </testcase> <!-- verifyCodeExecutionforGraphRepresentationPage -->
  <system-out/>
  <testcase classname="dsAlgoTests.GraphTest" name="verifyCodeExecutionforGraphRepresentationPage" time="0.000">
    <skipped/>
  </testcase> <!-- verifyCodeExecutionforGraphRepresentationPage -->
  <system-out/>
  <testcase classname="dsAlgoTests.GraphTest" name="verifyCodeExecutionforGraphPage" time="0.000">
    <skipped/>
  </testcase> <!-- verifyCodeExecutionforGraphPage -->
  <system-out/>
  <testcase classname="dsAlgoTests.GraphTest" name="verifyCodeExecutionforGraphPage" time="0.000">
    <skipped/>
  </testcase> <!-- verifyCodeExecutionforGraphPage -->
  <system-out/>
  <testcase classname="dsAlgoTests.GraphTest" name="verifyCodeExecutionforGraphPage" time="0.000">
    <skipped/>
  </testcase> <!-- verifyCodeExecutionforGraphPage -->
  <system-out/>
  <testcase classname="dsAlgoTests.GraphTest" name="verifyCodeExecutionforGraphPage" time="0.000">
    <skipped/>
  </testcase> <!-- verifyCodeExecutionforGraphPage -->
  <system-out/>
  <testcase classname="dsAlgoTests.GraphTest" name="verifyCodeExecutionforGraphRepresentationPage" time="0.000">
    <skipped/>
  </testcase> <!-- verifyCodeExecutionforGraphRepresentationPage -->
  <system-out/>
  <testcase classname="dsAlgoTests.GraphTest" name="verifyCodeExecutionforGraphPage" time="0.000">
    <skipped/>
  </testcase> <!-- verifyCodeExecutionforGraphPage -->
  <system-out/>
  <testcase classname="dsAlgoTests.GraphTest" name="verifyCodeExecutionforGraphRepresentationPage" time="0.000">
    <skipped/>
  </testcase> <!-- verifyCodeExecutionforGraphRepresentationPage -->
  <system-out/>
  <testcase classname="dsAlgoTests.GraphTest" name="verifyCodeExecutionforGraphPage" time="0.000">
    <skipped/>
  </testcase> <!-- verifyCodeExecutionforGraphPage -->
  <system-out/>
  <testcase classname="dsAlgoTests.GraphTest" name="verifyCodeExecutionforGraphPage" time="0.000">
    <skipped/>
  </testcase> <!-- verifyCodeExecutionforGraphPage -->
  <system-out/>
  <testcase classname="dsAlgoTests.GraphTest" name="verifyCodeExecutionforGraphRepresentationPage" time="0.000">
    <skipped/>
  </testcase> <!-- verifyCodeExecutionforGraphRepresentationPage -->
  <system-out/>
  <testcase classname="dsAlgoTests.GraphTest" name="verifyCodeExecutionforGraphRepresentationPage" time="0.000">
    <skipped/>
  </testcase> <!-- verifyCodeExecutionforGraphRepresentationPage -->
  <system-out/>
  <testcase classname="dsAlgoTests.GraphTest" name="verifyCodeExecutionforGraphPage" time="0.000">
    <skipped/>
  </testcase> <!-- verifyCodeExecutionforGraphPage -->
  <system-out/>
  <testcase classname="dsAlgoTests.GraphTest" name="verifyCodeExecutionforGraphPage" time="0.000">
    <skipped/>
  </testcase> <!-- verifyCodeExecutionforGraphPage -->
  <system-out/>
  <testcase classname="dsAlgoTests.GraphTest" name="navigatetoGraphModuletryeditor" time="0.000">
    <skipped/>
  </testcase> <!-- navigatetoGraphModuletryeditor -->
  <system-out/>
  <testcase classname="dsAlgoTests.GraphTest" name="verifyCodeExecutionforGraphPage" time="0.000">
    <skipped/>
  </testcase> <!-- verifyCodeExecutionforGraphPage -->
  <system-out/>
  <testcase classname="dsAlgoTests.GraphTest" name="verifyCodeExecutionforGraphPage" time="0.000">
    <skipped/>
  </testcase> <!-- verifyCodeExecutionforGraphPage -->
  <system-out/>
  <testcase classname="dsAlgoTests.GraphTest" name="verifyCodeExecutionforGraphPage" time="0.000">
    <skipped/>
  </testcase> <!-- verifyCodeExecutionforGraphPage -->
  <system-out/>
  <testcase classname="dsAlgoTests.GraphTest" name="verifyCodeExecutionforGraphRepresentationPage" time="0.000">
    <skipped/>
  </testcase> <!-- verifyCodeExecutionforGraphRepresentationPage -->
  <system-out/>
  <testcase classname="dsAlgoTests.GraphTest" name="navigatetoGraphRepresentation" time="0.000">
    <skipped/>
  </testcase> <!-- navigatetoGraphRepresentation -->
  <system-out/>
  <testcase classname="dsAlgoTests.GraphTest" name="verifyCodeExecutionforGraphPage" time="0.000">
    <skipped/>
  </testcase> <!-- verifyCodeExecutionforGraphPage -->
  <system-out/>
  <testcase classname="dsAlgoTests.GraphTest" name="verifyCodeExecutionforGraphRepresentationPage" time="0.000">
    <skipped/>
  </testcase> <!-- verifyCodeExecutionforGraphRepresentationPage -->
  <system-out/>
  <testcase classname="dsAlgoTests.GraphTest" name="verifyCodeExecutionforGraphPage" time="0.000">
    <skipped/>
  </testcase> <!-- verifyCodeExecutionforGraphPage -->
  <system-out/>
  <testcase classname="dsAlgoTests.GraphTest" name="verifyCodeExecutionforGraphPage" time="0.000">
    <skipped/>
  </testcase> <!-- verifyCodeExecutionforGraphPage -->
  <system-out/>
  <testcase classname="dsAlgoTests.GraphTest" name="verifyCodeExecutionforGraphPage" time="0.000">
    <skipped/>
  </testcase> <!-- verifyCodeExecutionforGraphPage -->
  <system-out/>
  <testcase classname="dsAlgoTests.GraphTest" name="verifyCodeExecutionforGraphPage" time="0.000">
    <skipped/>
  </testcase> <!-- verifyCodeExecutionforGraphPage -->
  <system-out/>
  <testcase classname="dsAlgoTests.GraphTest" name="verifyCodeExecutionforGraphPage" time="0.000">
    <skipped/>
  </testcase> <!-- verifyCodeExecutionforGraphPage -->
  <system-out/>
  <testcase classname="dsAlgoTests.GraphTest" name="verifyCodeExecutionforGraphPage" time="0.000">
    <skipped/>
  </testcase> <!-- verifyCodeExecutionforGraphPage -->
  <system-out/>
  <testcase classname="dsAlgoTests.GraphTest" name="verifyCodeExecutionforGraphRepresentationPage" time="0.000">
    <skipped/>
  </testcase> <!-- verifyCodeExecutionforGraphRepresentationPage -->
  <system-out/>
  <testcase classname="dsAlgoTests.GraphTest" name="verifyCodeExecutionforGraphRepresentationPage" time="0.000">
    <skipped/>
  </testcase> <!-- verifyCodeExecutionforGraphRepresentationPage -->
  <system-out/>
  <testcase classname="dsAlgoTests.GraphTest" name="verifyCodeExecutionforGraphPage" time="0.000">
    <skipped/>
  </testcase> <!-- verifyCodeExecutionforGraphPage -->
  <system-out/>
  <testcase classname="dsAlgoTests.GraphTest" name="verifyCodeExecutionforGraphPage" time="0.000">
    <skipped/>
  </testcase> <!-- verifyCodeExecutionforGraphPage -->
  <system-out/>
  <testcase classname="dsAlgoTests.GraphTest" name="verifyCodeExecutionforGraphPage" time="0.000">
    <skipped/>
  </testcase> <!-- verifyCodeExecutionforGraphPage -->
  <system-out/>
  <testcase classname="dsAlgoTests.GraphTest" name="verifyCodeExecutionforGraphRepresentationPage" time="0.000">
    <skipped/>
  </testcase> <!-- verifyCodeExecutionforGraphRepresentationPage -->
  <system-out/>
  <testcase classname="dsAlgoTests.GraphTest" name="verifyCodeExecutionforGraphPage" time="0.000">
    <skipped/>
  </testcase> <!-- verifyCodeExecutionforGraphPage -->
  <system-out/>
  <testcase classname="dsAlgoTests.GraphTest" name="verifyCodeExecutionforGraphRepresentationPage" time="0.000">
    <skipped/>
  </testcase> <!-- verifyCodeExecutionforGraphRepresentationPage -->
  <system-out/>
  <testcase classname="dsAlgoTests.GraphTest" name="verifyCodeExecutionforGraphRepresentationPage" time="0.000">
    <skipped/>
  </testcase> <!-- verifyCodeExecutionforGraphRepresentationPage -->
  <system-out/>
  <testcase classname="dsAlgoTests.GraphTest" name="verifyCodeExecutionforGraphRepresentationPage" time="0.000">
    <skipped/>
  </testcase> <!-- verifyCodeExecutionforGraphRepresentationPage -->
  <system-out/>
  <testcase classname="dsAlgoTests.GraphTest" name="verifyCodeExecutionforGraphPage" time="0.000">
    <skipped/>
  </testcase> <!-- verifyCodeExecutionforGraphPage -->
  <system-out/>
  <testcase classname="dsAlgoTests.GraphTest" name="verifyCodeExecutionforGraphRepresentationPage" time="0.000">
    <skipped/>
  </testcase> <!-- verifyCodeExecutionforGraphRepresentationPage -->
  <system-out/>
  <testcase classname="dsAlgoTests.GraphTest" name="verifyCodeExecutionforGraphPage" time="0.000">
    <skipped/>
  </testcase> <!-- verifyCodeExecutionforGraphPage -->
  <system-out/>
  <testcase classname="dsAlgoTests.GraphTest" name="verifyCodeExecutionforGraphPage" time="0.000">
    <skipped/>
  </testcase> <!-- verifyCodeExecutionforGraphPage -->
  <system-out/>
  <testcase classname="dsAlgoTests.GraphTest" name="verifyCodeExecutionforGraphRepresentationPage" time="0.000">
    <skipped/>
  </testcase> <!-- verifyCodeExecutionforGraphRepresentationPage -->
  <system-out/>
  <testcase classname="dsAlgoTests.GraphTest" name="verifyCodeExecutionforGraphRepresentationPage" time="0.000">
    <skipped/>
  </testcase> <!-- verifyCodeExecutionforGraphRepresentationPage -->
  <system-out/>
  <testcase classname="dsAlgoTests.GraphTest" name="verifyCodeExecutionforGraphPage" time="0.000">
    <skipped/>
  </testcase> <!-- verifyCodeExecutionforGraphPage -->
  <system-out/>
  <testcase classname="dsAlgoTests.GraphTest" name="verifyCodeExecutionforGraphPage" time="0.000">
    <skipped/>
  </testcase> <!-- verifyCodeExecutionforGraphPage -->
  <system-out/>
  <testcase classname="dsAlgoTests.GraphTest" name="verifyCodeExecutionforGraphPage" time="0.000">
    <skipped/>
  </testcase> <!-- verifyCodeExecutionforGraphPage -->
  <system-out/>
  <testcase classname="dsAlgoTests.GraphTest" name="verifyCodeExecutionforGraphRepresentationPage" time="0.000">
    <skipped/>
  </testcase> <!-- verifyCodeExecutionforGraphRepresentationPage -->
  <system-out/>
  <testcase classname="dsAlgoTests.GraphTest" name="verifyCodeExecutionforGraphPage" time="0.000">
    <skipped/>
  </testcase> <!-- verifyCodeExecutionforGraphPage -->
  <system-out/>
  <testcase classname="dsAlgoTests.GraphTest" name="verifyCodeExecutionforGraphPage" time="0.000">
    <skipped/>
  </testcase> <!-- verifyCodeExecutionforGraphPage -->
  <system-out/>
  <testcase classname="dsAlgoTests.GraphTest" name="verifyCodeExecutionforGraphPage" time="0.000">
    <skipped/>
  </testcase> <!-- verifyCodeExecutionforGraphPage -->
  <system-out/>
  <testcase classname="dsAlgoTests.GraphTest" name="verifyCodeExecutionforGraphRepresentationPage" time="0.000">
    <skipped/>
  </testcase> <!-- verifyCodeExecutionforGraphRepresentationPage -->
  <system-out/>
  <testcase classname="dsAlgoTests.GraphTest" name="verifyCodeExecutionforGraphRepresentationPage" time="0.000">
    <skipped/>
  </testcase> <!-- verifyCodeExecutionforGraphRepresentationPage -->
  <system-out/>
  <testcase classname="dsAlgoTests.GraphTest" name="verifyCodeExecutionforGraphRepresentationPage" time="0.000">
    <skipped/>
  </testcase> <!-- verifyCodeExecutionforGraphRepresentationPage -->
  <system-out/>
  <testcase classname="dsAlgoTests.GraphTest" name="verifyCodeExecutionforGraphRepresentationPage" time="0.000">
    <skipped/>
  </testcase> <!-- verifyCodeExecutionforGraphRepresentationPage -->
  <system-out/>
  <testcase classname="dsAlgoTests.GraphTest" name="verifyCodeExecutionforGraphPage" time="0.000">
    <skipped/>
  </testcase> <!-- verifyCodeExecutionforGraphPage -->
  <system-out/>
  <testcase classname="dsAlgoTests.GraphTest" name="verifyCodeExecutionforGraphRepresentationPage" time="0.000">
    <skipped/>
  </testcase> <!-- verifyCodeExecutionforGraphRepresentationPage -->
  <system-out/>
  <testcase classname="dsAlgoTests.GraphTest" name="verifyCodeExecutionforGraphPage" time="0.000">
    <skipped/>
  </testcase> <!-- verifyCodeExecutionforGraphPage -->
  <system-out/>
  <testcase classname="dsAlgoTests.GraphTest" name="verifyCodeExecutionforGraphPage" time="0.000">
    <skipped/>
  </testcase> <!-- verifyCodeExecutionforGraphPage -->
  <system-out/>
  <testcase classname="dsAlgoTests.GraphTest" name="verifyCodeExecutionforGraphRepresentationPage" time="0.000">
    <skipped/>
  </testcase> <!-- verifyCodeExecutionforGraphRepresentationPage -->
  <system-out/>
  <testcase classname="dsAlgoTests.GraphTest" name="verifyCodeExecutionforGraphRepresentationPage" time="0.000">
    <skipped/>
  </testcase> <!-- verifyCodeExecutionforGraphRepresentationPage -->
  <system-out/>
  <testcase classname="dsAlgoTests.GraphTest" name="verifyCodeExecutionforGraphPage" time="0.000">
    <skipped/>
  </testcase> <!-- verifyCodeExecutionforGraphPage -->
  <system-out/>
  <testcase classname="dsAlgoTests.GraphTest" name="verifyCodeExecutionforGraphPage" time="0.000">
    <skipped/>
  </testcase> <!-- verifyCodeExecutionforGraphPage -->
  <system-out/>
  <testcase classname="dsAlgoTests.GraphTest" name="verifyCodeExecutionforGraphPage" time="0.000">
    <skipped/>
  </testcase> <!-- verifyCodeExecutionforGraphPage -->
  <system-out/>
  <testcase classname="dsAlgoTests.GraphTest" name="verifyCodeExecutionforGraphPage" time="0.000">
    <skipped/>
  </testcase> <!-- verifyCodeExecutionforGraphPage -->
  <system-out/>
  <testcase classname="dsAlgoTests.GraphTest" name="verifyCodeExecutionforGraphRepresentationPage" time="0.000">
    <skipped/>
  </testcase> <!-- verifyCodeExecutionforGraphRepresentationPage -->
  <system-out/>
  <testcase classname="dsAlgoTests.GraphTest" name="verifyCodeExecutionforGraphRepresentationPage" time="0.000">
    <skipped/>
  </testcase> <!-- verifyCodeExecutionforGraphRepresentationPage -->
  <system-out/>
  <testcase classname="dsAlgoTests.GraphTest" name="verifyCodeExecutionforGraphPage" time="0.000">
    <skipped/>
  </testcase> <!-- verifyCodeExecutionforGraphPage -->
  <system-out/>
  <testcase classname="dsAlgoTests.GraphTest" name="verifyCodeExecutionforGraphPage" time="0.000">
    <skipped/>
  </testcase> <!-- verifyCodeExecutionforGraphPage -->
  <system-out/>
  <testcase classname="dsAlgoTests.GraphTest" name="verifyCodeExecutionforGraphRepresentationPage" time="0.000">
    <skipped/>
  </testcase> <!-- verifyCodeExecutionforGraphRepresentationPage -->
  <system-out/>
  <testcase classname="dsAlgoTests.GraphTest" name="verifyCodeExecutionforGraphPage" time="0.000">
    <skipped/>
  </testcase> <!-- verifyCodeExecutionforGraphPage -->
  <system-out/>
  <testcase classname="dsAlgoTests.GraphTest" name="verifyCodeExecutionforGraphPage" time="0.000">
    <skipped/>
  </testcase> <!-- verifyCodeExecutionforGraphPage -->
  <system-out/>
  <testcase classname="dsAlgoTests.GraphTest" name="verifyCodeExecutionforGraphPage" time="0.000">
    <skipped/>
  </testcase> <!-- verifyCodeExecutionforGraphPage -->
  <system-out/>
  <testcase classname="dsAlgoTests.GraphTest" name="verifyCodeExecutionforGraphPage" time="0.000">
    <skipped/>
  </testcase> <!-- verifyCodeExecutionforGraphPage -->
  <system-out/>
  <testcase classname="dsAlgoTests.GraphTest" name="verifyCodeExecutionforGraphRepresentationPage" time="0.000">
    <skipped/>
  </testcase> <!-- verifyCodeExecutionforGraphRepresentationPage -->
  <system-out/>
  <testcase classname="dsAlgoTests.GraphTest" name="verifyCodeExecutionforGraphPage" time="0.000">
    <skipped/>
  </testcase> <!-- verifyCodeExecutionforGraphPage -->
  <system-out/>
  <testcase classname="dsAlgoTests.GraphTest" name="verifyCodeExecutionforGraphRepresentationPage" time="0.000">
    <skipped/>
  </testcase> <!-- verifyCodeExecutionforGraphRepresentationPage -->
  <system-out/>
  <testcase classname="dsAlgoTests.GraphTest" name="verifyCodeExecutionforGraphRepresentationPage" time="0.000">
    <skipped/>
  </testcase> <!-- verifyCodeExecutionforGraphRepresentationPage -->
  <system-out/>
  <testcase classname="dsAlgoTests.GraphTest" name="verifyCodeExecutionforGraphPage" time="0.000">
    <skipped/>
  </testcase> <!-- verifyCodeExecutionforGraphPage -->
  <system-out/>
  <testcase classname="dsAlgoTests.GraphTest" name="verifyCodeExecutionforGraphPage" time="0.000">
    <skipped/>
  </testcase> <!-- verifyCodeExecutionforGraphPage -->
  <system-out/>
  <testcase classname="dsAlgoTests.GraphTest" name="verifyCodeExecutionforGraphRepresentationPage" time="0.000">
    <skipped/>
  </testcase> <!-- verifyCodeExecutionforGraphRepresentationPage -->
  <system-out/>
  <testcase classname="dsAlgoTests.GraphTest" name="verifyCodeExecutionforGraphRepresentationPage" time="0.000">
    <skipped/>
  </testcase> <!-- verifyCodeExecutionforGraphRepresentationPage -->
  <system-out/>
  <testcase classname="dsAlgoTests.GraphTest" name="verifyCodeExecutionforGraphPage" time="0.000">
    <skipped/>
  </testcase> <!-- verifyCodeExecutionforGraphPage -->
  <system-out/>
  <testcase classname="dsAlgoTests.GraphTest" name="verifyCodeExecutionforGraphRepresentationPage" time="0.000">
    <skipped/>
  </testcase> <!-- verifyCodeExecutionforGraphRepresentationPage -->
  <system-out/>
  <testcase classname="dsAlgoTests.GraphTest" name="verifyCodeExecutionforGraphPage" time="0.000">
    <skipped/>
  </testcase> <!-- verifyCodeExecutionforGraphPage -->
  <system-out/>
  <testcase classname="dsAlgoTests.GraphTest" name="verifyCodeExecutionforGraphPage" time="0.000">
    <skipped/>
  </testcase> <!-- verifyCodeExecutionforGraphPage -->
  <system-out/>
  <testcase classname="dsAlgoTests.GraphTest" name="verifyCodeExecutionforGraphPage" time="0.000">
    <skipped/>
  </testcase> <!-- verifyCodeExecutionforGraphPage -->
  <system-out/>
  <testcase classname="dsAlgoTests.GraphTest" name="verifyCodeExecutionforGraphPage" time="0.000">
    <skipped/>
  </testcase> <!-- verifyCodeExecutionforGraphPage -->
  <system-out/>
  <testcase classname="dsAlgoTests.GraphTest" name="verifyCodeExecutionforGraphRepresentationPage" time="0.000">
    <skipped/>
  </testcase> <!-- verifyCodeExecutionforGraphRepresentationPage -->
  <system-out/>
  <testcase classname="dsAlgoTests.GraphTest" name="verifyCodeExecutionforGraphPage" time="0.000">
    <skipped/>
  </testcase> <!-- verifyCodeExecutionforGraphPage -->
  <system-out/>
  <testcase classname="dsAlgoTests.GraphTest" name="verifyCodeExecutionforGraphRepresentationPage" time="0.000">
    <skipped/>
  </testcase> <!-- verifyCodeExecutionforGraphRepresentationPage -->
  <system-out/>
  <testcase classname="dsAlgoTests.GraphTest" name="verifyCodeExecutionforGraphRepresentationPage" time="0.000">
    <skipped/>
  </testcase> <!-- verifyCodeExecutionforGraphRepresentationPage -->
  <system-out/>
  <testcase classname="dsAlgoTests.GraphTest" name="verifyCodeExecutionforGraphRepresentationPage" time="0.000">
    <skipped/>
  </testcase> <!-- verifyCodeExecutionforGraphRepresentationPage -->
  <system-out/>
  <testcase classname="dsAlgoTests.GraphTest" name="verifyCodeExecutionforGraphRepresentationPage" time="0.000">
    <skipped/>
  </testcase> <!-- verifyCodeExecutionforGraphRepresentationPage -->
  <system-out/>
  <testcase classname="dsAlgoTests.GraphTest" name="verifyCodeExecutionforGraphRepresentationPage" time="0.000">
    <skipped/>
  </testcase> <!-- verifyCodeExecutionforGraphRepresentationPage -->
  <system-out/>
  <testcase classname="dsAlgoTests.GraphTest" name="verifyCodeExecutionforGraphRepresentationPage" time="0.000">
    <skipped/>
  </testcase> <!-- verifyCodeExecutionforGraphRepresentationPage -->
  <system-out/>
  <testcase classname="dsAlgoTests.GraphTest" name="verifyCodeExecutionforGraphRepresentationPage" time="0.000">
    <skipped/>
  </testcase> <!-- verifyCodeExecutionforGraphRepresentationPage -->
  <system-out/>
  <testcase classname="dsAlgoTests.GraphTest" name="verifyCodeExecutionforGraphPage" time="0.000">
    <skipped/>
  </testcase> <!-- verifyCodeExecutionforGraphPage -->
  <system-out/>
  <testcase classname="dsAlgoTests.GraphTest" name="verifyCodeExecutionforGraphRepresentationPage" time="0.000">
    <skipped/>
  </testcase> <!-- verifyCodeExecutionforGraphRepresentationPage -->
  <system-out/>
  <testcase classname="dsAlgoTests.GraphTest" name="verifyCodeExecutionforGraphRepresentationPage" time="0.000">
    <skipped/>
  </testcase> <!-- verifyCodeExecutionforGraphRepresentationPage -->
  <system-out/>
  <testcase classname="dsAlgoTests.GraphTest" name="verifyCodeExecutionforGraphPage" time="0.000">
    <skipped/>
  </testcase> <!-- verifyCodeExecutionforGraphPage -->
  <system-out/>
  <testcase classname="dsAlgoTests.GraphTest" name="verifyCodeExecutionforGraphPage" time="0.000">
    <skipped/>
  </testcase> <!-- verifyCodeExecutionforGraphPage -->
  <system-out/>
  <testcase classname="dsAlgoTests.GraphTest" name="verifyCodeExecutionforGraphPage" time="0.000">
    <skipped/>
  </testcase> <!-- verifyCodeExecutionforGraphPage -->
  <system-out/>
  <testcase classname="dsAlgoTests.GraphTest" name="verifyCodeExecutionforGraphPage" time="0.000">
    <skipped/>
  </testcase> <!-- verifyCodeExecutionforGraphPage -->
  <system-out/>
  <testcase classname="dsAlgoTests.GraphTest" name="verifyCodeExecutionforGraphPage" time="0.000">
    <skipped/>
  </testcase> <!-- verifyCodeExecutionforGraphPage -->
  <system-out/>
  <testcase classname="dsAlgoTests.GraphTest" name="verifyCodeExecutionforGraphPage" time="0.000">
    <skipped/>
  </testcase> <!-- verifyCodeExecutionforGraphPage -->
  <system-out/>
  <testcase classname="dsAlgoTests.GraphTest" name="verifyCodeExecutionforGraphPage" time="0.000">
    <skipped/>
  </testcase> <!-- verifyCodeExecutionforGraphPage -->
  <system-out/>
  <testcase classname="dsAlgoTests.GraphTest" name="verifyCodeExecutionforGraphPage" time="0.000">
    <skipped/>
  </testcase> <!-- verifyCodeExecutionforGraphPage -->
  <system-out/>
  <testcase classname="dsAlgoTests.GraphTest" name="verifyCodeExecutionforGraphPage" time="0.000">
    <skipped/>
  </testcase> <!-- verifyCodeExecutionforGraphPage -->
  <system-out/>
  <testcase classname="dsAlgoTests.GraphTest" name="verifyCodeExecutionforGraphRepresentationPage" time="0.000">
    <skipped/>
  </testcase> <!-- verifyCodeExecutionforGraphRepresentationPage -->
  <system-out/>
  <testcase classname="dsAlgoTests.GraphTest" name="verifyCodeExecutionforGraphRepresentationPage" time="0.000">
    <skipped/>
  </testcase> <!-- verifyCodeExecutionforGraphRepresentationPage -->
  <system-out/>
  <testcase classname="dsAlgoTests.GraphTest" name="verifyCodeExecutionforGraphPage" time="0.000">
    <skipped/>
  </testcase> <!-- verifyCodeExecutionforGraphPage -->
  <system-out/>
  <testcase classname="dsAlgoTests.GraphTest" name="verifyCodeExecutionforGraphRepresentationPage" time="0.000">
    <skipped/>
  </testcase> <!-- verifyCodeExecutionforGraphRepresentationPage -->
  <system-out/>
  <testcase classname="dsAlgoTests.GraphTest" name="verifyCodeExecutionforGraphPage" time="0.000">
    <skipped/>
  </testcase> <!-- verifyCodeExecutionforGraphPage -->
  <system-out/>
  <testcase classname="dsAlgoTests.GraphTest" name="verifyCodeExecutionforGraphRepresentationPage" time="0.000">
    <skipped/>
  </testcase> <!-- verifyCodeExecutionforGraphRepresentationPage -->
  <system-out/>
  <testcase classname="dsAlgoTests.GraphTest" name="verifyCodeExecutionforGraphPage" time="0.000">
    <skipped/>
  </testcase> <!-- verifyCodeExecutionforGraphPage -->
  <system-out/>
  <testcase classname="dsAlgoTests.GraphTest" name="verifyCodeExecutionforGraphPage" time="0.000">
    <skipped/>
  </testcase> <!-- verifyCodeExecutionforGraphPage -->
  <system-out/>
  <testcase classname="dsAlgoTests.GraphTest" name="verifyCodeExecutionforGraphPage" time="0.000">
    <skipped/>
  </testcase> <!-- verifyCodeExecutionforGraphPage -->
  <system-out/>
  <testcase classname="dsAlgoTests.GraphTest" name="verifyCodeExecutionforGraphPage" time="0.000">
    <skipped/>
  </testcase> <!-- verifyCodeExecutionforGraphPage -->
  <system-out/>
  <testcase classname="dsAlgoTests.GraphTest" name="verifyCodeExecutionforGraphRepresentationPage" time="0.000">
    <skipped/>
  </testcase> <!-- verifyCodeExecutionforGraphRepresentationPage -->
  <system-out/>
  <testcase classname="dsAlgoTests.GraphTest" name="verifyCodeExecutionforGraphPage" time="0.000">
    <skipped/>
  </testcase> <!-- verifyCodeExecutionforGraphPage -->
  <system-out/>
  <testcase classname="dsAlgoTests.GraphTest" name="verifyCodeExecutionforGraphPage" time="0.000">
    <skipped/>
  </testcase> <!-- verifyCodeExecutionforGraphPage -->
  <system-out/>
  <testcase classname="dsAlgoTests.GraphTest" name="verifyCodeExecutionforGraphPage" time="0.000">
    <skipped/>
  </testcase> <!-- verifyCodeExecutionforGraphPage -->
  <system-out/>
  <testcase classname="dsAlgoTests.GraphTest" name="verifyCodeExecutionforGraphRepresentationPage" time="0.000">
    <skipped/>
  </testcase> <!-- verifyCodeExecutionforGraphRepresentationPage -->
  <system-out/>
  <testcase classname="dsAlgoTests.GraphTest" name="verifyCodeExecutionforGraphPage" time="0.000">
    <skipped/>
  </testcase> <!-- verifyCodeExecutionforGraphPage -->
  <system-out/>
  <testcase classname="dsAlgoTests.GraphTest" name="verifyCodeExecutionforGraphPage" time="0.000">
    <skipped/>
  </testcase> <!-- verifyCodeExecutionforGraphPage -->
  <system-out/>
  <testcase classname="dsAlgoTests.GraphTest" name="verifyCodeExecutionforGraphPage" time="0.000">
    <skipped/>
  </testcase> <!-- verifyCodeExecutionforGraphPage -->
  <system-out/>
  <testcase classname="dsAlgoTests.GraphTest" name="verifyCodeExecutionforGraphPage" time="0.000">
    <skipped/>
  </testcase> <!-- verifyCodeExecutionforGraphPage -->
  <system-out/>
  <testcase classname="dsAlgoTests.GraphTest" name="verifyCodeExecutionforGraphPage" time="0.000">
    <skipped/>
  </testcase> <!-- verifyCodeExecutionforGraphPage -->
  <system-out/>
  <testcase classname="dsAlgoTests.GraphTest" name="verifyCodeExecutionforGraphPage" time="0.000">
    <skipped/>
  </testcase> <!-- verifyCodeExecutionforGraphPage -->
  <system-out/>
  <testcase classname="dsAlgoTests.GraphTest" name="verifyCodeExecutionforGraphRepresentationPage" time="0.000">
    <skipped/>
  </testcase> <!-- verifyCodeExecutionforGraphRepresentationPage -->
  <system-out/>
  <testcase classname="dsAlgoTests.GraphTest" name="verifyCodeExecutionforGraphRepresentationPage" time="0.000">
    <skipped/>
  </testcase> <!-- verifyCodeExecutionforGraphRepresentationPage -->
  <system-out/>
  <testcase classname="dsAlgoTests.GraphTest" name="verifyCodeExecutionforGraphPage" time="0.000">
    <skipped/>
  </testcase> <!-- verifyCodeExecutionforGraphPage -->
  <system-out/>
  <testcase classname="dsAlgoTests.GraphTest" name="verifyCodeExecutionforGraphPage" time="0.000">
    <skipped/>
  </testcase> <!-- verifyCodeExecutionforGraphPage -->
  <system-out/>
  <testcase classname="dsAlgoTests.GraphTest" name="verifyCodeExecutionforGraphPage" time="0.000">
    <skipped/>
  </testcase> <!-- verifyCodeExecutionforGraphPage -->
  <system-out/>
  <testcase classname="dsAlgoTests.GraphTest" name="verifyCodeExecutionforGraphRepresentationPage" time="0.000">
    <skipped/>
  </testcase> <!-- verifyCodeExecutionforGraphRepresentationPage -->
  <system-out/>
  <testcase classname="dsAlgoTests.GraphTest" name="verifyCodeExecutionforGraphRepresentationPage" time="0.000">
    <skipped/>
  </testcase> <!-- verifyCodeExecutionforGraphRepresentationPage -->
  <system-out/>
  <testcase classname="dsAlgoTests.GraphTest" name="verifyCodeExecutionforGraphPage" time="0.000">
    <skipped/>
  </testcase> <!-- verifyCodeExecutionforGraphPage -->
  <system-out/>
  <testcase classname="dsAlgoTests.GraphTest" name="verifyCodeExecutionforGraphRepresentationPage" time="0.000">
    <skipped/>
  </testcase> <!-- verifyCodeExecutionforGraphRepresentationPage -->
  <system-out/>
  <testcase classname="dsAlgoTests.GraphTest" name="verifyCodeExecutionforGraphRepresentationPage" time="0.000">
    <skipped/>
  </testcase> <!-- verifyCodeExecutionforGraphRepresentationPage -->
  <system-out/>
  <testcase classname="dsAlgoTests.GraphTest" name="verifyCodeExecutionforGraphPage" time="0.000">
    <skipped/>
  </testcase> <!-- verifyCodeExecutionforGraphPage -->
  <system-out/>
  <testcase classname="dsAlgoTests.GraphTest" name="verifyCodeExecutionforGraphPage" time="0.000">
    <skipped/>
  </testcase> <!-- verifyCodeExecutionforGraphPage -->
  <system-out/>
  <testcase classname="dsAlgoTests.GraphTest" name="verifyCodeExecutionforGraphPage" time="0.000">
    <skipped/>
  </testcase> <!-- verifyCodeExecutionforGraphPage -->
  <system-out/>
  <testcase classname="dsAlgoTests.GraphTest" name="verifyCodeExecutionforGraphPage" time="0.000">
    <skipped/>
  </testcase> <!-- verifyCodeExecutionforGraphPage -->
  <system-out/>
  <testcase classname="dsAlgoTests.GraphTest" name="verifyCodeExecutionforGraphPage" time="0.000">
    <skipped/>
  </testcase> <!-- verifyCodeExecutionforGraphPage -->
  <system-out/>
  <testcase classname="dsAlgoTests.GraphTest" name="verifyCodeExecutionforGraphPage" time="0.000">
    <skipped/>
  </testcase> <!-- verifyCodeExecutionforGraphPage -->
  <system-out/>
  <testcase classname="dsAlgoTests.GraphTest" name="verifyCodeExecutionforGraphPage" time="0.000">
    <skipped/>
  </testcase> <!-- verifyCodeExecutionforGraphPage -->
  <system-out/>
  <testcase classname="dsAlgoTests.GraphTest" name="verifyCodeExecutionforGraphRepresentationPage" time="0.000">
    <skipped/>
  </testcase> <!-- verifyCodeExecutionforGraphRepresentationPage -->
  <system-out/>
  <testcase classname="dsAlgoTests.GraphTest" name="verifyCodeExecutionforGraphPage" time="0.000">
    <skipped/>
  </testcase> <!-- verifyCodeExecutionforGraphPage -->
  <system-out/>
  <testcase classname="dsAlgoTests.GraphTest" name="verifyCodeExecutionforGraphRepresentationPage" time="0.000">
    <skipped/>
  </testcase> <!-- verifyCodeExecutionforGraphRepresentationPage -->
  <system-out/>
  <testcase classname="dsAlgoTests.GraphTest" name="verifyCodeExecutionforGraphPage" time="0.000">
    <skipped/>
  </testcase> <!-- verifyCodeExecutionforGraphPage -->
  <system-out/>
  <testcase classname="dsAlgoTests.GraphTest" name="verifyCodeExecutionforGraphRepresentationPage" time="0.000">
    <skipped/>
  </testcase> <!-- verifyCodeExecutionforGraphRepresentationPage -->
  <system-out/>
  <testcase classname="dsAlgoTests.GraphTest" name="verifyCodeExecutionforGraphRepresentationPage" time="0.000">
    <skipped/>
  </testcase> <!-- verifyCodeExecutionforGraphRepresentationPage -->
  <system-out/>
  <testcase classname="dsAlgoTests.GraphTest" name="verifyCodeExecutionforGraphPage" time="0.000">
    <skipped/>
  </testcase> <!-- verifyCodeExecutionforGraphPage -->
  <system-out/>
  <testcase classname="dsAlgoTests.GraphTest" name="verifyCodeExecutionforGraphRepresentationPage" time="0.000">
    <skipped/>
  </testcase> <!-- verifyCodeExecutionforGraphRepresentationPage -->
  <system-out/>
  <testcase classname="dsAlgoTests.GraphTest" name="verifyCodeExecutionforGraphRepresentationPage" time="0.000">
    <skipped/>
  </testcase> <!-- verifyCodeExecutionforGraphRepresentationPage -->
  <system-out/>
  <testcase classname="dsAlgoTests.GraphTest" name="verifyCodeExecutionforGraphPage" time="0.000">
    <skipped/>
  </testcase> <!-- verifyCodeExecutionforGraphPage -->
  <system-out/>
  <testcase classname="dsAlgoTests.GraphTest" name="verifyCodeExecutionforGraphRepresentationPage" time="0.000">
    <skipped/>
  </testcase> <!-- verifyCodeExecutionforGraphRepresentationPage -->
  <system-out/>
  <testcase classname="dsAlgoTests.GraphTest" name="verifyCodeExecutionforGraphPage" time="0.000">
    <skipped/>
  </testcase> <!-- verifyCodeExecutionforGraphPage -->
  <system-out/>
  <testcase classname="dsAlgoTests.GraphTest" name="verifyCodeExecutionforGraphRepresentationPage" time="0.000">
    <skipped/>
  </testcase> <!-- verifyCodeExecutionforGraphRepresentationPage -->
  <system-out/>
  <testcase classname="dsAlgoTests.GraphTest" name="verifyCodeExecutionforGraphPage" time="0.000">
    <skipped/>
  </testcase> <!-- verifyCodeExecutionforGraphPage -->
  <system-out/>
  <testcase classname="dsAlgoTests.GraphTest" name="verifyCodeExecutionforGraphPage" time="0.000">
    <skipped/>
  </testcase> <!-- verifyCodeExecutionforGraphPage -->
  <system-out/>
  <testcase classname="dsAlgoTests.GraphTest" name="verifyCodeExecutionforGraphRepresentationPage" time="0.000">
    <skipped/>
  </testcase> <!-- verifyCodeExecutionforGraphRepresentationPage -->
  <system-out/>
  <testcase classname="dsAlgoTests.GraphTest" name="verifyCodeExecutionforGraphRepresentationPage" time="0.000">
    <skipped/>
  </testcase> <!-- verifyCodeExecutionforGraphRepresentationPage -->
  <system-out/>
  <testcase classname="dsAlgoTests.GraphTest" name="verifyCodeExecutionforGraphPage" time="0.000">
    <skipped/>
  </testcase> <!-- verifyCodeExecutionforGraphPage -->
  <system-out/>
  <testcase classname="dsAlgoTests.GraphTest" name="verifyCodeExecutionforGraphRepresentationPage" time="0.000">
    <skipped/>
  </testcase> <!-- verifyCodeExecutionforGraphRepresentationPage -->
  <system-out/>
  <testcase classname="dsAlgoTests.GraphTest" name="verifyCodeExecutionforGraphRepresentationPage" time="0.000">
    <skipped/>
  </testcase> <!-- verifyCodeExecutionforGraphRepresentationPage -->
  <system-out/>
  <testcase classname="dsAlgoTests.GraphTest" name="verifyCodeExecutionforGraphRepresentationPage" time="0.000">
    <skipped/>
  </testcase> <!-- verifyCodeExecutionforGraphRepresentationPage -->
  <system-out/>
  <testcase classname="dsAlgoTests.GraphTest" name="verifyCodeExecutionforGraphRepresentationPage" time="0.000">
    <skipped/>
  </testcase> <!-- verifyCodeExecutionforGraphRepresentationPage -->
  <system-out/>
  <testcase classname="dsAlgoTests.GraphTest" name="verifyCodeExecutionforGraphRepresentationPage" time="0.000">
    <skipped/>
  </testcase> <!-- verifyCodeExecutionforGraphRepresentationPage -->
  <system-out/>
  <testcase classname="dsAlgoTests.GraphTest" name="verifyCodeExecutionforGraphRepresentationPage" time="0.000">
    <skipped/>
  </testcase> <!-- verifyCodeExecutionforGraphRepresentationPage -->
  <system-out/>
  <testcase classname="dsAlgoTests.GraphTest" name="verifyCodeExecutionforGraphPage" time="0.000">
    <skipped/>
  </testcase> <!-- verifyCodeExecutionforGraphPage -->
  <system-out/>
  <testcase classname="dsAlgoTests.GraphTest" name="verifyCodeExecutionforGraphRepresentationPage" time="0.000">
    <skipped/>
  </testcase> <!-- verifyCodeExecutionforGraphRepresentationPage -->
  <system-out/>
  <testcase classname="dsAlgoTests.GraphTest" name="verifyCodeExecutionforGraphPage" time="0.000">
    <skipped/>
  </testcase> <!-- verifyCodeExecutionforGraphPage -->
  <system-out/>
  <testcase classname="dsAlgoTests.GraphTest" name="verifyCodeExecutionforGraphRepresentationPage" time="0.000">
    <skipped/>
  </testcase> <!-- verifyCodeExecutionforGraphRepresentationPage -->
  <system-out/>
  <testcase classname="dsAlgoTests.GraphTest" name="verifyCodeExecutionforGraphRepresentationPage" time="0.000">
    <skipped/>
  </testcase> <!-- verifyCodeExecutionforGraphRepresentationPage -->
  <system-out/>
  <testcase classname="dsAlgoTests.GraphTest" name="verifyCodeExecutionforGraphRepresentationPage" time="0.000">
    <skipped/>
  </testcase> <!-- verifyCodeExecutionforGraphRepresentationPage -->
  <system-out/>
  <testcase classname="dsAlgoTests.GraphTest" name="verifyCodeExecutionforGraphPage" time="0.000">
    <skipped/>
  </testcase> <!-- verifyCodeExecutionforGraphPage -->
  <system-out/>
  <testcase classname="dsAlgoTests.GraphTest" name="verifyCodeExecutionforGraphPage" time="0.000">
    <skipped/>
  </testcase> <!-- verifyCodeExecutionforGraphPage -->
  <system-out/>
  <testcase classname="dsAlgoTests.GraphTest" name="verifyCodeExecutionforGraphRepresentationPage" time="0.000">
    <skipped/>
  </testcase> <!-- verifyCodeExecutionforGraphRepresentationPage -->
  <system-out/>
  <testcase classname="dsAlgoTests.GraphTest" name="verifyCodeExecutionforGraphRepresentationPage" time="0.000">
    <skipped/>
  </testcase> <!-- verifyCodeExecutionforGraphRepresentationPage -->
  <system-out/>
  <testcase classname="dsAlgoTests.GraphTest" name="verifyCodeExecutionforGraphPage" time="0.000">
    <skipped/>
  </testcase> <!-- verifyCodeExecutionforGraphPage -->
  <system-out/>
  <testcase classname="dsAlgoTests.GraphTest" name="verifyCodeExecutionforGraphRepresentationPage" time="0.000">
    <skipped/>
  </testcase> <!-- verifyCodeExecutionforGraphRepresentationPage -->
  <system-out/>
  <testcase classname="dsAlgoTests.GraphTest" name="verifyCodeExecutionforGraphRepresentationPage" time="0.000">
    <skipped/>
  </testcase> <!-- verifyCodeExecutionforGraphRepresentationPage -->
  <system-out/>
  <testcase classname="dsAlgoTests.GraphTest" name="verifyCodeExecutionforGraphPage" time="0.000">
    <skipped/>
  </testcase> <!-- verifyCodeExecutionforGraphPage -->
  <system-out/>
  <testcase classname="dsAlgoTests.GraphTest" name="verifyCodeExecutionforGraphRepresentationPage" time="0.000">
    <skipped/>
  </testcase> <!-- verifyCodeExecutionforGraphRepresentationPage -->
  <system-out/>
  <testcase classname="dsAlgoTests.GraphTest" name="verifyCodeExecutionforGraphPage" time="0.000">
    <skipped/>
  </testcase> <!-- verifyCodeExecutionforGraphPage -->
  <system-out/>
  <testcase classname="dsAlgoTests.GraphTest" name="verifyCodeExecutionforGraphPage" time="0.000">
    <skipped/>
  </testcase> <!-- verifyCodeExecutionforGraphPage -->
  <system-out/>
  <testcase classname="dsAlgoTests.GraphTest" name="verifyCodeExecutionforGraphPage" time="0.000">
    <skipped/>
  </testcase> <!-- verifyCodeExecutionforGraphPage -->
  <system-out/>
  <testcase classname="dsAlgoTests.GraphTest" name="verifyCodeExecutionforGraphPage" time="0.000">
    <skipped/>
  </testcase> <!-- verifyCodeExecutionforGraphPage -->
  <system-out/>
  <testcase classname="dsAlgoTests.GraphTest" name="verifyCodeExecutionforGraphPage" time="0.000">
    <skipped/>
  </testcase> <!-- verifyCodeExecutionforGraphPage -->
  <system-out/>
  <testcase classname="dsAlgoTests.GraphTest" name="verifyCodeExecutionforGraphRepresentationPage" time="0.000">
    <skipped/>
  </testcase> <!-- verifyCodeExecutionforGraphRepresentationPage -->
  <system-out/>
  <testcase classname="dsAlgoTests.GraphTest" name="verifyCodeExecutionforGraphRepresentationPage" time="0.000">
    <skipped/>
  </testcase> <!-- verifyCodeExecutionforGraphRepresentationPage -->
  <system-out/>
  <testcase classname="dsAlgoTests.GraphTest" name="verifyCodeExecutionforGraphPage" time="0.000">
    <skipped/>
  </testcase> <!-- verifyCodeExecutionforGraphPage -->
  <system-out/>
  <testcase classname="dsAlgoTests.GraphTest" name="verifyCodeExecutionforGraphRepresentationPage" time="0.000">
    <skipped/>
  </testcase> <!-- verifyCodeExecutionforGraphRepresentationPage -->
  <system-out/>
  <testcase classname="dsAlgoTests.GraphTest" name="verifyCodeExecutionforGraphRepresentationPage" time="0.000">
    <skipped/>
  </testcase> <!-- verifyCodeExecutionforGraphRepresentationPage -->
  <system-out/>
  <testcase classname="dsAlgoTests.GraphTest" name="verifyCodeExecutionforGraphRepresentationPage" time="0.000">
    <skipped/>
  </testcase> <!-- verifyCodeExecutionforGraphRepresentationPage -->
  <system-out/>
  <testcase classname="dsAlgoTests.GraphTest" name="verifyCodeExecutionforGraphRepresentationPage" time="0.000">
    <skipped/>
  </testcase> <!-- verifyCodeExecutionforGraphRepresentationPage -->
  <system-out/>
  <testcase classname="dsAlgoTests.GraphTest" name="verifyCodeExecutionforGraphPage" time="0.000">
    <skipped/>
  </testcase> <!-- verifyCodeExecutionforGraphPage -->
  <system-out/>
  <testcase classname="dsAlgoTests.GraphTest" name="verifyCodeExecutionforGraphPage" time="0.000">
    <skipped/>
  </testcase> <!-- verifyCodeExecutionforGraphPage -->
  <system-out/>
  <testcase classname="dsAlgoTests.GraphTest" name="verifyCodeExecutionforGraphRepresentationPage" time="0.000">
    <skipped/>
  </testcase> <!-- verifyCodeExecutionforGraphRepresentationPage -->
  <system-out/>
  <testcase classname="dsAlgoTests.GraphTest" name="verifyCodeExecutionforGraphPage" time="0.000">
    <skipped/>
  </testcase> <!-- verifyCodeExecutionforGraphPage -->
  <system-out/>
  <testcase classname="dsAlgoTests.GraphTest" name="verifyCodeExecutionforGraphPage" time="0.000">
    <skipped/>
  </testcase> <!-- verifyCodeExecutionforGraphPage -->
  <system-out/>
  <testcase classname="dsAlgoTests.GraphTest" name="verifyCodeExecutionforGraphRepresentationPage" time="0.000">
    <skipped/>
  </testcase> <!-- verifyCodeExecutionforGraphRepresentationPage -->
  <system-out/>
  <testcase classname="dsAlgoTests.GraphTest" name="verifyCodeExecutionforGraphRepresentationPage" time="0.000">
    <skipped/>
  </testcase> <!-- verifyCodeExecutionforGraphRepresentationPage -->
  <system-out/>
  <testcase classname="dsAlgoTests.GraphTest" name="verifyCodeExecutionforGraphPage" time="0.000">
    <skipped/>
  </testcase> <!-- verifyCodeExecutionforGraphPage -->
  <system-out/>
  <testcase classname="dsAlgoTests.GraphTest" name="verifyCodeExecutionforGraphRepresentationPage" time="0.000">
    <skipped/>
  </testcase> <!-- verifyCodeExecutionforGraphRepresentationPage -->
  <system-out/>
  <testcase classname="dsAlgoTests.GraphTest" name="verifyCodeExecutionforGraphPage" time="0.000">
    <skipped/>
  </testcase> <!-- verifyCodeExecutionforGraphPage -->
  <system-out/>
  <testcase classname="dsAlgoTests.GraphTest" name="verifyCodeExecutionforGraphRepresentationPage" time="0.000">
    <skipped/>
  </testcase> <!-- verifyCodeExecutionforGraphRepresentationPage -->
  <system-out/>
  <testcase classname="dsAlgoTests.GraphTest" name="verifyCodeExecutionforGraphPage" time="0.000">
    <skipped/>
  </testcase> <!-- verifyCodeExecutionforGraphPage -->
  <system-out/>
  <testcase classname="dsAlgoTests.GraphTest" name="verifyCodeExecutionforGraphPage" time="0.000">
    <skipped/>
  </testcase> <!-- verifyCodeExecutionforGraphPage -->
  <system-out/>
  <testcase classname="dsAlgoTests.GraphTest" name="verifyCodeExecutionforGraphPage" time="0.000">
    <skipped/>
  </testcase> <!-- verifyCodeExecutionforGraphPage -->
  <system-out/>
  <testcase classname="dsAlgoTests.GraphTest" name="verifyCodeExecutionforGraphPage" time="0.000">
    <skipped/>
  </testcase> <!-- verifyCodeExecutionforGraphPage -->
  <system-out/>
  <testcase classname="dsAlgoTests.GraphTest" name="verifyCodeExecutionforGraphPage" time="0.000">
    <skipped/>
  </testcase> <!-- verifyCodeExecutionforGraphPage -->
  <system-out/>
  <testcase classname="dsAlgoTests.GraphTest" name="verifyCodeExecutionforGraphPage" time="0.000">
    <skipped/>
  </testcase> <!-- verifyCodeExecutionforGraphPage -->
  <system-out/>
  <testcase classname="dsAlgoTests.GraphTest" name="verifyCodeExecutionforGraphRepresentationPage" time="0.000">
    <skipped/>
  </testcase> <!-- verifyCodeExecutionforGraphRepresentationPage -->
  <system-out/>
  <testcase classname="dsAlgoTests.GraphTest" name="verifyCodeExecutionforGraphPage" time="0.000">
    <skipped/>
  </testcase> <!-- verifyCodeExecutionforGraphPage -->
  <system-out/>
  <testcase classname="dsAlgoTests.GraphTest" name="verifyCodeExecutionforGraphPage" time="0.000">
    <skipped/>
  </testcase> <!-- verifyCodeExecutionforGraphPage -->
  <system-out/>
  <testcase classname="dsAlgoTests.GraphTest" name="verifyCodeExecutionforGraphRepresentationPage" time="0.000">
    <skipped/>
  </testcase> <!-- verifyCodeExecutionforGraphRepresentationPage -->
  <system-out/>
  <testcase classname="dsAlgoTests.GraphTest" name="verifyCodeExecutionforGraphRepresentationPage" time="0.000">
    <skipped/>
  </testcase> <!-- verifyCodeExecutionforGraphRepresentationPage -->
  <system-out/>
  <testcase classname="dsAlgoTests.GraphTest" name="verifyCodeExecutionforGraphRepresentationPage" time="0.000">
    <skipped/>
  </testcase> <!-- verifyCodeExecutionforGraphRepresentationPage -->
  <system-out/>
  <testcase classname="dsAlgoTests.GraphTest" name="verifyCodeExecutionforGraphPage" time="0.000">
    <skipped/>
  </testcase> <!-- verifyCodeExecutionforGraphPage -->
  <system-out/>
  <testcase classname="dsAlgoTests.GraphTest" name="verifyCodeExecutionforGraphPage" time="0.000">
    <skipped/>
  </testcase> <!-- verifyCodeExecutionforGraphPage -->
  <system-out/>
  <testcase classname="dsAlgoTests.GraphTest" name="verifyCodeExecutionforGraphPage" time="0.000">
    <skipped/>
  </testcase> <!-- verifyCodeExecutionforGraphPage -->
  <system-out/>
  <testcase classname="dsAlgoTests.GraphTest" name="verifyCodeExecutionforGraphRepresentationPage" time="0.000">
    <skipped/>
  </testcase> <!-- verifyCodeExecutionforGraphRepresentationPage -->
  <system-out/>
  <testcase classname="dsAlgoTests.GraphTest" name="verifyCodeExecutionforGraphRepresentationPage" time="0.000">
    <skipped/>
  </testcase> <!-- verifyCodeExecutionforGraphRepresentationPage -->
  <system-out/>
  <testcase classname="dsAlgoTests.GraphTest" name="verifyCodeExecutionforGraphRepresentationPage" time="0.000">
    <skipped/>
  </testcase> <!-- verifyCodeExecutionforGraphRepresentationPage -->
  <system-out/>
  <testcase classname="dsAlgoTests.GraphTest" name="verifyCodeExecutionforGraphPage" time="0.000">
    <skipped/>
  </testcase> <!-- verifyCodeExecutionforGraphPage -->
  <system-out/>
  <testcase classname="dsAlgoTests.GraphTest" name="verifyCodeExecutionforGraphRepresentationPage" time="0.000">
    <skipped/>
  </testcase> <!-- verifyCodeExecutionforGraphRepresentationPage -->
  <system-out/>
  <testcase classname="dsAlgoTests.GraphTest" name="verifyCodeExecutionforGraphPage" time="0.000">
    <skipped/>
  </testcase> <!-- verifyCodeExecutionforGraphPage -->
  <system-out/>
  <testcase classname="dsAlgoTests.GraphTest" name="verifyCodeExecutionforGraphRepresentationPage" time="0.000">
    <skipped/>
  </testcase> <!-- verifyCodeExecutionforGraphRepresentationPage -->
  <system-out/>
  <testcase classname="dsAlgoTests.GraphTest" name="verifyCodeExecutionforGraphRepresentationPage" time="0.000">
    <skipped/>
  </testcase> <!-- verifyCodeExecutionforGraphRepresentationPage -->
  <system-out/>
  <testcase classname="dsAlgoTests.GraphTest" name="verifyCodeExecutionforGraphPage" time="0.000">
    <skipped/>
  </testcase> <!-- verifyCodeExecutionforGraphPage -->
  <system-out/>
  <testcase classname="dsAlgoTests.GraphTest" name="verifyCodeExecutionforGraphPage" time="0.000">
    <skipped/>
  </testcase> <!-- verifyCodeExecutionforGraphPage -->
  <system-out/>
  <testcase classname="dsAlgoTests.GraphTest" name="verifyCodeExecutionforGraphRepresentationPage" time="0.000">
    <skipped/>
  </testcase> <!-- verifyCodeExecutionforGraphRepresentationPage -->
  <system-out/>
  <testcase classname="dsAlgoTests.GraphTest" name="verifyCodeExecutionforGraphRepresentationPage" time="0.000">
    <skipped/>
  </testcase> <!-- verifyCodeExecutionforGraphRepresentationPage -->
  <system-out/>
  <testcase classname="dsAlgoTests.GraphTest" name="verifyCodeExecutionforGraphRepresentationPage" time="0.000">
    <skipped/>
  </testcase> <!-- verifyCodeExecutionforGraphRepresentationPage -->
  <system-out/>
  <testcase classname="dsAlgoTests.GraphTest" name="verifyCodeExecutionforGraphPage" time="0.000">
    <skipped/>
  </testcase> <!-- verifyCodeExecutionforGraphPage -->
  <system-out/>
  <testcase classname="dsAlgoTests.GraphTest" name="verifyCodeExecutionforGraphRepresentationPage" time="0.000">
    <skipped/>
  </testcase> <!-- verifyCodeExecutionforGraphRepresentationPage -->
  <system-out/>
  <testcase classname="dsAlgoTests.GraphTest" name="verifyCodeExecutionforGraphRepresentationPage" time="0.000">
    <skipped/>
  </testcase> <!-- verifyCodeExecutionforGraphRepresentationPage -->
  <system-out/>
  <testcase classname="dsAlgoTests.GraphTest" name="verifyCodeExecutionforGraphRepresentationPage" time="0.000">
    <skipped/>
  </testcase> <!-- verifyCodeExecutionforGraphRepresentationPage -->
  <system-out/>
  <testcase classname="dsAlgoTests.GraphTest" name="verifyCodeExecutionforGraphRepresentationPage" time="0.000">
    <skipped/>
  </testcase> <!-- verifyCodeExecutionforGraphRepresentationPage -->
  <system-out/>
  <testcase classname="dsAlgoTests.GraphTest" name="verifyCodeExecutionforGraphPage" time="0.000">
    <skipped/>
  </testcase> <!-- verifyCodeExecutionforGraphPage -->
  <system-out/>
  <testcase classname="dsAlgoTests.GraphTest" name="verifyCodeExecutionforGraphPage" time="0.000">
    <skipped/>
  </testcase> <!-- verifyCodeExecutionforGraphPage -->
  <system-out/>
  <testcase classname="dsAlgoTests.GraphTest" name="verifyCodeExecutionforGraphPage" time="0.000">
    <skipped/>
  </testcase> <!-- verifyCodeExecutionforGraphPage -->
  <system-out/>
  <testcase classname="dsAlgoTests.GraphTest" name="verifyCodeExecutionforGraphRepresentationPage" time="0.000">
    <skipped/>
  </testcase> <!-- verifyCodeExecutionforGraphRepresentationPage -->
  <system-out/>
  <testcase classname="dsAlgoTests.GraphTest" name="verifyCodeExecutionforGraphPage" time="0.000">
    <skipped/>
  </testcase> <!-- verifyCodeExecutionforGraphPage -->
  <system-out/>
  <testcase classname="dsAlgoTests.GraphTest" name="verifyCodeExecutionforGraphPage" time="0.000">
    <skipped/>
  </testcase> <!-- verifyCodeExecutionforGraphPage -->
  <system-out/>
  <testcase classname="dsAlgoTests.GraphTest" name="verifyCodeExecutionforGraphRepresentationPage" time="0.000">
    <skipped/>
  </testcase> <!-- verifyCodeExecutionforGraphRepresentationPage -->
  <system-out/>
  <testcase classname="dsAlgoTests.GraphTest" name="verifyCodeExecutionforGraphPage" time="0.000">
    <skipped/>
  </testcase> <!-- verifyCodeExecutionforGraphPage -->
  <system-out/>
  <testcase classname="dsAlgoTests.GraphTest" name="verifyCodeExecutionforGraphPage" time="0.000">
    <skipped/>
  </testcase> <!-- verifyCodeExecutionforGraphPage -->
  <system-out/>
  <testcase classname="dsAlgoTests.GraphTest" name="verifyCodeExecutionforGraphPage" time="0.000">
    <skipped/>
  </testcase> <!-- verifyCodeExecutionforGraphPage -->
  <system-out/>
  <testcase classname="dsAlgoTests.GraphTest" name="verifyCodeExecutionforGraphRepresentationPage" time="0.000">
    <skipped/>
  </testcase> <!-- verifyCodeExecutionforGraphRepresentationPage -->
  <system-out/>
  <testcase classname="dsAlgoTests.GraphTest" name="verifyCodeExecutionforGraphRepresentationPage" time="0.000">
    <skipped/>
  </testcase> <!-- verifyCodeExecutionforGraphRepresentationPage -->
  <system-out/>
  <testcase classname="dsAlgoTests.GraphTest" name="verifyCodeExecutionforGraphRepresentationPage" time="0.000">
    <skipped/>
  </testcase> <!-- verifyCodeExecutionforGraphRepresentationPage -->
  <system-out/>
  <testcase classname="dsAlgoTests.GraphTest" name="verifyCodeExecutionforGraphPage" time="0.000">
    <skipped/>
  </testcase> <!-- verifyCodeExecutionforGraphPage -->
  <system-out/>
  <testcase classname="dsAlgoTests.GraphTest" name="verifyCodeExecutionforGraphPage" time="0.000">
    <skipped/>
  </testcase> <!-- verifyCodeExecutionforGraphPage -->
  <system-out/>
  <testcase classname="dsAlgoTests.GraphTest" name="verifyCodeExecutionforGraphRepresentationPage" time="0.000">
    <skipped/>
  </testcase> <!-- verifyCodeExecutionforGraphRepresentationPage -->
  <system-out/>
  <testcase classname="dsAlgoTests.GraphTest" name="verifyCodeExecutionforGraphRepresentationPage" time="0.000">
    <skipped/>
  </testcase> <!-- verifyCodeExecutionforGraphRepresentationPage -->
  <system-out/>
  <testcase classname="dsAlgoTests.GraphTest" name="verifyCodeExecutionforGraphPage" time="0.000">
    <skipped/>
  </testcase> <!-- verifyCodeExecutionforGraphPage -->
  <system-out/>
  <testcase classname="dsAlgoTests.GraphTest" name="verifyCodeExecutionforGraphRepresentationPage" time="0.000">
    <skipped/>
  </testcase> <!-- verifyCodeExecutionforGraphRepresentationPage -->
  <system-out/>
  <testcase classname="dsAlgoTests.GraphTest" name="verifyCodeExecutionforGraphPage" time="0.000">
    <skipped/>
  </testcase> <!-- verifyCodeExecutionforGraphPage -->
  <system-out/>
  <testcase classname="dsAlgoTests.GraphTest" name="verifyCodeExecutionforGraphRepresentationPage" time="0.000">
    <skipped/>
  </testcase> <!-- verifyCodeExecutionforGraphRepresentationPage -->
  <system-out/>
  <testcase classname="dsAlgoTests.GraphTest" name="verifyCodeExecutionforGraphPage" time="0.000">
    <skipped/>
  </testcase> <!-- verifyCodeExecutionforGraphPage -->
  <system-out/>
  <testcase classname="dsAlgoTests.GraphTest" name="verifyCodeExecutionforGraphPage" time="0.000">
    <skipped/>
  </testcase> <!-- verifyCodeExecutionforGraphPage -->
  <system-out/>
  <testcase classname="dsAlgoTests.GraphTest" name="verifyCodeExecutionforGraphRepresentationPage" time="0.000">
    <skipped/>
  </testcase> <!-- verifyCodeExecutionforGraphRepresentationPage -->
  <system-out/>
  <testcase classname="dsAlgoTests.GraphTest" name="verifyCodeExecutionforGraphRepresentationPage" time="0.000">
    <skipped/>
  </testcase> <!-- verifyCodeExecutionforGraphRepresentationPage -->
  <system-out/>
  <testcase classname="dsAlgoTests.GraphTest" name="verifyCodeExecutionforGraphRepresentationPage" time="0.000">
    <skipped/>
  </testcase> <!-- verifyCodeExecutionforGraphRepresentationPage -->
  <system-out/>
  <testcase classname="dsAlgoTests.GraphTest" name="verifyCodeExecutionforGraphPage" time="0.000">
    <skipped/>
  </testcase> <!-- verifyCodeExecutionforGraphPage -->
  <system-out/>
  <testcase classname="dsAlgoTests.GraphTest" name="verifyCodeExecutionforGraphPage" time="0.000">
    <skipped/>
  </testcase> <!-- verifyCodeExecutionforGraphPage -->
  <system-out/>
  <testcase classname="dsAlgoTests.GraphTest" name="verifyCodeExecutionforGraphRepresentationPage" time="0.000">
    <skipped/>
  </testcase> <!-- verifyCodeExecutionforGraphRepresentationPage -->
  <system-out/>
  <testcase classname="dsAlgoTests.GraphTest" name="verifyCodeExecutionforGraphPage" time="0.000">
    <skipped/>
  </testcase> <!-- verifyCodeExecutionforGraphPage -->
  <system-out/>
  <testcase classname="dsAlgoTests.GraphTest" name="verifyCodeExecutionforGraphPage" time="0.000">
    <skipped/>
  </testcase> <!-- verifyCodeExecutionforGraphPage -->
  <system-out/>
  <testcase classname="dsAlgoTests.GraphTest" name="verifyCodeExecutionforGraphRepresentationPage" time="0.000">
    <skipped/>
  </testcase> <!-- verifyCodeExecutionforGraphRepresentationPage -->
  <system-out/>
  <testcase classname="dsAlgoTests.GraphTest" name="verifyCodeExecutionforGraphPage" time="0.000">
    <skipped/>
  </testcase> <!-- verifyCodeExecutionforGraphPage -->
  <system-out/>
  <testcase classname="dsAlgoTests.GraphTest" name="verifyCodeExecutionforGraphPage" time="0.000">
    <skipped/>
  </testcase> <!-- verifyCodeExecutionforGraphPage -->
  <system-out/>
  <testcase classname="dsAlgoTests.GraphTest" name="verifyCodeExecutionforGraphPage" time="0.000">
    <skipped/>
  </testcase> <!-- verifyCodeExecutionforGraphPage -->
  <system-out/>
  <testcase classname="dsAlgoTests.GraphTest" name="verifyCodeExecutionforGraphPage" time="0.000">
    <skipped/>
  </testcase> <!-- verifyCodeExecutionforGraphPage -->
  <system-out/>
  <testcase classname="dsAlgoTests.GraphTest" name="verifyCodeExecutionforGraphPage" time="0.000">
    <skipped/>
  </testcase> <!-- verifyCodeExecutionforGraphPage -->
  <system-out/>
  <testcase classname="dsAlgoTests.GraphTest" name="verifyCodeExecutionforGraphPage" time="0.000">
    <skipped/>
  </testcase> <!-- verifyCodeExecutionforGraphPage -->
  <system-out/>
  <testcase classname="dsAlgoTests.GraphTest" name="verifyCodeExecutionforGraphRepresentationPage" time="0.000">
    <skipped/>
  </testcase> <!-- verifyCodeExecutionforGraphRepresentationPage -->
  <system-out/>
  <testcase classname="dsAlgoTests.GraphTest" name="verifyCodeExecutionforGraphRepresentationPage" time="0.000">
    <skipped/>
  </testcase> <!-- verifyCodeExecutionforGraphRepresentationPage -->
  <system-out/>
  <testcase classname="dsAlgoTests.GraphTest" name="verifyCodeExecutionforGraphRepresentationPage" time="0.000">
    <skipped/>
  </testcase> <!-- verifyCodeExecutionforGraphRepresentationPage -->
  <system-out/>
  <testcase classname="dsAlgoTests.GraphTest" name="verifyCodeExecutionforGraphRepresentationPage" time="0.000">
    <skipped/>
  </testcase> <!-- verifyCodeExecutionforGraphRepresentationPage -->
  <system-out/>
  <testcase classname="dsAlgoTests.GraphTest" name="verifyCodeExecutionforGraphPage" time="0.000">
    <skipped/>
  </testcase> <!-- verifyCodeExecutionforGraphPage -->
  <system-out/>
  <testcase classname="dsAlgoTests.GraphTest" name="verifyCodeExecutionforGraphPage" time="0.000">
    <skipped/>
  </testcase> <!-- verifyCodeExecutionforGraphPage -->
  <system-out/>
  <testcase classname="dsAlgoTests.GraphTest" name="verifyCodeExecutionforGraphRepresentationPage" time="0.000">
    <skipped/>
  </testcase> <!-- verifyCodeExecutionforGraphRepresentationPage -->
  <system-out/>
  <testcase classname="dsAlgoTests.GraphTest" name="verifyCodeExecutionforGraphPage" time="0.000">
    <skipped/>
  </testcase> <!-- verifyCodeExecutionforGraphPage -->
  <system-out/>
  <testcase classname="dsAlgoTests.GraphTest" name="verifyCodeExecutionforGraphPage" time="0.000">
    <skipped/>
  </testcase> <!-- verifyCodeExecutionforGraphPage -->
  <system-out/>
  <testcase classname="dsAlgoTests.GraphTest" name="verifyCodeExecutionforGraphPage" time="0.000">
    <skipped/>
  </testcase> <!-- verifyCodeExecutionforGraphPage -->
  <system-out/>
  <testcase classname="dsAlgoTests.GraphTest" name="verifyCodeExecutionforGraphRepresentationPage" time="0.000">
    <skipped/>
  </testcase> <!-- verifyCodeExecutionforGraphRepresentationPage -->
  <system-out/>
  <testcase classname="dsAlgoTests.GraphTest" name="verifyCodeExecutionforGraphRepresentationPage" time="0.000">
    <skipped/>
  </testcase> <!-- verifyCodeExecutionforGraphRepresentationPage -->
  <system-out/>
  <testcase classname="dsAlgoTests.GraphTest" name="verifyCodeExecutionforGraphPage" time="0.000">
    <skipped/>
  </testcase> <!-- verifyCodeExecutionforGraphPage -->
  <system-out/>
  <testcase classname="dsAlgoTests.GraphTest" name="verifyCodeExecutionforGraphPage" time="0.000">
    <skipped/>
  </testcase> <!-- verifyCodeExecutionforGraphPage -->
  <system-out/>
  <testcase classname="dsAlgoTests.GraphTest" name="verifyCodeExecutionforGraphRepresentationPage" time="0.000">
    <skipped/>
  </testcase> <!-- verifyCodeExecutionforGraphRepresentationPage -->
  <system-out/>
  <testcase classname="dsAlgoTests.GraphTest" name="verifyCodeExecutionforGraphPage" time="0.000">
    <skipped/>
  </testcase> <!-- verifyCodeExecutionforGraphPage -->
  <system-out/>
  <testcase classname="dsAlgoTests.GraphTest" name="verifyCodeExecutionforGraphRepresentationPage" time="0.000">
    <skipped/>
  </testcase> <!-- verifyCodeExecutionforGraphRepresentationPage -->
  <system-out/>
  <testcase classname="dsAlgoTests.GraphTest" name="verifyCodeExecutionforGraphRepresentationPage" time="0.000">
    <skipped/>
  </testcase> <!-- verifyCodeExecutionforGraphRepresentationPage -->
  <system-out/>
  <testcase classname="dsAlgoTests.GraphTest" name="verifyCodeExecutionforGraphPage" time="0.000">
    <skipped/>
  </testcase> <!-- verifyCodeExecutionforGraphPage -->
  <system-out/>
  <testcase classname="dsAlgoTests.GraphTest" name="verifyCodeExecutionforGraphRepresentationPage" time="0.000">
    <skipped/>
  </testcase> <!-- verifyCodeExecutionforGraphRepresentationPage -->
  <system-out/>
  <testcase classname="dsAlgoTests.GraphTest" name="verifyCodeExecutionforGraphRepresentationPage" time="0.000">
    <skipped/>
  </testcase> <!-- verifyCodeExecutionforGraphRepresentationPage -->
  <system-out/>
  <testcase classname="dsAlgoTests.GraphTest" name="verifyCodeExecutionforGraphPage" time="0.000">
    <skipped/>
  </testcase> <!-- verifyCodeExecutionforGraphPage -->
  <system-out/>
  <testcase classname="dsAlgoTests.GraphTest" name="verifyCodeExecutionforGraphPage" time="0.000">
    <skipped/>
  </testcase> <!-- verifyCodeExecutionforGraphPage -->
  <system-out/>
  <testcase classname="dsAlgoTests.GraphTest" name="verifyCodeExecutionforGraphRepresentationPage" time="0.000">
    <skipped/>
  </testcase> <!-- verifyCodeExecutionforGraphRepresentationPage -->
  <system-out/>
  <testcase classname="dsAlgoTests.GraphTest" name="verifyCodeExecutionforGraphRepresentationPage" time="0.000">
    <skipped/>
  </testcase> <!-- verifyCodeExecutionforGraphRepresentationPage -->
  <system-out/>
  <testcase classname="dsAlgoTests.GraphTest" name="verifyCodeExecutionforGraphRepresentationPage" time="0.000">
    <skipped/>
  </testcase> <!-- verifyCodeExecutionforGraphRepresentationPage -->
  <system-out/>
  <testcase classname="dsAlgoTests.GraphTest" name="verifyCodeExecutionforGraphRepresentationPage" time="0.000">
    <skipped/>
  </testcase> <!-- verifyCodeExecutionforGraphRepresentationPage -->
  <system-out/>
  <testcase classname="dsAlgoTests.GraphTest" name="verifyCodeExecutionforGraphPage" time="0.000">
    <skipped/>
  </testcase> <!-- verifyCodeExecutionforGraphPage -->
  <system-out/>
  <testcase classname="dsAlgoTests.GraphTest" name="verifyCodeExecutionforGraphRepresentationPage" time="0.000">
    <skipped/>
  </testcase> <!-- verifyCodeExecutionforGraphRepresentationPage -->
  <system-out/>
  <testcase classname="dsAlgoTests.GraphTest" name="verifyCodeExecutionforGraphRepresentationPage" time="0.000">
    <skipped/>
  </testcase> <!-- verifyCodeExecutionforGraphRepresentationPage -->
  <system-out/>
  <testcase classname="dsAlgoTests.GraphTest" name="verifyCodeExecutionforGraphPage" time="0.000">
    <skipped/>
  </testcase> <!-- verifyCodeExecutionforGraphPage -->
  <system-out/>
  <testcase classname="dsAlgoTests.GraphTest" name="verifyCodeExecutionforGraphRepresentationPage" time="0.000">
    <skipped/>
  </testcase> <!-- verifyCodeExecutionforGraphRepresentationPage -->
  <system-out/>
  <testcase classname="dsAlgoTests.GraphTest" name="verifyCodeExecutionforGraphPage" time="0.000">
    <skipped/>
  </testcase> <!-- verifyCodeExecutionforGraphPage -->
  <system-out/>
  <testcase classname="dsAlgoTests.GraphTest" name="verifyCodeExecutionforGraphPage" time="0.000">
    <skipped/>
  </testcase> <!-- verifyCodeExecutionforGraphPage -->
  <system-out/>
  <testcase classname="dsAlgoTests.GraphTest" name="verifyCodeExecutionforGraphPage" time="0.000">
    <skipped/>
  </testcase> <!-- verifyCodeExecutionforGraphPage -->
  <system-out/>
  <testcase classname="dsAlgoTests.GraphTest" name="verifyCodeExecutionforGraphPage" time="0.000">
    <skipped/>
  </testcase> <!-- verifyCodeExecutionforGraphPage -->
  <system-out/>
  <testcase classname="dsAlgoTests.GraphTest" name="verifyCodeExecutionforGraphPage" time="0.000">
    <skipped/>
  </testcase> <!-- verifyCodeExecutionforGraphPage -->
  <system-out/>
  <testcase classname="dsAlgoTests.GraphTest" name="verifyCodeExecutionforGraphPage" time="0.000">
    <skipped/>
  </testcase> <!-- verifyCodeExecutionforGraphPage -->
  <system-out/>
  <testcase classname="dsAlgoTests.GraphTest" name="verifyCodeExecutionforGraphPage" time="0.000">
    <skipped/>
  </testcase> <!-- verifyCodeExecutionforGraphPage -->
  <system-out/>
  <testcase classname="dsAlgoTests.GraphTest" name="verifyCodeExecutionforGraphPage" time="0.000">
    <skipped/>
  </testcase> <!-- verifyCodeExecutionforGraphPage -->
  <system-out/>
  <testcase classname="dsAlgoTests.GraphTest" name="verifyCodeExecutionforGraphRepresentationPage" time="0.000">
    <skipped/>
  </testcase> <!-- verifyCodeExecutionforGraphRepresentationPage -->
  <system-out/>
  <testcase classname="dsAlgoTests.GraphTest" name="verifyCodeExecutionforGraphRepresentationPage" time="0.000">
    <skipped/>
  </testcase> <!-- verifyCodeExecutionforGraphRepresentationPage -->
  <system-out/>
  <testcase classname="dsAlgoTests.GraphTest" name="verifyCodeExecutionforGraphPage" time="0.000">
    <skipped/>
  </testcase> <!-- verifyCodeExecutionforGraphPage -->
  <system-out/>
  <testcase classname="dsAlgoTests.GraphTest" name="verifyCodeExecutionforGraphRepresentationPage" time="0.000">
    <skipped/>
  </testcase> <!-- verifyCodeExecutionforGraphRepresentationPage -->
  <system-out/>
  <testcase classname="dsAlgoTests.GraphTest" name="verifyCodeExecutionforGraphPage" time="0.000">
    <skipped/>
  </testcase> <!-- verifyCodeExecutionforGraphPage -->
  <system-out/>
  <testcase classname="dsAlgoTests.GraphTest" name="verifyCodeExecutionforGraphPage" time="0.000">
    <skipped/>
  </testcase> <!-- verifyCodeExecutionforGraphPage -->
  <system-out/>
  <testcase classname="dsAlgoTests.GraphTest" name="verifyCodeExecutionforGraphRepresentationPage" time="0.000">
    <skipped/>
  </testcase> <!-- verifyCodeExecutionforGraphRepresentationPage -->
  <system-out/>
  <testcase classname="dsAlgoTests.GraphTest" name="verifyCodeExecutionforGraphRepresentationPage" time="0.000">
    <skipped/>
  </testcase> <!-- verifyCodeExecutionforGraphRepresentationPage -->
  <system-out/>
  <testcase classname="dsAlgoTests.GraphTest" name="verifyCodeExecutionforGraphRepresentationPage" time="0.000">
    <skipped/>
  </testcase> <!-- verifyCodeExecutionforGraphRepresentationPage -->
  <system-out/>
  <testcase classname="dsAlgoTests.GraphTest" name="verifyCodeExecutionforGraphRepresentationPage" time="0.000">
    <skipped/>
  </testcase> <!-- verifyCodeExecutionforGraphRepresentationPage -->
  <system-out/>
  <testcase classname="dsAlgoTests.GraphTest" name="verifyCodeExecutionforGraphRepresentationPage" time="0.000">
    <skipped/>
  </testcase> <!-- verifyCodeExecutionforGraphRepresentationPage -->
  <system-out/>
  <testcase classname="dsAlgoTests.GraphTest" name="verifyCodeExecutionforGraphRepresentationPage" time="0.000">
    <skipped/>
  </testcase> <!-- verifyCodeExecutionforGraphRepresentationPage -->
  <system-out/>
  <testcase classname="dsAlgoTests.GraphTest" name="verifyCodeExecutionforGraphRepresentationPage" time="0.000">
    <skipped/>
  </testcase> <!-- verifyCodeExecutionforGraphRepresentationPage -->
  <system-out/>
  <testcase classname="dsAlgoTests.GraphTest" name="verifyCodeExecutionforGraphPage" time="0.000">
    <skipped/>
  </testcase> <!-- verifyCodeExecutionforGraphPage -->
  <system-out/>
  <testcase classname="dsAlgoTests.GraphTest" name="verifyCodeExecutionforGraphRepresentationPage" time="0.000">
    <skipped/>
  </testcase> <!-- verifyCodeExecutionforGraphRepresentationPage -->
  <system-out/>
  <testcase classname="dsAlgoTests.GraphTest" name="verifyCodeExecutionforGraphPage" time="0.000">
    <skipped/>
  </testcase> <!-- verifyCodeExecutionforGraphPage -->
  <system-out/>
  <testcase classname="dsAlgoTests.GraphTest" name="verifyCodeExecutionforGraphPage" time="0.000">
    <skipped/>
  </testcase> <!-- verifyCodeExecutionforGraphPage -->
  <system-out/>
  <testcase classname="dsAlgoTests.GraphTest" name="verifyCodeExecutionforGraphPage" time="0.000">
    <skipped/>
  </testcase> <!-- verifyCodeExecutionforGraphPage -->
  <system-out/>
  <testcase classname="dsAlgoTests.GraphTest" name="verifyCodeExecutionforGraphRepresentationPage" time="0.000">
    <skipped/>
  </testcase> <!-- verifyCodeExecutionforGraphRepresentationPage -->
  <system-out/>
  <testcase classname="dsAlgoTests.GraphTest" name="verifyCodeExecutionforGraphRepresentationPage" time="0.000">
    <skipped/>
  </testcase> <!-- verifyCodeExecutionforGraphRepresentationPage -->
  <system-out/>
  <testcase classname="dsAlgoTests.GraphTest" name="verifyCodeExecutionforGraphRepresentationPage" time="0.000">
    <skipped/>
  </testcase> <!-- verifyCodeExecutionforGraphRepresentationPage -->
  <system-out/>
  <testcase classname="dsAlgoTests.GraphTest" name="verifyCodeExecutionforGraphRepresentationPage" time="0.000">
    <skipped/>
  </testcase> <!-- verifyCodeExecutionforGraphRepresentationPage -->
  <system-out/>
  <testcase classname="dsAlgoTests.GraphTest" name="verifyCodeExecutionforGraphRepresentationPage" time="0.000">
    <skipped/>
  </testcase> <!-- verifyCodeExecutionforGraphRepresentationPage -->
  <system-out/>
  <testcase classname="dsAlgoTests.GraphTest" name="verifyCodeExecutionforGraphPage" time="0.000">
    <skipped/>
  </testcase> <!-- verifyCodeExecutionforGraphPage -->
  <system-out/>
  <testcase classname="dsAlgoTests.GraphTest" name="verifyCodeExecutionforGraphRepresentationPage" time="0.000">
    <skipped/>
  </testcase> <!-- verifyCodeExecutionforGraphRepresentationPage -->
  <system-out/>
  <testcase classname="dsAlgoTests.GraphTest" name="verifyCodeExecutionforGraphRepresentationPage" time="0.000">
    <skipped/>
  </testcase> <!-- verifyCodeExecutionforGraphRepresentationPage -->
  <system-out/>
  <testcase classname="dsAlgoTests.GraphTest" name="verifyCodeExecutionforGraphRepresentationPage" time="0.000">
    <skipped/>
  </testcase> <!-- verifyCodeExecutionforGraphRepresentationPage -->
  <system-out/>
  <testcase classname="dsAlgoTests.GraphTest" name="verifyCodeExecutionforGraphRepresentationPage" time="0.000">
    <skipped/>
  </testcase> <!-- verifyCodeExecutionforGraphRepresentationPage -->
  <system-out/>
  <testcase classname="dsAlgoTests.GraphTest" name="verifyCodeExecutionforGraphRepresentationPage" time="0.000">
    <skipped/>
  </testcase> <!-- verifyCodeExecutionforGraphRepresentationPage -->
  <system-out/>
  <testcase classname="dsAlgoTests.GraphTest" name="verifyCodeExecutionforGraphPage" time="0.000">
    <skipped/>
  </testcase> <!-- verifyCodeExecutionforGraphPage -->
  <system-out/>
  <testcase classname="dsAlgoTests.GraphTest" name="verifyCodeExecutionforGraphRepresentationPage" time="0.000">
    <skipped/>
  </testcase> <!-- verifyCodeExecutionforGraphRepresentationPage -->
  <system-out/>
  <testcase classname="dsAlgoTests.GraphTest" name="verifyCodeExecutionforGraphRepresentationPage" time="0.000">
    <skipped/>
  </testcase> <!-- verifyCodeExecutionforGraphRepresentationPage -->
  <system-out/>
  <testcase classname="dsAlgoTests.GraphTest" name="verifyCodeExecutionforGraphRepresentationPage" time="0.000">
    <skipped/>
  </testcase> <!-- verifyCodeExecutionforGraphRepresentationPage -->
  <system-out/>
  <testcase classname="dsAlgoTests.GraphTest" name="verifyCodeExecutionforGraphRepresentationPage" time="0.000">
    <skipped/>
  </testcase> <!-- verifyCodeExecutionforGraphRepresentationPage -->
  <system-out/>
  <testcase classname="dsAlgoTests.GraphTest" name="verifyCodeExecutionforGraphPage" time="0.000">
    <skipped/>
  </testcase> <!-- verifyCodeExecutionforGraphPage -->
  <system-out/>
  <testcase classname="dsAlgoTests.GraphTest" name="verifyCodeExecutionforGraphRepresentationPage" time="0.000">
    <skipped/>
  </testcase> <!-- verifyCodeExecutionforGraphRepresentationPage -->
  <system-out/>
  <testcase classname="dsAlgoTests.GraphTest" name="verifyCodeExecutionforGraphPage" time="0.000">
    <skipped/>
  </testcase> <!-- verifyCodeExecutionforGraphPage -->
  <system-out/>
  <testcase classname="dsAlgoTests.GraphTest" name="verifyCodeExecutionforGraphPage" time="0.000">
    <skipped/>
  </testcase> <!-- verifyCodeExecutionforGraphPage -->
  <system-out/>
  <testcase classname="dsAlgoTests.GraphTest" name="verifyCodeExecutionforGraphPage" time="0.000">
    <skipped/>
  </testcase> <!-- verifyCodeExecutionforGraphPage -->
  <system-out/>
  <testcase classname="dsAlgoTests.GraphTest" name="verifyCodeExecutionforGraphRepresentationPage" time="0.000">
    <skipped/>
  </testcase> <!-- verifyCodeExecutionforGraphRepresentationPage -->
  <system-out/>
  <testcase classname="dsAlgoTests.GraphTest" name="verifyCodeExecutionforGraphPage" time="0.000">
    <skipped/>
  </testcase> <!-- verifyCodeExecutionforGraphPage -->
  <system-out/>
  <testcase classname="dsAlgoTests.GraphTest" name="verifyCodeExecutionforGraphPage" time="0.000">
    <skipped/>
  </testcase> <!-- verifyCodeExecutionforGraphPage -->
  <system-out/>
  <testcase classname="dsAlgoTests.GraphTest" name="verifyCodeExecutionforGraphRepresentationPage" time="0.000">
    <skipped/>
  </testcase> <!-- verifyCodeExecutionforGraphRepresentationPage -->
  <system-out/>
  <testcase classname="dsAlgoTests.GraphTest" name="verifyCodeExecutionforGraphPage" time="0.000">
    <skipped/>
  </testcase> <!-- verifyCodeExecutionforGraphPage -->
  <system-out/>
  <testcase classname="dsAlgoTests.GraphTest" name="verifyCodeExecutionforGraphPage" time="0.000">
    <skipped/>
  </testcase> <!-- verifyCodeExecutionforGraphPage -->
  <system-out/>
  <testcase classname="dsAlgoTests.GraphTest" name="verifyCodeExecutionforGraphRepresentationPage" time="0.000">
    <skipped/>
  </testcase> <!-- verifyCodeExecutionforGraphRepresentationPage -->
  <system-out/>
  <testcase classname="dsAlgoTests.GraphTest" name="verifyCodeExecutionforGraphPage" time="0.000">
    <skipped/>
  </testcase> <!-- verifyCodeExecutionforGraphPage -->
  <system-out/>
  <testcase classname="dsAlgoTests.GraphTest" name="verifyCodeExecutionforGraphRepresentationPage" time="0.000">
    <skipped/>
  </testcase> <!-- verifyCodeExecutionforGraphRepresentationPage -->
  <system-out/>
  <testcase classname="dsAlgoTests.GraphTest" name="verifyCodeExecutionforGraphPage" time="0.000">
    <skipped/>
  </testcase> <!-- verifyCodeExecutionforGraphPage -->
  <system-out/>
  <testcase classname="dsAlgoTests.GraphTest" name="verifyCodeExecutionforGraphPage" time="0.000">
    <skipped/>
  </testcase> <!-- verifyCodeExecutionforGraphPage -->
  <system-out/>
  <testcase classname="dsAlgoTests.GraphTest" name="verifyCodeExecutionforGraphRepresentationPage" time="0.000">
    <skipped/>
  </testcase> <!-- verifyCodeExecutionforGraphRepresentationPage -->
  <system-out/>
  <testcase classname="dsAlgoTests.GraphTest" name="verifyCodeExecutionforGraphRepresentationPage" time="0.000">
    <skipped/>
  </testcase> <!-- verifyCodeExecutionforGraphRepresentationPage -->
  <system-out/>
  <testcase classname="dsAlgoTests.GraphTest" name="verifyCodeExecutionforGraphPage" time="0.000">
    <skipped/>
  </testcase> <!-- verifyCodeExecutionforGraphPage -->
  <system-out/>
  <testcase classname="dsAlgoTests.GraphTest" name="verifyCodeExecutionforGraphPage" time="0.000">
    <skipped/>
  </testcase> <!-- verifyCodeExecutionforGraphPage -->
  <system-out/>
  <testcase classname="dsAlgoTests.GraphTest" name="verifyCodeExecutionforGraphPage" time="0.000">
    <skipped/>
  </testcase> <!-- verifyCodeExecutionforGraphPage -->
  <system-out/>
  <testcase classname="dsAlgoTests.GraphTest" name="verifyCodeExecutionforGraphPage" time="0.000">
    <skipped/>
  </testcase> <!-- verifyCodeExecutionforGraphPage -->
  <system-out/>
  <testcase classname="dsAlgoTests.GraphTest" name="verifyCodeExecutionforGraphPage" time="0.000">
    <skipped/>
  </testcase> <!-- verifyCodeExecutionforGraphPage -->
  <system-out/>
  <testcase classname="dsAlgoTests.GraphTest" name="verifyCodeExecutionforGraphRepresentationPage" time="0.000">
    <skipped/>
  </testcase> <!-- verifyCodeExecutionforGraphRepresentationPage -->
  <system-out/>
  <testcase classname="dsAlgoTests.GraphTest" name="verifyCodeExecutionforGraphRepresentationPage" time="0.000">
    <skipped/>
  </testcase> <!-- verifyCodeExecutionforGraphRepresentationPage -->
  <system-out/>
  <testcase classname="dsAlgoTests.GraphTest" name="verifyCodeExecutionforGraphPage" time="0.000">
    <skipped/>
  </testcase> <!-- verifyCodeExecutionforGraphPage -->
  <system-out/>
  <testcase classname="dsAlgoTests.GraphTest" name="verifyCodeExecutionforGraphPage" time="0.000">
    <skipped/>
  </testcase> <!-- verifyCodeExecutionforGraphPage -->
  <system-out/>
  <testcase classname="dsAlgoTests.GraphTest" name="verifyCodeExecutionforGraphRepresentationPage" time="0.000">
    <skipped/>
  </testcase> <!-- verifyCodeExecutionforGraphRepresentationPage -->
  <system-out/>
  <testcase classname="dsAlgoTests.GraphTest" name="verifyCodeExecutionforGraphRepresentationPage" time="0.000">
    <skipped/>
  </testcase> <!-- verifyCodeExecutionforGraphRepresentationPage -->
  <system-out/>
  <testcase classname="dsAlgoTests.GraphTest" name="verifyCodeExecutionforGraphRepresentationPage" time="0.000">
    <skipped/>
  </testcase> <!-- verifyCodeExecutionforGraphRepresentationPage -->
  <system-out/>
  <testcase classname="dsAlgoTests.GraphTest" name="verifyCodeExecutionforGraphPage" time="0.000">
    <skipped/>
  </testcase> <!-- verifyCodeExecutionforGraphPage -->
  <system-out/>
  <testcase classname="dsAlgoTests.GraphTest" name="verifyCodeExecutionforGraphPage" time="0.000">
    <skipped/>
  </testcase> <!-- verifyCodeExecutionforGraphPage -->
  <system-out/>
  <testcase classname="dsAlgoTests.GraphTest" name="verifyCodeExecutionforGraphRepresentationPage" time="0.000">
    <skipped/>
  </testcase> <!-- verifyCodeExecutionforGraphRepresentationPage -->
  <system-out/>
  <testcase classname="dsAlgoTests.GraphTest" name="verifyCodeExecutionforGraphRepresentationPage" time="0.000">
    <skipped/>
  </testcase> <!-- verifyCodeExecutionforGraphRepresentationPage -->
  <system-out/>
  <testcase classname="dsAlgoTests.GraphTest" name="verifyCodeExecutionforGraphPage" time="0.000">
    <skipped/>
  </testcase> <!-- verifyCodeExecutionforGraphPage -->
  <system-out/>
  <testcase classname="dsAlgoTests.GraphTest" name="verifyCodeExecutionforGraphPage" time="0.000">
    <skipped/>
  </testcase> <!-- verifyCodeExecutionforGraphPage -->
  <system-out/>
  <testcase classname="dsAlgoTests.GraphTest" name="verifyCodeExecutionforGraphRepresentationPage" time="0.000">
    <skipped/>
  </testcase> <!-- verifyCodeExecutionforGraphRepresentationPage -->
  <system-out/>
  <testcase classname="dsAlgoTests.GraphTest" name="verifyCodeExecutionforGraphPage" time="0.000">
    <skipped/>
  </testcase> <!-- verifyCodeExecutionforGraphPage -->
  <system-out/>
  <testcase classname="dsAlgoTests.GraphTest" name="verifyCodeExecutionforGraphRepresentationPage" time="0.000">
    <skipped/>
  </testcase> <!-- verifyCodeExecutionforGraphRepresentationPage -->
  <system-out/>
  <testcase classname="dsAlgoTests.GraphTest" name="verifyCodeExecutionforGraphPage" time="0.000">
    <skipped/>
  </testcase> <!-- verifyCodeExecutionforGraphPage -->
  <system-out/>
  <testcase classname="dsAlgoTests.GraphTest" name="verifyCodeExecutionforGraphRepresentationPage" time="0.000">
    <skipped/>
  </testcase> <!-- verifyCodeExecutionforGraphRepresentationPage -->
  <system-out/>
  <testcase classname="dsAlgoTests.GraphTest" name="verifyCodeExecutionforGraphPage" time="0.000">
    <skipped/>
  </testcase> <!-- verifyCodeExecutionforGraphPage -->
  <system-out/>
  <testcase classname="dsAlgoTests.GraphTest" name="verifyCodeExecutionforGraphRepresentationPage" time="0.000">
    <skipped/>
  </testcase> <!-- verifyCodeExecutionforGraphRepresentationPage -->
  <system-out/>
  <testcase classname="dsAlgoTests.GraphTest" name="verifyCodeExecutionforGraphPage" time="0.000">
    <skipped/>
  </testcase> <!-- verifyCodeExecutionforGraphPage -->
  <system-out/>
  <testcase classname="dsAlgoTests.GraphTest" name="verifyCodeExecutionforGraphPage" time="0.000">
    <skipped/>
  </testcase> <!-- verifyCodeExecutionforGraphPage -->
  <system-out/>
  <testcase classname="dsAlgoTests.GraphTest" name="verifyCodeExecutionforGraphRepresentationPage" time="0.000">
    <skipped/>
  </testcase> <!-- verifyCodeExecutionforGraphRepresentationPage -->
  <system-out/>
  <testcase classname="dsAlgoTests.GraphTest" name="verifyCodeExecutionforGraphPage" time="0.000">
    <skipped/>
  </testcase> <!-- verifyCodeExecutionforGraphPage -->
  <system-out/>
  <testcase classname="dsAlgoTests.GraphTest" name="verifyCodeExecutionforGraphRepresentationPage" time="0.000">
    <skipped/>
  </testcase> <!-- verifyCodeExecutionforGraphRepresentationPage -->
  <system-out/>
  <testcase classname="dsAlgoTests.GraphTest" name="verifyCodeExecutionforGraphPage" time="0.000">
    <skipped/>
  </testcase> <!-- verifyCodeExecutionforGraphPage -->
  <system-out/>
  <testcase classname="dsAlgoTests.GraphTest" name="verifyCodeExecutionforGraphPage" time="0.000">
    <skipped/>
  </testcase> <!-- verifyCodeExecutionforGraphPage -->
  <system-out/>
  <testcase classname="dsAlgoTests.GraphTest" name="verifyCodeExecutionforGraphPage" time="0.000">
    <skipped/>
  </testcase> <!-- verifyCodeExecutionforGraphPage -->
  <system-out/>
  <testcase classname="dsAlgoTests.GraphTest" name="verifyCodeExecutionforGraphRepresentationPage" time="0.000">
    <skipped/>
  </testcase> <!-- verifyCodeExecutionforGraphRepresentationPage -->
  <system-out/>
  <testcase classname="dsAlgoTests.GraphTest" name="verifyCodeExecutionforGraphRepresentationPage" time="0.000">
    <skipped/>
  </testcase> <!-- verifyCodeExecutionforGraphRepresentationPage -->
  <system-out/>
  <testcase classname="dsAlgoTests.GraphTest" name="verifyCodeExecutionforGraphRepresentationPage" time="0.000">
    <skipped/>
  </testcase> <!-- verifyCodeExecutionforGraphRepresentationPage -->
  <system-out/>
  <testcase classname="dsAlgoTests.GraphTest" name="verifyCodeExecutionforGraphRepresentationPage" time="0.000">
    <skipped/>
  </testcase> <!-- verifyCodeExecutionforGraphRepresentationPage -->
  <system-out/>
  <testcase classname="dsAlgoTests.GraphTest" name="verifyCodeExecutionforGraphRepresentationPage" time="0.000">
    <skipped/>
  </testcase> <!-- verifyCodeExecutionforGraphRepresentationPage -->
  <system-out/>
  <testcase classname="dsAlgoTests.GraphTest" name="verifyCodeExecutionforGraphPage" time="0.000">
    <skipped/>
  </testcase> <!-- verifyCodeExecutionforGraphPage -->
  <system-out/>
  <testcase classname="dsAlgoTests.GraphTest" name="verifyCodeExecutionforGraphPage" time="0.000">
    <skipped/>
  </testcase> <!-- verifyCodeExecutionforGraphPage -->
  <system-out/>
  <testcase classname="dsAlgoTests.GraphTest" name="verifyCodeExecutionforGraphPage" time="0.000">
    <skipped/>
  </testcase> <!-- verifyCodeExecutionforGraphPage -->
  <system-out/>
  <testcase classname="dsAlgoTests.GraphTest" name="verifyCodeExecutionforGraphRepresentationPage" time="0.000">
    <skipped/>
  </testcase> <!-- verifyCodeExecutionforGraphRepresentationPage -->
  <system-out/>
  <testcase classname="dsAlgoTests.GraphTest" name="verifyCodeExecutionforGraphRepresentationPage" time="0.000">
    <skipped/>
  </testcase> <!-- verifyCodeExecutionforGraphRepresentationPage -->
  <system-out/>
  <testcase classname="dsAlgoTests.GraphTest" name="verifyCodeExecutionforGraphRepresentationPage" time="0.000">
    <skipped/>
  </testcase> <!-- verifyCodeExecutionforGraphRepresentationPage -->
  <system-out/>
  <testcase classname="dsAlgoTests.GraphTest" name="verifyCodeExecutionforGraphRepresentationPage" time="0.000">
    <skipped/>
  </testcase> <!-- verifyCodeExecutionforGraphRepresentationPage -->
  <system-out/>
  <testcase classname="dsAlgoTests.GraphTest" name="verifyCodeExecutionforGraphPage" time="0.000">
    <skipped/>
  </testcase> <!-- verifyCodeExecutionforGraphPage -->
  <system-out/>
  <testcase classname="dsAlgoTests.GraphTest" name="verifyCodeExecutionforGraphPage" time="0.000">
    <skipped/>
  </testcase> <!-- verifyCodeExecutionforGraphPage -->
  <system-out/>
  <testcase classname="dsAlgoTests.GraphTest" name="verifyCodeExecutionforGraphRepresentationPage" time="0.000">
    <skipped/>
  </testcase> <!-- verifyCodeExecutionforGraphRepresentationPage -->
  <system-out/>
  <testcase classname="dsAlgoTests.GraphTest" name="verifyCodeExecutionforGraphRepresentationPage" time="0.000">
    <skipped/>
  </testcase> <!-- verifyCodeExecutionforGraphRepresentationPage -->
  <system-out/>
  <testcase classname="dsAlgoTests.GraphTest" name="verifyCodeExecutionforGraphPage" time="0.000">
    <skipped/>
  </testcase> <!-- verifyCodeExecutionforGraphPage -->
  <system-out/>
  <testcase classname="dsAlgoTests.GraphTest" name="verifyCodeExecutionforGraphPage" time="0.000">
    <skipped/>
  </testcase> <!-- verifyCodeExecutionforGraphPage -->
  <system-out/>
  <testcase classname="dsAlgoTests.GraphTest" name="verifyCodeExecutionforGraphRepresentationPage" time="0.000">
    <skipped/>
  </testcase> <!-- verifyCodeExecutionforGraphRepresentationPage -->
  <system-out/>
  <testcase classname="dsAlgoTests.GraphTest" name="verifyCodeExecutionforGraphRepresentationPage" time="0.000">
    <skipped/>
  </testcase> <!-- verifyCodeExecutionforGraphRepresentationPage -->
  <system-out/>
  <testcase classname="dsAlgoTests.GraphTest" name="verifyCodeExecutionforGraphPage" time="0.000">
    <skipped/>
  </testcase> <!-- verifyCodeExecutionforGraphPage -->
  <system-out/>
  <testcase classname="dsAlgoTests.GraphTest" name="verifyCodeExecutionforGraphPage" time="0.000">
    <skipped/>
  </testcase> <!-- verifyCodeExecutionforGraphPage -->
  <system-out/>
  <testcase classname="dsAlgoTests.GraphTest" name="verifyCodeExecutionforGraphRepresentationPage" time="0.000">
    <skipped/>
  </testcase> <!-- verifyCodeExecutionforGraphRepresentationPage -->
  <system-out/>
  <testcase classname="dsAlgoTests.GraphTest" name="verifyCodeExecutionforGraphRepresentationPage" time="0.000">
    <skipped/>
  </testcase> <!-- verifyCodeExecutionforGraphRepresentationPage -->
  <system-out/>
  <testcase classname="dsAlgoTests.GraphTest" name="verifyCodeExecutionforGraphRepresentationPage" time="0.000">
    <skipped/>
  </testcase> <!-- verifyCodeExecutionforGraphRepresentationPage -->
  <system-out/>
  <testcase classname="dsAlgoTests.GraphTest" name="verifyCodeExecutionforGraphRepresentationPage" time="0.000">
    <skipped/>
  </testcase> <!-- verifyCodeExecutionforGraphRepresentationPage -->
  <system-out/>
  <testcase classname="dsAlgoTests.GraphTest" name="verifyCodeExecutionforGraphPage" time="0.000">
    <skipped/>
  </testcase> <!-- verifyCodeExecutionforGraphPage -->
  <system-out/>
  <testcase classname="dsAlgoTests.GraphTest" name="verifyCodeExecutionforGraphPage" time="0.000">
    <skipped/>
  </testcase> <!-- verifyCodeExecutionforGraphPage -->
  <system-out/>
  <testcase classname="dsAlgoTests.GraphTest" name="verifyCodeExecutionforGraphRepresentationPage" time="0.000">
    <skipped/>
  </testcase> <!-- verifyCodeExecutionforGraphRepresentationPage -->
  <system-out/>
  <testcase classname="dsAlgoTests.GraphTest" name="verifyCodeExecutionforGraphPage" time="0.000">
    <skipped/>
  </testcase> <!-- verifyCodeExecutionforGraphPage -->
  <system-out/>
  <testcase classname="dsAlgoTests.GraphTest" name="verifyCodeExecutionforGraphRepresentationPage" time="0.000">
    <skipped/>
  </testcase> <!-- verifyCodeExecutionforGraphRepresentationPage -->
  <system-out/>
  <testcase classname="dsAlgoTests.GraphTest" name="verifyCodeExecutionforGraphPage" time="0.000">
    <skipped/>
  </testcase> <!-- verifyCodeExecutionforGraphPage -->
  <system-out/>
  <testcase classname="dsAlgoTests.GraphTest" name="verifyCodeExecutionforGraphRepresentationPage" time="0.000">
    <skipped/>
  </testcase> <!-- verifyCodeExecutionforGraphRepresentationPage -->
  <system-out/>
  <testcase classname="dsAlgoTests.GraphTest" name="verifyCodeExecutionforGraphRepresentationPage" time="0.000">
    <skipped/>
  </testcase> <!-- verifyCodeExecutionforGraphRepresentationPage -->
  <system-out/>
  <testcase classname="dsAlgoTests.GraphTest" name="verifyCodeExecutionforGraphRepresentationPage" time="0.000">
    <skipped/>
  </testcase> <!-- verifyCodeExecutionforGraphRepresentationPage -->
  <system-out/>
  <testcase classname="dsAlgoTests.GraphTest" name="verifyCodeExecutionforGraphPage" time="0.000">
    <skipped/>
  </testcase> <!-- verifyCodeExecutionforGraphPage -->
  <system-out/>
  <testcase classname="dsAlgoTests.GraphTest" name="verifyCodeExecutionforGraphPage" time="0.000">
    <skipped/>
  </testcase> <!-- verifyCodeExecutionforGraphPage -->
  <system-out/>
  <testcase classname="dsAlgoTests.GraphTest" name="verifyCodeExecutionforGraphPage" time="0.000">
    <skipped/>
  </testcase> <!-- verifyCodeExecutionforGraphPage -->
  <system-out/>
  <testcase classname="dsAlgoTests.GraphTest" name="verifyCodeExecutionforGraphPage" time="0.000">
    <skipped/>
  </testcase> <!-- verifyCodeExecutionforGraphPage -->
  <system-out/>
  <testcase classname="dsAlgoTests.GraphTest" name="verifyCodeExecutionforGraphRepresentationPage" time="0.000">
    <skipped/>
  </testcase> <!-- verifyCodeExecutionforGraphRepresentationPage -->
  <system-out/>
  <testcase classname="dsAlgoTests.GraphTest" name="verifyCodeExecutionforGraphPage" time="0.000">
    <skipped/>
  </testcase> <!-- verifyCodeExecutionforGraphPage -->
  <system-out/>
  <testcase classname="dsAlgoTests.GraphTest" name="verifyCodeExecutionforGraphPage" time="0.000">
    <skipped/>
  </testcase> <!-- verifyCodeExecutionforGraphPage -->
  <system-out/>
  <testcase classname="dsAlgoTests.GraphTest" name="verifyCodeExecutionforGraphRepresentationPage" time="0.000">
    <skipped/>
  </testcase> <!-- verifyCodeExecutionforGraphRepresentationPage -->
  <system-out/>
  <testcase classname="dsAlgoTests.GraphTest" name="verifyCodeExecutionforGraphRepresentationPage" time="0.000">
    <skipped/>
  </testcase> <!-- verifyCodeExecutionforGraphRepresentationPage -->
  <system-out/>
  <testcase classname="dsAlgoTests.GraphTest" name="verifyCodeExecutionforGraphPage" time="0.000">
    <skipped/>
  </testcase> <!-- verifyCodeExecutionforGraphPage -->
  <system-out/>
  <testcase classname="dsAlgoTests.GraphTest" name="verifyCodeExecutionforGraphRepresentationPage" time="0.000">
    <skipped/>
  </testcase> <!-- verifyCodeExecutionforGraphRepresentationPage -->
  <system-out/>
  <testcase classname="dsAlgoTests.GraphTest" name="verifyCodeExecutionforGraphRepresentationPage" time="0.000">
    <skipped/>
  </testcase> <!-- verifyCodeExecutionforGraphRepresentationPage -->
  <system-out/>
  <testcase classname="dsAlgoTests.GraphTest" name="verifyCodeExecutionforGraphRepresentationPage" time="0.000">
    <skipped/>
  </testcase> <!-- verifyCodeExecutionforGraphRepresentationPage -->
  <system-out/>
  <testcase classname="dsAlgoTests.GraphTest" name="verifyCodeExecutionforGraphRepresentationPage" time="0.000">
    <skipped/>
  </testcase> <!-- verifyCodeExecutionforGraphRepresentationPage -->
  <system-out/>
  <testcase classname="dsAlgoTests.GraphTest" name="verifyCodeExecutionforGraphPage" time="0.000">
    <skipped/>
  </testcase> <!-- verifyCodeExecutionforGraphPage -->
  <system-out/>
  <testcase classname="dsAlgoTests.GraphTest" name="verifyCodeExecutionforGraphPage" time="0.000">
    <skipped/>
  </testcase> <!-- verifyCodeExecutionforGraphPage -->
  <system-out/>
  <testcase classname="dsAlgoTests.GraphTest" name="verifyCodeExecutionforGraphPage" time="0.000">
    <skipped/>
  </testcase> <!-- verifyCodeExecutionforGraphPage -->
  <system-out/>
  <testcase classname="dsAlgoTests.GraphTest" name="verifyCodeExecutionforGraphPage" time="0.000">
    <skipped/>
  </testcase> <!-- verifyCodeExecutionforGraphPage -->
  <system-out/>
  <testcase classname="dsAlgoTests.GraphTest" name="verifyCodeExecutionforGraphPage" time="0.000">
    <skipped/>
  </testcase> <!-- verifyCodeExecutionforGraphPage -->
  <system-out/>
  <testcase classname="dsAlgoTests.GraphTest" name="verifyCodeExecutionforGraphPage" time="0.000">
    <skipped/>
  </testcase> <!-- verifyCodeExecutionforGraphPage -->
  <system-out/>
  <testcase classname="dsAlgoTests.GraphTest" name="verifyCodeExecutionforGraphPage" time="0.000">
    <skipped/>
  </testcase> <!-- verifyCodeExecutionforGraphPage -->
  <system-out/>
  <testcase classname="dsAlgoTests.GraphTest" name="verifyCodeExecutionforGraphPage" time="0.000">
    <skipped/>
  </testcase> <!-- verifyCodeExecutionforGraphPage -->
  <system-out/>
  <testcase classname="dsAlgoTests.GraphTest" name="verifyCodeExecutionforGraphRepresentationPage" time="0.000">
    <skipped/>
  </testcase> <!-- verifyCodeExecutionforGraphRepresentationPage -->
  <system-out/>
  <testcase classname="dsAlgoTests.GraphTest" name="verifyCodeExecutionforGraphRepresentationPage" time="0.000">
    <skipped/>
  </testcase> <!-- verifyCodeExecutionforGraphRepresentationPage -->
  <system-out/>
  <testcase classname="dsAlgoTests.GraphTest" name="verifyCodeExecutionforGraphPage" time="0.000">
    <skipped/>
  </testcase> <!-- verifyCodeExecutionforGraphPage -->
  <system-out/>
  <testcase classname="dsAlgoTests.GraphTest" name="verifyCodeExecutionforGraphRepresentationPage" time="0.000">
    <skipped/>
  </testcase> <!-- verifyCodeExecutionforGraphRepresentationPage -->
  <system-out/>
  <testcase classname="dsAlgoTests.GraphTest" name="verifyCodeExecutionforGraphRepresentationPage" time="0.000">
    <skipped/>
  </testcase> <!-- verifyCodeExecutionforGraphRepresentationPage -->
  <system-out/>
  <testcase classname="dsAlgoTests.GraphTest" name="verifyCodeExecutionforGraphPage" time="0.000">
    <skipped/>
  </testcase> <!-- verifyCodeExecutionforGraphPage -->
  <system-out/>
  <testcase classname="dsAlgoTests.GraphTest" name="verifyCodeExecutionforGraphPage" time="0.000">
    <skipped/>
  </testcase> <!-- verifyCodeExecutionforGraphPage -->
  <system-out/>
  <testcase classname="dsAlgoTests.GraphTest" name="verifyCodeExecutionforGraphRepresentationPage" time="0.000">
    <skipped/>
  </testcase> <!-- verifyCodeExecutionforGraphRepresentationPage -->
  <system-out/>
  <testcase classname="dsAlgoTests.GraphTest" name="verifyCodeExecutionforGraphPage" time="0.000">
    <skipped/>
  </testcase> <!-- verifyCodeExecutionforGraphPage -->
  <system-out/>
  <testcase classname="dsAlgoTests.GraphTest" name="verifyCodeExecutionforGraphRepresentationPage" time="0.000">
    <skipped/>
  </testcase> <!-- verifyCodeExecutionforGraphRepresentationPage -->
  <system-out/>
  <testcase classname="dsAlgoTests.GraphTest" name="verifyCodeExecutionforGraphPage" time="0.000">
    <skipped/>
  </testcase> <!-- verifyCodeExecutionforGraphPage -->
  <system-out/>
  <testcase classname="dsAlgoTests.GraphTest" name="verifyCodeExecutionforGraphRepresentationPage" time="0.000">
    <skipped/>
  </testcase> <!-- verifyCodeExecutionforGraphRepresentationPage -->
  <system-out/>
  <testcase classname="dsAlgoTests.GraphTest" name="verifyCodeExecutionforGraphPage" time="0.000">
    <skipped/>
  </testcase> <!-- verifyCodeExecutionforGraphPage -->
  <system-out/>
  <testcase classname="dsAlgoTests.GraphTest" name="verifyCodeExecutionforGraphPage" time="0.000">
    <skipped/>
  </testcase> <!-- verifyCodeExecutionforGraphPage -->
  <system-out/>
  <testcase classname="dsAlgoTests.GraphTest" name="verifyCodeExecutionforGraphRepresentationPage" time="0.000">
    <skipped/>
  </testcase> <!-- verifyCodeExecutionforGraphRepresentationPage -->
  <system-out/>
  <testcase classname="dsAlgoTests.GraphTest" name="verifyCodeExecutionforGraphPage" time="0.000">
    <skipped/>
  </testcase> <!-- verifyCodeExecutionforGraphPage -->
  <system-out/>
  <testcase classname="dsAlgoTests.GraphTest" name="verifyCodeExecutionforGraphPage" time="0.000">
    <skipped/>
  </testcase> <!-- verifyCodeExecutionforGraphPage -->
  <system-out/>
  <testcase classname="dsAlgoTests.GraphTest" name="verifyCodeExecutionforGraphPage" time="0.000">
    <skipped/>
  </testcase> <!-- verifyCodeExecutionforGraphPage -->
  <system-out/>
  <testcase classname="dsAlgoTests.GraphTest" name="verifyCodeExecutionforGraphRepresentationPage" time="0.000">
    <skipped/>
  </testcase> <!-- verifyCodeExecutionforGraphRepresentationPage -->
  <system-out/>
  <testcase classname="dsAlgoTests.GraphTest" name="verifyCodeExecutionforGraphRepresentationPage" time="0.000">
    <skipped/>
  </testcase> <!-- verifyCodeExecutionforGraphRepresentationPage -->
  <system-out/>
  <testcase classname="dsAlgoTests.GraphTest" name="verifyCodeExecutionforGraphPage" time="0.000">
    <skipped/>
  </testcase> <!-- verifyCodeExecutionforGraphPage -->
  <system-out/>
  <testcase classname="dsAlgoTests.GraphTest" name="verifyCodeExecutionforGraphRepresentationPage" time="0.000">
    <skipped/>
  </testcase> <!-- verifyCodeExecutionforGraphRepresentationPage -->
  <system-out/>
  <testcase classname="dsAlgoTests.GraphTest" name="verifyCodeExecutionforGraphPage" time="0.000">
    <skipped/>
  </testcase> <!-- verifyCodeExecutionforGraphPage -->
  <system-out/>
  <testcase classname="dsAlgoTests.GraphTest" name="verifyCodeExecutionforGraphRepresentationPage" time="0.000">
    <skipped/>
  </testcase> <!-- verifyCodeExecutionforGraphRepresentationPage -->
  <system-out/>
  <testcase classname="dsAlgoTests.GraphTest" name="verifyCodeExecutionforGraphRepresentationPage" time="0.000">
    <skipped/>
  </testcase> <!-- verifyCodeExecutionforGraphRepresentationPage -->
  <system-out/>
  <testcase classname="dsAlgoTests.GraphTest" name="verifyCodeExecutionforGraphPage" time="0.000">
    <skipped/>
  </testcase> <!-- verifyCodeExecutionforGraphPage -->
  <system-out/>
  <testcase classname="dsAlgoTests.GraphTest" name="verifyCodeExecutionforGraphPage" time="0.000">
    <skipped/>
  </testcase> <!-- verifyCodeExecutionforGraphPage -->
  <system-out/>
  <testcase classname="dsAlgoTests.GraphTest" name="verifyCodeExecutionforGraphRepresentationPage" time="0.000">
    <skipped/>
  </testcase> <!-- verifyCodeExecutionforGraphRepresentationPage -->
  <system-out/>
  <testcase classname="dsAlgoTests.GraphTest" name="verifyCodeExecutionforGraphPage" time="0.000">
    <skipped/>
  </testcase> <!-- verifyCodeExecutionforGraphPage -->
  <system-out/>
  <testcase classname="dsAlgoTests.GraphTest" name="verifyCodeExecutionforGraphRepresentationPage" time="0.000">
    <skipped/>
  </testcase> <!-- verifyCodeExecutionforGraphRepresentationPage -->
  <system-out/>
  <testcase classname="dsAlgoTests.GraphTest" name="verifyCodeExecutionforGraphPage" time="0.000">
    <skipped/>
  </testcase> <!-- verifyCodeExecutionforGraphPage -->
  <system-out/>
  <testcase classname="dsAlgoTests.GraphTest" name="verifyCodeExecutionforGraphRepresentationPage" time="0.000">
    <skipped/>
  </testcase> <!-- verifyCodeExecutionforGraphRepresentationPage -->
  <system-out/>
  <testcase classname="dsAlgoTests.GraphTest" name="verifyCodeExecutionforGraphPage" time="0.000">
    <skipped/>
  </testcase> <!-- verifyCodeExecutionforGraphPage -->
  <system-out/>
  <testcase classname="dsAlgoTests.GraphTest" name="verifyCodeExecutionforGraphPage" time="0.000">
    <skipped/>
  </testcase> <!-- verifyCodeExecutionforGraphPage -->
  <system-out/>
  <testcase classname="dsAlgoTests.GraphTest" name="verifyCodeExecutionforGraphPage" time="0.000">
    <skipped/>
  </testcase> <!-- verifyCodeExecutionforGraphPage -->
  <system-out/>
  <testcase classname="dsAlgoTests.GraphTest" name="verifyCodeExecutionforGraphRepresentationPage" time="0.000">
    <skipped/>
  </testcase> <!-- verifyCodeExecutionforGraphRepresentationPage -->
  <system-out/>
  <testcase classname="dsAlgoTests.GraphTest" name="verifyCodeExecutionforGraphPage" time="0.000">
    <skipped/>
  </testcase> <!-- verifyCodeExecutionforGraphPage -->
  <system-out/>
  <testcase classname="dsAlgoTests.GraphTest" name="verifyCodeExecutionforGraphPage" time="0.000">
    <skipped/>
  </testcase> <!-- verifyCodeExecutionforGraphPage -->
  <system-out/>
  <testcase classname="dsAlgoTests.GraphTest" name="verifyCodeExecutionforGraphPage" time="0.000">
    <skipped/>
  </testcase> <!-- verifyCodeExecutionforGraphPage -->
  <system-out/>
  <testcase classname="dsAlgoTests.GraphTest" name="verifyCodeExecutionforGraphRepresentationPage" time="0.000">
    <skipped/>
  </testcase> <!-- verifyCodeExecutionforGraphRepresentationPage -->
  <system-out/>
  <testcase classname="dsAlgoTests.GraphTest" name="verifyCodeExecutionforGraphPage" time="0.000">
    <skipped/>
  </testcase> <!-- verifyCodeExecutionforGraphPage -->
  <system-out/>
  <testcase classname="dsAlgoTests.GraphTest" name="verifyCodeExecutionforGraphPage" time="0.000">
    <skipped/>
  </testcase> <!-- verifyCodeExecutionforGraphPage -->
  <system-out/>
  <testcase classname="dsAlgoTests.GraphTest" name="verifyCodeExecutionforGraphRepresentationPage" time="0.000">
    <skipped/>
  </testcase> <!-- verifyCodeExecutionforGraphRepresentationPage -->
  <system-out/>
  <testcase classname="dsAlgoTests.GraphTest" name="verifyCodeExecutionforGraphPage" time="0.000">
    <skipped/>
  </testcase> <!-- verifyCodeExecutionforGraphPage -->
  <system-out/>
  <testcase classname="dsAlgoTests.GraphTest" name="verifyCodeExecutionforGraphPage" time="0.000">
    <skipped/>
  </testcase> <!-- verifyCodeExecutionforGraphPage -->
  <system-out/>
  <testcase classname="dsAlgoTests.GraphTest" name="verifyCodeExecutionforGraphPage" time="0.000">
    <skipped/>
  </testcase> <!-- verifyCodeExecutionforGraphPage -->
  <system-out/>
  <testcase classname="dsAlgoTests.GraphTest" name="verifyCodeExecutionforGraphRepresentationPage" time="0.000">
    <skipped/>
  </testcase> <!-- verifyCodeExecutionforGraphRepresentationPage -->
  <system-out/>
  <testcase classname="dsAlgoTests.GraphTest" name="verifyCodeExecutionforGraphRepresentationPage" time="0.000">
    <skipped/>
  </testcase> <!-- verifyCodeExecutionforGraphRepresentationPage -->
  <system-out/>
  <testcase classname="dsAlgoTests.GraphTest" name="verifyCodeExecutionforGraphPage" time="0.000">
    <skipped/>
  </testcase> <!-- verifyCodeExecutionforGraphPage -->
  <system-out/>
  <testcase classname="dsAlgoTests.GraphTest" name="verifyCodeExecutionforGraphPage" time="0.000">
    <skipped/>
  </testcase> <!-- verifyCodeExecutionforGraphPage -->
  <system-out/>
  <testcase classname="dsAlgoTests.GraphTest" name="verifyCodeExecutionforGraphRepresentationPage" time="0.000">
    <skipped/>
  </testcase> <!-- verifyCodeExecutionforGraphRepresentationPage -->
  <system-out/>
  <testcase classname="dsAlgoTests.GraphTest" name="verifyCodeExecutionforGraphPage" time="0.000">
    <skipped/>
  </testcase> <!-- verifyCodeExecutionforGraphPage -->
  <system-out/>
  <testcase classname="dsAlgoTests.GraphTest" name="verifyCodeExecutionforGraphPage" time="0.000">
    <skipped/>
  </testcase> <!-- verifyCodeExecutionforGraphPage -->
  <system-out/>
  <testcase classname="dsAlgoTests.GraphTest" name="verifyCodeExecutionforGraphRepresentationPage" time="0.000">
    <skipped/>
  </testcase> <!-- verifyCodeExecutionforGraphRepresentationPage -->
  <system-out/>
  <testcase classname="dsAlgoTests.GraphTest" name="verifyCodeExecutionforGraphRepresentationPage" time="0.000">
    <skipped/>
  </testcase> <!-- verifyCodeExecutionforGraphRepresentationPage -->
  <system-out/>
  <testcase classname="dsAlgoTests.GraphTest" name="verifyCodeExecutionforGraphRepresentationPage" time="0.000">
    <skipped/>
  </testcase> <!-- verifyCodeExecutionforGraphRepresentationPage -->
  <system-out/>
  <testcase classname="dsAlgoTests.GraphTest" name="verifyCodeExecutionforGraphPage" time="0.000">
    <skipped/>
  </testcase> <!-- verifyCodeExecutionforGraphPage -->
  <system-out/>
  <testcase classname="dsAlgoTests.GraphTest" name="verifyCodeExecutionforGraphPage" time="0.000">
    <skipped/>
  </testcase> <!-- verifyCodeExecutionforGraphPage -->
  <system-out/>
  <testcase classname="dsAlgoTests.GraphTest" name="verifyCodeExecutionforGraphPage" time="0.000">
    <skipped/>
  </testcase> <!-- verifyCodeExecutionforGraphPage -->
  <system-out/>
  <testcase classname="dsAlgoTests.GraphTest" name="verifyCodeExecutionforGraphPage" time="0.000">
    <skipped/>
  </testcase> <!-- verifyCodeExecutionforGraphPage -->
  <system-out/>
  <testcase classname="dsAlgoTests.GraphTest" name="verifyCodeExecutionforGraphPage" time="0.000">
    <skipped/>
  </testcase> <!-- verifyCodeExecutionforGraphPage -->
  <system-out/>
  <testcase classname="dsAlgoTests.GraphTest" name="verifyCodeExecutionforGraphPage" time="0.000">
    <skipped/>
  </testcase> <!-- verifyCodeExecutionforGraphPage -->
  <system-out/>
  <testcase classname="dsAlgoTests.GraphTest" name="verifyCodeExecutionforGraphRepresentationPage" time="0.000">
    <skipped/>
  </testcase> <!-- verifyCodeExecutionforGraphRepresentationPage -->
  <system-out/>
  <testcase classname="dsAlgoTests.GraphTest" name="verifyCodeExecutionforGraphRepresentationPage" time="0.000">
    <skipped/>
  </testcase> <!-- verifyCodeExecutionforGraphRepresentationPage -->
  <system-out/>
  <testcase classname="dsAlgoTests.GraphTest" name="verifyCodeExecutionforGraphRepresentationPage" time="0.000">
    <skipped/>
  </testcase> <!-- verifyCodeExecutionforGraphRepresentationPage -->
  <system-out/>
  <testcase classname="dsAlgoTests.GraphTest" name="verifyCodeExecutionforGraphPage" time="0.000">
    <skipped/>
  </testcase> <!-- verifyCodeExecutionforGraphPage -->
  <system-out/>
  <testcase classname="dsAlgoTests.GraphTest" name="verifyCodeExecutionforGraphPage" time="0.000">
    <skipped/>
  </testcase> <!-- verifyCodeExecutionforGraphPage -->
  <system-out/>
  <testcase classname="dsAlgoTests.GraphTest" name="verifyCodeExecutionforGraphPage" time="0.000">
    <skipped/>
  </testcase> <!-- verifyCodeExecutionforGraphPage -->
  <system-out/>
  <testcase classname="dsAlgoTests.GraphTest" name="verifyCodeExecutionforGraphRepresentationPage" time="0.000">
    <skipped/>
  </testcase> <!-- verifyCodeExecutionforGraphRepresentationPage -->
  <system-out/>
  <testcase classname="dsAlgoTests.GraphTest" name="verifyCodeExecutionforGraphRepresentationPage" time="0.000">
    <skipped/>
  </testcase> <!-- verifyCodeExecutionforGraphRepresentationPage -->
  <system-out/>
  <testcase classname="dsAlgoTests.GraphTest" name="verifyCodeExecutionforGraphRepresentationPage" time="0.000">
    <skipped/>
  </testcase> <!-- verifyCodeExecutionforGraphRepresentationPage -->
  <system-out/>
  <testcase classname="dsAlgoTests.GraphTest" name="verifyCodeExecutionforGraphPage" time="0.000">
    <skipped/>
  </testcase> <!-- verifyCodeExecutionforGraphPage -->
  <system-out/>
  <testcase classname="dsAlgoTests.GraphTest" name="verifyCodeExecutionforGraphPage" time="0.000">
    <skipped/>
  </testcase> <!-- verifyCodeExecutionforGraphPage -->
  <system-out/>
  <testcase classname="dsAlgoTests.GraphTest" name="verifyCodeExecutionforGraphPage" time="0.000">
    <skipped/>
  </testcase> <!-- verifyCodeExecutionforGraphPage -->
  <system-out/>
  <testcase classname="dsAlgoTests.GraphTest" name="verifyCodeExecutionforGraphPage" time="0.000">
    <skipped/>
  </testcase> <!-- verifyCodeExecutionforGraphPage -->
  <system-out/>
  <testcase classname="dsAlgoTests.GraphTest" name="verifyCodeExecutionforGraphPage" time="0.000">
    <skipped/>
  </testcase> <!-- verifyCodeExecutionforGraphPage -->
  <system-out/>
  <testcase classname="dsAlgoTests.GraphTest" name="verifyCodeExecutionforGraphRepresentationPage" time="0.000">
    <skipped/>
  </testcase> <!-- verifyCodeExecutionforGraphRepresentationPage -->
  <system-out/>
  <testcase classname="dsAlgoTests.GraphTest" name="verifyCodeExecutionforGraphPage" time="0.000">
    <skipped/>
  </testcase> <!-- verifyCodeExecutionforGraphPage -->
  <system-out/>
  <testcase classname="dsAlgoTests.GraphTest" name="verifyCodeExecutionforGraphPage" time="0.000">
    <skipped/>
  </testcase> <!-- verifyCodeExecutionforGraphPage -->
  <system-out/>
  <testcase classname="dsAlgoTests.GraphTest" name="verifyCodeExecutionforGraphRepresentationPage" time="0.000">
    <skipped/>
  </testcase> <!-- verifyCodeExecutionforGraphRepresentationPage -->
  <system-out/>
  <testcase classname="dsAlgoTests.GraphTest" name="verifyCodeExecutionforGraphRepresentationPage" time="0.000">
    <skipped/>
  </testcase> <!-- verifyCodeExecutionforGraphRepresentationPage -->
  <system-out/>
  <testcase classname="dsAlgoTests.GraphTest" name="verifyCodeExecutionforGraphRepresentationPage" time="0.000">
    <skipped/>
  </testcase> <!-- verifyCodeExecutionforGraphRepresentationPage -->
  <system-out/>
  <testcase classname="dsAlgoTests.GraphTest" name="verifyCodeExecutionforGraphRepresentationPage" time="0.000">
    <skipped/>
  </testcase> <!-- verifyCodeExecutionforGraphRepresentationPage -->
  <system-out/>
  <testcase classname="dsAlgoTests.GraphTest" name="verifyCodeExecutionforGraphRepresentationPage" time="0.000">
    <skipped/>
  </testcase> <!-- verifyCodeExecutionforGraphRepresentationPage -->
  <system-out/>
  <testcase classname="dsAlgoTests.GraphTest" name="verifyCodeExecutionforGraphRepresentationPage" time="0.000">
    <skipped/>
  </testcase> <!-- verifyCodeExecutionforGraphRepresentationPage -->
  <system-out/>
  <testcase classname="dsAlgoTests.GraphTest" name="verifyCodeExecutionforGraphPage" time="0.000">
    <skipped/>
  </testcase> <!-- verifyCodeExecutionforGraphPage -->
  <system-out/>
  <testcase classname="dsAlgoTests.GraphTest" name="verifyCodeExecutionforGraphRepresentationPage" time="0.000">
    <skipped/>
  </testcase> <!-- verifyCodeExecutionforGraphRepresentationPage -->
  <system-out/>
  <testcase classname="dsAlgoTests.GraphTest" name="verifyCodeExecutionforGraphPage" time="0.000">
    <skipped/>
  </testcase> <!-- verifyCodeExecutionforGraphPage -->
  <system-out/>
  <testcase classname="dsAlgoTests.GraphTest" name="verifyCodeExecutionforGraphRepresentationPage" time="0.000">
    <skipped/>
  </testcase> <!-- verifyCodeExecutionforGraphRepresentationPage -->
  <system-out/>
  <testcase classname="dsAlgoTests.GraphTest" name="verifyCodeExecutionforGraphRepresentationPage" time="0.000">
    <skipped/>
  </testcase> <!-- verifyCodeExecutionforGraphRepresentationPage -->
  <system-out/>
  <testcase classname="dsAlgoTests.GraphTest" name="verifyCodeExecutionforGraphPage" time="0.000">
    <skipped/>
  </testcase> <!-- verifyCodeExecutionforGraphPage -->
  <system-out/>
  <testcase classname="dsAlgoTests.GraphTest" name="verifyCodeExecutionforGraphRepresentationPage" time="0.000">
    <skipped/>
  </testcase> <!-- verifyCodeExecutionforGraphRepresentationPage -->
  <system-out/>
  <testcase classname="dsAlgoTests.GraphTest" name="verifyCodeExecutionforGraphRepresentationPage" time="0.000">
    <skipped/>
  </testcase> <!-- verifyCodeExecutionforGraphRepresentationPage -->
  <system-out/>
  <testcase classname="dsAlgoTests.GraphTest" name="verifyCodeExecutionforGraphPage" time="0.000">
    <skipped/>
  </testcase> <!-- verifyCodeExecutionforGraphPage -->
  <system-out/>
  <testcase classname="dsAlgoTests.GraphTest" name="verifyCodeExecutionforGraphRepresentationPage" time="0.000">
    <skipped/>
  </testcase> <!-- verifyCodeExecutionforGraphRepresentationPage -->
  <system-out/>
  <testcase classname="dsAlgoTests.GraphTest" name="verifyCodeExecutionforGraphPage" time="0.000">
    <skipped/>
  </testcase> <!-- verifyCodeExecutionforGraphPage -->
  <system-out/>
  <testcase classname="dsAlgoTests.GraphTest" name="verifyCodeExecutionforGraphPage" time="0.000">
    <skipped/>
  </testcase> <!-- verifyCodeExecutionforGraphPage -->
  <system-out/>
  <testcase classname="dsAlgoTests.GraphTest" name="verifyCodeExecutionforGraphRepresentationPage" time="0.000">
    <skipped/>
  </testcase> <!-- verifyCodeExecutionforGraphRepresentationPage -->
  <system-out/>
  <testcase classname="dsAlgoTests.GraphTest" name="verifyCodeExecutionforGraphRepresentationPage" time="0.000">
    <skipped/>
  </testcase> <!-- verifyCodeExecutionforGraphRepresentationPage -->
  <system-out/>
  <testcase classname="dsAlgoTests.GraphTest" name="verifyCodeExecutionforGraphRepresentationPage" time="0.000">
    <skipped/>
  </testcase> <!-- verifyCodeExecutionforGraphRepresentationPage -->
  <system-out/>
  <testcase classname="dsAlgoTests.GraphTest" name="verifyCodeExecutionforGraphRepresentationPage" time="0.000">
    <skipped/>
  </testcase> <!-- verifyCodeExecutionforGraphRepresentationPage -->
  <system-out/>
  <testcase classname="dsAlgoTests.GraphTest" name="verifyCodeExecutionforGraphPage" time="0.000">
    <skipped/>
  </testcase> <!-- verifyCodeExecutionforGraphPage -->
  <system-out/>
  <testcase classname="dsAlgoTests.GraphTest" name="verifyCodeExecutionforGraphPage" time="0.000">
    <skipped/>
  </testcase> <!-- verifyCodeExecutionforGraphPage -->
  <system-out/>
  <testcase classname="dsAlgoTests.GraphTest" name="verifyCodeExecutionforGraphPage" time="0.000">
    <skipped/>
  </testcase> <!-- verifyCodeExecutionforGraphPage -->
  <system-out/>
  <testcase classname="dsAlgoTests.GraphTest" name="verifyCodeExecutionforGraphRepresentationPage" time="0.000">
    <skipped/>
  </testcase> <!-- verifyCodeExecutionforGraphRepresentationPage -->
  <system-out/>
  <testcase classname="dsAlgoTests.GraphTest" name="verifyCodeExecutionforGraphRepresentationPage" time="0.000">
    <skipped/>
  </testcase> <!-- verifyCodeExecutionforGraphRepresentationPage -->
  <system-out/>
  <testcase classname="dsAlgoTests.GraphTest" name="verifyCodeExecutionforGraphRepresentationPage" time="0.000">
    <skipped/>
  </testcase> <!-- verifyCodeExecutionforGraphRepresentationPage -->
  <system-out/>
  <testcase classname="dsAlgoTests.GraphTest" name="verifyCodeExecutionforGraphPage" time="0.000">
    <skipped/>
  </testcase> <!-- verifyCodeExecutionforGraphPage -->
  <system-out/>
  <testcase classname="dsAlgoTests.GraphTest" name="verifyCodeExecutionforGraphRepresentationPage" time="0.000">
    <skipped/>
  </testcase> <!-- verifyCodeExecutionforGraphRepresentationPage -->
  <system-out/>
  <testcase classname="dsAlgoTests.GraphTest" name="verifyCodeExecutionforGraphPage" time="0.000">
    <skipped/>
  </testcase> <!-- verifyCodeExecutionforGraphPage -->
  <system-out/>
  <testcase classname="dsAlgoTests.GraphTest" name="verifyCodeExecutionforGraphRepresentationPage" time="0.000">
    <skipped/>
  </testcase> <!-- verifyCodeExecutionforGraphRepresentationPage -->
  <system-out/>
  <testcase classname="dsAlgoTests.GraphTest" name="verifyCodeExecutionforGraphRepresentationPage" time="0.000">
    <skipped/>
  </testcase> <!-- verifyCodeExecutionforGraphRepresentationPage -->
  <system-out/>
  <testcase classname="dsAlgoTests.GraphTest" name="verifyCodeExecutionforGraphRepresentationPage" time="0.000">
    <skipped/>
  </testcase> <!-- verifyCodeExecutionforGraphRepresentationPage -->
  <system-out/>
  <testcase classname="dsAlgoTests.GraphTest" name="verifyCodeExecutionforGraphPage" time="0.000">
    <skipped/>
  </testcase> <!-- verifyCodeExecutionforGraphPage -->
  <system-out/>
  <testcase classname="dsAlgoTests.GraphTest" name="verifyCodeExecutionforGraphRepresentationPage" time="0.000">
    <skipped/>
  </testcase> <!-- verifyCodeExecutionforGraphRepresentationPage -->
  <system-out/>
  <testcase classname="dsAlgoTests.GraphTest" name="verifyCodeExecutionforGraphPage" time="0.000">
    <skipped/>
  </testcase> <!-- verifyCodeExecutionforGraphPage -->
  <system-out/>
  <testcase classname="dsAlgoTests.GraphTest" name="verifyCodeExecutionforGraphRepresentationPage" time="0.000">
    <skipped/>
  </testcase> <!-- verifyCodeExecutionforGraphRepresentationPage -->
  <system-out/>
  <testcase classname="dsAlgoTests.GraphTest" name="verifyCodeExecutionforGraphRepresentationPage" time="0.000">
    <skipped/>
  </testcase> <!-- verifyCodeExecutionforGraphRepresentationPage -->
  <system-out/>
  <testcase classname="dsAlgoTests.GraphTest" name="verifyCodeExecutionforGraphRepresentationPage" time="0.000">
    <skipped/>
  </testcase> <!-- verifyCodeExecutionforGraphRepresentationPage -->
  <system-out/>
  <testcase classname="dsAlgoTests.GraphTest" name="verifyCodeExecutionforGraphRepresentationPage" time="0.000">
    <skipped/>
  </testcase> <!-- verifyCodeExecutionforGraphRepresentationPage -->
  <system-out/>
  <testcase classname="dsAlgoTests.GraphTest" name="verifyCodeExecutionforGraphRepresentationPage" time="0.000">
    <skipped/>
  </testcase> <!-- verifyCodeExecutionforGraphRepresentationPage -->
  <system-out/>
  <testcase classname="dsAlgoTests.GraphTest" name="verifyCodeExecutionforGraphRepresentationPage" time="0.000">
    <skipped/>
  </testcase> <!-- verifyCodeExecutionforGraphRepresentationPage -->
  <system-out/>
  <testcase classname="dsAlgoTests.GraphTest" name="verifyCodeExecutionforGraphPage" time="0.000">
    <skipped/>
  </testcase> <!-- verifyCodeExecutionforGraphPage -->
  <system-out/>
  <testcase classname="dsAlgoTests.GraphTest" name="verifyCodeExecutionforGraphPage" time="0.000">
    <skipped/>
  </testcase> <!-- verifyCodeExecutionforGraphPage -->
  <system-out/>
  <testcase classname="dsAlgoTests.GraphTest" name="verifyCodeExecutionforGraphRepresentationPage" time="0.000">
    <skipped/>
  </testcase> <!-- verifyCodeExecutionforGraphRepresentationPage -->
  <system-out/>
  <testcase classname="dsAlgoTests.GraphTest" name="verifyCodeExecutionforGraphRepresentationPage" time="0.000">
    <skipped/>
  </testcase> <!-- verifyCodeExecutionforGraphRepresentationPage -->
  <system-out/>
  <testcase classname="dsAlgoTests.GraphTest" name="verifyCodeExecutionforGraphRepresentationPage" time="0.000">
    <skipped/>
  </testcase> <!-- verifyCodeExecutionforGraphRepresentationPage -->
  <system-out/>
  <testcase classname="dsAlgoTests.GraphTest" name="verifyCodeExecutionforGraphRepresentationPage" time="0.000">
    <skipped/>
  </testcase> <!-- verifyCodeExecutionforGraphRepresentationPage -->
  <system-out/>
  <testcase classname="dsAlgoTests.GraphTest" name="verifyCodeExecutionforGraphPage" time="0.000">
    <skipped/>
  </testcase> <!-- verifyCodeExecutionforGraphPage -->
  <system-out/>
  <testcase classname="dsAlgoTests.GraphTest" name="verifyCodeExecutionforGraphRepresentationPage" time="0.000">
    <skipped/>
  </testcase> <!-- verifyCodeExecutionforGraphRepresentationPage -->
  <system-out/>
  <testcase classname="dsAlgoTests.GraphTest" name="verifyCodeExecutionforGraphPage" time="0.000">
    <skipped/>
  </testcase> <!-- verifyCodeExecutionforGraphPage -->
  <system-out/>
  <testcase classname="dsAlgoTests.GraphTest" name="verifyCodeExecutionforGraphRepresentationPage" time="0.000">
    <skipped/>
  </testcase> <!-- verifyCodeExecutionforGraphRepresentationPage -->
  <system-out/>
  <testcase classname="dsAlgoTests.GraphTest" name="verifyCodeExecutionforGraphRepresentationPage" time="0.000">
    <skipped/>
  </testcase> <!-- verifyCodeExecutionforGraphRepresentationPage -->
  <system-out/>
  <testcase classname="dsAlgoTests.GraphTest" name="verifyCodeExecutionforGraphRepresentationPage" time="0.000">
    <skipped/>
  </testcase> <!-- verifyCodeExecutionforGraphRepresentationPage -->
  <system-out/>
  <testcase classname="dsAlgoTests.GraphTest" name="verifyCodeExecutionforGraphRepresentationPage" time="0.000">
    <skipped/>
  </testcase> <!-- verifyCodeExecutionforGraphRepresentationPage -->
  <system-out/>
  <testcase classname="dsAlgoTests.GraphTest" name="verifyCodeExecutionforGraphRepresentationPage" time="0.000">
    <skipped/>
  </testcase> <!-- verifyCodeExecutionforGraphRepresentationPage -->
  <system-out/>
  <testcase classname="dsAlgoTests.GraphTest" name="verifyCodeExecutionforGraphPage" time="0.000">
    <skipped/>
  </testcase> <!-- verifyCodeExecutionforGraphPage -->
  <system-out/>
  <testcase classname="dsAlgoTests.GraphTest" name="verifyCodeExecutionforGraphRepresentationPage" time="0.000">
    <skipped/>
  </testcase> <!-- verifyCodeExecutionforGraphRepresentationPage -->
  <system-out/>
  <testcase classname="dsAlgoTests.GraphTest" name="verifyCodeExecutionforGraphPage" time="0.000">
    <skipped/>
  </testcase> <!-- verifyCodeExecutionforGraphPage -->
  <system-out/>
  <testcase classname="dsAlgoTests.GraphTest" name="verifyCodeExecutionforGraphRepresentationPage" time="0.000">
    <skipped/>
  </testcase> <!-- verifyCodeExecutionforGraphRepresentationPage -->
  <system-out/>
  <testcase classname="dsAlgoTests.GraphTest" name="verifyCodeExecutionforGraphRepresentationPage" time="0.000">
    <skipped/>
  </testcase> <!-- verifyCodeExecutionforGraphRepresentationPage -->
  <system-out/>
  <testcase classname="dsAlgoTests.GraphTest" name="verifyCodeExecutionforGraphRepresentationPage" time="0.000">
    <skipped/>
  </testcase> <!-- verifyCodeExecutionforGraphRepresentationPage -->
  <system-out/>
  <testcase classname="dsAlgoTests.GraphTest" name="verifyCodeExecutionforGraphPage" time="0.000">
    <skipped/>
  </testcase> <!-- verifyCodeExecutionforGraphPage -->
  <system-out/>
  <testcase classname="dsAlgoTests.GraphTest" name="verifyCodeExecutionforGraphPage" time="0.000">
    <skipped/>
  </testcase> <!-- verifyCodeExecutionforGraphPage -->
  <system-out/>
  <testcase classname="dsAlgoTests.GraphTest" name="verifyCodeExecutionforGraphRepresentationPage" time="0.000">
    <skipped/>
  </testcase> <!-- verifyCodeExecutionforGraphRepresentationPage -->
  <system-out/>
  <testcase classname="dsAlgoTests.GraphTest" name="verifyCodeExecutionforGraphPage" time="0.000">
    <skipped/>
  </testcase> <!-- verifyCodeExecutionforGraphPage -->
  <system-out/>
  <testcase classname="dsAlgoTests.GraphTest" name="verifyCodeExecutionforGraphPage" time="0.000">
    <skipped/>
  </testcase> <!-- verifyCodeExecutionforGraphPage -->
  <system-out/>
  <testcase classname="dsAlgoTests.GraphTest" name="verifyCodeExecutionforGraphRepresentationPage" time="0.000">
    <skipped/>
  </testcase> <!-- verifyCodeExecutionforGraphRepresentationPage -->
  <system-out/>
  <testcase classname="dsAlgoTests.GraphTest" name="verifyCodeExecutionforGraphRepresentationPage" time="0.000">
    <skipped/>
  </testcase> <!-- verifyCodeExecutionforGraphRepresentationPage -->
  <system-out/>
  <testcase classname="dsAlgoTests.GraphTest" name="verifyCodeExecutionforGraphPage" time="0.000">
    <skipped/>
  </testcase> <!-- verifyCodeExecutionforGraphPage -->
  <system-out/>
  <testcase classname="dsAlgoTests.GraphTest" name="verifyCodeExecutionforGraphPage" time="0.000">
    <skipped/>
  </testcase> <!-- verifyCodeExecutionforGraphPage -->
  <system-out/>
  <testcase classname="dsAlgoTests.GraphTest" name="verifyCodeExecutionforGraphPage" time="0.000">
    <skipped/>
  </testcase> <!-- verifyCodeExecutionforGraphPage -->
  <system-out/>
  <testcase classname="dsAlgoTests.GraphTest" name="verifyCodeExecutionforGraphRepresentationPage" time="0.000">
    <skipped/>
  </testcase> <!-- verifyCodeExecutionforGraphRepresentationPage -->
  <system-out/>
  <testcase classname="dsAlgoTests.GraphTest" name="verifyCodeExecutionforGraphRepresentationPage" time="0.000">
    <skipped/>
  </testcase> <!-- verifyCodeExecutionforGraphRepresentationPage -->
  <system-out/>
  <testcase classname="dsAlgoTests.GraphTest" name="verifyCodeExecutionforGraphPage" time="0.000">
    <skipped/>
  </testcase> <!-- verifyCodeExecutionforGraphPage -->
  <system-out/>
  <testcase classname="dsAlgoTests.GraphTest" name="verifyCodeExecutionforGraphRepresentationPage" time="0.000">
    <skipped/>
  </testcase> <!-- verifyCodeExecutionforGraphRepresentationPage -->
  <system-out/>
  <testcase classname="dsAlgoTests.GraphTest" name="verifyCodeExecutionforGraphPage" time="0.000">
    <skipped/>
  </testcase> <!-- verifyCodeExecutionforGraphPage -->
  <system-out/>
  <testcase classname="dsAlgoTests.GraphTest" name="verifyCodeExecutionforGraphRepresentationPage" time="0.000">
    <skipped/>
  </testcase> <!-- verifyCodeExecutionforGraphRepresentationPage -->
  <system-out/>
  <testcase classname="dsAlgoTests.GraphTest" name="verifyCodeExecutionforGraphPage" time="0.000">
    <skipped/>
  </testcase> <!-- verifyCodeExecutionforGraphPage -->
  <system-out/>
  <testcase classname="dsAlgoTests.GraphTest" name="verifyCodeExecutionforGraphRepresentationPage" time="0.000">
    <skipped/>
  </testcase> <!-- verifyCodeExecutionforGraphRepresentationPage -->
  <system-out/>
  <testcase classname="dsAlgoTests.GraphTest" name="verifyCodeExecutionforGraphRepresentationPage" time="0.000">
    <skipped/>
  </testcase> <!-- verifyCodeExecutionforGraphRepresentationPage -->
  <system-out/>
  <testcase classname="dsAlgoTests.GraphTest" name="verifyCodeExecutionforGraphPage" time="0.000">
    <skipped/>
  </testcase> <!-- verifyCodeExecutionforGraphPage -->
  <system-out/>
  <testcase classname="dsAlgoTests.GraphTest" name="verifyCodeExecutionforGraphPage" time="0.000">
    <skipped/>
  </testcase> <!-- verifyCodeExecutionforGraphPage -->
  <system-out/>
  <testcase classname="dsAlgoTests.GraphTest" name="verifyCodeExecutionforGraphPage" time="0.000">
    <skipped/>
  </testcase> <!-- verifyCodeExecutionforGraphPage -->
  <system-out/>
  <testcase classname="dsAlgoTests.GraphTest" name="verifyCodeExecutionforGraphPage" time="0.000">
    <skipped/>
  </testcase> <!-- verifyCodeExecutionforGraphPage -->
  <system-out/>
  <testcase classname="dsAlgoTests.GraphTest" name="navigateGraphPage" time="0.986">
    <error message="Error communicating with the remote browser. It may have died.
Build info: version: &#039;4.17.0&#039;, revision: &#039;e52b1be057*&#039;
System info: os.name: &#039;Windows 11&#039;, os.arch: &#039;amd64&#039;, os.version: &#039;10.0&#039;, java.version: &#039;23.0.1&#039;
Driver info: org.openqa.selenium.chrome.ChromeDriver
Command: [b9b037c69e0c014777b6f1557255ca9e, clickElement [id]]
Capabilities {acceptInsecureCerts: false, browserName: chrome, browserVersion: 132.0.6834.162, chrome: {chromedriverVersion: 132.0.6834.159 (2d77d3fc445..., userDataDir: C:\Users\12157\AppData\Loca...}, fedcm:accounts: true, goog:chromeOptions: {debuggerAddress: localhost:61575}, networkConnectionEnabled: false, pageLoadStrategy: normal, platformName: windows, proxy: Proxy(), se:cdp: ws://localhost:61575/devtoo..., se:cdpVersion: 132.0.6834.162, setWindowRect: true, strictFileInteractability: false, timeouts: {implicit: 0, pageLoad: 300000, script: 30000}, unhandledPromptBehavior: dismiss and notify, webauthn:extension:credBlob: true, webauthn:extension:largeBlob: true, webauthn:extension:minPinLength: true, webauthn:extension:prf: true, webauthn:virtualAuthenticators: true}
Element: [[ChromeDriver: chrome on windows (b9b037c69e0c014777b6f1557255ca9e)] -&gt; xpath: //a[text()=&#039;Sign in&#039;]]
Session ID: b9b037c69e0c014777b6f1557255ca9e" type="org.openqa.selenium.remote.UnreachableBrowserException">
      <![CDATA[org.openqa.selenium.remote.UnreachableBrowserException: Error communicating with the remote browser. It may have died.
Build info: version: '4.17.0', revision: 'e52b1be057*'
System info: os.name: 'Windows 11', os.arch: 'amd64', os.version: '10.0', java.version: '23.0.1'
Driver info: org.openqa.selenium.chrome.ChromeDriver
Command: [b9b037c69e0c014777b6f1557255ca9e, clickElement [id]]
Capabilities {acceptInsecureCerts: false, browserName: chrome, browserVersion: 132.0.6834.162, chrome: {chromedriverVersion: 132.0.6834.159 (2d77d3fc445..., userDataDir: C:\Users\12157\AppData\Loca...}, fedcm:accounts: true, goog:chromeOptions: {debuggerAddress: localhost:61575}, networkConnectionEnabled: false, pageLoadStrategy: normal, platformName: windows, proxy: Proxy(), se:cdp: ws://localhost:61575/devtoo..., se:cdpVersion: 132.0.6834.162, setWindowRect: true, strictFileInteractability: false, timeouts: {implicit: 0, pageLoad: 300000, script: 30000}, unhandledPromptBehavior: dismiss and notify, webauthn:extension:credBlob: true, webauthn:extension:largeBlob: true, webauthn:extension:minPinLength: true, webauthn:extension:prf: true, webauthn:virtualAuthenticators: true}
Element: [[ChromeDriver: chrome on windows (b9b037c69e0c014777b6f1557255ca9e)] -> xpath: //a[text()='Sign in']]
Session ID: b9b037c69e0c014777b6f1557255ca9e
at org.openqa.selenium.remote.RemoteWebDriver.execute(RemoteWebDriver.java:546)
at org.openqa.selenium.remote.RemoteWebElement.execute(RemoteWebElement.java:223)
at org.openqa.selenium.remote.RemoteWebElement.click(RemoteWebElement.java:76)
at java.base/jdk.internal.reflect.DirectMethodHandleAccessor.invoke(DirectMethodHandleAccessor.java:103)
at java.base/java.lang.reflect.Method.invoke(Method.java:580)
at org.openqa.selenium.support.pagefactory.internal.LocatingElementHandler.invoke(LocatingElementHandler.java:51)
at jdk.proxy2/jdk.proxy2.$Proxy14.click(Unknown Source)
at dsAlgoPages.HomePage.clickSignin(HomePage.java:71)
at dsAlgoTests.GraphTest.navigateGraphPage(GraphTest.java:34)
at java.base/jdk.internal.reflect.DirectMethodHandleAccessor.invoke(DirectMethodHandleAccessor.java:103)
at java.base/java.lang.reflect.Method.invoke(Method.java:580)
at org.testng.internal.MethodInvocationHelper.invokeMethod(MethodInvocationHelper.java:133)
at org.testng.internal.MethodInvocationHelper.invokeMethodConsideringTimeout(MethodInvocationHelper.java:62)
at org.testng.internal.ConfigInvoker.invokeConfigurationMethod(ConfigInvoker.java:385)
at org.testng.internal.ConfigInvoker.invokeConfigurations(ConfigInvoker.java:321)
at org.testng.internal.TestInvoker.runConfigMethods(TestInvoker.java:700)
at org.testng.internal.TestInvoker.invokeMethod(TestInvoker.java:527)
at org.testng.internal.TestInvoker.invokeTestMethod(TestInvoker.java:173)
at org.testng.internal.MethodRunner.runInSequence(MethodRunner.java:46)
at org.testng.internal.TestInvoker$MethodInvocationAgent.invoke(TestInvoker.java:824)
at org.testng.internal.TestInvoker.invokeTestMethods(TestInvoker.java:146)
at org.testng.internal.TestMethodWorker.invokeTestMethods(TestMethodWorker.java:146)
at org.testng.internal.TestMethodWorker.run(TestMethodWorker.java:128)
at java.base/java.util.concurrent.ThreadPoolExecutor.runWorker(ThreadPoolExecutor.java:1144)
at java.base/java.util.concurrent.ThreadPoolExecutor$Worker.run(ThreadPoolExecutor.java:642)
at java.base/java.lang.Thread.run(Thread.java:1575)
Caused by: java.util.concurrent.RejectedExecutionException: Task jdk.internal.net.http.common.SequentialScheduler$SchedulableTask@42833764 rejected from java.util.concurrent.ThreadPoolExecutor@57b3299d[Terminated, pool size = 0, active threads = 0, queued tasks = 0, completed tasks = 57]
at java.base/java.util.concurrent.ThreadPoolExecutor$AbortPolicy.rejectedExecution(ThreadPoolExecutor.java:2082)
at java.base/java.util.concurrent.ThreadPoolExecutor.reject(ThreadPoolExecutor.java:841)
at java.base/java.util.concurrent.ThreadPoolExecutor.execute(ThreadPoolExecutor.java:1377)
at java.net.http/jdk.internal.net.http.HttpClientImpl$DelegatingExecutor.ensureExecutedAsync(HttpClientImpl.java:184)
at java.net.http/jdk.internal.net.http.HttpClientImpl$DelegatingExecutor.execute(HttpClientImpl.java:176)
at java.net.http/jdk.internal.net.http.common.SequentialScheduler.runOrSchedule(SequentialScheduler.java:282)
at java.net.http/jdk.internal.net.http.common.SequentialScheduler.runOrSchedule(SequentialScheduler.java:251)
at java.net.http/jdk.internal.net.http.Http1AsyncReceiver.asyncReceive(Http1AsyncReceiver.java:468)
at java.net.http/jdk.internal.net.http.Http1AsyncReceiver$Http1TubeSubscriber.onNext(Http1AsyncReceiver.java:589)
at java.net.http/jdk.internal.net.http.Http1AsyncReceiver$Http1TubeSubscriber.onNext(Http1AsyncReceiver.java:546)
at java.net.http/jdk.internal.net.http.SocketTube$InternalReadPublisher$InternalReadSubscription.read(SocketTube.java:865)
at java.net.http/jdk.internal.net.http.SocketTube$SocketFlowTask.run(SocketTube.java:181)
at java.net.http/jdk.internal.net.http.common.SequentialScheduler$SchedulableTask.run(SequentialScheduler.java:207)
at java.net.http/jdk.internal.net.http.common.SequentialScheduler.runOrSchedule(SequentialScheduler.java:280)
at java.net.http/jdk.internal.net.http.common.SequentialScheduler.runOrSchedule(SequentialScheduler.java:233)
at java.net.http/jdk.internal.net.http.SocketTube$InternalReadPublisher$InternalReadSubscription.signalReadable(SocketTube.java:782)
at java.net.http/jdk.internal.net.http.SocketTube$InternalReadPublisher$ReadEvent.signalEvent(SocketTube.java:965)
at java.net.http/jdk.internal.net.http.SocketTube$SocketFlowEvent.handle(SocketTube.java:253)
at java.net.http/jdk.internal.net.http.HttpClientImpl$SelectorManager.handleEvent(HttpClientImpl.java:1478)
at java.net.http/jdk.internal.net.http.HttpClientImpl$SelectorManager.lambda$run$3(HttpClientImpl.java:1423)
at java.base/java.util.ArrayList.forEach(ArrayList.java:1597)
at java.net.http/jdk.internal.net.http.HttpClientImpl$SelectorManager.run(HttpClientImpl.java:1423)
]]>
    </error>
  </testcase> <!-- navigateGraphPage -->
  <system-out/>
  <testcase classname="dsAlgoTests.GraphTest" name="verifyCodeExecutionforGraphRepresentationPage" time="0.000">
    <skipped/>
  </testcase> <!-- verifyCodeExecutionforGraphRepresentationPage -->
  <system-out/>
  <testcase classname="dsAlgoTests.GraphTest" name="verifyCodeExecutionforGraphRepresentationPage" time="0.000">
    <skipped/>
  </testcase> <!-- verifyCodeExecutionforGraphRepresentationPage -->
  <system-out/>
  <testcase classname="dsAlgoTests.GraphTest" name="verifyCodeExecutionforGraphPage" time="0.000">
    <skipped/>
  </testcase> <!-- verifyCodeExecutionforGraphPage -->
  <system-out/>
  <testcase classname="dsAlgoTests.GraphTest" name="verifyCodeExecutionforGraphPage" time="0.000">
    <skipped/>
  </testcase> <!-- verifyCodeExecutionforGraphPage -->
  <system-out/>
  <testcase classname="dsAlgoTests.GraphTest" name="verifyCodeExecutionforGraphRepresentationPage" time="0.000">
    <skipped/>
  </testcase> <!-- verifyCodeExecutionforGraphRepresentationPage -->
  <system-out/>
  <testcase classname="dsAlgoTests.GraphTest" name="verifyCodeExecutionforGraphRepresentationPage" time="0.000">
    <skipped/>
  </testcase> <!-- verifyCodeExecutionforGraphRepresentationPage -->
  <system-out/>
  <testcase classname="dsAlgoTests.GraphTest" name="verifyCodeExecutionforGraphPage" time="0.000">
    <skipped/>
  </testcase> <!-- verifyCodeExecutionforGraphPage -->
  <system-out/>
  <testcase classname="dsAlgoTests.GraphTest" name="verifyCodeExecutionforGraphRepresentationPage" time="0.000">
    <skipped/>
  </testcase> <!-- verifyCodeExecutionforGraphRepresentationPage -->
  <system-out/>
  <testcase classname="dsAlgoTests.GraphTest" name="verifyCodeExecutionforGraphRepresentationPage" time="0.000">
    <skipped/>
  </testcase> <!-- verifyCodeExecutionforGraphRepresentationPage -->
  <system-out/>
  <testcase classname="dsAlgoTests.GraphTest" name="verifyCodeExecutionforGraphRepresentationPage" time="0.000">
    <skipped/>
  </testcase> <!-- verifyCodeExecutionforGraphRepresentationPage -->
  <system-out/>
  <testcase classname="dsAlgoTests.GraphTest" name="verifyCodeExecutionforGraphPage" time="0.000">
    <skipped/>
  </testcase> <!-- verifyCodeExecutionforGraphPage -->
  <system-out/>
  <testcase classname="dsAlgoTests.GraphTest" name="verifyCodeExecutionforGraphPage" time="0.000">
    <skipped/>
  </testcase> <!-- verifyCodeExecutionforGraphPage -->
  <system-out/>
  <testcase classname="dsAlgoTests.GraphTest" name="verifyCodeExecutionforGraphRepresentationPage" time="0.000">
    <skipped/>
  </testcase> <!-- verifyCodeExecutionforGraphRepresentationPage -->
  <system-out/>
  <testcase classname="dsAlgoTests.GraphTest" name="verifyCodeExecutionforGraphRepresentationPage" time="0.000">
    <skipped/>
  </testcase> <!-- verifyCodeExecutionforGraphRepresentationPage -->
  <system-out/>
  <testcase classname="dsAlgoTests.GraphTest" name="verifyCodeExecutionforGraphRepresentationPage" time="0.000">
    <skipped/>
  </testcase> <!-- verifyCodeExecutionforGraphRepresentationPage -->
  <system-out/>
  <testcase classname="dsAlgoTests.GraphTest" name="verifyCodeExecutionforGraphPage" time="0.000">
    <skipped/>
  </testcase> <!-- verifyCodeExecutionforGraphPage -->
  <system-out/>
  <testcase classname="dsAlgoTests.GraphTest" name="verifyCodeExecutionforGraphRepresentationPage" time="0.000">
    <skipped/>
  </testcase> <!-- verifyCodeExecutionforGraphRepresentationPage -->
  <system-out/>
  <testcase classname="dsAlgoTests.GraphTest" name="verifyCodeExecutionforGraphPage" time="0.000">
    <skipped/>
  </testcase> <!-- verifyCodeExecutionforGraphPage -->
  <system-out/>
  <testcase classname="dsAlgoTests.GraphTest" name="verifyCodeExecutionforGraphRepresentationPage" time="0.000">
    <skipped/>
  </testcase> <!-- verifyCodeExecutionforGraphRepresentationPage -->
  <system-out/>
  <testcase classname="dsAlgoTests.GraphTest" name="verifyCodeExecutionforGraphPage" time="0.000">
    <skipped/>
  </testcase> <!-- verifyCodeExecutionforGraphPage -->
  <system-out/>
  <testcase classname="dsAlgoTests.GraphTest" name="verifyCodeExecutionforGraphPage" time="0.000">
    <skipped/>
  </testcase> <!-- verifyCodeExecutionforGraphPage -->
  <system-out/>
  <testcase classname="dsAlgoTests.GraphTest" name="verifyCodeExecutionforGraphPage" time="0.000">
    <skipped/>
  </testcase> <!-- verifyCodeExecutionforGraphPage -->
  <system-out/>
  <testcase classname="dsAlgoTests.GraphTest" name="verifyCodeExecutionforGraphPage" time="0.000">
    <skipped/>
  </testcase> <!-- verifyCodeExecutionforGraphPage -->
  <system-out/>
  <testcase classname="dsAlgoTests.GraphTest" name="verifyCodeExecutionforGraphRepresentationPage" time="0.000">
    <skipped/>
  </testcase> <!-- verifyCodeExecutionforGraphRepresentationPage -->
  <system-out/>
  <testcase classname="dsAlgoTests.GraphTest" name="verifyCodeExecutionforGraphRepresentationPage" time="0.000">
    <skipped/>
  </testcase> <!-- verifyCodeExecutionforGraphRepresentationPage -->
  <system-out/>
  <testcase classname="dsAlgoTests.GraphTest" name="verifyCodeExecutionforGraphRepresentationPage" time="0.000">
    <skipped/>
  </testcase> <!-- verifyCodeExecutionforGraphRepresentationPage -->
  <system-out/>
  <testcase classname="dsAlgoTests.GraphTest" name="verifyCodeExecutionforGraphRepresentationPage" time="0.000">
    <skipped/>
  </testcase> <!-- verifyCodeExecutionforGraphRepresentationPage -->
  <system-out/>
  <testcase classname="dsAlgoTests.GraphTest" name="verifyCodeExecutionforGraphRepresentationPage" time="0.000">
    <skipped/>
  </testcase> <!-- verifyCodeExecutionforGraphRepresentationPage -->
  <system-out/>
  <testcase classname="dsAlgoTests.GraphTest" name="verifyCodeExecutionforGraphRepresentationPage" time="0.000">
    <skipped/>
  </testcase> <!-- verifyCodeExecutionforGraphRepresentationPage -->
  <system-out/>
  <testcase classname="dsAlgoTests.GraphTest" name="verifyCodeExecutionforGraphRepresentationPage" time="0.000">
    <skipped/>
  </testcase> <!-- verifyCodeExecutionforGraphRepresentationPage -->
  <system-out/>
  <testcase classname="dsAlgoTests.GraphTest" name="verifyCodeExecutionforGraphPage" time="0.000">
    <skipped/>
  </testcase> <!-- verifyCodeExecutionforGraphPage -->
  <system-out/>
  <testcase classname="dsAlgoTests.GraphTest" name="verifyCodeExecutionforGraphPage" time="0.000">
    <skipped/>
  </testcase> <!-- verifyCodeExecutionforGraphPage -->
  <system-out/>
  <testcase classname="dsAlgoTests.GraphTest" name="verifyCodeExecutionforGraphRepresentationPage" time="0.000">
    <skipped/>
  </testcase> <!-- verifyCodeExecutionforGraphRepresentationPage -->
  <system-out/>
  <testcase classname="dsAlgoTests.GraphTest" name="verifyCodeExecutionforGraphPage" time="0.000">
    <skipped/>
  </testcase> <!-- verifyCodeExecutionforGraphPage -->
  <system-out/>
  <testcase classname="dsAlgoTests.GraphTest" name="verifyCodeExecutionforGraphPage" time="0.000">
    <skipped/>
  </testcase> <!-- verifyCodeExecutionforGraphPage -->
  <system-out/>
  <testcase classname="dsAlgoTests.GraphTest" name="verifyCodeExecutionforGraphPage" time="0.000">
    <skipped/>
  </testcase> <!-- verifyCodeExecutionforGraphPage -->
  <system-out/>
  <testcase classname="dsAlgoTests.GraphTest" name="verifyCodeExecutionforGraphPage" time="0.000">
    <skipped/>
  </testcase> <!-- verifyCodeExecutionforGraphPage -->
  <system-out/>
  <testcase classname="dsAlgoTests.GraphTest" name="verifyCodeExecutionforGraphRepresentationPage" time="0.000">
    <skipped/>
  </testcase> <!-- verifyCodeExecutionforGraphRepresentationPage -->
  <system-out/>
  <testcase classname="dsAlgoTests.GraphTest" name="verifyCodeExecutionforGraphPage" time="0.000">
    <skipped/>
  </testcase> <!-- verifyCodeExecutionforGraphPage -->
  <system-out/>
  <testcase classname="dsAlgoTests.GraphTest" name="verifyCodeExecutionforGraphPage" time="0.000">
    <skipped/>
  </testcase> <!-- verifyCodeExecutionforGraphPage -->
  <system-out/>
  <testcase classname="dsAlgoTests.GraphTest" name="verifyCodeExecutionforGraphRepresentationPage" time="0.000">
    <skipped/>
  </testcase> <!-- verifyCodeExecutionforGraphRepresentationPage -->
  <system-out/>
  <testcase classname="dsAlgoTests.GraphTest" name="verifyCodeExecutionforGraphPage" time="0.000">
    <skipped/>
  </testcase> <!-- verifyCodeExecutionforGraphPage -->
  <system-out/>
  <testcase classname="dsAlgoTests.GraphTest" name="verifyCodeExecutionforGraphRepresentationPage" time="0.000">
    <skipped/>
  </testcase> <!-- verifyCodeExecutionforGraphRepresentationPage -->
  <system-out/>
  <testcase classname="dsAlgoTests.GraphTest" name="verifyCodeExecutionforGraphRepresentationPage" time="0.000">
    <skipped/>
  </testcase> <!-- verifyCodeExecutionforGraphRepresentationPage -->
  <system-out/>
  <testcase classname="dsAlgoTests.GraphTest" name="verifyCodeExecutionforGraphPage" time="0.000">
    <skipped/>
  </testcase> <!-- verifyCodeExecutionforGraphPage -->
  <system-out/>
  <testcase classname="dsAlgoTests.GraphTest" name="verifyCodeExecutionforGraphPage" time="0.000">
    <skipped/>
  </testcase> <!-- verifyCodeExecutionforGraphPage -->
  <system-out/>
  <testcase classname="dsAlgoTests.GraphTest" name="verifyCodeExecutionforGraphRepresentationPage" time="0.000">
    <skipped/>
  </testcase> <!-- verifyCodeExecutionforGraphRepresentationPage -->
  <system-out/>
  <testcase classname="dsAlgoTests.GraphTest" name="seeListOfPracticeQuestionsonGraphReprePage" time="0.000">
    <skipped/>
  </testcase> <!-- seeListOfPracticeQuestionsonGraphReprePage -->
  <system-out/>
  <testcase classname="dsAlgoTests.GraphTest" name="verifyCodeExecutionforGraphPage" time="0.000">
    <skipped/>
  </testcase> <!-- verifyCodeExecutionforGraphPage -->
  <system-out/>
  <testcase classname="dsAlgoTests.GraphTest" name="verifyCodeExecutionforGraphPage" time="0.000">
    <skipped/>
  </testcase> <!-- verifyCodeExecutionforGraphPage -->
  <system-out/>
  <testcase classname="dsAlgoTests.GraphTest" name="verifyCodeExecutionforGraphPage" time="0.000">
    <skipped/>
  </testcase> <!-- verifyCodeExecutionforGraphPage -->
  <system-out/>
  <testcase classname="dsAlgoTests.GraphTest" name="verifyCodeExecutionforGraphRepresentationPage" time="0.000">
    <skipped/>
  </testcase> <!-- verifyCodeExecutionforGraphRepresentationPage -->
  <system-out/>
  <testcase classname="dsAlgoTests.GraphTest" name="verifyCodeExecutionforGraphPage" time="0.000">
    <skipped/>
  </testcase> <!-- verifyCodeExecutionforGraphPage -->
  <system-out/>
  <testcase classname="dsAlgoTests.GraphTest" name="verifyCodeExecutionforGraphRepresentationPage" time="0.000">
    <skipped/>
  </testcase> <!-- verifyCodeExecutionforGraphRepresentationPage -->
  <system-out/>
  <testcase classname="dsAlgoTests.GraphTest" name="verifyCodeExecutionforGraphRepresentationPage" time="0.000">
    <skipped/>
  </testcase> <!-- verifyCodeExecutionforGraphRepresentationPage -->
  <system-out/>
  <testcase classname="dsAlgoTests.GraphTest" name="verifyCodeExecutionforGraphRepresentationPage" time="0.000">
    <skipped/>
  </testcase> <!-- verifyCodeExecutionforGraphRepresentationPage -->
  <system-out/>
  <testcase classname="dsAlgoTests.GraphTest" name="verifyCodeExecutionforGraphRepresentationPage" time="0.000">
    <skipped/>
  </testcase> <!-- verifyCodeExecutionforGraphRepresentationPage -->
  <system-out/>
  <testcase classname="dsAlgoTests.GraphTest" name="verifyCodeExecutionforGraphRepresentationPage" time="0.000">
    <skipped/>
  </testcase> <!-- verifyCodeExecutionforGraphRepresentationPage -->
  <system-out/>
  <testcase classname="dsAlgoTests.GraphTest" name="verifyCodeExecutionforGraphRepresentationPage" time="0.000">
    <skipped/>
  </testcase> <!-- verifyCodeExecutionforGraphRepresentationPage -->
  <system-out/>
  <testcase classname="dsAlgoTests.GraphTest" name="verifyCodeExecutionforGraphRepresentationPage" time="0.000">
    <skipped/>
  </testcase> <!-- verifyCodeExecutionforGraphRepresentationPage -->
  <system-out/>
  <testcase classname="dsAlgoTests.GraphTest" name="verifyCodeExecutionforGraphRepresentationPage" time="0.000">
    <skipped/>
  </testcase> <!-- verifyCodeExecutionforGraphRepresentationPage -->
  <system-out/>
  <testcase classname="dsAlgoTests.GraphTest" name="verifyCodeExecutionforGraphRepresentationPage" time="0.000">
    <skipped/>
  </testcase> <!-- verifyCodeExecutionforGraphRepresentationPage -->
  <system-out/>
  <testcase classname="dsAlgoTests.GraphTest" name="verifyCodeExecutionforGraphPage" time="0.000">
    <skipped/>
  </testcase> <!-- verifyCodeExecutionforGraphPage -->
  <system-out/>
  <testcase classname="dsAlgoTests.GraphTest" name="verifyCodeExecutionforGraphRepresentationPage" time="0.000">
    <skipped/>
  </testcase> <!-- verifyCodeExecutionforGraphRepresentationPage -->
  <system-out/>
  <testcase classname="dsAlgoTests.GraphTest" name="verifyCodeExecutionforGraphPage" time="0.000">
    <skipped/>
  </testcase> <!-- verifyCodeExecutionforGraphPage -->
  <system-out/>
  <testcase classname="dsAlgoTests.GraphTest" name="verifyCodeExecutionforGraphPage" time="0.000">
    <skipped/>
  </testcase> <!-- verifyCodeExecutionforGraphPage -->
  <system-out/>
  <testcase classname="dsAlgoTests.GraphTest" name="verifyCodeExecutionforGraphRepresentationPage" time="0.000">
    <skipped/>
  </testcase> <!-- verifyCodeExecutionforGraphRepresentationPage -->
  <system-out/>
  <testcase classname="dsAlgoTests.GraphTest" name="verifyCodeExecutionforGraphPage" time="0.000">
    <skipped/>
  </testcase> <!-- verifyCodeExecutionforGraphPage -->
  <system-out/>
  <testcase classname="dsAlgoTests.GraphTest" name="verifyCodeExecutionforGraphPage" time="0.000">
    <skipped/>
  </testcase> <!-- verifyCodeExecutionforGraphPage -->
  <system-out/>
  <testcase classname="dsAlgoTests.GraphTest" name="verifyCodeExecutionforGraphPage" time="0.000">
    <skipped/>
  </testcase> <!-- verifyCodeExecutionforGraphPage -->
  <system-out/>
  <testcase classname="dsAlgoTests.GraphTest" name="verifyCodeExecutionforGraphPage" time="0.000">
    <skipped/>
  </testcase> <!-- verifyCodeExecutionforGraphPage -->
  <system-out/>
  <testcase classname="dsAlgoTests.GraphTest" name="verifyCodeExecutionforGraphRepresentationPage" time="0.000">
    <skipped/>
  </testcase> <!-- verifyCodeExecutionforGraphRepresentationPage -->
  <system-out/>
  <testcase classname="dsAlgoTests.GraphTest" name="verifyCodeExecutionforGraphRepresentationPage" time="0.000">
    <skipped/>
  </testcase> <!-- verifyCodeExecutionforGraphRepresentationPage -->
  <system-out/>
  <testcase classname="dsAlgoTests.GraphTest" name="verifyCodeExecutionforGraphPage" time="0.000">
    <skipped/>
  </testcase> <!-- verifyCodeExecutionforGraphPage -->
  <system-out/>
  <testcase classname="dsAlgoTests.GraphTest" name="verifyCodeExecutionforGraphRepresentationPage" time="0.000">
    <skipped/>
  </testcase> <!-- verifyCodeExecutionforGraphRepresentationPage -->
  <system-out/>
  <testcase classname="dsAlgoTests.GraphTest" name="verifyCodeExecutionforGraphRepresentationPage" time="0.000">
    <skipped/>
  </testcase> <!-- verifyCodeExecutionforGraphRepresentationPage -->
  <system-out/>
  <testcase classname="dsAlgoTests.GraphTest" name="verifyCodeExecutionforGraphRepresentationPage" time="0.000">
    <skipped/>
  </testcase> <!-- verifyCodeExecutionforGraphRepresentationPage -->
  <system-out/>
  <testcase classname="dsAlgoTests.GraphTest" name="verifyCodeExecutionforGraphRepresentationPage" time="0.000">
    <skipped/>
  </testcase> <!-- verifyCodeExecutionforGraphRepresentationPage -->
  <system-out/>
  <testcase classname="dsAlgoTests.GraphTest" name="verifyCodeExecutionforGraphPage" time="0.000">
    <skipped/>
  </testcase> <!-- verifyCodeExecutionforGraphPage -->
  <system-out/>
  <testcase classname="dsAlgoTests.GraphTest" name="verifyCodeExecutionforGraphPage" time="0.000">
    <skipped/>
  </testcase> <!-- verifyCodeExecutionforGraphPage -->
  <system-out/>
  <testcase classname="dsAlgoTests.GraphTest" name="verifyCodeExecutionforGraphPage" time="0.000">
    <skipped/>
  </testcase> <!-- verifyCodeExecutionforGraphPage -->
  <system-out/>
  <testcase classname="dsAlgoTests.GraphTest" name="verifyCodeExecutionforGraphPage" time="0.000">
    <skipped/>
  </testcase> <!-- verifyCodeExecutionforGraphPage -->
  <system-out/>
  <testcase classname="dsAlgoTests.GraphTest" name="verifyCodeExecutionforGraphPage" time="0.000">
    <skipped/>
  </testcase> <!-- verifyCodeExecutionforGraphPage -->
  <system-out/>
  <testcase classname="dsAlgoTests.GraphTest" name="verifyCodeExecutionforGraphPage" time="0.000">
    <skipped/>
  </testcase> <!-- verifyCodeExecutionforGraphPage -->
  <system-out/>
  <testcase classname="dsAlgoTests.GraphTest" name="verifyCodeExecutionforGraphRepresentationPage" time="0.000">
    <skipped/>
  </testcase> <!-- verifyCodeExecutionforGraphRepresentationPage -->
  <system-out/>
  <testcase classname="dsAlgoTests.GraphTest" name="verifyCodeExecutionforGraphRepresentationPage" time="0.000">
    <skipped/>
  </testcase> <!-- verifyCodeExecutionforGraphRepresentationPage -->
  <system-out/>
  <testcase classname="dsAlgoTests.GraphTest" name="verifyCodeExecutionforGraphRepresentationPage" time="0.000">
    <skipped/>
  </testcase> <!-- verifyCodeExecutionforGraphRepresentationPage -->
  <system-out/>
  <testcase classname="dsAlgoTests.GraphTest" name="verifyCodeExecutionforGraphPage" time="0.000">
    <skipped/>
  </testcase> <!-- verifyCodeExecutionforGraphPage -->
  <system-out/>
  <testcase classname="dsAlgoTests.GraphTest" name="verifyCodeExecutionforGraphRepresentationPage" time="0.000">
    <skipped/>
  </testcase> <!-- verifyCodeExecutionforGraphRepresentationPage -->
  <system-out/>
  <testcase classname="dsAlgoTests.GraphTest" name="verifyCodeExecutionforGraphRepresentationPage" time="0.000">
    <skipped/>
  </testcase> <!-- verifyCodeExecutionforGraphRepresentationPage -->
  <system-out/>
  <testcase classname="dsAlgoTests.GraphTest" name="verifyCodeExecutionforGraphPage" time="0.000">
    <skipped/>
  </testcase> <!-- verifyCodeExecutionforGraphPage -->
  <system-out/>
  <testcase classname="dsAlgoTests.GraphTest" name="verifyCodeExecutionforGraphPage" time="0.000">
    <skipped/>
  </testcase> <!-- verifyCodeExecutionforGraphPage -->
  <system-out/>
  <testcase classname="dsAlgoTests.GraphTest" name="verifyCodeExecutionforGraphPage" time="0.000">
    <skipped/>
  </testcase> <!-- verifyCodeExecutionforGraphPage -->
  <system-out/>
  <testcase classname="dsAlgoTests.GraphTest" name="verifyCodeExecutionforGraphPage" time="0.000">
    <skipped/>
  </testcase> <!-- verifyCodeExecutionforGraphPage -->
  <system-out/>
  <testcase classname="dsAlgoTests.GraphTest" name="verifyCodeExecutionforGraphPage" time="0.000">
    <skipped/>
  </testcase> <!-- verifyCodeExecutionforGraphPage -->
  <system-out/>
  <testcase classname="dsAlgoTests.GraphTest" name="verifyCodeExecutionforGraphRepresentationPage" time="0.000">
    <skipped/>
  </testcase> <!-- verifyCodeExecutionforGraphRepresentationPage -->
  <system-out/>
  <testcase classname="dsAlgoTests.GraphTest" name="verifyCodeExecutionforGraphRepresentationPage" time="0.000">
    <skipped/>
  </testcase> <!-- verifyCodeExecutionforGraphRepresentationPage -->
  <system-out/>
  <testcase classname="dsAlgoTests.GraphTest" name="verifyCodeExecutionforGraphRepresentationPage" time="0.000">
    <skipped/>
  </testcase> <!-- verifyCodeExecutionforGraphRepresentationPage -->
  <system-out/>
  <testcase classname="dsAlgoTests.GraphTest" name="verifyCodeExecutionforGraphPage" time="0.000">
    <skipped/>
  </testcase> <!-- verifyCodeExecutionforGraphPage -->
  <system-out/>
  <testcase classname="dsAlgoTests.GraphTest" name="verifyCodeExecutionforGraphPage" time="0.000">
    <skipped/>
  </testcase> <!-- verifyCodeExecutionforGraphPage -->
  <system-out/>
  <testcase classname="dsAlgoTests.GraphTest" name="verifyCodeExecutionforGraphPage" time="0.000">
    <skipped/>
  </testcase> <!-- verifyCodeExecutionforGraphPage -->
  <system-out/>
  <testcase classname="dsAlgoTests.GraphTest" name="seeListOfPracticeQuestionsonGraphPage" time="0.000">
    <skipped/>
  </testcase> <!-- seeListOfPracticeQuestionsonGraphPage -->
  <system-out/>
  <testcase classname="dsAlgoTests.GraphTest" name="verifyCodeExecutionforGraphRepresentationPage" time="0.000">
    <skipped/>
  </testcase> <!-- verifyCodeExecutionforGraphRepresentationPage -->
  <system-out/>
  <testcase classname="dsAlgoTests.GraphTest" name="verifyCodeExecutionforGraphRepresentationPage" time="0.000">
    <skipped/>
  </testcase> <!-- verifyCodeExecutionforGraphRepresentationPage -->
  <system-out/>
  <testcase classname="dsAlgoTests.GraphTest" name="verifyCodeExecutionforGraphPage" time="0.000">
    <skipped/>
  </testcase> <!-- verifyCodeExecutionforGraphPage -->
  <system-out/>
  <testcase classname="dsAlgoTests.GraphTest" name="verifyCodeExecutionforGraphRepresentationPage" time="0.000">
    <skipped/>
  </testcase> <!-- verifyCodeExecutionforGraphRepresentationPage -->
  <system-out/>
  <testcase classname="dsAlgoTests.GraphTest" name="verifyCodeExecutionforGraphPage" time="0.000">
    <skipped/>
  </testcase> <!-- verifyCodeExecutionforGraphPage -->
  <system-out/>
  <testcase classname="dsAlgoTests.GraphTest" name="verifyCodeExecutionforGraphPage" time="0.000">
    <skipped/>
  </testcase> <!-- verifyCodeExecutionforGraphPage -->
  <system-out/>
  <testcase classname="dsAlgoTests.GraphTest" name="verifyCodeExecutionforGraphPage" time="0.000">
    <skipped/>
  </testcase> <!-- verifyCodeExecutionforGraphPage -->
  <system-out/>
  <testcase classname="dsAlgoTests.GraphTest" name="verifyCodeExecutionforGraphPage" time="0.000">
    <skipped/>
  </testcase> <!-- verifyCodeExecutionforGraphPage -->
  <system-out/>
  <testcase classname="dsAlgoTests.GraphTest" name="verifyCodeExecutionforGraphPage" time="0.000">
    <skipped/>
  </testcase> <!-- verifyCodeExecutionforGraphPage -->
  <system-out/>
  <testcase classname="dsAlgoTests.GraphTest" name="verifyCodeExecutionforGraphRepresentationPage" time="0.000">
    <skipped/>
  </testcase> <!-- verifyCodeExecutionforGraphRepresentationPage -->
  <system-out/>
  <testcase classname="dsAlgoTests.GraphTest" name="verifyCodeExecutionforGraphRepresentationPage" time="0.000">
    <skipped/>
  </testcase> <!-- verifyCodeExecutionforGraphRepresentationPage -->
  <system-out/>
  <testcase classname="dsAlgoTests.GraphTest" name="verifyCodeExecutionforGraphPage" time="0.000">
    <skipped/>
  </testcase> <!-- verifyCodeExecutionforGraphPage -->
  <system-out/>
  <testcase classname="dsAlgoTests.GraphTest" name="verifyCodeExecutionforGraphPage" time="0.000">
    <skipped/>
  </testcase> <!-- verifyCodeExecutionforGraphPage -->
  <system-out/>
  <testcase classname="dsAlgoTests.GraphTest" name="verifyCodeExecutionforGraphPage" time="0.000">
    <skipped/>
  </testcase> <!-- verifyCodeExecutionforGraphPage -->
  <system-out/>
  <testcase classname="dsAlgoTests.GraphTest" name="verifyCodeExecutionforGraphPage" time="0.000">
    <skipped/>
  </testcase> <!-- verifyCodeExecutionforGraphPage -->
  <system-out/>
  <testcase classname="dsAlgoTests.GraphTest" name="verifyCodeExecutionforGraphPage" time="0.000">
    <skipped/>
  </testcase> <!-- verifyCodeExecutionforGraphPage -->
  <system-out/>
  <testcase classname="dsAlgoTests.GraphTest" name="verifyCodeExecutionforGraphPage" time="0.000">
    <skipped/>
  </testcase> <!-- verifyCodeExecutionforGraphPage -->
  <system-out/>
  <testcase classname="dsAlgoTests.GraphTest" name="verifyCodeExecutionforGraphPage" time="0.000">
    <skipped/>
  </testcase> <!-- verifyCodeExecutionforGraphPage -->
  <system-out/>
  <testcase classname="dsAlgoTests.GraphTest" name="verifyCodeExecutionforGraphRepresentationPage" time="0.000">
    <skipped/>
  </testcase> <!-- verifyCodeExecutionforGraphRepresentationPage -->
  <system-out/>
  <testcase classname="dsAlgoTests.GraphTest" name="verifyCodeExecutionforGraphPage" time="0.000">
    <skipped/>
  </testcase> <!-- verifyCodeExecutionforGraphPage -->
  <system-out/>
  <testcase classname="dsAlgoTests.GraphTest" name="verifyCodeExecutionforGraphPage" time="0.000">
    <skipped/>
  </testcase> <!-- verifyCodeExecutionforGraphPage -->
  <system-out/>
  <testcase classname="dsAlgoTests.GraphTest" name="verifyCodeExecutionforGraphRepresentationPage" time="0.000">
    <skipped/>
  </testcase> <!-- verifyCodeExecutionforGraphRepresentationPage -->
  <system-out/>
  <testcase classname="dsAlgoTests.GraphTest" name="verifyCodeExecutionforGraphPage" time="0.000">
    <skipped/>
  </testcase> <!-- verifyCodeExecutionforGraphPage -->
  <system-out/>
  <testcase classname="dsAlgoTests.GraphTest" name="verifyCodeExecutionforGraphRepresentationPage" time="0.000">
    <skipped/>
  </testcase> <!-- verifyCodeExecutionforGraphRepresentationPage -->
  <system-out/>
  <testcase classname="dsAlgoTests.GraphTest" name="verifyCodeExecutionforGraphRepresentationPage" time="0.000">
    <skipped/>
  </testcase> <!-- verifyCodeExecutionforGraphRepresentationPage -->
  <system-out/>
  <testcase classname="dsAlgoTests.GraphTest" name="verifyCodeExecutionforGraphRepresentationPage" time="0.000">
    <skipped/>
  </testcase> <!-- verifyCodeExecutionforGraphRepresentationPage -->
  <system-out/>
  <testcase classname="dsAlgoTests.GraphTest" name="verifyCodeExecutionforGraphRepresentationPage" time="0.000">
    <skipped/>
  </testcase> <!-- verifyCodeExecutionforGraphRepresentationPage -->
  <system-out/>
  <testcase classname="dsAlgoTests.GraphTest" name="verifyCodeExecutionforGraphRepresentationPage" time="0.000">
    <skipped/>
  </testcase> <!-- verifyCodeExecutionforGraphRepresentationPage -->
  <system-out/>
  <testcase classname="dsAlgoTests.GraphTest" name="verifyCodeExecutionforGraphPage" time="0.000">
    <skipped/>
  </testcase> <!-- verifyCodeExecutionforGraphPage -->
  <system-out/>
  <testcase classname="dsAlgoTests.GraphTest" name="verifyCodeExecutionforGraphPage" time="0.000">
    <skipped/>
  </testcase> <!-- verifyCodeExecutionforGraphPage -->
  <system-out/>
  <testcase classname="dsAlgoTests.GraphTest" name="verifyCodeExecutionforGraphRepresentationPage" time="0.000">
    <skipped/>
  </testcase> <!-- verifyCodeExecutionforGraphRepresentationPage -->
  <system-out/>
  <testcase classname="dsAlgoTests.GraphTest" name="verifyCodeExecutionforGraphPage" time="0.000">
    <skipped/>
  </testcase> <!-- verifyCodeExecutionforGraphPage -->
  <system-out/>
  <testcase classname="dsAlgoTests.GraphTest" name="verifyCodeExecutionforGraphPage" time="0.000">
    <skipped/>
  </testcase> <!-- verifyCodeExecutionforGraphPage -->
  <system-out/>
  <testcase classname="dsAlgoTests.GraphTest" name="verifyCodeExecutionforGraphRepresentationPage" time="0.000">
    <skipped/>
  </testcase> <!-- verifyCodeExecutionforGraphRepresentationPage -->
  <system-out/>
  <testcase classname="dsAlgoTests.GraphTest" name="verifyCodeExecutionforGraphPage" time="0.000">
    <skipped/>
  </testcase> <!-- verifyCodeExecutionforGraphPage -->
  <system-out/>
  <testcase classname="dsAlgoTests.GraphTest" name="verifyCodeExecutionforGraphPage" time="0.000">
    <skipped/>
  </testcase> <!-- verifyCodeExecutionforGraphPage -->
  <system-out/>
  <testcase classname="dsAlgoTests.GraphTest" name="verifyCodeExecutionforGraphRepresentationPage" time="0.000">
    <skipped/>
  </testcase> <!-- verifyCodeExecutionforGraphRepresentationPage -->
  <system-out/>
  <testcase classname="dsAlgoTests.GraphTest" name="verifyCodeExecutionforGraphRepresentationPage" time="0.000">
    <skipped/>
  </testcase> <!-- verifyCodeExecutionforGraphRepresentationPage -->
  <system-out/>
  <testcase classname="dsAlgoTests.GraphTest" name="verifyCodeExecutionforGraphRepresentationPage" time="0.000">
    <skipped/>
  </testcase> <!-- verifyCodeExecutionforGraphRepresentationPage -->
  <system-out/>
  <testcase classname="dsAlgoTests.GraphTest" name="verifyCodeExecutionforGraphRepresentationPage" time="0.000">
    <skipped/>
  </testcase> <!-- verifyCodeExecutionforGraphRepresentationPage -->
  <system-out/>
  <testcase classname="dsAlgoTests.GraphTest" name="verifyCodeExecutionforGraphPage" time="0.000">
    <skipped/>
  </testcase> <!-- verifyCodeExecutionforGraphPage -->
  <system-out/>
  <testcase classname="dsAlgoTests.GraphTest" name="navigateToGraphPracticeQuestions" time="0.000">
    <skipped/>
  </testcase> <!-- navigateToGraphPracticeQuestions -->
  <system-out/>
  <testcase classname="dsAlgoTests.GraphTest" name="verifyCodeExecutionforGraphRepresentationPage" time="0.000">
    <skipped/>
  </testcase> <!-- verifyCodeExecutionforGraphRepresentationPage -->
  <system-out/>
  <testcase classname="dsAlgoTests.GraphTest" name="verifyCodeExecutionforGraphRepresentationPage" time="0.000">
    <skipped/>
  </testcase> <!-- verifyCodeExecutionforGraphRepresentationPage -->
  <system-out/>
  <testcase classname="dsAlgoTests.GraphTest" name="verifyCodeExecutionforGraphRepresentationPage" time="0.000">
    <skipped/>
  </testcase> <!-- verifyCodeExecutionforGraphRepresentationPage -->
  <system-out/>
  <testcase classname="dsAlgoTests.GraphTest" name="verifyCodeExecutionforGraphRepresentationPage" time="0.000">
    <skipped/>
  </testcase> <!-- verifyCodeExecutionforGraphRepresentationPage -->
  <system-out/>
  <testcase classname="dsAlgoTests.GraphTest" name="verifyCodeExecutionforGraphRepresentationPage" time="0.000">
    <skipped/>
  </testcase> <!-- verifyCodeExecutionforGraphRepresentationPage -->
  <system-out/>
  <testcase classname="dsAlgoTests.GraphTest" name="verifyCodeExecutionforGraphRepresentationPage" time="0.000">
    <skipped/>
  </testcase> <!-- verifyCodeExecutionforGraphRepresentationPage -->
  <system-out/>
  <testcase classname="dsAlgoTests.GraphTest" name="verifyCodeExecutionforGraphPage" time="0.000">
    <skipped/>
  </testcase> <!-- verifyCodeExecutionforGraphPage -->
  <system-out/>
  <testcase classname="dsAlgoTests.GraphTest" name="verifyCodeExecutionforGraphPage" time="0.000">
    <skipped/>
  </testcase> <!-- verifyCodeExecutionforGraphPage -->
  <system-out/>
  <testcase classname="dsAlgoTests.GraphTest" name="verifyCodeExecutionforGraphRepresentationPage" time="0.000">
    <skipped/>
  </testcase> <!-- verifyCodeExecutionforGraphRepresentationPage -->
  <system-out/>
  <testcase classname="dsAlgoTests.GraphTest" name="verifyCodeExecutionforGraphPage" time="0.000">
    <skipped/>
  </testcase> <!-- verifyCodeExecutionforGraphPage -->
  <system-out/>
  <testcase classname="dsAlgoTests.GraphTest" name="verifyCodeExecutionforGraphPage" time="0.000">
    <skipped/>
  </testcase> <!-- verifyCodeExecutionforGraphPage -->
  <system-out/>
  <testcase classname="dsAlgoTests.GraphTest" name="verifyCodeExecutionforGraphPage" time="0.000">
    <skipped/>
  </testcase> <!-- verifyCodeExecutionforGraphPage -->
  <system-out/>
  <testcase classname="dsAlgoTests.GraphTest" name="verifyCodeExecutionforGraphRepresentationPage" time="0.000">
    <skipped/>
  </testcase> <!-- verifyCodeExecutionforGraphRepresentationPage -->
  <system-out/>
  <testcase classname="dsAlgoTests.GraphTest" name="verifyCodeExecutionforGraphPage" time="0.000">
    <skipped/>
  </testcase> <!-- verifyCodeExecutionforGraphPage -->
  <system-out/>
  <testcase classname="dsAlgoTests.GraphTest" name="verifyCodeExecutionforGraphRepresentationPage" time="0.000">
    <skipped/>
  </testcase> <!-- verifyCodeExecutionforGraphRepresentationPage -->
  <system-out/>
  <testcase classname="dsAlgoTests.GraphTest" name="verifyCodeExecutionforGraphPage" time="0.000">
    <skipped/>
  </testcase> <!-- verifyCodeExecutionforGraphPage -->
  <system-out/>
  <testcase classname="dsAlgoTests.GraphTest" name="verifyCodeExecutionforGraphRepresentationPage" time="0.000">
    <skipped/>
  </testcase> <!-- verifyCodeExecutionforGraphRepresentationPage -->
  <system-out/>
  <testcase classname="dsAlgoTests.GraphTest" name="verifyCodeExecutionforGraphRepresentationPage" time="0.000">
    <skipped/>
  </testcase> <!-- verifyCodeExecutionforGraphRepresentationPage -->
  <system-out/>
  <testcase classname="dsAlgoTests.GraphTest" name="verifyCodeExecutionforGraphRepresentationPage" time="0.000">
    <skipped/>
  </testcase> <!-- verifyCodeExecutionforGraphRepresentationPage -->
  <system-out/>
  <testcase classname="dsAlgoTests.GraphTest" name="verifyCodeExecutionforGraphPage" time="0.000">
    <skipped/>
  </testcase> <!-- verifyCodeExecutionforGraphPage -->
  <system-out/>
  <testcase classname="dsAlgoTests.GraphTest" name="verifyCodeExecutionforGraphRepresentationPage" time="0.000">
    <skipped/>
  </testcase> <!-- verifyCodeExecutionforGraphRepresentationPage -->
  <system-out/>
  <testcase classname="dsAlgoTests.GraphTest" name="verifyCodeExecutionforGraphPage" time="0.000">
    <skipped/>
  </testcase> <!-- verifyCodeExecutionforGraphPage -->
  <system-out/>
  <testcase classname="dsAlgoTests.GraphTest" name="verifyCodeExecutionforGraphRepresentationPage" time="0.000">
    <skipped/>
  </testcase> <!-- verifyCodeExecutionforGraphRepresentationPage -->
  <system-out/>
  <testcase classname="dsAlgoTests.GraphTest" name="verifyCodeExecutionforGraphPage" time="0.000">
    <skipped/>
  </testcase> <!-- verifyCodeExecutionforGraphPage -->
  <system-out/>
  <testcase classname="dsAlgoTests.GraphTest" name="verifyCodeExecutionforGraphPage" time="0.000">
    <skipped/>
  </testcase> <!-- verifyCodeExecutionforGraphPage -->
  <system-out/>
  <testcase classname="dsAlgoTests.GraphTest" name="verifyCodeExecutionforGraphPage" time="0.000">
    <skipped/>
  </testcase> <!-- verifyCodeExecutionforGraphPage -->
  <system-out/>
  <testcase classname="dsAlgoTests.GraphTest" name="verifyCodeExecutionforGraphRepresentationPage" time="0.000">
    <skipped/>
  </testcase> <!-- verifyCodeExecutionforGraphRepresentationPage -->
  <system-out/>
  <testcase classname="dsAlgoTests.GraphTest" name="verifyCodeExecutionforGraphRepresentationPage" time="0.000">
    <skipped/>
  </testcase> <!-- verifyCodeExecutionforGraphRepresentationPage -->
  <system-out/>
  <testcase classname="dsAlgoTests.GraphTest" name="verifyCodeExecutionforGraphRepresentationPage" time="0.000">
    <skipped/>
  </testcase> <!-- verifyCodeExecutionforGraphRepresentationPage -->
  <system-out/>
  <testcase classname="dsAlgoTests.GraphTest" name="verifyCodeExecutionforGraphPage" time="0.000">
    <skipped/>
  </testcase> <!-- verifyCodeExecutionforGraphPage -->
  <system-out/>
  <testcase classname="dsAlgoTests.GraphTest" name="verifyCodeExecutionforGraphRepresentationPage" time="0.000">
    <skipped/>
  </testcase> <!-- verifyCodeExecutionforGraphRepresentationPage -->
  <system-out/>
  <testcase classname="dsAlgoTests.GraphTest" name="verifyCodeExecutionforGraphRepresentationPage" time="0.000">
    <skipped/>
  </testcase> <!-- verifyCodeExecutionforGraphRepresentationPage -->
  <system-out/>
  <testcase classname="dsAlgoTests.GraphTest" name="verifyCodeExecutionforGraphRepresentationPage" time="0.000">
    <skipped/>
  </testcase> <!-- verifyCodeExecutionforGraphRepresentationPage -->
  <system-out/>
  <testcase classname="dsAlgoTests.GraphTest" name="verifyCodeExecutionforGraphPage" time="0.000">
    <skipped/>
  </testcase> <!-- verifyCodeExecutionforGraphPage -->
  <system-out/>
  <testcase classname="dsAlgoTests.GraphTest" name="verifyCodeExecutionforGraphPage" time="0.000">
    <skipped/>
  </testcase> <!-- verifyCodeExecutionforGraphPage -->
  <system-out/>
  <testcase classname="dsAlgoTests.GraphTest" name="verifyCodeExecutionforGraphRepresentationPage" time="0.000">
    <skipped/>
  </testcase> <!-- verifyCodeExecutionforGraphRepresentationPage -->
  <system-out/>
  <testcase classname="dsAlgoTests.GraphTest" name="verifyCodeExecutionforGraphRepresentationPage" time="0.000">
    <skipped/>
  </testcase> <!-- verifyCodeExecutionforGraphRepresentationPage -->
  <system-out/>
  <testcase classname="dsAlgoTests.GraphTest" name="verifyCodeExecutionforGraphPage" time="0.000">
    <skipped/>
  </testcase> <!-- verifyCodeExecutionforGraphPage -->
  <system-out/>
  <testcase classname="dsAlgoTests.GraphTest" name="verifyCodeExecutionforGraphPage" time="0.000">
    <skipped/>
  </testcase> <!-- verifyCodeExecutionforGraphPage -->
  <system-out/>
  <testcase classname="dsAlgoTests.GraphTest" name="verifyCodeExecutionforGraphPage" time="0.000">
    <skipped/>
  </testcase> <!-- verifyCodeExecutionforGraphPage -->
  <system-out/>
  <testcase classname="dsAlgoTests.GraphTest" name="verifyCodeExecutionforGraphPage" time="0.000">
    <skipped/>
  </testcase> <!-- verifyCodeExecutionforGraphPage -->
  <system-out/>
  <testcase classname="dsAlgoTests.GraphTest" name="verifyCodeExecutionforGraphPage" time="0.000">
    <skipped/>
  </testcase> <!-- verifyCodeExecutionforGraphPage -->
  <system-out/>
  <testcase classname="dsAlgoTests.GraphTest" name="verifyCodeExecutionforGraphRepresentationPage" time="0.000">
    <skipped/>
  </testcase> <!-- verifyCodeExecutionforGraphRepresentationPage -->
  <system-out/>
  <testcase classname="dsAlgoTests.GraphTest" name="verifyCodeExecutionforGraphRepresentationPage" time="0.000">
    <skipped/>
  </testcase> <!-- verifyCodeExecutionforGraphRepresentationPage -->
  <system-out/>
  <testcase classname="dsAlgoTests.GraphTest" name="verifyCodeExecutionforGraphRepresentationPage" time="0.000">
    <skipped/>
  </testcase> <!-- verifyCodeExecutionforGraphRepresentationPage -->
  <system-out/>
  <testcase classname="dsAlgoTests.GraphTest" name="verifyCodeExecutionforGraphPage" time="0.000">
    <skipped/>
  </testcase> <!-- verifyCodeExecutionforGraphPage -->
  <system-out/>
  <testcase classname="dsAlgoTests.GraphTest" name="verifyCodeExecutionforGraphPage" time="0.000">
    <skipped/>
  </testcase> <!-- verifyCodeExecutionforGraphPage -->
  <system-out/>
  <testcase classname="dsAlgoTests.GraphTest" name="verifyCodeExecutionforGraphRepresentationPage" time="0.000">
    <skipped/>
  </testcase> <!-- verifyCodeExecutionforGraphRepresentationPage -->
  <system-out/>
  <testcase classname="dsAlgoTests.GraphTest" name="verifyCodeExecutionforGraphPage" time="0.000">
    <skipped/>
  </testcase> <!-- verifyCodeExecutionforGraphPage -->
  <system-out/>
  <testcase classname="dsAlgoTests.GraphTest" name="verifyCodeExecutionforGraphRepresentationPage" time="0.000">
    <skipped/>
  </testcase> <!-- verifyCodeExecutionforGraphRepresentationPage -->
  <system-out/>
  <testcase classname="dsAlgoTests.GraphTest" name="verifyCodeExecutionforGraphPage" time="0.000">
    <skipped/>
  </testcase> <!-- verifyCodeExecutionforGraphPage -->
  <system-out/>
  <testcase classname="dsAlgoTests.GraphTest" name="verifyCodeExecutionforGraphRepresentationPage" time="0.000">
    <skipped/>
  </testcase> <!-- verifyCodeExecutionforGraphRepresentationPage -->
  <system-out/>
  <testcase classname="dsAlgoTests.GraphTest" name="verifyCodeExecutionforGraphRepresentationPage" time="0.000">
    <skipped/>
  </testcase> <!-- verifyCodeExecutionforGraphRepresentationPage -->
  <system-out/>
  <testcase classname="dsAlgoTests.GraphTest" name="verifyCodeExecutionforGraphRepresentationPage" time="0.000">
    <skipped/>
  </testcase> <!-- verifyCodeExecutionforGraphRepresentationPage -->
  <system-out/>
  <testcase classname="dsAlgoTests.GraphTest" name="verifyCodeExecutionforGraphRepresentationPage" time="0.000">
    <skipped/>
  </testcase> <!-- verifyCodeExecutionforGraphRepresentationPage -->
  <system-out/>
  <testcase classname="dsAlgoTests.GraphTest" name="verifyCodeExecutionforGraphRepresentationPage" time="0.000">
    <skipped/>
  </testcase> <!-- verifyCodeExecutionforGraphRepresentationPage -->
  <system-out/>
  <testcase classname="dsAlgoTests.GraphTest" name="verifyCodeExecutionforGraphRepresentationPage" time="0.000">
    <skipped/>
  </testcase> <!-- verifyCodeExecutionforGraphRepresentationPage -->
  <system-out/>
  <testcase classname="dsAlgoTests.GraphTest" name="verifyCodeExecutionforGraphRepresentationPage" time="0.000">
    <skipped/>
  </testcase> <!-- verifyCodeExecutionforGraphRepresentationPage -->
  <system-out/>
  <testcase classname="dsAlgoTests.GraphTest" name="verifyCodeExecutionforGraphPage" time="0.000">
    <skipped/>
  </testcase> <!-- verifyCodeExecutionforGraphPage -->
  <system-out/>
  <testcase classname="dsAlgoTests.GraphTest" name="verifyCodeExecutionforGraphPage" time="0.000">
    <skipped/>
  </testcase> <!-- verifyCodeExecutionforGraphPage -->
  <system-out/>
  <testcase classname="dsAlgoTests.GraphTest" name="verifyCodeExecutionforGraphRepresentationPage" time="0.000">
    <skipped/>
  </testcase> <!-- verifyCodeExecutionforGraphRepresentationPage -->
  <system-out/>
  <testcase classname="dsAlgoTests.GraphTest" name="verifyCodeExecutionforGraphRepresentationPage" time="0.000">
    <skipped/>
  </testcase> <!-- verifyCodeExecutionforGraphRepresentationPage -->
  <system-out/>
  <testcase classname="dsAlgoTests.GraphTest" name="verifyCodeExecutionforGraphPage" time="0.000">
    <skipped/>
  </testcase> <!-- verifyCodeExecutionforGraphPage -->
  <system-out/>
  <testcase classname="dsAlgoTests.GraphTest" name="verifyCodeExecutionforGraphPage" time="0.000">
    <skipped/>
  </testcase> <!-- verifyCodeExecutionforGraphPage -->
  <system-out/>
  <testcase classname="dsAlgoTests.GraphTest" name="verifyCodeExecutionforGraphPage" time="0.000">
    <skipped/>
  </testcase> <!-- verifyCodeExecutionforGraphPage -->
  <system-out/>
  <testcase classname="dsAlgoTests.GraphTest" name="verifyCodeExecutionforGraphRepresentationPage" time="0.000">
    <skipped/>
  </testcase> <!-- verifyCodeExecutionforGraphRepresentationPage -->
  <system-out/>
  <testcase classname="dsAlgoTests.GraphTest" name="verifyCodeExecutionforGraphRepresentationPage" time="0.000">
    <skipped/>
  </testcase> <!-- verifyCodeExecutionforGraphRepresentationPage -->
  <system-out/>
  <testcase classname="dsAlgoTests.GraphTest" name="verifyCodeExecutionforGraphPage" time="0.000">
    <skipped/>
  </testcase> <!-- verifyCodeExecutionforGraphPage -->
  <system-out/>
  <testcase classname="dsAlgoTests.GraphTest" name="verifyCodeExecutionforGraphPage" time="0.000">
    <skipped/>
  </testcase> <!-- verifyCodeExecutionforGraphPage -->
  <system-out/>
  <testcase classname="dsAlgoTests.GraphTest" name="verifyCodeExecutionforGraphPage" time="0.000">
    <skipped/>
  </testcase> <!-- verifyCodeExecutionforGraphPage -->
  <system-out/>
  <testcase classname="dsAlgoTests.GraphTest" name="verifyCodeExecutionforGraphPage" time="0.000">
    <skipped/>
  </testcase> <!-- verifyCodeExecutionforGraphPage -->
  <system-out/>
  <testcase classname="dsAlgoTests.GraphTest" name="verifyCodeExecutionforGraphPage" time="0.000">
    <skipped/>
  </testcase> <!-- verifyCodeExecutionforGraphPage -->
  <system-out/>
  <testcase classname="dsAlgoTests.GraphTest" name="verifyCodeExecutionforGraphPage" time="0.000">
    <skipped/>
  </testcase> <!-- verifyCodeExecutionforGraphPage -->
  <system-out/>
  <testcase classname="dsAlgoTests.GraphTest" name="verifyCodeExecutionforGraphRepresentationPage" time="0.000">
    <skipped/>
  </testcase> <!-- verifyCodeExecutionforGraphRepresentationPage -->
  <system-out/>
  <testcase classname="dsAlgoTests.GraphTest" name="verifyCodeExecutionforGraphPage" time="0.000">
    <skipped/>
  </testcase> <!-- verifyCodeExecutionforGraphPage -->
  <system-out/>
  <testcase classname="dsAlgoTests.GraphTest" name="verifyCodeExecutionforGraphPage" time="0.000">
    <skipped/>
  </testcase> <!-- verifyCodeExecutionforGraphPage -->
  <system-out/>
  <testcase classname="dsAlgoTests.GraphTest" name="verifyCodeExecutionforGraphRepresentationPage" time="0.000">
    <skipped/>
  </testcase> <!-- verifyCodeExecutionforGraphRepresentationPage -->
  <system-out/>
  <testcase classname="dsAlgoTests.GraphTest" name="verifyCodeExecutionforGraphRepresentationPage" time="0.000">
    <skipped/>
  </testcase> <!-- verifyCodeExecutionforGraphRepresentationPage -->
  <system-out/>
  <testcase classname="dsAlgoTests.GraphTest" name="verifyCodeExecutionforGraphPage" time="0.000">
    <skipped/>
  </testcase> <!-- verifyCodeExecutionforGraphPage -->
  <system-out/>
  <testcase classname="dsAlgoTests.GraphTest" name="verifyCodeExecutionforGraphPage" time="0.000">
    <skipped/>
  </testcase> <!-- verifyCodeExecutionforGraphPage -->
  <system-out/>
  <testcase classname="dsAlgoTests.GraphTest" name="verifyCodeExecutionforGraphPage" time="0.000">
    <skipped/>
  </testcase> <!-- verifyCodeExecutionforGraphPage -->
  <system-out/>
  <testcase classname="dsAlgoTests.GraphTest" name="verifyCodeExecutionforGraphPage" time="0.000">
    <skipped/>
  </testcase> <!-- verifyCodeExecutionforGraphPage -->
  <system-out/>
  <testcase classname="dsAlgoTests.GraphTest" name="verifyCodeExecutionforGraphPage" time="0.000">
    <skipped/>
  </testcase> <!-- verifyCodeExecutionforGraphPage -->
  <system-out/>
  <testcase classname="dsAlgoTests.GraphTest" name="verifyCodeExecutionforGraphRepresentationPage" time="0.000">
    <skipped/>
  </testcase> <!-- verifyCodeExecutionforGraphRepresentationPage -->
  <system-out/>
  <testcase classname="dsAlgoTests.GraphTest" name="verifyCodeExecutionforGraphPage" time="0.000">
    <skipped/>
  </testcase> <!-- verifyCodeExecutionforGraphPage -->
  <system-out/>
  <testcase classname="dsAlgoTests.GraphTest" name="verifyCodeExecutionforGraphRepresentationPage" time="0.000">
    <skipped/>
  </testcase> <!-- verifyCodeExecutionforGraphRepresentationPage -->
  <system-out/>
  <testcase classname="dsAlgoTests.GraphTest" name="verifyCodeExecutionforGraphRepresentationPage" time="0.000">
    <skipped/>
  </testcase> <!-- verifyCodeExecutionforGraphRepresentationPage -->
  <system-out/>
  <testcase classname="dsAlgoTests.GraphTest" name="verifyCodeExecutionforGraphPage" time="0.000">
    <skipped/>
  </testcase> <!-- verifyCodeExecutionforGraphPage -->
  <system-out/>
  <testcase classname="dsAlgoTests.GraphTest" name="verifyCodeExecutionforGraphRepresentationPage" time="0.000">
    <skipped/>
  </testcase> <!-- verifyCodeExecutionforGraphRepresentationPage -->
  <system-out/>
  <testcase classname="dsAlgoTests.GraphTest" name="verifyCodeExecutionforGraphPage" time="0.000">
    <skipped/>
  </testcase> <!-- verifyCodeExecutionforGraphPage -->
  <system-out/>
  <testcase classname="dsAlgoTests.GraphTest" name="verifyCodeExecutionforGraphPage" time="0.000">
    <skipped/>
  </testcase> <!-- verifyCodeExecutionforGraphPage -->
  <system-out/>
  <testcase classname="dsAlgoTests.GraphTest" name="verifyCodeExecutionforGraphPage" time="0.000">
    <skipped/>
  </testcase> <!-- verifyCodeExecutionforGraphPage -->
  <system-out/>
  <testcase classname="dsAlgoTests.GraphTest" name="verifyCodeExecutionforGraphRepresentationPage" time="0.000">
    <skipped/>
  </testcase> <!-- verifyCodeExecutionforGraphRepresentationPage -->
  <system-out/>
  <testcase classname="dsAlgoTests.GraphTest" name="verifyCodeExecutionforGraphRepresentationPage" time="0.000">
    <skipped/>
  </testcase> <!-- verifyCodeExecutionforGraphRepresentationPage -->
  <system-out/>
  <testcase classname="dsAlgoTests.GraphTest" name="verifyCodeExecutionforGraphRepresentationPage" time="0.000">
    <skipped/>
  </testcase> <!-- verifyCodeExecutionforGraphRepresentationPage -->
  <system-out/>
  <testcase classname="dsAlgoTests.GraphTest" name="verifyCodeExecutionforGraphRepresentationPage" time="0.000">
    <skipped/>
  </testcase> <!-- verifyCodeExecutionforGraphRepresentationPage -->
  <system-out/>
  <testcase classname="dsAlgoTests.GraphTest" name="verifyCodeExecutionforGraphRepresentationPage" time="0.000">
    <skipped/>
  </testcase> <!-- verifyCodeExecutionforGraphRepresentationPage -->
  <system-out/>
  <testcase classname="dsAlgoTests.GraphTest" name="verifyCodeExecutionforGraphPage" time="0.000">
    <skipped/>
  </testcase> <!-- verifyCodeExecutionforGraphPage -->
  <system-out/>
  <testcase classname="dsAlgoTests.GraphTest" name="verifyCodeExecutionforGraphPage" time="0.000">
    <skipped/>
  </testcase> <!-- verifyCodeExecutionforGraphPage -->
  <system-out/>
  <testcase classname="dsAlgoTests.GraphTest" name="verifyCodeExecutionforGraphPage" time="0.000">
    <skipped/>
  </testcase> <!-- verifyCodeExecutionforGraphPage -->
  <system-out/>
  <testcase classname="dsAlgoTests.GraphTest" name="verifyCodeExecutionforGraphPage" time="0.000">
    <skipped/>
  </testcase> <!-- verifyCodeExecutionforGraphPage -->
  <system-out/>
  <testcase classname="dsAlgoTests.GraphTest" name="verifyCodeExecutionforGraphRepresentationPage" time="0.000">
    <skipped/>
  </testcase> <!-- verifyCodeExecutionforGraphRepresentationPage -->
  <system-out/>
  <testcase classname="dsAlgoTests.GraphTest" name="verifyCodeExecutionforGraphPage" time="0.000">
    <skipped/>
  </testcase> <!-- verifyCodeExecutionforGraphPage -->
  <system-out/>
  <testcase classname="dsAlgoTests.GraphTest" name="navigateToGraphRepresentationPracticeQuestions" time="0.000">
    <skipped/>
  </testcase> <!-- navigateToGraphRepresentationPracticeQuestions -->
  <system-out/>
  <testcase classname="dsAlgoTests.GraphTest" name="verifyCodeExecutionforGraphRepresentationPage" time="0.000">
    <skipped/>
  </testcase> <!-- verifyCodeExecutionforGraphRepresentationPage -->
  <system-out/>
  <testcase classname="dsAlgoTests.GraphTest" name="verifyCodeExecutionforGraphRepresentationPage" time="0.000">
    <skipped/>
  </testcase> <!-- verifyCodeExecutionforGraphRepresentationPage -->
  <system-out/>
  <testcase classname="dsAlgoTests.GraphTest" name="verifyCodeExecutionforGraphPage" time="0.000">
    <skipped/>
  </testcase> <!-- verifyCodeExecutionforGraphPage -->
  <system-out/>
  <testcase classname="dsAlgoTests.GraphTest" name="verifyCodeExecutionforGraphRepresentationPage" time="0.000">
    <skipped/>
  </testcase> <!-- verifyCodeExecutionforGraphRepresentationPage -->
  <system-out/>
  <testcase classname="dsAlgoTests.GraphTest" name="verifyCodeExecutionforGraphRepresentationPage" time="0.000">
    <skipped/>
  </testcase> <!-- verifyCodeExecutionforGraphRepresentationPage -->
  <system-out/>
  <testcase classname="dsAlgoTests.GraphTest" name="verifyCodeExecutionforGraphRepresentationPage" time="0.000">
    <skipped/>
  </testcase> <!-- verifyCodeExecutionforGraphRepresentationPage -->
  <system-out/>
  <testcase classname="dsAlgoTests.GraphTest" name="verifyCodeExecutionforGraphRepresentationPage" time="0.000">
    <skipped/>
  </testcase> <!-- verifyCodeExecutionforGraphRepresentationPage -->
  <system-out/>
  <testcase classname="dsAlgoTests.GraphTest" name="verifyCodeExecutionforGraphRepresentationPage" time="0.000">
    <skipped/>
  </testcase> <!-- verifyCodeExecutionforGraphRepresentationPage -->
  <system-out/>
  <testcase classname="dsAlgoTests.GraphTest" name="verifyCodeExecutionforGraphPage" time="0.000">
    <skipped/>
  </testcase> <!-- verifyCodeExecutionforGraphPage -->
  <system-out/>
  <testcase classname="dsAlgoTests.GraphTest" name="verifyCodeExecutionforGraphRepresentationPage" time="0.000">
    <skipped/>
  </testcase> <!-- verifyCodeExecutionforGraphRepresentationPage -->
  <system-out/>
  <testcase classname="dsAlgoTests.GraphTest" name="verifyCodeExecutionforGraphPage" time="0.000">
    <skipped/>
  </testcase> <!-- verifyCodeExecutionforGraphPage -->
  <system-out/>
  <testcase classname="dsAlgoTests.GraphTest" name="verifyCodeExecutionforGraphRepresentationPage" time="0.000">
    <skipped/>
  </testcase> <!-- verifyCodeExecutionforGraphRepresentationPage -->
  <system-out/>
  <testcase classname="dsAlgoTests.GraphTest" name="verifyCodeExecutionforGraphRepresentationPage" time="0.000">
    <skipped/>
  </testcase> <!-- verifyCodeExecutionforGraphRepresentationPage -->
  <system-out/>
  <testcase classname="dsAlgoTests.GraphTest" name="verifyCodeExecutionforGraphRepresentationPage" time="0.000">
    <skipped/>
  </testcase> <!-- verifyCodeExecutionforGraphRepresentationPage -->
  <system-out/>
  <testcase classname="dsAlgoTests.GraphTest" name="verifyCodeExecutionforGraphPage" time="0.000">
    <skipped/>
  </testcase> <!-- verifyCodeExecutionforGraphPage -->
  <system-out/>
  <testcase classname="dsAlgoTests.GraphTest" name="verifyCodeExecutionforGraphPage" time="0.000">
    <skipped/>
  </testcase> <!-- verifyCodeExecutionforGraphPage -->
  <system-out/>
  <testcase classname="dsAlgoTests.GraphTest" name="verifyCodeExecutionforGraphPage" time="0.000">
    <skipped/>
  </testcase> <!-- verifyCodeExecutionforGraphPage -->
  <system-out/>
  <testcase classname="dsAlgoTests.GraphTest" name="verifyCodeExecutionforGraphPage" time="0.000">
    <skipped/>
  </testcase> <!-- verifyCodeExecutionforGraphPage -->
  <system-out/>
  <testcase classname="dsAlgoTests.GraphTest" name="verifyCodeExecutionforGraphRepresentationPage" time="0.000">
    <skipped/>
  </testcase> <!-- verifyCodeExecutionforGraphRepresentationPage -->
  <system-out/>
  <testcase classname="dsAlgoTests.GraphTest" name="verifyCodeExecutionforGraphPage" time="0.000">
    <skipped/>
  </testcase> <!-- verifyCodeExecutionforGraphPage -->
  <system-out/>
  <testcase classname="dsAlgoTests.GraphTest" name="verifyCodeExecutionforGraphPage" time="0.000">
    <skipped/>
  </testcase> <!-- verifyCodeExecutionforGraphPage -->
  <system-out/>
  <testcase classname="dsAlgoTests.GraphTest" name="verifyCodeExecutionforGraphPage" time="0.000">
    <skipped/>
  </testcase> <!-- verifyCodeExecutionforGraphPage -->
  <system-out/>
  <testcase classname="dsAlgoTests.GraphTest" name="verifyCodeExecutionforGraphRepresentationPage" time="0.000">
    <skipped/>
  </testcase> <!-- verifyCodeExecutionforGraphRepresentationPage -->
  <system-out/>
  <testcase classname="dsAlgoTests.GraphTest" name="verifyCodeExecutionforGraphPage" time="0.000">
    <skipped/>
  </testcase> <!-- verifyCodeExecutionforGraphPage -->
  <system-out/>
  <testcase classname="dsAlgoTests.GraphTest" name="verifyCodeExecutionforGraphPage" time="0.000">
    <skipped/>
  </testcase> <!-- verifyCodeExecutionforGraphPage -->
  <system-out/>
  <testcase classname="dsAlgoTests.GraphTest" name="verifyCodeExecutionforGraphRepresentationPage" time="0.000">
    <skipped/>
  </testcase> <!-- verifyCodeExecutionforGraphRepresentationPage -->
  <system-out/>
  <testcase classname="dsAlgoTests.GraphTest" name="verifyCodeExecutionforGraphPage" time="0.000">
    <skipped/>
  </testcase> <!-- verifyCodeExecutionforGraphPage -->
  <system-out/>
  <testcase classname="dsAlgoTests.GraphTest" name="verifyCodeExecutionforGraphPage" time="0.000">
    <skipped/>
  </testcase> <!-- verifyCodeExecutionforGraphPage -->
  <system-out/>
  <testcase classname="dsAlgoTests.GraphTest" name="verifyCodeExecutionforGraphRepresentationPage" time="0.000">
    <skipped/>
  </testcase> <!-- verifyCodeExecutionforGraphRepresentationPage -->
  <system-out/>
  <testcase classname="dsAlgoTests.GraphTest" name="verifyCodeExecutionforGraphRepresentationPage" time="0.000">
    <skipped/>
  </testcase> <!-- verifyCodeExecutionforGraphRepresentationPage -->
  <system-out/>
  <testcase classname="dsAlgoTests.GraphTest" name="verifyCodeExecutionforGraphRepresentationPage" time="0.000">
    <skipped/>
  </testcase> <!-- verifyCodeExecutionforGraphRepresentationPage -->
  <system-out/>
  <testcase classname="dsAlgoTests.GraphTest" name="verifyCodeExecutionforGraphPage" time="0.000">
    <skipped/>
  </testcase> <!-- verifyCodeExecutionforGraphPage -->
  <system-out/>
  <testcase classname="dsAlgoTests.GraphTest" name="verifyCodeExecutionforGraphRepresentationPage" time="0.000">
    <skipped/>
  </testcase> <!-- verifyCodeExecutionforGraphRepresentationPage -->
  <system-out/>
  <testcase classname="dsAlgoTests.GraphTest" name="verifyCodeExecutionforGraphRepresentationPage" time="0.000">
    <skipped/>
  </testcase> <!-- verifyCodeExecutionforGraphRepresentationPage -->
  <system-out/>
  <testcase classname="dsAlgoTests.GraphTest" name="verifyCodeExecutionforGraphRepresentationPage" time="0.000">
    <skipped/>
  </testcase> <!-- verifyCodeExecutionforGraphRepresentationPage -->
  <system-out/>
  <testcase classname="dsAlgoTests.GraphTest" name="verifyCodeExecutionforGraphPage" time="0.000">
    <skipped/>
  </testcase> <!-- verifyCodeExecutionforGraphPage -->
  <system-out/>
  <testcase classname="dsAlgoTests.GraphTest" name="verifyCodeExecutionforGraphRepresentationPage" time="0.000">
    <skipped/>
  </testcase> <!-- verifyCodeExecutionforGraphRepresentationPage -->
  <system-out/>
  <testcase classname="dsAlgoTests.GraphTest" name="verifyCodeExecutionforGraphPage" time="0.000">
    <skipped/>
  </testcase> <!-- verifyCodeExecutionforGraphPage -->
  <system-out/>
  <testcase classname="dsAlgoTests.GraphTest" name="verifyCodeExecutionforGraphPage" time="0.000">
    <skipped/>
  </testcase> <!-- verifyCodeExecutionforGraphPage -->
  <system-out/>
  <testcase classname="dsAlgoTests.GraphTest" name="verifyCodeExecutionforGraphPage" time="0.000">
    <skipped/>
  </testcase> <!-- verifyCodeExecutionforGraphPage -->
  <system-out/>
  <testcase classname="dsAlgoTests.GraphTest" name="verifyCodeExecutionforGraphRepresentationPage" time="0.000">
    <skipped/>
  </testcase> <!-- verifyCodeExecutionforGraphRepresentationPage -->
  <system-out/>
  <testcase classname="dsAlgoTests.GraphTest" name="verifyCodeExecutionforGraphPage" time="0.000">
    <skipped/>
  </testcase> <!-- verifyCodeExecutionforGraphPage -->
  <system-out/>
  <testcase classname="dsAlgoTests.GraphTest" name="verifyCodeExecutionforGraphRepresentationPage" time="0.000">
    <skipped/>
  </testcase> <!-- verifyCodeExecutionforGraphRepresentationPage -->
  <system-out/>
  <testcase classname="dsAlgoTests.GraphTest" name="verifyCodeExecutionforGraphRepresentationPage" time="0.000">
    <skipped/>
  </testcase> <!-- verifyCodeExecutionforGraphRepresentationPage -->
  <system-out/>
  <testcase classname="dsAlgoTests.GraphTest" name="verifyCodeExecutionforGraphPage" time="0.000">
    <skipped/>
  </testcase> <!-- verifyCodeExecutionforGraphPage -->
  <system-out/>
  <testcase classname="dsAlgoTests.GraphTest" name="verifyCodeExecutionforGraphRepresentationPage" time="0.000">
    <skipped/>
  </testcase> <!-- verifyCodeExecutionforGraphRepresentationPage -->
  <system-out/>
  <testcase classname="dsAlgoTests.GraphTest" name="verifyCodeExecutionforGraphPage" time="0.000">
    <skipped/>
  </testcase> <!-- verifyCodeExecutionforGraphPage -->
  <system-out/>
  <testcase classname="dsAlgoTests.GraphTest" name="verifyCodeExecutionforGraphPage" time="0.000">
    <skipped/>
  </testcase> <!-- verifyCodeExecutionforGraphPage -->
  <system-out/>
  <testcase classname="dsAlgoTests.GraphTest" name="verifyCodeExecutionforGraphRepresentationPage" time="0.000">
    <skipped/>
  </testcase> <!-- verifyCodeExecutionforGraphRepresentationPage -->
  <system-out/>
  <testcase classname="dsAlgoTests.GraphTest" name="verifyCodeExecutionforGraphRepresentationPage" time="0.000">
    <skipped/>
  </testcase> <!-- verifyCodeExecutionforGraphRepresentationPage -->
  <system-out/>
  <testcase classname="dsAlgoTests.GraphTest" name="verifyCodeExecutionforGraphPage" time="0.000">
    <skipped/>
  </testcase> <!-- verifyCodeExecutionforGraphPage -->
  <system-out/>
  <testcase classname="dsAlgoTests.GraphTest" name="verifyCodeExecutionforGraphRepresentationPage" time="0.000">
    <skipped/>
  </testcase> <!-- verifyCodeExecutionforGraphRepresentationPage -->
  <system-out/>
  <testcase classname="dsAlgoTests.GraphTest" name="verifyCodeExecutionforGraphPage" time="0.000">
    <skipped/>
  </testcase> <!-- verifyCodeExecutionforGraphPage -->
  <system-out/>
  <testcase classname="dsAlgoTests.GraphTest" name="verifyCodeExecutionforGraphPage" time="0.000">
    <skipped/>
  </testcase> <!-- verifyCodeExecutionforGraphPage -->
  <system-out/>
  <testcase classname="dsAlgoTests.GraphTest" name="verifyCodeExecutionforGraphPage" time="0.000">
    <skipped/>
  </testcase> <!-- verifyCodeExecutionforGraphPage -->
  <system-out/>
  <testcase classname="dsAlgoTests.GraphTest" name="verifyCodeExecutionforGraphPage" time="0.000">
    <skipped/>
  </testcase> <!-- verifyCodeExecutionforGraphPage -->
  <system-out/>
  <testcase classname="dsAlgoTests.GraphTest" name="verifyCodeExecutionforGraphPage" time="0.000">
    <skipped/>
  </testcase> <!-- verifyCodeExecutionforGraphPage -->
  <system-out/>
  <testcase classname="dsAlgoTests.GraphTest" name="verifyCodeExecutionforGraphRepresentationPage" time="0.000">
    <skipped/>
  </testcase> <!-- verifyCodeExecutionforGraphRepresentationPage -->
  <system-out/>
  <testcase classname="dsAlgoTests.GraphTest" name="verifyCodeExecutionforGraphPage" time="0.000">
    <skipped/>
  </testcase> <!-- verifyCodeExecutionforGraphPage -->
  <system-out/>
  <testcase classname="dsAlgoTests.GraphTest" name="verifyCodeExecutionforGraphPage" time="0.000">
    <skipped/>
  </testcase> <!-- verifyCodeExecutionforGraphPage -->
  <system-out/>
  <testcase classname="dsAlgoTests.GraphTest" name="verifyCodeExecutionforGraphPage" time="0.000">
    <skipped/>
  </testcase> <!-- verifyCodeExecutionforGraphPage -->
  <system-out/>
  <testcase classname="dsAlgoTests.GraphTest" name="verifyCodeExecutionforGraphRepresentationPage" time="0.000">
    <skipped/>
  </testcase> <!-- verifyCodeExecutionforGraphRepresentationPage -->
  <system-out/>
  <testcase classname="dsAlgoTests.GraphTest" name="verifyCodeExecutionforGraphRepresentationPage" time="0.000">
    <skipped/>
  </testcase> <!-- verifyCodeExecutionforGraphRepresentationPage -->
  <system-out/>
  <testcase classname="dsAlgoTests.GraphTest" name="verifyCodeExecutionforGraphPage" time="0.000">
    <skipped/>
  </testcase> <!-- verifyCodeExecutionforGraphPage -->
  <system-out/>
  <testcase classname="dsAlgoTests.GraphTest" name="verifyCodeExecutionforGraphRepresentationPage" time="0.000">
    <skipped/>
  </testcase> <!-- verifyCodeExecutionforGraphRepresentationPage -->
  <system-out/>
  <testcase classname="dsAlgoTests.GraphTest" name="verifyCodeExecutionforGraphRepresentationPage" time="0.000">
    <skipped/>
  </testcase> <!-- verifyCodeExecutionforGraphRepresentationPage -->
  <system-out/>
  <testcase classname="dsAlgoTests.GraphTest" name="verifyCodeExecutionforGraphPage" time="0.000">
    <skipped/>
  </testcase> <!-- verifyCodeExecutionforGraphPage -->
  <system-out/>
  <testcase classname="dsAlgoTests.GraphTest" name="verifyCodeExecutionforGraphRepresentationPage" time="0.000">
    <skipped/>
  </testcase> <!-- verifyCodeExecutionforGraphRepresentationPage -->
  <system-out/>
  <testcase classname="dsAlgoTests.GraphTest" name="verifyCodeExecutionforGraphRepresentationPage" time="0.000">
    <skipped/>
  </testcase> <!-- verifyCodeExecutionforGraphRepresentationPage -->
  <system-out/>
  <testcase classname="dsAlgoTests.GraphTest" name="verifyCodeExecutionforGraphRepresentationPage" time="0.000">
    <skipped/>
  </testcase> <!-- verifyCodeExecutionforGraphRepresentationPage -->
  <system-out/>
  <testcase classname="dsAlgoTests.GraphTest" name="verifyCodeExecutionforGraphRepresentationPage" time="0.000">
    <skipped/>
  </testcase> <!-- verifyCodeExecutionforGraphRepresentationPage -->
  <system-out/>
  <testcase classname="dsAlgoTests.GraphTest" name="verifyCodeExecutionforGraphPage" time="0.000">
    <skipped/>
  </testcase> <!-- verifyCodeExecutionforGraphPage -->
  <system-out/>
  <testcase classname="dsAlgoTests.GraphTest" name="verifyCodeExecutionforGraphPage" time="0.000">
    <skipped/>
  </testcase> <!-- verifyCodeExecutionforGraphPage -->
  <system-out/>
  <testcase classname="dsAlgoTests.GraphTest" name="verifyCodeExecutionforGraphPage" time="0.000">
    <skipped/>
  </testcase> <!-- verifyCodeExecutionforGraphPage -->
  <system-out/>
  <testcase classname="dsAlgoTests.GraphTest" name="verifyCodeExecutionforGraphRepresentationPage" time="0.000">
    <skipped/>
  </testcase> <!-- verifyCodeExecutionforGraphRepresentationPage -->
  <system-out/>
  <testcase classname="dsAlgoTests.GraphTest" name="verifyCodeExecutionforGraphRepresentationPage" time="0.000">
    <skipped/>
  </testcase> <!-- verifyCodeExecutionforGraphRepresentationPage -->
  <system-out/>
  <testcase classname="dsAlgoTests.GraphTest" name="verifyCodeExecutionforGraphRepresentationPage" time="0.000">
    <skipped/>
  </testcase> <!-- verifyCodeExecutionforGraphRepresentationPage -->
  <system-out/>
  <testcase classname="dsAlgoTests.GraphTest" name="verifyCodeExecutionforGraphRepresentationPage" time="0.000">
    <skipped/>
  </testcase> <!-- verifyCodeExecutionforGraphRepresentationPage -->
  <system-out/>
  <testcase classname="dsAlgoTests.GraphTest" name="verifyCodeExecutionforGraphPage" time="0.000">
    <skipped/>
  </testcase> <!-- verifyCodeExecutionforGraphPage -->
  <system-out/>
  <testcase classname="dsAlgoTests.GraphTest" name="verifyCodeExecutionforGraphRepresentationPage" time="0.000">
    <skipped/>
  </testcase> <!-- verifyCodeExecutionforGraphRepresentationPage -->
  <system-out/>
  <testcase classname="dsAlgoTests.GraphTest" name="verifyCodeExecutionforGraphPage" time="0.000">
    <skipped/>
  </testcase> <!-- verifyCodeExecutionforGraphPage -->
  <system-out/>
  <testcase classname="dsAlgoTests.GraphTest" name="verifyCodeExecutionforGraphPage" time="0.000">
    <skipped/>
  </testcase> <!-- verifyCodeExecutionforGraphPage -->
  <system-out/>
  <testcase classname="dsAlgoTests.GraphTest" name="verifyCodeExecutionforGraphPage" time="0.000">
    <skipped/>
  </testcase> <!-- verifyCodeExecutionforGraphPage -->
  <system-out/>
  <testcase classname="dsAlgoTests.GraphTest" name="verifyCodeExecutionforGraphRepresentationPage" time="0.000">
    <skipped/>
  </testcase> <!-- verifyCodeExecutionforGraphRepresentationPage -->
  <system-out/>
  <testcase classname="dsAlgoTests.GraphTest" name="verifyCodeExecutionforGraphPage" time="0.000">
    <skipped/>
  </testcase> <!-- verifyCodeExecutionforGraphPage -->
  <system-out/>
  <testcase classname="dsAlgoTests.GraphTest" name="verifyCodeExecutionforGraphRepresentationPage" time="0.000">
    <skipped/>
  </testcase> <!-- verifyCodeExecutionforGraphRepresentationPage -->
  <system-out/>
  <testcase classname="dsAlgoTests.GraphTest" name="verifyCodeExecutionforGraphRepresentationPage" time="0.000">
    <skipped/>
  </testcase> <!-- verifyCodeExecutionforGraphRepresentationPage -->
  <system-out/>
  <testcase classname="dsAlgoTests.GraphTest" name="verifyCodeExecutionforGraphPage" time="0.000">
    <skipped/>
  </testcase> <!-- verifyCodeExecutionforGraphPage -->
  <system-out/>
  <testcase classname="dsAlgoTests.GraphTest" name="verifyCodeExecutionforGraphPage" time="0.000">
    <skipped/>
  </testcase> <!-- verifyCodeExecutionforGraphPage -->
  <system-out/>
  <testcase classname="dsAlgoTests.GraphTest" name="verifyCodeExecutionforGraphPage" time="0.000">
    <skipped/>
  </testcase> <!-- verifyCodeExecutionforGraphPage -->
  <system-out/>
  <testcase classname="dsAlgoTests.GraphTest" name="verifyCodeExecutionforGraphPage" time="0.000">
    <skipped/>
  </testcase> <!-- verifyCodeExecutionforGraphPage -->
  <system-out/>
  <testcase classname="dsAlgoTests.GraphTest" name="verifyCodeExecutionforGraphRepresentationPage" time="0.000">
    <skipped/>
  </testcase> <!-- verifyCodeExecutionforGraphRepresentationPage -->
  <system-out/>
  <testcase classname="dsAlgoTests.GraphTest" name="verifyCodeExecutionforGraphRepresentationPage" time="0.000">
    <skipped/>
  </testcase> <!-- verifyCodeExecutionforGraphRepresentationPage -->
  <system-out/>
  <testcase classname="dsAlgoTests.GraphTest" name="verifyCodeExecutionforGraphPage" time="0.000">
    <skipped/>
  </testcase> <!-- verifyCodeExecutionforGraphPage -->
  <system-out/>
  <testcase classname="dsAlgoTests.GraphTest" name="verifyCodeExecutionforGraphPage" time="0.000">
    <skipped/>
  </testcase> <!-- verifyCodeExecutionforGraphPage -->
  <system-out/>
  <testcase classname="dsAlgoTests.GraphTest" name="verifyCodeExecutionforGraphRepresentationPage" time="0.000">
    <skipped/>
  </testcase> <!-- verifyCodeExecutionforGraphRepresentationPage -->
  <system-out/>
  <testcase classname="dsAlgoTests.GraphTest" name="navigatetoGraphRepresentationtryeditor" time="0.000">
    <skipped/>
  </testcase> <!-- navigatetoGraphRepresentationtryeditor -->
  <system-out/>
  <testcase classname="dsAlgoTests.GraphTest" name="verifyCodeExecutionforGraphPage" time="0.000">
    <skipped/>
  </testcase> <!-- verifyCodeExecutionforGraphPage -->
  <system-out/>
  <testcase classname="dsAlgoTests.GraphTest" name="verifyCodeExecutionforGraphPage" time="0.000">
    <skipped/>
  </testcase> <!-- verifyCodeExecutionforGraphPage -->
  <system-out/>
  <testcase classname="dsAlgoTests.GraphTest" name="verifyCodeExecutionforGraphRepresentationPage" time="0.000">
    <skipped/>
  </testcase> <!-- verifyCodeExecutionforGraphRepresentationPage -->
  <system-out/>
  <testcase classname="dsAlgoTests.GraphTest" name="verifyCodeExecutionforGraphRepresentationPage" time="0.000">
    <skipped/>
  </testcase> <!-- verifyCodeExecutionforGraphRepresentationPage -->
  <system-out/>
  <testcase classname="dsAlgoTests.GraphTest" name="verifyCodeExecutionforGraphRepresentationPage" time="0.000">
    <skipped/>
  </testcase> <!-- verifyCodeExecutionforGraphRepresentationPage -->
  <system-out/>
  <testcase classname="dsAlgoTests.GraphTest" name="verifyCodeExecutionforGraphRepresentationPage" time="0.000">
    <skipped/>
  </testcase> <!-- verifyCodeExecutionforGraphRepresentationPage -->
  <system-out/>
  <testcase classname="dsAlgoTests.GraphTest" name="verifyCodeExecutionforGraphRepresentationPage" time="0.000">
    <skipped/>
  </testcase> <!-- verifyCodeExecutionforGraphRepresentationPage -->
  <system-out/>
  <testcase classname="dsAlgoTests.GraphTest" name="verifyCodeExecutionforGraphPage" time="0.000">
    <skipped/>
  </testcase> <!-- verifyCodeExecutionforGraphPage -->
  <system-out/>
  <testcase classname="dsAlgoTests.GraphTest" name="verifyCodeExecutionforGraphRepresentationPage" time="0.000">
    <skipped/>
  </testcase> <!-- verifyCodeExecutionforGraphRepresentationPage -->
  <system-out/>
  <testcase classname="dsAlgoTests.GraphTest" name="verifyCodeExecutionforGraphPage" time="0.000">
    <skipped/>
  </testcase> <!-- verifyCodeExecutionforGraphPage -->
  <system-out/>
  <testcase classname="dsAlgoTests.GraphTest" name="verifyCodeExecutionforGraphPage" time="0.000">
    <skipped/>
  </testcase> <!-- verifyCodeExecutionforGraphPage -->
  <system-out/>
  <testcase classname="dsAlgoTests.GraphTest" name="verifyCodeExecutionforGraphPage" time="0.000">
    <skipped/>
  </testcase> <!-- verifyCodeExecutionforGraphPage -->
  <system-out/>
  <testcase classname="dsAlgoTests.GraphTest" name="verifyCodeExecutionforGraphPage" time="0.000">
    <skipped/>
  </testcase> <!-- verifyCodeExecutionforGraphPage -->
  <system-out/>
  <testcase classname="dsAlgoTests.GraphTest" name="verifyCodeExecutionforGraphPage" time="0.000">
    <skipped/>
  </testcase> <!-- verifyCodeExecutionforGraphPage -->
  <system-out/>
  <testcase classname="dsAlgoTests.GraphTest" name="verifyCodeExecutionforGraphPage" time="0.000">
    <skipped/>
  </testcase> <!-- verifyCodeExecutionforGraphPage -->
  <system-out/>
  <testcase classname="dsAlgoTests.GraphTest" name="verifyCodeExecutionforGraphRepresentationPage" time="0.000">
    <skipped/>
  </testcase> <!-- verifyCodeExecutionforGraphRepresentationPage -->
  <system-out/>
  <testcase classname="dsAlgoTests.GraphTest" name="verifyCodeExecutionforGraphRepresentationPage" time="0.000">
    <skipped/>
  </testcase> <!-- verifyCodeExecutionforGraphRepresentationPage -->
  <system-out/>
  <testcase classname="dsAlgoTests.GraphTest" name="verifyCodeExecutionforGraphRepresentationPage" time="0.000">
    <skipped/>
  </testcase> <!-- verifyCodeExecutionforGraphRepresentationPage -->
  <system-out/>
  <testcase classname="dsAlgoTests.GraphTest" name="verifyCodeExecutionforGraphRepresentationPage" time="0.000">
    <skipped/>
  </testcase> <!-- verifyCodeExecutionforGraphRepresentationPage -->
  <system-out/>
  <testcase classname="dsAlgoTests.GraphTest" name="verifyCodeExecutionforGraphRepresentationPage" time="0.000">
    <skipped/>
  </testcase> <!-- verifyCodeExecutionforGraphRepresentationPage -->
  <system-out/>
  <testcase classname="dsAlgoTests.GraphTest" name="verifyCodeExecutionforGraphRepresentationPage" time="0.000">
    <skipped/>
  </testcase> <!-- verifyCodeExecutionforGraphRepresentationPage -->
  <system-out/>
  <testcase classname="dsAlgoTests.GraphTest" name="verifyCodeExecutionforGraphPage" time="0.000">
    <skipped/>
  </testcase> <!-- verifyCodeExecutionforGraphPage -->
  <system-out/>
  <testcase classname="dsAlgoTests.GraphTest" name="verifyCodeExecutionforGraphRepresentationPage" time="0.000">
    <skipped/>
  </testcase> <!-- verifyCodeExecutionforGraphRepresentationPage -->
  <system-out/>
  <testcase classname="dsAlgoTests.GraphTest" name="verifyCodeExecutionforGraphPage" time="0.000">
    <skipped/>
  </testcase> <!-- verifyCodeExecutionforGraphPage -->
  <system-out/>
  <testcase classname="dsAlgoTests.GraphTest" name="verifyCodeExecutionforGraphRepresentationPage" time="0.000">
    <skipped/>
  </testcase> <!-- verifyCodeExecutionforGraphRepresentationPage -->
  <system-out/>
  <testcase classname="dsAlgoTests.GraphTest" name="verifyCodeExecutionforGraphPage" time="0.000">
    <skipped/>
  </testcase> <!-- verifyCodeExecutionforGraphPage -->
  <system-out/>
  <testcase classname="dsAlgoTests.GraphTest" name="verifyCodeExecutionforGraphRepresentationPage" time="0.000">
    <skipped/>
  </testcase> <!-- verifyCodeExecutionforGraphRepresentationPage -->
  <system-out/>
  <testcase classname="dsAlgoTests.GraphTest" name="verifyCodeExecutionforGraphPage" time="0.000">
    <skipped/>
  </testcase> <!-- verifyCodeExecutionforGraphPage -->
  <system-out/>
  <testcase classname="dsAlgoTests.GraphTest" name="verifyCodeExecutionforGraphRepresentationPage" time="0.000">
    <skipped/>
  </testcase> <!-- verifyCodeExecutionforGraphRepresentationPage -->
  <system-out/>
  <testcase classname="dsAlgoTests.GraphTest" name="verifyCodeExecutionforGraphRepresentationPage" time="0.000">
    <skipped/>
  </testcase> <!-- verifyCodeExecutionforGraphRepresentationPage -->
  <system-out/>
  <testcase classname="dsAlgoTests.GraphTest" name="verifyCodeExecutionforGraphRepresentationPage" time="0.000">
    <skipped/>
  </testcase> <!-- verifyCodeExecutionforGraphRepresentationPage -->
  <system-out/>
  <testcase classname="dsAlgoTests.GraphTest" name="verifyCodeExecutionforGraphPage" time="0.000">
    <skipped/>
  </testcase> <!-- verifyCodeExecutionforGraphPage -->
  <system-out/>
  <testcase classname="dsAlgoTests.GraphTest" name="verifyCodeExecutionforGraphPage" time="0.000">
    <skipped/>
  </testcase> <!-- verifyCodeExecutionforGraphPage -->
  <system-out/>
  <testcase classname="dsAlgoTests.GraphTest" name="verifyCodeExecutionforGraphPage" time="0.000">
    <skipped/>
  </testcase> <!-- verifyCodeExecutionforGraphPage -->
  <system-out/>
  <testcase classname="dsAlgoTests.GraphTest" name="verifyCodeExecutionforGraphPage" time="0.000">
    <skipped/>
  </testcase> <!-- verifyCodeExecutionforGraphPage -->
  <system-out/>
  <testcase classname="dsAlgoTests.GraphTest" name="verifyCodeExecutionforGraphPage" time="0.000">
    <skipped/>
  </testcase> <!-- verifyCodeExecutionforGraphPage -->
  <system-out/>
  <testcase classname="dsAlgoTests.GraphTest" name="verifyCodeExecutionforGraphRepresentationPage" time="0.000">
    <skipped/>
  </testcase> <!-- verifyCodeExecutionforGraphRepresentationPage -->
  <system-out/>
  <testcase classname="dsAlgoTests.GraphTest" name="verifyCodeExecutionforGraphRepresentationPage" time="0.000">
    <skipped/>
  </testcase> <!-- verifyCodeExecutionforGraphRepresentationPage -->
  <system-out/>
  <testcase classname="dsAlgoTests.GraphTest" name="verifyCodeExecutionforGraphPage" time="0.000">
    <skipped/>
  </testcase> <!-- verifyCodeExecutionforGraphPage -->
  <system-out/>
  <testcase classname="dsAlgoTests.GraphTest" name="verifyCodeExecutionforGraphPage" time="0.000">
    <skipped/>
  </testcase> <!-- verifyCodeExecutionforGraphPage -->
  <system-out/>
  <testcase classname="dsAlgoTests.GraphTest" name="verifyCodeExecutionforGraphPage" time="0.000">
    <skipped/>
  </testcase> <!-- verifyCodeExecutionforGraphPage -->
  <system-out/>
  <testcase classname="dsAlgoTests.GraphTest" name="verifyCodeExecutionforGraphPage" time="0.000">
    <skipped/>
  </testcase> <!-- verifyCodeExecutionforGraphPage -->
  <system-out/>
  <testcase classname="dsAlgoTests.GraphTest" name="verifyCodeExecutionforGraphRepresentationPage" time="0.000">
    <skipped/>
  </testcase> <!-- verifyCodeExecutionforGraphRepresentationPage -->
  <system-out/>
  <testcase classname="dsAlgoTests.GraphTest" name="verifyCodeExecutionforGraphRepresentationPage" time="0.000">
    <skipped/>
  </testcase> <!-- verifyCodeExecutionforGraphRepresentationPage -->
  <system-out/>
  <testcase classname="dsAlgoTests.GraphTest" name="verifyCodeExecutionforGraphPage" time="0.000">
    <skipped/>
  </testcase> <!-- verifyCodeExecutionforGraphPage -->
  <system-out/>
  <testcase classname="dsAlgoTests.GraphTest" name="verifyCodeExecutionforGraphRepresentationPage" time="0.000">
    <skipped/>
  </testcase> <!-- verifyCodeExecutionforGraphRepresentationPage -->
  <system-out/>
  <testcase classname="dsAlgoTests.GraphTest" name="verifyCodeExecutionforGraphRepresentationPage" time="0.000">
    <skipped/>
  </testcase> <!-- verifyCodeExecutionforGraphRepresentationPage -->
  <system-out/>
  <testcase classname="dsAlgoTests.GraphTest" name="verifyCodeExecutionforGraphRepresentationPage" time="0.000">
    <skipped/>
  </testcase> <!-- verifyCodeExecutionforGraphRepresentationPage -->
  <system-out/>
  <testcase classname="dsAlgoTests.GraphTest" name="verifyCodeExecutionforGraphPage" time="0.000">
    <skipped/>
  </testcase> <!-- verifyCodeExecutionforGraphPage -->
  <system-out/>
  <testcase classname="dsAlgoTests.GraphTest" name="verifyCodeExecutionforGraphRepresentationPage" time="0.000">
    <skipped/>
  </testcase> <!-- verifyCodeExecutionforGraphRepresentationPage -->
  <system-out/>
  <testcase classname="dsAlgoTests.GraphTest" name="verifyCodeExecutionforGraphRepresentationPage" time="0.000">
    <skipped/>
  </testcase> <!-- verifyCodeExecutionforGraphRepresentationPage -->
  <system-out/>
  <testcase classname="dsAlgoTests.GraphTest" name="verifyCodeExecutionforGraphPage" time="0.000">
    <skipped/>
  </testcase> <!-- verifyCodeExecutionforGraphPage -->
  <system-out/>
  <testcase classname="dsAlgoTests.GraphTest" name="verifyCodeExecutionforGraphRepresentationPage" time="0.000">
    <skipped/>
  </testcase> <!-- verifyCodeExecutionforGraphRepresentationPage -->
  <system-out/>
  <testcase classname="dsAlgoTests.GraphTest" name="verifyCodeExecutionforGraphPage" time="0.000">
    <skipped/>
  </testcase> <!-- verifyCodeExecutionforGraphPage -->
  <system-out/>
  <testcase classname="dsAlgoTests.GraphTest" name="verifyCodeExecutionforGraphRepresentationPage" time="0.000">
    <skipped/>
  </testcase> <!-- verifyCodeExecutionforGraphRepresentationPage -->
  <system-out/>
  <testcase classname="dsAlgoTests.GraphTest" name="verifyCodeExecutionforGraphPage" time="0.000">
    <skipped/>
  </testcase> <!-- verifyCodeExecutionforGraphPage -->
  <system-out/>
  <testcase classname="dsAlgoTests.GraphTest" name="verifyCodeExecutionforGraphRepresentationPage" time="0.000">
    <skipped/>
  </testcase> <!-- verifyCodeExecutionforGraphRepresentationPage -->
  <system-out/>
  <testcase classname="dsAlgoTests.GraphTest" name="verifyCodeExecutionforGraphPage" time="0.000">
    <skipped/>
  </testcase> <!-- verifyCodeExecutionforGraphPage -->
  <system-out/>
  <testcase classname="dsAlgoTests.GraphTest" name="verifyCodeExecutionforGraphPage" time="0.000">
    <skipped/>
  </testcase> <!-- verifyCodeExecutionforGraphPage -->
  <system-out/>
  <testcase classname="dsAlgoTests.GraphTest" name="verifyCodeExecutionforGraphRepresentationPage" time="0.000">
    <skipped/>
  </testcase> <!-- verifyCodeExecutionforGraphRepresentationPage -->
  <system-out/>
  <testcase classname="dsAlgoTests.GraphTest" name="verifyCodeExecutionforGraphPage" time="0.000">
    <skipped/>
  </testcase> <!-- verifyCodeExecutionforGraphPage -->
  <system-out/>
  <testcase classname="dsAlgoTests.GraphTest" name="verifyCodeExecutionforGraphRepresentationPage" time="0.000">
    <skipped/>
  </testcase> <!-- verifyCodeExecutionforGraphRepresentationPage -->
  <system-out/>
  <testcase classname="dsAlgoTests.GraphTest" name="verifyCodeExecutionforGraphRepresentationPage" time="0.000">
    <skipped/>
  </testcase> <!-- verifyCodeExecutionforGraphRepresentationPage -->
  <system-out/>
  <testcase classname="dsAlgoTests.GraphTest" name="verifyCodeExecutionforGraphRepresentationPage" time="0.000">
    <skipped/>
  </testcase> <!-- verifyCodeExecutionforGraphRepresentationPage -->
  <system-out/>
  <testcase classname="dsAlgoTests.GraphTest" name="verifyCodeExecutionforGraphRepresentationPage" time="0.000">
    <skipped/>
  </testcase> <!-- verifyCodeExecutionforGraphRepresentationPage -->
  <system-out/>
  <testcase classname="dsAlgoTests.GraphTest" name="verifyCodeExecutionforGraphPage" time="0.000">
    <skipped/>
  </testcase> <!-- verifyCodeExecutionforGraphPage -->
  <system-out/>
  <testcase classname="dsAlgoTests.GraphTest" name="verifyCodeExecutionforGraphRepresentationPage" time="0.000">
    <skipped/>
  </testcase> <!-- verifyCodeExecutionforGraphRepresentationPage -->
  <system-out/>
  <testcase classname="dsAlgoTests.GraphTest" name="verifyCodeExecutionforGraphRepresentationPage" time="0.000">
    <skipped/>
  </testcase> <!-- verifyCodeExecutionforGraphRepresentationPage -->
  <system-out/>
  <testcase classname="dsAlgoTests.GraphTest" name="verifyCodeExecutionforGraphRepresentationPage" time="0.000">
    <skipped/>
  </testcase> <!-- verifyCodeExecutionforGraphRepresentationPage -->
  <system-out/>
  <testcase classname="dsAlgoTests.GraphTest" name="verifyCodeExecutionforGraphPage" time="0.000">
    <skipped/>
  </testcase> <!-- verifyCodeExecutionforGraphPage -->
  <system-out/>
  <testcase classname="dsAlgoTests.GraphTest" name="verifyCodeExecutionforGraphRepresentationPage" time="0.000">
    <skipped/>
  </testcase> <!-- verifyCodeExecutionforGraphRepresentationPage -->
  <system-out/>
  <testcase classname="dsAlgoTests.GraphTest" name="verifyCodeExecutionforGraphPage" time="0.000">
    <skipped/>
  </testcase> <!-- verifyCodeExecutionforGraphPage -->
  <system-out/>
  <testcase classname="dsAlgoTests.GraphTest" name="verifyCodeExecutionforGraphRepresentationPage" time="0.000">
    <skipped/>
  </testcase> <!-- verifyCodeExecutionforGraphRepresentationPage -->
  <system-out/>
  <testcase classname="dsAlgoTests.GraphTest" name="verifyCodeExecutionforGraphPage" time="0.000">
    <skipped/>
  </testcase> <!-- verifyCodeExecutionforGraphPage -->
  <system-out/>
  <testcase classname="dsAlgoTests.GraphTest" name="verifyCodeExecutionforGraphPage" time="0.000">
    <skipped/>
  </testcase> <!-- verifyCodeExecutionforGraphPage -->
  <system-out/>
  <testcase classname="dsAlgoTests.GraphTest" name="verifyCodeExecutionforGraphPage" time="0.000">
    <skipped/>
  </testcase> <!-- verifyCodeExecutionforGraphPage -->
  <system-out/>
  <testcase classname="dsAlgoTests.GraphTest" name="verifyCodeExecutionforGraphRepresentationPage" time="0.000">
    <skipped/>
  </testcase> <!-- verifyCodeExecutionforGraphRepresentationPage -->
  <system-out/>
  <testcase classname="dsAlgoTests.GraphTest" name="verifyCodeExecutionforGraphRepresentationPage" time="0.000">
    <skipped/>
  </testcase> <!-- verifyCodeExecutionforGraphRepresentationPage -->
  <system-out/>
  <testcase classname="dsAlgoTests.GraphTest" name="verifyCodeExecutionforGraphPage" time="0.000">
    <skipped/>
  </testcase> <!-- verifyCodeExecutionforGraphPage -->
  <system-out/>
  <testcase classname="dsAlgoTests.GraphTest" name="verifyCodeExecutionforGraphPage" time="0.000">
    <skipped/>
  </testcase> <!-- verifyCodeExecutionforGraphPage -->
  <system-out/>
  <testcase classname="dsAlgoTests.GraphTest" name="verifyCodeExecutionforGraphRepresentationPage" time="0.000">
    <skipped/>
  </testcase> <!-- verifyCodeExecutionforGraphRepresentationPage -->
  <system-out/>
  <testcase classname="dsAlgoTests.GraphTest" name="verifyCodeExecutionforGraphRepresentationPage" time="0.000">
    <skipped/>
  </testcase> <!-- verifyCodeExecutionforGraphRepresentationPage -->
  <system-out/>
  <testcase classname="dsAlgoTests.GraphTest" name="verifyCodeExecutionforGraphPage" time="0.000">
    <skipped/>
  </testcase> <!-- verifyCodeExecutionforGraphPage -->
  <system-out/>
  <testcase classname="dsAlgoTests.GraphTest" name="verifyCodeExecutionforGraphRepresentationPage" time="0.000">
    <skipped/>
  </testcase> <!-- verifyCodeExecutionforGraphRepresentationPage -->
  <system-out/>
  <testcase classname="dsAlgoTests.GraphTest" name="verifyCodeExecutionforGraphPage" time="0.000">
    <skipped/>
  </testcase> <!-- verifyCodeExecutionforGraphPage -->
  <system-out/>
  <testcase classname="dsAlgoTests.GraphTest" name="verifyCodeExecutionforGraphPage" time="0.000">
    <skipped/>
  </testcase> <!-- verifyCodeExecutionforGraphPage -->
  <system-out/>
  <testcase classname="dsAlgoTests.GraphTest" name="verifyCodeExecutionforGraphPage" time="0.000">
    <skipped/>
  </testcase> <!-- verifyCodeExecutionforGraphPage -->
  <system-out/>
  <testcase classname="dsAlgoTests.GraphTest" name="verifyCodeExecutionforGraphPage" time="0.000">
    <skipped/>
  </testcase> <!-- verifyCodeExecutionforGraphPage -->
  <system-out/>
  <testcase classname="dsAlgoTests.GraphTest" name="verifyCodeExecutionforGraphPage" time="0.000">
    <skipped/>
  </testcase> <!-- verifyCodeExecutionforGraphPage -->
  <system-out/>
  <testcase classname="dsAlgoTests.GraphTest" name="verifyCodeExecutionforGraphRepresentationPage" time="0.000">
    <skipped/>
  </testcase> <!-- verifyCodeExecutionforGraphRepresentationPage -->
  <system-out/>
  <testcase classname="dsAlgoTests.GraphTest" name="verifyCodeExecutionforGraphRepresentationPage" time="0.000">
    <skipped/>
  </testcase> <!-- verifyCodeExecutionforGraphRepresentationPage -->
  <system-out/>
  <testcase classname="dsAlgoTests.GraphTest" name="verifyCodeExecutionforGraphPage" time="0.000">
    <skipped/>
  </testcase> <!-- verifyCodeExecutionforGraphPage -->
  <system-out/>
  <testcase classname="dsAlgoTests.GraphTest" name="verifyCodeExecutionforGraphRepresentationPage" time="0.000">
    <skipped/>
  </testcase> <!-- verifyCodeExecutionforGraphRepresentationPage -->
  <system-out/>
  <testcase classname="dsAlgoTests.GraphTest" name="verifyCodeExecutionforGraphRepresentationPage" time="0.000">
    <skipped/>
  </testcase> <!-- verifyCodeExecutionforGraphRepresentationPage -->
  <system-out/>
  <testcase classname="dsAlgoTests.GraphTest" name="verifyCodeExecutionforGraphPage" time="0.000">
    <skipped/>
  </testcase> <!-- verifyCodeExecutionforGraphPage -->
  <system-out/>
  <testcase classname="dsAlgoTests.GraphTest" name="verifyCodeExecutionforGraphRepresentationPage" time="0.000">
    <skipped/>
  </testcase> <!-- verifyCodeExecutionforGraphRepresentationPage -->
  <system-out/>
  <testcase classname="dsAlgoTests.GraphTest" name="verifyCodeExecutionforGraphPage" time="0.000">
    <skipped/>
  </testcase> <!-- verifyCodeExecutionforGraphPage -->
  <system-out/>
  <testcase classname="dsAlgoTests.GraphTest" name="verifyCodeExecutionforGraphRepresentationPage" time="0.000">
    <skipped/>
  </testcase> <!-- verifyCodeExecutionforGraphRepresentationPage -->
  <system-out/>
  <testcase classname="dsAlgoTests.GraphTest" name="verifyCodeExecutionforGraphPage" time="0.000">
    <skipped/>
  </testcase> <!-- verifyCodeExecutionforGraphPage -->
  <system-out/>
  <testcase classname="dsAlgoTests.GraphTest" name="verifyCodeExecutionforGraphRepresentationPage" time="0.000">
    <skipped/>
  </testcase> <!-- verifyCodeExecutionforGraphRepresentationPage -->
  <system-out/>
  <testcase classname="dsAlgoTests.GraphTest" name="verifyCodeExecutionforGraphPage" time="0.000">
    <skipped/>
  </testcase> <!-- verifyCodeExecutionforGraphPage -->
  <system-out/>
  <testcase classname="dsAlgoTests.GraphTest" name="verifyCodeExecutionforGraphRepresentationPage" time="0.000">
    <skipped/>
  </testcase> <!-- verifyCodeExecutionforGraphRepresentationPage -->
  <system-out/>
  <testcase classname="dsAlgoTests.GraphTest" name="verifyCodeExecutionforGraphPage" time="0.000">
    <skipped/>
  </testcase> <!-- verifyCodeExecutionforGraphPage -->
  <system-out/>
  <testcase classname="dsAlgoTests.GraphTest" name="verifyCodeExecutionforGraphPage" time="0.000">
    <skipped/>
  </testcase> <!-- verifyCodeExecutionforGraphPage -->
  <system-out/>
  <testcase classname="dsAlgoTests.GraphTest" name="verifyCodeExecutionforGraphPage" time="0.000">
    <skipped/>
  </testcase> <!-- verifyCodeExecutionforGraphPage -->
  <system-out/>
  <testcase classname="dsAlgoTests.GraphTest" name="verifyCodeExecutionforGraphRepresentationPage" time="0.000">
    <skipped/>
  </testcase> <!-- verifyCodeExecutionforGraphRepresentationPage -->
  <system-out/>
  <testcase classname="dsAlgoTests.GraphTest" name="verifyCodeExecutionforGraphRepresentationPage" time="0.000">
    <skipped/>
  </testcase> <!-- verifyCodeExecutionforGraphRepresentationPage -->
  <system-out/>
  <testcase classname="dsAlgoTests.GraphTest" name="verifyCodeExecutionforGraphPage" time="0.000">
    <skipped/>
  </testcase> <!-- verifyCodeExecutionforGraphPage -->
  <system-out/>
  <testcase classname="dsAlgoTests.GraphTest" name="verifyCodeExecutionforGraphRepresentationPage" time="0.000">
    <skipped/>
  </testcase> <!-- verifyCodeExecutionforGraphRepresentationPage -->
  <system-out/>
  <testcase classname="dsAlgoTests.GraphTest" name="verifyCodeExecutionforGraphRepresentationPage" time="0.000">
    <skipped/>
  </testcase> <!-- verifyCodeExecutionforGraphRepresentationPage -->
  <system-out/>
  <testcase classname="dsAlgoTests.GraphTest" name="verifyCodeExecutionforGraphPage" time="0.000">
    <skipped/>
  </testcase> <!-- verifyCodeExecutionforGraphPage -->
  <system-out/>
  <testcase classname="dsAlgoTests.GraphTest" name="verifyCodeExecutionforGraphPage" time="0.000">
    <skipped/>
  </testcase> <!-- verifyCodeExecutionforGraphPage -->
  <system-out/>
  <testcase classname="dsAlgoTests.GraphTest" name="verifyCodeExecutionforGraphRepresentationPage" time="0.000">
    <skipped/>
  </testcase> <!-- verifyCodeExecutionforGraphRepresentationPage -->
  <system-out/>
  <testcase classname="dsAlgoTests.GraphTest" name="verifyCodeExecutionforGraphPage" time="0.000">
    <skipped/>
  </testcase> <!-- verifyCodeExecutionforGraphPage -->
  <system-out/>
  <testcase classname="dsAlgoTests.GraphTest" name="verifyCodeExecutionforGraphPage" time="0.000">
    <skipped/>
  </testcase> <!-- verifyCodeExecutionforGraphPage -->
  <system-out/>
  <testcase classname="dsAlgoTests.GraphTest" name="verifyCodeExecutionforGraphPage" time="0.000">
    <skipped/>
  </testcase> <!-- verifyCodeExecutionforGraphPage -->
  <system-out/>
  <testcase classname="dsAlgoTests.GraphTest" name="verifyCodeExecutionforGraphPage" time="0.000">
    <skipped/>
  </testcase> <!-- verifyCodeExecutionforGraphPage -->
  <system-out/>
  <testcase classname="dsAlgoTests.GraphTest" name="verifyCodeExecutionforGraphPage" time="0.000">
    <skipped/>
  </testcase> <!-- verifyCodeExecutionforGraphPage -->
  <system-out/>
  <testcase classname="dsAlgoTests.GraphTest" name="verifyCodeExecutionforGraphPage" time="0.000">
    <skipped/>
  </testcase> <!-- verifyCodeExecutionforGraphPage -->
  <system-out/>
  <testcase classname="dsAlgoTests.GraphTest" name="verifyCodeExecutionforGraphPage" time="0.000">
    <skipped/>
  </testcase> <!-- verifyCodeExecutionforGraphPage -->
  <system-out/>
  <testcase classname="dsAlgoTests.GraphTest" name="verifyCodeExecutionforGraphRepresentationPage" time="0.000">
    <skipped/>
  </testcase> <!-- verifyCodeExecutionforGraphRepresentationPage -->
  <system-out/>
  <testcase classname="dsAlgoTests.GraphTest" name="verifyCodeExecutionforGraphPage" time="0.000">
    <skipped/>
  </testcase> <!-- verifyCodeExecutionforGraphPage -->
  <system-out/>
  <testcase classname="dsAlgoTests.GraphTest" name="verifyCodeExecutionforGraphRepresentationPage" time="0.000">
    <skipped/>
  </testcase> <!-- verifyCodeExecutionforGraphRepresentationPage -->
  <system-out/>
  <testcase classname="dsAlgoTests.GraphTest" name="verifyCodeExecutionforGraphPage" time="0.000">
    <skipped/>
  </testcase> <!-- verifyCodeExecutionforGraphPage -->
  <system-out/>
  <testcase classname="dsAlgoTests.GraphTest" name="verifyCodeExecutionforGraphRepresentationPage" time="0.000">
    <skipped/>
  </testcase> <!-- verifyCodeExecutionforGraphRepresentationPage -->
  <system-out/>
  <testcase classname="dsAlgoTests.GraphTest" name="verifyCodeExecutionforGraphRepresentationPage" time="0.000">
    <skipped/>
  </testcase> <!-- verifyCodeExecutionforGraphRepresentationPage -->
  <system-out/>
  <testcase classname="dsAlgoTests.GraphTest" name="verifyCodeExecutionforGraphRepresentationPage" time="0.000">
    <skipped/>
  </testcase> <!-- verifyCodeExecutionforGraphRepresentationPage -->
  <system-out/>
  <testcase classname="dsAlgoTests.GraphTest" name="verifyCodeExecutionforGraphRepresentationPage" time="0.000">
    <skipped/>
  </testcase> <!-- verifyCodeExecutionforGraphRepresentationPage -->
  <system-out/>
  <testcase classname="dsAlgoTests.GraphTest" name="verifyCodeExecutionforGraphPage" time="0.000">
    <skipped/>
  </testcase> <!-- verifyCodeExecutionforGraphPage -->
  <system-out/>
  <testcase classname="dsAlgoTests.GraphTest" name="verifyCodeExecutionforGraphPage" time="0.000">
    <skipped/>
  </testcase> <!-- verifyCodeExecutionforGraphPage -->
  <system-out/>
  <testcase classname="dsAlgoTests.GraphTest" name="verifyCodeExecutionforGraphPage" time="0.000">
    <skipped/>
  </testcase> <!-- verifyCodeExecutionforGraphPage -->
  <system-out/>
  <testcase classname="dsAlgoTests.GraphTest" name="verifyCodeExecutionforGraphPage" time="0.000">
    <skipped/>
  </testcase> <!-- verifyCodeExecutionforGraphPage -->
  <system-out/>
  <testcase classname="dsAlgoTests.GraphTest" name="verifyCodeExecutionforGraphPage" time="0.000">
    <skipped/>
  </testcase> <!-- verifyCodeExecutionforGraphPage -->
  <system-out/>
  <testcase classname="dsAlgoTests.GraphTest" name="verifyCodeExecutionforGraphRepresentationPage" time="0.000">
    <skipped/>
  </testcase> <!-- verifyCodeExecutionforGraphRepresentationPage -->
  <system-out/>
  <testcase classname="dsAlgoTests.GraphTest" name="verifyCodeExecutionforGraphRepresentationPage" time="0.000">
    <skipped/>
  </testcase> <!-- verifyCodeExecutionforGraphRepresentationPage -->
  <system-out/>
  <testcase classname="dsAlgoTests.GraphTest" name="verifyCodeExecutionforGraphRepresentationPage" time="0.000">
    <skipped/>
  </testcase> <!-- verifyCodeExecutionforGraphRepresentationPage -->
  <system-out/>
  <testcase classname="dsAlgoTests.GraphTest" name="verifyCodeExecutionforGraphPage" time="0.000">
    <skipped/>
  </testcase> <!-- verifyCodeExecutionforGraphPage -->
  <system-out/>
  <testcase classname="dsAlgoTests.GraphTest" name="verifyCodeExecutionforGraphRepresentationPage" time="0.000">
    <skipped/>
  </testcase> <!-- verifyCodeExecutionforGraphRepresentationPage -->
  <system-out/>
  <testcase classname="dsAlgoTests.GraphTest" name="verifyCodeExecutionforGraphRepresentationPage" time="0.000">
    <skipped/>
  </testcase> <!-- verifyCodeExecutionforGraphRepresentationPage -->
  <system-out/>
  <testcase classname="dsAlgoTests.GraphTest" name="verifyCodeExecutionforGraphPage" time="0.000">
    <skipped/>
  </testcase> <!-- verifyCodeExecutionforGraphPage -->
  <system-out/>
  <testcase classname="dsAlgoTests.GraphTest" name="verifyCodeExecutionforGraphRepresentationPage" time="0.000">
    <skipped/>
  </testcase> <!-- verifyCodeExecutionforGraphRepresentationPage -->
  <system-out/>
  <testcase classname="dsAlgoTests.GraphTest" name="verifyCodeExecutionforGraphRepresentationPage" time="0.000">
    <skipped/>
  </testcase> <!-- verifyCodeExecutionforGraphRepresentationPage -->
  <system-out/>
  <testcase classname="dsAlgoTests.GraphTest" name="verifyCodeExecutionforGraphRepresentationPage" time="0.000">
    <skipped/>
  </testcase> <!-- verifyCodeExecutionforGraphRepresentationPage -->
  <system-out/>
  <testcase classname="dsAlgoTests.GraphTest" name="verifyCodeExecutionforGraphRepresentationPage" time="0.000">
    <skipped/>
  </testcase> <!-- verifyCodeExecutionforGraphRepresentationPage -->
  <system-out/>
  <testcase classname="dsAlgoTests.GraphTest" name="verifyCodeExecutionforGraphRepresentationPage" time="0.000">
    <skipped/>
  </testcase> <!-- verifyCodeExecutionforGraphRepresentationPage -->
  <system-out/>
  <testcase classname="dsAlgoTests.GraphTest" name="verifyCodeExecutionforGraphPage" time="0.000">
    <skipped/>
  </testcase> <!-- verifyCodeExecutionforGraphPage -->
  <system-out/>
  <testcase classname="dsAlgoTests.GraphTest" name="verifyCodeExecutionforGraphRepresentationPage" time="0.000">
    <skipped/>
  </testcase> <!-- verifyCodeExecutionforGraphRepresentationPage -->
  <system-out/>
  <testcase classname="dsAlgoTests.GraphTest" name="verifyCodeExecutionforGraphRepresentationPage" time="0.000">
    <skipped/>
  </testcase> <!-- verifyCodeExecutionforGraphRepresentationPage -->
  <system-out/>
  <testcase classname="dsAlgoTests.GraphTest" name="verifyCodeExecutionforGraphRepresentationPage" time="0.000">
    <skipped/>
  </testcase> <!-- verifyCodeExecutionforGraphRepresentationPage -->
  <system-out/>
  <testcase classname="dsAlgoTests.GraphTest" name="verifyCodeExecutionforGraphPage" time="0.000">
    <skipped/>
  </testcase> <!-- verifyCodeExecutionforGraphPage -->
  <system-out/>
  <testcase classname="dsAlgoTests.GraphTest" name="verifyCodeExecutionforGraphPage" time="0.000">
    <skipped/>
  </testcase> <!-- verifyCodeExecutionforGraphPage -->
  <system-out/>
  <testcase classname="dsAlgoTests.GraphTest" name="verifyCodeExecutionforGraphRepresentationPage" time="0.000">
    <skipped/>
  </testcase> <!-- verifyCodeExecutionforGraphRepresentationPage -->
  <system-out/>
  <testcase classname="dsAlgoTests.GraphTest" name="verifyCodeExecutionforGraphRepresentationPage" time="0.000">
    <skipped/>
  </testcase> <!-- verifyCodeExecutionforGraphRepresentationPage -->
  <system-out/>
  <testcase classname="dsAlgoTests.GraphTest" name="verifyCodeExecutionforGraphPage" time="0.000">
    <skipped/>
  </testcase> <!-- verifyCodeExecutionforGraphPage -->
  <system-out/>
  <testcase classname="dsAlgoTests.GraphTest" name="verifyCodeExecutionforGraphRepresentationPage" time="0.000">
    <skipped/>
  </testcase> <!-- verifyCodeExecutionforGraphRepresentationPage -->
  <system-out/>
  <testcase classname="dsAlgoTests.GraphTest" name="verifyCodeExecutionforGraphRepresentationPage" time="0.000">
    <skipped/>
  </testcase> <!-- verifyCodeExecutionforGraphRepresentationPage -->
  <system-out/>
  <testcase classname="dsAlgoTests.GraphTest" name="verifyCodeExecutionforGraphPage" time="0.000">
    <skipped/>
  </testcase> <!-- verifyCodeExecutionforGraphPage -->
  <system-out/>
  <testcase classname="dsAlgoTests.GraphTest" name="verifyCodeExecutionforGraphPage" time="0.000">
    <skipped/>
  </testcase> <!-- verifyCodeExecutionforGraphPage -->
  <system-out/>
  <testcase classname="dsAlgoTests.GraphTest" name="verifyCodeExecutionforGraphPage" time="0.000">
    <skipped/>
  </testcase> <!-- verifyCodeExecutionforGraphPage -->
  <system-out/>
  <testcase classname="dsAlgoTests.GraphTest" name="verifyCodeExecutionforGraphRepresentationPage" time="0.000">
    <skipped/>
  </testcase> <!-- verifyCodeExecutionforGraphRepresentationPage -->
  <system-out/>
  <testcase classname="dsAlgoTests.GraphTest" name="verifyCodeExecutionforGraphRepresentationPage" time="0.000">
    <skipped/>
  </testcase> <!-- verifyCodeExecutionforGraphRepresentationPage -->
  <system-out/>
  <testcase classname="dsAlgoTests.GraphTest" name="verifyCodeExecutionforGraphRepresentationPage" time="0.000">
    <skipped/>
  </testcase> <!-- verifyCodeExecutionforGraphRepresentationPage -->
  <system-out/>
  <testcase classname="dsAlgoTests.GraphTest" name="verifyCodeExecutionforGraphPage" time="0.000">
    <skipped/>
  </testcase> <!-- verifyCodeExecutionforGraphPage -->
  <system-out/>
  <testcase classname="dsAlgoTests.GraphTest" name="verifyCodeExecutionforGraphPage" time="0.000">
    <skipped/>
  </testcase> <!-- verifyCodeExecutionforGraphPage -->
  <system-out/>
  <testcase classname="dsAlgoTests.GraphTest" name="verifyCodeExecutionforGraphRepresentationPage" time="0.000">
    <skipped/>
  </testcase> <!-- verifyCodeExecutionforGraphRepresentationPage -->
  <system-out/>
  <testcase classname="dsAlgoTests.GraphTest" name="verifyCodeExecutionforGraphRepresentationPage" time="0.000">
    <skipped/>
  </testcase> <!-- verifyCodeExecutionforGraphRepresentationPage -->
  <system-out/>
  <testcase classname="dsAlgoTests.GraphTest" name="verifyCodeExecutionforGraphPage" time="0.000">
    <skipped/>
  </testcase> <!-- verifyCodeExecutionforGraphPage -->
  <system-out/>
  <testcase classname="dsAlgoTests.GraphTest" name="verifyCodeExecutionforGraphPage" time="0.000">
    <skipped/>
  </testcase> <!-- verifyCodeExecutionforGraphPage -->
  <system-out/>
  <testcase classname="dsAlgoTests.GraphTest" name="verifyCodeExecutionforGraphPage" time="0.000">
    <skipped/>
  </testcase> <!-- verifyCodeExecutionforGraphPage -->
  <system-out/>
  <testcase classname="dsAlgoTests.GraphTest" name="verifyCodeExecutionforGraphPage" time="0.000">
    <skipped/>
  </testcase> <!-- verifyCodeExecutionforGraphPage -->
  <system-out/>
  <testcase classname="dsAlgoTests.GraphTest" name="verifyCodeExecutionforGraphRepresentationPage" time="0.000">
    <skipped/>
  </testcase> <!-- verifyCodeExecutionforGraphRepresentationPage -->
  <system-out/>
  <testcase classname="dsAlgoTests.GraphTest" name="verifyCodeExecutionforGraphRepresentationPage" time="0.000">
    <skipped/>
  </testcase> <!-- verifyCodeExecutionforGraphRepresentationPage -->
  <system-out/>
  <testcase classname="dsAlgoTests.GraphTest" name="verifyCodeExecutionforGraphPage" time="0.000">
    <skipped/>
  </testcase> <!-- verifyCodeExecutionforGraphPage -->
  <system-out/>
  <testcase classname="dsAlgoTests.GraphTest" name="verifyCodeExecutionforGraphRepresentationPage" time="0.000">
    <skipped/>
  </testcase> <!-- verifyCodeExecutionforGraphRepresentationPage -->
  <system-out/>
  <testcase classname="dsAlgoTests.GraphTest" name="verifyCodeExecutionforGraphRepresentationPage" time="0.000">
    <skipped/>
  </testcase> <!-- verifyCodeExecutionforGraphRepresentationPage -->
  <system-out/>
  <testcase classname="dsAlgoTests.GraphTest" name="verifyCodeExecutionforGraphRepresentationPage" time="0.000">
    <skipped/>
  </testcase> <!-- verifyCodeExecutionforGraphRepresentationPage -->
  <system-out/>
  <testcase classname="dsAlgoTests.GraphTest" name="verifyCodeExecutionforGraphPage" time="0.000">
    <skipped/>
  </testcase> <!-- verifyCodeExecutionforGraphPage -->
  <system-out/>
  <testcase classname="dsAlgoTests.GraphTest" name="verifyCodeExecutionforGraphRepresentationPage" time="0.000">
    <skipped/>
  </testcase> <!-- verifyCodeExecutionforGraphRepresentationPage -->
  <system-out/>
  <testcase classname="dsAlgoTests.GraphTest" name="verifyCodeExecutionforGraphRepresentationPage" time="0.000">
    <skipped/>
  </testcase> <!-- verifyCodeExecutionforGraphRepresentationPage -->
  <system-out/>
  <testcase classname="dsAlgoTests.GraphTest" name="verifyCodeExecutionforGraphRepresentationPage" time="0.000">
    <skipped/>
  </testcase> <!-- verifyCodeExecutionforGraphRepresentationPage -->
  <system-out/>
  <testcase classname="dsAlgoTests.GraphTest" name="verifyCodeExecutionforGraphPage" time="0.000">
    <skipped/>
  </testcase> <!-- verifyCodeExecutionforGraphPage -->
  <system-out/>
  <testcase classname="dsAlgoTests.GraphTest" name="verifyCodeExecutionforGraphRepresentationPage" time="0.000">
    <skipped/>
  </testcase> <!-- verifyCodeExecutionforGraphRepresentationPage -->
  <system-out/>
  <testcase classname="dsAlgoTests.GraphTest" name="verifyCodeExecutionforGraphPage" time="0.000">
    <skipped/>
  </testcase> <!-- verifyCodeExecutionforGraphPage -->
  <system-out/>
  <testcase classname="dsAlgoTests.GraphTest" name="verifyCodeExecutionforGraphPage" time="0.000">
    <skipped/>
  </testcase> <!-- verifyCodeExecutionforGraphPage -->
  <system-out/>
  <testcase classname="dsAlgoTests.GraphTest" name="verifyCodeExecutionforGraphPage" time="0.000">
    <skipped/>
  </testcase> <!-- verifyCodeExecutionforGraphPage -->
  <system-out/>
  <testcase classname="dsAlgoTests.GraphTest" name="verifyCodeExecutionforGraphPage" time="0.000">
    <skipped/>
  </testcase> <!-- verifyCodeExecutionforGraphPage -->
  <system-out/>
  <testcase classname="dsAlgoTests.GraphTest" name="verifyCodeExecutionforGraphRepresentationPage" time="0.000">
    <skipped/>
  </testcase> <!-- verifyCodeExecutionforGraphRepresentationPage -->
  <system-out/>
  <testcase classname="dsAlgoTests.GraphTest" name="verifyCodeExecutionforGraphRepresentationPage" time="0.000">
    <skipped/>
  </testcase> <!-- verifyCodeExecutionforGraphRepresentationPage -->
  <system-out/>
  <testcase classname="dsAlgoTests.GraphTest" name="verifyCodeExecutionforGraphPage" time="0.000">
    <skipped/>
  </testcase> <!-- verifyCodeExecutionforGraphPage -->
  <system-out/>
  <testcase classname="dsAlgoTests.GraphTest" name="verifyCodeExecutionforGraphPage" time="0.000">
    <skipped/>
  </testcase> <!-- verifyCodeExecutionforGraphPage -->
  <system-out/>
  <testcase classname="dsAlgoTests.GraphTest" name="verifyCodeExecutionforGraphRepresentationPage" time="0.000">
    <skipped/>
  </testcase> <!-- verifyCodeExecutionforGraphRepresentationPage -->
  <system-out/>
  <testcase classname="dsAlgoTests.GraphTest" name="verifyCodeExecutionforGraphPage" time="0.000">
    <skipped/>
  </testcase> <!-- verifyCodeExecutionforGraphPage -->
  <system-out/>
  <testcase classname="dsAlgoTests.GraphTest" name="verifyCodeExecutionforGraphPage" time="0.000">
    <skipped/>
  </testcase> <!-- verifyCodeExecutionforGraphPage -->
  <system-out/>
  <testcase classname="dsAlgoTests.GraphTest" name="verifyCodeExecutionforGraphRepresentationPage" time="0.000">
    <skipped/>
  </testcase> <!-- verifyCodeExecutionforGraphRepresentationPage -->
  <system-out/>
  <testcase classname="dsAlgoTests.GraphTest" name="verifyCodeExecutionforGraphPage" time="0.000">
    <skipped/>
  </testcase> <!-- verifyCodeExecutionforGraphPage -->
  <system-out/>
  <testcase classname="dsAlgoTests.GraphTest" name="verifyCodeExecutionforGraphPage" time="0.000">
    <skipped/>
  </testcase> <!-- verifyCodeExecutionforGraphPage -->
  <system-out/>
  <testcase classname="dsAlgoTests.GraphTest" name="verifyCodeExecutionforGraphRepresentationPage" time="0.000">
    <skipped/>
  </testcase> <!-- verifyCodeExecutionforGraphRepresentationPage -->
  <system-out/>
  <testcase classname="dsAlgoTests.GraphTest" name="verifyCodeExecutionforGraphRepresentationPage" time="0.000">
    <skipped/>
  </testcase> <!-- verifyCodeExecutionforGraphRepresentationPage -->
  <system-out/>
  <testcase classname="dsAlgoTests.GraphTest" name="verifyCodeExecutionforGraphRepresentationPage" time="0.000">
    <skipped/>
  </testcase> <!-- verifyCodeExecutionforGraphRepresentationPage -->
  <system-out/>
  <testcase classname="dsAlgoTests.GraphTest" name="verifyCodeExecutionforGraphRepresentationPage" time="0.000">
    <skipped/>
  </testcase> <!-- verifyCodeExecutionforGraphRepresentationPage -->
  <system-out/>
  <testcase classname="dsAlgoTests.GraphTest" name="verifyCodeExecutionforGraphRepresentationPage" time="0.000">
    <skipped/>
  </testcase> <!-- verifyCodeExecutionforGraphRepresentationPage -->
  <system-out/>
  <testcase classname="dsAlgoTests.GraphTest" name="verifyCodeExecutionforGraphRepresentationPage" time="0.000">
    <skipped/>
  </testcase> <!-- verifyCodeExecutionforGraphRepresentationPage -->
  <system-out/>
  <testcase classname="dsAlgoTests.GraphTest" name="verifyCodeExecutionforGraphPage" time="0.000">
    <skipped/>
  </testcase> <!-- verifyCodeExecutionforGraphPage -->
  <system-out/>
  <testcase classname="dsAlgoTests.GraphTest" name="verifyCodeExecutionforGraphPage" time="0.000">
    <skipped/>
  </testcase> <!-- verifyCodeExecutionforGraphPage -->
  <system-out/>
  <testcase classname="dsAlgoTests.GraphTest" name="verifyCodeExecutionforGraphPage" time="0.000">
    <skipped/>
  </testcase> <!-- verifyCodeExecutionforGraphPage -->
  <system-out/>
  <testcase classname="dsAlgoTests.GraphTest" name="verifyCodeExecutionforGraphRepresentationPage" time="0.000">
    <skipped/>
  </testcase> <!-- verifyCodeExecutionforGraphRepresentationPage -->
  <system-out/>
  <testcase classname="dsAlgoTests.GraphTest" name="verifyCodeExecutionforGraphPage" time="0.000">
    <skipped/>
  </testcase> <!-- verifyCodeExecutionforGraphPage -->
  <system-out/>
  <testcase classname="dsAlgoTests.GraphTest" name="verifyCodeExecutionforGraphPage" time="0.000">
    <skipped/>
  </testcase> <!-- verifyCodeExecutionforGraphPage -->
  <system-out/>
  <testcase classname="dsAlgoTests.GraphTest" name="verifyCodeExecutionforGraphRepresentationPage" time="0.000">
    <skipped/>
  </testcase> <!-- verifyCodeExecutionforGraphRepresentationPage -->
  <system-out/>
  <testcase classname="dsAlgoTests.GraphTest" name="verifyCodeExecutionforGraphPage" time="0.000">
    <skipped/>
  </testcase> <!-- verifyCodeExecutionforGraphPage -->
  <system-out/>
  <testcase classname="dsAlgoTests.GraphTest" name="verifyCodeExecutionforGraphPage" time="0.000">
    <skipped/>
  </testcase> <!-- verifyCodeExecutionforGraphPage -->
  <system-out/>
  <testcase classname="dsAlgoTests.GraphTest" name="verifyCodeExecutionforGraphRepresentationPage" time="0.000">
    <skipped/>
  </testcase> <!-- verifyCodeExecutionforGraphRepresentationPage -->
  <system-out/>
  <testcase classname="dsAlgoTests.GraphTest" name="verifyCodeExecutionforGraphPage" time="0.000">
    <skipped/>
  </testcase> <!-- verifyCodeExecutionforGraphPage -->
  <system-out/>
  <testcase classname="dsAlgoTests.GraphTest" name="verifyCodeExecutionforGraphRepresentationPage" time="0.000">
    <skipped/>
  </testcase> <!-- verifyCodeExecutionforGraphRepresentationPage -->
  <system-out/>
  <testcase classname="dsAlgoTests.GraphTest" name="verifyCodeExecutionforGraphPage" time="0.000">
    <skipped/>
  </testcase> <!-- verifyCodeExecutionforGraphPage -->
  <system-out/>
  <testcase classname="dsAlgoTests.GraphTest" name="verifyCodeExecutionforGraphPage" time="0.000">
    <skipped/>
  </testcase> <!-- verifyCodeExecutionforGraphPage -->
  <system-out/>
  <testcase classname="dsAlgoTests.GraphTest" name="verifyCodeExecutionforGraphPage" time="0.000">
    <skipped/>
  </testcase> <!-- verifyCodeExecutionforGraphPage -->
  <system-out/>
  <testcase classname="dsAlgoTests.GraphTest" name="verifyCodeExecutionforGraphRepresentationPage" time="0.000">
    <skipped/>
  </testcase> <!-- verifyCodeExecutionforGraphRepresentationPage -->
  <system-out/>
  <testcase classname="dsAlgoTests.GraphTest" name="verifyCodeExecutionforGraphPage" time="0.000">
    <skipped/>
  </testcase> <!-- verifyCodeExecutionforGraphPage -->
  <system-out/>
  <testcase classname="dsAlgoTests.GraphTest" name="verifyCodeExecutionforGraphRepresentationPage" time="0.000">
    <skipped/>
  </testcase> <!-- verifyCodeExecutionforGraphRepresentationPage -->
  <system-out/>
  <testcase classname="dsAlgoTests.GraphTest" name="verifyCodeExecutionforGraphPage" time="0.000">
    <skipped/>
  </testcase> <!-- verifyCodeExecutionforGraphPage -->
  <system-out/>
  <testcase classname="dsAlgoTests.GraphTest" name="verifyCodeExecutionforGraphRepresentationPage" time="0.000">
    <skipped/>
  </testcase> <!-- verifyCodeExecutionforGraphRepresentationPage -->
  <system-out/>
  <testcase classname="dsAlgoTests.GraphTest" name="verifyCodeExecutionforGraphPage" time="0.000">
    <skipped/>
  </testcase> <!-- verifyCodeExecutionforGraphPage -->
  <system-out/>
  <testcase classname="dsAlgoTests.GraphTest" name="verifyCodeExecutionforGraphPage" time="0.000">
    <skipped/>
  </testcase> <!-- verifyCodeExecutionforGraphPage -->
  <system-out/>
  <testcase classname="dsAlgoTests.GraphTest" name="verifyCodeExecutionforGraphRepresentationPage" time="0.000">
    <skipped/>
  </testcase> <!-- verifyCodeExecutionforGraphRepresentationPage -->
  <system-out/>
  <testcase classname="dsAlgoTests.GraphTest" name="verifyCodeExecutionforGraphPage" time="0.000">
    <skipped/>
  </testcase> <!-- verifyCodeExecutionforGraphPage -->
  <system-out/>
  <testcase classname="dsAlgoTests.GraphTest" name="verifyCodeExecutionforGraphRepresentationPage" time="0.000">
    <skipped/>
  </testcase> <!-- verifyCodeExecutionforGraphRepresentationPage -->
  <system-out/>
  <testcase classname="dsAlgoTests.GraphTest" name="verifyCodeExecutionforGraphPage" time="0.000">
    <skipped/>
  </testcase> <!-- verifyCodeExecutionforGraphPage -->
  <system-out/>
  <testcase classname="dsAlgoTests.GraphTest" name="navigatetoGraphModule" time="0.000">
    <skipped/>
  </testcase> <!-- navigatetoGraphModule -->
  <system-out/>
  <testcase classname="dsAlgoTests.GraphTest" name="verifyCodeExecutionforGraphRepresentationPage" time="0.000">
    <skipped/>
  </testcase> <!-- verifyCodeExecutionforGraphRepresentationPage -->
  <system-out/>
  <testcase classname="dsAlgoTests.GraphTest" name="verifyCodeExecutionforGraphPage" time="0.000">
    <skipped/>
  </testcase> <!-- verifyCodeExecutionforGraphPage -->
  <system-out/>
  <testcase classname="dsAlgoTests.GraphTest" name="verifyCodeExecutionforGraphRepresentationPage" time="0.000">
    <skipped/>
  </testcase> <!-- verifyCodeExecutionforGraphRepresentationPage -->
  <system-out/>
  <testcase classname="dsAlgoTests.GraphTest" name="verifyCodeExecutionforGraphPage" time="0.000">
    <skipped/>
  </testcase> <!-- verifyCodeExecutionforGraphPage -->
  <system-out/>
  <testcase classname="dsAlgoTests.GraphTest" name="verifyCodeExecutionforGraphRepresentationPage" time="0.000">
    <skipped/>
  </testcase> <!-- verifyCodeExecutionforGraphRepresentationPage -->
  <system-out/>
  <testcase classname="dsAlgoTests.GraphTest" name="verifyCodeExecutionforGraphPage" time="0.000">
    <skipped/>
  </testcase> <!-- verifyCodeExecutionforGraphPage -->
  <system-out/>
  <testcase classname="dsAlgoTests.GraphTest" name="verifyCodeExecutionforGraphPage" time="0.000">
    <skipped/>
  </testcase> <!-- verifyCodeExecutionforGraphPage -->
  <system-out/>
  <testcase classname="dsAlgoTests.GraphTest" name="verifyCodeExecutionforGraphPage" time="0.000">
    <skipped/>
  </testcase> <!-- verifyCodeExecutionforGraphPage -->
  <system-out/>
  <testcase classname="dsAlgoTests.GraphTest" name="verifyCodeExecutionforGraphPage" time="0.000">
    <skipped/>
  </testcase> <!-- verifyCodeExecutionforGraphPage -->
  <system-out/>
  <testcase classname="dsAlgoTests.GraphTest" name="verifyCodeExecutionforGraphRepresentationPage" time="0.000">
    <skipped/>
  </testcase> <!-- verifyCodeExecutionforGraphRepresentationPage -->
  <system-out/>
  <testcase classname="dsAlgoTests.GraphTest" name="verifyCodeExecutionforGraphPage" time="0.000">
    <skipped/>
  </testcase> <!-- verifyCodeExecutionforGraphPage -->
  <system-out/>
  <testcase classname="dsAlgoTests.GraphTest" name="verifyCodeExecutionforGraphRepresentationPage" time="0.000">
    <skipped/>
  </testcase> <!-- verifyCodeExecutionforGraphRepresentationPage -->
  <system-out/>
  <testcase classname="dsAlgoTests.GraphTest" name="verifyCodeExecutionforGraphPage" time="0.000">
    <skipped/>
  </testcase> <!-- verifyCodeExecutionforGraphPage -->
  <system-out/>
  <testcase classname="dsAlgoTests.GraphTest" name="verifyCodeExecutionforGraphPage" time="0.000">
    <skipped/>
  </testcase> <!-- verifyCodeExecutionforGraphPage -->
  <system-out/>
  <testcase classname="dsAlgoTests.GraphTest" name="verifyCodeExecutionforGraphPage" time="0.000">
    <skipped/>
  </testcase> <!-- verifyCodeExecutionforGraphPage -->
  <system-out/>
  <testcase classname="dsAlgoTests.GraphTest" name="verifyCodeExecutionforGraphRepresentationPage" time="0.000">
    <skipped/>
  </testcase> <!-- verifyCodeExecutionforGraphRepresentationPage -->
  <system-out/>
  <testcase classname="dsAlgoTests.GraphTest" name="verifyCodeExecutionforGraphPage" time="0.000">
    <skipped/>
  </testcase> <!-- verifyCodeExecutionforGraphPage -->
  <system-out/>
  <testcase classname="dsAlgoTests.GraphTest" name="verifyCodeExecutionforGraphPage" time="0.000">
    <skipped/>
  </testcase> <!-- verifyCodeExecutionforGraphPage -->
  <system-out/>
  <testcase classname="dsAlgoTests.GraphTest" name="verifyCodeExecutionforGraphRepresentationPage" time="0.000">
    <skipped/>
  </testcase> <!-- verifyCodeExecutionforGraphRepresentationPage -->
  <system-out/>
  <testcase classname="dsAlgoTests.GraphTest" name="verifyCodeExecutionforGraphPage" time="0.000">
    <skipped/>
  </testcase> <!-- verifyCodeExecutionforGraphPage -->
  <system-out/>
  <testcase classname="dsAlgoTests.GraphTest" name="verifyCodeExecutionforGraphRepresentationPage" time="0.000">
    <skipped/>
  </testcase> <!-- verifyCodeExecutionforGraphRepresentationPage -->
  <system-out/>
  <testcase classname="dsAlgoTests.GraphTest" name="verifyCodeExecutionforGraphRepresentationPage" time="0.000">
    <skipped/>
  </testcase> <!-- verifyCodeExecutionforGraphRepresentationPage -->
  <system-out/>
  <testcase classname="dsAlgoTests.GraphTest" name="verifyCodeExecutionforGraphRepresentationPage" time="0.000">
    <skipped/>
  </testcase> <!-- verifyCodeExecutionforGraphRepresentationPage -->
  <system-out/>
  <testcase classname="dsAlgoTests.GraphTest" name="verifyCodeExecutionforGraphPage" time="0.000">
    <skipped/>
  </testcase> <!-- verifyCodeExecutionforGraphPage -->
  <system-out/>
  <testcase classname="dsAlgoTests.GraphTest" name="verifyCodeExecutionforGraphPage" time="0.000">
    <skipped/>
  </testcase> <!-- verifyCodeExecutionforGraphPage -->
  <system-out/>
  <testcase classname="dsAlgoTests.GraphTest" name="verifyCodeExecutionforGraphPage" time="0.000">
    <skipped/>
  </testcase> <!-- verifyCodeExecutionforGraphPage -->
  <system-out/>
  <testcase classname="dsAlgoTests.GraphTest" name="verifyCodeExecutionforGraphRepresentationPage" time="0.000">
    <skipped/>
  </testcase> <!-- verifyCodeExecutionforGraphRepresentationPage -->
  <system-out/>
  <testcase classname="dsAlgoTests.GraphTest" name="verifyCodeExecutionforGraphPage" time="0.000">
    <skipped/>
  </testcase> <!-- verifyCodeExecutionforGraphPage -->
  <system-out/>
  <testcase classname="dsAlgoTests.GraphTest" name="verifyCodeExecutionforGraphPage" time="0.000">
    <skipped/>
  </testcase> <!-- verifyCodeExecutionforGraphPage -->
  <system-out/>
  <testcase classname="dsAlgoTests.GraphTest" name="verifyCodeExecutionforGraphPage" time="0.000">
    <skipped/>
  </testcase> <!-- verifyCodeExecutionforGraphPage -->
  <system-out/>
  <testcase classname="dsAlgoTests.GraphTest" name="verifyCodeExecutionforGraphPage" time="0.000">
    <skipped/>
  </testcase> <!-- verifyCodeExecutionforGraphPage -->
  <system-out/>
  <testcase classname="dsAlgoTests.GraphTest" name="verifyCodeExecutionforGraphPage" time="0.000">
    <skipped/>
  </testcase> <!-- verifyCodeExecutionforGraphPage -->
  <system-out/>
  <testcase classname="dsAlgoTests.GraphTest" name="verifyCodeExecutionforGraphRepresentationPage" time="0.000">
    <skipped/>
  </testcase> <!-- verifyCodeExecutionforGraphRepresentationPage -->
  <system-out/>
  <testcase classname="dsAlgoTests.GraphTest" name="verifyCodeExecutionforGraphPage" time="0.000">
    <skipped/>
  </testcase> <!-- verifyCodeExecutionforGraphPage -->
  <system-out/>
  <testcase classname="dsAlgoTests.GraphTest" name="verifyCodeExecutionforGraphRepresentationPage" time="0.000">
    <skipped/>
  </testcase> <!-- verifyCodeExecutionforGraphRepresentationPage -->
  <system-out/>
  <testcase classname="dsAlgoTests.GraphTest" name="verifyCodeExecutionforGraphRepresentationPage" time="0.000">
    <skipped/>
  </testcase> <!-- verifyCodeExecutionforGraphRepresentationPage -->
  <system-out/>
  <testcase classname="dsAlgoTests.GraphTest" name="verifyCodeExecutionforGraphRepresentationPage" time="0.000">
    <skipped/>
  </testcase> <!-- verifyCodeExecutionforGraphRepresentationPage -->
  <system-out/>
  <testcase classname="dsAlgoTests.GraphTest" name="verifyCodeExecutionforGraphRepresentationPage" time="0.000">
    <skipped/>
  </testcase> <!-- verifyCodeExecutionforGraphRepresentationPage -->
  <system-out/>
  <testcase classname="dsAlgoTests.GraphTest" name="verifyCodeExecutionforGraphRepresentationPage" time="0.000">
    <skipped/>
  </testcase> <!-- verifyCodeExecutionforGraphRepresentationPage -->
  <system-out/>
  <testcase classname="dsAlgoTests.GraphTest" name="verifyCodeExecutionforGraphRepresentationPage" time="0.000">
    <skipped/>
  </testcase> <!-- verifyCodeExecutionforGraphRepresentationPage -->
  <system-out/>
  <testcase classname="dsAlgoTests.GraphTest" name="verifyCodeExecutionforGraphRepresentationPage" time="0.000">
    <skipped/>
  </testcase> <!-- verifyCodeExecutionforGraphRepresentationPage -->
  <system-out/>
  <testcase classname="dsAlgoTests.GraphTest" name="checkErrorMessageWhenExecutingWithoutCodeInGraphPage" time="10.290">
    <failure message="Test failed: Expected an error message when clicking the &#039;Run&#039; button without entering code, but no message was displayed." type="java.lang.AssertionError">
      <![CDATA[java.lang.AssertionError: Test failed: Expected an error message when clicking the 'Run' button without entering code, but no message was displayed.
at org.testng.Assert.fail(Assert.java:99)
at dsAlgoTests.GraphTest.checkErrorMessageWhenExecutingWithoutCodeInGraphPage(GraphTest.java:118)
at java.base/jdk.internal.reflect.DirectMethodHandleAccessor.invoke(DirectMethodHandleAccessor.java:103)
at java.base/java.lang.reflect.Method.invoke(Method.java:580)
at org.testng.internal.MethodInvocationHelper.invokeMethod(MethodInvocationHelper.java:133)
at org.testng.internal.TestInvoker.invokeMethod(TestInvoker.java:598)
at org.testng.internal.TestInvoker.invokeTestMethod(TestInvoker.java:173)
at org.testng.internal.MethodRunner.runInSequence(MethodRunner.java:46)
at org.testng.internal.TestInvoker$MethodInvocationAgent.invoke(TestInvoker.java:824)
at org.testng.internal.TestInvoker.invokeTestMethods(TestInvoker.java:146)
at org.testng.internal.TestMethodWorker.invokeTestMethods(TestMethodWorker.java:146)
at org.testng.internal.TestMethodWorker.run(TestMethodWorker.java:128)
at java.base/java.util.concurrent.ThreadPoolExecutor.runWorker(ThreadPoolExecutor.java:1144)
at java.base/java.util.concurrent.ThreadPoolExecutor$Worker.run(ThreadPoolExecutor.java:642)
at java.base/java.lang.Thread.run(Thread.java:1575)
]]>
    </failure>
  </testcase> <!-- checkErrorMessageWhenExecutingWithoutCodeInGraphPage -->
  <system-out/>
  <testcase classname="dsAlgoTests.GraphTest" name="verifyCodeExecutionforGraphRepresentationPage" time="0.000">
    <skipped/>
  </testcase> <!-- verifyCodeExecutionforGraphRepresentationPage -->
  <system-out/>
  <testcase classname="dsAlgoTests.GraphTest" name="verifyCodeExecutionforGraphRepresentationPage" time="0.000">
    <skipped/>
  </testcase> <!-- verifyCodeExecutionforGraphRepresentationPage -->
  <system-out/>
  <testcase classname="dsAlgoTests.GraphTest" name="verifyCodeExecutionforGraphPage" time="0.000">
    <skipped/>
  </testcase> <!-- verifyCodeExecutionforGraphPage -->
  <system-out/>
  <testcase classname="dsAlgoTests.GraphTest" name="verifyCodeExecutionforGraphPage" time="0.000">
    <skipped/>
  </testcase> <!-- verifyCodeExecutionforGraphPage -->
  <system-out/>
  <testcase classname="dsAlgoTests.GraphTest" name="verifyCodeExecutionforGraphRepresentationPage" time="0.000">
    <skipped/>
  </testcase> <!-- verifyCodeExecutionforGraphRepresentationPage -->
  <system-out/>
  <testcase classname="dsAlgoTests.GraphTest" name="verifyCodeExecutionforGraphRepresentationPage" time="0.000">
    <skipped/>
  </testcase> <!-- verifyCodeExecutionforGraphRepresentationPage -->
  <system-out/>
  <testcase classname="dsAlgoTests.GraphTest" name="verifyCodeExecutionforGraphPage" time="0.000">
    <skipped/>
  </testcase> <!-- verifyCodeExecutionforGraphPage -->
  <system-out/>
  <testcase classname="dsAlgoTests.GraphTest" name="verifyCodeExecutionforGraphPage" time="0.000">
    <skipped/>
  </testcase> <!-- verifyCodeExecutionforGraphPage -->
  <system-out/>
  <testcase classname="dsAlgoTests.GraphTest" name="verifyCodeExecutionforGraphRepresentationPage" time="0.000">
    <skipped/>
  </testcase> <!-- verifyCodeExecutionforGraphRepresentationPage -->
  <system-out/>
  <testcase classname="dsAlgoTests.GraphTest" name="verifyCodeExecutionforGraphPage" time="0.000">
    <skipped/>
  </testcase> <!-- verifyCodeExecutionforGraphPage -->
  <system-out/>
  <testcase classname="dsAlgoTests.GraphTest" name="verifyCodeExecutionforGraphPage" time="0.000">
    <skipped/>
  </testcase> <!-- verifyCodeExecutionforGraphPage -->
  <system-out/>
  <testcase classname="dsAlgoTests.GraphTest" name="verifyCodeExecutionforGraphRepresentationPage" time="0.000">
    <skipped/>
  </testcase> <!-- verifyCodeExecutionforGraphRepresentationPage -->
  <system-out/>
  <testcase classname="dsAlgoTests.GraphTest" name="verifyCodeExecutionforGraphPage" time="0.000">
    <skipped/>
  </testcase> <!-- verifyCodeExecutionforGraphPage -->
  <system-out/>
  <testcase classname="dsAlgoTests.GraphTest" name="verifyCodeExecutionforGraphPage" time="0.000">
    <skipped/>
  </testcase> <!-- verifyCodeExecutionforGraphPage -->
  <system-out/>
  <testcase classname="dsAlgoTests.GraphTest" name="verifyCodeExecutionforGraphRepresentationPage" time="0.000">
    <skipped/>
  </testcase> <!-- verifyCodeExecutionforGraphRepresentationPage -->
  <system-out/>
  <testcase classname="dsAlgoTests.GraphTest" name="verifyCodeExecutionforGraphPage" time="0.000">
    <skipped/>
  </testcase> <!-- verifyCodeExecutionforGraphPage -->
  <system-out/>
  <testcase classname="dsAlgoTests.GraphTest" name="verifyCodeExecutionforGraphPage" time="0.000">
    <skipped/>
  </testcase> <!-- verifyCodeExecutionforGraphPage -->
  <system-out/>
  <testcase classname="dsAlgoTests.GraphTest" name="verifyCodeExecutionforGraphPage" time="0.000">
    <skipped/>
  </testcase> <!-- verifyCodeExecutionforGraphPage -->
  <system-out/>
  <testcase classname="dsAlgoTests.GraphTest" name="verifyCodeExecutionforGraphPage" time="0.000">
    <skipped/>
  </testcase> <!-- verifyCodeExecutionforGraphPage -->
  <system-out/>
  <testcase classname="dsAlgoTests.GraphTest" name="verifyCodeExecutionforGraphRepresentationPage" time="0.000">
    <skipped/>
  </testcase> <!-- verifyCodeExecutionforGraphRepresentationPage -->
  <system-out/>
  <testcase classname="dsAlgoTests.GraphTest" name="verifyCodeExecutionforGraphPage" time="0.000">
    <skipped/>
  </testcase> <!-- verifyCodeExecutionforGraphPage -->
  <system-out/>
  <testcase classname="dsAlgoTests.GraphTest" name="verifyCodeExecutionforGraphRepresentationPage" time="0.000">
    <skipped/>
  </testcase> <!-- verifyCodeExecutionforGraphRepresentationPage -->
  <system-out/>
  <testcase classname="dsAlgoTests.GraphTest" name="verifyCodeExecutionforGraphPage" time="0.000">
    <skipped/>
  </testcase> <!-- verifyCodeExecutionforGraphPage -->
  <system-out/>
  <testcase classname="dsAlgoTests.GraphTest" name="verifyCodeExecutionforGraphPage" time="0.000">
    <skipped/>
  </testcase> <!-- verifyCodeExecutionforGraphPage -->
  <system-out/>
  <testcase classname="dsAlgoTests.GraphTest" name="verifyCodeExecutionforGraphPage" time="0.000">
    <skipped/>
  </testcase> <!-- verifyCodeExecutionforGraphPage -->
  <system-out/>
  <testcase classname="dsAlgoTests.GraphTest" name="verifyCodeExecutionforGraphRepresentationPage" time="0.000">
    <skipped/>
  </testcase> <!-- verifyCodeExecutionforGraphRepresentationPage -->
  <system-out/>
  <testcase classname="dsAlgoTests.GraphTest" name="verifyCodeExecutionforGraphRepresentationPage" time="0.000">
    <skipped/>
  </testcase> <!-- verifyCodeExecutionforGraphRepresentationPage -->
  <system-out/>
  <testcase classname="dsAlgoTests.GraphTest" name="verifyCodeExecutionforGraphPage" time="0.000">
    <skipped/>
  </testcase> <!-- verifyCodeExecutionforGraphPage -->
  <system-out/>
  <testcase classname="dsAlgoTests.GraphTest" name="verifyCodeExecutionforGraphRepresentationPage" time="0.000">
    <skipped/>
  </testcase> <!-- verifyCodeExecutionforGraphRepresentationPage -->
  <system-out/>
  <testcase classname="dsAlgoTests.GraphTest" name="verifyCodeExecutionforGraphPage" time="0.000">
    <skipped/>
  </testcase> <!-- verifyCodeExecutionforGraphPage -->
  <system-out/>
  <testcase classname="dsAlgoTests.GraphTest" name="verifyCodeExecutionforGraphRepresentationPage" time="0.000">
    <skipped/>
  </testcase> <!-- verifyCodeExecutionforGraphRepresentationPage -->
  <system-out/>
  <testcase classname="dsAlgoTests.GraphTest" name="verifyCodeExecutionforGraphRepresentationPage" time="0.000">
    <skipped/>
  </testcase> <!-- verifyCodeExecutionforGraphRepresentationPage -->
  <system-out/>
  <testcase classname="dsAlgoTests.GraphTest" name="verifyCodeExecutionforGraphRepresentationPage" time="0.000">
    <skipped/>
  </testcase> <!-- verifyCodeExecutionforGraphRepresentationPage -->
  <system-out/>
  <testcase classname="dsAlgoTests.GraphTest" name="verifyCodeExecutionforGraphPage" time="0.000">
    <skipped/>
  </testcase> <!-- verifyCodeExecutionforGraphPage -->
  <system-out/>
  <testcase classname="dsAlgoTests.GraphTest" name="verifyCodeExecutionforGraphRepresentationPage" time="0.000">
    <skipped/>
  </testcase> <!-- verifyCodeExecutionforGraphRepresentationPage -->
  <system-out/>
  <testcase classname="dsAlgoTests.GraphTest" name="verifyCodeExecutionforGraphPage" time="0.000">
    <skipped/>
  </testcase> <!-- verifyCodeExecutionforGraphPage -->
  <system-out/>
  <testcase classname="dsAlgoTests.GraphTest" name="verifyCodeExecutionforGraphRepresentationPage" time="0.000">
    <skipped/>
  </testcase> <!-- verifyCodeExecutionforGraphRepresentationPage -->
  <system-out/>
  <testcase classname="dsAlgoTests.GraphTest" name="verifyCodeExecutionforGraphRepresentationPage" time="0.000">
    <skipped/>
  </testcase> <!-- verifyCodeExecutionforGraphRepresentationPage -->
  <system-out/>
  <testcase classname="dsAlgoTests.GraphTest" name="verifyCodeExecutionforGraphRepresentationPage" time="0.000">
    <skipped/>
  </testcase> <!-- verifyCodeExecutionforGraphRepresentationPage -->
  <system-out/>
  <testcase classname="dsAlgoTests.GraphTest" name="verifyCodeExecutionforGraphPage" time="0.000">
    <skipped/>
  </testcase> <!-- verifyCodeExecutionforGraphPage -->
  <system-out/>
  <testcase classname="dsAlgoTests.GraphTest" name="verifyCodeExecutionforGraphRepresentationPage" time="0.000">
    <skipped/>
  </testcase> <!-- verifyCodeExecutionforGraphRepresentationPage -->
  <system-out/>
  <testcase classname="dsAlgoTests.GraphTest" name="verifyCodeExecutionforGraphRepresentationPage" time="0.000">
    <skipped/>
  </testcase> <!-- verifyCodeExecutionforGraphRepresentationPage -->
  <system-out/>
  <testcase classname="dsAlgoTests.GraphTest" name="verifyCodeExecutionforGraphRepresentationPage" time="0.000">
    <skipped/>
  </testcase> <!-- verifyCodeExecutionforGraphRepresentationPage -->
  <system-out/>
  <testcase classname="dsAlgoTests.GraphTest" name="verifyCodeExecutionforGraphPage" time="0.000">
    <skipped/>
  </testcase> <!-- verifyCodeExecutionforGraphPage -->
  <system-out/>
  <testcase classname="dsAlgoTests.GraphTest" name="verifyCodeExecutionforGraphPage" time="0.000">
    <skipped/>
  </testcase> <!-- verifyCodeExecutionforGraphPage -->
  <system-out/>
  <testcase classname="dsAlgoTests.GraphTest" name="verifyCodeExecutionforGraphRepresentationPage" time="0.000">
    <skipped/>
  </testcase> <!-- verifyCodeExecutionforGraphRepresentationPage -->
  <system-out/>
  <testcase classname="dsAlgoTests.GraphTest" name="verifyCodeExecutionforGraphRepresentationPage" time="0.000">
    <skipped/>
  </testcase> <!-- verifyCodeExecutionforGraphRepresentationPage -->
  <system-out/>
  <testcase classname="dsAlgoTests.GraphTest" name="verifyCodeExecutionforGraphPage" time="0.000">
    <skipped/>
  </testcase> <!-- verifyCodeExecutionforGraphPage -->
  <system-out/>
  <testcase classname="dsAlgoTests.GraphTest" name="verifyCodeExecutionforGraphPage" time="0.000">
    <skipped/>
  </testcase> <!-- verifyCodeExecutionforGraphPage -->
  <system-out/>
  <testcase classname="dsAlgoTests.GraphTest" name="verifyCodeExecutionforGraphRepresentationPage" time="0.000">
    <skipped/>
  </testcase> <!-- verifyCodeExecutionforGraphRepresentationPage -->
  <system-out/>
  <testcase classname="dsAlgoTests.GraphTest" name="verifyCodeExecutionforGraphPage" time="0.000">
    <skipped/>
  </testcase> <!-- verifyCodeExecutionforGraphPage -->
  <system-out/>
  <testcase classname="dsAlgoTests.GraphTest" name="verifyCodeExecutionforGraphRepresentationPage" time="0.000">
    <skipped/>
  </testcase> <!-- verifyCodeExecutionforGraphRepresentationPage -->
  <system-out/>
  <testcase classname="dsAlgoTests.GraphTest" name="verifyCodeExecutionforGraphRepresentationPage" time="0.000">
    <skipped/>
  </testcase> <!-- verifyCodeExecutionforGraphRepresentationPage -->
  <system-out/>
  <testcase classname="dsAlgoTests.GraphTest" name="verifyCodeExecutionforGraphRepresentationPage" time="0.000">
    <skipped/>
  </testcase> <!-- verifyCodeExecutionforGraphRepresentationPage -->
  <system-out/>
  <testcase classname="dsAlgoTests.GraphTest" name="verifyCodeExecutionforGraphPage" time="0.000">
    <skipped/>
  </testcase> <!-- verifyCodeExecutionforGraphPage -->
  <system-out/>
  <testcase classname="dsAlgoTests.GraphTest" name="verifyCodeExecutionforGraphRepresentationPage" time="0.000">
    <skipped/>
  </testcase> <!-- verifyCodeExecutionforGraphRepresentationPage -->
  <system-out/>
  <testcase classname="dsAlgoTests.GraphTest" name="verifyCodeExecutionforGraphRepresentationPage" time="0.000">
    <skipped/>
  </testcase> <!-- verifyCodeExecutionforGraphRepresentationPage -->
  <system-out/>
  <testcase classname="dsAlgoTests.GraphTest" name="verifyCodeExecutionforGraphPage" time="0.000">
    <skipped/>
  </testcase> <!-- verifyCodeExecutionforGraphPage -->
  <system-out/>
  <testcase classname="dsAlgoTests.GraphTest" name="verifyCodeExecutionforGraphPage" time="0.000">
    <skipped/>
  </testcase> <!-- verifyCodeExecutionforGraphPage -->
  <system-out/>
  <testcase classname="dsAlgoTests.GraphTest" name="verifyCodeExecutionforGraphRepresentationPage" time="0.000">
    <skipped/>
  </testcase> <!-- verifyCodeExecutionforGraphRepresentationPage -->
  <system-out/>
  <testcase classname="dsAlgoTests.GraphTest" name="verifyCodeExecutionforGraphPage" time="0.000">
    <skipped/>
  </testcase> <!-- verifyCodeExecutionforGraphPage -->
  <system-out/>
  <testcase classname="dsAlgoTests.GraphTest" name="verifyCodeExecutionforGraphPage" time="0.000">
    <skipped/>
  </testcase> <!-- verifyCodeExecutionforGraphPage -->
  <system-out/>
  <testcase classname="dsAlgoTests.GraphTest" name="verifyCodeExecutionforGraphRepresentationPage" time="0.000">
    <skipped/>
  </testcase> <!-- verifyCodeExecutionforGraphRepresentationPage -->
  <system-out/>
  <testcase classname="dsAlgoTests.GraphTest" name="verifyCodeExecutionforGraphRepresentationPage" time="0.000">
    <skipped/>
  </testcase> <!-- verifyCodeExecutionforGraphRepresentationPage -->
  <system-out/>
  <testcase classname="dsAlgoTests.GraphTest" name="verifyCodeExecutionforGraphRepresentationPage" time="0.000">
    <skipped/>
  </testcase> <!-- verifyCodeExecutionforGraphRepresentationPage -->
  <system-out/>
  <testcase classname="dsAlgoTests.GraphTest" name="verifyCodeExecutionforGraphRepresentationPage" time="0.000">
    <skipped/>
  </testcase> <!-- verifyCodeExecutionforGraphRepresentationPage -->
  <system-out/>
  <testcase classname="dsAlgoTests.GraphTest" name="verifyCodeExecutionforGraphRepresentationPage" time="0.000">
    <skipped/>
  </testcase> <!-- verifyCodeExecutionforGraphRepresentationPage -->
  <system-out/>
  <testcase classname="dsAlgoTests.GraphTest" name="verifyCodeExecutionforGraphPage" time="0.000">
    <skipped/>
  </testcase> <!-- verifyCodeExecutionforGraphPage -->
  <system-out/>
  <testcase classname="dsAlgoTests.GraphTest" name="verifyCodeExecutionforGraphPage" time="0.000">
    <skipped/>
  </testcase> <!-- verifyCodeExecutionforGraphPage -->
  <system-out/>
  <testcase classname="dsAlgoTests.GraphTest" name="verifyCodeExecutionforGraphRepresentationPage" time="0.000">
    <skipped/>
  </testcase> <!-- verifyCodeExecutionforGraphRepresentationPage -->
  <system-out/>
  <testcase classname="dsAlgoTests.GraphTest" name="verifyCodeExecutionforGraphRepresentationPage" time="0.000">
    <skipped/>
  </testcase> <!-- verifyCodeExecutionforGraphRepresentationPage -->
  <system-out/>
  <testcase classname="dsAlgoTests.GraphTest" name="verifyCodeExecutionforGraphPage" time="0.000">
    <skipped/>
  </testcase> <!-- verifyCodeExecutionforGraphPage -->
  <system-out/>
  <testcase classname="dsAlgoTests.GraphTest" name="verifyCodeExecutionforGraphPage" time="0.000">
    <skipped/>
  </testcase> <!-- verifyCodeExecutionforGraphPage -->
  <system-out/>
  <testcase classname="dsAlgoTests.GraphTest" name="verifyCodeExecutionforGraphPage" time="0.000">
    <skipped/>
  </testcase> <!-- verifyCodeExecutionforGraphPage -->
  <system-out/>
  <testcase classname="dsAlgoTests.GraphTest" name="verifyCodeExecutionforGraphRepresentationPage" time="0.000">
    <skipped/>
  </testcase> <!-- verifyCodeExecutionforGraphRepresentationPage -->
  <system-out/>
  <testcase classname="dsAlgoTests.GraphTest" name="verifyCodeExecutionforGraphPage" time="0.000">
    <skipped/>
  </testcase> <!-- verifyCodeExecutionforGraphPage -->
  <system-out/>
  <testcase classname="dsAlgoTests.GraphTest" name="verifyCodeExecutionforGraphRepresentationPage" time="0.000">
    <skipped/>
  </testcase> <!-- verifyCodeExecutionforGraphRepresentationPage -->
  <system-out/>
  <testcase classname="dsAlgoTests.GraphTest" name="verifyCodeExecutionforGraphRepresentationPage" time="0.000">
    <skipped/>
  </testcase> <!-- verifyCodeExecutionforGraphRepresentationPage -->
  <system-out/>
  <testcase classname="dsAlgoTests.GraphTest" name="verifyCodeExecutionforGraphPage" time="0.000">
    <skipped/>
  </testcase> <!-- verifyCodeExecutionforGraphPage -->
  <system-out/>
  <testcase classname="dsAlgoTests.GraphTest" name="verifyCodeExecutionforGraphPage" time="0.000">
    <skipped/>
  </testcase> <!-- verifyCodeExecutionforGraphPage -->
  <system-out/>
  <testcase classname="dsAlgoTests.GraphTest" name="verifyCodeExecutionforGraphPage" time="0.000">
    <skipped/>
  </testcase> <!-- verifyCodeExecutionforGraphPage -->
  <system-out/>
  <testcase classname="dsAlgoTests.GraphTest" name="verifyCodeExecutionforGraphRepresentationPage" time="0.000">
    <skipped/>
  </testcase> <!-- verifyCodeExecutionforGraphRepresentationPage -->
  <system-out/>
  <testcase classname="dsAlgoTests.GraphTest" name="verifyCodeExecutionforGraphRepresentationPage" time="0.000">
    <skipped/>
  </testcase> <!-- verifyCodeExecutionforGraphRepresentationPage -->
  <system-out/>
  <testcase classname="dsAlgoTests.GraphTest" name="verifyCodeExecutionforGraphPage" time="0.000">
    <skipped/>
  </testcase> <!-- verifyCodeExecutionforGraphPage -->
  <system-out/>
  <testcase classname="dsAlgoTests.GraphTest" name="verifyCodeExecutionforGraphRepresentationPage" time="0.000">
    <skipped/>
  </testcase> <!-- verifyCodeExecutionforGraphRepresentationPage -->
  <system-out/>
  <testcase classname="dsAlgoTests.GraphTest" name="verifyCodeExecutionforGraphRepresentationPage" time="0.000">
    <skipped/>
  </testcase> <!-- verifyCodeExecutionforGraphRepresentationPage -->
  <system-out/>
  <testcase classname="dsAlgoTests.GraphTest" name="verifyCodeExecutionforGraphRepresentationPage" time="0.000">
    <skipped/>
  </testcase> <!-- verifyCodeExecutionforGraphRepresentationPage -->
  <system-out/>
  <testcase classname="dsAlgoTests.GraphTest" name="verifyCodeExecutionforGraphRepresentationPage" time="0.000">
    <skipped/>
  </testcase> <!-- verifyCodeExecutionforGraphRepresentationPage -->
  <system-out/>
  <testcase classname="dsAlgoTests.GraphTest" name="verifyCodeExecutionforGraphRepresentationPage" time="0.000">
    <skipped/>
  </testcase> <!-- verifyCodeExecutionforGraphRepresentationPage -->
  <system-out/>
  <testcase classname="dsAlgoTests.GraphTest" name="verifyCodeExecutionforGraphPage" time="0.000">
    <skipped/>
  </testcase> <!-- verifyCodeExecutionforGraphPage -->
  <system-out/>
  <testcase classname="dsAlgoTests.GraphTest" name="verifyCodeExecutionforGraphRepresentationPage" time="0.000">
    <skipped/>
  </testcase> <!-- verifyCodeExecutionforGraphRepresentationPage -->
  <system-out/>
  <testcase classname="dsAlgoTests.GraphTest" name="verifyCodeExecutionforGraphRepresentationPage" time="0.000">
    <skipped/>
  </testcase> <!-- verifyCodeExecutionforGraphRepresentationPage -->
  <system-out/>
  <testcase classname="dsAlgoTests.GraphTest" name="verifyCodeExecutionforGraphRepresentationPage" time="0.000">
    <skipped/>
  </testcase> <!-- verifyCodeExecutionforGraphRepresentationPage -->
  <system-out/>
  <testcase classname="dsAlgoTests.GraphTest" name="verifyCodeExecutionforGraphPage" time="0.000">
    <skipped/>
  </testcase> <!-- verifyCodeExecutionforGraphPage -->
  <system-out/>
  <testcase classname="dsAlgoTests.GraphTest" name="verifyCodeExecutionforGraphRepresentationPage" time="0.000">
    <skipped/>
  </testcase> <!-- verifyCodeExecutionforGraphRepresentationPage -->
  <system-out/>
  <testcase classname="dsAlgoTests.GraphTest" name="verifyCodeExecutionforGraphRepresentationPage" time="0.000">
    <skipped/>
  </testcase> <!-- verifyCodeExecutionforGraphRepresentationPage -->
  <system-out/>
  <testcase classname="dsAlgoTests.GraphTest" name="verifyCodeExecutionforGraphPage" time="0.000">
    <skipped/>
  </testcase> <!-- verifyCodeExecutionforGraphPage -->
  <system-out/>
  <testcase classname="dsAlgoTests.GraphTest" name="verifyCodeExecutionforGraphPage" time="0.000">
    <skipped/>
  </testcase> <!-- verifyCodeExecutionforGraphPage -->
  <system-out/>
  <testcase classname="dsAlgoTests.GraphTest" name="verifyCodeExecutionforGraphPage" time="0.000">
    <skipped/>
  </testcase> <!-- verifyCodeExecutionforGraphPage -->
  <system-out/>
  <testcase classname="dsAlgoTests.GraphTest" name="verifyCodeExecutionforGraphRepresentationPage" time="0.000">
    <skipped/>
  </testcase> <!-- verifyCodeExecutionforGraphRepresentationPage -->
  <system-out/>
  <testcase classname="dsAlgoTests.GraphTest" name="verifyCodeExecutionforGraphPage" time="0.000">
    <skipped/>
  </testcase> <!-- verifyCodeExecutionforGraphPage -->
  <system-out/>
  <testcase classname="dsAlgoTests.GraphTest" name="verifyCodeExecutionforGraphPage" time="0.000">
    <skipped/>
  </testcase> <!-- verifyCodeExecutionforGraphPage -->
  <system-out/>
  <testcase classname="dsAlgoTests.GraphTest" name="verifyCodeExecutionforGraphPage" time="0.000">
    <skipped/>
  </testcase> <!-- verifyCodeExecutionforGraphPage -->
  <system-out/>
  <testcase classname="dsAlgoTests.GraphTest" name="verifyCodeExecutionforGraphPage" time="0.000">
    <skipped/>
  </testcase> <!-- verifyCodeExecutionforGraphPage -->
  <system-out/>
  <testcase classname="dsAlgoTests.GraphTest" name="verifyCodeExecutionforGraphRepresentationPage" time="0.000">
    <skipped/>
  </testcase> <!-- verifyCodeExecutionforGraphRepresentationPage -->
  <system-out/>
  <testcase classname="dsAlgoTests.GraphTest" name="verifyCodeExecutionforGraphRepresentationPage" time="0.000">
    <skipped/>
  </testcase> <!-- verifyCodeExecutionforGraphRepresentationPage -->
  <system-out/>
  <testcase classname="dsAlgoTests.GraphTest" name="verifyCodeExecutionforGraphPage" time="0.000">
    <skipped/>
  </testcase> <!-- verifyCodeExecutionforGraphPage -->
  <system-out/>
  <testcase classname="dsAlgoTests.GraphTest" name="verifyCodeExecutionforGraphPage" time="0.000">
    <skipped/>
  </testcase> <!-- verifyCodeExecutionforGraphPage -->
  <system-out/>
  <testcase classname="dsAlgoTests.GraphTest" name="checkErrorMessageWhenExecutingWithoutCodeInGraphReprePage" time="1.026">
    <error message="Error communicating with the remote browser. It may have died.
Build info: version: &#039;4.17.0&#039;, revision: &#039;e52b1be057*&#039;
System info: os.name: &#039;Windows 11&#039;, os.arch: &#039;amd64&#039;, os.version: &#039;10.0&#039;, java.version: &#039;23.0.1&#039;
Driver info: org.openqa.selenium.chrome.ChromeDriver
Command: [81f0f21ab581a9cb4f50f2281f998a5f, clickElement [id]]
Capabilities {acceptInsecureCerts: false, browserName: chrome, browserVersion: 132.0.6834.162, chrome: {chromedriverVersion: 132.0.6834.159 (2d77d3fc445..., userDataDir: C:\Users\12157\AppData\Loca...}, fedcm:accounts: true, goog:chromeOptions: {debuggerAddress: localhost:61506}, networkConnectionEnabled: false, pageLoadStrategy: normal, platformName: windows, proxy: Proxy(), se:cdp: ws://localhost:61506/devtoo..., se:cdpVersion: 132.0.6834.162, setWindowRect: true, strictFileInteractability: false, timeouts: {implicit: 0, pageLoad: 300000, script: 30000}, unhandledPromptBehavior: dismiss and notify, webauthn:extension:credBlob: true, webauthn:extension:largeBlob: true, webauthn:extension:minPinLength: true, webauthn:extension:prf: true, webauthn:virtualAuthenticators: true}
Element: [[ChromeDriver: chrome on windows (81f0f21ab581a9cb4f50f2281f998a5f)] -&gt; link text: Graph Representations]
Session ID: 81f0f21ab581a9cb4f50f2281f998a5f" type="org.openqa.selenium.remote.UnreachableBrowserException">
      <![CDATA[org.openqa.selenium.remote.UnreachableBrowserException: Error communicating with the remote browser. It may have died.
Build info: version: '4.17.0', revision: 'e52b1be057*'
System info: os.name: 'Windows 11', os.arch: 'amd64', os.version: '10.0', java.version: '23.0.1'
Driver info: org.openqa.selenium.chrome.ChromeDriver
Command: [81f0f21ab581a9cb4f50f2281f998a5f, clickElement [id]]
Capabilities {acceptInsecureCerts: false, browserName: chrome, browserVersion: 132.0.6834.162, chrome: {chromedriverVersion: 132.0.6834.159 (2d77d3fc445..., userDataDir: C:\Users\12157\AppData\Loca...}, fedcm:accounts: true, goog:chromeOptions: {debuggerAddress: localhost:61506}, networkConnectionEnabled: false, pageLoadStrategy: normal, platformName: windows, proxy: Proxy(), se:cdp: ws://localhost:61506/devtoo..., se:cdpVersion: 132.0.6834.162, setWindowRect: true, strictFileInteractability: false, timeouts: {implicit: 0, pageLoad: 300000, script: 30000}, unhandledPromptBehavior: dismiss and notify, webauthn:extension:credBlob: true, webauthn:extension:largeBlob: true, webauthn:extension:minPinLength: true, webauthn:extension:prf: true, webauthn:virtualAuthenticators: true}
Element: [[ChromeDriver: chrome on windows (81f0f21ab581a9cb4f50f2281f998a5f)] -> link text: Graph Representations]
Session ID: 81f0f21ab581a9cb4f50f2281f998a5f
at org.openqa.selenium.remote.RemoteWebDriver.execute(RemoteWebDriver.java:546)
at org.openqa.selenium.remote.RemoteWebElement.execute(RemoteWebElement.java:223)
at org.openqa.selenium.remote.RemoteWebElement.click(RemoteWebElement.java:76)
at java.base/jdk.internal.reflect.DirectMethodHandleAccessor.invoke(DirectMethodHandleAccessor.java:103)
at java.base/java.lang.reflect.Method.invoke(Method.java:580)
at org.openqa.selenium.support.pagefactory.internal.LocatingElementHandler.invoke(LocatingElementHandler.java:51)
at jdk.proxy2/jdk.proxy2.$Proxy14.click(Unknown Source)
at dsAlgoPages.GraphPage.Graphrepresentation(GraphPage.java:77)
at dsAlgoTests.GraphTest.checkErrorMessageWhenExecutingWithoutCodeInGraphReprePage(GraphTest.java:124)
at java.base/jdk.internal.reflect.DirectMethodHandleAccessor.invoke(DirectMethodHandleAccessor.java:103)
at java.base/java.lang.reflect.Method.invoke(Method.java:580)
at org.testng.internal.MethodInvocationHelper.invokeMethod(MethodInvocationHelper.java:133)
at org.testng.internal.TestInvoker.invokeMethod(TestInvoker.java:598)
at org.testng.internal.TestInvoker.invokeTestMethod(TestInvoker.java:173)
at org.testng.internal.MethodRunner.runInSequence(MethodRunner.java:46)
at org.testng.internal.TestInvoker$MethodInvocationAgent.invoke(TestInvoker.java:824)
at org.testng.internal.TestInvoker.invokeTestMethods(TestInvoker.java:146)
at org.testng.internal.TestMethodWorker.invokeTestMethods(TestMethodWorker.java:146)
at org.testng.internal.TestMethodWorker.run(TestMethodWorker.java:128)
at java.base/java.util.concurrent.ThreadPoolExecutor.runWorker(ThreadPoolExecutor.java:1144)
at java.base/java.util.concurrent.ThreadPoolExecutor$Worker.run(ThreadPoolExecutor.java:642)
at java.base/java.lang.Thread.run(Thread.java:1575)
Caused by: java.util.concurrent.RejectedExecutionException: Task jdk.internal.net.http.common.SequentialScheduler$SchedulableTask@58aa14db rejected from java.util.concurrent.ThreadPoolExecutor@26796b60[Terminated, pool size = 0, active threads = 0, queued tasks = 0, completed tasks = 106]
at java.base/java.util.concurrent.ThreadPoolExecutor$AbortPolicy.rejectedExecution(ThreadPoolExecutor.java:2082)
at java.base/java.util.concurrent.ThreadPoolExecutor.reject(ThreadPoolExecutor.java:841)
at java.base/java.util.concurrent.ThreadPoolExecutor.execute(ThreadPoolExecutor.java:1377)
at java.net.http/jdk.internal.net.http.HttpClientImpl$DelegatingExecutor.ensureExecutedAsync(HttpClientImpl.java:184)
at java.net.http/jdk.internal.net.http.HttpClientImpl$DelegatingExecutor.execute(HttpClientImpl.java:176)
at java.net.http/jdk.internal.net.http.common.SequentialScheduler.runOrSchedule(SequentialScheduler.java:282)
at java.net.http/jdk.internal.net.http.common.SequentialScheduler.runOrSchedule(SequentialScheduler.java:251)
at java.net.http/jdk.internal.net.http.Http1AsyncReceiver.asyncReceive(Http1AsyncReceiver.java:468)
at java.net.http/jdk.internal.net.http.Http1AsyncReceiver$Http1TubeSubscriber.onNext(Http1AsyncReceiver.java:589)
at java.net.http/jdk.internal.net.http.Http1AsyncReceiver$Http1TubeSubscriber.onNext(Http1AsyncReceiver.java:546)
at java.net.http/jdk.internal.net.http.SocketTube$InternalReadPublisher$InternalReadSubscription.read(SocketTube.java:865)
at java.net.http/jdk.internal.net.http.SocketTube$SocketFlowTask.run(SocketTube.java:181)
at java.net.http/jdk.internal.net.http.common.SequentialScheduler$SchedulableTask.run(SequentialScheduler.java:207)
at java.net.http/jdk.internal.net.http.common.SequentialScheduler.runOrSchedule(SequentialScheduler.java:280)
at java.net.http/jdk.internal.net.http.common.SequentialScheduler.runOrSchedule(SequentialScheduler.java:233)
at java.net.http/jdk.internal.net.http.SocketTube$InternalReadPublisher$InternalReadSubscription.signalReadable(SocketTube.java:782)
at java.net.http/jdk.internal.net.http.SocketTube$InternalReadPublisher$ReadEvent.signalEvent(SocketTube.java:965)
at java.net.http/jdk.internal.net.http.SocketTube$SocketFlowEvent.handle(SocketTube.java:253)
at java.net.http/jdk.internal.net.http.HttpClientImpl$SelectorManager.handleEvent(HttpClientImpl.java:1478)
at java.net.http/jdk.internal.net.http.HttpClientImpl$SelectorManager.lambda$run$3(HttpClientImpl.java:1423)
at java.base/java.util.ArrayList.forEach(ArrayList.java:1597)
at java.net.http/jdk.internal.net.http.HttpClientImpl$SelectorManager.run(HttpClientImpl.java:1423)
]]>
    </error>
  </testcase> <!-- checkErrorMessageWhenExecutingWithoutCodeInGraphReprePage -->
  <system-out/>
  <testcase classname="dsAlgoTests.GraphTest" name="verifyCodeExecutionforGraphRepresentationPage" time="0.000">
    <skipped/>
  </testcase> <!-- verifyCodeExecutionforGraphRepresentationPage -->
  <system-out/>
  <testcase classname="dsAlgoTests.GraphTest" name="verifyCodeExecutionforGraphPage" time="0.000">
    <skipped/>
  </testcase> <!-- verifyCodeExecutionforGraphPage -->
  <system-out/>
  <testcase classname="dsAlgoTests.GraphTest" name="verifyCodeExecutionforGraphPage" time="0.000">
    <skipped/>
  </testcase> <!-- verifyCodeExecutionforGraphPage -->
  <system-out/>
  <testcase classname="dsAlgoTests.GraphTest" name="verifyCodeExecutionforGraphPage" time="0.000">
    <skipped/>
  </testcase> <!-- verifyCodeExecutionforGraphPage -->
  <system-out/>
  <testcase classname="dsAlgoTests.GraphTest" name="verifyCodeExecutionforGraphPage" time="0.000">
    <skipped/>
  </testcase> <!-- verifyCodeExecutionforGraphPage -->
  <system-out/>
  <testcase classname="dsAlgoTests.GraphTest" name="verifyCodeExecutionforGraphRepresentationPage" time="0.000">
    <skipped/>
  </testcase> <!-- verifyCodeExecutionforGraphRepresentationPage -->
  <system-out/>
  <testcase classname="dsAlgoTests.GraphTest" name="verifyCodeExecutionforGraphRepresentationPage" time="0.000">
    <skipped/>
  </testcase> <!-- verifyCodeExecutionforGraphRepresentationPage -->
  <system-out/>
  <testcase classname="dsAlgoTests.GraphTest" name="verifyCodeExecutionforGraphPage" time="0.000">
    <skipped/>
  </testcase> <!-- verifyCodeExecutionforGraphPage -->
  <system-out/>
  <testcase classname="dsAlgoTests.GraphTest" name="verifyCodeExecutionforGraphPage" time="0.000">
    <skipped/>
  </testcase> <!-- verifyCodeExecutionforGraphPage -->
  <system-out/>
  <testcase classname="dsAlgoTests.GraphTest" name="verifyCodeExecutionforGraphPage" time="0.000">
    <skipped/>
  </testcase> <!-- verifyCodeExecutionforGraphPage -->
  <system-out/>
  <testcase classname="dsAlgoTests.GraphTest" name="verifyCodeExecutionforGraphPage" time="0.000">
    <skipped/>
  </testcase> <!-- verifyCodeExecutionforGraphPage -->
  <system-out/>
  <testcase classname="dsAlgoTests.GraphTest" name="verifyCodeExecutionforGraphRepresentationPage" time="0.000">
    <skipped/>
  </testcase> <!-- verifyCodeExecutionforGraphRepresentationPage -->
  <system-out/>
  <testcase classname="dsAlgoTests.GraphTest" name="verifyCodeExecutionforGraphPage" time="0.000">
    <skipped/>
  </testcase> <!-- verifyCodeExecutionforGraphPage -->
  <system-out/>
  <testcase classname="dsAlgoTests.GraphTest" name="verifyCodeExecutionforGraphRepresentationPage" time="0.000">
    <skipped/>
  </testcase> <!-- verifyCodeExecutionforGraphRepresentationPage -->
  <system-out/>
  <testcase classname="dsAlgoTests.GraphTest" name="verifyCodeExecutionforGraphPage" time="0.000">
    <skipped/>
  </testcase> <!-- verifyCodeExecutionforGraphPage -->
  <system-out/>
  <testcase classname="dsAlgoTests.GraphTest" name="verifyCodeExecutionforGraphPage" time="0.000">
    <skipped/>
  </testcase> <!-- verifyCodeExecutionforGraphPage -->
  <system-out/>
  <testcase classname="dsAlgoTests.GraphTest" name="verifyCodeExecutionforGraphRepresentationPage" time="0.000">
    <skipped/>
  </testcase> <!-- verifyCodeExecutionforGraphRepresentationPage -->
  <system-out/>
  <testcase classname="dsAlgoTests.GraphTest" name="verifyCodeExecutionforGraphPage" time="0.000">
    <skipped/>
  </testcase> <!-- verifyCodeExecutionforGraphPage -->
  <system-out/>
  <testcase classname="dsAlgoTests.GraphTest" name="verifyCodeExecutionforGraphPage" time="0.000">
    <skipped/>
  </testcase> <!-- verifyCodeExecutionforGraphPage -->
  <system-out/>
  <testcase classname="dsAlgoTests.GraphTest" name="verifyCodeExecutionforGraphRepresentationPage" time="0.000">
    <skipped/>
  </testcase> <!-- verifyCodeExecutionforGraphRepresentationPage -->
  <system-out/>
  <testcase classname="dsAlgoTests.GraphTest" name="verifyCodeExecutionforGraphPage" time="0.000">
    <skipped/>
  </testcase> <!-- verifyCodeExecutionforGraphPage -->
  <system-out/>
  <testcase classname="dsAlgoTests.GraphTest" name="verifyCodeExecutionforGraphPage" time="0.000">
    <skipped/>
  </testcase> <!-- verifyCodeExecutionforGraphPage -->
  <system-out/>
  <testcase classname="dsAlgoTests.GraphTest" name="verifyCodeExecutionforGraphRepresentationPage" time="0.000">
    <skipped/>
  </testcase> <!-- verifyCodeExecutionforGraphRepresentationPage -->
  <system-out/>
  <testcase classname="dsAlgoTests.GraphTest" name="verifyCodeExecutionforGraphRepresentationPage" time="0.000">
    <skipped/>
  </testcase> <!-- verifyCodeExecutionforGraphRepresentationPage -->
  <system-out/>
  <testcase classname="dsAlgoTests.GraphTest" name="verifyCodeExecutionforGraphRepresentationPage" time="0.000">
    <skipped/>
  </testcase> <!-- verifyCodeExecutionforGraphRepresentationPage -->
  <system-out/>
  <testcase classname="dsAlgoTests.GraphTest" name="verifyCodeExecutionforGraphRepresentationPage" time="0.000">
    <skipped/>
  </testcase> <!-- verifyCodeExecutionforGraphRepresentationPage -->
  <system-out/>
  <testcase classname="dsAlgoTests.GraphTest" name="verifyCodeExecutionforGraphRepresentationPage" time="0.000">
    <skipped/>
  </testcase> <!-- verifyCodeExecutionforGraphRepresentationPage -->
  <system-out/>
  <testcase classname="dsAlgoTests.GraphTest" name="verifyCodeExecutionforGraphRepresentationPage" time="0.000">
    <skipped/>
  </testcase> <!-- verifyCodeExecutionforGraphRepresentationPage -->
  <system-out/>
  <testcase classname="dsAlgoTests.GraphTest" name="verifyCodeExecutionforGraphRepresentationPage" time="0.000">
    <skipped/>
  </testcase> <!-- verifyCodeExecutionforGraphRepresentationPage -->
  <system-out/>
  <testcase classname="dsAlgoTests.GraphTest" name="verifyCodeExecutionforGraphPage" time="0.000">
    <skipped/>
  </testcase> <!-- verifyCodeExecutionforGraphPage -->
  <system-out/>
  <testcase classname="dsAlgoTests.GraphTest" name="verifyCodeExecutionforGraphRepresentationPage" time="0.000">
    <skipped/>
  </testcase> <!-- verifyCodeExecutionforGraphRepresentationPage -->
  <system-out/>
  <testcase classname="dsAlgoTests.GraphTest" name="verifyCodeExecutionforGraphRepresentationPage" time="0.000">
    <skipped/>
  </testcase> <!-- verifyCodeExecutionforGraphRepresentationPage -->
  <system-out/>
  <testcase classname="dsAlgoTests.GraphTest" name="verifyCodeExecutionforGraphPage" time="0.000">
    <skipped/>
  </testcase> <!-- verifyCodeExecutionforGraphPage -->
  <system-out/>
  <testcase classname="dsAlgoTests.GraphTest" name="verifyCodeExecutionforGraphPage" time="0.000">
    <skipped/>
  </testcase> <!-- verifyCodeExecutionforGraphPage -->
  <system-out/>
  <testcase classname="dsAlgoTests.GraphTest" name="verifyCodeExecutionforGraphPage" time="0.000">
    <skipped/>
  </testcase> <!-- verifyCodeExecutionforGraphPage -->
  <system-out/>
  <testcase classname="dsAlgoTests.GraphTest" name="verifyCodeExecutionforGraphRepresentationPage" time="0.000">
    <skipped/>
  </testcase> <!-- verifyCodeExecutionforGraphRepresentationPage -->
  <system-out/>
  <testcase classname="dsAlgoTests.GraphTest" name="verifyCodeExecutionforGraphRepresentationPage" time="0.000">
    <skipped/>
  </testcase> <!-- verifyCodeExecutionforGraphRepresentationPage -->
  <system-out/>
  <testcase classname="dsAlgoTests.GraphTest" name="verifyCodeExecutionforGraphPage" time="0.000">
    <skipped/>
  </testcase> <!-- verifyCodeExecutionforGraphPage -->
  <system-out/>
  <testcase classname="dsAlgoTests.GraphTest" name="verifyCodeExecutionforGraphRepresentationPage" time="0.000">
    <skipped/>
  </testcase> <!-- verifyCodeExecutionforGraphRepresentationPage -->
  <system-out/>
  <testcase classname="dsAlgoTests.GraphTest" name="verifyCodeExecutionforGraphPage" time="0.000">
    <skipped/>
  </testcase> <!-- verifyCodeExecutionforGraphPage -->
  <system-out/>
  <testcase classname="dsAlgoTests.GraphTest" name="verifyCodeExecutionforGraphRepresentationPage" time="0.000">
    <skipped/>
  </testcase> <!-- verifyCodeExecutionforGraphRepresentationPage -->
  <system-out/>
  <testcase classname="dsAlgoTests.GraphTest" name="verifyCodeExecutionforGraphRepresentationPage" time="0.000">
    <skipped/>
  </testcase> <!-- verifyCodeExecutionforGraphRepresentationPage -->
  <system-out/>
  <testcase classname="dsAlgoTests.GraphTest" name="verifyCodeExecutionforGraphRepresentationPage" time="0.000">
    <skipped/>
  </testcase> <!-- verifyCodeExecutionforGraphRepresentationPage -->
  <system-out/>
  <testcase classname="dsAlgoTests.GraphTest" name="verifyCodeExecutionforGraphRepresentationPage" time="0.000">
    <skipped/>
  </testcase> <!-- verifyCodeExecutionforGraphRepresentationPage -->
  <system-out/>
  <testcase classname="dsAlgoTests.GraphTest" name="verifyCodeExecutionforGraphRepresentationPage" time="0.000">
    <skipped/>
  </testcase> <!-- verifyCodeExecutionforGraphRepresentationPage -->
  <system-out/>
  <testcase classname="dsAlgoTests.GraphTest" name="verifyCodeExecutionforGraphRepresentationPage" time="0.000">
    <skipped/>
  </testcase> <!-- verifyCodeExecutionforGraphRepresentationPage -->
  <system-out/>
  <testcase classname="dsAlgoTests.GraphTest" name="verifyCodeExecutionforGraphPage" time="0.000">
    <skipped/>
  </testcase> <!-- verifyCodeExecutionforGraphPage -->
  <system-out/>
  <testcase classname="dsAlgoTests.GraphTest" name="verifyCodeExecutionforGraphPage" time="0.000">
    <skipped/>
  </testcase> <!-- verifyCodeExecutionforGraphPage -->
  <system-out/>
  <testcase classname="dsAlgoTests.GraphTest" name="verifyCodeExecutionforGraphRepresentationPage" time="0.000">
    <skipped/>
  </testcase> <!-- verifyCodeExecutionforGraphRepresentationPage -->
  <system-out/>
  <testcase classname="dsAlgoTests.GraphTest" name="verifyCodeExecutionforGraphRepresentationPage" time="0.000">
    <skipped/>
  </testcase> <!-- verifyCodeExecutionforGraphRepresentationPage -->
  <system-out/>
  <testcase classname="dsAlgoTests.GraphTest" name="verifyCodeExecutionforGraphRepresentationPage" time="0.000">
    <skipped/>
  </testcase> <!-- verifyCodeExecutionforGraphRepresentationPage -->
  <system-out/>
  <testcase classname="dsAlgoTests.GraphTest" name="verifyCodeExecutionforGraphPage" time="0.000">
    <skipped/>
  </testcase> <!-- verifyCodeExecutionforGraphPage -->
  <system-out/>
  <testcase classname="dsAlgoTests.GraphTest" name="verifyCodeExecutionforGraphPage" time="0.000">
    <skipped/>
  </testcase> <!-- verifyCodeExecutionforGraphPage -->
  <system-out/>
  <testcase classname="dsAlgoTests.GraphTest" name="verifyCodeExecutionforGraphRepresentationPage" time="0.000">
    <skipped/>
  </testcase> <!-- verifyCodeExecutionforGraphRepresentationPage -->
  <system-out/>
  <testcase classname="dsAlgoTests.GraphTest" name="verifyCodeExecutionforGraphPage" time="0.000">
    <skipped/>
  </testcase> <!-- verifyCodeExecutionforGraphPage -->
  <system-out/>
  <testcase classname="dsAlgoTests.GraphTest" name="verifyCodeExecutionforGraphRepresentationPage" time="0.000">
    <skipped/>
  </testcase> <!-- verifyCodeExecutionforGraphRepresentationPage -->
  <system-out/>
  <testcase classname="dsAlgoTests.GraphTest" name="verifyCodeExecutionforGraphRepresentationPage" time="0.000">
    <skipped/>
  </testcase> <!-- verifyCodeExecutionforGraphRepresentationPage -->
  <system-out/>
  <testcase classname="dsAlgoTests.GraphTest" name="verifyCodeExecutionforGraphPage" time="0.000">
    <skipped/>
  </testcase> <!-- verifyCodeExecutionforGraphPage -->
  <system-out/>
  <testcase classname="dsAlgoTests.GraphTest" name="verifyCodeExecutionforGraphRepresentationPage" time="0.000">
    <skipped/>
  </testcase> <!-- verifyCodeExecutionforGraphRepresentationPage -->
  <system-out/>
  <testcase classname="dsAlgoTests.GraphTest" name="verifyCodeExecutionforGraphRepresentationPage" time="0.000">
    <skipped/>
  </testcase> <!-- verifyCodeExecutionforGraphRepresentationPage -->
  <system-out/>
  <testcase classname="dsAlgoTests.GraphTest" name="verifyCodeExecutionforGraphPage" time="0.000">
    <skipped/>
  </testcase> <!-- verifyCodeExecutionforGraphPage -->
  <system-out/>
  <testcase classname="dsAlgoTests.GraphTest" name="verifyCodeExecutionforGraphRepresentationPage" time="0.000">
    <skipped/>
  </testcase> <!-- verifyCodeExecutionforGraphRepresentationPage -->
  <system-out/>
  <testcase classname="dsAlgoTests.GraphTest" name="verifyCodeExecutionforGraphRepresentationPage" time="0.000">
    <skipped/>
  </testcase> <!-- verifyCodeExecutionforGraphRepresentationPage -->
  <system-out/>
  <testcase classname="dsAlgoTests.GraphTest" name="verifyCodeExecutionforGraphPage" time="0.000">
    <skipped/>
  </testcase> <!-- verifyCodeExecutionforGraphPage -->
  <system-out/>
  <testcase classname="dsAlgoTests.GraphTest" name="verifyCodeExecutionforGraphRepresentationPage" time="0.000">
    <skipped/>
  </testcase> <!-- verifyCodeExecutionforGraphRepresentationPage -->
  <system-out/>
  <testcase classname="dsAlgoTests.GraphTest" name="verifyCodeExecutionforGraphPage" time="0.000">
    <skipped/>
  </testcase> <!-- verifyCodeExecutionforGraphPage -->
  <system-out/>
  <testcase classname="dsAlgoTests.GraphTest" name="verifyCodeExecutionforGraphPage" time="0.000">
    <skipped/>
  </testcase> <!-- verifyCodeExecutionforGraphPage -->
  <system-out/>
  <testcase classname="dsAlgoTests.GraphTest" name="verifyCodeExecutionforGraphPage" time="0.000">
    <skipped/>
  </testcase> <!-- verifyCodeExecutionforGraphPage -->
  <system-out/>
</testsuite> <!-- dsAlgoTests.GraphTest -->
