<?xml version="1.0" encoding="UTF-8"?>
<!-- Generated by org.testng.reporters.JUnitReportReporter -->
<testsuite hostname="Jaya" failures="0" tests="15" name="dsAlgoTests.HomeTest" time="34.867" errors="0" timestamp="2025-02-06T17:09:43 EST" skipped="0">
  <testcase classname="dsAlgoTests.HomeTest" name="GetstartedTreeerrorBeforeSignin" time="2.146"/>
  <system-out/>
  <testcase classname="dsAlgoTests.HomeTest" name="GetstartedLinkedListerrorBeforeSignin" time="2.136"/>
  <system-out/>
  <testcase classname="dsAlgoTests.HomeTest" name="GetstartedQueueerrorBeforeSignin" time="2.132"/>
  <system-out/>
  <testcase classname="dsAlgoTests.HomeTest" name="GetstartedArrayerrorBeforeSignin" time="2.327"/>
  <system-out/>
  <testcase classname="dsAlgoTests.HomeTest" name="GetstartedGrapherrorBeforeSignin" time="2.126"/>
  <system-out/>
  <testcase classname="dsAlgoTests.HomeTest" name="dropdownoptionTreeerrorBeforeSignin" time="2.240"/>
  <system-out/>
  <testcase classname="dsAlgoTests.HomeTest" name="errorMessageWhenClickedOnDataStructureBeforeSignin" time="2.320"/>
  <system-out/>
  <testcase classname="dsAlgoTests.HomeTest" name="GetstartedStackerrorBeforeSignin" time="2.791"/>
  <system-out/>
  <testcase classname="dsAlgoTests.HomeTest" name="dropdownoptionArrayserrorBeforeSignin" time="2.456"/>
  <system-out/>
  <testcase classname="dsAlgoTests.HomeTest" name="dropdownoptionStackerrorBeforeSignin" time="3.426"/>
  <system-out/>
  <testcase classname="dsAlgoTests.HomeTest" name="navigateToLogin" time="1.931"/>
  <system-out/>
  <testcase classname="dsAlgoTests.HomeTest" name="dropdownoptionLinkedListerrorBeforeSignin" time="2.143"/>
  <system-out/>
  <testcase classname="dsAlgoTests.HomeTest" name="dropdownoptionQueueerrorBeforeSignin" time="2.414"/>
  <system-out/>
  <testcase classname="dsAlgoTests.HomeTest" name="dropdownoptionGrapherrorBeforeSignin" time="2.122"/>
  <system-out/>
  <testcase classname="dsAlgoTests.HomeTest" name="navigateToRegister" time="2.157"/>
  <system-out/>
</testsuite> <!-- dsAlgoTests.HomeTest -->
