<?xml version="1.0" encoding="UTF-8"?>
<!-- Generated by org.testng.reporters.JUnitReportReporter -->
<testsuite hostname="Vaibhav" failures="0" tests="7" name="dsAlgoTests.RegisterTest" time="24.475" errors="0" timestamp="2025-02-04T00:09:39 IST" skipped="0">
  <testcase classname="dsAlgoTests.RegisterTest" name="enterCredentials" time="3.251"/>
  <system-out/>
  <testcase classname="dsAlgoTests.RegisterTest" name="enterCredentials" time="2.789"/>
  <system-out/>
  <testcase classname="dsAlgoTests.RegisterTest" name="enterCredentials" time="5.904"/>
  <system-out/>
  <testcase classname="dsAlgoTests.RegisterTest" name="enterCredentials" time="3.300"/>
  <system-out/>
  <testcase classname="dsAlgoTests.RegisterTest" name="enterCredentials" time="3.120"/>
  <system-out/>
  <testcase classname="dsAlgoTests.RegisterTest" name="enterCredentials" time="3.161"/>
  <system-out/>
  <testcase classname="dsAlgoTests.RegisterTest" name="enterCredentials" time="2.950"/>
  <system-out/>
</testsuite> <!-- dsAlgoTests.RegisterTest -->
