<?xml version="1.0" encoding="UTF-8"?>
<!-- Generated by org.testng.reporters.JUnitReportReporter -->
<testsuite hostname="Vaibhav" failures="3" tests="25" name="dsAlgoTests.QueueTest" time="28.925" errors="1" timestamp="2025-02-05T23:58:14 IST" skipped="21">
  <testcase classname="dsAlgoTests.QueueTest" name="navigateToPracticeQuestionImplementationUsingCollectionsDeque" time="5.665">
    <skipped/>
  </testcase> <!-- navigateToPracticeQuestionImplementationUsingCollectionsDeque -->
  <system-out/>
  <testcase classname="dsAlgoTests.QueueTest" name="setup" time="13.611">
    <error message="Could not start a new session. Response code 500. Message: session not created: Chrome failed to start: crashed.
  (session not created: DevToolsActivePort file doesn&#039;t exist)
  (The process started from chrome location C:\Program Files\Google\Chrome\Application\chrome.exe is no longer running, so ChromeDriver is assuming that Chrome has crashed.) 
Host info: host: &#039;VAIBHAV&#039;, ip: &#039;192.168.1.175&#039;
Build info: version: &#039;4.17.0&#039;, revision: &#039;e52b1be057*&#039;
System info: os.name: &#039;Windows 11&#039;, os.arch: &#039;amd64&#039;, os.version: &#039;10.0&#039;, java.version: &#039;23.0.1&#039;
Driver info: org.openqa.selenium.chrome.ChromeDriver
Command: [null, newSession {capabilities=[Capabilities {browserName: chrome, goog:chromeOptions: {args: [], binary: C:\Program Files\Google\Chr..., extensions: []}}]}]" type="org.openqa.selenium.SessionNotCreatedException">
      <![CDATA[org.openqa.selenium.SessionNotCreatedException: Could not start a new session. Response code 500. Message: session not created: Chrome failed to start: crashed.
  (session not created: DevToolsActivePort file doesn't exist)
  (The process started from chrome location C:\Program Files\Google\Chrome\Application\chrome.exe is no longer running, so ChromeDriver is assuming that Chrome has crashed.) 
Host info: host: 'VAIBHAV', ip: '192.168.1.175'
Build info: version: '4.17.0', revision: 'e52b1be057*'
System info: os.name: 'Windows 11', os.arch: 'amd64', os.version: '10.0', java.version: '23.0.1'
Driver info: org.openqa.selenium.chrome.ChromeDriver
Command: [null, newSession {capabilities=[Capabilities {browserName: chrome, goog:chromeOptions: {args: [], binary: C:\Program Files\Google\Chr..., extensions: []}}]}]
at org.openqa.selenium.remote.ProtocolHandshake.createSession(ProtocolHandshake.java:139)
at org.openqa.selenium.remote.ProtocolHandshake.createSession(ProtocolHandshake.java:95)
at org.openqa.selenium.remote.ProtocolHandshake.createSession(ProtocolHandshake.java:67)
at org.openqa.selenium.remote.HttpCommandExecutor.execute(HttpCommandExecutor.java:162)
at org.openqa.selenium.remote.service.DriverCommandExecutor.invokeExecute(DriverCommandExecutor.java:216)
at org.openqa.selenium.remote.service.DriverCommandExecutor.execute(DriverCommandExecutor.java:174)
at org.openqa.selenium.remote.RemoteWebDriver.execute(RemoteWebDriver.java:519)
at org.openqa.selenium.remote.RemoteWebDriver.startSession(RemoteWebDriver.java:233)
at org.openqa.selenium.remote.RemoteWebDriver.<init>(RemoteWebDriver.java:162)
at org.openqa.selenium.chromium.ChromiumDriver.<init>(ChromiumDriver.java:114)
at org.openqa.selenium.chrome.ChromeDriver.<init>(ChromeDriver.java:89)
at org.openqa.selenium.chrome.ChromeDriver.<init>(ChromeDriver.java:84)
at org.openqa.selenium.chrome.ChromeDriver.<init>(ChromeDriver.java:52)
at dsAlgoBase.Base.initializeBrowser(Base.java:27)
at dsAlgoHooks.Hooks.setup(Hooks.java:38)
at java.base/jdk.internal.reflect.DirectMethodHandleAccessor.invoke(DirectMethodHandleAccessor.java:103)
at java.base/java.lang.reflect.Method.invoke(Method.java:580)
at org.testng.internal.MethodInvocationHelper.invokeMethod(MethodInvocationHelper.java:133)
at org.testng.internal.MethodInvocationHelper.invokeMethodConsideringTimeout(MethodInvocationHelper.java:62)
at org.testng.internal.ConfigInvoker.invokeConfigurationMethod(ConfigInvoker.java:385)
at org.testng.internal.ConfigInvoker.invokeConfigurations(ConfigInvoker.java:321)
at org.testng.internal.TestInvoker.runConfigMethods(TestInvoker.java:700)
at org.testng.internal.TestInvoker.invokeMethod(TestInvoker.java:527)
at org.testng.internal.TestInvoker.invokeTestMethod(TestInvoker.java:173)
at org.testng.internal.MethodRunner.runInSequence(MethodRunner.java:46)
at org.testng.internal.TestInvoker$MethodInvocationAgent.invoke(TestInvoker.java:824)
at org.testng.internal.TestInvoker.invokeTestMethods(TestInvoker.java:146)
at org.testng.internal.TestMethodWorker.invokeTestMethods(TestMethodWorker.java:146)
at org.testng.internal.TestMethodWorker.run(TestMethodWorker.java:128)
at java.base/java.util.concurrent.ThreadPoolExecutor.runWorker(ThreadPoolExecutor.java:1144)
at java.base/java.util.concurrent.ThreadPoolExecutor$Worker.run(ThreadPoolExecutor.java:642)
at java.base/java.lang.Thread.run(Thread.java:1575)
]]>
    </error>
  </testcase> <!-- setup -->
  <system-out/>
  <testcase classname="dsAlgoTests.QueueTest" name="verifyCodeExecutionForQueueTryEditor" time="5.330">
    <skipped/>
  </testcase> <!-- verifyCodeExecutionForQueueTryEditor -->
  <system-out/>
  <testcase classname="dsAlgoTests.QueueTest" name="listOfPracticeQuestionImplementationUsingCollectionsDeque" time="0.000">
    <skipped/>
  </testcase> <!-- listOfPracticeQuestionImplementationUsingCollectionsDeque -->
  <system-out/>
  <testcase classname="dsAlgoTests.QueueTest" name="navigateToImplementationUsingArray" time="0.000">
    <skipped/>
  </testcase> <!-- navigateToImplementationUsingArray -->
  <system-out/>
  <testcase classname="dsAlgoTests.QueueTest" name="navigateToQueueOperationsTryEditor" time="0.000">
    <skipped/>
  </testcase> <!-- navigateToQueueOperationsTryEditor -->
  <system-out/>
  <testcase classname="dsAlgoTests.QueueTest" name="verifyCodeExecutionForQueueTryEditor" time="0.000">
    <skipped/>
  </testcase> <!-- verifyCodeExecutionForQueueTryEditor -->
  <system-out/>
  <testcase classname="dsAlgoTests.QueueTest" name="checkErrorMeaasgeWhenExecutingWithoutCodeInQueueOperations" time="2.260">
    <failure message="Test failed: Expected an error message when clicking the &#039;Run&#039; button without entering code, but no message was displayed" type="java.lang.AssertionError">
      <![CDATA[java.lang.AssertionError: Test failed: Expected an error message when clicking the 'Run' button without entering code, but no message was displayed
at org.testng.Assert.fail(Assert.java:99)
at dsAlgoTests.QueueTest.checkErrorMeaasgeWhenExecutingWithoutCodeInQueueOperations(QueueTest.java:156)
at java.base/jdk.internal.reflect.DirectMethodHandleAccessor.invoke(DirectMethodHandleAccessor.java:103)
at java.base/java.lang.reflect.Method.invoke(Method.java:580)
at org.testng.internal.MethodInvocationHelper.invokeMethod(MethodInvocationHelper.java:133)
at org.testng.internal.TestInvoker.invokeMethod(TestInvoker.java:598)
at org.testng.internal.TestInvoker.invokeTestMethod(TestInvoker.java:173)
at org.testng.internal.MethodRunner.runInSequence(MethodRunner.java:46)
at org.testng.internal.TestInvoker$MethodInvocationAgent.invoke(TestInvoker.java:824)
at org.testng.internal.TestInvoker.invokeTestMethods(TestInvoker.java:146)
at org.testng.internal.TestMethodWorker.invokeTestMethods(TestMethodWorker.java:146)
at org.testng.internal.TestMethodWorker.run(TestMethodWorker.java:128)
at java.base/java.util.concurrent.ThreadPoolExecutor.runWorker(ThreadPoolExecutor.java:1144)
at java.base/java.util.concurrent.ThreadPoolExecutor$Worker.run(ThreadPoolExecutor.java:642)
at java.base/java.lang.Thread.run(Thread.java:1575)
]]>
    </failure>
  </testcase> <!-- checkErrorMeaasgeWhenExecutingWithoutCodeInQueueOperations -->
  <system-out/>
  <testcase classname="dsAlgoTests.QueueTest" name="verifyCodeExecutionForQueueTryEditor" time="0.000">
    <skipped/>
  </testcase> <!-- verifyCodeExecutionForQueueTryEditor -->
  <system-out/>
  <testcase classname="dsAlgoTests.QueueTest" name="verifyCodeExecutionForQueueTryEditor" time="0.000">
    <skipped/>
  </testcase> <!-- verifyCodeExecutionForQueueTryEditor -->
  <system-out/>
  <testcase classname="dsAlgoTests.QueueTest" name="verifyCodeExecutionForQueueTryEditor" time="0.000">
    <skipped/>
  </testcase> <!-- verifyCodeExecutionForQueueTryEditor -->
  <system-out/>
  <testcase classname="dsAlgoTests.QueueTest" name="navigateToImplementationUsingArrayTryEditor" time="0.000">
    <skipped/>
  </testcase> <!-- navigateToImplementationUsingArrayTryEditor -->
  <system-out/>
  <testcase classname="dsAlgoTests.QueueTest" name="navigateToQueueOperations" time="0.000">
    <skipped/>
  </testcase> <!-- navigateToQueueOperations -->
  <system-out/>
  <testcase classname="dsAlgoTests.QueueTest" name="navigatetoImplementationOfQueueInPythonTryEditor" time="0.000">
    <skipped/>
  </testcase> <!-- navigatetoImplementationOfQueueInPythonTryEditor -->
  <system-out/>
  <testcase classname="dsAlgoTests.QueueTest" name="verifyCodeExecutionForQueueTryEditor" time="0.000">
    <skipped/>
  </testcase> <!-- verifyCodeExecutionForQueueTryEditor -->
  <system-out/>
  <testcase classname="dsAlgoTests.QueueTest" name="checkErrorMeaasgeWhenExecutingWithoutCodeInImplementationUsingArray" time="1.083">
    <failure message="Test failed: Expected an error message when clicking the &#039;Run&#039; button without entering code, but no message was displayed" type="java.lang.AssertionError">
      <![CDATA[java.lang.AssertionError: Test failed: Expected an error message when clicking the 'Run' button without entering code, but no message was displayed
at org.testng.Assert.fail(Assert.java:99)
at dsAlgoTests.QueueTest.checkErrorMeaasgeWhenExecutingWithoutCodeInImplementationUsingArray(QueueTest.java:149)
at java.base/jdk.internal.reflect.DirectMethodHandleAccessor.invoke(DirectMethodHandleAccessor.java:103)
at java.base/java.lang.reflect.Method.invoke(Method.java:580)
at org.testng.internal.MethodInvocationHelper.invokeMethod(MethodInvocationHelper.java:133)
at org.testng.internal.TestInvoker.invokeMethod(TestInvoker.java:598)
at org.testng.internal.TestInvoker.invokeTestMethod(TestInvoker.java:173)
at org.testng.internal.MethodRunner.runInSequence(MethodRunner.java:46)
at org.testng.internal.TestInvoker$MethodInvocationAgent.invoke(TestInvoker.java:824)
at org.testng.internal.TestInvoker.invokeTestMethods(TestInvoker.java:146)
at org.testng.internal.TestMethodWorker.invokeTestMethods(TestMethodWorker.java:146)
at org.testng.internal.TestMethodWorker.run(TestMethodWorker.java:128)
at java.base/java.util.concurrent.ThreadPoolExecutor.runWorker(ThreadPoolExecutor.java:1144)
at java.base/java.util.concurrent.ThreadPoolExecutor$Worker.run(ThreadPoolExecutor.java:642)
at java.base/java.lang.Thread.run(Thread.java:1575)
]]>
    </failure>
  </testcase> <!-- checkErrorMeaasgeWhenExecutingWithoutCodeInImplementationUsingArray -->
  <system-out/>
  <testcase classname="dsAlgoTests.QueueTest" name="checkErrorMeaasgeWhenExecutingWithoutCodeInImplementationOfQueueInPython" time="0.976">
    <failure message="Test failed: Expected an error message when clicking the &#039;Run&#039; button without entering code, but no message was displayed" type="java.lang.AssertionError">
      <![CDATA[java.lang.AssertionError: Test failed: Expected an error message when clicking the 'Run' button without entering code, but no message was displayed
at org.testng.Assert.fail(Assert.java:99)
at dsAlgoTests.QueueTest.checkErrorMeaasgeWhenExecutingWithoutCodeInImplementationOfQueueInPython(QueueTest.java:135)
at java.base/jdk.internal.reflect.DirectMethodHandleAccessor.invoke(DirectMethodHandleAccessor.java:103)
at java.base/java.lang.reflect.Method.invoke(Method.java:580)
at org.testng.internal.MethodInvocationHelper.invokeMethod(MethodInvocationHelper.java:133)
at org.testng.internal.TestInvoker.invokeMethod(TestInvoker.java:598)
at org.testng.internal.TestInvoker.invokeTestMethod(TestInvoker.java:173)
at org.testng.internal.MethodRunner.runInSequence(MethodRunner.java:46)
at org.testng.internal.TestInvoker$MethodInvocationAgent.invoke(TestInvoker.java:824)
at org.testng.internal.TestInvoker.invokeTestMethods(TestInvoker.java:146)
at org.testng.internal.TestMethodWorker.invokeTestMethods(TestMethodWorker.java:146)
at org.testng.internal.TestMethodWorker.run(TestMethodWorker.java:128)
at java.base/java.util.concurrent.ThreadPoolExecutor.runWorker(ThreadPoolExecutor.java:1144)
at java.base/java.util.concurrent.ThreadPoolExecutor$Worker.run(ThreadPoolExecutor.java:642)
at java.base/java.lang.Thread.run(Thread.java:1575)
]]>
    </failure>
  </testcase> <!-- checkErrorMeaasgeWhenExecutingWithoutCodeInImplementationOfQueueInPython -->
  <system-out/>
  <testcase classname="dsAlgoTests.QueueTest" name="navigatetoImplementationUsingCollectionsDeque" time="0.000">
    <skipped/>
  </testcase> <!-- navigatetoImplementationUsingCollectionsDeque -->
  <system-out/>
  <testcase classname="dsAlgoTests.QueueTest" name="navigatetoImplementationOfQueueInPython" time="0.000">
    <skipped/>
  </testcase> <!-- navigatetoImplementationOfQueueInPython -->
  <system-out/>
  <testcase classname="dsAlgoTests.QueueTest" name="verifyCodeExecutionForQueueTryEditor" time="0.000">
    <skipped/>
  </testcase> <!-- verifyCodeExecutionForQueueTryEditor -->
  <system-out/>
  <testcase classname="dsAlgoTests.QueueTest" name="checkErrorMessageWhenExecutingWithoutCodeInImplementationUsingCollectionsDeque" time="0.000">
    <skipped/>
  </testcase> <!-- checkErrorMessageWhenExecutingWithoutCodeInImplementationUsingCollectionsDeque -->
  <system-out/>
  <testcase classname="dsAlgoTests.QueueTest" name="verifyCodeExecutionForQueueTryEditor" time="0.000">
    <skipped/>
  </testcase> <!-- verifyCodeExecutionForQueueTryEditor -->
  <system-out/>
  <testcase classname="dsAlgoTests.QueueTest" name="listOfPracticeQuestionOfImplementationOfQueueInPython" time="0.000">
    <skipped/>
  </testcase> <!-- listOfPracticeQuestionOfImplementationOfQueueInPython -->
  <system-out/>
  <testcase classname="dsAlgoTests.QueueTest" name="navigateToPracticeQuestionOfImplementationOfQueueInPython" time="0.000">
    <skipped/>
  </testcase> <!-- navigateToPracticeQuestionOfImplementationOfQueueInPython -->
  <system-out/>
  <testcase classname="dsAlgoTests.QueueTest" name="navigatetoImplementationUsingCollectionsDequeTryEditor" time="0.000">
    <skipped/>
  </testcase> <!-- navigatetoImplementationUsingCollectionsDequeTryEditor -->
  <system-out/>
</testsuite> <!-- dsAlgoTests.QueueTest -->
