<?xml version="1.0" encoding="UTF-8"?>
<!-- Generated by org.testng.reporters.JUnitReportReporter -->
<testsuite hostname="sukeerthsahana" failures="0" tests="1" name="dsAlgoTests.HomeTest" time="7.737" errors="0" timestamp="2025-01-30T10:59:59 CST" skipped="0">
  <testcase classname="dsAlgoTests.HomeTest" name="errorMessageWhenClickedOnDataStructureBeforeSignin" time="7.737"/>
  <system-out/>
</testsuite> <!-- dsAlgoTests.HomeTest -->
