<?xml version="1.0" encoding="UTF-8"?>
<!-- Generated by org.testng.reporters.JUnitReportReporter -->
<testsuite hostname="DESKTOP-SF0QLDR" failures="0" tests="6" name="dsAlgoTests.SigninTest" time="124.794" errors="0" timestamp="2025-02-05T14:17:06 EST" skipped="0">
  <testcase classname="dsAlgoTests.SigninTest" name="enterCredentials" time="24.239"/>
  <system-out/>
  <testcase classname="dsAlgoTests.SigninTest" name="enterCredentials" time="22.781"/>
  <system-out/>
  <testcase classname="dsAlgoTests.SigninTest" name="enterCredentials" time="25.043"/>
  <system-out/>
  <testcase classname="dsAlgoTests.SigninTest" name="enterCredentials" time="23.900"/>
  <system-out/>
  <testcase classname="dsAlgoTests.SigninTest" name="enterCredentials" time="5.569"/>
  <system-out/>
  <testcase classname="dsAlgoTests.SigninTest" name="enterCredentials" time="23.262"/>
  <system-out/>
</testsuite> <!-- dsAlgoTests.SigninTest -->
