<?xml version="1.0" encoding="UTF-8"?>
<!-- Generated by org.testng.reporters.JUnitReportReporter -->
<testsuite hostname="sukeerthsahana" failures="0" tests="6" name="dsAlgoTests.SigninTest" time="117.545" errors="0" timestamp="2025-02-05T16:05:07 CST" skipped="0">
  <testcase classname="dsAlgoTests.SigninTest" name="enterCredentials" time="3.046"/>
  <system-out/>
  <testcase classname="dsAlgoTests.SigninTest" name="enterCredentials" time="22.795"/>
  <system-out/>
  <testcase classname="dsAlgoTests.SigninTest" name="enterCredentials" time="22.916"/>
  <system-out/>
  <testcase classname="dsAlgoTests.SigninTest" name="enterCredentials" time="22.992"/>
  <system-out/>
  <testcase classname="dsAlgoTests.SigninTest" name="enterCredentials" time="23.107"/>
  <system-out/>
  <testcase classname="dsAlgoTests.SigninTest" name="enterCredentials" time="22.689"/>
  <system-out/>
</testsuite> <!-- dsAlgoTests.SigninTest -->
