<?xml version="1.0" encoding="UTF-8"?>
<!-- Generated by org.testng.reporters.JUnitReportReporter -->
<testsuite hostname="DESKTOP-SF0QLDR" failures="0" tests="60" name="dsAlgoTests.TreeTest" time="23.745" errors="1" timestamp="2025-02-05T13:30:18 EST" skipped="59">
  <testcase classname="dsAlgoTests.TreeTest" name="verifyCodeExecutionForTreeTryEditor" time="10.649">
    <skipped/>
  </testcase> <!-- verifyCodeExecutionForTreeTryEditor -->
  <system-out/>
  <testcase classname="dsAlgoTests.TreeTest" name="verifyCodeExecutionForTreeTryEditor" time="0.000">
    <skipped/>
  </testcase> <!-- verifyCodeExecutionForTreeTryEditor -->
  <system-out/>
  <testcase classname="dsAlgoTests.TreeTest" name="navigateToTypesOfTreesTryEditor" time="0.000">
    <skipped/>
  </testcase> <!-- navigateToTypesOfTreesTryEditor -->
  <system-out/>
  <testcase classname="dsAlgoTests.TreeTest" name="listOfPracticeQuestionOfOverviewOfTrees" time="0.000">
    <skipped/>
  </testcase> <!-- listOfPracticeQuestionOfOverviewOfTrees -->
  <system-out/>
  <testcase classname="dsAlgoTests.TreeTest" name="verifyTreeTryEditorWithoutCodeOfTypesOfTrees" time="0.000">
    <skipped/>
  </testcase> <!-- verifyTreeTryEditorWithoutCodeOfTypesOfTrees -->
  <system-out/>
  <testcase classname="dsAlgoTests.TreeTest" name="navigateToTerminologiesTryEditor" time="0.000">
    <skipped/>
  </testcase> <!-- navigateToTerminologiesTryEditor -->
  <system-out/>
  <testcase classname="dsAlgoTests.TreeTest" name="navigateToImplementationInPython" time="0.000">
    <skipped/>
  </testcase> <!-- navigateToImplementationInPython -->
  <system-out/>
  <testcase classname="dsAlgoTests.TreeTest" name="navigateToPracticeQuestionOfOverviewOfTrees" time="0.000">
    <skipped/>
  </testcase> <!-- navigateToPracticeQuestionOfOverviewOfTrees -->
  <system-out/>
  <testcase classname="dsAlgoTests.TreeTest" name="verifyCodeExecutionForTreeTryEditor" time="0.000">
    <skipped/>
  </testcase> <!-- verifyCodeExecutionForTreeTryEditor -->
  <system-out/>
  <testcase classname="dsAlgoTests.TreeTest" name="verifyCodeExecutionForTreeTryEditor" time="0.000">
    <skipped/>
  </testcase> <!-- verifyCodeExecutionForTreeTryEditor -->
  <system-out/>
  <testcase classname="dsAlgoTests.TreeTest" name="navigateToBinaryTreesTryEditor" time="0.000">
    <skipped/>
  </testcase> <!-- navigateToBinaryTreesTryEditor -->
  <system-out/>
  <testcase classname="dsAlgoTests.TreeTest" name="verifyCodeExecutionForTreeTryEditor" time="0.000">
    <skipped/>
  </testcase> <!-- verifyCodeExecutionForTreeTryEditor -->
  <system-out/>
  <testcase classname="dsAlgoTests.TreeTest" name="verifyCodeExecutionForTreeTryEditor" time="0.000">
    <skipped/>
  </testcase> <!-- verifyCodeExecutionForTreeTryEditor -->
  <system-out/>
  <testcase classname="dsAlgoTests.TreeTest" name="navigateToTraversalsIllustration" time="0.000">
    <skipped/>
  </testcase> <!-- navigateToTraversalsIllustration -->
  <system-out/>
  <testcase classname="dsAlgoTests.TreeTest" name="navigateToTypesOfTrees" time="0.000">
    <skipped/>
  </testcase> <!-- navigateToTypesOfTrees -->
  <system-out/>
  <testcase classname="dsAlgoTests.TreeTest" name="navigateToTreeTraversalsTryEditor" time="0.000">
    <skipped/>
  </testcase> <!-- navigateToTreeTraversalsTryEditor -->
  <system-out/>
  <testcase classname="dsAlgoTests.TreeTest" name="navigateToImplementationOfBinaryTreesTryEditor" time="0.000">
    <skipped/>
  </testcase> <!-- navigateToImplementationOfBinaryTreesTryEditor -->
  <system-out/>
  <testcase classname="dsAlgoTests.TreeTest" name="verifyTreeTryEditorWithoutCodeOfTreeTraversals" time="0.000">
    <skipped/>
  </testcase> <!-- verifyTreeTryEditorWithoutCodeOfTreeTraversals -->
  <system-out/>
  <testcase classname="dsAlgoTests.TreeTest" name="navigateToTreeTraversals" time="0.000">
    <skipped/>
  </testcase> <!-- navigateToTreeTraversals -->
  <system-out/>
  <testcase classname="dsAlgoTests.TreeTest" name="verifyCodeExecutionForTreeTryEditor" time="0.000">
    <skipped/>
  </testcase> <!-- verifyCodeExecutionForTreeTryEditor -->
  <system-out/>
  <testcase classname="dsAlgoTests.TreeTest" name="verifyCodeExecutionForTreeTryEditor" time="0.000">
    <skipped/>
  </testcase> <!-- verifyCodeExecutionForTreeTryEditor -->
  <system-out/>
  <testcase classname="dsAlgoTests.TreeTest" name="verifyCodeExecutionForTreeTryEditor" time="0.000">
    <skipped/>
  </testcase> <!-- verifyCodeExecutionForTreeTryEditor -->
  <system-out/>
  <testcase classname="dsAlgoTests.TreeTest" name="navigateToOverviewOfTreesTryEditor" time="0.000">
    <skipped/>
  </testcase> <!-- navigateToOverviewOfTreesTryEditor -->
  <system-out/>
  <testcase classname="dsAlgoTests.TreeTest" name="verifyTreeTryEditorWithoutCodeOfTerminologies" time="0.000">
    <skipped/>
  </testcase> <!-- verifyTreeTryEditorWithoutCodeOfTerminologies -->
  <system-out/>
  <testcase classname="dsAlgoTests.TreeTest" name="verifyCodeExecutionForTreeTryEditor" time="0.000">
    <skipped/>
  </testcase> <!-- verifyCodeExecutionForTreeTryEditor -->
  <system-out/>
  <testcase classname="dsAlgoTests.TreeTest" name="navigateToImplementationOfBSTTryEditor" time="0.000">
    <skipped/>
  </testcase> <!-- navigateToImplementationOfBSTTryEditor -->
  <system-out/>
  <testcase classname="dsAlgoTests.TreeTest" name="verifyCodeExecutionForTreeTryEditor" time="0.000">
    <skipped/>
  </testcase> <!-- verifyCodeExecutionForTreeTryEditor -->
  <system-out/>
  <testcase classname="dsAlgoTests.TreeTest" name="navigateToBinarySearchTreesTryEditor" time="0.000">
    <skipped/>
  </testcase> <!-- navigateToBinarySearchTreesTryEditor -->
  <system-out/>
  <testcase classname="dsAlgoTests.TreeTest" name="navigateToOverviewOfTrees" time="0.000">
    <skipped/>
  </testcase> <!-- navigateToOverviewOfTrees -->
  <system-out/>
  <testcase classname="dsAlgoTests.TreeTest" name="verifyCodeExecutionForTreeTryEditor" time="0.000">
    <skipped/>
  </testcase> <!-- verifyCodeExecutionForTreeTryEditor -->
  <system-out/>
  <testcase classname="dsAlgoTests.TreeTest" name="navigateToTraversalsIllustrationTryEditor" time="0.000">
    <skipped/>
  </testcase> <!-- navigateToTraversalsIllustrationTryEditor -->
  <system-out/>
  <testcase classname="dsAlgoTests.TreeTest" name="verifyCodeExecutionForTreeTryEditor" time="0.000">
    <skipped/>
  </testcase> <!-- verifyCodeExecutionForTreeTryEditor -->
  <system-out/>
  <testcase classname="dsAlgoTests.TreeTest" name="navigateToApplicationsOfBinaryTreesTryEditor" time="0.000">
    <skipped/>
  </testcase> <!-- navigateToApplicationsOfBinaryTreesTryEditor -->
  <system-out/>
  <testcase classname="dsAlgoTests.TreeTest" name="verifyCodeExecutionForTreeTryEditor" time="0.000">
    <skipped/>
  </testcase> <!-- verifyCodeExecutionForTreeTryEditor -->
  <system-out/>
  <testcase classname="dsAlgoTests.TreeTest" name="verifyCodeExecutionForTreeTryEditor" time="0.000">
    <skipped/>
  </testcase> <!-- verifyCodeExecutionForTreeTryEditor -->
  <system-out/>
  <testcase classname="dsAlgoTests.TreeTest" name="navigateToBinaryTrees" time="0.000">
    <skipped/>
  </testcase> <!-- navigateToBinaryTrees -->
  <system-out/>
  <testcase classname="dsAlgoTests.TreeTest" name="navigateToTypesOfBinaryTrees" time="0.000">
    <skipped/>
  </testcase> <!-- navigateToTypesOfBinaryTrees -->
  <system-out/>
  <testcase classname="dsAlgoTests.TreeTest" name="verifyCodeExecutionForTreeTryEditor" time="0.000">
    <skipped/>
  </testcase> <!-- verifyCodeExecutionForTreeTryEditor -->
  <system-out/>
  <testcase classname="dsAlgoTests.TreeTest" name="verifyCodeExecutionForTreeTryEditor" time="0.000">
    <skipped/>
  </testcase> <!-- verifyCodeExecutionForTreeTryEditor -->
  <system-out/>
  <testcase classname="dsAlgoTests.TreeTest" name="navigateToTreePage" time="13.096">
    <error message="no such element: Unable to locate element: {&quot;method&quot;:&quot;xpath&quot;,&quot;selector&quot;:&quot;//button[@class=&#039;btn&#039;]&quot;}
  (Session info: chrome=132.0.6834.162)
For documentation on this error, please visit: https://www.selenium.dev/documentation/webdriver/troubleshooting/errors#no-such-element-exception
Build info: version: &#039;4.17.0&#039;, revision: &#039;e52b1be057*&#039;
System info: os.name: &#039;Windows 11&#039;, os.arch: &#039;amd64&#039;, os.version: &#039;10.0&#039;, java.version: &#039;23.0.1&#039;
Driver info: org.openqa.selenium.chrome.ChromeDriver
Command: [e4d4491c57c32e976c6f8f52b0c87e30, findElement {using=xpath, value=//button[@class=&#039;btn&#039;]}]
Capabilities {acceptInsecureCerts: false, browserName: chrome, browserVersion: 132.0.6834.162, chrome: {chromedriverVersion: 132.0.6834.159 (2d77d3fc445..., userDataDir: C:\Users\12157\AppData\Loca...}, fedcm:accounts: true, goog:chromeOptions: {debuggerAddress: localhost:61291}, networkConnectionEnabled: false, pageLoadStrategy: normal, platformName: windows, proxy: Proxy(), se:cdp: ws://localhost:61291/devtoo..., se:cdpVersion: 132.0.6834.162, setWindowRect: true, strictFileInteractability: false, timeouts: {implicit: 0, pageLoad: 300000, script: 30000}, unhandledPromptBehavior: dismiss and notify, webauthn:extension:credBlob: true, webauthn:extension:largeBlob: true, webauthn:extension:minPinLength: true, webauthn:extension:prf: true, webauthn:virtualAuthenticators: true}
Session ID: e4d4491c57c32e976c6f8f52b0c87e30" type="org.openqa.selenium.NoSuchElementException">
      <![CDATA[org.openqa.selenium.NoSuchElementException: no such element: Unable to locate element: {"method":"xpath","selector":"//button[@class='btn']"}
  (Session info: chrome=132.0.6834.162)
For documentation on this error, please visit: https://www.selenium.dev/documentation/webdriver/troubleshooting/errors#no-such-element-exception
Build info: version: '4.17.0', revision: 'e52b1be057*'
System info: os.name: 'Windows 11', os.arch: 'amd64', os.version: '10.0', java.version: '23.0.1'
Driver info: org.openqa.selenium.chrome.ChromeDriver
Command: [e4d4491c57c32e976c6f8f52b0c87e30, findElement {using=xpath, value=//button[@class='btn']}]
Capabilities {acceptInsecureCerts: false, browserName: chrome, browserVersion: 132.0.6834.162, chrome: {chromedriverVersion: 132.0.6834.159 (2d77d3fc445..., userDataDir: C:\Users\12157\AppData\Loca...}, fedcm:accounts: true, goog:chromeOptions: {debuggerAddress: localhost:61291}, networkConnectionEnabled: false, pageLoadStrategy: normal, platformName: windows, proxy: Proxy(), se:cdp: ws://localhost:61291/devtoo..., se:cdpVersion: 132.0.6834.162, setWindowRect: true, strictFileInteractability: false, timeouts: {implicit: 0, pageLoad: 300000, script: 30000}, unhandledPromptBehavior: dismiss and notify, webauthn:extension:credBlob: true, webauthn:extension:largeBlob: true, webauthn:extension:minPinLength: true, webauthn:extension:prf: true, webauthn:virtualAuthenticators: true}
Session ID: e4d4491c57c32e976c6f8f52b0c87e30
at java.base/jdk.internal.reflect.DirectConstructorHandleAccessor.newInstance(DirectConstructorHandleAccessor.java:62)
at java.base/java.lang.reflect.Constructor.newInstanceWithCaller(Constructor.java:501)
at java.base/java.lang.reflect.Constructor.newInstance(Constructor.java:485)
at org.openqa.selenium.remote.codec.w3c.W3CHttpResponseCodec.createException(W3CHttpResponseCodec.java:185)
at org.openqa.selenium.remote.codec.w3c.W3CHttpResponseCodec.decode(W3CHttpResponseCodec.java:134)
at org.openqa.selenium.remote.codec.w3c.W3CHttpResponseCodec.decode(W3CHttpResponseCodec.java:51)
at org.openqa.selenium.remote.HttpCommandExecutor.execute(HttpCommandExecutor.java:190)
at org.openqa.selenium.remote.service.DriverCommandExecutor.invokeExecute(DriverCommandExecutor.java:216)
at org.openqa.selenium.remote.service.DriverCommandExecutor.execute(DriverCommandExecutor.java:174)
at org.openqa.selenium.remote.RemoteWebDriver.execute(RemoteWebDriver.java:519)
at org.openqa.selenium.remote.ElementLocation$ElementFinder$2.findElement(ElementLocation.java:165)
at org.openqa.selenium.remote.ElementLocation.findElement(ElementLocation.java:59)
at org.openqa.selenium.remote.RemoteWebDriver.findElement(RemoteWebDriver.java:356)
at org.openqa.selenium.remote.RemoteWebDriver.findElement(RemoteWebDriver.java:350)
at org.openqa.selenium.support.pagefactory.DefaultElementLocator.findElement(DefaultElementLocator.java:68)
at org.openqa.selenium.support.pagefactory.internal.LocatingElementHandler.invoke(LocatingElementHandler.java:38)
at jdk.proxy2/jdk.proxy2.$Proxy14.click(Unknown Source)
at dsAlgoPages.HomePage.clickLaunchPageGetstartedbutton(HomePage.java:62)
at dsAlgoTests.TreeTest.navigateToTreePage(TreeTest.java:31)
at java.base/jdk.internal.reflect.DirectMethodHandleAccessor.invoke(DirectMethodHandleAccessor.java:103)
at java.base/java.lang.reflect.Method.invoke(Method.java:580)
at org.testng.internal.MethodInvocationHelper.invokeMethod(MethodInvocationHelper.java:133)
at org.testng.internal.MethodInvocationHelper.invokeMethodConsideringTimeout(MethodInvocationHelper.java:62)
at org.testng.internal.ConfigInvoker.invokeConfigurationMethod(ConfigInvoker.java:385)
at org.testng.internal.ConfigInvoker.invokeConfigurations(ConfigInvoker.java:321)
at org.testng.internal.TestInvoker.runConfigMethods(TestInvoker.java:700)
at org.testng.internal.TestInvoker.invokeMethod(TestInvoker.java:527)
at org.testng.internal.TestInvoker.invokeTestMethod(TestInvoker.java:173)
at org.testng.internal.MethodRunner.runInSequence(MethodRunner.java:46)
at org.testng.internal.TestInvoker$MethodInvocationAgent.invoke(TestInvoker.java:824)
at org.testng.internal.TestInvoker.invokeTestMethods(TestInvoker.java:146)
at org.testng.internal.TestMethodWorker.invokeTestMethods(TestMethodWorker.java:146)
at org.testng.internal.TestMethodWorker.run(TestMethodWorker.java:128)
at java.base/java.util.concurrent.ThreadPoolExecutor.runWorker(ThreadPoolExecutor.java:1144)
at java.base/java.util.concurrent.ThreadPoolExecutor$Worker.run(ThreadPoolExecutor.java:642)
at java.base/java.lang.Thread.run(Thread.java:1575)
]]>
    </error>
  </testcase> <!-- navigateToTreePage -->
  <system-out/>
  <testcase classname="dsAlgoTests.TreeTest" name="navigateToBinaryTreeTraversals" time="0.000">
    <skipped/>
  </testcase> <!-- navigateToBinaryTreeTraversals -->
  <system-out/>
  <testcase classname="dsAlgoTests.TreeTest" name="verifyCodeExecutionForTreeTryEditor" time="0.000">
    <skipped/>
  </testcase> <!-- verifyCodeExecutionForTreeTryEditor -->
  <system-out/>
  <testcase classname="dsAlgoTests.TreeTest" name="verifyCodeExecutionForTreeTryEditor" time="0.000">
    <skipped/>
  </testcase> <!-- verifyCodeExecutionForTreeTryEditor -->
  <system-out/>
  <testcase classname="dsAlgoTests.TreeTest" name="verifyCodeExecutionForTreeTryEditor" time="0.000">
    <skipped/>
  </testcase> <!-- verifyCodeExecutionForTreeTryEditor -->
  <system-out/>
  <testcase classname="dsAlgoTests.TreeTest" name="navigateToTerminologies" time="0.000">
    <skipped/>
  </testcase> <!-- navigateToTerminologies -->
  <system-out/>
  <testcase classname="dsAlgoTests.TreeTest" name="navigateToImplementationOfBST" time="0.000">
    <skipped/>
  </testcase> <!-- navigateToImplementationOfBST -->
  <system-out/>
  <testcase classname="dsAlgoTests.TreeTest" name="navigateToBinarySearchTrees" time="0.000">
    <skipped/>
  </testcase> <!-- navigateToBinarySearchTrees -->
  <system-out/>
  <testcase classname="dsAlgoTests.TreeTest" name="verifyCodeExecutionForTreeTryEditor" time="0.000">
    <skipped/>
  </testcase> <!-- verifyCodeExecutionForTreeTryEditor -->
  <system-out/>
  <testcase classname="dsAlgoTests.TreeTest" name="verifyCodeExecutionForTreeTryEditor" time="0.000">
    <skipped/>
  </testcase> <!-- verifyCodeExecutionForTreeTryEditor -->
  <system-out/>
  <testcase classname="dsAlgoTests.TreeTest" name="navigateToTypesOfBinaryTreesTryEditor" time="0.000">
    <skipped/>
  </testcase> <!-- navigateToTypesOfBinaryTreesTryEditor -->
  <system-out/>
  <testcase classname="dsAlgoTests.TreeTest" name="verifyCodeExecutionForTreeTryEditor" time="0.000">
    <skipped/>
  </testcase> <!-- verifyCodeExecutionForTreeTryEditor -->
  <system-out/>
  <testcase classname="dsAlgoTests.TreeTest" name="verifyCodeExecutionForTreeTryEditor" time="0.000">
    <skipped/>
  </testcase> <!-- verifyCodeExecutionForTreeTryEditor -->
  <system-out/>
  <testcase classname="dsAlgoTests.TreeTest" name="verifyTreeTryEditorWithoutCodeOfTraversalsIllustration" time="0.000">
    <skipped/>
  </testcase> <!-- verifyTreeTryEditorWithoutCodeOfTraversalsIllustration -->
  <system-out/>
  <testcase classname="dsAlgoTests.TreeTest" name="verifyCodeExecutionForTreeTryEditor" time="0.000">
    <skipped/>
  </testcase> <!-- verifyCodeExecutionForTreeTryEditor -->
  <system-out/>
  <testcase classname="dsAlgoTests.TreeTest" name="navigateToApplicationsOfBinaryTrees" time="0.000">
    <skipped/>
  </testcase> <!-- navigateToApplicationsOfBinaryTrees -->
  <system-out/>
  <testcase classname="dsAlgoTests.TreeTest" name="verifyCodeExecutionForTreeTryEditor" time="0.000">
    <skipped/>
  </testcase> <!-- verifyCodeExecutionForTreeTryEditor -->
  <system-out/>
  <testcase classname="dsAlgoTests.TreeTest" name="navigateToBinaryTreeTraversalsTryEditor" time="0.000">
    <skipped/>
  </testcase> <!-- navigateToBinaryTreeTraversalsTryEditor -->
  <system-out/>
  <testcase classname="dsAlgoTests.TreeTest" name="navigateToImplementationInPythonTryEditor" time="0.000">
    <skipped/>
  </testcase> <!-- navigateToImplementationInPythonTryEditor -->
  <system-out/>
  <testcase classname="dsAlgoTests.TreeTest" name="navigateToImplementationOfBinaryTrees" time="0.000">
    <skipped/>
  </testcase> <!-- navigateToImplementationOfBinaryTrees -->
  <system-out/>
  <testcase classname="dsAlgoTests.TreeTest" name="verifyTreeTryEditorWithoutCodeOfOverviewOfTrees" time="0.000">
    <skipped/>
  </testcase> <!-- verifyTreeTryEditorWithoutCodeOfOverviewOfTrees -->
  <system-out/>
</testsuite> <!-- dsAlgoTests.TreeTest -->
