<?xml version="1.0" encoding="UTF-8"?>
<!-- Generated by org.testng.reporters.JUnitReportReporter -->
<testsuite hostname="sukeerthsahana" failures="0" tests="1000" name="dsAlgoTests.GraphTest" time="27.612" errors="2" timestamp="2025-02-05T14:32:01 CST" skipped="994">
  <testcase classname="dsAlgoTests.GraphTest" name="verifyCodeExecutionforGraphRepresentationPage" time="4.760">
    <skipped/>
  </testcase> <!-- verifyCodeExecutionforGraphRepresentationPage -->
  <system-out/>
  <testcase classname="dsAlgoTests.GraphTest" name="verifyCodeExecutionforGraphRepresentationPage" time="3.363">
    <skipped/>
  </testcase> <!-- verifyCodeExecutionforGraphRepresentationPage -->
  <system-out/>
  <testcase classname="dsAlgoTests.GraphTest" name="verifyCodeExecutionforGraphRepresentationPage" time="3.803">
    <skipped/>
  </testcase> <!-- verifyCodeExecutionforGraphRepresentationPage -->
  <system-out/>
  <testcase classname="dsAlgoTests.GraphTest" name="verifyCodeExecutionforGraphRepresentationPage" time="3.840">
    <skipped/>
  </testcase> <!-- verifyCodeExecutionforGraphRepresentationPage -->
  <system-out/>
  <testcase classname="dsAlgoTests.GraphTest" name="verifyCodeExecutionforGraphRepresentationPage" time="3.795">
    <skipped/>
  </testcase> <!-- verifyCodeExecutionforGraphRepresentationPage -->
  <system-out/>
  <testcase classname="dsAlgoTests.GraphTest" name="verifyCodeExecutionforGraphRepresentationPage" time="0.000">
    <skipped/>
  </testcase> <!-- verifyCodeExecutionforGraphRepresentationPage -->
  <system-out/>
  <testcase classname="dsAlgoTests.GraphTest" name="verifyCodeExecutionforGraphRepresentationPage" time="0.000">
    <skipped/>
  </testcase> <!-- verifyCodeExecutionforGraphRepresentationPage -->
  <system-out/>
  <testcase classname="dsAlgoTests.GraphTest" name="verifyCodeExecutionforGraphRepresentationPage" time="0.000">
    <skipped/>
  </testcase> <!-- verifyCodeExecutionforGraphRepresentationPage -->
  <system-out/>
  <testcase classname="dsAlgoTests.GraphTest" name="verifyCodeExecutionforGraphRepresentationPage" time="0.000">
    <skipped/>
  </testcase> <!-- verifyCodeExecutionforGraphRepresentationPage -->
  <system-out/>
  <testcase classname="dsAlgoTests.GraphTest" name="verifyCodeExecutionforGraphRepresentationPage" time="0.000">
    <skipped/>
  </testcase> <!-- verifyCodeExecutionforGraphRepresentationPage -->
  <system-out/>
  <testcase classname="dsAlgoTests.GraphTest" name="verifyCodeExecutionforGraphRepresentationPage" time="0.000">
    <skipped/>
  </testcase> <!-- verifyCodeExecutionforGraphRepresentationPage -->
  <system-out/>
  <testcase classname="dsAlgoTests.GraphTest" name="verifyCodeExecutionforGraphRepresentationPage" time="0.000">
    <skipped/>
  </testcase> <!-- verifyCodeExecutionforGraphRepresentationPage -->
  <system-out/>
  <testcase classname="dsAlgoTests.GraphTest" name="verifyCodeExecutionforGraphRepresentationPage" time="0.000">
    <skipped/>
  </testcase> <!-- verifyCodeExecutionforGraphRepresentationPage -->
  <system-out/>
  <testcase classname="dsAlgoTests.GraphTest" name="verifyCodeExecutionforGraphRepresentationPage" time="0.000">
    <skipped/>
  </testcase> <!-- verifyCodeExecutionforGraphRepresentationPage -->
  <system-out/>
  <testcase classname="dsAlgoTests.GraphTest" name="verifyCodeExecutionforGraphRepresentationPage" time="0.000">
    <skipped/>
  </testcase> <!-- verifyCodeExecutionforGraphRepresentationPage -->
  <system-out/>
  <testcase classname="dsAlgoTests.GraphTest" name="verifyCodeExecutionforGraphRepresentationPage" time="0.000">
    <skipped/>
  </testcase> <!-- verifyCodeExecutionforGraphRepresentationPage -->
  <system-out/>
  <testcase classname="dsAlgoTests.GraphTest" name="verifyCodeExecutionforGraphRepresentationPage" time="0.000">
    <skipped/>
  </testcase> <!-- verifyCodeExecutionforGraphRepresentationPage -->
  <system-out/>
  <testcase classname="dsAlgoTests.GraphTest" name="verifyCodeExecutionforGraphRepresentationPage" time="0.000">
    <skipped/>
  </testcase> <!-- verifyCodeExecutionforGraphRepresentationPage -->
  <system-out/>
  <testcase classname="dsAlgoTests.GraphTest" name="verifyCodeExecutionforGraphRepresentationPage" time="0.000">
    <skipped/>
  </testcase> <!-- verifyCodeExecutionforGraphRepresentationPage -->
  <system-out/>
  <testcase classname="dsAlgoTests.GraphTest" name="verifyCodeExecutionforGraphRepresentationPage" time="0.000">
    <skipped/>
  </testcase> <!-- verifyCodeExecutionforGraphRepresentationPage -->
  <system-out/>
  <testcase classname="dsAlgoTests.GraphTest" name="verifyCodeExecutionforGraphRepresentationPage" time="0.000">
    <skipped/>
  </testcase> <!-- verifyCodeExecutionforGraphRepresentationPage -->
  <system-out/>
  <testcase classname="dsAlgoTests.GraphTest" name="verifyCodeExecutionforGraphRepresentationPage" time="0.000">
    <skipped/>
  </testcase> <!-- verifyCodeExecutionforGraphRepresentationPage -->
  <system-out/>
  <testcase classname="dsAlgoTests.GraphTest" name="verifyCodeExecutionforGraphRepresentationPage" time="0.000">
    <skipped/>
  </testcase> <!-- verifyCodeExecutionforGraphRepresentationPage -->
  <system-out/>
  <testcase classname="dsAlgoTests.GraphTest" name="verifyCodeExecutionforGraphRepresentationPage" time="0.000">
    <skipped/>
  </testcase> <!-- verifyCodeExecutionforGraphRepresentationPage -->
  <system-out/>
  <testcase classname="dsAlgoTests.GraphTest" name="verifyCodeExecutionforGraphRepresentationPage" time="0.000">
    <skipped/>
  </testcase> <!-- verifyCodeExecutionforGraphRepresentationPage -->
  <system-out/>
  <testcase classname="dsAlgoTests.GraphTest" name="verifyCodeExecutionforGraphRepresentationPage" time="0.000">
    <skipped/>
  </testcase> <!-- verifyCodeExecutionforGraphRepresentationPage -->
  <system-out/>
  <testcase classname="dsAlgoTests.GraphTest" name="verifyCodeExecutionforGraphRepresentationPage" time="0.000">
    <skipped/>
  </testcase> <!-- verifyCodeExecutionforGraphRepresentationPage -->
  <system-out/>
  <testcase classname="dsAlgoTests.GraphTest" name="verifyCodeExecutionforGraphRepresentationPage" time="0.000">
    <skipped/>
  </testcase> <!-- verifyCodeExecutionforGraphRepresentationPage -->
  <system-out/>
  <testcase classname="dsAlgoTests.GraphTest" name="verifyCodeExecutionforGraphRepresentationPage" time="0.000">
    <skipped/>
  </testcase> <!-- verifyCodeExecutionforGraphRepresentationPage -->
  <system-out/>
  <testcase classname="dsAlgoTests.GraphTest" name="verifyCodeExecutionforGraphRepresentationPage" time="0.000">
    <skipped/>
  </testcase> <!-- verifyCodeExecutionforGraphRepresentationPage -->
  <system-out/>
  <testcase classname="dsAlgoTests.GraphTest" name="verifyCodeExecutionforGraphRepresentationPage" time="0.000">
    <skipped/>
  </testcase> <!-- verifyCodeExecutionforGraphRepresentationPage -->
  <system-out/>
  <testcase classname="dsAlgoTests.GraphTest" name="verifyCodeExecutionforGraphRepresentationPage" time="0.000">
    <skipped/>
  </testcase> <!-- verifyCodeExecutionforGraphRepresentationPage -->
  <system-out/>
  <testcase classname="dsAlgoTests.GraphTest" name="verifyCodeExecutionforGraphRepresentationPage" time="0.000">
    <skipped/>
  </testcase> <!-- verifyCodeExecutionforGraphRepresentationPage -->
  <system-out/>
  <testcase classname="dsAlgoTests.GraphTest" name="verifyCodeExecutionforGraphRepresentationPage" time="0.000">
    <skipped/>
  </testcase> <!-- verifyCodeExecutionforGraphRepresentationPage -->
  <system-out/>
  <testcase classname="dsAlgoTests.GraphTest" name="verifyCodeExecutionforGraphRepresentationPage" time="0.000">
    <skipped/>
  </testcase> <!-- verifyCodeExecutionforGraphRepresentationPage -->
  <system-out/>
  <testcase classname="dsAlgoTests.GraphTest" name="verifyCodeExecutionforGraphRepresentationPage" time="0.000">
    <skipped/>
  </testcase> <!-- verifyCodeExecutionforGraphRepresentationPage -->
  <system-out/>
  <testcase classname="dsAlgoTests.GraphTest" name="verifyCodeExecutionforGraphRepresentationPage" time="0.000">
    <skipped/>
  </testcase> <!-- verifyCodeExecutionforGraphRepresentationPage -->
  <system-out/>
  <testcase classname="dsAlgoTests.GraphTest" name="verifyCodeExecutionforGraphRepresentationPage" time="0.000">
    <skipped/>
  </testcase> <!-- verifyCodeExecutionforGraphRepresentationPage -->
  <system-out/>
  <testcase classname="dsAlgoTests.GraphTest" name="verifyCodeExecutionforGraphRepresentationPage" time="0.000">
    <skipped/>
  </testcase> <!-- verifyCodeExecutionforGraphRepresentationPage -->
  <system-out/>
  <testcase classname="dsAlgoTests.GraphTest" name="verifyCodeExecutionforGraphRepresentationPage" time="0.000">
    <skipped/>
  </testcase> <!-- verifyCodeExecutionforGraphRepresentationPage -->
  <system-out/>
  <testcase classname="dsAlgoTests.GraphTest" name="verifyCodeExecutionforGraphRepresentationPage" time="0.000">
    <skipped/>
  </testcase> <!-- verifyCodeExecutionforGraphRepresentationPage -->
  <system-out/>
  <testcase classname="dsAlgoTests.GraphTest" name="verifyCodeExecutionforGraphRepresentationPage" time="0.000">
    <skipped/>
  </testcase> <!-- verifyCodeExecutionforGraphRepresentationPage -->
  <system-out/>
  <testcase classname="dsAlgoTests.GraphTest" name="verifyCodeExecutionforGraphRepresentationPage" time="0.000">
    <skipped/>
  </testcase> <!-- verifyCodeExecutionforGraphRepresentationPage -->
  <system-out/>
  <testcase classname="dsAlgoTests.GraphTest" name="verifyCodeExecutionforGraphRepresentationPage" time="0.000">
    <skipped/>
  </testcase> <!-- verifyCodeExecutionforGraphRepresentationPage -->
  <system-out/>
  <testcase classname="dsAlgoTests.GraphTest" name="verifyCodeExecutionforGraphRepresentationPage" time="0.000">
    <skipped/>
  </testcase> <!-- verifyCodeExecutionforGraphRepresentationPage -->
  <system-out/>
  <testcase classname="dsAlgoTests.GraphTest" name="verifyCodeExecutionforGraphRepresentationPage" time="0.000">
    <skipped/>
  </testcase> <!-- verifyCodeExecutionforGraphRepresentationPage -->
  <system-out/>
  <testcase classname="dsAlgoTests.GraphTest" name="verifyCodeExecutionforGraphRepresentationPage" time="0.000">
    <skipped/>
  </testcase> <!-- verifyCodeExecutionforGraphRepresentationPage -->
  <system-out/>
  <testcase classname="dsAlgoTests.GraphTest" name="verifyCodeExecutionforGraphRepresentationPage" time="0.000">
    <skipped/>
  </testcase> <!-- verifyCodeExecutionforGraphRepresentationPage -->
  <system-out/>
  <testcase classname="dsAlgoTests.GraphTest" name="verifyCodeExecutionforGraphRepresentationPage" time="0.000">
    <skipped/>
  </testcase> <!-- verifyCodeExecutionforGraphRepresentationPage -->
  <system-out/>
  <testcase classname="dsAlgoTests.GraphTest" name="verifyCodeExecutionforGraphRepresentationPage" time="0.000">
    <skipped/>
  </testcase> <!-- verifyCodeExecutionforGraphRepresentationPage -->
  <system-out/>
  <testcase classname="dsAlgoTests.GraphTest" name="verifyCodeExecutionforGraphRepresentationPage" time="0.000">
    <skipped/>
  </testcase> <!-- verifyCodeExecutionforGraphRepresentationPage -->
  <system-out/>
  <testcase classname="dsAlgoTests.GraphTest" name="verifyCodeExecutionforGraphRepresentationPage" time="0.000">
    <skipped/>
  </testcase> <!-- verifyCodeExecutionforGraphRepresentationPage -->
  <system-out/>
  <testcase classname="dsAlgoTests.GraphTest" name="verifyCodeExecutionforGraphRepresentationPage" time="0.000">
    <skipped/>
  </testcase> <!-- verifyCodeExecutionforGraphRepresentationPage -->
  <system-out/>
  <testcase classname="dsAlgoTests.GraphTest" name="verifyCodeExecutionforGraphRepresentationPage" time="0.000">
    <skipped/>
  </testcase> <!-- verifyCodeExecutionforGraphRepresentationPage -->
  <system-out/>
  <testcase classname="dsAlgoTests.GraphTest" name="verifyCodeExecutionforGraphRepresentationPage" time="0.000">
    <skipped/>
  </testcase> <!-- verifyCodeExecutionforGraphRepresentationPage -->
  <system-out/>
  <testcase classname="dsAlgoTests.GraphTest" name="verifyCodeExecutionforGraphRepresentationPage" time="0.000">
    <skipped/>
  </testcase> <!-- verifyCodeExecutionforGraphRepresentationPage -->
  <system-out/>
  <testcase classname="dsAlgoTests.GraphTest" name="verifyCodeExecutionforGraphRepresentationPage" time="0.000">
    <skipped/>
  </testcase> <!-- verifyCodeExecutionforGraphRepresentationPage -->
  <system-out/>
  <testcase classname="dsAlgoTests.GraphTest" name="verifyCodeExecutionforGraphRepresentationPage" time="0.000">
    <skipped/>
  </testcase> <!-- verifyCodeExecutionforGraphRepresentationPage -->
  <system-out/>
  <testcase classname="dsAlgoTests.GraphTest" name="verifyCodeExecutionforGraphRepresentationPage" time="0.000">
    <skipped/>
  </testcase> <!-- verifyCodeExecutionforGraphRepresentationPage -->
  <system-out/>
  <testcase classname="dsAlgoTests.GraphTest" name="verifyCodeExecutionforGraphRepresentationPage" time="0.000">
    <skipped/>
  </testcase> <!-- verifyCodeExecutionforGraphRepresentationPage -->
  <system-out/>
  <testcase classname="dsAlgoTests.GraphTest" name="verifyCodeExecutionforGraphRepresentationPage" time="0.000">
    <skipped/>
  </testcase> <!-- verifyCodeExecutionforGraphRepresentationPage -->
  <system-out/>
  <testcase classname="dsAlgoTests.GraphTest" name="verifyCodeExecutionforGraphRepresentationPage" time="0.000">
    <skipped/>
  </testcase> <!-- verifyCodeExecutionforGraphRepresentationPage -->
  <system-out/>
  <testcase classname="dsAlgoTests.GraphTest" name="verifyCodeExecutionforGraphRepresentationPage" time="0.000">
    <skipped/>
  </testcase> <!-- verifyCodeExecutionforGraphRepresentationPage -->
  <system-out/>
  <testcase classname="dsAlgoTests.GraphTest" name="verifyCodeExecutionforGraphRepresentationPage" time="0.000">
    <skipped/>
  </testcase> <!-- verifyCodeExecutionforGraphRepresentationPage -->
  <system-out/>
  <testcase classname="dsAlgoTests.GraphTest" name="verifyCodeExecutionforGraphRepresentationPage" time="0.000">
    <skipped/>
  </testcase> <!-- verifyCodeExecutionforGraphRepresentationPage -->
  <system-out/>
  <testcase classname="dsAlgoTests.GraphTest" name="verifyCodeExecutionforGraphRepresentationPage" time="0.000">
    <skipped/>
  </testcase> <!-- verifyCodeExecutionforGraphRepresentationPage -->
  <system-out/>
  <testcase classname="dsAlgoTests.GraphTest" name="verifyCodeExecutionforGraphRepresentationPage" time="0.000">
    <skipped/>
  </testcase> <!-- verifyCodeExecutionforGraphRepresentationPage -->
  <system-out/>
  <testcase classname="dsAlgoTests.GraphTest" name="verifyCodeExecutionforGraphRepresentationPage" time="0.000">
    <skipped/>
  </testcase> <!-- verifyCodeExecutionforGraphRepresentationPage -->
  <system-out/>
  <testcase classname="dsAlgoTests.GraphTest" name="verifyCodeExecutionforGraphRepresentationPage" time="2.047"/>
  <system-out/>
  <testcase classname="dsAlgoTests.GraphTest" name="verifyCodeExecutionforGraphRepresentationPage" time="0.000">
    <skipped/>
  </testcase> <!-- verifyCodeExecutionforGraphRepresentationPage -->
  <system-out/>
  <testcase classname="dsAlgoTests.GraphTest" name="verifyCodeExecutionforGraphRepresentationPage" time="0.000">
    <skipped/>
  </testcase> <!-- verifyCodeExecutionforGraphRepresentationPage -->
  <system-out/>
  <testcase classname="dsAlgoTests.GraphTest" name="verifyCodeExecutionforGraphRepresentationPage" time="0.000">
    <skipped/>
  </testcase> <!-- verifyCodeExecutionforGraphRepresentationPage -->
  <system-out/>
  <testcase classname="dsAlgoTests.GraphTest" name="verifyCodeExecutionforGraphRepresentationPage" time="0.000">
    <skipped/>
  </testcase> <!-- verifyCodeExecutionforGraphRepresentationPage -->
  <system-out/>
  <testcase classname="dsAlgoTests.GraphTest" name="verifyCodeExecutionforGraphRepresentationPage" time="0.000">
    <skipped/>
  </testcase> <!-- verifyCodeExecutionforGraphRepresentationPage -->
  <system-out/>
  <testcase classname="dsAlgoTests.GraphTest" name="verifyCodeExecutionforGraphRepresentationPage" time="0.000">
    <skipped/>
  </testcase> <!-- verifyCodeExecutionforGraphRepresentationPage -->
  <system-out/>
  <testcase classname="dsAlgoTests.GraphTest" name="verifyCodeExecutionforGraphRepresentationPage" time="0.000">
    <skipped/>
  </testcase> <!-- verifyCodeExecutionforGraphRepresentationPage -->
  <system-out/>
  <testcase classname="dsAlgoTests.GraphTest" name="verifyCodeExecutionforGraphRepresentationPage" time="0.000">
    <skipped/>
  </testcase> <!-- verifyCodeExecutionforGraphRepresentationPage -->
  <system-out/>
  <testcase classname="dsAlgoTests.GraphTest" name="verifyCodeExecutionforGraphRepresentationPage" time="0.000">
    <skipped/>
  </testcase> <!-- verifyCodeExecutionforGraphRepresentationPage -->
  <system-out/>
  <testcase classname="dsAlgoTests.GraphTest" name="verifyCodeExecutionforGraphRepresentationPage" time="0.000">
    <skipped/>
  </testcase> <!-- verifyCodeExecutionforGraphRepresentationPage -->
  <system-out/>
  <testcase classname="dsAlgoTests.GraphTest" name="verifyCodeExecutionforGraphRepresentationPage" time="0.000">
    <skipped/>
  </testcase> <!-- verifyCodeExecutionforGraphRepresentationPage -->
  <system-out/>
  <testcase classname="dsAlgoTests.GraphTest" name="verifyCodeExecutionforGraphRepresentationPage" time="0.000">
    <skipped/>
  </testcase> <!-- verifyCodeExecutionforGraphRepresentationPage -->
  <system-out/>
  <testcase classname="dsAlgoTests.GraphTest" name="verifyCodeExecutionforGraphRepresentationPage" time="0.000">
    <skipped/>
  </testcase> <!-- verifyCodeExecutionforGraphRepresentationPage -->
  <system-out/>
  <testcase classname="dsAlgoTests.GraphTest" name="verifyCodeExecutionforGraphRepresentationPage" time="0.000">
    <skipped/>
  </testcase> <!-- verifyCodeExecutionforGraphRepresentationPage -->
  <system-out/>
  <testcase classname="dsAlgoTests.GraphTest" name="verifyCodeExecutionforGraphRepresentationPage" time="0.000">
    <skipped/>
  </testcase> <!-- verifyCodeExecutionforGraphRepresentationPage -->
  <system-out/>
  <testcase classname="dsAlgoTests.GraphTest" name="verifyCodeExecutionforGraphRepresentationPage" time="0.000">
    <skipped/>
  </testcase> <!-- verifyCodeExecutionforGraphRepresentationPage -->
  <system-out/>
  <testcase classname="dsAlgoTests.GraphTest" name="verifyCodeExecutionforGraphRepresentationPage" time="0.000">
    <skipped/>
  </testcase> <!-- verifyCodeExecutionforGraphRepresentationPage -->
  <system-out/>
  <testcase classname="dsAlgoTests.GraphTest" name="verifyCodeExecutionforGraphRepresentationPage" time="0.000">
    <skipped/>
  </testcase> <!-- verifyCodeExecutionforGraphRepresentationPage -->
  <system-out/>
  <testcase classname="dsAlgoTests.GraphTest" name="verifyCodeExecutionforGraphRepresentationPage" time="0.000">
    <skipped/>
  </testcase> <!-- verifyCodeExecutionforGraphRepresentationPage -->
  <system-out/>
  <testcase classname="dsAlgoTests.GraphTest" name="verifyCodeExecutionforGraphRepresentationPage" time="0.000">
    <skipped/>
  </testcase> <!-- verifyCodeExecutionforGraphRepresentationPage -->
  <system-out/>
  <testcase classname="dsAlgoTests.GraphTest" name="verifyCodeExecutionforGraphRepresentationPage" time="0.000">
    <skipped/>
  </testcase> <!-- verifyCodeExecutionforGraphRepresentationPage -->
  <system-out/>
  <testcase classname="dsAlgoTests.GraphTest" name="verifyCodeExecutionforGraphRepresentationPage" time="0.000">
    <skipped/>
  </testcase> <!-- verifyCodeExecutionforGraphRepresentationPage -->
  <system-out/>
  <testcase classname="dsAlgoTests.GraphTest" name="verifyCodeExecutionforGraphRepresentationPage" time="0.000">
    <skipped/>
  </testcase> <!-- verifyCodeExecutionforGraphRepresentationPage -->
  <system-out/>
  <testcase classname="dsAlgoTests.GraphTest" name="verifyCodeExecutionforGraphRepresentationPage" time="0.000">
    <skipped/>
  </testcase> <!-- verifyCodeExecutionforGraphRepresentationPage -->
  <system-out/>
  <testcase classname="dsAlgoTests.GraphTest" name="verifyCodeExecutionforGraphRepresentationPage" time="0.000">
    <skipped/>
  </testcase> <!-- verifyCodeExecutionforGraphRepresentationPage -->
  <system-out/>
  <testcase classname="dsAlgoTests.GraphTest" name="verifyCodeExecutionforGraphRepresentationPage" time="0.000">
    <skipped/>
  </testcase> <!-- verifyCodeExecutionforGraphRepresentationPage -->
  <system-out/>
  <testcase classname="dsAlgoTests.GraphTest" name="verifyCodeExecutionforGraphRepresentationPage" time="0.000">
    <skipped/>
  </testcase> <!-- verifyCodeExecutionforGraphRepresentationPage -->
  <system-out/>
  <testcase classname="dsAlgoTests.GraphTest" name="verifyCodeExecutionforGraphRepresentationPage" time="0.000">
    <skipped/>
  </testcase> <!-- verifyCodeExecutionforGraphRepresentationPage -->
  <system-out/>
  <testcase classname="dsAlgoTests.GraphTest" name="verifyCodeExecutionforGraphRepresentationPage" time="0.000">
    <skipped/>
  </testcase> <!-- verifyCodeExecutionforGraphRepresentationPage -->
  <system-out/>
  <testcase classname="dsAlgoTests.GraphTest" name="verifyCodeExecutionforGraphRepresentationPage" time="0.000">
    <skipped/>
  </testcase> <!-- verifyCodeExecutionforGraphRepresentationPage -->
  <system-out/>
  <testcase classname="dsAlgoTests.GraphTest" name="verifyCodeExecutionforGraphRepresentationPage" time="0.000">
    <skipped/>
  </testcase> <!-- verifyCodeExecutionforGraphRepresentationPage -->
  <system-out/>
  <testcase classname="dsAlgoTests.GraphTest" name="verifyCodeExecutionforGraphRepresentationPage" time="0.000">
    <skipped/>
  </testcase> <!-- verifyCodeExecutionforGraphRepresentationPage -->
  <system-out/>
  <testcase classname="dsAlgoTests.GraphTest" name="verifyCodeExecutionforGraphRepresentationPage" time="0.000">
    <skipped/>
  </testcase> <!-- verifyCodeExecutionforGraphRepresentationPage -->
  <system-out/>
  <testcase classname="dsAlgoTests.GraphTest" name="verifyCodeExecutionforGraphRepresentationPage" time="0.000">
    <skipped/>
  </testcase> <!-- verifyCodeExecutionforGraphRepresentationPage -->
  <system-out/>
  <testcase classname="dsAlgoTests.GraphTest" name="verifyCodeExecutionforGraphRepresentationPage" time="0.000">
    <skipped/>
  </testcase> <!-- verifyCodeExecutionforGraphRepresentationPage -->
  <system-out/>
  <testcase classname="dsAlgoTests.GraphTest" name="verifyCodeExecutionforGraphRepresentationPage" time="0.000">
    <skipped/>
  </testcase> <!-- verifyCodeExecutionforGraphRepresentationPage -->
  <system-out/>
  <testcase classname="dsAlgoTests.GraphTest" name="verifyCodeExecutionforGraphRepresentationPage" time="0.000">
    <skipped/>
  </testcase> <!-- verifyCodeExecutionforGraphRepresentationPage -->
  <system-out/>
  <testcase classname="dsAlgoTests.GraphTest" name="verifyCodeExecutionforGraphRepresentationPage" time="0.000">
    <skipped/>
  </testcase> <!-- verifyCodeExecutionforGraphRepresentationPage -->
  <system-out/>
  <testcase classname="dsAlgoTests.GraphTest" name="verifyCodeExecutionforGraphRepresentationPage" time="0.000">
    <skipped/>
  </testcase> <!-- verifyCodeExecutionforGraphRepresentationPage -->
  <system-out/>
  <testcase classname="dsAlgoTests.GraphTest" name="verifyCodeExecutionforGraphRepresentationPage" time="0.000">
    <skipped/>
  </testcase> <!-- verifyCodeExecutionforGraphRepresentationPage -->
  <system-out/>
  <testcase classname="dsAlgoTests.GraphTest" name="verifyCodeExecutionforGraphRepresentationPage" time="0.000">
    <skipped/>
  </testcase> <!-- verifyCodeExecutionforGraphRepresentationPage -->
  <system-out/>
  <testcase classname="dsAlgoTests.GraphTest" name="verifyCodeExecutionforGraphRepresentationPage" time="0.000">
    <skipped/>
  </testcase> <!-- verifyCodeExecutionforGraphRepresentationPage -->
  <system-out/>
  <testcase classname="dsAlgoTests.GraphTest" name="verifyCodeExecutionforGraphRepresentationPage" time="0.000">
    <skipped/>
  </testcase> <!-- verifyCodeExecutionforGraphRepresentationPage -->
  <system-out/>
  <testcase classname="dsAlgoTests.GraphTest" name="verifyCodeExecutionforGraphRepresentationPage" time="0.000">
    <skipped/>
  </testcase> <!-- verifyCodeExecutionforGraphRepresentationPage -->
  <system-out/>
  <testcase classname="dsAlgoTests.GraphTest" name="verifyCodeExecutionforGraphRepresentationPage" time="0.000">
    <skipped/>
  </testcase> <!-- verifyCodeExecutionforGraphRepresentationPage -->
  <system-out/>
  <testcase classname="dsAlgoTests.GraphTest" name="verifyCodeExecutionforGraphRepresentationPage" time="0.000">
    <skipped/>
  </testcase> <!-- verifyCodeExecutionforGraphRepresentationPage -->
  <system-out/>
  <testcase classname="dsAlgoTests.GraphTest" name="verifyCodeExecutionforGraphRepresentationPage" time="0.000">
    <skipped/>
  </testcase> <!-- verifyCodeExecutionforGraphRepresentationPage -->
  <system-out/>
  <testcase classname="dsAlgoTests.GraphTest" name="verifyCodeExecutionforGraphRepresentationPage" time="0.000">
    <skipped/>
  </testcase> <!-- verifyCodeExecutionforGraphRepresentationPage -->
  <system-out/>
  <testcase classname="dsAlgoTests.GraphTest" name="verifyCodeExecutionforGraphRepresentationPage" time="0.000">
    <skipped/>
  </testcase> <!-- verifyCodeExecutionforGraphRepresentationPage -->
  <system-out/>
  <testcase classname="dsAlgoTests.GraphTest" name="verifyCodeExecutionforGraphRepresentationPage" time="0.000">
    <skipped/>
  </testcase> <!-- verifyCodeExecutionforGraphRepresentationPage -->
  <system-out/>
  <testcase classname="dsAlgoTests.GraphTest" name="verifyCodeExecutionforGraphRepresentationPage" time="0.000">
    <skipped/>
  </testcase> <!-- verifyCodeExecutionforGraphRepresentationPage -->
  <system-out/>
  <testcase classname="dsAlgoTests.GraphTest" name="verifyCodeExecutionforGraphRepresentationPage" time="0.000">
    <skipped/>
  </testcase> <!-- verifyCodeExecutionforGraphRepresentationPage -->
  <system-out/>
  <testcase classname="dsAlgoTests.GraphTest" name="verifyCodeExecutionforGraphRepresentationPage" time="0.000">
    <skipped/>
  </testcase> <!-- verifyCodeExecutionforGraphRepresentationPage -->
  <system-out/>
  <testcase classname="dsAlgoTests.GraphTest" name="verifyCodeExecutionforGraphRepresentationPage" time="0.000">
    <skipped/>
  </testcase> <!-- verifyCodeExecutionforGraphRepresentationPage -->
  <system-out/>
  <testcase classname="dsAlgoTests.GraphTest" name="verifyCodeExecutionforGraphRepresentationPage" time="0.000">
    <skipped/>
  </testcase> <!-- verifyCodeExecutionforGraphRepresentationPage -->
  <system-out/>
  <testcase classname="dsAlgoTests.GraphTest" name="verifyCodeExecutionforGraphRepresentationPage" time="0.000">
    <skipped/>
  </testcase> <!-- verifyCodeExecutionforGraphRepresentationPage -->
  <system-out/>
  <testcase classname="dsAlgoTests.GraphTest" name="verifyCodeExecutionforGraphRepresentationPage" time="0.000">
    <skipped/>
  </testcase> <!-- verifyCodeExecutionforGraphRepresentationPage -->
  <system-out/>
  <testcase classname="dsAlgoTests.GraphTest" name="verifyCodeExecutionforGraphRepresentationPage" time="0.000">
    <skipped/>
  </testcase> <!-- verifyCodeExecutionforGraphRepresentationPage -->
  <system-out/>
  <testcase classname="dsAlgoTests.GraphTest" name="verifyCodeExecutionforGraphRepresentationPage" time="0.000">
    <skipped/>
  </testcase> <!-- verifyCodeExecutionforGraphRepresentationPage -->
  <system-out/>
  <testcase classname="dsAlgoTests.GraphTest" name="verifyCodeExecutionforGraphRepresentationPage" time="0.000">
    <skipped/>
  </testcase> <!-- verifyCodeExecutionforGraphRepresentationPage -->
  <system-out/>
  <testcase classname="dsAlgoTests.GraphTest" name="verifyCodeExecutionforGraphRepresentationPage" time="0.000">
    <skipped/>
  </testcase> <!-- verifyCodeExecutionforGraphRepresentationPage -->
  <system-out/>
  <testcase classname="dsAlgoTests.GraphTest" name="verifyCodeExecutionforGraphRepresentationPage" time="0.000">
    <skipped/>
  </testcase> <!-- verifyCodeExecutionforGraphRepresentationPage -->
  <system-out/>
  <testcase classname="dsAlgoTests.GraphTest" name="verifyCodeExecutionforGraphRepresentationPage" time="0.000">
    <skipped/>
  </testcase> <!-- verifyCodeExecutionforGraphRepresentationPage -->
  <system-out/>
  <testcase classname="dsAlgoTests.GraphTest" name="verifyCodeExecutionforGraphRepresentationPage" time="0.000">
    <skipped/>
  </testcase> <!-- verifyCodeExecutionforGraphRepresentationPage -->
  <system-out/>
  <testcase classname="dsAlgoTests.GraphTest" name="verifyCodeExecutionforGraphRepresentationPage" time="0.000">
    <skipped/>
  </testcase> <!-- verifyCodeExecutionforGraphRepresentationPage -->
  <system-out/>
  <testcase classname="dsAlgoTests.GraphTest" name="verifyCodeExecutionforGraphRepresentationPage" time="0.000">
    <skipped/>
  </testcase> <!-- verifyCodeExecutionforGraphRepresentationPage -->
  <system-out/>
  <testcase classname="dsAlgoTests.GraphTest" name="verifyCodeExecutionforGraphRepresentationPage" time="0.000">
    <skipped/>
  </testcase> <!-- verifyCodeExecutionforGraphRepresentationPage -->
  <system-out/>
  <testcase classname="dsAlgoTests.GraphTest" name="verifyCodeExecutionforGraphRepresentationPage" time="0.000">
    <skipped/>
  </testcase> <!-- verifyCodeExecutionforGraphRepresentationPage -->
  <system-out/>
  <testcase classname="dsAlgoTests.GraphTest" name="verifyCodeExecutionforGraphRepresentationPage" time="0.000">
    <skipped/>
  </testcase> <!-- verifyCodeExecutionforGraphRepresentationPage -->
  <system-out/>
  <testcase classname="dsAlgoTests.GraphTest" name="verifyCodeExecutionforGraphRepresentationPage" time="0.000">
    <skipped/>
  </testcase> <!-- verifyCodeExecutionforGraphRepresentationPage -->
  <system-out/>
  <testcase classname="dsAlgoTests.GraphTest" name="verifyCodeExecutionforGraphRepresentationPage" time="0.000">
    <skipped/>
  </testcase> <!-- verifyCodeExecutionforGraphRepresentationPage -->
  <system-out/>
  <testcase classname="dsAlgoTests.GraphTest" name="verifyCodeExecutionforGraphRepresentationPage" time="0.000">
    <skipped/>
  </testcase> <!-- verifyCodeExecutionforGraphRepresentationPage -->
  <system-out/>
  <testcase classname="dsAlgoTests.GraphTest" name="verifyCodeExecutionforGraphRepresentationPage" time="0.000">
    <skipped/>
  </testcase> <!-- verifyCodeExecutionforGraphRepresentationPage -->
  <system-out/>
  <testcase classname="dsAlgoTests.GraphTest" name="verifyCodeExecutionforGraphRepresentationPage" time="0.000">
    <skipped/>
  </testcase> <!-- verifyCodeExecutionforGraphRepresentationPage -->
  <system-out/>
  <testcase classname="dsAlgoTests.GraphTest" name="verifyCodeExecutionforGraphRepresentationPage" time="0.000">
    <skipped/>
  </testcase> <!-- verifyCodeExecutionforGraphRepresentationPage -->
  <system-out/>
  <testcase classname="dsAlgoTests.GraphTest" name="verifyCodeExecutionforGraphRepresentationPage" time="0.000">
    <skipped/>
  </testcase> <!-- verifyCodeExecutionforGraphRepresentationPage -->
  <system-out/>
  <testcase classname="dsAlgoTests.GraphTest" name="verifyCodeExecutionforGraphRepresentationPage" time="0.000">
    <skipped/>
  </testcase> <!-- verifyCodeExecutionforGraphRepresentationPage -->
  <system-out/>
  <testcase classname="dsAlgoTests.GraphTest" name="verifyCodeExecutionforGraphRepresentationPage" time="0.000">
    <skipped/>
  </testcase> <!-- verifyCodeExecutionforGraphRepresentationPage -->
  <system-out/>
  <testcase classname="dsAlgoTests.GraphTest" name="verifyCodeExecutionforGraphRepresentationPage" time="0.000">
    <skipped/>
  </testcase> <!-- verifyCodeExecutionforGraphRepresentationPage -->
  <system-out/>
  <testcase classname="dsAlgoTests.GraphTest" name="verifyCodeExecutionforGraphRepresentationPage" time="0.000">
    <skipped/>
  </testcase> <!-- verifyCodeExecutionforGraphRepresentationPage -->
  <system-out/>
  <testcase classname="dsAlgoTests.GraphTest" name="verifyCodeExecutionforGraphRepresentationPage" time="0.000">
    <skipped/>
  </testcase> <!-- verifyCodeExecutionforGraphRepresentationPage -->
  <system-out/>
  <testcase classname="dsAlgoTests.GraphTest" name="verifyCodeExecutionforGraphRepresentationPage" time="0.000">
    <skipped/>
  </testcase> <!-- verifyCodeExecutionforGraphRepresentationPage -->
  <system-out/>
  <testcase classname="dsAlgoTests.GraphTest" name="verifyCodeExecutionforGraphRepresentationPage" time="0.000">
    <skipped/>
  </testcase> <!-- verifyCodeExecutionforGraphRepresentationPage -->
  <system-out/>
  <testcase classname="dsAlgoTests.GraphTest" name="verifyCodeExecutionforGraphRepresentationPage" time="0.000">
    <skipped/>
  </testcase> <!-- verifyCodeExecutionforGraphRepresentationPage -->
  <system-out/>
  <testcase classname="dsAlgoTests.GraphTest" name="verifyCodeExecutionforGraphRepresentationPage" time="0.000">
    <skipped/>
  </testcase> <!-- verifyCodeExecutionforGraphRepresentationPage -->
  <system-out/>
  <testcase classname="dsAlgoTests.GraphTest" name="verifyCodeExecutionforGraphRepresentationPage" time="0.000">
    <skipped/>
  </testcase> <!-- verifyCodeExecutionforGraphRepresentationPage -->
  <system-out/>
  <testcase classname="dsAlgoTests.GraphTest" name="verifyCodeExecutionforGraphRepresentationPage" time="0.000">
    <skipped/>
  </testcase> <!-- verifyCodeExecutionforGraphRepresentationPage -->
  <system-out/>
  <testcase classname="dsAlgoTests.GraphTest" name="verifyCodeExecutionforGraphRepresentationPage" time="0.000">
    <skipped/>
  </testcase> <!-- verifyCodeExecutionforGraphRepresentationPage -->
  <system-out/>
  <testcase classname="dsAlgoTests.GraphTest" name="verifyCodeExecutionforGraphRepresentationPage" time="0.000">
    <skipped/>
  </testcase> <!-- verifyCodeExecutionforGraphRepresentationPage -->
  <system-out/>
  <testcase classname="dsAlgoTests.GraphTest" name="verifyCodeExecutionforGraphRepresentationPage" time="0.000">
    <skipped/>
  </testcase> <!-- verifyCodeExecutionforGraphRepresentationPage -->
  <system-out/>
  <testcase classname="dsAlgoTests.GraphTest" name="verifyCodeExecutionforGraphRepresentationPage" time="0.000">
    <skipped/>
  </testcase> <!-- verifyCodeExecutionforGraphRepresentationPage -->
  <system-out/>
  <testcase classname="dsAlgoTests.GraphTest" name="verifyCodeExecutionforGraphRepresentationPage" time="0.000">
    <skipped/>
  </testcase> <!-- verifyCodeExecutionforGraphRepresentationPage -->
  <system-out/>
  <testcase classname="dsAlgoTests.GraphTest" name="verifyCodeExecutionforGraphRepresentationPage" time="0.000">
    <skipped/>
  </testcase> <!-- verifyCodeExecutionforGraphRepresentationPage -->
  <system-out/>
  <testcase classname="dsAlgoTests.GraphTest" name="verifyCodeExecutionforGraphRepresentationPage" time="0.000">
    <skipped/>
  </testcase> <!-- verifyCodeExecutionforGraphRepresentationPage -->
  <system-out/>
  <testcase classname="dsAlgoTests.GraphTest" name="verifyCodeExecutionforGraphRepresentationPage" time="0.000">
    <skipped/>
  </testcase> <!-- verifyCodeExecutionforGraphRepresentationPage -->
  <system-out/>
  <testcase classname="dsAlgoTests.GraphTest" name="verifyCodeExecutionforGraphRepresentationPage" time="0.000">
    <skipped/>
  </testcase> <!-- verifyCodeExecutionforGraphRepresentationPage -->
  <system-out/>
  <testcase classname="dsAlgoTests.GraphTest" name="verifyCodeExecutionforGraphRepresentationPage" time="0.000">
    <skipped/>
  </testcase> <!-- verifyCodeExecutionforGraphRepresentationPage -->
  <system-out/>
  <testcase classname="dsAlgoTests.GraphTest" name="verifyCodeExecutionforGraphRepresentationPage" time="0.000">
    <skipped/>
  </testcase> <!-- verifyCodeExecutionforGraphRepresentationPage -->
  <system-out/>
  <testcase classname="dsAlgoTests.GraphTest" name="verifyCodeExecutionforGraphRepresentationPage" time="0.000">
    <skipped/>
  </testcase> <!-- verifyCodeExecutionforGraphRepresentationPage -->
  <system-out/>
  <testcase classname="dsAlgoTests.GraphTest" name="verifyCodeExecutionforGraphRepresentationPage" time="0.000">
    <skipped/>
  </testcase> <!-- verifyCodeExecutionforGraphRepresentationPage -->
  <system-out/>
  <testcase classname="dsAlgoTests.GraphTest" name="verifyCodeExecutionforGraphRepresentationPage" time="0.000">
    <skipped/>
  </testcase> <!-- verifyCodeExecutionforGraphRepresentationPage -->
  <system-out/>
  <testcase classname="dsAlgoTests.GraphTest" name="verifyCodeExecutionforGraphRepresentationPage" time="0.000">
    <skipped/>
  </testcase> <!-- verifyCodeExecutionforGraphRepresentationPage -->
  <system-out/>
  <testcase classname="dsAlgoTests.GraphTest" name="verifyCodeExecutionforGraphRepresentationPage" time="0.000">
    <skipped/>
  </testcase> <!-- verifyCodeExecutionforGraphRepresentationPage -->
  <system-out/>
  <testcase classname="dsAlgoTests.GraphTest" name="verifyCodeExecutionforGraphRepresentationPage" time="0.000">
    <skipped/>
  </testcase> <!-- verifyCodeExecutionforGraphRepresentationPage -->
  <system-out/>
  <testcase classname="dsAlgoTests.GraphTest" name="verifyCodeExecutionforGraphRepresentationPage" time="0.000">
    <skipped/>
  </testcase> <!-- verifyCodeExecutionforGraphRepresentationPage -->
  <system-out/>
  <testcase classname="dsAlgoTests.GraphTest" name="verifyCodeExecutionforGraphRepresentationPage" time="0.000">
    <skipped/>
  </testcase> <!-- verifyCodeExecutionforGraphRepresentationPage -->
  <system-out/>
  <testcase classname="dsAlgoTests.GraphTest" name="verifyCodeExecutionforGraphRepresentationPage" time="0.000">
    <skipped/>
  </testcase> <!-- verifyCodeExecutionforGraphRepresentationPage -->
  <system-out/>
  <testcase classname="dsAlgoTests.GraphTest" name="verifyCodeExecutionforGraphRepresentationPage" time="0.000">
    <skipped/>
  </testcase> <!-- verifyCodeExecutionforGraphRepresentationPage -->
  <system-out/>
  <testcase classname="dsAlgoTests.GraphTest" name="verifyCodeExecutionforGraphRepresentationPage" time="0.000">
    <skipped/>
  </testcase> <!-- verifyCodeExecutionforGraphRepresentationPage -->
  <system-out/>
  <testcase classname="dsAlgoTests.GraphTest" name="verifyCodeExecutionforGraphRepresentationPage" time="0.000">
    <skipped/>
  </testcase> <!-- verifyCodeExecutionforGraphRepresentationPage -->
  <system-out/>
  <testcase classname="dsAlgoTests.GraphTest" name="verifyCodeExecutionforGraphRepresentationPage" time="0.000">
    <skipped/>
  </testcase> <!-- verifyCodeExecutionforGraphRepresentationPage -->
  <system-out/>
  <testcase classname="dsAlgoTests.GraphTest" name="verifyCodeExecutionforGraphRepresentationPage" time="0.000">
    <skipped/>
  </testcase> <!-- verifyCodeExecutionforGraphRepresentationPage -->
  <system-out/>
  <testcase classname="dsAlgoTests.GraphTest" name="verifyCodeExecutionforGraphRepresentationPage" time="0.000">
    <skipped/>
  </testcase> <!-- verifyCodeExecutionforGraphRepresentationPage -->
  <system-out/>
  <testcase classname="dsAlgoTests.GraphTest" name="verifyCodeExecutionforGraphRepresentationPage" time="0.000">
    <skipped/>
  </testcase> <!-- verifyCodeExecutionforGraphRepresentationPage -->
  <system-out/>
  <testcase classname="dsAlgoTests.GraphTest" name="verifyCodeExecutionforGraphRepresentationPage" time="0.000">
    <skipped/>
  </testcase> <!-- verifyCodeExecutionforGraphRepresentationPage -->
  <system-out/>
  <testcase classname="dsAlgoTests.GraphTest" name="verifyCodeExecutionforGraphRepresentationPage" time="0.000">
    <skipped/>
  </testcase> <!-- verifyCodeExecutionforGraphRepresentationPage -->
  <system-out/>
  <testcase classname="dsAlgoTests.GraphTest" name="verifyCodeExecutionforGraphRepresentationPage" time="0.000">
    <skipped/>
  </testcase> <!-- verifyCodeExecutionforGraphRepresentationPage -->
  <system-out/>
  <testcase classname="dsAlgoTests.GraphTest" name="verifyCodeExecutionforGraphRepresentationPage" time="0.000">
    <skipped/>
  </testcase> <!-- verifyCodeExecutionforGraphRepresentationPage -->
  <system-out/>
  <testcase classname="dsAlgoTests.GraphTest" name="verifyCodeExecutionforGraphRepresentationPage" time="0.000">
    <skipped/>
  </testcase> <!-- verifyCodeExecutionforGraphRepresentationPage -->
  <system-out/>
  <testcase classname="dsAlgoTests.GraphTest" name="verifyCodeExecutionforGraphRepresentationPage" time="0.000">
    <skipped/>
  </testcase> <!-- verifyCodeExecutionforGraphRepresentationPage -->
  <system-out/>
  <testcase classname="dsAlgoTests.GraphTest" name="verifyCodeExecutionforGraphRepresentationPage" time="0.000">
    <skipped/>
  </testcase> <!-- verifyCodeExecutionforGraphRepresentationPage -->
  <system-out/>
  <testcase classname="dsAlgoTests.GraphTest" name="verifyCodeExecutionforGraphRepresentationPage" time="0.000">
    <skipped/>
  </testcase> <!-- verifyCodeExecutionforGraphRepresentationPage -->
  <system-out/>
  <testcase classname="dsAlgoTests.GraphTest" name="verifyCodeExecutionforGraphRepresentationPage" time="0.000">
    <skipped/>
  </testcase> <!-- verifyCodeExecutionforGraphRepresentationPage -->
  <system-out/>
  <testcase classname="dsAlgoTests.GraphTest" name="verifyCodeExecutionforGraphRepresentationPage" time="0.000">
    <skipped/>
  </testcase> <!-- verifyCodeExecutionforGraphRepresentationPage -->
  <system-out/>
  <testcase classname="dsAlgoTests.GraphTest" name="verifyCodeExecutionforGraphRepresentationPage" time="0.000">
    <skipped/>
  </testcase> <!-- verifyCodeExecutionforGraphRepresentationPage -->
  <system-out/>
  <testcase classname="dsAlgoTests.GraphTest" name="verifyCodeExecutionforGraphRepresentationPage" time="0.000">
    <skipped/>
  </testcase> <!-- verifyCodeExecutionforGraphRepresentationPage -->
  <system-out/>
  <testcase classname="dsAlgoTests.GraphTest" name="verifyCodeExecutionforGraphRepresentationPage" time="0.000">
    <skipped/>
  </testcase> <!-- verifyCodeExecutionforGraphRepresentationPage -->
  <system-out/>
  <testcase classname="dsAlgoTests.GraphTest" name="verifyCodeExecutionforGraphRepresentationPage" time="0.000">
    <skipped/>
  </testcase> <!-- verifyCodeExecutionforGraphRepresentationPage -->
  <system-out/>
  <testcase classname="dsAlgoTests.GraphTest" name="verifyCodeExecutionforGraphRepresentationPage" time="0.000">
    <skipped/>
  </testcase> <!-- verifyCodeExecutionforGraphRepresentationPage -->
  <system-out/>
  <testcase classname="dsAlgoTests.GraphTest" name="verifyCodeExecutionforGraphRepresentationPage" time="0.000">
    <skipped/>
  </testcase> <!-- verifyCodeExecutionforGraphRepresentationPage -->
  <system-out/>
  <testcase classname="dsAlgoTests.GraphTest" name="verifyCodeExecutionforGraphRepresentationPage" time="0.000">
    <skipped/>
  </testcase> <!-- verifyCodeExecutionforGraphRepresentationPage -->
  <system-out/>
  <testcase classname="dsAlgoTests.GraphTest" name="verifyCodeExecutionforGraphRepresentationPage" time="0.000">
    <skipped/>
  </testcase> <!-- verifyCodeExecutionforGraphRepresentationPage -->
  <system-out/>
  <testcase classname="dsAlgoTests.GraphTest" name="verifyCodeExecutionforGraphRepresentationPage" time="0.000">
    <skipped/>
  </testcase> <!-- verifyCodeExecutionforGraphRepresentationPage -->
  <system-out/>
  <testcase classname="dsAlgoTests.GraphTest" name="verifyCodeExecutionforGraphRepresentationPage" time="0.000">
    <skipped/>
  </testcase> <!-- verifyCodeExecutionforGraphRepresentationPage -->
  <system-out/>
  <testcase classname="dsAlgoTests.GraphTest" name="verifyCodeExecutionforGraphRepresentationPage" time="0.000">
    <skipped/>
  </testcase> <!-- verifyCodeExecutionforGraphRepresentationPage -->
  <system-out/>
  <testcase classname="dsAlgoTests.GraphTest" name="verifyCodeExecutionforGraphRepresentationPage" time="0.000">
    <skipped/>
  </testcase> <!-- verifyCodeExecutionforGraphRepresentationPage -->
  <system-out/>
  <testcase classname="dsAlgoTests.GraphTest" name="verifyCodeExecutionforGraphRepresentationPage" time="0.000">
    <skipped/>
  </testcase> <!-- verifyCodeExecutionforGraphRepresentationPage -->
  <system-out/>
  <testcase classname="dsAlgoTests.GraphTest" name="verifyCodeExecutionforGraphRepresentationPage" time="0.000">
    <skipped/>
  </testcase> <!-- verifyCodeExecutionforGraphRepresentationPage -->
  <system-out/>
  <testcase classname="dsAlgoTests.GraphTest" name="verifyCodeExecutionforGraphRepresentationPage" time="0.000">
    <skipped/>
  </testcase> <!-- verifyCodeExecutionforGraphRepresentationPage -->
  <system-out/>
  <testcase classname="dsAlgoTests.GraphTest" name="verifyCodeExecutionforGraphRepresentationPage" time="0.000">
    <skipped/>
  </testcase> <!-- verifyCodeExecutionforGraphRepresentationPage -->
  <system-out/>
  <testcase classname="dsAlgoTests.GraphTest" name="verifyCodeExecutionforGraphRepresentationPage" time="0.000">
    <skipped/>
  </testcase> <!-- verifyCodeExecutionforGraphRepresentationPage -->
  <system-out/>
  <testcase classname="dsAlgoTests.GraphTest" name="verifyCodeExecutionforGraphRepresentationPage" time="0.000">
    <skipped/>
  </testcase> <!-- verifyCodeExecutionforGraphRepresentationPage -->
  <system-out/>
  <testcase classname="dsAlgoTests.GraphTest" name="verifyCodeExecutionforGraphRepresentationPage" time="0.000">
    <skipped/>
  </testcase> <!-- verifyCodeExecutionforGraphRepresentationPage -->
  <system-out/>
  <testcase classname="dsAlgoTests.GraphTest" name="verifyCodeExecutionforGraphRepresentationPage" time="0.000">
    <skipped/>
  </testcase> <!-- verifyCodeExecutionforGraphRepresentationPage -->
  <system-out/>
  <testcase classname="dsAlgoTests.GraphTest" name="verifyCodeExecutionforGraphRepresentationPage" time="0.000">
    <skipped/>
  </testcase> <!-- verifyCodeExecutionforGraphRepresentationPage -->
  <system-out/>
  <testcase classname="dsAlgoTests.GraphTest" name="verifyCodeExecutionforGraphRepresentationPage" time="0.000">
    <skipped/>
  </testcase> <!-- verifyCodeExecutionforGraphRepresentationPage -->
  <system-out/>
  <testcase classname="dsAlgoTests.GraphTest" name="verifyCodeExecutionforGraphRepresentationPage" time="0.000">
    <skipped/>
  </testcase> <!-- verifyCodeExecutionforGraphRepresentationPage -->
  <system-out/>
  <testcase classname="dsAlgoTests.GraphTest" name="verifyCodeExecutionforGraphRepresentationPage" time="0.000">
    <skipped/>
  </testcase> <!-- verifyCodeExecutionforGraphRepresentationPage -->
  <system-out/>
  <testcase classname="dsAlgoTests.GraphTest" name="verifyCodeExecutionforGraphRepresentationPage" time="0.000">
    <skipped/>
  </testcase> <!-- verifyCodeExecutionforGraphRepresentationPage -->
  <system-out/>
  <testcase classname="dsAlgoTests.GraphTest" name="verifyCodeExecutionforGraphRepresentationPage" time="0.000">
    <skipped/>
  </testcase> <!-- verifyCodeExecutionforGraphRepresentationPage -->
  <system-out/>
  <testcase classname="dsAlgoTests.GraphTest" name="verifyCodeExecutionforGraphRepresentationPage" time="0.000">
    <skipped/>
  </testcase> <!-- verifyCodeExecutionforGraphRepresentationPage -->
  <system-out/>
  <testcase classname="dsAlgoTests.GraphTest" name="verifyCodeExecutionforGraphRepresentationPage" time="0.000">
    <skipped/>
  </testcase> <!-- verifyCodeExecutionforGraphRepresentationPage -->
  <system-out/>
  <testcase classname="dsAlgoTests.GraphTest" name="verifyCodeExecutionforGraphRepresentationPage" time="0.000">
    <skipped/>
  </testcase> <!-- verifyCodeExecutionforGraphRepresentationPage -->
  <system-out/>
  <testcase classname="dsAlgoTests.GraphTest" name="verifyCodeExecutionforGraphRepresentationPage" time="0.000">
    <skipped/>
  </testcase> <!-- verifyCodeExecutionforGraphRepresentationPage -->
  <system-out/>
  <testcase classname="dsAlgoTests.GraphTest" name="verifyCodeExecutionforGraphRepresentationPage" time="0.000">
    <skipped/>
  </testcase> <!-- verifyCodeExecutionforGraphRepresentationPage -->
  <system-out/>
  <testcase classname="dsAlgoTests.GraphTest" name="verifyCodeExecutionforGraphRepresentationPage" time="0.000">
    <skipped/>
  </testcase> <!-- verifyCodeExecutionforGraphRepresentationPage -->
  <system-out/>
  <testcase classname="dsAlgoTests.GraphTest" name="verifyCodeExecutionforGraphRepresentationPage" time="0.000">
    <skipped/>
  </testcase> <!-- verifyCodeExecutionforGraphRepresentationPage -->
  <system-out/>
  <testcase classname="dsAlgoTests.GraphTest" name="verifyCodeExecutionforGraphRepresentationPage" time="0.000">
    <skipped/>
  </testcase> <!-- verifyCodeExecutionforGraphRepresentationPage -->
  <system-out/>
  <testcase classname="dsAlgoTests.GraphTest" name="verifyCodeExecutionforGraphRepresentationPage" time="0.000">
    <skipped/>
  </testcase> <!-- verifyCodeExecutionforGraphRepresentationPage -->
  <system-out/>
  <testcase classname="dsAlgoTests.GraphTest" name="verifyCodeExecutionforGraphRepresentationPage" time="0.000">
    <skipped/>
  </testcase> <!-- verifyCodeExecutionforGraphRepresentationPage -->
  <system-out/>
  <testcase classname="dsAlgoTests.GraphTest" name="verifyCodeExecutionforGraphRepresentationPage" time="0.000">
    <skipped/>
  </testcase> <!-- verifyCodeExecutionforGraphRepresentationPage -->
  <system-out/>
  <testcase classname="dsAlgoTests.GraphTest" name="verifyCodeExecutionforGraphRepresentationPage" time="0.000">
    <skipped/>
  </testcase> <!-- verifyCodeExecutionforGraphRepresentationPage -->
  <system-out/>
  <testcase classname="dsAlgoTests.GraphTest" name="verifyCodeExecutionforGraphRepresentationPage" time="0.000">
    <skipped/>
  </testcase> <!-- verifyCodeExecutionforGraphRepresentationPage -->
  <system-out/>
  <testcase classname="dsAlgoTests.GraphTest" name="verifyCodeExecutionforGraphRepresentationPage" time="0.000">
    <skipped/>
  </testcase> <!-- verifyCodeExecutionforGraphRepresentationPage -->
  <system-out/>
  <testcase classname="dsAlgoTests.GraphTest" name="verifyCodeExecutionforGraphRepresentationPage" time="0.000">
    <skipped/>
  </testcase> <!-- verifyCodeExecutionforGraphRepresentationPage -->
  <system-out/>
  <testcase classname="dsAlgoTests.GraphTest" name="verifyCodeExecutionforGraphRepresentationPage" time="0.000">
    <skipped/>
  </testcase> <!-- verifyCodeExecutionforGraphRepresentationPage -->
  <system-out/>
  <testcase classname="dsAlgoTests.GraphTest" name="verifyCodeExecutionforGraphRepresentationPage" time="0.000">
    <skipped/>
  </testcase> <!-- verifyCodeExecutionforGraphRepresentationPage -->
  <system-out/>
  <testcase classname="dsAlgoTests.GraphTest" name="verifyCodeExecutionforGraphRepresentationPage" time="0.000">
    <skipped/>
  </testcase> <!-- verifyCodeExecutionforGraphRepresentationPage -->
  <system-out/>
  <testcase classname="dsAlgoTests.GraphTest" name="verifyCodeExecutionforGraphRepresentationPage" time="0.000">
    <skipped/>
  </testcase> <!-- verifyCodeExecutionforGraphRepresentationPage -->
  <system-out/>
  <testcase classname="dsAlgoTests.GraphTest" name="verifyCodeExecutionforGraphRepresentationPage" time="0.000">
    <skipped/>
  </testcase> <!-- verifyCodeExecutionforGraphRepresentationPage -->
  <system-out/>
  <testcase classname="dsAlgoTests.GraphTest" name="verifyCodeExecutionforGraphRepresentationPage" time="0.000">
    <skipped/>
  </testcase> <!-- verifyCodeExecutionforGraphRepresentationPage -->
  <system-out/>
  <testcase classname="dsAlgoTests.GraphTest" name="verifyCodeExecutionforGraphRepresentationPage" time="0.000">
    <skipped/>
  </testcase> <!-- verifyCodeExecutionforGraphRepresentationPage -->
  <system-out/>
  <testcase classname="dsAlgoTests.GraphTest" name="verifyCodeExecutionforGraphRepresentationPage" time="0.000">
    <skipped/>
  </testcase> <!-- verifyCodeExecutionforGraphRepresentationPage -->
  <system-out/>
  <testcase classname="dsAlgoTests.GraphTest" name="verifyCodeExecutionforGraphRepresentationPage" time="0.000">
    <skipped/>
  </testcase> <!-- verifyCodeExecutionforGraphRepresentationPage -->
  <system-out/>
  <testcase classname="dsAlgoTests.GraphTest" name="verifyCodeExecutionforGraphRepresentationPage" time="0.000">
    <skipped/>
  </testcase> <!-- verifyCodeExecutionforGraphRepresentationPage -->
  <system-out/>
  <testcase classname="dsAlgoTests.GraphTest" name="verifyCodeExecutionforGraphRepresentationPage" time="0.000">
    <skipped/>
  </testcase> <!-- verifyCodeExecutionforGraphRepresentationPage -->
  <system-out/>
  <testcase classname="dsAlgoTests.GraphTest" name="verifyCodeExecutionforGraphRepresentationPage" time="0.000">
    <skipped/>
  </testcase> <!-- verifyCodeExecutionforGraphRepresentationPage -->
  <system-out/>
  <testcase classname="dsAlgoTests.GraphTest" name="verifyCodeExecutionforGraphRepresentationPage" time="0.000">
    <skipped/>
  </testcase> <!-- verifyCodeExecutionforGraphRepresentationPage -->
  <system-out/>
  <testcase classname="dsAlgoTests.GraphTest" name="verifyCodeExecutionforGraphRepresentationPage" time="0.000">
    <skipped/>
  </testcase> <!-- verifyCodeExecutionforGraphRepresentationPage -->
  <system-out/>
  <testcase classname="dsAlgoTests.GraphTest" name="verifyCodeExecutionforGraphRepresentationPage" time="0.000">
    <skipped/>
  </testcase> <!-- verifyCodeExecutionforGraphRepresentationPage -->
  <system-out/>
  <testcase classname="dsAlgoTests.GraphTest" name="verifyCodeExecutionforGraphRepresentationPage" time="0.000">
    <skipped/>
  </testcase> <!-- verifyCodeExecutionforGraphRepresentationPage -->
  <system-out/>
  <testcase classname="dsAlgoTests.GraphTest" name="verifyCodeExecutionforGraphRepresentationPage" time="0.799">
    <error message="Unable to find element with locator By.xpath: //div[contains(@class, &#039;CodeMirror&#039;) and contains(@class, &#039;cm-s-default&#039;)]
For documentation on this error, please visit: https://www.selenium.dev/documentation/webdriver/troubleshooting/errors#no-such-element-exception
Build info: version: &#039;4.17.0&#039;, revision: &#039;e52b1be057*&#039;
System info: os.name: &#039;Windows 11&#039;, os.arch: &#039;amd64&#039;, os.version: &#039;10.0&#039;, java.version: &#039;21.0.3&#039;
Driver info: driver.version: RemoteWebDriver" type="org.openqa.selenium.NoSuchElementException">
      <![CDATA[org.openqa.selenium.NoSuchElementException: Unable to find element with locator By.xpath: //div[contains(@class, 'CodeMirror') and contains(@class, 'cm-s-default')]
For documentation on this error, please visit: https://www.selenium.dev/documentation/webdriver/troubleshooting/errors#no-such-element-exception
Build info: version: '4.17.0', revision: 'e52b1be057*'
System info: os.name: 'Windows 11', os.arch: 'amd64', os.version: '10.0', java.version: '21.0.3'
Driver info: driver.version: RemoteWebDriver
at org.openqa.selenium.remote.ElementLocation$ElementFinder$2.findElement(ElementLocation.java:168)
at org.openqa.selenium.remote.ElementLocation.findElement(ElementLocation.java:59)
at org.openqa.selenium.remote.RemoteWebDriver.findElement(RemoteWebDriver.java:356)
at org.openqa.selenium.remote.RemoteWebDriver.findElement(RemoteWebDriver.java:350)
at dsAlgoPages.TryEditorPage.enteringCode(TryEditorPage.java:35)
at dsAlgoTests.GraphTest.verifyCodeExecutionforGraphRepresentationPage(GraphTest.java:148)
at java.base/jdk.internal.reflect.DirectMethodHandleAccessor.invoke(DirectMethodHandleAccessor.java:103)
at java.base/java.lang.reflect.Method.invoke(Method.java:580)
at org.testng.internal.MethodInvocationHelper.invokeMethod(MethodInvocationHelper.java:133)
at org.testng.internal.TestInvoker.invokeMethod(TestInvoker.java:598)
at org.testng.internal.TestInvoker.invokeTestMethod(TestInvoker.java:173)
at org.testng.internal.MethodRunner.runInSequence(MethodRunner.java:46)
at org.testng.internal.TestInvoker$MethodInvocationAgent.invoke(TestInvoker.java:824)
at org.testng.internal.TestInvoker.invokeTestMethods(TestInvoker.java:146)
at org.testng.internal.TestMethodWorker.invokeTestMethods(TestMethodWorker.java:146)
at org.testng.internal.TestMethodWorker.run(TestMethodWorker.java:128)
at java.base/java.util.ArrayList.forEach(ArrayList.java:1596)
at org.testng.TestRunner.privateRun(TestRunner.java:794)
at org.testng.TestRunner.run(TestRunner.java:596)
at org.testng.SuiteRunner.runTest(SuiteRunner.java:377)
at org.testng.SuiteRunner.runSequentially(SuiteRunner.java:371)
at org.testng.SuiteRunner.privateRun(SuiteRunner.java:332)
at org.testng.SuiteRunner.run(SuiteRunner.java:276)
at org.testng.SuiteRunnerWorker.runSuite(SuiteRunnerWorker.java:53)
at org.testng.SuiteRunnerWorker.run(SuiteRunnerWorker.java:96)
at org.testng.TestNG.runSuitesSequentially(TestNG.java:1212)
at org.testng.TestNG.runSuitesLocally(TestNG.java:1134)
at org.testng.TestNG.runSuites(TestNG.java:1063)
at org.testng.TestNG.run(TestNG.java:1031)
at org.testng.remote.AbstractRemoteTestNG.run(AbstractRemoteTestNG.java:115)
at org.testng.remote.RemoteTestNG.initAndRun(RemoteTestNG.java:293)
at org.testng.remote.RemoteTestNG.main(RemoteTestNG.java:91)
]]>
    </error>
  </testcase> <!-- verifyCodeExecutionforGraphRepresentationPage -->
  <system-out/>
  <testcase classname="dsAlgoTests.GraphTest" name="verifyCodeExecutionforGraphRepresentationPage" time="0.000">
    <skipped/>
  </testcase> <!-- verifyCodeExecutionforGraphRepresentationPage -->
  <system-out/>
  <testcase classname="dsAlgoTests.GraphTest" name="verifyCodeExecutionforGraphRepresentationPage" time="0.000">
    <skipped/>
  </testcase> <!-- verifyCodeExecutionforGraphRepresentationPage -->
  <system-out/>
  <testcase classname="dsAlgoTests.GraphTest" name="verifyCodeExecutionforGraphRepresentationPage" time="0.000">
    <skipped/>
  </testcase> <!-- verifyCodeExecutionforGraphRepresentationPage -->
  <system-out/>
  <testcase classname="dsAlgoTests.GraphTest" name="verifyCodeExecutionforGraphRepresentationPage" time="0.000">
    <skipped/>
  </testcase> <!-- verifyCodeExecutionforGraphRepresentationPage -->
  <system-out/>
  <testcase classname="dsAlgoTests.GraphTest" name="verifyCodeExecutionforGraphRepresentationPage" time="0.000">
    <skipped/>
  </testcase> <!-- verifyCodeExecutionforGraphRepresentationPage -->
  <system-out/>
  <testcase classname="dsAlgoTests.GraphTest" name="verifyCodeExecutionforGraphRepresentationPage" time="0.000">
    <skipped/>
  </testcase> <!-- verifyCodeExecutionforGraphRepresentationPage -->
  <system-out/>
  <testcase classname="dsAlgoTests.GraphTest" name="verifyCodeExecutionforGraphRepresentationPage" time="0.000">
    <skipped/>
  </testcase> <!-- verifyCodeExecutionforGraphRepresentationPage -->
  <system-out/>
  <testcase classname="dsAlgoTests.GraphTest" name="verifyCodeExecutionforGraphRepresentationPage" time="0.000">
    <skipped/>
  </testcase> <!-- verifyCodeExecutionforGraphRepresentationPage -->
  <system-out/>
  <testcase classname="dsAlgoTests.GraphTest" name="verifyCodeExecutionforGraphRepresentationPage" time="0.000">
    <skipped/>
  </testcase> <!-- verifyCodeExecutionforGraphRepresentationPage -->
  <system-out/>
  <testcase classname="dsAlgoTests.GraphTest" name="verifyCodeExecutionforGraphRepresentationPage" time="0.000">
    <skipped/>
  </testcase> <!-- verifyCodeExecutionforGraphRepresentationPage -->
  <system-out/>
  <testcase classname="dsAlgoTests.GraphTest" name="verifyCodeExecutionforGraphRepresentationPage" time="0.000">
    <skipped/>
  </testcase> <!-- verifyCodeExecutionforGraphRepresentationPage -->
  <system-out/>
  <testcase classname="dsAlgoTests.GraphTest" name="verifyCodeExecutionforGraphRepresentationPage" time="0.000">
    <skipped/>
  </testcase> <!-- verifyCodeExecutionforGraphRepresentationPage -->
  <system-out/>
  <testcase classname="dsAlgoTests.GraphTest" name="verifyCodeExecutionforGraphRepresentationPage" time="0.000">
    <skipped/>
  </testcase> <!-- verifyCodeExecutionforGraphRepresentationPage -->
  <system-out/>
  <testcase classname="dsAlgoTests.GraphTest" name="verifyCodeExecutionforGraphRepresentationPage" time="0.000">
    <skipped/>
  </testcase> <!-- verifyCodeExecutionforGraphRepresentationPage -->
  <system-out/>
  <testcase classname="dsAlgoTests.GraphTest" name="verifyCodeExecutionforGraphRepresentationPage" time="0.000">
    <skipped/>
  </testcase> <!-- verifyCodeExecutionforGraphRepresentationPage -->
  <system-out/>
  <testcase classname="dsAlgoTests.GraphTest" name="verifyCodeExecutionforGraphRepresentationPage" time="0.000">
    <skipped/>
  </testcase> <!-- verifyCodeExecutionforGraphRepresentationPage -->
  <system-out/>
  <testcase classname="dsAlgoTests.GraphTest" name="verifyCodeExecutionforGraphRepresentationPage" time="0.000">
    <skipped/>
  </testcase> <!-- verifyCodeExecutionforGraphRepresentationPage -->
  <system-out/>
  <testcase classname="dsAlgoTests.GraphTest" name="verifyCodeExecutionforGraphRepresentationPage" time="0.000">
    <skipped/>
  </testcase> <!-- verifyCodeExecutionforGraphRepresentationPage -->
  <system-out/>
  <testcase classname="dsAlgoTests.GraphTest" name="verifyCodeExecutionforGraphRepresentationPage" time="0.000">
    <skipped/>
  </testcase> <!-- verifyCodeExecutionforGraphRepresentationPage -->
  <system-out/>
  <testcase classname="dsAlgoTests.GraphTest" name="verifyCodeExecutionforGraphRepresentationPage" time="0.000">
    <skipped/>
  </testcase> <!-- verifyCodeExecutionforGraphRepresentationPage -->
  <system-out/>
  <testcase classname="dsAlgoTests.GraphTest" name="verifyCodeExecutionforGraphRepresentationPage" time="0.000">
    <skipped/>
  </testcase> <!-- verifyCodeExecutionforGraphRepresentationPage -->
  <system-out/>
  <testcase classname="dsAlgoTests.GraphTest" name="verifyCodeExecutionforGraphRepresentationPage" time="0.000">
    <skipped/>
  </testcase> <!-- verifyCodeExecutionforGraphRepresentationPage -->
  <system-out/>
  <testcase classname="dsAlgoTests.GraphTest" name="verifyCodeExecutionforGraphRepresentationPage" time="0.000">
    <skipped/>
  </testcase> <!-- verifyCodeExecutionforGraphRepresentationPage -->
  <system-out/>
  <testcase classname="dsAlgoTests.GraphTest" name="verifyCodeExecutionforGraphRepresentationPage" time="0.000">
    <skipped/>
  </testcase> <!-- verifyCodeExecutionforGraphRepresentationPage -->
  <system-out/>
  <testcase classname="dsAlgoTests.GraphTest" name="verifyCodeExecutionforGraphRepresentationPage" time="0.000">
    <skipped/>
  </testcase> <!-- verifyCodeExecutionforGraphRepresentationPage -->
  <system-out/>
  <testcase classname="dsAlgoTests.GraphTest" name="verifyCodeExecutionforGraphRepresentationPage" time="0.000">
    <skipped/>
  </testcase> <!-- verifyCodeExecutionforGraphRepresentationPage -->
  <system-out/>
  <testcase classname="dsAlgoTests.GraphTest" name="verifyCodeExecutionforGraphRepresentationPage" time="0.000">
    <skipped/>
  </testcase> <!-- verifyCodeExecutionforGraphRepresentationPage -->
  <system-out/>
  <testcase classname="dsAlgoTests.GraphTest" name="verifyCodeExecutionforGraphRepresentationPage" time="0.000">
    <skipped/>
  </testcase> <!-- verifyCodeExecutionforGraphRepresentationPage -->
  <system-out/>
  <testcase classname="dsAlgoTests.GraphTest" name="verifyCodeExecutionforGraphRepresentationPage" time="0.000">
    <skipped/>
  </testcase> <!-- verifyCodeExecutionforGraphRepresentationPage -->
  <system-out/>
  <testcase classname="dsAlgoTests.GraphTest" name="verifyCodeExecutionforGraphRepresentationPage" time="0.000">
    <skipped/>
  </testcase> <!-- verifyCodeExecutionforGraphRepresentationPage -->
  <system-out/>
  <testcase classname="dsAlgoTests.GraphTest" name="verifyCodeExecutionforGraphRepresentationPage" time="0.000">
    <skipped/>
  </testcase> <!-- verifyCodeExecutionforGraphRepresentationPage -->
  <system-out/>
  <testcase classname="dsAlgoTests.GraphTest" name="verifyCodeExecutionforGraphRepresentationPage" time="0.000">
    <skipped/>
  </testcase> <!-- verifyCodeExecutionforGraphRepresentationPage -->
  <system-out/>
  <testcase classname="dsAlgoTests.GraphTest" name="verifyCodeExecutionforGraphRepresentationPage" time="0.000">
    <skipped/>
  </testcase> <!-- verifyCodeExecutionforGraphRepresentationPage -->
  <system-out/>
  <testcase classname="dsAlgoTests.GraphTest" name="verifyCodeExecutionforGraphRepresentationPage" time="0.000">
    <skipped/>
  </testcase> <!-- verifyCodeExecutionforGraphRepresentationPage -->
  <system-out/>
  <testcase classname="dsAlgoTests.GraphTest" name="verifyCodeExecutionforGraphRepresentationPage" time="0.000">
    <skipped/>
  </testcase> <!-- verifyCodeExecutionforGraphRepresentationPage -->
  <system-out/>
  <testcase classname="dsAlgoTests.GraphTest" name="verifyCodeExecutionforGraphRepresentationPage" time="0.000">
    <skipped/>
  </testcase> <!-- verifyCodeExecutionforGraphRepresentationPage -->
  <system-out/>
  <testcase classname="dsAlgoTests.GraphTest" name="verifyCodeExecutionforGraphRepresentationPage" time="0.000">
    <skipped/>
  </testcase> <!-- verifyCodeExecutionforGraphRepresentationPage -->
  <system-out/>
  <testcase classname="dsAlgoTests.GraphTest" name="verifyCodeExecutionforGraphRepresentationPage" time="0.000">
    <skipped/>
  </testcase> <!-- verifyCodeExecutionforGraphRepresentationPage -->
  <system-out/>
  <testcase classname="dsAlgoTests.GraphTest" name="verifyCodeExecutionforGraphRepresentationPage" time="0.000">
    <skipped/>
  </testcase> <!-- verifyCodeExecutionforGraphRepresentationPage -->
  <system-out/>
  <testcase classname="dsAlgoTests.GraphTest" name="verifyCodeExecutionforGraphRepresentationPage" time="0.000">
    <skipped/>
  </testcase> <!-- verifyCodeExecutionforGraphRepresentationPage -->
  <system-out/>
  <testcase classname="dsAlgoTests.GraphTest" name="verifyCodeExecutionforGraphRepresentationPage" time="0.000">
    <skipped/>
  </testcase> <!-- verifyCodeExecutionforGraphRepresentationPage -->
  <system-out/>
  <testcase classname="dsAlgoTests.GraphTest" name="verifyCodeExecutionforGraphRepresentationPage" time="0.000">
    <skipped/>
  </testcase> <!-- verifyCodeExecutionforGraphRepresentationPage -->
  <system-out/>
  <testcase classname="dsAlgoTests.GraphTest" name="verifyCodeExecutionforGraphRepresentationPage" time="0.000">
    <skipped/>
  </testcase> <!-- verifyCodeExecutionforGraphRepresentationPage -->
  <system-out/>
  <testcase classname="dsAlgoTests.GraphTest" name="verifyCodeExecutionforGraphRepresentationPage" time="0.000">
    <skipped/>
  </testcase> <!-- verifyCodeExecutionforGraphRepresentationPage -->
  <system-out/>
  <testcase classname="dsAlgoTests.GraphTest" name="verifyCodeExecutionforGraphRepresentationPage" time="1.890"/>
  <system-out/>
  <testcase classname="dsAlgoTests.GraphTest" name="verifyCodeExecutionforGraphRepresentationPage" time="0.000">
    <skipped/>
  </testcase> <!-- verifyCodeExecutionforGraphRepresentationPage -->
  <system-out/>
  <testcase classname="dsAlgoTests.GraphTest" name="verifyCodeExecutionforGraphRepresentationPage" time="0.000">
    <skipped/>
  </testcase> <!-- verifyCodeExecutionforGraphRepresentationPage -->
  <system-out/>
  <testcase classname="dsAlgoTests.GraphTest" name="verifyCodeExecutionforGraphRepresentationPage" time="0.000">
    <skipped/>
  </testcase> <!-- verifyCodeExecutionforGraphRepresentationPage -->
  <system-out/>
  <testcase classname="dsAlgoTests.GraphTest" name="verifyCodeExecutionforGraphRepresentationPage" time="0.000">
    <skipped/>
  </testcase> <!-- verifyCodeExecutionforGraphRepresentationPage -->
  <system-out/>
  <testcase classname="dsAlgoTests.GraphTest" name="verifyCodeExecutionforGraphRepresentationPage" time="0.000">
    <skipped/>
  </testcase> <!-- verifyCodeExecutionforGraphRepresentationPage -->
  <system-out/>
  <testcase classname="dsAlgoTests.GraphTest" name="verifyCodeExecutionforGraphRepresentationPage" time="0.000">
    <skipped/>
  </testcase> <!-- verifyCodeExecutionforGraphRepresentationPage -->
  <system-out/>
  <testcase classname="dsAlgoTests.GraphTest" name="verifyCodeExecutionforGraphRepresentationPage" time="0.000">
    <skipped/>
  </testcase> <!-- verifyCodeExecutionforGraphRepresentationPage -->
  <system-out/>
  <testcase classname="dsAlgoTests.GraphTest" name="verifyCodeExecutionforGraphRepresentationPage" time="0.000">
    <skipped/>
  </testcase> <!-- verifyCodeExecutionforGraphRepresentationPage -->
  <system-out/>
  <testcase classname="dsAlgoTests.GraphTest" name="verifyCodeExecutionforGraphRepresentationPage" time="0.000">
    <skipped/>
  </testcase> <!-- verifyCodeExecutionforGraphRepresentationPage -->
  <system-out/>
  <testcase classname="dsAlgoTests.GraphTest" name="verifyCodeExecutionforGraphRepresentationPage" time="0.000">
    <skipped/>
  </testcase> <!-- verifyCodeExecutionforGraphRepresentationPage -->
  <system-out/>
  <testcase classname="dsAlgoTests.GraphTest" name="verifyCodeExecutionforGraphRepresentationPage" time="0.000">
    <skipped/>
  </testcase> <!-- verifyCodeExecutionforGraphRepresentationPage -->
  <system-out/>
  <testcase classname="dsAlgoTests.GraphTest" name="verifyCodeExecutionforGraphRepresentationPage" time="0.000">
    <skipped/>
  </testcase> <!-- verifyCodeExecutionforGraphRepresentationPage -->
  <system-out/>
  <testcase classname="dsAlgoTests.GraphTest" name="verifyCodeExecutionforGraphRepresentationPage" time="0.000">
    <skipped/>
  </testcase> <!-- verifyCodeExecutionforGraphRepresentationPage -->
  <system-out/>
  <testcase classname="dsAlgoTests.GraphTest" name="verifyCodeExecutionforGraphRepresentationPage" time="0.000">
    <skipped/>
  </testcase> <!-- verifyCodeExecutionforGraphRepresentationPage -->
  <system-out/>
  <testcase classname="dsAlgoTests.GraphTest" name="verifyCodeExecutionforGraphRepresentationPage" time="0.000">
    <skipped/>
  </testcase> <!-- verifyCodeExecutionforGraphRepresentationPage -->
  <system-out/>
  <testcase classname="dsAlgoTests.GraphTest" name="verifyCodeExecutionforGraphRepresentationPage" time="0.000">
    <skipped/>
  </testcase> <!-- verifyCodeExecutionforGraphRepresentationPage -->
  <system-out/>
  <testcase classname="dsAlgoTests.GraphTest" name="verifyCodeExecutionforGraphRepresentationPage" time="0.000">
    <skipped/>
  </testcase> <!-- verifyCodeExecutionforGraphRepresentationPage -->
  <system-out/>
  <testcase classname="dsAlgoTests.GraphTest" name="verifyCodeExecutionforGraphRepresentationPage" time="0.000">
    <skipped/>
  </testcase> <!-- verifyCodeExecutionforGraphRepresentationPage -->
  <system-out/>
  <testcase classname="dsAlgoTests.GraphTest" name="verifyCodeExecutionforGraphRepresentationPage" time="0.000">
    <skipped/>
  </testcase> <!-- verifyCodeExecutionforGraphRepresentationPage -->
  <system-out/>
  <testcase classname="dsAlgoTests.GraphTest" name="verifyCodeExecutionforGraphRepresentationPage" time="0.000">
    <skipped/>
  </testcase> <!-- verifyCodeExecutionforGraphRepresentationPage -->
  <system-out/>
  <testcase classname="dsAlgoTests.GraphTest" name="verifyCodeExecutionforGraphRepresentationPage" time="0.000">
    <skipped/>
  </testcase> <!-- verifyCodeExecutionforGraphRepresentationPage -->
  <system-out/>
  <testcase classname="dsAlgoTests.GraphTest" name="verifyCodeExecutionforGraphRepresentationPage" time="0.000">
    <skipped/>
  </testcase> <!-- verifyCodeExecutionforGraphRepresentationPage -->
  <system-out/>
  <testcase classname="dsAlgoTests.GraphTest" name="verifyCodeExecutionforGraphRepresentationPage" time="0.000">
    <skipped/>
  </testcase> <!-- verifyCodeExecutionforGraphRepresentationPage -->
  <system-out/>
  <testcase classname="dsAlgoTests.GraphTest" name="verifyCodeExecutionforGraphRepresentationPage" time="0.000">
    <skipped/>
  </testcase> <!-- verifyCodeExecutionforGraphRepresentationPage -->
  <system-out/>
  <testcase classname="dsAlgoTests.GraphTest" name="verifyCodeExecutionforGraphRepresentationPage" time="0.000">
    <skipped/>
  </testcase> <!-- verifyCodeExecutionforGraphRepresentationPage -->
  <system-out/>
  <testcase classname="dsAlgoTests.GraphTest" name="verifyCodeExecutionforGraphRepresentationPage" time="0.000">
    <skipped/>
  </testcase> <!-- verifyCodeExecutionforGraphRepresentationPage -->
  <system-out/>
  <testcase classname="dsAlgoTests.GraphTest" name="verifyCodeExecutionforGraphRepresentationPage" time="0.000">
    <skipped/>
  </testcase> <!-- verifyCodeExecutionforGraphRepresentationPage -->
  <system-out/>
  <testcase classname="dsAlgoTests.GraphTest" name="verifyCodeExecutionforGraphRepresentationPage" time="0.000">
    <skipped/>
  </testcase> <!-- verifyCodeExecutionforGraphRepresentationPage -->
  <system-out/>
  <testcase classname="dsAlgoTests.GraphTest" name="verifyCodeExecutionforGraphRepresentationPage" time="0.000">
    <skipped/>
  </testcase> <!-- verifyCodeExecutionforGraphRepresentationPage -->
  <system-out/>
  <testcase classname="dsAlgoTests.GraphTest" name="verifyCodeExecutionforGraphRepresentationPage" time="0.000">
    <skipped/>
  </testcase> <!-- verifyCodeExecutionforGraphRepresentationPage -->
  <system-out/>
  <testcase classname="dsAlgoTests.GraphTest" name="verifyCodeExecutionforGraphRepresentationPage" time="0.000">
    <skipped/>
  </testcase> <!-- verifyCodeExecutionforGraphRepresentationPage -->
  <system-out/>
  <testcase classname="dsAlgoTests.GraphTest" name="verifyCodeExecutionforGraphRepresentationPage" time="0.000">
    <skipped/>
  </testcase> <!-- verifyCodeExecutionforGraphRepresentationPage -->
  <system-out/>
  <testcase classname="dsAlgoTests.GraphTest" name="verifyCodeExecutionforGraphRepresentationPage" time="0.000">
    <skipped/>
  </testcase> <!-- verifyCodeExecutionforGraphRepresentationPage -->
  <system-out/>
  <testcase classname="dsAlgoTests.GraphTest" name="verifyCodeExecutionforGraphRepresentationPage" time="0.000">
    <skipped/>
  </testcase> <!-- verifyCodeExecutionforGraphRepresentationPage -->
  <system-out/>
  <testcase classname="dsAlgoTests.GraphTest" name="verifyCodeExecutionforGraphRepresentationPage" time="0.000">
    <skipped/>
  </testcase> <!-- verifyCodeExecutionforGraphRepresentationPage -->
  <system-out/>
  <testcase classname="dsAlgoTests.GraphTest" name="verifyCodeExecutionforGraphRepresentationPage" time="0.000">
    <skipped/>
  </testcase> <!-- verifyCodeExecutionforGraphRepresentationPage -->
  <system-out/>
  <testcase classname="dsAlgoTests.GraphTest" name="verifyCodeExecutionforGraphRepresentationPage" time="0.000">
    <skipped/>
  </testcase> <!-- verifyCodeExecutionforGraphRepresentationPage -->
  <system-out/>
  <testcase classname="dsAlgoTests.GraphTest" name="verifyCodeExecutionforGraphRepresentationPage" time="0.000">
    <skipped/>
  </testcase> <!-- verifyCodeExecutionforGraphRepresentationPage -->
  <system-out/>
  <testcase classname="dsAlgoTests.GraphTest" name="verifyCodeExecutionforGraphRepresentationPage" time="0.000">
    <skipped/>
  </testcase> <!-- verifyCodeExecutionforGraphRepresentationPage -->
  <system-out/>
  <testcase classname="dsAlgoTests.GraphTest" name="verifyCodeExecutionforGraphRepresentationPage" time="0.000">
    <skipped/>
  </testcase> <!-- verifyCodeExecutionforGraphRepresentationPage -->
  <system-out/>
  <testcase classname="dsAlgoTests.GraphTest" name="verifyCodeExecutionforGraphRepresentationPage" time="0.000">
    <skipped/>
  </testcase> <!-- verifyCodeExecutionforGraphRepresentationPage -->
  <system-out/>
  <testcase classname="dsAlgoTests.GraphTest" name="verifyCodeExecutionforGraphRepresentationPage" time="0.000">
    <skipped/>
  </testcase> <!-- verifyCodeExecutionforGraphRepresentationPage -->
  <system-out/>
  <testcase classname="dsAlgoTests.GraphTest" name="verifyCodeExecutionforGraphRepresentationPage" time="0.000">
    <skipped/>
  </testcase> <!-- verifyCodeExecutionforGraphRepresentationPage -->
  <system-out/>
  <testcase classname="dsAlgoTests.GraphTest" name="verifyCodeExecutionforGraphRepresentationPage" time="0.000">
    <skipped/>
  </testcase> <!-- verifyCodeExecutionforGraphRepresentationPage -->
  <system-out/>
  <testcase classname="dsAlgoTests.GraphTest" name="verifyCodeExecutionforGraphRepresentationPage" time="0.000">
    <skipped/>
  </testcase> <!-- verifyCodeExecutionforGraphRepresentationPage -->
  <system-out/>
  <testcase classname="dsAlgoTests.GraphTest" name="verifyCodeExecutionforGraphRepresentationPage" time="0.000">
    <skipped/>
  </testcase> <!-- verifyCodeExecutionforGraphRepresentationPage -->
  <system-out/>
  <testcase classname="dsAlgoTests.GraphTest" name="verifyCodeExecutionforGraphRepresentationPage" time="0.000">
    <skipped/>
  </testcase> <!-- verifyCodeExecutionforGraphRepresentationPage -->
  <system-out/>
  <testcase classname="dsAlgoTests.GraphTest" name="verifyCodeExecutionforGraphRepresentationPage" time="0.000">
    <skipped/>
  </testcase> <!-- verifyCodeExecutionforGraphRepresentationPage -->
  <system-out/>
  <testcase classname="dsAlgoTests.GraphTest" name="verifyCodeExecutionforGraphRepresentationPage" time="0.000">
    <skipped/>
  </testcase> <!-- verifyCodeExecutionforGraphRepresentationPage -->
  <system-out/>
  <testcase classname="dsAlgoTests.GraphTest" name="verifyCodeExecutionforGraphRepresentationPage" time="0.000">
    <skipped/>
  </testcase> <!-- verifyCodeExecutionforGraphRepresentationPage -->
  <system-out/>
  <testcase classname="dsAlgoTests.GraphTest" name="verifyCodeExecutionforGraphRepresentationPage" time="0.000">
    <skipped/>
  </testcase> <!-- verifyCodeExecutionforGraphRepresentationPage -->
  <system-out/>
  <testcase classname="dsAlgoTests.GraphTest" name="verifyCodeExecutionforGraphRepresentationPage" time="0.000">
    <skipped/>
  </testcase> <!-- verifyCodeExecutionforGraphRepresentationPage -->
  <system-out/>
  <testcase classname="dsAlgoTests.GraphTest" name="verifyCodeExecutionforGraphRepresentationPage" time="0.000">
    <skipped/>
  </testcase> <!-- verifyCodeExecutionforGraphRepresentationPage -->
  <system-out/>
  <testcase classname="dsAlgoTests.GraphTest" name="verifyCodeExecutionforGraphRepresentationPage" time="0.000">
    <skipped/>
  </testcase> <!-- verifyCodeExecutionforGraphRepresentationPage -->
  <system-out/>
  <testcase classname="dsAlgoTests.GraphTest" name="verifyCodeExecutionforGraphRepresentationPage" time="0.000">
    <skipped/>
  </testcase> <!-- verifyCodeExecutionforGraphRepresentationPage -->
  <system-out/>
  <testcase classname="dsAlgoTests.GraphTest" name="verifyCodeExecutionforGraphRepresentationPage" time="0.000">
    <skipped/>
  </testcase> <!-- verifyCodeExecutionforGraphRepresentationPage -->
  <system-out/>
  <testcase classname="dsAlgoTests.GraphTest" name="verifyCodeExecutionforGraphRepresentationPage" time="0.000">
    <skipped/>
  </testcase> <!-- verifyCodeExecutionforGraphRepresentationPage -->
  <system-out/>
  <testcase classname="dsAlgoTests.GraphTest" name="verifyCodeExecutionforGraphRepresentationPage" time="0.000">
    <skipped/>
  </testcase> <!-- verifyCodeExecutionforGraphRepresentationPage -->
  <system-out/>
  <testcase classname="dsAlgoTests.GraphTest" name="verifyCodeExecutionforGraphRepresentationPage" time="0.000">
    <skipped/>
  </testcase> <!-- verifyCodeExecutionforGraphRepresentationPage -->
  <system-out/>
  <testcase classname="dsAlgoTests.GraphTest" name="verifyCodeExecutionforGraphRepresentationPage" time="0.000">
    <skipped/>
  </testcase> <!-- verifyCodeExecutionforGraphRepresentationPage -->
  <system-out/>
  <testcase classname="dsAlgoTests.GraphTest" name="verifyCodeExecutionforGraphRepresentationPage" time="0.000">
    <skipped/>
  </testcase> <!-- verifyCodeExecutionforGraphRepresentationPage -->
  <system-out/>
  <testcase classname="dsAlgoTests.GraphTest" name="verifyCodeExecutionforGraphRepresentationPage" time="0.000">
    <skipped/>
  </testcase> <!-- verifyCodeExecutionforGraphRepresentationPage -->
  <system-out/>
  <testcase classname="dsAlgoTests.GraphTest" name="verifyCodeExecutionforGraphRepresentationPage" time="0.000">
    <skipped/>
  </testcase> <!-- verifyCodeExecutionforGraphRepresentationPage -->
  <system-out/>
  <testcase classname="dsAlgoTests.GraphTest" name="verifyCodeExecutionforGraphRepresentationPage" time="0.000">
    <skipped/>
  </testcase> <!-- verifyCodeExecutionforGraphRepresentationPage -->
  <system-out/>
  <testcase classname="dsAlgoTests.GraphTest" name="verifyCodeExecutionforGraphRepresentationPage" time="0.000">
    <skipped/>
  </testcase> <!-- verifyCodeExecutionforGraphRepresentationPage -->
  <system-out/>
  <testcase classname="dsAlgoTests.GraphTest" name="verifyCodeExecutionforGraphRepresentationPage" time="0.000">
    <skipped/>
  </testcase> <!-- verifyCodeExecutionforGraphRepresentationPage -->
  <system-out/>
  <testcase classname="dsAlgoTests.GraphTest" name="verifyCodeExecutionforGraphRepresentationPage" time="0.000">
    <skipped/>
  </testcase> <!-- verifyCodeExecutionforGraphRepresentationPage -->
  <system-out/>
  <testcase classname="dsAlgoTests.GraphTest" name="verifyCodeExecutionforGraphRepresentationPage" time="0.000">
    <skipped/>
  </testcase> <!-- verifyCodeExecutionforGraphRepresentationPage -->
  <system-out/>
  <testcase classname="dsAlgoTests.GraphTest" name="verifyCodeExecutionforGraphRepresentationPage" time="0.000">
    <skipped/>
  </testcase> <!-- verifyCodeExecutionforGraphRepresentationPage -->
  <system-out/>
  <testcase classname="dsAlgoTests.GraphTest" name="verifyCodeExecutionforGraphRepresentationPage" time="0.000">
    <skipped/>
  </testcase> <!-- verifyCodeExecutionforGraphRepresentationPage -->
  <system-out/>
  <testcase classname="dsAlgoTests.GraphTest" name="verifyCodeExecutionforGraphRepresentationPage" time="0.000">
    <skipped/>
  </testcase> <!-- verifyCodeExecutionforGraphRepresentationPage -->
  <system-out/>
  <testcase classname="dsAlgoTests.GraphTest" name="verifyCodeExecutionforGraphRepresentationPage" time="0.000">
    <skipped/>
  </testcase> <!-- verifyCodeExecutionforGraphRepresentationPage -->
  <system-out/>
  <testcase classname="dsAlgoTests.GraphTest" name="verifyCodeExecutionforGraphRepresentationPage" time="0.000">
    <skipped/>
  </testcase> <!-- verifyCodeExecutionforGraphRepresentationPage -->
  <system-out/>
  <testcase classname="dsAlgoTests.GraphTest" name="verifyCodeExecutionforGraphRepresentationPage" time="0.000">
    <skipped/>
  </testcase> <!-- verifyCodeExecutionforGraphRepresentationPage -->
  <system-out/>
  <testcase classname="dsAlgoTests.GraphTest" name="verifyCodeExecutionforGraphRepresentationPage" time="0.000">
    <skipped/>
  </testcase> <!-- verifyCodeExecutionforGraphRepresentationPage -->
  <system-out/>
  <testcase classname="dsAlgoTests.GraphTest" name="verifyCodeExecutionforGraphRepresentationPage" time="0.000">
    <skipped/>
  </testcase> <!-- verifyCodeExecutionforGraphRepresentationPage -->
  <system-out/>
  <testcase classname="dsAlgoTests.GraphTest" name="verifyCodeExecutionforGraphRepresentationPage" time="0.000">
    <skipped/>
  </testcase> <!-- verifyCodeExecutionforGraphRepresentationPage -->
  <system-out/>
  <testcase classname="dsAlgoTests.GraphTest" name="verifyCodeExecutionforGraphRepresentationPage" time="0.000">
    <skipped/>
  </testcase> <!-- verifyCodeExecutionforGraphRepresentationPage -->
  <system-out/>
  <testcase classname="dsAlgoTests.GraphTest" name="verifyCodeExecutionforGraphRepresentationPage" time="0.000">
    <skipped/>
  </testcase> <!-- verifyCodeExecutionforGraphRepresentationPage -->
  <system-out/>
  <testcase classname="dsAlgoTests.GraphTest" name="verifyCodeExecutionforGraphRepresentationPage" time="0.000">
    <skipped/>
  </testcase> <!-- verifyCodeExecutionforGraphRepresentationPage -->
  <system-out/>
  <testcase classname="dsAlgoTests.GraphTest" name="verifyCodeExecutionforGraphRepresentationPage" time="0.000">
    <skipped/>
  </testcase> <!-- verifyCodeExecutionforGraphRepresentationPage -->
  <system-out/>
  <testcase classname="dsAlgoTests.GraphTest" name="verifyCodeExecutionforGraphRepresentationPage" time="1.552"/>
  <system-out/>
  <testcase classname="dsAlgoTests.GraphTest" name="verifyCodeExecutionforGraphRepresentationPage" time="0.000">
    <skipped/>
  </testcase> <!-- verifyCodeExecutionforGraphRepresentationPage -->
  <system-out/>
  <testcase classname="dsAlgoTests.GraphTest" name="verifyCodeExecutionforGraphRepresentationPage" time="0.000">
    <skipped/>
  </testcase> <!-- verifyCodeExecutionforGraphRepresentationPage -->
  <system-out/>
  <testcase classname="dsAlgoTests.GraphTest" name="verifyCodeExecutionforGraphRepresentationPage" time="0.000">
    <skipped/>
  </testcase> <!-- verifyCodeExecutionforGraphRepresentationPage -->
  <system-out/>
  <testcase classname="dsAlgoTests.GraphTest" name="verifyCodeExecutionforGraphRepresentationPage" time="0.000">
    <skipped/>
  </testcase> <!-- verifyCodeExecutionforGraphRepresentationPage -->
  <system-out/>
  <testcase classname="dsAlgoTests.GraphTest" name="verifyCodeExecutionforGraphRepresentationPage" time="0.000">
    <skipped/>
  </testcase> <!-- verifyCodeExecutionforGraphRepresentationPage -->
  <system-out/>
  <testcase classname="dsAlgoTests.GraphTest" name="verifyCodeExecutionforGraphRepresentationPage" time="0.000">
    <skipped/>
  </testcase> <!-- verifyCodeExecutionforGraphRepresentationPage -->
  <system-out/>
  <testcase classname="dsAlgoTests.GraphTest" name="verifyCodeExecutionforGraphRepresentationPage" time="0.000">
    <skipped/>
  </testcase> <!-- verifyCodeExecutionforGraphRepresentationPage -->
  <system-out/>
  <testcase classname="dsAlgoTests.GraphTest" name="verifyCodeExecutionforGraphRepresentationPage" time="0.000">
    <skipped/>
  </testcase> <!-- verifyCodeExecutionforGraphRepresentationPage -->
  <system-out/>
  <testcase classname="dsAlgoTests.GraphTest" name="verifyCodeExecutionforGraphRepresentationPage" time="0.000">
    <skipped/>
  </testcase> <!-- verifyCodeExecutionforGraphRepresentationPage -->
  <system-out/>
  <testcase classname="dsAlgoTests.GraphTest" name="verifyCodeExecutionforGraphRepresentationPage" time="0.000">
    <skipped/>
  </testcase> <!-- verifyCodeExecutionforGraphRepresentationPage -->
  <system-out/>
  <testcase classname="dsAlgoTests.GraphTest" name="verifyCodeExecutionforGraphRepresentationPage" time="0.000">
    <skipped/>
  </testcase> <!-- verifyCodeExecutionforGraphRepresentationPage -->
  <system-out/>
  <testcase classname="dsAlgoTests.GraphTest" name="verifyCodeExecutionforGraphRepresentationPage" time="0.000">
    <skipped/>
  </testcase> <!-- verifyCodeExecutionforGraphRepresentationPage -->
  <system-out/>
  <testcase classname="dsAlgoTests.GraphTest" name="verifyCodeExecutionforGraphRepresentationPage" time="0.000">
    <skipped/>
  </testcase> <!-- verifyCodeExecutionforGraphRepresentationPage -->
  <system-out/>
  <testcase classname="dsAlgoTests.GraphTest" name="verifyCodeExecutionforGraphRepresentationPage" time="0.000">
    <skipped/>
  </testcase> <!-- verifyCodeExecutionforGraphRepresentationPage -->
  <system-out/>
  <testcase classname="dsAlgoTests.GraphTest" name="verifyCodeExecutionforGraphRepresentationPage" time="0.000">
    <skipped/>
  </testcase> <!-- verifyCodeExecutionforGraphRepresentationPage -->
  <system-out/>
  <testcase classname="dsAlgoTests.GraphTest" name="verifyCodeExecutionforGraphRepresentationPage" time="0.000">
    <skipped/>
  </testcase> <!-- verifyCodeExecutionforGraphRepresentationPage -->
  <system-out/>
  <testcase classname="dsAlgoTests.GraphTest" name="verifyCodeExecutionforGraphRepresentationPage" time="0.000">
    <skipped/>
  </testcase> <!-- verifyCodeExecutionforGraphRepresentationPage -->
  <system-out/>
  <testcase classname="dsAlgoTests.GraphTest" name="verifyCodeExecutionforGraphRepresentationPage" time="0.000">
    <skipped/>
  </testcase> <!-- verifyCodeExecutionforGraphRepresentationPage -->
  <system-out/>
  <testcase classname="dsAlgoTests.GraphTest" name="verifyCodeExecutionforGraphRepresentationPage" time="0.000">
    <skipped/>
  </testcase> <!-- verifyCodeExecutionforGraphRepresentationPage -->
  <system-out/>
  <testcase classname="dsAlgoTests.GraphTest" name="verifyCodeExecutionforGraphRepresentationPage" time="0.000">
    <skipped/>
  </testcase> <!-- verifyCodeExecutionforGraphRepresentationPage -->
  <system-out/>
  <testcase classname="dsAlgoTests.GraphTest" name="verifyCodeExecutionforGraphRepresentationPage" time="0.000">
    <skipped/>
  </testcase> <!-- verifyCodeExecutionforGraphRepresentationPage -->
  <system-out/>
  <testcase classname="dsAlgoTests.GraphTest" name="verifyCodeExecutionforGraphRepresentationPage" time="0.000">
    <skipped/>
  </testcase> <!-- verifyCodeExecutionforGraphRepresentationPage -->
  <system-out/>
  <testcase classname="dsAlgoTests.GraphTest" name="verifyCodeExecutionforGraphRepresentationPage" time="0.000">
    <skipped/>
  </testcase> <!-- verifyCodeExecutionforGraphRepresentationPage -->
  <system-out/>
  <testcase classname="dsAlgoTests.GraphTest" name="verifyCodeExecutionforGraphRepresentationPage" time="0.000">
    <skipped/>
  </testcase> <!-- verifyCodeExecutionforGraphRepresentationPage -->
  <system-out/>
  <testcase classname="dsAlgoTests.GraphTest" name="verifyCodeExecutionforGraphRepresentationPage" time="0.000">
    <skipped/>
  </testcase> <!-- verifyCodeExecutionforGraphRepresentationPage -->
  <system-out/>
  <testcase classname="dsAlgoTests.GraphTest" name="verifyCodeExecutionforGraphRepresentationPage" time="0.000">
    <skipped/>
  </testcase> <!-- verifyCodeExecutionforGraphRepresentationPage -->
  <system-out/>
  <testcase classname="dsAlgoTests.GraphTest" name="verifyCodeExecutionforGraphRepresentationPage" time="0.000">
    <skipped/>
  </testcase> <!-- verifyCodeExecutionforGraphRepresentationPage -->
  <system-out/>
  <testcase classname="dsAlgoTests.GraphTest" name="verifyCodeExecutionforGraphRepresentationPage" time="0.000">
    <skipped/>
  </testcase> <!-- verifyCodeExecutionforGraphRepresentationPage -->
  <system-out/>
  <testcase classname="dsAlgoTests.GraphTest" name="verifyCodeExecutionforGraphRepresentationPage" time="0.000">
    <skipped/>
  </testcase> <!-- verifyCodeExecutionforGraphRepresentationPage -->
  <system-out/>
  <testcase classname="dsAlgoTests.GraphTest" name="verifyCodeExecutionforGraphRepresentationPage" time="0.000">
    <skipped/>
  </testcase> <!-- verifyCodeExecutionforGraphRepresentationPage -->
  <system-out/>
  <testcase classname="dsAlgoTests.GraphTest" name="verifyCodeExecutionforGraphRepresentationPage" time="0.000">
    <skipped/>
  </testcase> <!-- verifyCodeExecutionforGraphRepresentationPage -->
  <system-out/>
  <testcase classname="dsAlgoTests.GraphTest" name="verifyCodeExecutionforGraphRepresentationPage" time="0.000">
    <skipped/>
  </testcase> <!-- verifyCodeExecutionforGraphRepresentationPage -->
  <system-out/>
  <testcase classname="dsAlgoTests.GraphTest" name="verifyCodeExecutionforGraphRepresentationPage" time="0.000">
    <skipped/>
  </testcase> <!-- verifyCodeExecutionforGraphRepresentationPage -->
  <system-out/>
  <testcase classname="dsAlgoTests.GraphTest" name="verifyCodeExecutionforGraphRepresentationPage" time="0.000">
    <skipped/>
  </testcase> <!-- verifyCodeExecutionforGraphRepresentationPage -->
  <system-out/>
  <testcase classname="dsAlgoTests.GraphTest" name="verifyCodeExecutionforGraphRepresentationPage" time="0.000">
    <skipped/>
  </testcase> <!-- verifyCodeExecutionforGraphRepresentationPage -->
  <system-out/>
  <testcase classname="dsAlgoTests.GraphTest" name="verifyCodeExecutionforGraphRepresentationPage" time="0.000">
    <skipped/>
  </testcase> <!-- verifyCodeExecutionforGraphRepresentationPage -->
  <system-out/>
  <testcase classname="dsAlgoTests.GraphTest" name="verifyCodeExecutionforGraphRepresentationPage" time="0.000">
    <skipped/>
  </testcase> <!-- verifyCodeExecutionforGraphRepresentationPage -->
  <system-out/>
  <testcase classname="dsAlgoTests.GraphTest" name="verifyCodeExecutionforGraphRepresentationPage" time="0.000">
    <skipped/>
  </testcase> <!-- verifyCodeExecutionforGraphRepresentationPage -->
  <system-out/>
  <testcase classname="dsAlgoTests.GraphTest" name="verifyCodeExecutionforGraphRepresentationPage" time="0.000">
    <skipped/>
  </testcase> <!-- verifyCodeExecutionforGraphRepresentationPage -->
  <system-out/>
  <testcase classname="dsAlgoTests.GraphTest" name="verifyCodeExecutionforGraphRepresentationPage" time="0.000">
    <skipped/>
  </testcase> <!-- verifyCodeExecutionforGraphRepresentationPage -->
  <system-out/>
  <testcase classname="dsAlgoTests.GraphTest" name="verifyCodeExecutionforGraphRepresentationPage" time="0.000">
    <skipped/>
  </testcase> <!-- verifyCodeExecutionforGraphRepresentationPage -->
  <system-out/>
  <testcase classname="dsAlgoTests.GraphTest" name="verifyCodeExecutionforGraphRepresentationPage" time="0.000">
    <skipped/>
  </testcase> <!-- verifyCodeExecutionforGraphRepresentationPage -->
  <system-out/>
  <testcase classname="dsAlgoTests.GraphTest" name="verifyCodeExecutionforGraphRepresentationPage" time="0.000">
    <skipped/>
  </testcase> <!-- verifyCodeExecutionforGraphRepresentationPage -->
  <system-out/>
  <testcase classname="dsAlgoTests.GraphTest" name="verifyCodeExecutionforGraphRepresentationPage" time="0.000">
    <skipped/>
  </testcase> <!-- verifyCodeExecutionforGraphRepresentationPage -->
  <system-out/>
  <testcase classname="dsAlgoTests.GraphTest" name="verifyCodeExecutionforGraphRepresentationPage" time="0.000">
    <skipped/>
  </testcase> <!-- verifyCodeExecutionforGraphRepresentationPage -->
  <system-out/>
  <testcase classname="dsAlgoTests.GraphTest" name="verifyCodeExecutionforGraphRepresentationPage" time="0.000">
    <skipped/>
  </testcase> <!-- verifyCodeExecutionforGraphRepresentationPage -->
  <system-out/>
  <testcase classname="dsAlgoTests.GraphTest" name="verifyCodeExecutionforGraphRepresentationPage" time="0.000">
    <skipped/>
  </testcase> <!-- verifyCodeExecutionforGraphRepresentationPage -->
  <system-out/>
  <testcase classname="dsAlgoTests.GraphTest" name="verifyCodeExecutionforGraphRepresentationPage" time="0.000">
    <skipped/>
  </testcase> <!-- verifyCodeExecutionforGraphRepresentationPage -->
  <system-out/>
  <testcase classname="dsAlgoTests.GraphTest" name="verifyCodeExecutionforGraphRepresentationPage" time="0.000">
    <skipped/>
  </testcase> <!-- verifyCodeExecutionforGraphRepresentationPage -->
  <system-out/>
  <testcase classname="dsAlgoTests.GraphTest" name="verifyCodeExecutionforGraphRepresentationPage" time="0.000">
    <skipped/>
  </testcase> <!-- verifyCodeExecutionforGraphRepresentationPage -->
  <system-out/>
  <testcase classname="dsAlgoTests.GraphTest" name="verifyCodeExecutionforGraphRepresentationPage" time="0.000">
    <skipped/>
  </testcase> <!-- verifyCodeExecutionforGraphRepresentationPage -->
  <system-out/>
  <testcase classname="dsAlgoTests.GraphTest" name="verifyCodeExecutionforGraphRepresentationPage" time="0.000">
    <skipped/>
  </testcase> <!-- verifyCodeExecutionforGraphRepresentationPage -->
  <system-out/>
  <testcase classname="dsAlgoTests.GraphTest" name="verifyCodeExecutionforGraphRepresentationPage" time="0.000">
    <skipped/>
  </testcase> <!-- verifyCodeExecutionforGraphRepresentationPage -->
  <system-out/>
  <testcase classname="dsAlgoTests.GraphTest" name="verifyCodeExecutionforGraphRepresentationPage" time="0.000">
    <skipped/>
  </testcase> <!-- verifyCodeExecutionforGraphRepresentationPage -->
  <system-out/>
  <testcase classname="dsAlgoTests.GraphTest" name="verifyCodeExecutionforGraphRepresentationPage" time="0.000">
    <skipped/>
  </testcase> <!-- verifyCodeExecutionforGraphRepresentationPage -->
  <system-out/>
  <testcase classname="dsAlgoTests.GraphTest" name="verifyCodeExecutionforGraphRepresentationPage" time="0.000">
    <skipped/>
  </testcase> <!-- verifyCodeExecutionforGraphRepresentationPage -->
  <system-out/>
  <testcase classname="dsAlgoTests.GraphTest" name="verifyCodeExecutionforGraphRepresentationPage" time="0.000">
    <skipped/>
  </testcase> <!-- verifyCodeExecutionforGraphRepresentationPage -->
  <system-out/>
  <testcase classname="dsAlgoTests.GraphTest" name="verifyCodeExecutionforGraphRepresentationPage" time="0.000">
    <skipped/>
  </testcase> <!-- verifyCodeExecutionforGraphRepresentationPage -->
  <system-out/>
  <testcase classname="dsAlgoTests.GraphTest" name="verifyCodeExecutionforGraphRepresentationPage" time="0.000">
    <skipped/>
  </testcase> <!-- verifyCodeExecutionforGraphRepresentationPage -->
  <system-out/>
  <testcase classname="dsAlgoTests.GraphTest" name="verifyCodeExecutionforGraphRepresentationPage" time="0.000">
    <skipped/>
  </testcase> <!-- verifyCodeExecutionforGraphRepresentationPage -->
  <system-out/>
  <testcase classname="dsAlgoTests.GraphTest" name="verifyCodeExecutionforGraphRepresentationPage" time="0.000">
    <skipped/>
  </testcase> <!-- verifyCodeExecutionforGraphRepresentationPage -->
  <system-out/>
  <testcase classname="dsAlgoTests.GraphTest" name="verifyCodeExecutionforGraphRepresentationPage" time="0.000">
    <skipped/>
  </testcase> <!-- verifyCodeExecutionforGraphRepresentationPage -->
  <system-out/>
  <testcase classname="dsAlgoTests.GraphTest" name="verifyCodeExecutionforGraphRepresentationPage" time="0.000">
    <skipped/>
  </testcase> <!-- verifyCodeExecutionforGraphRepresentationPage -->
  <system-out/>
  <testcase classname="dsAlgoTests.GraphTest" name="verifyCodeExecutionforGraphRepresentationPage" time="0.000">
    <skipped/>
  </testcase> <!-- verifyCodeExecutionforGraphRepresentationPage -->
  <system-out/>
  <testcase classname="dsAlgoTests.GraphTest" name="verifyCodeExecutionforGraphRepresentationPage" time="0.000">
    <skipped/>
  </testcase> <!-- verifyCodeExecutionforGraphRepresentationPage -->
  <system-out/>
  <testcase classname="dsAlgoTests.GraphTest" name="verifyCodeExecutionforGraphRepresentationPage" time="0.000">
    <skipped/>
  </testcase> <!-- verifyCodeExecutionforGraphRepresentationPage -->
  <system-out/>
  <testcase classname="dsAlgoTests.GraphTest" name="verifyCodeExecutionforGraphRepresentationPage" time="0.000">
    <skipped/>
  </testcase> <!-- verifyCodeExecutionforGraphRepresentationPage -->
  <system-out/>
  <testcase classname="dsAlgoTests.GraphTest" name="verifyCodeExecutionforGraphRepresentationPage" time="0.000">
    <skipped/>
  </testcase> <!-- verifyCodeExecutionforGraphRepresentationPage -->
  <system-out/>
  <testcase classname="dsAlgoTests.GraphTest" name="verifyCodeExecutionforGraphRepresentationPage" time="0.000">
    <skipped/>
  </testcase> <!-- verifyCodeExecutionforGraphRepresentationPage -->
  <system-out/>
  <testcase classname="dsAlgoTests.GraphTest" name="verifyCodeExecutionforGraphRepresentationPage" time="0.000">
    <skipped/>
  </testcase> <!-- verifyCodeExecutionforGraphRepresentationPage -->
  <system-out/>
  <testcase classname="dsAlgoTests.GraphTest" name="verifyCodeExecutionforGraphRepresentationPage" time="0.000">
    <skipped/>
  </testcase> <!-- verifyCodeExecutionforGraphRepresentationPage -->
  <system-out/>
  <testcase classname="dsAlgoTests.GraphTest" name="verifyCodeExecutionforGraphRepresentationPage" time="0.000">
    <skipped/>
  </testcase> <!-- verifyCodeExecutionforGraphRepresentationPage -->
  <system-out/>
  <testcase classname="dsAlgoTests.GraphTest" name="verifyCodeExecutionforGraphRepresentationPage" time="0.000">
    <skipped/>
  </testcase> <!-- verifyCodeExecutionforGraphRepresentationPage -->
  <system-out/>
  <testcase classname="dsAlgoTests.GraphTest" name="verifyCodeExecutionforGraphRepresentationPage" time="0.000">
    <skipped/>
  </testcase> <!-- verifyCodeExecutionforGraphRepresentationPage -->
  <system-out/>
  <testcase classname="dsAlgoTests.GraphTest" name="verifyCodeExecutionforGraphRepresentationPage" time="0.000">
    <skipped/>
  </testcase> <!-- verifyCodeExecutionforGraphRepresentationPage -->
  <system-out/>
  <testcase classname="dsAlgoTests.GraphTest" name="verifyCodeExecutionforGraphRepresentationPage" time="0.000">
    <skipped/>
  </testcase> <!-- verifyCodeExecutionforGraphRepresentationPage -->
  <system-out/>
  <testcase classname="dsAlgoTests.GraphTest" name="verifyCodeExecutionforGraphRepresentationPage" time="0.000">
    <skipped/>
  </testcase> <!-- verifyCodeExecutionforGraphRepresentationPage -->
  <system-out/>
  <testcase classname="dsAlgoTests.GraphTest" name="verifyCodeExecutionforGraphRepresentationPage" time="0.000">
    <skipped/>
  </testcase> <!-- verifyCodeExecutionforGraphRepresentationPage -->
  <system-out/>
  <testcase classname="dsAlgoTests.GraphTest" name="verifyCodeExecutionforGraphRepresentationPage" time="0.000">
    <skipped/>
  </testcase> <!-- verifyCodeExecutionforGraphRepresentationPage -->
  <system-out/>
  <testcase classname="dsAlgoTests.GraphTest" name="verifyCodeExecutionforGraphRepresentationPage" time="0.000">
    <skipped/>
  </testcase> <!-- verifyCodeExecutionforGraphRepresentationPage -->
  <system-out/>
  <testcase classname="dsAlgoTests.GraphTest" name="verifyCodeExecutionforGraphRepresentationPage" time="0.000">
    <skipped/>
  </testcase> <!-- verifyCodeExecutionforGraphRepresentationPage -->
  <system-out/>
  <testcase classname="dsAlgoTests.GraphTest" name="verifyCodeExecutionforGraphRepresentationPage" time="0.000">
    <skipped/>
  </testcase> <!-- verifyCodeExecutionforGraphRepresentationPage -->
  <system-out/>
  <testcase classname="dsAlgoTests.GraphTest" name="verifyCodeExecutionforGraphRepresentationPage" time="0.000">
    <skipped/>
  </testcase> <!-- verifyCodeExecutionforGraphRepresentationPage -->
  <system-out/>
  <testcase classname="dsAlgoTests.GraphTest" name="verifyCodeExecutionforGraphRepresentationPage" time="0.000">
    <skipped/>
  </testcase> <!-- verifyCodeExecutionforGraphRepresentationPage -->
  <system-out/>
  <testcase classname="dsAlgoTests.GraphTest" name="verifyCodeExecutionforGraphRepresentationPage" time="0.000">
    <skipped/>
  </testcase> <!-- verifyCodeExecutionforGraphRepresentationPage -->
  <system-out/>
  <testcase classname="dsAlgoTests.GraphTest" name="verifyCodeExecutionforGraphRepresentationPage" time="0.000">
    <skipped/>
  </testcase> <!-- verifyCodeExecutionforGraphRepresentationPage -->
  <system-out/>
  <testcase classname="dsAlgoTests.GraphTest" name="verifyCodeExecutionforGraphRepresentationPage" time="0.000">
    <skipped/>
  </testcase> <!-- verifyCodeExecutionforGraphRepresentationPage -->
  <system-out/>
  <testcase classname="dsAlgoTests.GraphTest" name="verifyCodeExecutionforGraphRepresentationPage" time="0.000">
    <skipped/>
  </testcase> <!-- verifyCodeExecutionforGraphRepresentationPage -->
  <system-out/>
  <testcase classname="dsAlgoTests.GraphTest" name="verifyCodeExecutionforGraphRepresentationPage" time="0.000">
    <skipped/>
  </testcase> <!-- verifyCodeExecutionforGraphRepresentationPage -->
  <system-out/>
  <testcase classname="dsAlgoTests.GraphTest" name="verifyCodeExecutionforGraphRepresentationPage" time="0.000">
    <skipped/>
  </testcase> <!-- verifyCodeExecutionforGraphRepresentationPage -->
  <system-out/>
  <testcase classname="dsAlgoTests.GraphTest" name="verifyCodeExecutionforGraphRepresentationPage" time="0.000">
    <skipped/>
  </testcase> <!-- verifyCodeExecutionforGraphRepresentationPage -->
  <system-out/>
  <testcase classname="dsAlgoTests.GraphTest" name="verifyCodeExecutionforGraphRepresentationPage" time="0.000">
    <skipped/>
  </testcase> <!-- verifyCodeExecutionforGraphRepresentationPage -->
  <system-out/>
  <testcase classname="dsAlgoTests.GraphTest" name="verifyCodeExecutionforGraphRepresentationPage" time="0.000">
    <skipped/>
  </testcase> <!-- verifyCodeExecutionforGraphRepresentationPage -->
  <system-out/>
  <testcase classname="dsAlgoTests.GraphTest" name="verifyCodeExecutionforGraphRepresentationPage" time="0.000">
    <skipped/>
  </testcase> <!-- verifyCodeExecutionforGraphRepresentationPage -->
  <system-out/>
  <testcase classname="dsAlgoTests.GraphTest" name="verifyCodeExecutionforGraphRepresentationPage" time="0.000">
    <skipped/>
  </testcase> <!-- verifyCodeExecutionforGraphRepresentationPage -->
  <system-out/>
  <testcase classname="dsAlgoTests.GraphTest" name="verifyCodeExecutionforGraphRepresentationPage" time="0.000">
    <skipped/>
  </testcase> <!-- verifyCodeExecutionforGraphRepresentationPage -->
  <system-out/>
  <testcase classname="dsAlgoTests.GraphTest" name="verifyCodeExecutionforGraphRepresentationPage" time="0.000">
    <skipped/>
  </testcase> <!-- verifyCodeExecutionforGraphRepresentationPage -->
  <system-out/>
  <testcase classname="dsAlgoTests.GraphTest" name="verifyCodeExecutionforGraphRepresentationPage" time="0.000">
    <skipped/>
  </testcase> <!-- verifyCodeExecutionforGraphRepresentationPage -->
  <system-out/>
  <testcase classname="dsAlgoTests.GraphTest" name="verifyCodeExecutionforGraphRepresentationPage" time="0.000">
    <skipped/>
  </testcase> <!-- verifyCodeExecutionforGraphRepresentationPage -->
  <system-out/>
  <testcase classname="dsAlgoTests.GraphTest" name="verifyCodeExecutionforGraphRepresentationPage" time="0.000">
    <skipped/>
  </testcase> <!-- verifyCodeExecutionforGraphRepresentationPage -->
  <system-out/>
  <testcase classname="dsAlgoTests.GraphTest" name="verifyCodeExecutionforGraphRepresentationPage" time="0.000">
    <skipped/>
  </testcase> <!-- verifyCodeExecutionforGraphRepresentationPage -->
  <system-out/>
  <testcase classname="dsAlgoTests.GraphTest" name="verifyCodeExecutionforGraphRepresentationPage" time="0.000">
    <skipped/>
  </testcase> <!-- verifyCodeExecutionforGraphRepresentationPage -->
  <system-out/>
  <testcase classname="dsAlgoTests.GraphTest" name="verifyCodeExecutionforGraphRepresentationPage" time="0.000">
    <skipped/>
  </testcase> <!-- verifyCodeExecutionforGraphRepresentationPage -->
  <system-out/>
  <testcase classname="dsAlgoTests.GraphTest" name="verifyCodeExecutionforGraphRepresentationPage" time="0.000">
    <skipped/>
  </testcase> <!-- verifyCodeExecutionforGraphRepresentationPage -->
  <system-out/>
  <testcase classname="dsAlgoTests.GraphTest" name="verifyCodeExecutionforGraphRepresentationPage" time="0.000">
    <skipped/>
  </testcase> <!-- verifyCodeExecutionforGraphRepresentationPage -->
  <system-out/>
  <testcase classname="dsAlgoTests.GraphTest" name="verifyCodeExecutionforGraphRepresentationPage" time="0.000">
    <skipped/>
  </testcase> <!-- verifyCodeExecutionforGraphRepresentationPage -->
  <system-out/>
  <testcase classname="dsAlgoTests.GraphTest" name="verifyCodeExecutionforGraphRepresentationPage" time="0.000">
    <skipped/>
  </testcase> <!-- verifyCodeExecutionforGraphRepresentationPage -->
  <system-out/>
  <testcase classname="dsAlgoTests.GraphTest" name="verifyCodeExecutionforGraphRepresentationPage" time="0.000">
    <skipped/>
  </testcase> <!-- verifyCodeExecutionforGraphRepresentationPage -->
  <system-out/>
  <testcase classname="dsAlgoTests.GraphTest" name="verifyCodeExecutionforGraphRepresentationPage" time="0.000">
    <skipped/>
  </testcase> <!-- verifyCodeExecutionforGraphRepresentationPage -->
  <system-out/>
  <testcase classname="dsAlgoTests.GraphTest" name="verifyCodeExecutionforGraphRepresentationPage" time="0.000">
    <skipped/>
  </testcase> <!-- verifyCodeExecutionforGraphRepresentationPage -->
  <system-out/>
  <testcase classname="dsAlgoTests.GraphTest" name="verifyCodeExecutionforGraphRepresentationPage" time="0.000">
    <skipped/>
  </testcase> <!-- verifyCodeExecutionforGraphRepresentationPage -->
  <system-out/>
  <testcase classname="dsAlgoTests.GraphTest" name="verifyCodeExecutionforGraphRepresentationPage" time="0.000">
    <skipped/>
  </testcase> <!-- verifyCodeExecutionforGraphRepresentationPage -->
  <system-out/>
  <testcase classname="dsAlgoTests.GraphTest" name="verifyCodeExecutionforGraphRepresentationPage" time="0.000">
    <skipped/>
  </testcase> <!-- verifyCodeExecutionforGraphRepresentationPage -->
  <system-out/>
  <testcase classname="dsAlgoTests.GraphTest" name="verifyCodeExecutionforGraphRepresentationPage" time="0.000">
    <skipped/>
  </testcase> <!-- verifyCodeExecutionforGraphRepresentationPage -->
  <system-out/>
  <testcase classname="dsAlgoTests.GraphTest" name="verifyCodeExecutionforGraphRepresentationPage" time="0.000">
    <skipped/>
  </testcase> <!-- verifyCodeExecutionforGraphRepresentationPage -->
  <system-out/>
  <testcase classname="dsAlgoTests.GraphTest" name="verifyCodeExecutionforGraphRepresentationPage" time="0.000">
    <skipped/>
  </testcase> <!-- verifyCodeExecutionforGraphRepresentationPage -->
  <system-out/>
  <testcase classname="dsAlgoTests.GraphTest" name="verifyCodeExecutionforGraphRepresentationPage" time="0.000">
    <skipped/>
  </testcase> <!-- verifyCodeExecutionforGraphRepresentationPage -->
  <system-out/>
  <testcase classname="dsAlgoTests.GraphTest" name="verifyCodeExecutionforGraphRepresentationPage" time="0.000">
    <skipped/>
  </testcase> <!-- verifyCodeExecutionforGraphRepresentationPage -->
  <system-out/>
  <testcase classname="dsAlgoTests.GraphTest" name="verifyCodeExecutionforGraphRepresentationPage" time="0.000">
    <skipped/>
  </testcase> <!-- verifyCodeExecutionforGraphRepresentationPage -->
  <system-out/>
  <testcase classname="dsAlgoTests.GraphTest" name="verifyCodeExecutionforGraphRepresentationPage" time="0.000">
    <skipped/>
  </testcase> <!-- verifyCodeExecutionforGraphRepresentationPage -->
  <system-out/>
  <testcase classname="dsAlgoTests.GraphTest" name="verifyCodeExecutionforGraphRepresentationPage" time="0.000">
    <skipped/>
  </testcase> <!-- verifyCodeExecutionforGraphRepresentationPage -->
  <system-out/>
  <testcase classname="dsAlgoTests.GraphTest" name="verifyCodeExecutionforGraphRepresentationPage" time="0.000">
    <skipped/>
  </testcase> <!-- verifyCodeExecutionforGraphRepresentationPage -->
  <system-out/>
  <testcase classname="dsAlgoTests.GraphTest" name="verifyCodeExecutionforGraphRepresentationPage" time="0.000">
    <skipped/>
  </testcase> <!-- verifyCodeExecutionforGraphRepresentationPage -->
  <system-out/>
  <testcase classname="dsAlgoTests.GraphTest" name="verifyCodeExecutionforGraphRepresentationPage" time="0.000">
    <skipped/>
  </testcase> <!-- verifyCodeExecutionforGraphRepresentationPage -->
  <system-out/>
  <testcase classname="dsAlgoTests.GraphTest" name="verifyCodeExecutionforGraphRepresentationPage" time="0.000">
    <skipped/>
  </testcase> <!-- verifyCodeExecutionforGraphRepresentationPage -->
  <system-out/>
  <testcase classname="dsAlgoTests.GraphTest" name="verifyCodeExecutionforGraphRepresentationPage" time="0.000">
    <skipped/>
  </testcase> <!-- verifyCodeExecutionforGraphRepresentationPage -->
  <system-out/>
  <testcase classname="dsAlgoTests.GraphTest" name="verifyCodeExecutionforGraphRepresentationPage" time="0.000">
    <skipped/>
  </testcase> <!-- verifyCodeExecutionforGraphRepresentationPage -->
  <system-out/>
  <testcase classname="dsAlgoTests.GraphTest" name="verifyCodeExecutionforGraphRepresentationPage" time="0.000">
    <skipped/>
  </testcase> <!-- verifyCodeExecutionforGraphRepresentationPage -->
  <system-out/>
  <testcase classname="dsAlgoTests.GraphTest" name="verifyCodeExecutionforGraphRepresentationPage" time="0.000">
    <skipped/>
  </testcase> <!-- verifyCodeExecutionforGraphRepresentationPage -->
  <system-out/>
  <testcase classname="dsAlgoTests.GraphTest" name="verifyCodeExecutionforGraphRepresentationPage" time="0.000">
    <skipped/>
  </testcase> <!-- verifyCodeExecutionforGraphRepresentationPage -->
  <system-out/>
  <testcase classname="dsAlgoTests.GraphTest" name="verifyCodeExecutionforGraphRepresentationPage" time="0.000">
    <skipped/>
  </testcase> <!-- verifyCodeExecutionforGraphRepresentationPage -->
  <system-out/>
  <testcase classname="dsAlgoTests.GraphTest" name="verifyCodeExecutionforGraphRepresentationPage" time="0.000">
    <skipped/>
  </testcase> <!-- verifyCodeExecutionforGraphRepresentationPage -->
  <system-out/>
  <testcase classname="dsAlgoTests.GraphTest" name="verifyCodeExecutionforGraphRepresentationPage" time="0.000">
    <skipped/>
  </testcase> <!-- verifyCodeExecutionforGraphRepresentationPage -->
  <system-out/>
  <testcase classname="dsAlgoTests.GraphTest" name="verifyCodeExecutionforGraphRepresentationPage" time="0.000">
    <skipped/>
  </testcase> <!-- verifyCodeExecutionforGraphRepresentationPage -->
  <system-out/>
  <testcase classname="dsAlgoTests.GraphTest" name="verifyCodeExecutionforGraphRepresentationPage" time="0.000">
    <skipped/>
  </testcase> <!-- verifyCodeExecutionforGraphRepresentationPage -->
  <system-out/>
  <testcase classname="dsAlgoTests.GraphTest" name="verifyCodeExecutionforGraphRepresentationPage" time="0.000">
    <skipped/>
  </testcase> <!-- verifyCodeExecutionforGraphRepresentationPage -->
  <system-out/>
  <testcase classname="dsAlgoTests.GraphTest" name="verifyCodeExecutionforGraphRepresentationPage" time="0.000">
    <skipped/>
  </testcase> <!-- verifyCodeExecutionforGraphRepresentationPage -->
  <system-out/>
  <testcase classname="dsAlgoTests.GraphTest" name="verifyCodeExecutionforGraphRepresentationPage" time="0.000">
    <skipped/>
  </testcase> <!-- verifyCodeExecutionforGraphRepresentationPage -->
  <system-out/>
  <testcase classname="dsAlgoTests.GraphTest" name="tearDownTest" time="0.010">
    <error message="no such window: target window already closed
from unknown error: web view not found
  (Session info: chrome=133.0.6943.53)
Build info: version: &#039;4.17.0&#039;, revision: &#039;e52b1be057*&#039;
System info: os.name: &#039;Windows 11&#039;, os.arch: &#039;amd64&#039;, os.version: &#039;10.0&#039;, java.version: &#039;21.0.3&#039;
Driver info: org.openqa.selenium.chrome.ChromeDriver
Command: [5328afe13828ac13ba6f2427913899c3, screenshot {}]
Capabilities {acceptInsecureCerts: false, browserName: chrome, browserVersion: 133.0.6943.53, chrome: {chromedriverVersion: 133.0.6943.53 (9a80935019b0..., userDataDir: C:\Users\sahan\AppData\Loca...}, fedcm:accounts: true, goog:chromeOptions: {debuggerAddress: localhost:64820}, networkConnectionEnabled: false, pageLoadStrategy: normal, platformName: windows, proxy: Proxy(), se:cdp: ws://localhost:64820/devtoo..., se:cdpVersion: 133.0.6943.53, setWindowRect: true, strictFileInteractability: false, timeouts: {implicit: 0, pageLoad: 300000, script: 30000}, unhandledPromptBehavior: dismiss and notify, webauthn:extension:credBlob: true, webauthn:extension:largeBlob: true, webauthn:extension:minPinLength: true, webauthn:extension:prf: true, webauthn:virtualAuthenticators: true}
Session ID: 5328afe13828ac13ba6f2427913899c3" type="org.openqa.selenium.NoSuchWindowException">
      <![CDATA[org.openqa.selenium.NoSuchWindowException: no such window: target window already closed
from unknown error: web view not found
  (Session info: chrome=133.0.6943.53)
Build info: version: '4.17.0', revision: 'e52b1be057*'
System info: os.name: 'Windows 11', os.arch: 'amd64', os.version: '10.0', java.version: '21.0.3'
Driver info: org.openqa.selenium.chrome.ChromeDriver
Command: [5328afe13828ac13ba6f2427913899c3, screenshot {}]
Capabilities {acceptInsecureCerts: false, browserName: chrome, browserVersion: 133.0.6943.53, chrome: {chromedriverVersion: 133.0.6943.53 (9a80935019b0..., userDataDir: C:\Users\sahan\AppData\Loca...}, fedcm:accounts: true, goog:chromeOptions: {debuggerAddress: localhost:64820}, networkConnectionEnabled: false, pageLoadStrategy: normal, platformName: windows, proxy: Proxy(), se:cdp: ws://localhost:64820/devtoo..., se:cdpVersion: 133.0.6943.53, setWindowRect: true, strictFileInteractability: false, timeouts: {implicit: 0, pageLoad: 300000, script: 30000}, unhandledPromptBehavior: dismiss and notify, webauthn:extension:credBlob: true, webauthn:extension:largeBlob: true, webauthn:extension:minPinLength: true, webauthn:extension:prf: true, webauthn:virtualAuthenticators: true}
Session ID: 5328afe13828ac13ba6f2427913899c3
at java.base/jdk.internal.reflect.DirectConstructorHandleAccessor.newInstance(DirectConstructorHandleAccessor.java:62)
at java.base/java.lang.reflect.Constructor.newInstanceWithCaller(Constructor.java:502)
at java.base/java.lang.reflect.Constructor.newInstance(Constructor.java:486)
at org.openqa.selenium.remote.codec.w3c.W3CHttpResponseCodec.createException(W3CHttpResponseCodec.java:185)
at org.openqa.selenium.remote.codec.w3c.W3CHttpResponseCodec.decode(W3CHttpResponseCodec.java:134)
at org.openqa.selenium.remote.codec.w3c.W3CHttpResponseCodec.decode(W3CHttpResponseCodec.java:51)
at org.openqa.selenium.remote.HttpCommandExecutor.execute(HttpCommandExecutor.java:190)
at org.openqa.selenium.remote.service.DriverCommandExecutor.invokeExecute(DriverCommandExecutor.java:216)
at org.openqa.selenium.remote.service.DriverCommandExecutor.execute(DriverCommandExecutor.java:174)
at org.openqa.selenium.remote.RemoteWebDriver.execute(RemoteWebDriver.java:519)
at org.openqa.selenium.remote.RemoteWebDriver.execute(RemoteWebDriver.java:592)
at org.openqa.selenium.remote.RemoteWebDriver.execute(RemoteWebDriver.java:596)
at org.openqa.selenium.remote.RemoteWebDriver.getScreenshotAs(RemoteWebDriver.java:322)
at dsAlgoHooks.Hooks.tearDownTest(Hooks.java:46)
at java.base/jdk.internal.reflect.DirectMethodHandleAccessor.invoke(DirectMethodHandleAccessor.java:103)
at java.base/java.lang.reflect.Method.invoke(Method.java:580)
at org.testng.internal.MethodInvocationHelper.invokeMethod(MethodInvocationHelper.java:133)
at org.testng.internal.MethodInvocationHelper.invokeMethodConsideringTimeout(MethodInvocationHelper.java:62)
at org.testng.internal.ConfigInvoker.invokeConfigurationMethod(ConfigInvoker.java:385)
at org.testng.internal.ConfigInvoker.invokeConfigurations(ConfigInvoker.java:321)
at org.testng.internal.TestInvoker.runConfigMethods(TestInvoker.java:700)
at org.testng.internal.TestInvoker.runAfterGroupsConfigurations(TestInvoker.java:676)
at org.testng.internal.TestInvoker.invokeMethod(TestInvoker.java:660)
at org.testng.internal.TestInvoker.invokeTestMethod(TestInvoker.java:173)
at org.testng.internal.MethodRunner.runInSequence(MethodRunner.java:46)
at org.testng.internal.TestInvoker$MethodInvocationAgent.invoke(TestInvoker.java:824)
at org.testng.internal.TestInvoker.invokeTestMethods(TestInvoker.java:146)
at org.testng.internal.TestMethodWorker.invokeTestMethods(TestMethodWorker.java:146)
at org.testng.internal.TestMethodWorker.run(TestMethodWorker.java:128)
at java.base/java.util.ArrayList.forEach(ArrayList.java:1596)
at org.testng.TestRunner.privateRun(TestRunner.java:794)
at org.testng.TestRunner.run(TestRunner.java:596)
at org.testng.SuiteRunner.runTest(SuiteRunner.java:377)
at org.testng.SuiteRunner.runSequentially(SuiteRunner.java:371)
at org.testng.SuiteRunner.privateRun(SuiteRunner.java:332)
at org.testng.SuiteRunner.run(SuiteRunner.java:276)
at org.testng.SuiteRunnerWorker.runSuite(SuiteRunnerWorker.java:53)
at org.testng.SuiteRunnerWorker.run(SuiteRunnerWorker.java:96)
at org.testng.TestNG.runSuitesSequentially(TestNG.java:1212)
at org.testng.TestNG.runSuitesLocally(TestNG.java:1134)
at org.testng.TestNG.runSuites(TestNG.java:1063)
at org.testng.TestNG.run(TestNG.java:1031)
at org.testng.remote.AbstractRemoteTestNG.run(AbstractRemoteTestNG.java:115)
at org.testng.remote.RemoteTestNG.initAndRun(RemoteTestNG.java:293)
at org.testng.remote.RemoteTestNG.main(RemoteTestNG.java:91)
]]>
    </error>
  </testcase> <!-- tearDownTest -->
  <system-out/>
  <testcase classname="dsAlgoTests.GraphTest" name="verifyCodeExecutionforGraphRepresentationPage" time="0.000">
    <skipped/>
  </testcase> <!-- verifyCodeExecutionforGraphRepresentationPage -->
  <system-out/>
  <testcase classname="dsAlgoTests.GraphTest" name="verifyCodeExecutionforGraphRepresentationPage" time="0.000">
    <skipped/>
  </testcase> <!-- verifyCodeExecutionforGraphRepresentationPage -->
  <system-out/>
  <testcase classname="dsAlgoTests.GraphTest" name="verifyCodeExecutionforGraphRepresentationPage" time="0.000">
    <skipped/>
  </testcase> <!-- verifyCodeExecutionforGraphRepresentationPage -->
  <system-out/>
  <testcase classname="dsAlgoTests.GraphTest" name="verifyCodeExecutionforGraphRepresentationPage" time="0.000">
    <skipped/>
  </testcase> <!-- verifyCodeExecutionforGraphRepresentationPage -->
  <system-out/>
  <testcase classname="dsAlgoTests.GraphTest" name="verifyCodeExecutionforGraphRepresentationPage" time="0.000">
    <skipped/>
  </testcase> <!-- verifyCodeExecutionforGraphRepresentationPage -->
  <system-out/>
  <testcase classname="dsAlgoTests.GraphTest" name="verifyCodeExecutionforGraphRepresentationPage" time="0.000">
    <skipped/>
  </testcase> <!-- verifyCodeExecutionforGraphRepresentationPage -->
  <system-out/>
  <testcase classname="dsAlgoTests.GraphTest" name="verifyCodeExecutionforGraphRepresentationPage" time="0.000">
    <skipped/>
  </testcase> <!-- verifyCodeExecutionforGraphRepresentationPage -->
  <system-out/>
  <testcase classname="dsAlgoTests.GraphTest" name="verifyCodeExecutionforGraphRepresentationPage" time="0.000">
    <skipped/>
  </testcase> <!-- verifyCodeExecutionforGraphRepresentationPage -->
  <system-out/>
  <testcase classname="dsAlgoTests.GraphTest" name="verifyCodeExecutionforGraphRepresentationPage" time="0.000">
    <skipped/>
  </testcase> <!-- verifyCodeExecutionforGraphRepresentationPage -->
  <system-out/>
  <testcase classname="dsAlgoTests.GraphTest" name="verifyCodeExecutionforGraphRepresentationPage" time="0.000">
    <skipped/>
  </testcase> <!-- verifyCodeExecutionforGraphRepresentationPage -->
  <system-out/>
  <testcase classname="dsAlgoTests.GraphTest" name="verifyCodeExecutionforGraphRepresentationPage" time="0.000">
    <skipped/>
  </testcase> <!-- verifyCodeExecutionforGraphRepresentationPage -->
  <system-out/>
  <testcase classname="dsAlgoTests.GraphTest" name="verifyCodeExecutionforGraphRepresentationPage" time="0.000">
    <skipped/>
  </testcase> <!-- verifyCodeExecutionforGraphRepresentationPage -->
  <system-out/>
  <testcase classname="dsAlgoTests.GraphTest" name="verifyCodeExecutionforGraphRepresentationPage" time="0.000">
    <skipped/>
  </testcase> <!-- verifyCodeExecutionforGraphRepresentationPage -->
  <system-out/>
  <testcase classname="dsAlgoTests.GraphTest" name="verifyCodeExecutionforGraphRepresentationPage" time="0.000">
    <skipped/>
  </testcase> <!-- verifyCodeExecutionforGraphRepresentationPage -->
  <system-out/>
  <testcase classname="dsAlgoTests.GraphTest" name="verifyCodeExecutionforGraphRepresentationPage" time="0.000">
    <skipped/>
  </testcase> <!-- verifyCodeExecutionforGraphRepresentationPage -->
  <system-out/>
  <testcase classname="dsAlgoTests.GraphTest" name="verifyCodeExecutionforGraphRepresentationPage" time="0.000">
    <skipped/>
  </testcase> <!-- verifyCodeExecutionforGraphRepresentationPage -->
  <system-out/>
  <testcase classname="dsAlgoTests.GraphTest" name="verifyCodeExecutionforGraphRepresentationPage" time="0.000">
    <skipped/>
  </testcase> <!-- verifyCodeExecutionforGraphRepresentationPage -->
  <system-out/>
  <testcase classname="dsAlgoTests.GraphTest" name="verifyCodeExecutionforGraphRepresentationPage" time="0.000">
    <skipped/>
  </testcase> <!-- verifyCodeExecutionforGraphRepresentationPage -->
  <system-out/>
  <testcase classname="dsAlgoTests.GraphTest" name="verifyCodeExecutionforGraphRepresentationPage" time="0.000">
    <skipped/>
  </testcase> <!-- verifyCodeExecutionforGraphRepresentationPage -->
  <system-out/>
  <testcase classname="dsAlgoTests.GraphTest" name="verifyCodeExecutionforGraphRepresentationPage" time="0.000">
    <skipped/>
  </testcase> <!-- verifyCodeExecutionforGraphRepresentationPage -->
  <system-out/>
  <testcase classname="dsAlgoTests.GraphTest" name="verifyCodeExecutionforGraphRepresentationPage" time="0.000">
    <skipped/>
  </testcase> <!-- verifyCodeExecutionforGraphRepresentationPage -->
  <system-out/>
  <testcase classname="dsAlgoTests.GraphTest" name="verifyCodeExecutionforGraphRepresentationPage" time="0.000">
    <skipped/>
  </testcase> <!-- verifyCodeExecutionforGraphRepresentationPage -->
  <system-out/>
  <testcase classname="dsAlgoTests.GraphTest" name="verifyCodeExecutionforGraphRepresentationPage" time="0.000">
    <skipped/>
  </testcase> <!-- verifyCodeExecutionforGraphRepresentationPage -->
  <system-out/>
  <testcase classname="dsAlgoTests.GraphTest" name="verifyCodeExecutionforGraphRepresentationPage" time="0.000">
    <skipped/>
  </testcase> <!-- verifyCodeExecutionforGraphRepresentationPage -->
  <system-out/>
  <testcase classname="dsAlgoTests.GraphTest" name="verifyCodeExecutionforGraphRepresentationPage" time="0.000">
    <skipped/>
  </testcase> <!-- verifyCodeExecutionforGraphRepresentationPage -->
  <system-out/>
  <testcase classname="dsAlgoTests.GraphTest" name="verifyCodeExecutionforGraphRepresentationPage" time="0.000">
    <skipped/>
  </testcase> <!-- verifyCodeExecutionforGraphRepresentationPage -->
  <system-out/>
  <testcase classname="dsAlgoTests.GraphTest" name="verifyCodeExecutionforGraphRepresentationPage" time="0.000">
    <skipped/>
  </testcase> <!-- verifyCodeExecutionforGraphRepresentationPage -->
  <system-out/>
  <testcase classname="dsAlgoTests.GraphTest" name="verifyCodeExecutionforGraphRepresentationPage" time="0.000">
    <skipped/>
  </testcase> <!-- verifyCodeExecutionforGraphRepresentationPage -->
  <system-out/>
  <testcase classname="dsAlgoTests.GraphTest" name="verifyCodeExecutionforGraphRepresentationPage" time="0.000">
    <skipped/>
  </testcase> <!-- verifyCodeExecutionforGraphRepresentationPage -->
  <system-out/>
  <testcase classname="dsAlgoTests.GraphTest" name="verifyCodeExecutionforGraphRepresentationPage" time="0.000">
    <skipped/>
  </testcase> <!-- verifyCodeExecutionforGraphRepresentationPage -->
  <system-out/>
  <testcase classname="dsAlgoTests.GraphTest" name="verifyCodeExecutionforGraphRepresentationPage" time="0.000">
    <skipped/>
  </testcase> <!-- verifyCodeExecutionforGraphRepresentationPage -->
  <system-out/>
  <testcase classname="dsAlgoTests.GraphTest" name="verifyCodeExecutionforGraphRepresentationPage" time="0.000">
    <skipped/>
  </testcase> <!-- verifyCodeExecutionforGraphRepresentationPage -->
  <system-out/>
  <testcase classname="dsAlgoTests.GraphTest" name="verifyCodeExecutionforGraphRepresentationPage" time="0.000">
    <skipped/>
  </testcase> <!-- verifyCodeExecutionforGraphRepresentationPage -->
  <system-out/>
  <testcase classname="dsAlgoTests.GraphTest" name="verifyCodeExecutionforGraphRepresentationPage" time="0.000">
    <skipped/>
  </testcase> <!-- verifyCodeExecutionforGraphRepresentationPage -->
  <system-out/>
  <testcase classname="dsAlgoTests.GraphTest" name="verifyCodeExecutionforGraphRepresentationPage" time="0.000">
    <skipped/>
  </testcase> <!-- verifyCodeExecutionforGraphRepresentationPage -->
  <system-out/>
  <testcase classname="dsAlgoTests.GraphTest" name="verifyCodeExecutionforGraphRepresentationPage" time="0.000">
    <skipped/>
  </testcase> <!-- verifyCodeExecutionforGraphRepresentationPage -->
  <system-out/>
  <testcase classname="dsAlgoTests.GraphTest" name="verifyCodeExecutionforGraphRepresentationPage" time="0.000">
    <skipped/>
  </testcase> <!-- verifyCodeExecutionforGraphRepresentationPage -->
  <system-out/>
  <testcase classname="dsAlgoTests.GraphTest" name="verifyCodeExecutionforGraphRepresentationPage" time="0.000">
    <skipped/>
  </testcase> <!-- verifyCodeExecutionforGraphRepresentationPage -->
  <system-out/>
  <testcase classname="dsAlgoTests.GraphTest" name="verifyCodeExecutionforGraphRepresentationPage" time="0.000">
    <skipped/>
  </testcase> <!-- verifyCodeExecutionforGraphRepresentationPage -->
  <system-out/>
  <testcase classname="dsAlgoTests.GraphTest" name="verifyCodeExecutionforGraphRepresentationPage" time="0.000">
    <skipped/>
  </testcase> <!-- verifyCodeExecutionforGraphRepresentationPage -->
  <system-out/>
  <testcase classname="dsAlgoTests.GraphTest" name="verifyCodeExecutionforGraphRepresentationPage" time="0.000">
    <skipped/>
  </testcase> <!-- verifyCodeExecutionforGraphRepresentationPage -->
  <system-out/>
  <testcase classname="dsAlgoTests.GraphTest" name="verifyCodeExecutionforGraphRepresentationPage" time="0.000">
    <skipped/>
  </testcase> <!-- verifyCodeExecutionforGraphRepresentationPage -->
  <system-out/>
  <testcase classname="dsAlgoTests.GraphTest" name="verifyCodeExecutionforGraphRepresentationPage" time="0.000">
    <skipped/>
  </testcase> <!-- verifyCodeExecutionforGraphRepresentationPage -->
  <system-out/>
  <testcase classname="dsAlgoTests.GraphTest" name="verifyCodeExecutionforGraphRepresentationPage" time="0.000">
    <skipped/>
  </testcase> <!-- verifyCodeExecutionforGraphRepresentationPage -->
  <system-out/>
  <testcase classname="dsAlgoTests.GraphTest" name="verifyCodeExecutionforGraphRepresentationPage" time="0.000">
    <skipped/>
  </testcase> <!-- verifyCodeExecutionforGraphRepresentationPage -->
  <system-out/>
  <testcase classname="dsAlgoTests.GraphTest" name="verifyCodeExecutionforGraphRepresentationPage" time="0.000">
    <skipped/>
  </testcase> <!-- verifyCodeExecutionforGraphRepresentationPage -->
  <system-out/>
  <testcase classname="dsAlgoTests.GraphTest" name="verifyCodeExecutionforGraphRepresentationPage" time="0.000">
    <skipped/>
  </testcase> <!-- verifyCodeExecutionforGraphRepresentationPage -->
  <system-out/>
  <testcase classname="dsAlgoTests.GraphTest" name="verifyCodeExecutionforGraphRepresentationPage" time="0.000">
    <skipped/>
  </testcase> <!-- verifyCodeExecutionforGraphRepresentationPage -->
  <system-out/>
  <testcase classname="dsAlgoTests.GraphTest" name="verifyCodeExecutionforGraphRepresentationPage" time="0.000">
    <skipped/>
  </testcase> <!-- verifyCodeExecutionforGraphRepresentationPage -->
  <system-out/>
  <testcase classname="dsAlgoTests.GraphTest" name="verifyCodeExecutionforGraphRepresentationPage" time="0.000">
    <skipped/>
  </testcase> <!-- verifyCodeExecutionforGraphRepresentationPage -->
  <system-out/>
  <testcase classname="dsAlgoTests.GraphTest" name="verifyCodeExecutionforGraphRepresentationPage" time="0.000">
    <skipped/>
  </testcase> <!-- verifyCodeExecutionforGraphRepresentationPage -->
  <system-out/>
  <testcase classname="dsAlgoTests.GraphTest" name="verifyCodeExecutionforGraphRepresentationPage" time="0.000">
    <skipped/>
  </testcase> <!-- verifyCodeExecutionforGraphRepresentationPage -->
  <system-out/>
  <testcase classname="dsAlgoTests.GraphTest" name="verifyCodeExecutionforGraphRepresentationPage" time="0.000">
    <skipped/>
  </testcase> <!-- verifyCodeExecutionforGraphRepresentationPage -->
  <system-out/>
  <testcase classname="dsAlgoTests.GraphTest" name="verifyCodeExecutionforGraphRepresentationPage" time="0.000">
    <skipped/>
  </testcase> <!-- verifyCodeExecutionforGraphRepresentationPage -->
  <system-out/>
  <testcase classname="dsAlgoTests.GraphTest" name="verifyCodeExecutionforGraphRepresentationPage" time="0.000">
    <skipped/>
  </testcase> <!-- verifyCodeExecutionforGraphRepresentationPage -->
  <system-out/>
  <testcase classname="dsAlgoTests.GraphTest" name="verifyCodeExecutionforGraphRepresentationPage" time="0.000">
    <skipped/>
  </testcase> <!-- verifyCodeExecutionforGraphRepresentationPage -->
  <system-out/>
  <testcase classname="dsAlgoTests.GraphTest" name="verifyCodeExecutionforGraphRepresentationPage" time="0.000">
    <skipped/>
  </testcase> <!-- verifyCodeExecutionforGraphRepresentationPage -->
  <system-out/>
  <testcase classname="dsAlgoTests.GraphTest" name="verifyCodeExecutionforGraphRepresentationPage" time="0.000">
    <skipped/>
  </testcase> <!-- verifyCodeExecutionforGraphRepresentationPage -->
  <system-out/>
  <testcase classname="dsAlgoTests.GraphTest" name="verifyCodeExecutionforGraphRepresentationPage" time="0.000">
    <skipped/>
  </testcase> <!-- verifyCodeExecutionforGraphRepresentationPage -->
  <system-out/>
  <testcase classname="dsAlgoTests.GraphTest" name="verifyCodeExecutionforGraphRepresentationPage" time="0.000">
    <skipped/>
  </testcase> <!-- verifyCodeExecutionforGraphRepresentationPage -->
  <system-out/>
  <testcase classname="dsAlgoTests.GraphTest" name="verifyCodeExecutionforGraphRepresentationPage" time="0.000">
    <skipped/>
  </testcase> <!-- verifyCodeExecutionforGraphRepresentationPage -->
  <system-out/>
  <testcase classname="dsAlgoTests.GraphTest" name="verifyCodeExecutionforGraphRepresentationPage" time="0.000">
    <skipped/>
  </testcase> <!-- verifyCodeExecutionforGraphRepresentationPage -->
  <system-out/>
  <testcase classname="dsAlgoTests.GraphTest" name="verifyCodeExecutionforGraphRepresentationPage" time="0.000">
    <skipped/>
  </testcase> <!-- verifyCodeExecutionforGraphRepresentationPage -->
  <system-out/>
  <testcase classname="dsAlgoTests.GraphTest" name="verifyCodeExecutionforGraphRepresentationPage" time="0.000">
    <skipped/>
  </testcase> <!-- verifyCodeExecutionforGraphRepresentationPage -->
  <system-out/>
  <testcase classname="dsAlgoTests.GraphTest" name="verifyCodeExecutionforGraphRepresentationPage" time="0.000">
    <skipped/>
  </testcase> <!-- verifyCodeExecutionforGraphRepresentationPage -->
  <system-out/>
  <testcase classname="dsAlgoTests.GraphTest" name="verifyCodeExecutionforGraphRepresentationPage" time="0.000">
    <skipped/>
  </testcase> <!-- verifyCodeExecutionforGraphRepresentationPage -->
  <system-out/>
  <testcase classname="dsAlgoTests.GraphTest" name="verifyCodeExecutionforGraphRepresentationPage" time="0.000">
    <skipped/>
  </testcase> <!-- verifyCodeExecutionforGraphRepresentationPage -->
  <system-out/>
  <testcase classname="dsAlgoTests.GraphTest" name="verifyCodeExecutionforGraphRepresentationPage" time="0.000">
    <skipped/>
  </testcase> <!-- verifyCodeExecutionforGraphRepresentationPage -->
  <system-out/>
  <testcase classname="dsAlgoTests.GraphTest" name="verifyCodeExecutionforGraphRepresentationPage" time="0.000">
    <skipped/>
  </testcase> <!-- verifyCodeExecutionforGraphRepresentationPage -->
  <system-out/>
  <testcase classname="dsAlgoTests.GraphTest" name="verifyCodeExecutionforGraphRepresentationPage" time="0.000">
    <skipped/>
  </testcase> <!-- verifyCodeExecutionforGraphRepresentationPage -->
  <system-out/>
  <testcase classname="dsAlgoTests.GraphTest" name="verifyCodeExecutionforGraphRepresentationPage" time="0.000">
    <skipped/>
  </testcase> <!-- verifyCodeExecutionforGraphRepresentationPage -->
  <system-out/>
  <testcase classname="dsAlgoTests.GraphTest" name="verifyCodeExecutionforGraphRepresentationPage" time="0.000">
    <skipped/>
  </testcase> <!-- verifyCodeExecutionforGraphRepresentationPage -->
  <system-out/>
  <testcase classname="dsAlgoTests.GraphTest" name="verifyCodeExecutionforGraphRepresentationPage" time="0.000">
    <skipped/>
  </testcase> <!-- verifyCodeExecutionforGraphRepresentationPage -->
  <system-out/>
  <testcase classname="dsAlgoTests.GraphTest" name="verifyCodeExecutionforGraphRepresentationPage" time="0.000">
    <skipped/>
  </testcase> <!-- verifyCodeExecutionforGraphRepresentationPage -->
  <system-out/>
  <testcase classname="dsAlgoTests.GraphTest" name="verifyCodeExecutionforGraphRepresentationPage" time="0.000">
    <skipped/>
  </testcase> <!-- verifyCodeExecutionforGraphRepresentationPage -->
  <system-out/>
  <testcase classname="dsAlgoTests.GraphTest" name="verifyCodeExecutionforGraphRepresentationPage" time="0.000">
    <skipped/>
  </testcase> <!-- verifyCodeExecutionforGraphRepresentationPage -->
  <system-out/>
  <testcase classname="dsAlgoTests.GraphTest" name="verifyCodeExecutionforGraphRepresentationPage" time="0.000">
    <skipped/>
  </testcase> <!-- verifyCodeExecutionforGraphRepresentationPage -->
  <system-out/>
  <testcase classname="dsAlgoTests.GraphTest" name="verifyCodeExecutionforGraphRepresentationPage" time="0.000">
    <skipped/>
  </testcase> <!-- verifyCodeExecutionforGraphRepresentationPage -->
  <system-out/>
  <testcase classname="dsAlgoTests.GraphTest" name="verifyCodeExecutionforGraphRepresentationPage" time="0.000">
    <skipped/>
  </testcase> <!-- verifyCodeExecutionforGraphRepresentationPage -->
  <system-out/>
  <testcase classname="dsAlgoTests.GraphTest" name="verifyCodeExecutionforGraphRepresentationPage" time="0.000">
    <skipped/>
  </testcase> <!-- verifyCodeExecutionforGraphRepresentationPage -->
  <system-out/>
  <testcase classname="dsAlgoTests.GraphTest" name="verifyCodeExecutionforGraphRepresentationPage" time="0.000">
    <skipped/>
  </testcase> <!-- verifyCodeExecutionforGraphRepresentationPage -->
  <system-out/>
  <testcase classname="dsAlgoTests.GraphTest" name="verifyCodeExecutionforGraphRepresentationPage" time="0.000">
    <skipped/>
  </testcase> <!-- verifyCodeExecutionforGraphRepresentationPage -->
  <system-out/>
  <testcase classname="dsAlgoTests.GraphTest" name="verifyCodeExecutionforGraphRepresentationPage" time="0.000">
    <skipped/>
  </testcase> <!-- verifyCodeExecutionforGraphRepresentationPage -->
  <system-out/>
  <testcase classname="dsAlgoTests.GraphTest" name="verifyCodeExecutionforGraphRepresentationPage" time="0.000">
    <skipped/>
  </testcase> <!-- verifyCodeExecutionforGraphRepresentationPage -->
  <system-out/>
  <testcase classname="dsAlgoTests.GraphTest" name="verifyCodeExecutionforGraphRepresentationPage" time="0.000">
    <skipped/>
  </testcase> <!-- verifyCodeExecutionforGraphRepresentationPage -->
  <system-out/>
  <testcase classname="dsAlgoTests.GraphTest" name="verifyCodeExecutionforGraphRepresentationPage" time="0.000">
    <skipped/>
  </testcase> <!-- verifyCodeExecutionforGraphRepresentationPage -->
  <system-out/>
  <testcase classname="dsAlgoTests.GraphTest" name="verifyCodeExecutionforGraphRepresentationPage" time="0.000">
    <skipped/>
  </testcase> <!-- verifyCodeExecutionforGraphRepresentationPage -->
  <system-out/>
  <testcase classname="dsAlgoTests.GraphTest" name="verifyCodeExecutionforGraphRepresentationPage" time="0.000">
    <skipped/>
  </testcase> <!-- verifyCodeExecutionforGraphRepresentationPage -->
  <system-out/>
  <testcase classname="dsAlgoTests.GraphTest" name="verifyCodeExecutionforGraphRepresentationPage" time="0.000">
    <skipped/>
  </testcase> <!-- verifyCodeExecutionforGraphRepresentationPage -->
  <system-out/>
  <testcase classname="dsAlgoTests.GraphTest" name="verifyCodeExecutionforGraphRepresentationPage" time="0.000">
    <skipped/>
  </testcase> <!-- verifyCodeExecutionforGraphRepresentationPage -->
  <system-out/>
  <testcase classname="dsAlgoTests.GraphTest" name="verifyCodeExecutionforGraphRepresentationPage" time="0.000">
    <skipped/>
  </testcase> <!-- verifyCodeExecutionforGraphRepresentationPage -->
  <system-out/>
  <testcase classname="dsAlgoTests.GraphTest" name="verifyCodeExecutionforGraphRepresentationPage" time="0.000">
    <skipped/>
  </testcase> <!-- verifyCodeExecutionforGraphRepresentationPage -->
  <system-out/>
  <testcase classname="dsAlgoTests.GraphTest" name="verifyCodeExecutionforGraphRepresentationPage" time="0.000">
    <skipped/>
  </testcase> <!-- verifyCodeExecutionforGraphRepresentationPage -->
  <system-out/>
  <testcase classname="dsAlgoTests.GraphTest" name="verifyCodeExecutionforGraphRepresentationPage" time="0.000">
    <skipped/>
  </testcase> <!-- verifyCodeExecutionforGraphRepresentationPage -->
  <system-out/>
  <testcase classname="dsAlgoTests.GraphTest" name="verifyCodeExecutionforGraphRepresentationPage" time="0.000">
    <skipped/>
  </testcase> <!-- verifyCodeExecutionforGraphRepresentationPage -->
  <system-out/>
  <testcase classname="dsAlgoTests.GraphTest" name="verifyCodeExecutionforGraphRepresentationPage" time="0.000">
    <skipped/>
  </testcase> <!-- verifyCodeExecutionforGraphRepresentationPage -->
  <system-out/>
  <testcase classname="dsAlgoTests.GraphTest" name="verifyCodeExecutionforGraphRepresentationPage" time="0.000">
    <skipped/>
  </testcase> <!-- verifyCodeExecutionforGraphRepresentationPage -->
  <system-out/>
  <testcase classname="dsAlgoTests.GraphTest" name="verifyCodeExecutionforGraphRepresentationPage" time="0.000">
    <skipped/>
  </testcase> <!-- verifyCodeExecutionforGraphRepresentationPage -->
  <system-out/>
  <testcase classname="dsAlgoTests.GraphTest" name="verifyCodeExecutionforGraphRepresentationPage" time="0.000">
    <skipped/>
  </testcase> <!-- verifyCodeExecutionforGraphRepresentationPage -->
  <system-out/>
  <testcase classname="dsAlgoTests.GraphTest" name="verifyCodeExecutionforGraphRepresentationPage" time="0.000">
    <skipped/>
  </testcase> <!-- verifyCodeExecutionforGraphRepresentationPage -->
  <system-out/>
  <testcase classname="dsAlgoTests.GraphTest" name="verifyCodeExecutionforGraphRepresentationPage" time="0.000">
    <skipped/>
  </testcase> <!-- verifyCodeExecutionforGraphRepresentationPage -->
  <system-out/>
  <testcase classname="dsAlgoTests.GraphTest" name="verifyCodeExecutionforGraphRepresentationPage" time="0.000">
    <skipped/>
  </testcase> <!-- verifyCodeExecutionforGraphRepresentationPage -->
  <system-out/>
  <testcase classname="dsAlgoTests.GraphTest" name="verifyCodeExecutionforGraphRepresentationPage" time="0.000">
    <skipped/>
  </testcase> <!-- verifyCodeExecutionforGraphRepresentationPage -->
  <system-out/>
  <testcase classname="dsAlgoTests.GraphTest" name="verifyCodeExecutionforGraphRepresentationPage" time="0.000">
    <skipped/>
  </testcase> <!-- verifyCodeExecutionforGraphRepresentationPage -->
  <system-out/>
  <testcase classname="dsAlgoTests.GraphTest" name="verifyCodeExecutionforGraphRepresentationPage" time="0.000">
    <skipped/>
  </testcase> <!-- verifyCodeExecutionforGraphRepresentationPage -->
  <system-out/>
  <testcase classname="dsAlgoTests.GraphTest" name="verifyCodeExecutionforGraphRepresentationPage" time="0.000">
    <skipped/>
  </testcase> <!-- verifyCodeExecutionforGraphRepresentationPage -->
  <system-out/>
  <testcase classname="dsAlgoTests.GraphTest" name="verifyCodeExecutionforGraphRepresentationPage" time="0.000">
    <skipped/>
  </testcase> <!-- verifyCodeExecutionforGraphRepresentationPage -->
  <system-out/>
  <testcase classname="dsAlgoTests.GraphTest" name="verifyCodeExecutionforGraphRepresentationPage" time="0.000">
    <skipped/>
  </testcase> <!-- verifyCodeExecutionforGraphRepresentationPage -->
  <system-out/>
  <testcase classname="dsAlgoTests.GraphTest" name="verifyCodeExecutionforGraphRepresentationPage" time="0.000">
    <skipped/>
  </testcase> <!-- verifyCodeExecutionforGraphRepresentationPage -->
  <system-out/>
  <testcase classname="dsAlgoTests.GraphTest" name="verifyCodeExecutionforGraphRepresentationPage" time="0.000">
    <skipped/>
  </testcase> <!-- verifyCodeExecutionforGraphRepresentationPage -->
  <system-out/>
  <testcase classname="dsAlgoTests.GraphTest" name="verifyCodeExecutionforGraphRepresentationPage" time="0.000">
    <skipped/>
  </testcase> <!-- verifyCodeExecutionforGraphRepresentationPage -->
  <system-out/>
  <testcase classname="dsAlgoTests.GraphTest" name="verifyCodeExecutionforGraphRepresentationPage" time="0.000">
    <skipped/>
  </testcase> <!-- verifyCodeExecutionforGraphRepresentationPage -->
  <system-out/>
  <testcase classname="dsAlgoTests.GraphTest" name="verifyCodeExecutionforGraphRepresentationPage" time="0.000">
    <skipped/>
  </testcase> <!-- verifyCodeExecutionforGraphRepresentationPage -->
  <system-out/>
  <testcase classname="dsAlgoTests.GraphTest" name="verifyCodeExecutionforGraphRepresentationPage" time="0.000">
    <skipped/>
  </testcase> <!-- verifyCodeExecutionforGraphRepresentationPage -->
  <system-out/>
  <testcase classname="dsAlgoTests.GraphTest" name="verifyCodeExecutionforGraphRepresentationPage" time="0.000">
    <skipped/>
  </testcase> <!-- verifyCodeExecutionforGraphRepresentationPage -->
  <system-out/>
  <testcase classname="dsAlgoTests.GraphTest" name="verifyCodeExecutionforGraphRepresentationPage" time="0.000">
    <skipped/>
  </testcase> <!-- verifyCodeExecutionforGraphRepresentationPage -->
  <system-out/>
  <testcase classname="dsAlgoTests.GraphTest" name="verifyCodeExecutionforGraphRepresentationPage" time="0.000">
    <skipped/>
  </testcase> <!-- verifyCodeExecutionforGraphRepresentationPage -->
  <system-out/>
  <testcase classname="dsAlgoTests.GraphTest" name="verifyCodeExecutionforGraphRepresentationPage" time="0.000">
    <skipped/>
  </testcase> <!-- verifyCodeExecutionforGraphRepresentationPage -->
  <system-out/>
  <testcase classname="dsAlgoTests.GraphTest" name="verifyCodeExecutionforGraphRepresentationPage" time="0.000">
    <skipped/>
  </testcase> <!-- verifyCodeExecutionforGraphRepresentationPage -->
  <system-out/>
  <testcase classname="dsAlgoTests.GraphTest" name="verifyCodeExecutionforGraphRepresentationPage" time="0.000">
    <skipped/>
  </testcase> <!-- verifyCodeExecutionforGraphRepresentationPage -->
  <system-out/>
  <testcase classname="dsAlgoTests.GraphTest" name="verifyCodeExecutionforGraphRepresentationPage" time="0.000">
    <skipped/>
  </testcase> <!-- verifyCodeExecutionforGraphRepresentationPage -->
  <system-out/>
  <testcase classname="dsAlgoTests.GraphTest" name="verifyCodeExecutionforGraphRepresentationPage" time="0.000">
    <skipped/>
  </testcase> <!-- verifyCodeExecutionforGraphRepresentationPage -->
  <system-out/>
  <testcase classname="dsAlgoTests.GraphTest" name="verifyCodeExecutionforGraphRepresentationPage" time="0.000">
    <skipped/>
  </testcase> <!-- verifyCodeExecutionforGraphRepresentationPage -->
  <system-out/>
  <testcase classname="dsAlgoTests.GraphTest" name="verifyCodeExecutionforGraphRepresentationPage" time="0.000">
    <skipped/>
  </testcase> <!-- verifyCodeExecutionforGraphRepresentationPage -->
  <system-out/>
  <testcase classname="dsAlgoTests.GraphTest" name="verifyCodeExecutionforGraphRepresentationPage" time="0.000">
    <skipped/>
  </testcase> <!-- verifyCodeExecutionforGraphRepresentationPage -->
  <system-out/>
  <testcase classname="dsAlgoTests.GraphTest" name="verifyCodeExecutionforGraphRepresentationPage" time="0.000">
    <skipped/>
  </testcase> <!-- verifyCodeExecutionforGraphRepresentationPage -->
  <system-out/>
  <testcase classname="dsAlgoTests.GraphTest" name="verifyCodeExecutionforGraphRepresentationPage" time="0.000">
    <skipped/>
  </testcase> <!-- verifyCodeExecutionforGraphRepresentationPage -->
  <system-out/>
  <testcase classname="dsAlgoTests.GraphTest" name="verifyCodeExecutionforGraphRepresentationPage" time="0.000">
    <skipped/>
  </testcase> <!-- verifyCodeExecutionforGraphRepresentationPage -->
  <system-out/>
  <testcase classname="dsAlgoTests.GraphTest" name="verifyCodeExecutionforGraphRepresentationPage" time="0.000">
    <skipped/>
  </testcase> <!-- verifyCodeExecutionforGraphRepresentationPage -->
  <system-out/>
  <testcase classname="dsAlgoTests.GraphTest" name="verifyCodeExecutionforGraphRepresentationPage" time="0.000">
    <skipped/>
  </testcase> <!-- verifyCodeExecutionforGraphRepresentationPage -->
  <system-out/>
  <testcase classname="dsAlgoTests.GraphTest" name="verifyCodeExecutionforGraphRepresentationPage" time="0.000">
    <skipped/>
  </testcase> <!-- verifyCodeExecutionforGraphRepresentationPage -->
  <system-out/>
  <testcase classname="dsAlgoTests.GraphTest" name="verifyCodeExecutionforGraphRepresentationPage" time="0.000">
    <skipped/>
  </testcase> <!-- verifyCodeExecutionforGraphRepresentationPage -->
  <system-out/>
  <testcase classname="dsAlgoTests.GraphTest" name="verifyCodeExecutionforGraphRepresentationPage" time="0.000">
    <skipped/>
  </testcase> <!-- verifyCodeExecutionforGraphRepresentationPage -->
  <system-out/>
  <testcase classname="dsAlgoTests.GraphTest" name="verifyCodeExecutionforGraphRepresentationPage" time="0.000">
    <skipped/>
  </testcase> <!-- verifyCodeExecutionforGraphRepresentationPage -->
  <system-out/>
  <testcase classname="dsAlgoTests.GraphTest" name="verifyCodeExecutionforGraphRepresentationPage" time="0.000">
    <skipped/>
  </testcase> <!-- verifyCodeExecutionforGraphRepresentationPage -->
  <system-out/>
  <testcase classname="dsAlgoTests.GraphTest" name="verifyCodeExecutionforGraphRepresentationPage" time="0.000">
    <skipped/>
  </testcase> <!-- verifyCodeExecutionforGraphRepresentationPage -->
  <system-out/>
  <testcase classname="dsAlgoTests.GraphTest" name="verifyCodeExecutionforGraphRepresentationPage" time="0.000">
    <skipped/>
  </testcase> <!-- verifyCodeExecutionforGraphRepresentationPage -->
  <system-out/>
  <testcase classname="dsAlgoTests.GraphTest" name="verifyCodeExecutionforGraphRepresentationPage" time="0.000">
    <skipped/>
  </testcase> <!-- verifyCodeExecutionforGraphRepresentationPage -->
  <system-out/>
  <testcase classname="dsAlgoTests.GraphTest" name="verifyCodeExecutionforGraphRepresentationPage" time="0.000">
    <skipped/>
  </testcase> <!-- verifyCodeExecutionforGraphRepresentationPage -->
  <system-out/>
  <testcase classname="dsAlgoTests.GraphTest" name="verifyCodeExecutionforGraphRepresentationPage" time="0.000">
    <skipped/>
  </testcase> <!-- verifyCodeExecutionforGraphRepresentationPage -->
  <system-out/>
  <testcase classname="dsAlgoTests.GraphTest" name="verifyCodeExecutionforGraphRepresentationPage" time="0.000">
    <skipped/>
  </testcase> <!-- verifyCodeExecutionforGraphRepresentationPage -->
  <system-out/>
  <testcase classname="dsAlgoTests.GraphTest" name="verifyCodeExecutionforGraphRepresentationPage" time="0.000">
    <skipped/>
  </testcase> <!-- verifyCodeExecutionforGraphRepresentationPage -->
  <system-out/>
  <testcase classname="dsAlgoTests.GraphTest" name="verifyCodeExecutionforGraphRepresentationPage" time="0.000">
    <skipped/>
  </testcase> <!-- verifyCodeExecutionforGraphRepresentationPage -->
  <system-out/>
  <testcase classname="dsAlgoTests.GraphTest" name="verifyCodeExecutionforGraphRepresentationPage" time="0.000">
    <skipped/>
  </testcase> <!-- verifyCodeExecutionforGraphRepresentationPage -->
  <system-out/>
  <testcase classname="dsAlgoTests.GraphTest" name="verifyCodeExecutionforGraphRepresentationPage" time="0.000">
    <skipped/>
  </testcase> <!-- verifyCodeExecutionforGraphRepresentationPage -->
  <system-out/>
  <testcase classname="dsAlgoTests.GraphTest" name="verifyCodeExecutionforGraphRepresentationPage" time="0.000">
    <skipped/>
  </testcase> <!-- verifyCodeExecutionforGraphRepresentationPage -->
  <system-out/>
  <testcase classname="dsAlgoTests.GraphTest" name="verifyCodeExecutionforGraphRepresentationPage" time="0.000">
    <skipped/>
  </testcase> <!-- verifyCodeExecutionforGraphRepresentationPage -->
  <system-out/>
  <testcase classname="dsAlgoTests.GraphTest" name="verifyCodeExecutionforGraphRepresentationPage" time="0.000">
    <skipped/>
  </testcase> <!-- verifyCodeExecutionforGraphRepresentationPage -->
  <system-out/>
  <testcase classname="dsAlgoTests.GraphTest" name="verifyCodeExecutionforGraphRepresentationPage" time="0.000">
    <skipped/>
  </testcase> <!-- verifyCodeExecutionforGraphRepresentationPage -->
  <system-out/>
  <testcase classname="dsAlgoTests.GraphTest" name="verifyCodeExecutionforGraphRepresentationPage" time="0.000">
    <skipped/>
  </testcase> <!-- verifyCodeExecutionforGraphRepresentationPage -->
  <system-out/>
  <testcase classname="dsAlgoTests.GraphTest" name="verifyCodeExecutionforGraphRepresentationPage" time="0.000">
    <skipped/>
  </testcase> <!-- verifyCodeExecutionforGraphRepresentationPage -->
  <system-out/>
  <testcase classname="dsAlgoTests.GraphTest" name="verifyCodeExecutionforGraphRepresentationPage" time="0.000">
    <skipped/>
  </testcase> <!-- verifyCodeExecutionforGraphRepresentationPage -->
  <system-out/>
  <testcase classname="dsAlgoTests.GraphTest" name="verifyCodeExecutionforGraphRepresentationPage" time="0.000">
    <skipped/>
  </testcase> <!-- verifyCodeExecutionforGraphRepresentationPage -->
  <system-out/>
  <testcase classname="dsAlgoTests.GraphTest" name="verifyCodeExecutionforGraphRepresentationPage" time="0.000">
    <skipped/>
  </testcase> <!-- verifyCodeExecutionforGraphRepresentationPage -->
  <system-out/>
  <testcase classname="dsAlgoTests.GraphTest" name="verifyCodeExecutionforGraphRepresentationPage" time="0.000">
    <skipped/>
  </testcase> <!-- verifyCodeExecutionforGraphRepresentationPage -->
  <system-out/>
  <testcase classname="dsAlgoTests.GraphTest" name="verifyCodeExecutionforGraphRepresentationPage" time="0.000">
    <skipped/>
  </testcase> <!-- verifyCodeExecutionforGraphRepresentationPage -->
  <system-out/>
  <testcase classname="dsAlgoTests.GraphTest" name="verifyCodeExecutionforGraphRepresentationPage" time="0.000">
    <skipped/>
  </testcase> <!-- verifyCodeExecutionforGraphRepresentationPage -->
  <system-out/>
  <testcase classname="dsAlgoTests.GraphTest" name="verifyCodeExecutionforGraphRepresentationPage" time="0.000">
    <skipped/>
  </testcase> <!-- verifyCodeExecutionforGraphRepresentationPage -->
  <system-out/>
  <testcase classname="dsAlgoTests.GraphTest" name="verifyCodeExecutionforGraphRepresentationPage" time="0.000">
    <skipped/>
  </testcase> <!-- verifyCodeExecutionforGraphRepresentationPage -->
  <system-out/>
  <testcase classname="dsAlgoTests.GraphTest" name="verifyCodeExecutionforGraphRepresentationPage" time="0.000">
    <skipped/>
  </testcase> <!-- verifyCodeExecutionforGraphRepresentationPage -->
  <system-out/>
  <testcase classname="dsAlgoTests.GraphTest" name="verifyCodeExecutionforGraphRepresentationPage" time="0.000">
    <skipped/>
  </testcase> <!-- verifyCodeExecutionforGraphRepresentationPage -->
  <system-out/>
  <testcase classname="dsAlgoTests.GraphTest" name="verifyCodeExecutionforGraphRepresentationPage" time="0.000">
    <skipped/>
  </testcase> <!-- verifyCodeExecutionforGraphRepresentationPage -->
  <system-out/>
  <testcase classname="dsAlgoTests.GraphTest" name="verifyCodeExecutionforGraphRepresentationPage" time="0.000">
    <skipped/>
  </testcase> <!-- verifyCodeExecutionforGraphRepresentationPage -->
  <system-out/>
  <testcase classname="dsAlgoTests.GraphTest" name="verifyCodeExecutionforGraphRepresentationPage" time="0.000">
    <skipped/>
  </testcase> <!-- verifyCodeExecutionforGraphRepresentationPage -->
  <system-out/>
  <testcase classname="dsAlgoTests.GraphTest" name="verifyCodeExecutionforGraphRepresentationPage" time="0.000">
    <skipped/>
  </testcase> <!-- verifyCodeExecutionforGraphRepresentationPage -->
  <system-out/>
  <testcase classname="dsAlgoTests.GraphTest" name="verifyCodeExecutionforGraphRepresentationPage" time="0.000">
    <skipped/>
  </testcase> <!-- verifyCodeExecutionforGraphRepresentationPage -->
  <system-out/>
  <testcase classname="dsAlgoTests.GraphTest" name="verifyCodeExecutionforGraphRepresentationPage" time="0.000">
    <skipped/>
  </testcase> <!-- verifyCodeExecutionforGraphRepresentationPage -->
  <system-out/>
  <testcase classname="dsAlgoTests.GraphTest" name="verifyCodeExecutionforGraphRepresentationPage" time="0.000">
    <skipped/>
  </testcase> <!-- verifyCodeExecutionforGraphRepresentationPage -->
  <system-out/>
  <testcase classname="dsAlgoTests.GraphTest" name="verifyCodeExecutionforGraphRepresentationPage" time="0.000">
    <skipped/>
  </testcase> <!-- verifyCodeExecutionforGraphRepresentationPage -->
  <system-out/>
  <testcase classname="dsAlgoTests.GraphTest" name="verifyCodeExecutionforGraphRepresentationPage" time="0.000">
    <skipped/>
  </testcase> <!-- verifyCodeExecutionforGraphRepresentationPage -->
  <system-out/>
  <testcase classname="dsAlgoTests.GraphTest" name="verifyCodeExecutionforGraphRepresentationPage" time="0.000">
    <skipped/>
  </testcase> <!-- verifyCodeExecutionforGraphRepresentationPage -->
  <system-out/>
  <testcase classname="dsAlgoTests.GraphTest" name="verifyCodeExecutionforGraphRepresentationPage" time="0.000">
    <skipped/>
  </testcase> <!-- verifyCodeExecutionforGraphRepresentationPage -->
  <system-out/>
  <testcase classname="dsAlgoTests.GraphTest" name="verifyCodeExecutionforGraphRepresentationPage" time="0.000">
    <skipped/>
  </testcase> <!-- verifyCodeExecutionforGraphRepresentationPage -->
  <system-out/>
  <testcase classname="dsAlgoTests.GraphTest" name="verifyCodeExecutionforGraphRepresentationPage" time="0.000">
    <skipped/>
  </testcase> <!-- verifyCodeExecutionforGraphRepresentationPage -->
  <system-out/>
  <testcase classname="dsAlgoTests.GraphTest" name="verifyCodeExecutionforGraphRepresentationPage" time="0.000">
    <skipped/>
  </testcase> <!-- verifyCodeExecutionforGraphRepresentationPage -->
  <system-out/>
  <testcase classname="dsAlgoTests.GraphTest" name="verifyCodeExecutionforGraphRepresentationPage" time="0.000">
    <skipped/>
  </testcase> <!-- verifyCodeExecutionforGraphRepresentationPage -->
  <system-out/>
  <testcase classname="dsAlgoTests.GraphTest" name="verifyCodeExecutionforGraphRepresentationPage" time="0.000">
    <skipped/>
  </testcase> <!-- verifyCodeExecutionforGraphRepresentationPage -->
  <system-out/>
  <testcase classname="dsAlgoTests.GraphTest" name="verifyCodeExecutionforGraphRepresentationPage" time="0.000">
    <skipped/>
  </testcase> <!-- verifyCodeExecutionforGraphRepresentationPage -->
  <system-out/>
  <testcase classname="dsAlgoTests.GraphTest" name="verifyCodeExecutionforGraphRepresentationPage" time="0.000">
    <skipped/>
  </testcase> <!-- verifyCodeExecutionforGraphRepresentationPage -->
  <system-out/>
  <testcase classname="dsAlgoTests.GraphTest" name="verifyCodeExecutionforGraphRepresentationPage" time="0.000">
    <skipped/>
  </testcase> <!-- verifyCodeExecutionforGraphRepresentationPage -->
  <system-out/>
  <testcase classname="dsAlgoTests.GraphTest" name="verifyCodeExecutionforGraphRepresentationPage" time="0.000">
    <skipped/>
  </testcase> <!-- verifyCodeExecutionforGraphRepresentationPage -->
  <system-out/>
  <testcase classname="dsAlgoTests.GraphTest" name="verifyCodeExecutionforGraphRepresentationPage" time="0.000">
    <skipped/>
  </testcase> <!-- verifyCodeExecutionforGraphRepresentationPage -->
  <system-out/>
  <testcase classname="dsAlgoTests.GraphTest" name="verifyCodeExecutionforGraphRepresentationPage" time="0.000">
    <skipped/>
  </testcase> <!-- verifyCodeExecutionforGraphRepresentationPage -->
  <system-out/>
  <testcase classname="dsAlgoTests.GraphTest" name="verifyCodeExecutionforGraphRepresentationPage" time="0.000">
    <skipped/>
  </testcase> <!-- verifyCodeExecutionforGraphRepresentationPage -->
  <system-out/>
  <testcase classname="dsAlgoTests.GraphTest" name="verifyCodeExecutionforGraphRepresentationPage" time="0.000">
    <skipped/>
  </testcase> <!-- verifyCodeExecutionforGraphRepresentationPage -->
  <system-out/>
  <testcase classname="dsAlgoTests.GraphTest" name="verifyCodeExecutionforGraphRepresentationPage" time="0.000">
    <skipped/>
  </testcase> <!-- verifyCodeExecutionforGraphRepresentationPage -->
  <system-out/>
  <testcase classname="dsAlgoTests.GraphTest" name="verifyCodeExecutionforGraphRepresentationPage" time="0.000">
    <skipped/>
  </testcase> <!-- verifyCodeExecutionforGraphRepresentationPage -->
  <system-out/>
  <testcase classname="dsAlgoTests.GraphTest" name="verifyCodeExecutionforGraphRepresentationPage" time="0.000">
    <skipped/>
  </testcase> <!-- verifyCodeExecutionforGraphRepresentationPage -->
  <system-out/>
  <testcase classname="dsAlgoTests.GraphTest" name="verifyCodeExecutionforGraphRepresentationPage" time="0.000">
    <skipped/>
  </testcase> <!-- verifyCodeExecutionforGraphRepresentationPage -->
  <system-out/>
  <testcase classname="dsAlgoTests.GraphTest" name="verifyCodeExecutionforGraphRepresentationPage" time="0.000">
    <skipped/>
  </testcase> <!-- verifyCodeExecutionforGraphRepresentationPage -->
  <system-out/>
  <testcase classname="dsAlgoTests.GraphTest" name="verifyCodeExecutionforGraphRepresentationPage" time="0.000">
    <skipped/>
  </testcase> <!-- verifyCodeExecutionforGraphRepresentationPage -->
  <system-out/>
  <testcase classname="dsAlgoTests.GraphTest" name="verifyCodeExecutionforGraphRepresentationPage" time="0.000">
    <skipped/>
  </testcase> <!-- verifyCodeExecutionforGraphRepresentationPage -->
  <system-out/>
  <testcase classname="dsAlgoTests.GraphTest" name="verifyCodeExecutionforGraphRepresentationPage" time="0.000">
    <skipped/>
  </testcase> <!-- verifyCodeExecutionforGraphRepresentationPage -->
  <system-out/>
  <testcase classname="dsAlgoTests.GraphTest" name="verifyCodeExecutionforGraphRepresentationPage" time="0.000">
    <skipped/>
  </testcase> <!-- verifyCodeExecutionforGraphRepresentationPage -->
  <system-out/>
  <testcase classname="dsAlgoTests.GraphTest" name="verifyCodeExecutionforGraphRepresentationPage" time="0.000">
    <skipped/>
  </testcase> <!-- verifyCodeExecutionforGraphRepresentationPage -->
  <system-out/>
  <testcase classname="dsAlgoTests.GraphTest" name="verifyCodeExecutionforGraphRepresentationPage" time="0.000">
    <skipped/>
  </testcase> <!-- verifyCodeExecutionforGraphRepresentationPage -->
  <system-out/>
  <testcase classname="dsAlgoTests.GraphTest" name="verifyCodeExecutionforGraphRepresentationPage" time="0.000">
    <skipped/>
  </testcase> <!-- verifyCodeExecutionforGraphRepresentationPage -->
  <system-out/>
  <testcase classname="dsAlgoTests.GraphTest" name="verifyCodeExecutionforGraphRepresentationPage" time="0.000">
    <skipped/>
  </testcase> <!-- verifyCodeExecutionforGraphRepresentationPage -->
  <system-out/>
  <testcase classname="dsAlgoTests.GraphTest" name="verifyCodeExecutionforGraphRepresentationPage" time="0.000">
    <skipped/>
  </testcase> <!-- verifyCodeExecutionforGraphRepresentationPage -->
  <system-out/>
  <testcase classname="dsAlgoTests.GraphTest" name="verifyCodeExecutionforGraphRepresentationPage" time="0.000">
    <skipped/>
  </testcase> <!-- verifyCodeExecutionforGraphRepresentationPage -->
  <system-out/>
  <testcase classname="dsAlgoTests.GraphTest" name="verifyCodeExecutionforGraphRepresentationPage" time="0.000">
    <skipped/>
  </testcase> <!-- verifyCodeExecutionforGraphRepresentationPage -->
  <system-out/>
  <testcase classname="dsAlgoTests.GraphTest" name="verifyCodeExecutionforGraphRepresentationPage" time="0.000">
    <skipped/>
  </testcase> <!-- verifyCodeExecutionforGraphRepresentationPage -->
  <system-out/>
  <testcase classname="dsAlgoTests.GraphTest" name="verifyCodeExecutionforGraphRepresentationPage" time="0.000">
    <skipped/>
  </testcase> <!-- verifyCodeExecutionforGraphRepresentationPage -->
  <system-out/>
  <testcase classname="dsAlgoTests.GraphTest" name="verifyCodeExecutionforGraphRepresentationPage" time="0.000">
    <skipped/>
  </testcase> <!-- verifyCodeExecutionforGraphRepresentationPage -->
  <system-out/>
  <testcase classname="dsAlgoTests.GraphTest" name="verifyCodeExecutionforGraphRepresentationPage" time="0.000">
    <skipped/>
  </testcase> <!-- verifyCodeExecutionforGraphRepresentationPage -->
  <system-out/>
  <testcase classname="dsAlgoTests.GraphTest" name="verifyCodeExecutionforGraphRepresentationPage" time="0.000">
    <skipped/>
  </testcase> <!-- verifyCodeExecutionforGraphRepresentationPage -->
  <system-out/>
  <testcase classname="dsAlgoTests.GraphTest" name="verifyCodeExecutionforGraphRepresentationPage" time="0.000">
    <skipped/>
  </testcase> <!-- verifyCodeExecutionforGraphRepresentationPage -->
  <system-out/>
  <testcase classname="dsAlgoTests.GraphTest" name="verifyCodeExecutionforGraphRepresentationPage" time="0.000">
    <skipped/>
  </testcase> <!-- verifyCodeExecutionforGraphRepresentationPage -->
  <system-out/>
  <testcase classname="dsAlgoTests.GraphTest" name="verifyCodeExecutionforGraphRepresentationPage" time="0.000">
    <skipped/>
  </testcase> <!-- verifyCodeExecutionforGraphRepresentationPage -->
  <system-out/>
  <testcase classname="dsAlgoTests.GraphTest" name="verifyCodeExecutionforGraphRepresentationPage" time="0.000">
    <skipped/>
  </testcase> <!-- verifyCodeExecutionforGraphRepresentationPage -->
  <system-out/>
  <testcase classname="dsAlgoTests.GraphTest" name="verifyCodeExecutionforGraphRepresentationPage" time="0.000">
    <skipped/>
  </testcase> <!-- verifyCodeExecutionforGraphRepresentationPage -->
  <system-out/>
  <testcase classname="dsAlgoTests.GraphTest" name="verifyCodeExecutionforGraphRepresentationPage" time="0.000">
    <skipped/>
  </testcase> <!-- verifyCodeExecutionforGraphRepresentationPage -->
  <system-out/>
  <testcase classname="dsAlgoTests.GraphTest" name="verifyCodeExecutionforGraphRepresentationPage" time="0.000">
    <skipped/>
  </testcase> <!-- verifyCodeExecutionforGraphRepresentationPage -->
  <system-out/>
  <testcase classname="dsAlgoTests.GraphTest" name="verifyCodeExecutionforGraphRepresentationPage" time="0.000">
    <skipped/>
  </testcase> <!-- verifyCodeExecutionforGraphRepresentationPage -->
  <system-out/>
  <testcase classname="dsAlgoTests.GraphTest" name="verifyCodeExecutionforGraphRepresentationPage" time="0.000">
    <skipped/>
  </testcase> <!-- verifyCodeExecutionforGraphRepresentationPage -->
  <system-out/>
  <testcase classname="dsAlgoTests.GraphTest" name="verifyCodeExecutionforGraphRepresentationPage" time="0.000">
    <skipped/>
  </testcase> <!-- verifyCodeExecutionforGraphRepresentationPage -->
  <system-out/>
  <testcase classname="dsAlgoTests.GraphTest" name="verifyCodeExecutionforGraphRepresentationPage" time="0.000">
    <skipped/>
  </testcase> <!-- verifyCodeExecutionforGraphRepresentationPage -->
  <system-out/>
  <testcase classname="dsAlgoTests.GraphTest" name="verifyCodeExecutionforGraphRepresentationPage" time="0.000">
    <skipped/>
  </testcase> <!-- verifyCodeExecutionforGraphRepresentationPage -->
  <system-out/>
  <testcase classname="dsAlgoTests.GraphTest" name="verifyCodeExecutionforGraphRepresentationPage" time="0.000">
    <skipped/>
  </testcase> <!-- verifyCodeExecutionforGraphRepresentationPage -->
  <system-out/>
  <testcase classname="dsAlgoTests.GraphTest" name="verifyCodeExecutionforGraphRepresentationPage" time="0.000">
    <skipped/>
  </testcase> <!-- verifyCodeExecutionforGraphRepresentationPage -->
  <system-out/>
  <testcase classname="dsAlgoTests.GraphTest" name="verifyCodeExecutionforGraphRepresentationPage" time="0.000">
    <skipped/>
  </testcase> <!-- verifyCodeExecutionforGraphRepresentationPage -->
  <system-out/>
  <testcase classname="dsAlgoTests.GraphTest" name="verifyCodeExecutionforGraphRepresentationPage" time="0.000">
    <skipped/>
  </testcase> <!-- verifyCodeExecutionforGraphRepresentationPage -->
  <system-out/>
  <testcase classname="dsAlgoTests.GraphTest" name="verifyCodeExecutionforGraphRepresentationPage" time="0.000">
    <skipped/>
  </testcase> <!-- verifyCodeExecutionforGraphRepresentationPage -->
  <system-out/>
  <testcase classname="dsAlgoTests.GraphTest" name="verifyCodeExecutionforGraphRepresentationPage" time="0.000">
    <skipped/>
  </testcase> <!-- verifyCodeExecutionforGraphRepresentationPage -->
  <system-out/>
  <testcase classname="dsAlgoTests.GraphTest" name="verifyCodeExecutionforGraphRepresentationPage" time="0.000">
    <skipped/>
  </testcase> <!-- verifyCodeExecutionforGraphRepresentationPage -->
  <system-out/>
  <testcase classname="dsAlgoTests.GraphTest" name="verifyCodeExecutionforGraphRepresentationPage" time="0.000">
    <skipped/>
  </testcase> <!-- verifyCodeExecutionforGraphRepresentationPage -->
  <system-out/>
  <testcase classname="dsAlgoTests.GraphTest" name="verifyCodeExecutionforGraphRepresentationPage" time="0.000">
    <skipped/>
  </testcase> <!-- verifyCodeExecutionforGraphRepresentationPage -->
  <system-out/>
  <testcase classname="dsAlgoTests.GraphTest" name="verifyCodeExecutionforGraphRepresentationPage" time="0.000">
    <skipped/>
  </testcase> <!-- verifyCodeExecutionforGraphRepresentationPage -->
  <system-out/>
  <testcase classname="dsAlgoTests.GraphTest" name="verifyCodeExecutionforGraphRepresentationPage" time="0.000">
    <skipped/>
  </testcase> <!-- verifyCodeExecutionforGraphRepresentationPage -->
  <system-out/>
  <testcase classname="dsAlgoTests.GraphTest" name="verifyCodeExecutionforGraphRepresentationPage" time="0.000">
    <skipped/>
  </testcase> <!-- verifyCodeExecutionforGraphRepresentationPage -->
  <system-out/>
  <testcase classname="dsAlgoTests.GraphTest" name="verifyCodeExecutionforGraphRepresentationPage" time="0.000">
    <skipped/>
  </testcase> <!-- verifyCodeExecutionforGraphRepresentationPage -->
  <system-out/>
  <testcase classname="dsAlgoTests.GraphTest" name="verifyCodeExecutionforGraphRepresentationPage" time="0.000">
    <skipped/>
  </testcase> <!-- verifyCodeExecutionforGraphRepresentationPage -->
  <system-out/>
  <testcase classname="dsAlgoTests.GraphTest" name="verifyCodeExecutionforGraphRepresentationPage" time="0.000">
    <skipped/>
  </testcase> <!-- verifyCodeExecutionforGraphRepresentationPage -->
  <system-out/>
  <testcase classname="dsAlgoTests.GraphTest" name="verifyCodeExecutionforGraphRepresentationPage" time="0.000">
    <skipped/>
  </testcase> <!-- verifyCodeExecutionforGraphRepresentationPage -->
  <system-out/>
  <testcase classname="dsAlgoTests.GraphTest" name="verifyCodeExecutionforGraphRepresentationPage" time="0.000">
    <skipped/>
  </testcase> <!-- verifyCodeExecutionforGraphRepresentationPage -->
  <system-out/>
  <testcase classname="dsAlgoTests.GraphTest" name="verifyCodeExecutionforGraphRepresentationPage" time="0.000">
    <skipped/>
  </testcase> <!-- verifyCodeExecutionforGraphRepresentationPage -->
  <system-out/>
  <testcase classname="dsAlgoTests.GraphTest" name="verifyCodeExecutionforGraphRepresentationPage" time="0.000">
    <skipped/>
  </testcase> <!-- verifyCodeExecutionforGraphRepresentationPage -->
  <system-out/>
  <testcase classname="dsAlgoTests.GraphTest" name="verifyCodeExecutionforGraphRepresentationPage" time="0.000">
    <skipped/>
  </testcase> <!-- verifyCodeExecutionforGraphRepresentationPage -->
  <system-out/>
  <testcase classname="dsAlgoTests.GraphTest" name="verifyCodeExecutionforGraphRepresentationPage" time="0.000">
    <skipped/>
  </testcase> <!-- verifyCodeExecutionforGraphRepresentationPage -->
  <system-out/>
  <testcase classname="dsAlgoTests.GraphTest" name="verifyCodeExecutionforGraphRepresentationPage" time="0.000">
    <skipped/>
  </testcase> <!-- verifyCodeExecutionforGraphRepresentationPage -->
  <system-out/>
  <testcase classname="dsAlgoTests.GraphTest" name="verifyCodeExecutionforGraphRepresentationPage" time="0.000">
    <skipped/>
  </testcase> <!-- verifyCodeExecutionforGraphRepresentationPage -->
  <system-out/>
  <testcase classname="dsAlgoTests.GraphTest" name="verifyCodeExecutionforGraphRepresentationPage" time="0.000">
    <skipped/>
  </testcase> <!-- verifyCodeExecutionforGraphRepresentationPage -->
  <system-out/>
  <testcase classname="dsAlgoTests.GraphTest" name="verifyCodeExecutionforGraphRepresentationPage" time="0.000">
    <skipped/>
  </testcase> <!-- verifyCodeExecutionforGraphRepresentationPage -->
  <system-out/>
  <testcase classname="dsAlgoTests.GraphTest" name="verifyCodeExecutionforGraphRepresentationPage" time="0.000">
    <skipped/>
  </testcase> <!-- verifyCodeExecutionforGraphRepresentationPage -->
  <system-out/>
  <testcase classname="dsAlgoTests.GraphTest" name="verifyCodeExecutionforGraphRepresentationPage" time="0.000">
    <skipped/>
  </testcase> <!-- verifyCodeExecutionforGraphRepresentationPage -->
  <system-out/>
  <testcase classname="dsAlgoTests.GraphTest" name="verifyCodeExecutionforGraphRepresentationPage" time="0.000">
    <skipped/>
  </testcase> <!-- verifyCodeExecutionforGraphRepresentationPage -->
  <system-out/>
  <testcase classname="dsAlgoTests.GraphTest" name="verifyCodeExecutionforGraphRepresentationPage" time="0.000">
    <skipped/>
  </testcase> <!-- verifyCodeExecutionforGraphRepresentationPage -->
  <system-out/>
  <testcase classname="dsAlgoTests.GraphTest" name="verifyCodeExecutionforGraphRepresentationPage" time="0.000">
    <skipped/>
  </testcase> <!-- verifyCodeExecutionforGraphRepresentationPage -->
  <system-out/>
  <testcase classname="dsAlgoTests.GraphTest" name="verifyCodeExecutionforGraphRepresentationPage" time="0.000">
    <skipped/>
  </testcase> <!-- verifyCodeExecutionforGraphRepresentationPage -->
  <system-out/>
  <testcase classname="dsAlgoTests.GraphTest" name="verifyCodeExecutionforGraphRepresentationPage" time="0.000">
    <skipped/>
  </testcase> <!-- verifyCodeExecutionforGraphRepresentationPage -->
  <system-out/>
  <testcase classname="dsAlgoTests.GraphTest" name="verifyCodeExecutionforGraphRepresentationPage" time="0.000">
    <skipped/>
  </testcase> <!-- verifyCodeExecutionforGraphRepresentationPage -->
  <system-out/>
  <testcase classname="dsAlgoTests.GraphTest" name="verifyCodeExecutionforGraphRepresentationPage" time="0.000">
    <skipped/>
  </testcase> <!-- verifyCodeExecutionforGraphRepresentationPage -->
  <system-out/>
  <testcase classname="dsAlgoTests.GraphTest" name="verifyCodeExecutionforGraphRepresentationPage" time="0.000">
    <skipped/>
  </testcase> <!-- verifyCodeExecutionforGraphRepresentationPage -->
  <system-out/>
  <testcase classname="dsAlgoTests.GraphTest" name="verifyCodeExecutionforGraphRepresentationPage" time="0.000">
    <skipped/>
  </testcase> <!-- verifyCodeExecutionforGraphRepresentationPage -->
  <system-out/>
  <testcase classname="dsAlgoTests.GraphTest" name="verifyCodeExecutionforGraphRepresentationPage" time="0.000">
    <skipped/>
  </testcase> <!-- verifyCodeExecutionforGraphRepresentationPage -->
  <system-out/>
  <testcase classname="dsAlgoTests.GraphTest" name="verifyCodeExecutionforGraphRepresentationPage" time="0.000">
    <skipped/>
  </testcase> <!-- verifyCodeExecutionforGraphRepresentationPage -->
  <system-out/>
  <testcase classname="dsAlgoTests.GraphTest" name="verifyCodeExecutionforGraphRepresentationPage" time="0.000">
    <skipped/>
  </testcase> <!-- verifyCodeExecutionforGraphRepresentationPage -->
  <system-out/>
  <testcase classname="dsAlgoTests.GraphTest" name="verifyCodeExecutionforGraphRepresentationPage" time="0.000">
    <skipped/>
  </testcase> <!-- verifyCodeExecutionforGraphRepresentationPage -->
  <system-out/>
  <testcase classname="dsAlgoTests.GraphTest" name="verifyCodeExecutionforGraphRepresentationPage" time="0.000">
    <skipped/>
  </testcase> <!-- verifyCodeExecutionforGraphRepresentationPage -->
  <system-out/>
  <testcase classname="dsAlgoTests.GraphTest" name="verifyCodeExecutionforGraphRepresentationPage" time="0.000">
    <skipped/>
  </testcase> <!-- verifyCodeExecutionforGraphRepresentationPage -->
  <system-out/>
  <testcase classname="dsAlgoTests.GraphTest" name="verifyCodeExecutionforGraphRepresentationPage" time="0.000">
    <skipped/>
  </testcase> <!-- verifyCodeExecutionforGraphRepresentationPage -->
  <system-out/>
  <testcase classname="dsAlgoTests.GraphTest" name="verifyCodeExecutionforGraphRepresentationPage" time="0.000">
    <skipped/>
  </testcase> <!-- verifyCodeExecutionforGraphRepresentationPage -->
  <system-out/>
  <testcase classname="dsAlgoTests.GraphTest" name="verifyCodeExecutionforGraphRepresentationPage" time="0.000">
    <skipped/>
  </testcase> <!-- verifyCodeExecutionforGraphRepresentationPage -->
  <system-out/>
  <testcase classname="dsAlgoTests.GraphTest" name="verifyCodeExecutionforGraphRepresentationPage" time="0.000">
    <skipped/>
  </testcase> <!-- verifyCodeExecutionforGraphRepresentationPage -->
  <system-out/>
  <testcase classname="dsAlgoTests.GraphTest" name="verifyCodeExecutionforGraphRepresentationPage" time="0.000">
    <skipped/>
  </testcase> <!-- verifyCodeExecutionforGraphRepresentationPage -->
  <system-out/>
  <testcase classname="dsAlgoTests.GraphTest" name="verifyCodeExecutionforGraphRepresentationPage" time="0.000">
    <skipped/>
  </testcase> <!-- verifyCodeExecutionforGraphRepresentationPage -->
  <system-out/>
  <testcase classname="dsAlgoTests.GraphTest" name="verifyCodeExecutionforGraphRepresentationPage" time="0.000">
    <skipped/>
  </testcase> <!-- verifyCodeExecutionforGraphRepresentationPage -->
  <system-out/>
  <testcase classname="dsAlgoTests.GraphTest" name="verifyCodeExecutionforGraphRepresentationPage" time="0.000">
    <skipped/>
  </testcase> <!-- verifyCodeExecutionforGraphRepresentationPage -->
  <system-out/>
  <testcase classname="dsAlgoTests.GraphTest" name="verifyCodeExecutionforGraphRepresentationPage" time="0.000">
    <skipped/>
  </testcase> <!-- verifyCodeExecutionforGraphRepresentationPage -->
  <system-out/>
  <testcase classname="dsAlgoTests.GraphTest" name="verifyCodeExecutionforGraphRepresentationPage" time="0.000">
    <skipped/>
  </testcase> <!-- verifyCodeExecutionforGraphRepresentationPage -->
  <system-out/>
  <testcase classname="dsAlgoTests.GraphTest" name="verifyCodeExecutionforGraphRepresentationPage" time="0.000">
    <skipped/>
  </testcase> <!-- verifyCodeExecutionforGraphRepresentationPage -->
  <system-out/>
  <testcase classname="dsAlgoTests.GraphTest" name="verifyCodeExecutionforGraphRepresentationPage" time="0.000">
    <skipped/>
  </testcase> <!-- verifyCodeExecutionforGraphRepresentationPage -->
  <system-out/>
  <testcase classname="dsAlgoTests.GraphTest" name="verifyCodeExecutionforGraphRepresentationPage" time="0.000">
    <skipped/>
  </testcase> <!-- verifyCodeExecutionforGraphRepresentationPage -->
  <system-out/>
  <testcase classname="dsAlgoTests.GraphTest" name="verifyCodeExecutionforGraphRepresentationPage" time="0.000">
    <skipped/>
  </testcase> <!-- verifyCodeExecutionforGraphRepresentationPage -->
  <system-out/>
  <testcase classname="dsAlgoTests.GraphTest" name="verifyCodeExecutionforGraphRepresentationPage" time="0.000">
    <skipped/>
  </testcase> <!-- verifyCodeExecutionforGraphRepresentationPage -->
  <system-out/>
  <testcase classname="dsAlgoTests.GraphTest" name="verifyCodeExecutionforGraphRepresentationPage" time="0.000">
    <skipped/>
  </testcase> <!-- verifyCodeExecutionforGraphRepresentationPage -->
  <system-out/>
  <testcase classname="dsAlgoTests.GraphTest" name="verifyCodeExecutionforGraphRepresentationPage" time="0.000">
    <skipped/>
  </testcase> <!-- verifyCodeExecutionforGraphRepresentationPage -->
  <system-out/>
  <testcase classname="dsAlgoTests.GraphTest" name="verifyCodeExecutionforGraphRepresentationPage" time="0.000">
    <skipped/>
  </testcase> <!-- verifyCodeExecutionforGraphRepresentationPage -->
  <system-out/>
  <testcase classname="dsAlgoTests.GraphTest" name="verifyCodeExecutionforGraphRepresentationPage" time="0.000">
    <skipped/>
  </testcase> <!-- verifyCodeExecutionforGraphRepresentationPage -->
  <system-out/>
  <testcase classname="dsAlgoTests.GraphTest" name="verifyCodeExecutionforGraphRepresentationPage" time="0.000">
    <skipped/>
  </testcase> <!-- verifyCodeExecutionforGraphRepresentationPage -->
  <system-out/>
  <testcase classname="dsAlgoTests.GraphTest" name="verifyCodeExecutionforGraphRepresentationPage" time="0.000">
    <skipped/>
  </testcase> <!-- verifyCodeExecutionforGraphRepresentationPage -->
  <system-out/>
  <testcase classname="dsAlgoTests.GraphTest" name="verifyCodeExecutionforGraphRepresentationPage" time="0.000">
    <skipped/>
  </testcase> <!-- verifyCodeExecutionforGraphRepresentationPage -->
  <system-out/>
  <testcase classname="dsAlgoTests.GraphTest" name="verifyCodeExecutionforGraphRepresentationPage" time="0.000">
    <skipped/>
  </testcase> <!-- verifyCodeExecutionforGraphRepresentationPage -->
  <system-out/>
  <testcase classname="dsAlgoTests.GraphTest" name="verifyCodeExecutionforGraphRepresentationPage" time="0.000">
    <skipped/>
  </testcase> <!-- verifyCodeExecutionforGraphRepresentationPage -->
  <system-out/>
  <testcase classname="dsAlgoTests.GraphTest" name="verifyCodeExecutionforGraphRepresentationPage" time="0.000">
    <skipped/>
  </testcase> <!-- verifyCodeExecutionforGraphRepresentationPage -->
  <system-out/>
  <testcase classname="dsAlgoTests.GraphTest" name="verifyCodeExecutionforGraphRepresentationPage" time="0.000">
    <skipped/>
  </testcase> <!-- verifyCodeExecutionforGraphRepresentationPage -->
  <system-out/>
  <testcase classname="dsAlgoTests.GraphTest" name="verifyCodeExecutionforGraphRepresentationPage" time="0.000">
    <skipped/>
  </testcase> <!-- verifyCodeExecutionforGraphRepresentationPage -->
  <system-out/>
  <testcase classname="dsAlgoTests.GraphTest" name="verifyCodeExecutionforGraphRepresentationPage" time="0.000">
    <skipped/>
  </testcase> <!-- verifyCodeExecutionforGraphRepresentationPage -->
  <system-out/>
  <testcase classname="dsAlgoTests.GraphTest" name="verifyCodeExecutionforGraphRepresentationPage" time="0.000">
    <skipped/>
  </testcase> <!-- verifyCodeExecutionforGraphRepresentationPage -->
  <system-out/>
  <testcase classname="dsAlgoTests.GraphTest" name="verifyCodeExecutionforGraphRepresentationPage" time="0.000">
    <skipped/>
  </testcase> <!-- verifyCodeExecutionforGraphRepresentationPage -->
  <system-out/>
  <testcase classname="dsAlgoTests.GraphTest" name="verifyCodeExecutionforGraphRepresentationPage" time="0.000">
    <skipped/>
  </testcase> <!-- verifyCodeExecutionforGraphRepresentationPage -->
  <system-out/>
  <testcase classname="dsAlgoTests.GraphTest" name="verifyCodeExecutionforGraphRepresentationPage" time="0.000">
    <skipped/>
  </testcase> <!-- verifyCodeExecutionforGraphRepresentationPage -->
  <system-out/>
  <testcase classname="dsAlgoTests.GraphTest" name="verifyCodeExecutionforGraphRepresentationPage" time="0.000">
    <skipped/>
  </testcase> <!-- verifyCodeExecutionforGraphRepresentationPage -->
  <system-out/>
  <testcase classname="dsAlgoTests.GraphTest" name="verifyCodeExecutionforGraphRepresentationPage" time="0.000">
    <skipped/>
  </testcase> <!-- verifyCodeExecutionforGraphRepresentationPage -->
  <system-out/>
  <testcase classname="dsAlgoTests.GraphTest" name="verifyCodeExecutionforGraphRepresentationPage" time="0.000">
    <skipped/>
  </testcase> <!-- verifyCodeExecutionforGraphRepresentationPage -->
  <system-out/>
  <testcase classname="dsAlgoTests.GraphTest" name="verifyCodeExecutionforGraphRepresentationPage" time="0.000">
    <skipped/>
  </testcase> <!-- verifyCodeExecutionforGraphRepresentationPage -->
  <system-out/>
  <testcase classname="dsAlgoTests.GraphTest" name="verifyCodeExecutionforGraphRepresentationPage" time="0.000">
    <skipped/>
  </testcase> <!-- verifyCodeExecutionforGraphRepresentationPage -->
  <system-out/>
  <testcase classname="dsAlgoTests.GraphTest" name="verifyCodeExecutionforGraphRepresentationPage" time="0.000">
    <skipped/>
  </testcase> <!-- verifyCodeExecutionforGraphRepresentationPage -->
  <system-out/>
  <testcase classname="dsAlgoTests.GraphTest" name="verifyCodeExecutionforGraphRepresentationPage" time="0.000">
    <skipped/>
  </testcase> <!-- verifyCodeExecutionforGraphRepresentationPage -->
  <system-out/>
  <testcase classname="dsAlgoTests.GraphTest" name="verifyCodeExecutionforGraphRepresentationPage" time="0.000">
    <skipped/>
  </testcase> <!-- verifyCodeExecutionforGraphRepresentationPage -->
  <system-out/>
  <testcase classname="dsAlgoTests.GraphTest" name="verifyCodeExecutionforGraphRepresentationPage" time="0.000">
    <skipped/>
  </testcase> <!-- verifyCodeExecutionforGraphRepresentationPage -->
  <system-out/>
  <testcase classname="dsAlgoTests.GraphTest" name="verifyCodeExecutionforGraphRepresentationPage" time="0.000">
    <skipped/>
  </testcase> <!-- verifyCodeExecutionforGraphRepresentationPage -->
  <system-out/>
  <testcase classname="dsAlgoTests.GraphTest" name="verifyCodeExecutionforGraphRepresentationPage" time="0.000">
    <skipped/>
  </testcase> <!-- verifyCodeExecutionforGraphRepresentationPage -->
  <system-out/>
  <testcase classname="dsAlgoTests.GraphTest" name="verifyCodeExecutionforGraphRepresentationPage" time="0.000">
    <skipped/>
  </testcase> <!-- verifyCodeExecutionforGraphRepresentationPage -->
  <system-out/>
  <testcase classname="dsAlgoTests.GraphTest" name="verifyCodeExecutionforGraphRepresentationPage" time="0.000">
    <skipped/>
  </testcase> <!-- verifyCodeExecutionforGraphRepresentationPage -->
  <system-out/>
  <testcase classname="dsAlgoTests.GraphTest" name="verifyCodeExecutionforGraphRepresentationPage" time="0.000">
    <skipped/>
  </testcase> <!-- verifyCodeExecutionforGraphRepresentationPage -->
  <system-out/>
  <testcase classname="dsAlgoTests.GraphTest" name="verifyCodeExecutionforGraphRepresentationPage" time="0.000">
    <skipped/>
  </testcase> <!-- verifyCodeExecutionforGraphRepresentationPage -->
  <system-out/>
  <testcase classname="dsAlgoTests.GraphTest" name="verifyCodeExecutionforGraphRepresentationPage" time="0.000">
    <skipped/>
  </testcase> <!-- verifyCodeExecutionforGraphRepresentationPage -->
  <system-out/>
  <testcase classname="dsAlgoTests.GraphTest" name="verifyCodeExecutionforGraphRepresentationPage" time="0.000">
    <skipped/>
  </testcase> <!-- verifyCodeExecutionforGraphRepresentationPage -->
  <system-out/>
  <testcase classname="dsAlgoTests.GraphTest" name="verifyCodeExecutionforGraphRepresentationPage" time="1.753"/>
  <system-out/>
  <testcase classname="dsAlgoTests.GraphTest" name="verifyCodeExecutionforGraphRepresentationPage" time="0.000">
    <skipped/>
  </testcase> <!-- verifyCodeExecutionforGraphRepresentationPage -->
  <system-out/>
  <testcase classname="dsAlgoTests.GraphTest" name="verifyCodeExecutionforGraphRepresentationPage" time="0.000">
    <skipped/>
  </testcase> <!-- verifyCodeExecutionforGraphRepresentationPage -->
  <system-out/>
  <testcase classname="dsAlgoTests.GraphTest" name="verifyCodeExecutionforGraphRepresentationPage" time="0.000">
    <skipped/>
  </testcase> <!-- verifyCodeExecutionforGraphRepresentationPage -->
  <system-out/>
  <testcase classname="dsAlgoTests.GraphTest" name="verifyCodeExecutionforGraphRepresentationPage" time="0.000">
    <skipped/>
  </testcase> <!-- verifyCodeExecutionforGraphRepresentationPage -->
  <system-out/>
  <testcase classname="dsAlgoTests.GraphTest" name="verifyCodeExecutionforGraphRepresentationPage" time="0.000">
    <skipped/>
  </testcase> <!-- verifyCodeExecutionforGraphRepresentationPage -->
  <system-out/>
  <testcase classname="dsAlgoTests.GraphTest" name="verifyCodeExecutionforGraphRepresentationPage" time="0.000">
    <skipped/>
  </testcase> <!-- verifyCodeExecutionforGraphRepresentationPage -->
  <system-out/>
  <testcase classname="dsAlgoTests.GraphTest" name="verifyCodeExecutionforGraphRepresentationPage" time="0.000">
    <skipped/>
  </testcase> <!-- verifyCodeExecutionforGraphRepresentationPage -->
  <system-out/>
  <testcase classname="dsAlgoTests.GraphTest" name="verifyCodeExecutionforGraphRepresentationPage" time="0.000">
    <skipped/>
  </testcase> <!-- verifyCodeExecutionforGraphRepresentationPage -->
  <system-out/>
  <testcase classname="dsAlgoTests.GraphTest" name="verifyCodeExecutionforGraphRepresentationPage" time="0.000">
    <skipped/>
  </testcase> <!-- verifyCodeExecutionforGraphRepresentationPage -->
  <system-out/>
  <testcase classname="dsAlgoTests.GraphTest" name="verifyCodeExecutionforGraphRepresentationPage" time="0.000">
    <skipped/>
  </testcase> <!-- verifyCodeExecutionforGraphRepresentationPage -->
  <system-out/>
  <testcase classname="dsAlgoTests.GraphTest" name="verifyCodeExecutionforGraphRepresentationPage" time="0.000">
    <skipped/>
  </testcase> <!-- verifyCodeExecutionforGraphRepresentationPage -->
  <system-out/>
  <testcase classname="dsAlgoTests.GraphTest" name="verifyCodeExecutionforGraphRepresentationPage" time="0.000">
    <skipped/>
  </testcase> <!-- verifyCodeExecutionforGraphRepresentationPage -->
  <system-out/>
  <testcase classname="dsAlgoTests.GraphTest" name="verifyCodeExecutionforGraphRepresentationPage" time="0.000">
    <skipped/>
  </testcase> <!-- verifyCodeExecutionforGraphRepresentationPage -->
  <system-out/>
  <testcase classname="dsAlgoTests.GraphTest" name="verifyCodeExecutionforGraphRepresentationPage" time="0.000">
    <skipped/>
  </testcase> <!-- verifyCodeExecutionforGraphRepresentationPage -->
  <system-out/>
  <testcase classname="dsAlgoTests.GraphTest" name="verifyCodeExecutionforGraphRepresentationPage" time="0.000">
    <skipped/>
  </testcase> <!-- verifyCodeExecutionforGraphRepresentationPage -->
  <system-out/>
  <testcase classname="dsAlgoTests.GraphTest" name="verifyCodeExecutionforGraphRepresentationPage" time="0.000">
    <skipped/>
  </testcase> <!-- verifyCodeExecutionforGraphRepresentationPage -->
  <system-out/>
  <testcase classname="dsAlgoTests.GraphTest" name="verifyCodeExecutionforGraphRepresentationPage" time="0.000">
    <skipped/>
  </testcase> <!-- verifyCodeExecutionforGraphRepresentationPage -->
  <system-out/>
  <testcase classname="dsAlgoTests.GraphTest" name="verifyCodeExecutionforGraphRepresentationPage" time="0.000">
    <skipped/>
  </testcase> <!-- verifyCodeExecutionforGraphRepresentationPage -->
  <system-out/>
  <testcase classname="dsAlgoTests.GraphTest" name="verifyCodeExecutionforGraphRepresentationPage" time="0.000">
    <skipped/>
  </testcase> <!-- verifyCodeExecutionforGraphRepresentationPage -->
  <system-out/>
  <testcase classname="dsAlgoTests.GraphTest" name="verifyCodeExecutionforGraphRepresentationPage" time="0.000">
    <skipped/>
  </testcase> <!-- verifyCodeExecutionforGraphRepresentationPage -->
  <system-out/>
  <testcase classname="dsAlgoTests.GraphTest" name="verifyCodeExecutionforGraphRepresentationPage" time="0.000">
    <skipped/>
  </testcase> <!-- verifyCodeExecutionforGraphRepresentationPage -->
  <system-out/>
  <testcase classname="dsAlgoTests.GraphTest" name="verifyCodeExecutionforGraphRepresentationPage" time="0.000">
    <skipped/>
  </testcase> <!-- verifyCodeExecutionforGraphRepresentationPage -->
  <system-out/>
  <testcase classname="dsAlgoTests.GraphTest" name="verifyCodeExecutionforGraphRepresentationPage" time="0.000">
    <skipped/>
  </testcase> <!-- verifyCodeExecutionforGraphRepresentationPage -->
  <system-out/>
  <testcase classname="dsAlgoTests.GraphTest" name="verifyCodeExecutionforGraphRepresentationPage" time="0.000">
    <skipped/>
  </testcase> <!-- verifyCodeExecutionforGraphRepresentationPage -->
  <system-out/>
  <testcase classname="dsAlgoTests.GraphTest" name="verifyCodeExecutionforGraphRepresentationPage" time="0.000">
    <skipped/>
  </testcase> <!-- verifyCodeExecutionforGraphRepresentationPage -->
  <system-out/>
  <testcase classname="dsAlgoTests.GraphTest" name="verifyCodeExecutionforGraphRepresentationPage" time="0.000">
    <skipped/>
  </testcase> <!-- verifyCodeExecutionforGraphRepresentationPage -->
  <system-out/>
  <testcase classname="dsAlgoTests.GraphTest" name="verifyCodeExecutionforGraphRepresentationPage" time="0.000">
    <skipped/>
  </testcase> <!-- verifyCodeExecutionforGraphRepresentationPage -->
  <system-out/>
  <testcase classname="dsAlgoTests.GraphTest" name="verifyCodeExecutionforGraphRepresentationPage" time="0.000">
    <skipped/>
  </testcase> <!-- verifyCodeExecutionforGraphRepresentationPage -->
  <system-out/>
  <testcase classname="dsAlgoTests.GraphTest" name="verifyCodeExecutionforGraphRepresentationPage" time="0.000">
    <skipped/>
  </testcase> <!-- verifyCodeExecutionforGraphRepresentationPage -->
  <system-out/>
  <testcase classname="dsAlgoTests.GraphTest" name="verifyCodeExecutionforGraphRepresentationPage" time="0.000">
    <skipped/>
  </testcase> <!-- verifyCodeExecutionforGraphRepresentationPage -->
  <system-out/>
  <testcase classname="dsAlgoTests.GraphTest" name="verifyCodeExecutionforGraphRepresentationPage" time="0.000">
    <skipped/>
  </testcase> <!-- verifyCodeExecutionforGraphRepresentationPage -->
  <system-out/>
  <testcase classname="dsAlgoTests.GraphTest" name="verifyCodeExecutionforGraphRepresentationPage" time="0.000">
    <skipped/>
  </testcase> <!-- verifyCodeExecutionforGraphRepresentationPage -->
  <system-out/>
  <testcase classname="dsAlgoTests.GraphTest" name="verifyCodeExecutionforGraphRepresentationPage" time="0.000">
    <skipped/>
  </testcase> <!-- verifyCodeExecutionforGraphRepresentationPage -->
  <system-out/>
  <testcase classname="dsAlgoTests.GraphTest" name="verifyCodeExecutionforGraphRepresentationPage" time="0.000">
    <skipped/>
  </testcase> <!-- verifyCodeExecutionforGraphRepresentationPage -->
  <system-out/>
  <testcase classname="dsAlgoTests.GraphTest" name="verifyCodeExecutionforGraphRepresentationPage" time="0.000">
    <skipped/>
  </testcase> <!-- verifyCodeExecutionforGraphRepresentationPage -->
  <system-out/>
  <testcase classname="dsAlgoTests.GraphTest" name="verifyCodeExecutionforGraphRepresentationPage" time="0.000">
    <skipped/>
  </testcase> <!-- verifyCodeExecutionforGraphRepresentationPage -->
  <system-out/>
  <testcase classname="dsAlgoTests.GraphTest" name="verifyCodeExecutionforGraphRepresentationPage" time="0.000">
    <skipped/>
  </testcase> <!-- verifyCodeExecutionforGraphRepresentationPage -->
  <system-out/>
  <testcase classname="dsAlgoTests.GraphTest" name="verifyCodeExecutionforGraphRepresentationPage" time="0.000">
    <skipped/>
  </testcase> <!-- verifyCodeExecutionforGraphRepresentationPage -->
  <system-out/>
  <testcase classname="dsAlgoTests.GraphTest" name="verifyCodeExecutionforGraphRepresentationPage" time="0.000">
    <skipped/>
  </testcase> <!-- verifyCodeExecutionforGraphRepresentationPage -->
  <system-out/>
  <testcase classname="dsAlgoTests.GraphTest" name="verifyCodeExecutionforGraphRepresentationPage" time="0.000">
    <skipped/>
  </testcase> <!-- verifyCodeExecutionforGraphRepresentationPage -->
  <system-out/>
  <testcase classname="dsAlgoTests.GraphTest" name="verifyCodeExecutionforGraphRepresentationPage" time="0.000">
    <skipped/>
  </testcase> <!-- verifyCodeExecutionforGraphRepresentationPage -->
  <system-out/>
  <testcase classname="dsAlgoTests.GraphTest" name="verifyCodeExecutionforGraphRepresentationPage" time="0.000">
    <skipped/>
  </testcase> <!-- verifyCodeExecutionforGraphRepresentationPage -->
  <system-out/>
  <testcase classname="dsAlgoTests.GraphTest" name="verifyCodeExecutionforGraphRepresentationPage" time="0.000">
    <skipped/>
  </testcase> <!-- verifyCodeExecutionforGraphRepresentationPage -->
  <system-out/>
  <testcase classname="dsAlgoTests.GraphTest" name="verifyCodeExecutionforGraphRepresentationPage" time="0.000">
    <skipped/>
  </testcase> <!-- verifyCodeExecutionforGraphRepresentationPage -->
  <system-out/>
  <testcase classname="dsAlgoTests.GraphTest" name="verifyCodeExecutionforGraphRepresentationPage" time="0.000">
    <skipped/>
  </testcase> <!-- verifyCodeExecutionforGraphRepresentationPage -->
  <system-out/>
  <testcase classname="dsAlgoTests.GraphTest" name="verifyCodeExecutionforGraphRepresentationPage" time="0.000">
    <skipped/>
  </testcase> <!-- verifyCodeExecutionforGraphRepresentationPage -->
  <system-out/>
  <testcase classname="dsAlgoTests.GraphTest" name="verifyCodeExecutionforGraphRepresentationPage" time="0.000">
    <skipped/>
  </testcase> <!-- verifyCodeExecutionforGraphRepresentationPage -->
  <system-out/>
  <testcase classname="dsAlgoTests.GraphTest" name="verifyCodeExecutionforGraphRepresentationPage" time="0.000">
    <skipped/>
  </testcase> <!-- verifyCodeExecutionforGraphRepresentationPage -->
  <system-out/>
  <testcase classname="dsAlgoTests.GraphTest" name="verifyCodeExecutionforGraphRepresentationPage" time="0.000">
    <skipped/>
  </testcase> <!-- verifyCodeExecutionforGraphRepresentationPage -->
  <system-out/>
  <testcase classname="dsAlgoTests.GraphTest" name="verifyCodeExecutionforGraphRepresentationPage" time="0.000">
    <skipped/>
  </testcase> <!-- verifyCodeExecutionforGraphRepresentationPage -->
  <system-out/>
  <testcase classname="dsAlgoTests.GraphTest" name="verifyCodeExecutionforGraphRepresentationPage" time="0.000">
    <skipped/>
  </testcase> <!-- verifyCodeExecutionforGraphRepresentationPage -->
  <system-out/>
  <testcase classname="dsAlgoTests.GraphTest" name="verifyCodeExecutionforGraphRepresentationPage" time="0.000">
    <skipped/>
  </testcase> <!-- verifyCodeExecutionforGraphRepresentationPage -->
  <system-out/>
  <testcase classname="dsAlgoTests.GraphTest" name="verifyCodeExecutionforGraphRepresentationPage" time="0.000">
    <skipped/>
  </testcase> <!-- verifyCodeExecutionforGraphRepresentationPage -->
  <system-out/>
  <testcase classname="dsAlgoTests.GraphTest" name="verifyCodeExecutionforGraphRepresentationPage" time="0.000">
    <skipped/>
  </testcase> <!-- verifyCodeExecutionforGraphRepresentationPage -->
  <system-out/>
  <testcase classname="dsAlgoTests.GraphTest" name="verifyCodeExecutionforGraphRepresentationPage" time="0.000">
    <skipped/>
  </testcase> <!-- verifyCodeExecutionforGraphRepresentationPage -->
  <system-out/>
  <testcase classname="dsAlgoTests.GraphTest" name="verifyCodeExecutionforGraphRepresentationPage" time="0.000">
    <skipped/>
  </testcase> <!-- verifyCodeExecutionforGraphRepresentationPage -->
  <system-out/>
  <testcase classname="dsAlgoTests.GraphTest" name="verifyCodeExecutionforGraphRepresentationPage" time="0.000">
    <skipped/>
  </testcase> <!-- verifyCodeExecutionforGraphRepresentationPage -->
  <system-out/>
  <testcase classname="dsAlgoTests.GraphTest" name="verifyCodeExecutionforGraphRepresentationPage" time="0.000">
    <skipped/>
  </testcase> <!-- verifyCodeExecutionforGraphRepresentationPage -->
  <system-out/>
  <testcase classname="dsAlgoTests.GraphTest" name="verifyCodeExecutionforGraphRepresentationPage" time="0.000">
    <skipped/>
  </testcase> <!-- verifyCodeExecutionforGraphRepresentationPage -->
  <system-out/>
  <testcase classname="dsAlgoTests.GraphTest" name="verifyCodeExecutionforGraphRepresentationPage" time="0.000">
    <skipped/>
  </testcase> <!-- verifyCodeExecutionforGraphRepresentationPage -->
  <system-out/>
  <testcase classname="dsAlgoTests.GraphTest" name="verifyCodeExecutionforGraphRepresentationPage" time="0.000">
    <skipped/>
  </testcase> <!-- verifyCodeExecutionforGraphRepresentationPage -->
  <system-out/>
  <testcase classname="dsAlgoTests.GraphTest" name="verifyCodeExecutionforGraphRepresentationPage" time="0.000">
    <skipped/>
  </testcase> <!-- verifyCodeExecutionforGraphRepresentationPage -->
  <system-out/>
  <testcase classname="dsAlgoTests.GraphTest" name="verifyCodeExecutionforGraphRepresentationPage" time="0.000">
    <skipped/>
  </testcase> <!-- verifyCodeExecutionforGraphRepresentationPage -->
  <system-out/>
  <testcase classname="dsAlgoTests.GraphTest" name="verifyCodeExecutionforGraphRepresentationPage" time="0.000">
    <skipped/>
  </testcase> <!-- verifyCodeExecutionforGraphRepresentationPage -->
  <system-out/>
  <testcase classname="dsAlgoTests.GraphTest" name="verifyCodeExecutionforGraphRepresentationPage" time="0.000">
    <skipped/>
  </testcase> <!-- verifyCodeExecutionforGraphRepresentationPage -->
  <system-out/>
  <testcase classname="dsAlgoTests.GraphTest" name="verifyCodeExecutionforGraphRepresentationPage" time="0.000">
    <skipped/>
  </testcase> <!-- verifyCodeExecutionforGraphRepresentationPage -->
  <system-out/>
  <testcase classname="dsAlgoTests.GraphTest" name="verifyCodeExecutionforGraphRepresentationPage" time="0.000">
    <skipped/>
  </testcase> <!-- verifyCodeExecutionforGraphRepresentationPage -->
  <system-out/>
  <testcase classname="dsAlgoTests.GraphTest" name="verifyCodeExecutionforGraphRepresentationPage" time="0.000">
    <skipped/>
  </testcase> <!-- verifyCodeExecutionforGraphRepresentationPage -->
  <system-out/>
  <testcase classname="dsAlgoTests.GraphTest" name="verifyCodeExecutionforGraphRepresentationPage" time="0.000">
    <skipped/>
  </testcase> <!-- verifyCodeExecutionforGraphRepresentationPage -->
  <system-out/>
  <testcase classname="dsAlgoTests.GraphTest" name="verifyCodeExecutionforGraphRepresentationPage" time="0.000">
    <skipped/>
  </testcase> <!-- verifyCodeExecutionforGraphRepresentationPage -->
  <system-out/>
  <testcase classname="dsAlgoTests.GraphTest" name="verifyCodeExecutionforGraphRepresentationPage" time="0.000">
    <skipped/>
  </testcase> <!-- verifyCodeExecutionforGraphRepresentationPage -->
  <system-out/>
  <testcase classname="dsAlgoTests.GraphTest" name="verifyCodeExecutionforGraphRepresentationPage" time="0.000">
    <skipped/>
  </testcase> <!-- verifyCodeExecutionforGraphRepresentationPage -->
  <system-out/>
  <testcase classname="dsAlgoTests.GraphTest" name="verifyCodeExecutionforGraphRepresentationPage" time="0.000">
    <skipped/>
  </testcase> <!-- verifyCodeExecutionforGraphRepresentationPage -->
  <system-out/>
  <testcase classname="dsAlgoTests.GraphTest" name="verifyCodeExecutionforGraphRepresentationPage" time="0.000">
    <skipped/>
  </testcase> <!-- verifyCodeExecutionforGraphRepresentationPage -->
  <system-out/>
  <testcase classname="dsAlgoTests.GraphTest" name="verifyCodeExecutionforGraphRepresentationPage" time="0.000">
    <skipped/>
  </testcase> <!-- verifyCodeExecutionforGraphRepresentationPage -->
  <system-out/>
  <testcase classname="dsAlgoTests.GraphTest" name="verifyCodeExecutionforGraphRepresentationPage" time="0.000">
    <skipped/>
  </testcase> <!-- verifyCodeExecutionforGraphRepresentationPage -->
  <system-out/>
  <testcase classname="dsAlgoTests.GraphTest" name="verifyCodeExecutionforGraphRepresentationPage" time="0.000">
    <skipped/>
  </testcase> <!-- verifyCodeExecutionforGraphRepresentationPage -->
  <system-out/>
  <testcase classname="dsAlgoTests.GraphTest" name="verifyCodeExecutionforGraphRepresentationPage" time="0.000">
    <skipped/>
  </testcase> <!-- verifyCodeExecutionforGraphRepresentationPage -->
  <system-out/>
  <testcase classname="dsAlgoTests.GraphTest" name="verifyCodeExecutionforGraphRepresentationPage" time="0.000">
    <skipped/>
  </testcase> <!-- verifyCodeExecutionforGraphRepresentationPage -->
  <system-out/>
  <testcase classname="dsAlgoTests.GraphTest" name="verifyCodeExecutionforGraphRepresentationPage" time="0.000">
    <skipped/>
  </testcase> <!-- verifyCodeExecutionforGraphRepresentationPage -->
  <system-out/>
  <testcase classname="dsAlgoTests.GraphTest" name="verifyCodeExecutionforGraphRepresentationPage" time="0.000">
    <skipped/>
  </testcase> <!-- verifyCodeExecutionforGraphRepresentationPage -->
  <system-out/>
  <testcase classname="dsAlgoTests.GraphTest" name="verifyCodeExecutionforGraphRepresentationPage" time="0.000">
    <skipped/>
  </testcase> <!-- verifyCodeExecutionforGraphRepresentationPage -->
  <system-out/>
  <testcase classname="dsAlgoTests.GraphTest" name="verifyCodeExecutionforGraphRepresentationPage" time="0.000">
    <skipped/>
  </testcase> <!-- verifyCodeExecutionforGraphRepresentationPage -->
  <system-out/>
  <testcase classname="dsAlgoTests.GraphTest" name="verifyCodeExecutionforGraphRepresentationPage" time="0.000">
    <skipped/>
  </testcase> <!-- verifyCodeExecutionforGraphRepresentationPage -->
  <system-out/>
  <testcase classname="dsAlgoTests.GraphTest" name="verifyCodeExecutionforGraphRepresentationPage" time="0.000">
    <skipped/>
  </testcase> <!-- verifyCodeExecutionforGraphRepresentationPage -->
  <system-out/>
  <testcase classname="dsAlgoTests.GraphTest" name="verifyCodeExecutionforGraphRepresentationPage" time="0.000">
    <skipped/>
  </testcase> <!-- verifyCodeExecutionforGraphRepresentationPage -->
  <system-out/>
  <testcase classname="dsAlgoTests.GraphTest" name="verifyCodeExecutionforGraphRepresentationPage" time="0.000">
    <skipped/>
  </testcase> <!-- verifyCodeExecutionforGraphRepresentationPage -->
  <system-out/>
  <testcase classname="dsAlgoTests.GraphTest" name="verifyCodeExecutionforGraphRepresentationPage" time="0.000">
    <skipped/>
  </testcase> <!-- verifyCodeExecutionforGraphRepresentationPage -->
  <system-out/>
  <testcase classname="dsAlgoTests.GraphTest" name="verifyCodeExecutionforGraphRepresentationPage" time="0.000">
    <skipped/>
  </testcase> <!-- verifyCodeExecutionforGraphRepresentationPage -->
  <system-out/>
  <testcase classname="dsAlgoTests.GraphTest" name="verifyCodeExecutionforGraphRepresentationPage" time="0.000">
    <skipped/>
  </testcase> <!-- verifyCodeExecutionforGraphRepresentationPage -->
  <system-out/>
  <testcase classname="dsAlgoTests.GraphTest" name="verifyCodeExecutionforGraphRepresentationPage" time="0.000">
    <skipped/>
  </testcase> <!-- verifyCodeExecutionforGraphRepresentationPage -->
  <system-out/>
  <testcase classname="dsAlgoTests.GraphTest" name="verifyCodeExecutionforGraphRepresentationPage" time="0.000">
    <skipped/>
  </testcase> <!-- verifyCodeExecutionforGraphRepresentationPage -->
  <system-out/>
  <testcase classname="dsAlgoTests.GraphTest" name="verifyCodeExecutionforGraphRepresentationPage" time="0.000">
    <skipped/>
  </testcase> <!-- verifyCodeExecutionforGraphRepresentationPage -->
  <system-out/>
  <testcase classname="dsAlgoTests.GraphTest" name="verifyCodeExecutionforGraphRepresentationPage" time="0.000">
    <skipped/>
  </testcase> <!-- verifyCodeExecutionforGraphRepresentationPage -->
  <system-out/>
  <testcase classname="dsAlgoTests.GraphTest" name="verifyCodeExecutionforGraphRepresentationPage" time="0.000">
    <skipped/>
  </testcase> <!-- verifyCodeExecutionforGraphRepresentationPage -->
  <system-out/>
  <testcase classname="dsAlgoTests.GraphTest" name="verifyCodeExecutionforGraphRepresentationPage" time="0.000">
    <skipped/>
  </testcase> <!-- verifyCodeExecutionforGraphRepresentationPage -->
  <system-out/>
  <testcase classname="dsAlgoTests.GraphTest" name="verifyCodeExecutionforGraphRepresentationPage" time="0.000">
    <skipped/>
  </testcase> <!-- verifyCodeExecutionforGraphRepresentationPage -->
  <system-out/>
  <testcase classname="dsAlgoTests.GraphTest" name="verifyCodeExecutionforGraphRepresentationPage" time="0.000">
    <skipped/>
  </testcase> <!-- verifyCodeExecutionforGraphRepresentationPage -->
  <system-out/>
  <testcase classname="dsAlgoTests.GraphTest" name="verifyCodeExecutionforGraphRepresentationPage" time="0.000">
    <skipped/>
  </testcase> <!-- verifyCodeExecutionforGraphRepresentationPage -->
  <system-out/>
  <testcase classname="dsAlgoTests.GraphTest" name="verifyCodeExecutionforGraphRepresentationPage" time="0.000">
    <skipped/>
  </testcase> <!-- verifyCodeExecutionforGraphRepresentationPage -->
  <system-out/>
  <testcase classname="dsAlgoTests.GraphTest" name="verifyCodeExecutionforGraphRepresentationPage" time="0.000">
    <skipped/>
  </testcase> <!-- verifyCodeExecutionforGraphRepresentationPage -->
  <system-out/>
  <testcase classname="dsAlgoTests.GraphTest" name="verifyCodeExecutionforGraphRepresentationPage" time="0.000">
    <skipped/>
  </testcase> <!-- verifyCodeExecutionforGraphRepresentationPage -->
  <system-out/>
  <testcase classname="dsAlgoTests.GraphTest" name="verifyCodeExecutionforGraphRepresentationPage" time="0.000">
    <skipped/>
  </testcase> <!-- verifyCodeExecutionforGraphRepresentationPage -->
  <system-out/>
  <testcase classname="dsAlgoTests.GraphTest" name="verifyCodeExecutionforGraphRepresentationPage" time="0.000">
    <skipped/>
  </testcase> <!-- verifyCodeExecutionforGraphRepresentationPage -->
  <system-out/>
  <testcase classname="dsAlgoTests.GraphTest" name="verifyCodeExecutionforGraphRepresentationPage" time="0.000">
    <skipped/>
  </testcase> <!-- verifyCodeExecutionforGraphRepresentationPage -->
  <system-out/>
  <testcase classname="dsAlgoTests.GraphTest" name="verifyCodeExecutionforGraphRepresentationPage" time="0.000">
    <skipped/>
  </testcase> <!-- verifyCodeExecutionforGraphRepresentationPage -->
  <system-out/>
  <testcase classname="dsAlgoTests.GraphTest" name="verifyCodeExecutionforGraphRepresentationPage" time="0.000">
    <skipped/>
  </testcase> <!-- verifyCodeExecutionforGraphRepresentationPage -->
  <system-out/>
  <testcase classname="dsAlgoTests.GraphTest" name="verifyCodeExecutionforGraphRepresentationPage" time="0.000">
    <skipped/>
  </testcase> <!-- verifyCodeExecutionforGraphRepresentationPage -->
  <system-out/>
  <testcase classname="dsAlgoTests.GraphTest" name="verifyCodeExecutionforGraphRepresentationPage" time="0.000">
    <skipped/>
  </testcase> <!-- verifyCodeExecutionforGraphRepresentationPage -->
  <system-out/>
  <testcase classname="dsAlgoTests.GraphTest" name="verifyCodeExecutionforGraphRepresentationPage" time="0.000">
    <skipped/>
  </testcase> <!-- verifyCodeExecutionforGraphRepresentationPage -->
  <system-out/>
  <testcase classname="dsAlgoTests.GraphTest" name="verifyCodeExecutionforGraphRepresentationPage" time="0.000">
    <skipped/>
  </testcase> <!-- verifyCodeExecutionforGraphRepresentationPage -->
  <system-out/>
  <testcase classname="dsAlgoTests.GraphTest" name="verifyCodeExecutionforGraphRepresentationPage" time="0.000">
    <skipped/>
  </testcase> <!-- verifyCodeExecutionforGraphRepresentationPage -->
  <system-out/>
  <testcase classname="dsAlgoTests.GraphTest" name="verifyCodeExecutionforGraphRepresentationPage" time="0.000">
    <skipped/>
  </testcase> <!-- verifyCodeExecutionforGraphRepresentationPage -->
  <system-out/>
  <testcase classname="dsAlgoTests.GraphTest" name="verifyCodeExecutionforGraphRepresentationPage" time="0.000">
    <skipped/>
  </testcase> <!-- verifyCodeExecutionforGraphRepresentationPage -->
  <system-out/>
  <testcase classname="dsAlgoTests.GraphTest" name="verifyCodeExecutionforGraphRepresentationPage" time="0.000">
    <skipped/>
  </testcase> <!-- verifyCodeExecutionforGraphRepresentationPage -->
  <system-out/>
  <testcase classname="dsAlgoTests.GraphTest" name="verifyCodeExecutionforGraphRepresentationPage" time="0.000">
    <skipped/>
  </testcase> <!-- verifyCodeExecutionforGraphRepresentationPage -->
  <system-out/>
  <testcase classname="dsAlgoTests.GraphTest" name="verifyCodeExecutionforGraphRepresentationPage" time="0.000">
    <skipped/>
  </testcase> <!-- verifyCodeExecutionforGraphRepresentationPage -->
  <system-out/>
  <testcase classname="dsAlgoTests.GraphTest" name="verifyCodeExecutionforGraphRepresentationPage" time="0.000">
    <skipped/>
  </testcase> <!-- verifyCodeExecutionforGraphRepresentationPage -->
  <system-out/>
  <testcase classname="dsAlgoTests.GraphTest" name="verifyCodeExecutionforGraphRepresentationPage" time="0.000">
    <skipped/>
  </testcase> <!-- verifyCodeExecutionforGraphRepresentationPage -->
  <system-out/>
  <testcase classname="dsAlgoTests.GraphTest" name="verifyCodeExecutionforGraphRepresentationPage" time="0.000">
    <skipped/>
  </testcase> <!-- verifyCodeExecutionforGraphRepresentationPage -->
  <system-out/>
  <testcase classname="dsAlgoTests.GraphTest" name="verifyCodeExecutionforGraphRepresentationPage" time="0.000">
    <skipped/>
  </testcase> <!-- verifyCodeExecutionforGraphRepresentationPage -->
  <system-out/>
  <testcase classname="dsAlgoTests.GraphTest" name="verifyCodeExecutionforGraphRepresentationPage" time="0.000">
    <skipped/>
  </testcase> <!-- verifyCodeExecutionforGraphRepresentationPage -->
  <system-out/>
  <testcase classname="dsAlgoTests.GraphTest" name="verifyCodeExecutionforGraphRepresentationPage" time="0.000">
    <skipped/>
  </testcase> <!-- verifyCodeExecutionforGraphRepresentationPage -->
  <system-out/>
  <testcase classname="dsAlgoTests.GraphTest" name="verifyCodeExecutionforGraphRepresentationPage" time="0.000">
    <skipped/>
  </testcase> <!-- verifyCodeExecutionforGraphRepresentationPage -->
  <system-out/>
  <testcase classname="dsAlgoTests.GraphTest" name="verifyCodeExecutionforGraphRepresentationPage" time="0.000">
    <skipped/>
  </testcase> <!-- verifyCodeExecutionforGraphRepresentationPage -->
  <system-out/>
  <testcase classname="dsAlgoTests.GraphTest" name="verifyCodeExecutionforGraphRepresentationPage" time="0.000">
    <skipped/>
  </testcase> <!-- verifyCodeExecutionforGraphRepresentationPage -->
  <system-out/>
  <testcase classname="dsAlgoTests.GraphTest" name="verifyCodeExecutionforGraphRepresentationPage" time="0.000">
    <skipped/>
  </testcase> <!-- verifyCodeExecutionforGraphRepresentationPage -->
  <system-out/>
  <testcase classname="dsAlgoTests.GraphTest" name="verifyCodeExecutionforGraphRepresentationPage" time="0.000">
    <skipped/>
  </testcase> <!-- verifyCodeExecutionforGraphRepresentationPage -->
  <system-out/>
  <testcase classname="dsAlgoTests.GraphTest" name="verifyCodeExecutionforGraphRepresentationPage" time="0.000">
    <skipped/>
  </testcase> <!-- verifyCodeExecutionforGraphRepresentationPage -->
  <system-out/>
  <testcase classname="dsAlgoTests.GraphTest" name="verifyCodeExecutionforGraphRepresentationPage" time="0.000">
    <skipped/>
  </testcase> <!-- verifyCodeExecutionforGraphRepresentationPage -->
  <system-out/>
  <testcase classname="dsAlgoTests.GraphTest" name="verifyCodeExecutionforGraphRepresentationPage" time="0.000">
    <skipped/>
  </testcase> <!-- verifyCodeExecutionforGraphRepresentationPage -->
  <system-out/>
  <testcase classname="dsAlgoTests.GraphTest" name="verifyCodeExecutionforGraphRepresentationPage" time="0.000">
    <skipped/>
  </testcase> <!-- verifyCodeExecutionforGraphRepresentationPage -->
  <system-out/>
  <testcase classname="dsAlgoTests.GraphTest" name="verifyCodeExecutionforGraphRepresentationPage" time="0.000">
    <skipped/>
  </testcase> <!-- verifyCodeExecutionforGraphRepresentationPage -->
  <system-out/>
  <testcase classname="dsAlgoTests.GraphTest" name="verifyCodeExecutionforGraphRepresentationPage" time="0.000">
    <skipped/>
  </testcase> <!-- verifyCodeExecutionforGraphRepresentationPage -->
  <system-out/>
  <testcase classname="dsAlgoTests.GraphTest" name="verifyCodeExecutionforGraphRepresentationPage" time="0.000">
    <skipped/>
  </testcase> <!-- verifyCodeExecutionforGraphRepresentationPage -->
  <system-out/>
  <testcase classname="dsAlgoTests.GraphTest" name="verifyCodeExecutionforGraphRepresentationPage" time="0.000">
    <skipped/>
  </testcase> <!-- verifyCodeExecutionforGraphRepresentationPage -->
  <system-out/>
  <testcase classname="dsAlgoTests.GraphTest" name="verifyCodeExecutionforGraphRepresentationPage" time="0.000">
    <skipped/>
  </testcase> <!-- verifyCodeExecutionforGraphRepresentationPage -->
  <system-out/>
  <testcase classname="dsAlgoTests.GraphTest" name="verifyCodeExecutionforGraphRepresentationPage" time="0.000">
    <skipped/>
  </testcase> <!-- verifyCodeExecutionforGraphRepresentationPage -->
  <system-out/>
  <testcase classname="dsAlgoTests.GraphTest" name="verifyCodeExecutionforGraphRepresentationPage" time="0.000">
    <skipped/>
  </testcase> <!-- verifyCodeExecutionforGraphRepresentationPage -->
  <system-out/>
  <testcase classname="dsAlgoTests.GraphTest" name="verifyCodeExecutionforGraphRepresentationPage" time="0.000">
    <skipped/>
  </testcase> <!-- verifyCodeExecutionforGraphRepresentationPage -->
  <system-out/>
  <testcase classname="dsAlgoTests.GraphTest" name="verifyCodeExecutionforGraphRepresentationPage" time="0.000">
    <skipped/>
  </testcase> <!-- verifyCodeExecutionforGraphRepresentationPage -->
  <system-out/>
  <testcase classname="dsAlgoTests.GraphTest" name="verifyCodeExecutionforGraphRepresentationPage" time="0.000">
    <skipped/>
  </testcase> <!-- verifyCodeExecutionforGraphRepresentationPage -->
  <system-out/>
  <testcase classname="dsAlgoTests.GraphTest" name="verifyCodeExecutionforGraphRepresentationPage" time="0.000">
    <skipped/>
  </testcase> <!-- verifyCodeExecutionforGraphRepresentationPage -->
  <system-out/>
  <testcase classname="dsAlgoTests.GraphTest" name="verifyCodeExecutionforGraphRepresentationPage" time="0.000">
    <skipped/>
  </testcase> <!-- verifyCodeExecutionforGraphRepresentationPage -->
  <system-out/>
  <testcase classname="dsAlgoTests.GraphTest" name="verifyCodeExecutionforGraphRepresentationPage" time="0.000">
    <skipped/>
  </testcase> <!-- verifyCodeExecutionforGraphRepresentationPage -->
  <system-out/>
  <testcase classname="dsAlgoTests.GraphTest" name="verifyCodeExecutionforGraphRepresentationPage" time="0.000">
    <skipped/>
  </testcase> <!-- verifyCodeExecutionforGraphRepresentationPage -->
  <system-out/>
  <testcase classname="dsAlgoTests.GraphTest" name="verifyCodeExecutionforGraphRepresentationPage" time="0.000">
    <skipped/>
  </testcase> <!-- verifyCodeExecutionforGraphRepresentationPage -->
  <system-out/>
  <testcase classname="dsAlgoTests.GraphTest" name="verifyCodeExecutionforGraphRepresentationPage" time="0.000">
    <skipped/>
  </testcase> <!-- verifyCodeExecutionforGraphRepresentationPage -->
  <system-out/>
  <testcase classname="dsAlgoTests.GraphTest" name="verifyCodeExecutionforGraphRepresentationPage" time="0.000">
    <skipped/>
  </testcase> <!-- verifyCodeExecutionforGraphRepresentationPage -->
  <system-out/>
  <testcase classname="dsAlgoTests.GraphTest" name="verifyCodeExecutionforGraphRepresentationPage" time="0.000">
    <skipped/>
  </testcase> <!-- verifyCodeExecutionforGraphRepresentationPage -->
  <system-out/>
  <testcase classname="dsAlgoTests.GraphTest" name="verifyCodeExecutionforGraphRepresentationPage" time="0.000">
    <skipped/>
  </testcase> <!-- verifyCodeExecutionforGraphRepresentationPage -->
  <system-out/>
  <testcase classname="dsAlgoTests.GraphTest" name="verifyCodeExecutionforGraphRepresentationPage" time="0.000">
    <skipped/>
  </testcase> <!-- verifyCodeExecutionforGraphRepresentationPage -->
  <system-out/>
  <testcase classname="dsAlgoTests.GraphTest" name="verifyCodeExecutionforGraphRepresentationPage" time="0.000">
    <skipped/>
  </testcase> <!-- verifyCodeExecutionforGraphRepresentationPage -->
  <system-out/>
  <testcase classname="dsAlgoTests.GraphTest" name="verifyCodeExecutionforGraphRepresentationPage" time="0.000">
    <skipped/>
  </testcase> <!-- verifyCodeExecutionforGraphRepresentationPage -->
  <system-out/>
  <testcase classname="dsAlgoTests.GraphTest" name="verifyCodeExecutionforGraphRepresentationPage" time="0.000">
    <skipped/>
  </testcase> <!-- verifyCodeExecutionforGraphRepresentationPage -->
  <system-out/>
  <testcase classname="dsAlgoTests.GraphTest" name="verifyCodeExecutionforGraphRepresentationPage" time="0.000">
    <skipped/>
  </testcase> <!-- verifyCodeExecutionforGraphRepresentationPage -->
  <system-out/>
  <testcase classname="dsAlgoTests.GraphTest" name="verifyCodeExecutionforGraphRepresentationPage" time="0.000">
    <skipped/>
  </testcase> <!-- verifyCodeExecutionforGraphRepresentationPage -->
  <system-out/>
  <testcase classname="dsAlgoTests.GraphTest" name="verifyCodeExecutionforGraphRepresentationPage" time="0.000">
    <skipped/>
  </testcase> <!-- verifyCodeExecutionforGraphRepresentationPage -->
  <system-out/>
  <testcase classname="dsAlgoTests.GraphTest" name="verifyCodeExecutionforGraphRepresentationPage" time="0.000">
    <skipped/>
  </testcase> <!-- verifyCodeExecutionforGraphRepresentationPage -->
  <system-out/>
  <testcase classname="dsAlgoTests.GraphTest" name="verifyCodeExecutionforGraphRepresentationPage" time="0.000">
    <skipped/>
  </testcase> <!-- verifyCodeExecutionforGraphRepresentationPage -->
  <system-out/>
  <testcase classname="dsAlgoTests.GraphTest" name="verifyCodeExecutionforGraphRepresentationPage" time="0.000">
    <skipped/>
  </testcase> <!-- verifyCodeExecutionforGraphRepresentationPage -->
  <system-out/>
  <testcase classname="dsAlgoTests.GraphTest" name="verifyCodeExecutionforGraphRepresentationPage" time="0.000">
    <skipped/>
  </testcase> <!-- verifyCodeExecutionforGraphRepresentationPage -->
  <system-out/>
  <testcase classname="dsAlgoTests.GraphTest" name="verifyCodeExecutionforGraphRepresentationPage" time="0.000">
    <skipped/>
  </testcase> <!-- verifyCodeExecutionforGraphRepresentationPage -->
  <system-out/>
  <testcase classname="dsAlgoTests.GraphTest" name="verifyCodeExecutionforGraphRepresentationPage" time="0.000">
    <skipped/>
  </testcase> <!-- verifyCodeExecutionforGraphRepresentationPage -->
  <system-out/>
  <testcase classname="dsAlgoTests.GraphTest" name="verifyCodeExecutionforGraphRepresentationPage" time="0.000">
    <skipped/>
  </testcase> <!-- verifyCodeExecutionforGraphRepresentationPage -->
  <system-out/>
  <testcase classname="dsAlgoTests.GraphTest" name="verifyCodeExecutionforGraphRepresentationPage" time="0.000">
    <skipped/>
  </testcase> <!-- verifyCodeExecutionforGraphRepresentationPage -->
  <system-out/>
  <testcase classname="dsAlgoTests.GraphTest" name="verifyCodeExecutionforGraphRepresentationPage" time="0.000">
    <skipped/>
  </testcase> <!-- verifyCodeExecutionforGraphRepresentationPage -->
  <system-out/>
  <testcase classname="dsAlgoTests.GraphTest" name="verifyCodeExecutionforGraphRepresentationPage" time="0.000">
    <skipped/>
  </testcase> <!-- verifyCodeExecutionforGraphRepresentationPage -->
  <system-out/>
  <testcase classname="dsAlgoTests.GraphTest" name="verifyCodeExecutionforGraphRepresentationPage" time="0.000">
    <skipped/>
  </testcase> <!-- verifyCodeExecutionforGraphRepresentationPage -->
  <system-out/>
  <testcase classname="dsAlgoTests.GraphTest" name="verifyCodeExecutionforGraphRepresentationPage" time="0.000">
    <skipped/>
  </testcase> <!-- verifyCodeExecutionforGraphRepresentationPage -->
  <system-out/>
  <testcase classname="dsAlgoTests.GraphTest" name="verifyCodeExecutionforGraphRepresentationPage" time="0.000">
    <skipped/>
  </testcase> <!-- verifyCodeExecutionforGraphRepresentationPage -->
  <system-out/>
  <testcase classname="dsAlgoTests.GraphTest" name="verifyCodeExecutionforGraphRepresentationPage" time="0.000">
    <skipped/>
  </testcase> <!-- verifyCodeExecutionforGraphRepresentationPage -->
  <system-out/>
  <testcase classname="dsAlgoTests.GraphTest" name="verifyCodeExecutionforGraphRepresentationPage" time="0.000">
    <skipped/>
  </testcase> <!-- verifyCodeExecutionforGraphRepresentationPage -->
  <system-out/>
</testsuite> <!-- dsAlgoTests.GraphTest -->
