<?xml version="1.0" encoding="UTF-8"?>
<!-- Generated by org.testng.reporters.JUnitReportReporter -->
<testsuite hostname="DESKTOP-SF0QLDR" failures="0" tests="6" name="dsAlgoTests.SigninTest" time="121.799" errors="0" timestamp="2025-02-06T09:24:49 EST" skipped="0">
  <testcase classname="dsAlgoTests.SigninTest" name="enterCredentials" time="24.645"/>
  <system-out/>
  <testcase classname="dsAlgoTests.SigninTest" name="enterCredentials" time="24.075"/>
  <system-out/>
  <testcase classname="dsAlgoTests.SigninTest" name="enterCredentials" time="22.620"/>
  <system-out/>
  <testcase classname="dsAlgoTests.SigninTest" name="enterCredentials" time="3.067"/>
  <system-out/>
  <testcase classname="dsAlgoTests.SigninTest" name="enterCredentials" time="24.553"/>
  <system-out/>
  <testcase classname="dsAlgoTests.SigninTest" name="enterCredentials" time="22.839"/>
  <system-out/>
</testsuite> <!-- dsAlgoTests.SigninTest -->
