<?xml version="1.0" encoding="UTF-8"?>
<!-- Generated by org.testng.reporters.JUnitReportReporter -->
<testsuite hostname="sukeerthsahana" failures="0" tests="2" name="dsAlgoTests.GraphTest" time="14.537" errors="0" timestamp="2025-02-05T16:57:06 CST" skipped="0">
  <testcase classname="dsAlgoTests.GraphTest" name="verifyCodeExecutionforGraphRepresentationPage" time="7.797"/>
  <system-out/>
  <testcase classname="dsAlgoTests.GraphTest" name="verifyCodeExecutionforGraphRepresentationPage" time="6.740"/>
  <system-out/>
</testsuite> <!-- dsAlgoTests.GraphTest -->
