<?xml version="1.0" encoding="UTF-8"?>
<!-- Generated by org.testng.reporters.JUnitReportReporter -->
<testsuite hostname="DESKTOP-SF0QLDR" failures="0" tests="3013" name="dsAlgoTests.StackTest" time="90.782" errors="2" timestamp="2025-02-05T13:30:18 EST" skipped="3011">
  <testcase classname="dsAlgoTests.StackTest" name="verifyCodeImplementationPage" time="46.967">
    <skipped/>
  </testcase> <!-- verifyCodeImplementationPage -->
  <system-out/>
  <testcase classname="dsAlgoTests.StackTest" name="verifyCodeImplementationPage" time="0.000">
    <skipped/>
  </testcase> <!-- verifyCodeImplementationPage -->
  <system-out/>
  <testcase classname="dsAlgoTests.StackTest" name="verifyCodeApplicationsPage" time="0.000">
    <skipped/>
  </testcase> <!-- verifyCodeApplicationsPage -->
  <system-out/>
  <testcase classname="dsAlgoTests.StackTest" name="verifyCodeImplementationPage" time="0.000">
    <skipped/>
  </testcase> <!-- verifyCodeImplementationPage -->
  <system-out/>
  <testcase classname="dsAlgoTests.StackTest" name="verifyCodeApplicationsPage" time="0.000">
    <skipped/>
  </testcase> <!-- verifyCodeApplicationsPage -->
  <system-out/>
  <testcase classname="dsAlgoTests.StackTest" name="verifyCodeOperationsInStackPage" time="0.000">
    <skipped/>
  </testcase> <!-- verifyCodeOperationsInStackPage -->
  <system-out/>
  <testcase classname="dsAlgoTests.StackTest" name="verifyCodeApplicationsPage" time="0.000">
    <skipped/>
  </testcase> <!-- verifyCodeApplicationsPage -->
  <system-out/>
  <testcase classname="dsAlgoTests.StackTest" name="verifyCodeImplementationPage" time="0.000">
    <skipped/>
  </testcase> <!-- verifyCodeImplementationPage -->
  <system-out/>
  <testcase classname="dsAlgoTests.StackTest" name="verifyCodeApplicationsPage" time="0.000">
    <skipped/>
  </testcase> <!-- verifyCodeApplicationsPage -->
  <system-out/>
  <testcase classname="dsAlgoTests.StackTest" name="verifyCodeImplementationPage" time="0.000">
    <skipped/>
  </testcase> <!-- verifyCodeImplementationPage -->
  <system-out/>
  <testcase classname="dsAlgoTests.StackTest" name="verifyCodeImplementationPage" time="0.000">
    <skipped/>
  </testcase> <!-- verifyCodeImplementationPage -->
  <system-out/>
  <testcase classname="dsAlgoTests.StackTest" name="verifyCodeOperationsInStackPage" time="0.000">
    <skipped/>
  </testcase> <!-- verifyCodeOperationsInStackPage -->
  <system-out/>
  <testcase classname="dsAlgoTests.StackTest" name="verifyCodeImplementationPage" time="0.000">
    <skipped/>
  </testcase> <!-- verifyCodeImplementationPage -->
  <system-out/>
  <testcase classname="dsAlgoTests.StackTest" name="verifyCodeOperationsInStackPage" time="0.000">
    <skipped/>
  </testcase> <!-- verifyCodeOperationsInStackPage -->
  <system-out/>
  <testcase classname="dsAlgoTests.StackTest" name="verifyCodeImplementationPage" time="0.000">
    <skipped/>
  </testcase> <!-- verifyCodeImplementationPage -->
  <system-out/>
  <testcase classname="dsAlgoTests.StackTest" name="verifyCodeOperationsInStackPage" time="0.000">
    <skipped/>
  </testcase> <!-- verifyCodeOperationsInStackPage -->
  <system-out/>
  <testcase classname="dsAlgoTests.StackTest" name="verifyCodeApplicationsPage" time="0.000">
    <skipped/>
  </testcase> <!-- verifyCodeApplicationsPage -->
  <system-out/>
  <testcase classname="dsAlgoTests.StackTest" name="verifyCodeOperationsInStackPage" time="0.000">
    <skipped/>
  </testcase> <!-- verifyCodeOperationsInStackPage -->
  <system-out/>
  <testcase classname="dsAlgoTests.StackTest" name="verifyCodeApplicationsPage" time="0.000">
    <skipped/>
  </testcase> <!-- verifyCodeApplicationsPage -->
  <system-out/>
  <testcase classname="dsAlgoTests.StackTest" name="verifyCodeApplicationsPage" time="0.000">
    <skipped/>
  </testcase> <!-- verifyCodeApplicationsPage -->
  <system-out/>
  <testcase classname="dsAlgoTests.StackTest" name="verifyCodeApplicationsPage" time="0.000">
    <skipped/>
  </testcase> <!-- verifyCodeApplicationsPage -->
  <system-out/>
  <testcase classname="dsAlgoTests.StackTest" name="verifyCodeImplementationPage" time="0.000">
    <skipped/>
  </testcase> <!-- verifyCodeImplementationPage -->
  <system-out/>
  <testcase classname="dsAlgoTests.StackTest" name="verifyCodeImplementationPage" time="0.000">
    <skipped/>
  </testcase> <!-- verifyCodeImplementationPage -->
  <system-out/>
  <testcase classname="dsAlgoTests.StackTest" name="verifyCodeApplicationsPage" time="0.000">
    <skipped/>
  </testcase> <!-- verifyCodeApplicationsPage -->
  <system-out/>
  <testcase classname="dsAlgoTests.StackTest" name="verifyCodeImplementationPage" time="0.000">
    <skipped/>
  </testcase> <!-- verifyCodeImplementationPage -->
  <system-out/>
  <testcase classname="dsAlgoTests.StackTest" name="verifyCodeOperationsInStackPage" time="0.000">
    <skipped/>
  </testcase> <!-- verifyCodeOperationsInStackPage -->
  <system-out/>
  <testcase classname="dsAlgoTests.StackTest" name="verifyCodeOperationsInStackPage" time="0.000">
    <skipped/>
  </testcase> <!-- verifyCodeOperationsInStackPage -->
  <system-out/>
  <testcase classname="dsAlgoTests.StackTest" name="verifyCodeApplicationsPage" time="0.000">
    <skipped/>
  </testcase> <!-- verifyCodeApplicationsPage -->
  <system-out/>
  <testcase classname="dsAlgoTests.StackTest" name="verifyCodeImplementationPage" time="0.000">
    <skipped/>
  </testcase> <!-- verifyCodeImplementationPage -->
  <system-out/>
  <testcase classname="dsAlgoTests.StackTest" name="verifyCodeOperationsInStackPage" time="0.000">
    <skipped/>
  </testcase> <!-- verifyCodeOperationsInStackPage -->
  <system-out/>
  <testcase classname="dsAlgoTests.StackTest" name="verifyCodeApplicationsPage" time="0.000">
    <skipped/>
  </testcase> <!-- verifyCodeApplicationsPage -->
  <system-out/>
  <testcase classname="dsAlgoTests.StackTest" name="verifyCodeOperationsInStackPage" time="0.000">
    <skipped/>
  </testcase> <!-- verifyCodeOperationsInStackPage -->
  <system-out/>
  <testcase classname="dsAlgoTests.StackTest" name="verifyCodeImplementationPage" time="0.000">
    <skipped/>
  </testcase> <!-- verifyCodeImplementationPage -->
  <system-out/>
  <testcase classname="dsAlgoTests.StackTest" name="verifyCodeOperationsInStackPage" time="0.000">
    <skipped/>
  </testcase> <!-- verifyCodeOperationsInStackPage -->
  <system-out/>
  <testcase classname="dsAlgoTests.StackTest" name="verifyCodeImplementationPage" time="0.000">
    <skipped/>
  </testcase> <!-- verifyCodeImplementationPage -->
  <system-out/>
  <testcase classname="dsAlgoTests.StackTest" name="verifyCodeImplementationPage" time="0.000">
    <skipped/>
  </testcase> <!-- verifyCodeImplementationPage -->
  <system-out/>
  <testcase classname="dsAlgoTests.StackTest" name="verifyCodeOperationsInStackPage" time="0.000">
    <skipped/>
  </testcase> <!-- verifyCodeOperationsInStackPage -->
  <system-out/>
  <testcase classname="dsAlgoTests.StackTest" name="verifyCodeOperationsInStackPage" time="0.000">
    <skipped/>
  </testcase> <!-- verifyCodeOperationsInStackPage -->
  <system-out/>
  <testcase classname="dsAlgoTests.StackTest" name="verifyCodeOperationsInStackPage" time="0.000">
    <skipped/>
  </testcase> <!-- verifyCodeOperationsInStackPage -->
  <system-out/>
  <testcase classname="dsAlgoTests.StackTest" name="verifyCodeOperationsInStackPage" time="0.000">
    <skipped/>
  </testcase> <!-- verifyCodeOperationsInStackPage -->
  <system-out/>
  <testcase classname="dsAlgoTests.StackTest" name="verifyCodeOperationsInStackPage" time="0.000">
    <skipped/>
  </testcase> <!-- verifyCodeOperationsInStackPage -->
  <system-out/>
  <testcase classname="dsAlgoTests.StackTest" name="verifyCodeImplementationPage" time="0.000">
    <skipped/>
  </testcase> <!-- verifyCodeImplementationPage -->
  <system-out/>
  <testcase classname="dsAlgoTests.StackTest" name="verifyCodeOperationsInStackPage" time="0.000">
    <skipped/>
  </testcase> <!-- verifyCodeOperationsInStackPage -->
  <system-out/>
  <testcase classname="dsAlgoTests.StackTest" name="verifyCodeImplementationPage" time="0.000">
    <skipped/>
  </testcase> <!-- verifyCodeImplementationPage -->
  <system-out/>
  <testcase classname="dsAlgoTests.StackTest" name="verifyCodeOperationsInStackPage" time="0.000">
    <skipped/>
  </testcase> <!-- verifyCodeOperationsInStackPage -->
  <system-out/>
  <testcase classname="dsAlgoTests.StackTest" name="verifyCodeOperationsInStackPage" time="0.000">
    <skipped/>
  </testcase> <!-- verifyCodeOperationsInStackPage -->
  <system-out/>
  <testcase classname="dsAlgoTests.StackTest" name="verifyCodeImplementationPage" time="0.000">
    <skipped/>
  </testcase> <!-- verifyCodeImplementationPage -->
  <system-out/>
  <testcase classname="dsAlgoTests.StackTest" name="verifyCodeApplicationsPage" time="0.000">
    <skipped/>
  </testcase> <!-- verifyCodeApplicationsPage -->
  <system-out/>
  <testcase classname="dsAlgoTests.StackTest" name="verifyCodeApplicationsPage" time="0.000">
    <skipped/>
  </testcase> <!-- verifyCodeApplicationsPage -->
  <system-out/>
  <testcase classname="dsAlgoTests.StackTest" name="verifyCodeOperationsInStackPage" time="0.000">
    <skipped/>
  </testcase> <!-- verifyCodeOperationsInStackPage -->
  <system-out/>
  <testcase classname="dsAlgoTests.StackTest" name="verifyCodeOperationsInStackPage" time="0.000">
    <skipped/>
  </testcase> <!-- verifyCodeOperationsInStackPage -->
  <system-out/>
  <testcase classname="dsAlgoTests.StackTest" name="verifyCodeApplicationsPage" time="0.000">
    <skipped/>
  </testcase> <!-- verifyCodeApplicationsPage -->
  <system-out/>
  <testcase classname="dsAlgoTests.StackTest" name="verifyCodeOperationsInStackPage" time="0.000">
    <skipped/>
  </testcase> <!-- verifyCodeOperationsInStackPage -->
  <system-out/>
  <testcase classname="dsAlgoTests.StackTest" name="verifyCodeApplicationsPage" time="0.000">
    <skipped/>
  </testcase> <!-- verifyCodeApplicationsPage -->
  <system-out/>
  <testcase classname="dsAlgoTests.StackTest" name="verifyCodeApplicationsPage" time="0.000">
    <skipped/>
  </testcase> <!-- verifyCodeApplicationsPage -->
  <system-out/>
  <testcase classname="dsAlgoTests.StackTest" name="verifyCodeImplementationPage" time="0.000">
    <skipped/>
  </testcase> <!-- verifyCodeImplementationPage -->
  <system-out/>
  <testcase classname="dsAlgoTests.StackTest" name="verifyCodeImplementationPage" time="0.000">
    <skipped/>
  </testcase> <!-- verifyCodeImplementationPage -->
  <system-out/>
  <testcase classname="dsAlgoTests.StackTest" name="verifyCodeApplicationsPage" time="0.000">
    <skipped/>
  </testcase> <!-- verifyCodeApplicationsPage -->
  <system-out/>
  <testcase classname="dsAlgoTests.StackTest" name="verifyCodeOperationsInStackPage" time="0.000">
    <skipped/>
  </testcase> <!-- verifyCodeOperationsInStackPage -->
  <system-out/>
  <testcase classname="dsAlgoTests.StackTest" name="verifyCodeApplicationsPage" time="0.000">
    <skipped/>
  </testcase> <!-- verifyCodeApplicationsPage -->
  <system-out/>
  <testcase classname="dsAlgoTests.StackTest" name="verifyCodeOperationsInStackPage" time="0.000">
    <skipped/>
  </testcase> <!-- verifyCodeOperationsInStackPage -->
  <system-out/>
  <testcase classname="dsAlgoTests.StackTest" name="verifyCodeApplicationsPage" time="0.000">
    <skipped/>
  </testcase> <!-- verifyCodeApplicationsPage -->
  <system-out/>
  <testcase classname="dsAlgoTests.StackTest" name="verifyCodeImplementationPage" time="0.000">
    <skipped/>
  </testcase> <!-- verifyCodeImplementationPage -->
  <system-out/>
  <testcase classname="dsAlgoTests.StackTest" name="verifyCodeOperationsInStackPage" time="0.000">
    <skipped/>
  </testcase> <!-- verifyCodeOperationsInStackPage -->
  <system-out/>
  <testcase classname="dsAlgoTests.StackTest" name="verifyCodeApplicationsPage" time="0.000">
    <skipped/>
  </testcase> <!-- verifyCodeApplicationsPage -->
  <system-out/>
  <testcase classname="dsAlgoTests.StackTest" name="verifyCodeApplicationsPage" time="0.000">
    <skipped/>
  </testcase> <!-- verifyCodeApplicationsPage -->
  <system-out/>
  <testcase classname="dsAlgoTests.StackTest" name="verifyCodeOperationsInStackPage" time="0.000">
    <skipped/>
  </testcase> <!-- verifyCodeOperationsInStackPage -->
  <system-out/>
  <testcase classname="dsAlgoTests.StackTest" name="verifyCodeApplicationsPage" time="0.000">
    <skipped/>
  </testcase> <!-- verifyCodeApplicationsPage -->
  <system-out/>
  <testcase classname="dsAlgoTests.StackTest" name="verifyCodeOperationsInStackPage" time="0.000">
    <skipped/>
  </testcase> <!-- verifyCodeOperationsInStackPage -->
  <system-out/>
  <testcase classname="dsAlgoTests.StackTest" name="verifyCodeOperationsInStackPage" time="0.000">
    <skipped/>
  </testcase> <!-- verifyCodeOperationsInStackPage -->
  <system-out/>
  <testcase classname="dsAlgoTests.StackTest" name="verifyCodeOperationsInStackPage" time="0.000">
    <skipped/>
  </testcase> <!-- verifyCodeOperationsInStackPage -->
  <system-out/>
  <testcase classname="dsAlgoTests.StackTest" name="verifyCodeImplementationPage" time="0.000">
    <skipped/>
  </testcase> <!-- verifyCodeImplementationPage -->
  <system-out/>
  <testcase classname="dsAlgoTests.StackTest" name="verifyCodeApplicationsPage" time="0.000">
    <skipped/>
  </testcase> <!-- verifyCodeApplicationsPage -->
  <system-out/>
  <testcase classname="dsAlgoTests.StackTest" name="verifyCodeImplementationPage" time="0.000">
    <skipped/>
  </testcase> <!-- verifyCodeImplementationPage -->
  <system-out/>
  <testcase classname="dsAlgoTests.StackTest" name="verifyCodeApplicationsPage" time="0.000">
    <skipped/>
  </testcase> <!-- verifyCodeApplicationsPage -->
  <system-out/>
  <testcase classname="dsAlgoTests.StackTest" name="verifyCodeApplicationsPage" time="0.000">
    <skipped/>
  </testcase> <!-- verifyCodeApplicationsPage -->
  <system-out/>
  <testcase classname="dsAlgoTests.StackTest" name="verifyCodeImplementationPage" time="0.000">
    <skipped/>
  </testcase> <!-- verifyCodeImplementationPage -->
  <system-out/>
  <testcase classname="dsAlgoTests.StackTest" name="verifyCodeApplicationsPage" time="0.000">
    <skipped/>
  </testcase> <!-- verifyCodeApplicationsPage -->
  <system-out/>
  <testcase classname="dsAlgoTests.StackTest" name="verifyCodeImplementationPage" time="0.000">
    <skipped/>
  </testcase> <!-- verifyCodeImplementationPage -->
  <system-out/>
  <testcase classname="dsAlgoTests.StackTest" name="verifyCodeImplementationPage" time="0.000">
    <skipped/>
  </testcase> <!-- verifyCodeImplementationPage -->
  <system-out/>
  <testcase classname="dsAlgoTests.StackTest" name="verifyCodeImplementationPage" time="0.000">
    <skipped/>
  </testcase> <!-- verifyCodeImplementationPage -->
  <system-out/>
  <testcase classname="dsAlgoTests.StackTest" name="verifyCodeApplicationsPage" time="0.000">
    <skipped/>
  </testcase> <!-- verifyCodeApplicationsPage -->
  <system-out/>
  <testcase classname="dsAlgoTests.StackTest" name="verifyCodeImplementationPage" time="0.000">
    <skipped/>
  </testcase> <!-- verifyCodeImplementationPage -->
  <system-out/>
  <testcase classname="dsAlgoTests.StackTest" name="verifyCodeApplicationsPage" time="0.000">
    <skipped/>
  </testcase> <!-- verifyCodeApplicationsPage -->
  <system-out/>
  <testcase classname="dsAlgoTests.StackTest" name="verifyCodeApplicationsPage" time="0.000">
    <skipped/>
  </testcase> <!-- verifyCodeApplicationsPage -->
  <system-out/>
  <testcase classname="dsAlgoTests.StackTest" name="verifyCodeApplicationsPage" time="0.000">
    <skipped/>
  </testcase> <!-- verifyCodeApplicationsPage -->
  <system-out/>
  <testcase classname="dsAlgoTests.StackTest" name="verifyCodeApplicationsPage" time="0.000">
    <skipped/>
  </testcase> <!-- verifyCodeApplicationsPage -->
  <system-out/>
  <testcase classname="dsAlgoTests.StackTest" name="verifyCodeImplementationPage" time="0.000">
    <skipped/>
  </testcase> <!-- verifyCodeImplementationPage -->
  <system-out/>
  <testcase classname="dsAlgoTests.StackTest" name="verifyCodeImplementationPage" time="0.000">
    <skipped/>
  </testcase> <!-- verifyCodeImplementationPage -->
  <system-out/>
  <testcase classname="dsAlgoTests.StackTest" name="verifyCodeApplicationsPage" time="0.000">
    <skipped/>
  </testcase> <!-- verifyCodeApplicationsPage -->
  <system-out/>
  <testcase classname="dsAlgoTests.StackTest" name="verifyCodeApplicationsPage" time="0.000">
    <skipped/>
  </testcase> <!-- verifyCodeApplicationsPage -->
  <system-out/>
  <testcase classname="dsAlgoTests.StackTest" name="verifyCodeImplementationPage" time="0.000">
    <skipped/>
  </testcase> <!-- verifyCodeImplementationPage -->
  <system-out/>
  <testcase classname="dsAlgoTests.StackTest" name="verifyCodeApplicationsPage" time="0.000">
    <skipped/>
  </testcase> <!-- verifyCodeApplicationsPage -->
  <system-out/>
  <testcase classname="dsAlgoTests.StackTest" name="verifyCodeApplicationsPage" time="0.000">
    <skipped/>
  </testcase> <!-- verifyCodeApplicationsPage -->
  <system-out/>
  <testcase classname="dsAlgoTests.StackTest" name="verifyCodeImplementationPage" time="0.000">
    <skipped/>
  </testcase> <!-- verifyCodeImplementationPage -->
  <system-out/>
  <testcase classname="dsAlgoTests.StackTest" name="verifyCodeImplementationPage" time="0.000">
    <skipped/>
  </testcase> <!-- verifyCodeImplementationPage -->
  <system-out/>
  <testcase classname="dsAlgoTests.StackTest" name="verifyCodeApplicationsPage" time="0.000">
    <skipped/>
  </testcase> <!-- verifyCodeApplicationsPage -->
  <system-out/>
  <testcase classname="dsAlgoTests.StackTest" name="verifyCodeOperationsInStackPage" time="0.000">
    <skipped/>
  </testcase> <!-- verifyCodeOperationsInStackPage -->
  <system-out/>
  <testcase classname="dsAlgoTests.StackTest" name="verifyCodeOperationsInStackPage" time="0.000">
    <skipped/>
  </testcase> <!-- verifyCodeOperationsInStackPage -->
  <system-out/>
  <testcase classname="dsAlgoTests.StackTest" name="verifyCodeOperationsInStackPage" time="0.000">
    <skipped/>
  </testcase> <!-- verifyCodeOperationsInStackPage -->
  <system-out/>
  <testcase classname="dsAlgoTests.StackTest" name="verifyCodeApplicationsPage" time="0.000">
    <skipped/>
  </testcase> <!-- verifyCodeApplicationsPage -->
  <system-out/>
  <testcase classname="dsAlgoTests.StackTest" name="verifyCodeOperationsInStackPage" time="0.000">
    <skipped/>
  </testcase> <!-- verifyCodeOperationsInStackPage -->
  <system-out/>
  <testcase classname="dsAlgoTests.StackTest" name="verifyCodeApplicationsPage" time="0.000">
    <skipped/>
  </testcase> <!-- verifyCodeApplicationsPage -->
  <system-out/>
  <testcase classname="dsAlgoTests.StackTest" name="verifyCodeImplementationPage" time="0.000">
    <skipped/>
  </testcase> <!-- verifyCodeImplementationPage -->
  <system-out/>
  <testcase classname="dsAlgoTests.StackTest" name="verifyCodeApplicationsPage" time="0.000">
    <skipped/>
  </testcase> <!-- verifyCodeApplicationsPage -->
  <system-out/>
  <testcase classname="dsAlgoTests.StackTest" name="verifyCodeImplementationPage" time="0.000">
    <skipped/>
  </testcase> <!-- verifyCodeImplementationPage -->
  <system-out/>
  <testcase classname="dsAlgoTests.StackTest" name="verifyCodeImplementationPage" time="0.000">
    <skipped/>
  </testcase> <!-- verifyCodeImplementationPage -->
  <system-out/>
  <testcase classname="dsAlgoTests.StackTest" name="verifyCodeApplicationsPage" time="0.000">
    <skipped/>
  </testcase> <!-- verifyCodeApplicationsPage -->
  <system-out/>
  <testcase classname="dsAlgoTests.StackTest" name="verifyCodeOperationsInStackPage" time="0.000">
    <skipped/>
  </testcase> <!-- verifyCodeOperationsInStackPage -->
  <system-out/>
  <testcase classname="dsAlgoTests.StackTest" name="verifyCodeOperationsInStackPage" time="0.000">
    <skipped/>
  </testcase> <!-- verifyCodeOperationsInStackPage -->
  <system-out/>
  <testcase classname="dsAlgoTests.StackTest" name="verifyCodeOperationsInStackPage" time="0.000">
    <skipped/>
  </testcase> <!-- verifyCodeOperationsInStackPage -->
  <system-out/>
  <testcase classname="dsAlgoTests.StackTest" name="verifyCodeImplementationPage" time="0.000">
    <skipped/>
  </testcase> <!-- verifyCodeImplementationPage -->
  <system-out/>
  <testcase classname="dsAlgoTests.StackTest" name="verifyCodeOperationsInStackPage" time="0.000">
    <skipped/>
  </testcase> <!-- verifyCodeOperationsInStackPage -->
  <system-out/>
  <testcase classname="dsAlgoTests.StackTest" name="verifyCodeImplementationPage" time="0.000">
    <skipped/>
  </testcase> <!-- verifyCodeImplementationPage -->
  <system-out/>
  <testcase classname="dsAlgoTests.StackTest" name="verifyCodeOperationsInStackPage" time="0.000">
    <skipped/>
  </testcase> <!-- verifyCodeOperationsInStackPage -->
  <system-out/>
  <testcase classname="dsAlgoTests.StackTest" name="verifyCodeImplementationPage" time="0.000">
    <skipped/>
  </testcase> <!-- verifyCodeImplementationPage -->
  <system-out/>
  <testcase classname="dsAlgoTests.StackTest" name="verifyCodeApplicationsPage" time="0.000">
    <skipped/>
  </testcase> <!-- verifyCodeApplicationsPage -->
  <system-out/>
  <testcase classname="dsAlgoTests.StackTest" name="verifyCodeOperationsInStackPage" time="0.000">
    <skipped/>
  </testcase> <!-- verifyCodeOperationsInStackPage -->
  <system-out/>
  <testcase classname="dsAlgoTests.StackTest" name="verifyCodeApplicationsPage" time="0.000">
    <skipped/>
  </testcase> <!-- verifyCodeApplicationsPage -->
  <system-out/>
  <testcase classname="dsAlgoTests.StackTest" name="verifyCodeOperationsInStackPage" time="0.000">
    <skipped/>
  </testcase> <!-- verifyCodeOperationsInStackPage -->
  <system-out/>
  <testcase classname="dsAlgoTests.StackTest" name="verifyCodeOperationsInStackPage" time="0.000">
    <skipped/>
  </testcase> <!-- verifyCodeOperationsInStackPage -->
  <system-out/>
  <testcase classname="dsAlgoTests.StackTest" name="verifyCodeOperationsInStackPage" time="0.000">
    <skipped/>
  </testcase> <!-- verifyCodeOperationsInStackPage -->
  <system-out/>
  <testcase classname="dsAlgoTests.StackTest" name="verifyCodeOperationsInStackPage" time="0.000">
    <skipped/>
  </testcase> <!-- verifyCodeOperationsInStackPage -->
  <system-out/>
  <testcase classname="dsAlgoTests.StackTest" name="verifyCodeImplementationPage" time="0.000">
    <skipped/>
  </testcase> <!-- verifyCodeImplementationPage -->
  <system-out/>
  <testcase classname="dsAlgoTests.StackTest" name="verifyCodeOperationsInStackPage" time="0.000">
    <skipped/>
  </testcase> <!-- verifyCodeOperationsInStackPage -->
  <system-out/>
  <testcase classname="dsAlgoTests.StackTest" name="verifyCodeOperationsInStackPage" time="0.000">
    <skipped/>
  </testcase> <!-- verifyCodeOperationsInStackPage -->
  <system-out/>
  <testcase classname="dsAlgoTests.StackTest" name="verifyCodeImplementationPage" time="0.000">
    <skipped/>
  </testcase> <!-- verifyCodeImplementationPage -->
  <system-out/>
  <testcase classname="dsAlgoTests.StackTest" name="verifyCodeOperationsInStackPage" time="0.000">
    <skipped/>
  </testcase> <!-- verifyCodeOperationsInStackPage -->
  <system-out/>
  <testcase classname="dsAlgoTests.StackTest" name="verifyCodeImplementationPage" time="0.000">
    <skipped/>
  </testcase> <!-- verifyCodeImplementationPage -->
  <system-out/>
  <testcase classname="dsAlgoTests.StackTest" name="verifyCodeImplementationPage" time="0.000">
    <skipped/>
  </testcase> <!-- verifyCodeImplementationPage -->
  <system-out/>
  <testcase classname="dsAlgoTests.StackTest" name="verifyCodeApplicationsPage" time="0.000">
    <skipped/>
  </testcase> <!-- verifyCodeApplicationsPage -->
  <system-out/>
  <testcase classname="dsAlgoTests.StackTest" name="verifyCodeApplicationsPage" time="0.000">
    <skipped/>
  </testcase> <!-- verifyCodeApplicationsPage -->
  <system-out/>
  <testcase classname="dsAlgoTests.StackTest" name="verifyCodeOperationsInStackPage" time="0.000">
    <skipped/>
  </testcase> <!-- verifyCodeOperationsInStackPage -->
  <system-out/>
  <testcase classname="dsAlgoTests.StackTest" name="verifyCodeImplementationPage" time="0.000">
    <skipped/>
  </testcase> <!-- verifyCodeImplementationPage -->
  <system-out/>
  <testcase classname="dsAlgoTests.StackTest" name="verifyCodeOperationsInStackPage" time="0.000">
    <skipped/>
  </testcase> <!-- verifyCodeOperationsInStackPage -->
  <system-out/>
  <testcase classname="dsAlgoTests.StackTest" name="verifyCodeOperationsInStackPage" time="0.000">
    <skipped/>
  </testcase> <!-- verifyCodeOperationsInStackPage -->
  <system-out/>
  <testcase classname="dsAlgoTests.StackTest" name="verifyCodeOperationsInStackPage" time="0.000">
    <skipped/>
  </testcase> <!-- verifyCodeOperationsInStackPage -->
  <system-out/>
  <testcase classname="dsAlgoTests.StackTest" name="verifyCodeApplicationsPage" time="0.000">
    <skipped/>
  </testcase> <!-- verifyCodeApplicationsPage -->
  <system-out/>
  <testcase classname="dsAlgoTests.StackTest" name="verifyCodeOperationsInStackPage" time="0.000">
    <skipped/>
  </testcase> <!-- verifyCodeOperationsInStackPage -->
  <system-out/>
  <testcase classname="dsAlgoTests.StackTest" name="verifyCodeOperationsInStackPage" time="0.000">
    <skipped/>
  </testcase> <!-- verifyCodeOperationsInStackPage -->
  <system-out/>
  <testcase classname="dsAlgoTests.StackTest" name="verifyCodeApplicationsPage" time="0.000">
    <skipped/>
  </testcase> <!-- verifyCodeApplicationsPage -->
  <system-out/>
  <testcase classname="dsAlgoTests.StackTest" name="verifyCodeApplicationsPage" time="0.000">
    <skipped/>
  </testcase> <!-- verifyCodeApplicationsPage -->
  <system-out/>
  <testcase classname="dsAlgoTests.StackTest" name="verifyCodeOperationsInStackPage" time="0.000">
    <skipped/>
  </testcase> <!-- verifyCodeOperationsInStackPage -->
  <system-out/>
  <testcase classname="dsAlgoTests.StackTest" name="verifyCodeApplicationsPage" time="0.000">
    <skipped/>
  </testcase> <!-- verifyCodeApplicationsPage -->
  <system-out/>
  <testcase classname="dsAlgoTests.StackTest" name="verifyCodeImplementationPage" time="0.000">
    <skipped/>
  </testcase> <!-- verifyCodeImplementationPage -->
  <system-out/>
  <testcase classname="dsAlgoTests.StackTest" name="verifyCodeImplementationPage" time="0.000">
    <skipped/>
  </testcase> <!-- verifyCodeImplementationPage -->
  <system-out/>
  <testcase classname="dsAlgoTests.StackTest" name="verifyCodeImplementationPage" time="0.000">
    <skipped/>
  </testcase> <!-- verifyCodeImplementationPage -->
  <system-out/>
  <testcase classname="dsAlgoTests.StackTest" name="verifyCodeOperationsInStackPage" time="0.000">
    <skipped/>
  </testcase> <!-- verifyCodeOperationsInStackPage -->
  <system-out/>
  <testcase classname="dsAlgoTests.StackTest" name="verifyCodeImplementationPage" time="0.000">
    <skipped/>
  </testcase> <!-- verifyCodeImplementationPage -->
  <system-out/>
  <testcase classname="dsAlgoTests.StackTest" name="verifyCodeOperationsInStackPage" time="0.000">
    <skipped/>
  </testcase> <!-- verifyCodeOperationsInStackPage -->
  <system-out/>
  <testcase classname="dsAlgoTests.StackTest" name="verifyCodeApplicationsPage" time="0.000">
    <skipped/>
  </testcase> <!-- verifyCodeApplicationsPage -->
  <system-out/>
  <testcase classname="dsAlgoTests.StackTest" name="verifyCodeImplementationPage" time="0.000">
    <skipped/>
  </testcase> <!-- verifyCodeImplementationPage -->
  <system-out/>
  <testcase classname="dsAlgoTests.StackTest" name="verifyCodeApplicationsPage" time="0.000">
    <skipped/>
  </testcase> <!-- verifyCodeApplicationsPage -->
  <system-out/>
  <testcase classname="dsAlgoTests.StackTest" name="verifyCodeApplicationsPage" time="0.000">
    <skipped/>
  </testcase> <!-- verifyCodeApplicationsPage -->
  <system-out/>
  <testcase classname="dsAlgoTests.StackTest" name="verifyCodeApplicationsPage" time="0.000">
    <skipped/>
  </testcase> <!-- verifyCodeApplicationsPage -->
  <system-out/>
  <testcase classname="dsAlgoTests.StackTest" name="verifyCodeApplicationsPage" time="0.000">
    <skipped/>
  </testcase> <!-- verifyCodeApplicationsPage -->
  <system-out/>
  <testcase classname="dsAlgoTests.StackTest" name="verifyCodeImplementationPage" time="0.000">
    <skipped/>
  </testcase> <!-- verifyCodeImplementationPage -->
  <system-out/>
  <testcase classname="dsAlgoTests.StackTest" name="verifyCodeOperationsInStackPage" time="0.000">
    <skipped/>
  </testcase> <!-- verifyCodeOperationsInStackPage -->
  <system-out/>
  <testcase classname="dsAlgoTests.StackTest" name="verifyCodeApplicationsPage" time="0.000">
    <skipped/>
  </testcase> <!-- verifyCodeApplicationsPage -->
  <system-out/>
  <testcase classname="dsAlgoTests.StackTest" name="verifyCodeOperationsInStackPage" time="0.000">
    <skipped/>
  </testcase> <!-- verifyCodeOperationsInStackPage -->
  <system-out/>
  <testcase classname="dsAlgoTests.StackTest" name="verifyCodeApplicationsPage" time="0.000">
    <skipped/>
  </testcase> <!-- verifyCodeApplicationsPage -->
  <system-out/>
  <testcase classname="dsAlgoTests.StackTest" name="verifyCodeOperationsInStackPage" time="0.000">
    <skipped/>
  </testcase> <!-- verifyCodeOperationsInStackPage -->
  <system-out/>
  <testcase classname="dsAlgoTests.StackTest" name="verifyCodeImplementationPage" time="0.000">
    <skipped/>
  </testcase> <!-- verifyCodeImplementationPage -->
  <system-out/>
  <testcase classname="dsAlgoTests.StackTest" name="verifyCodeImplementationPage" time="0.000">
    <skipped/>
  </testcase> <!-- verifyCodeImplementationPage -->
  <system-out/>
  <testcase classname="dsAlgoTests.StackTest" name="verifyCodeApplicationsPage" time="0.000">
    <skipped/>
  </testcase> <!-- verifyCodeApplicationsPage -->
  <system-out/>
  <testcase classname="dsAlgoTests.StackTest" name="verifyCodeApplicationsPage" time="0.000">
    <skipped/>
  </testcase> <!-- verifyCodeApplicationsPage -->
  <system-out/>
  <testcase classname="dsAlgoTests.StackTest" name="verifyCodeApplicationsPage" time="0.000">
    <skipped/>
  </testcase> <!-- verifyCodeApplicationsPage -->
  <system-out/>
  <testcase classname="dsAlgoTests.StackTest" name="verifyCodeOperationsInStackPage" time="0.000">
    <skipped/>
  </testcase> <!-- verifyCodeOperationsInStackPage -->
  <system-out/>
  <testcase classname="dsAlgoTests.StackTest" name="verifyCodeImplementationPage" time="0.000">
    <skipped/>
  </testcase> <!-- verifyCodeImplementationPage -->
  <system-out/>
  <testcase classname="dsAlgoTests.StackTest" name="verifyCodeOperationsInStackPage" time="0.000">
    <skipped/>
  </testcase> <!-- verifyCodeOperationsInStackPage -->
  <system-out/>
  <testcase classname="dsAlgoTests.StackTest" name="verifyCodeApplicationsPage" time="0.000">
    <skipped/>
  </testcase> <!-- verifyCodeApplicationsPage -->
  <system-out/>
  <testcase classname="dsAlgoTests.StackTest" name="verifyCodeApplicationsPage" time="0.000">
    <skipped/>
  </testcase> <!-- verifyCodeApplicationsPage -->
  <system-out/>
  <testcase classname="dsAlgoTests.StackTest" name="verifyCodeApplicationsPage" time="0.000">
    <skipped/>
  </testcase> <!-- verifyCodeApplicationsPage -->
  <system-out/>
  <testcase classname="dsAlgoTests.StackTest" name="verifyCodeOperationsInStackPage" time="0.000">
    <skipped/>
  </testcase> <!-- verifyCodeOperationsInStackPage -->
  <system-out/>
  <testcase classname="dsAlgoTests.StackTest" name="verifyCodeImplementationPage" time="0.000">
    <skipped/>
  </testcase> <!-- verifyCodeImplementationPage -->
  <system-out/>
  <testcase classname="dsAlgoTests.StackTest" name="verifyCodeApplicationsPage" time="0.000">
    <skipped/>
  </testcase> <!-- verifyCodeApplicationsPage -->
  <system-out/>
  <testcase classname="dsAlgoTests.StackTest" name="verifyCodeImplementationPage" time="0.000">
    <skipped/>
  </testcase> <!-- verifyCodeImplementationPage -->
  <system-out/>
  <testcase classname="dsAlgoTests.StackTest" name="verifyCodeApplicationsPage" time="0.000">
    <skipped/>
  </testcase> <!-- verifyCodeApplicationsPage -->
  <system-out/>
  <testcase classname="dsAlgoTests.StackTest" name="verifyCodeImplementationPage" time="0.000">
    <skipped/>
  </testcase> <!-- verifyCodeImplementationPage -->
  <system-out/>
  <testcase classname="dsAlgoTests.StackTest" name="verifyCodeApplicationsPage" time="0.000">
    <skipped/>
  </testcase> <!-- verifyCodeApplicationsPage -->
  <system-out/>
  <testcase classname="dsAlgoTests.StackTest" name="verifyCodeOperationsInStackPage" time="0.000">
    <skipped/>
  </testcase> <!-- verifyCodeOperationsInStackPage -->
  <system-out/>
  <testcase classname="dsAlgoTests.StackTest" name="verifyCodeApplicationsPage" time="0.000">
    <skipped/>
  </testcase> <!-- verifyCodeApplicationsPage -->
  <system-out/>
  <testcase classname="dsAlgoTests.StackTest" name="verifyCodeImplementationPage" time="0.000">
    <skipped/>
  </testcase> <!-- verifyCodeImplementationPage -->
  <system-out/>
  <testcase classname="dsAlgoTests.StackTest" name="verifyCodeOperationsInStackPage" time="0.000">
    <skipped/>
  </testcase> <!-- verifyCodeOperationsInStackPage -->
  <system-out/>
  <testcase classname="dsAlgoTests.StackTest" name="verifyCodeOperationsInStackPage" time="0.000">
    <skipped/>
  </testcase> <!-- verifyCodeOperationsInStackPage -->
  <system-out/>
  <testcase classname="dsAlgoTests.StackTest" name="verifyCodeApplicationsPage" time="0.000">
    <skipped/>
  </testcase> <!-- verifyCodeApplicationsPage -->
  <system-out/>
  <testcase classname="dsAlgoTests.StackTest" name="verifyCodeApplicationsPage" time="0.000">
    <skipped/>
  </testcase> <!-- verifyCodeApplicationsPage -->
  <system-out/>
  <testcase classname="dsAlgoTests.StackTest" name="verifyCodeApplicationsPage" time="0.000">
    <skipped/>
  </testcase> <!-- verifyCodeApplicationsPage -->
  <system-out/>
  <testcase classname="dsAlgoTests.StackTest" name="verifyCodeImplementationPage" time="0.000">
    <skipped/>
  </testcase> <!-- verifyCodeImplementationPage -->
  <system-out/>
  <testcase classname="dsAlgoTests.StackTest" name="verifyCodeApplicationsPage" time="0.000">
    <skipped/>
  </testcase> <!-- verifyCodeApplicationsPage -->
  <system-out/>
  <testcase classname="dsAlgoTests.StackTest" name="verifyCodeImplementationPage" time="0.000">
    <skipped/>
  </testcase> <!-- verifyCodeImplementationPage -->
  <system-out/>
  <testcase classname="dsAlgoTests.StackTest" name="verifyCodeImplementationPage" time="0.000">
    <skipped/>
  </testcase> <!-- verifyCodeImplementationPage -->
  <system-out/>
  <testcase classname="dsAlgoTests.StackTest" name="verifyCodeOperationsInStackPage" time="0.000">
    <skipped/>
  </testcase> <!-- verifyCodeOperationsInStackPage -->
  <system-out/>
  <testcase classname="dsAlgoTests.StackTest" name="verifyCodeOperationsInStackPage" time="0.000">
    <skipped/>
  </testcase> <!-- verifyCodeOperationsInStackPage -->
  <system-out/>
  <testcase classname="dsAlgoTests.StackTest" name="verifyCodeImplementationPage" time="0.000">
    <skipped/>
  </testcase> <!-- verifyCodeImplementationPage -->
  <system-out/>
  <testcase classname="dsAlgoTests.StackTest" name="verifyCodeOperationsInStackPage" time="0.000">
    <skipped/>
  </testcase> <!-- verifyCodeOperationsInStackPage -->
  <system-out/>
  <testcase classname="dsAlgoTests.StackTest" name="verifyCodeApplicationsPage" time="0.000">
    <skipped/>
  </testcase> <!-- verifyCodeApplicationsPage -->
  <system-out/>
  <testcase classname="dsAlgoTests.StackTest" name="verifyCodeApplicationsPage" time="0.000">
    <skipped/>
  </testcase> <!-- verifyCodeApplicationsPage -->
  <system-out/>
  <testcase classname="dsAlgoTests.StackTest" name="verifyCodeApplicationsPage" time="0.000">
    <skipped/>
  </testcase> <!-- verifyCodeApplicationsPage -->
  <system-out/>
  <testcase classname="dsAlgoTests.StackTest" name="verifyCodeOperationsInStackPage" time="0.000">
    <skipped/>
  </testcase> <!-- verifyCodeOperationsInStackPage -->
  <system-out/>
  <testcase classname="dsAlgoTests.StackTest" name="verifyCodeOperationsInStackPage" time="0.000">
    <skipped/>
  </testcase> <!-- verifyCodeOperationsInStackPage -->
  <system-out/>
  <testcase classname="dsAlgoTests.StackTest" name="verifyCodeImplementationPage" time="0.000">
    <skipped/>
  </testcase> <!-- verifyCodeImplementationPage -->
  <system-out/>
  <testcase classname="dsAlgoTests.StackTest" name="verifyCodeOperationsInStackPage" time="0.000">
    <skipped/>
  </testcase> <!-- verifyCodeOperationsInStackPage -->
  <system-out/>
  <testcase classname="dsAlgoTests.StackTest" name="verifyCodeImplementationPage" time="0.000">
    <skipped/>
  </testcase> <!-- verifyCodeImplementationPage -->
  <system-out/>
  <testcase classname="dsAlgoTests.StackTest" name="verifyCodeOperationsInStackPage" time="0.000">
    <skipped/>
  </testcase> <!-- verifyCodeOperationsInStackPage -->
  <system-out/>
  <testcase classname="dsAlgoTests.StackTest" name="verifyCodeApplicationsPage" time="0.000">
    <skipped/>
  </testcase> <!-- verifyCodeApplicationsPage -->
  <system-out/>
  <testcase classname="dsAlgoTests.StackTest" name="verifyCodeOperationsInStackPage" time="0.000">
    <skipped/>
  </testcase> <!-- verifyCodeOperationsInStackPage -->
  <system-out/>
  <testcase classname="dsAlgoTests.StackTest" name="verifyCodeOperationsInStackPage" time="0.000">
    <skipped/>
  </testcase> <!-- verifyCodeOperationsInStackPage -->
  <system-out/>
  <testcase classname="dsAlgoTests.StackTest" name="verifyCodeOperationsInStackPage" time="0.000">
    <skipped/>
  </testcase> <!-- verifyCodeOperationsInStackPage -->
  <system-out/>
  <testcase classname="dsAlgoTests.StackTest" name="verifyCodeImplementationPage" time="0.000">
    <skipped/>
  </testcase> <!-- verifyCodeImplementationPage -->
  <system-out/>
  <testcase classname="dsAlgoTests.StackTest" name="verifyCodeOperationsInStackPage" time="0.000">
    <skipped/>
  </testcase> <!-- verifyCodeOperationsInStackPage -->
  <system-out/>
  <testcase classname="dsAlgoTests.StackTest" name="verifyCodeImplementationPage" time="0.000">
    <skipped/>
  </testcase> <!-- verifyCodeImplementationPage -->
  <system-out/>
  <testcase classname="dsAlgoTests.StackTest" name="verifyCodeApplicationsPage" time="0.000">
    <skipped/>
  </testcase> <!-- verifyCodeApplicationsPage -->
  <system-out/>
  <testcase classname="dsAlgoTests.StackTest" name="verifyCodeImplementationPage" time="0.000">
    <skipped/>
  </testcase> <!-- verifyCodeImplementationPage -->
  <system-out/>
  <testcase classname="dsAlgoTests.StackTest" name="verifyCodeApplicationsPage" time="0.000">
    <skipped/>
  </testcase> <!-- verifyCodeApplicationsPage -->
  <system-out/>
  <testcase classname="dsAlgoTests.StackTest" name="verifyCodeApplicationsPage" time="0.000">
    <skipped/>
  </testcase> <!-- verifyCodeApplicationsPage -->
  <system-out/>
  <testcase classname="dsAlgoTests.StackTest" name="verifyCodeImplementationPage" time="0.000">
    <skipped/>
  </testcase> <!-- verifyCodeImplementationPage -->
  <system-out/>
  <testcase classname="dsAlgoTests.StackTest" name="verifyCodeOperationsInStackPage" time="0.000">
    <skipped/>
  </testcase> <!-- verifyCodeOperationsInStackPage -->
  <system-out/>
  <testcase classname="dsAlgoTests.StackTest" name="verifyCodeOperationsInStackPage" time="0.000">
    <skipped/>
  </testcase> <!-- verifyCodeOperationsInStackPage -->
  <system-out/>
  <testcase classname="dsAlgoTests.StackTest" name="verifyCodeApplicationsPage" time="0.000">
    <skipped/>
  </testcase> <!-- verifyCodeApplicationsPage -->
  <system-out/>
  <testcase classname="dsAlgoTests.StackTest" name="verifyCodeOperationsInStackPage" time="0.000">
    <skipped/>
  </testcase> <!-- verifyCodeOperationsInStackPage -->
  <system-out/>
  <testcase classname="dsAlgoTests.StackTest" name="verifyCodeApplicationsPage" time="0.000">
    <skipped/>
  </testcase> <!-- verifyCodeApplicationsPage -->
  <system-out/>
  <testcase classname="dsAlgoTests.StackTest" name="verifyCodeOperationsInStackPage" time="0.000">
    <skipped/>
  </testcase> <!-- verifyCodeOperationsInStackPage -->
  <system-out/>
  <testcase classname="dsAlgoTests.StackTest" name="verifyCodeApplicationsPage" time="0.000">
    <skipped/>
  </testcase> <!-- verifyCodeApplicationsPage -->
  <system-out/>
  <testcase classname="dsAlgoTests.StackTest" name="verifyCodeOperationsInStackPage" time="0.000">
    <skipped/>
  </testcase> <!-- verifyCodeOperationsInStackPage -->
  <system-out/>
  <testcase classname="dsAlgoTests.StackTest" name="verifyCodeImplementationPage" time="0.000">
    <skipped/>
  </testcase> <!-- verifyCodeImplementationPage -->
  <system-out/>
  <testcase classname="dsAlgoTests.StackTest" name="verifyCodeApplicationsPage" time="0.000">
    <skipped/>
  </testcase> <!-- verifyCodeApplicationsPage -->
  <system-out/>
  <testcase classname="dsAlgoTests.StackTest" name="verifyCodeApplicationsPage" time="0.000">
    <skipped/>
  </testcase> <!-- verifyCodeApplicationsPage -->
  <system-out/>
  <testcase classname="dsAlgoTests.StackTest" name="verifyCodeImplementationPage" time="0.000">
    <skipped/>
  </testcase> <!-- verifyCodeImplementationPage -->
  <system-out/>
  <testcase classname="dsAlgoTests.StackTest" name="verifyCodeApplicationsPage" time="0.000">
    <skipped/>
  </testcase> <!-- verifyCodeApplicationsPage -->
  <system-out/>
  <testcase classname="dsAlgoTests.StackTest" name="verifyCodeApplicationsPage" time="0.000">
    <skipped/>
  </testcase> <!-- verifyCodeApplicationsPage -->
  <system-out/>
  <testcase classname="dsAlgoTests.StackTest" name="verifyCodeApplicationsPage" time="0.000">
    <skipped/>
  </testcase> <!-- verifyCodeApplicationsPage -->
  <system-out/>
  <testcase classname="dsAlgoTests.StackTest" name="verifyCodeOperationsInStackPage" time="0.000">
    <skipped/>
  </testcase> <!-- verifyCodeOperationsInStackPage -->
  <system-out/>
  <testcase classname="dsAlgoTests.StackTest" name="verifyCodeOperationsInStackPage" time="0.000">
    <skipped/>
  </testcase> <!-- verifyCodeOperationsInStackPage -->
  <system-out/>
  <testcase classname="dsAlgoTests.StackTest" name="verifyCodeImplementationPage" time="0.000">
    <skipped/>
  </testcase> <!-- verifyCodeImplementationPage -->
  <system-out/>
  <testcase classname="dsAlgoTests.StackTest" name="verifyCodeApplicationsPage" time="0.000">
    <skipped/>
  </testcase> <!-- verifyCodeApplicationsPage -->
  <system-out/>
  <testcase classname="dsAlgoTests.StackTest" name="verifyCodeImplementationPage" time="0.000">
    <skipped/>
  </testcase> <!-- verifyCodeImplementationPage -->
  <system-out/>
  <testcase classname="dsAlgoTests.StackTest" name="verifyCodeImplementationPage" time="0.000">
    <skipped/>
  </testcase> <!-- verifyCodeImplementationPage -->
  <system-out/>
  <testcase classname="dsAlgoTests.StackTest" name="verifyCodeOperationsInStackPage" time="0.000">
    <skipped/>
  </testcase> <!-- verifyCodeOperationsInStackPage -->
  <system-out/>
  <testcase classname="dsAlgoTests.StackTest" name="verifyCodeImplementationPage" time="0.000">
    <skipped/>
  </testcase> <!-- verifyCodeImplementationPage -->
  <system-out/>
  <testcase classname="dsAlgoTests.StackTest" name="verifyCodeApplicationsPage" time="0.000">
    <skipped/>
  </testcase> <!-- verifyCodeApplicationsPage -->
  <system-out/>
  <testcase classname="dsAlgoTests.StackTest" name="verifyCodeApplicationsPage" time="0.000">
    <skipped/>
  </testcase> <!-- verifyCodeApplicationsPage -->
  <system-out/>
  <testcase classname="dsAlgoTests.StackTest" name="verifyCodeOperationsInStackPage" time="0.000">
    <skipped/>
  </testcase> <!-- verifyCodeOperationsInStackPage -->
  <system-out/>
  <testcase classname="dsAlgoTests.StackTest" name="verifyCodeImplementationPage" time="0.000">
    <skipped/>
  </testcase> <!-- verifyCodeImplementationPage -->
  <system-out/>
  <testcase classname="dsAlgoTests.StackTest" name="verifyCodeOperationsInStackPage" time="0.000">
    <skipped/>
  </testcase> <!-- verifyCodeOperationsInStackPage -->
  <system-out/>
  <testcase classname="dsAlgoTests.StackTest" name="verifyCodeOperationsInStackPage" time="0.000">
    <skipped/>
  </testcase> <!-- verifyCodeOperationsInStackPage -->
  <system-out/>
  <testcase classname="dsAlgoTests.StackTest" name="verifyCodeOperationsInStackPage" time="0.000">
    <skipped/>
  </testcase> <!-- verifyCodeOperationsInStackPage -->
  <system-out/>
  <testcase classname="dsAlgoTests.StackTest" name="verifyCodeApplicationsPage" time="0.000">
    <skipped/>
  </testcase> <!-- verifyCodeApplicationsPage -->
  <system-out/>
  <testcase classname="dsAlgoTests.StackTest" name="verifyCodeImplementationPage" time="0.000">
    <skipped/>
  </testcase> <!-- verifyCodeImplementationPage -->
  <system-out/>
  <testcase classname="dsAlgoTests.StackTest" name="verifyCodeApplicationsPage" time="0.000">
    <skipped/>
  </testcase> <!-- verifyCodeApplicationsPage -->
  <system-out/>
  <testcase classname="dsAlgoTests.StackTest" name="verifyCodeOperationsInStackPage" time="0.000">
    <skipped/>
  </testcase> <!-- verifyCodeOperationsInStackPage -->
  <system-out/>
  <testcase classname="dsAlgoTests.StackTest" name="verifyCodeApplicationsPage" time="0.000">
    <skipped/>
  </testcase> <!-- verifyCodeApplicationsPage -->
  <system-out/>
  <testcase classname="dsAlgoTests.StackTest" name="verifyCodeImplementationPage" time="0.000">
    <skipped/>
  </testcase> <!-- verifyCodeImplementationPage -->
  <system-out/>
  <testcase classname="dsAlgoTests.StackTest" name="verifyCodeApplicationsPage" time="0.000">
    <skipped/>
  </testcase> <!-- verifyCodeApplicationsPage -->
  <system-out/>
  <testcase classname="dsAlgoTests.StackTest" name="verifyCodeOperationsInStackPage" time="0.000">
    <skipped/>
  </testcase> <!-- verifyCodeOperationsInStackPage -->
  <system-out/>
  <testcase classname="dsAlgoTests.StackTest" name="verifyCodeApplicationsPage" time="0.000">
    <skipped/>
  </testcase> <!-- verifyCodeApplicationsPage -->
  <system-out/>
  <testcase classname="dsAlgoTests.StackTest" name="verifyCodeImplementationPage" time="0.000">
    <skipped/>
  </testcase> <!-- verifyCodeImplementationPage -->
  <system-out/>
  <testcase classname="dsAlgoTests.StackTest" name="verifyCodeOperationsInStackPage" time="0.000">
    <skipped/>
  </testcase> <!-- verifyCodeOperationsInStackPage -->
  <system-out/>
  <testcase classname="dsAlgoTests.StackTest" name="verifyCodeImplementationPage" time="0.000">
    <skipped/>
  </testcase> <!-- verifyCodeImplementationPage -->
  <system-out/>
  <testcase classname="dsAlgoTests.StackTest" name="verifyCodeOperationsInStackPage" time="0.000">
    <skipped/>
  </testcase> <!-- verifyCodeOperationsInStackPage -->
  <system-out/>
  <testcase classname="dsAlgoTests.StackTest" name="verifyCodeApplicationsPage" time="0.000">
    <skipped/>
  </testcase> <!-- verifyCodeApplicationsPage -->
  <system-out/>
  <testcase classname="dsAlgoTests.StackTest" name="verifyCodeImplementationPage" time="0.000">
    <skipped/>
  </testcase> <!-- verifyCodeImplementationPage -->
  <system-out/>
  <testcase classname="dsAlgoTests.StackTest" name="verifyCodeImplementationPage" time="0.000">
    <skipped/>
  </testcase> <!-- verifyCodeImplementationPage -->
  <system-out/>
  <testcase classname="dsAlgoTests.StackTest" name="verifyCodeOperationsInStackPage" time="0.000">
    <skipped/>
  </testcase> <!-- verifyCodeOperationsInStackPage -->
  <system-out/>
  <testcase classname="dsAlgoTests.StackTest" name="verifyCodeImplementationPage" time="0.000">
    <skipped/>
  </testcase> <!-- verifyCodeImplementationPage -->
  <system-out/>
  <testcase classname="dsAlgoTests.StackTest" name="verifyCodeImplementationPage" time="0.000">
    <skipped/>
  </testcase> <!-- verifyCodeImplementationPage -->
  <system-out/>
  <testcase classname="dsAlgoTests.StackTest" name="verifyCodeApplicationsPage" time="0.000">
    <skipped/>
  </testcase> <!-- verifyCodeApplicationsPage -->
  <system-out/>
  <testcase classname="dsAlgoTests.StackTest" name="verifyCodeApplicationsPage" time="0.000">
    <skipped/>
  </testcase> <!-- verifyCodeApplicationsPage -->
  <system-out/>
  <testcase classname="dsAlgoTests.StackTest" name="verifyCodeImplementationPage" time="0.000">
    <skipped/>
  </testcase> <!-- verifyCodeImplementationPage -->
  <system-out/>
  <testcase classname="dsAlgoTests.StackTest" name="verifyCodeApplicationsPage" time="0.000">
    <skipped/>
  </testcase> <!-- verifyCodeApplicationsPage -->
  <system-out/>
  <testcase classname="dsAlgoTests.StackTest" name="verifyCodeImplementationPage" time="0.000">
    <skipped/>
  </testcase> <!-- verifyCodeImplementationPage -->
  <system-out/>
  <testcase classname="dsAlgoTests.StackTest" name="verifyCodeApplicationsPage" time="0.000">
    <skipped/>
  </testcase> <!-- verifyCodeApplicationsPage -->
  <system-out/>
  <testcase classname="dsAlgoTests.StackTest" name="verifyCodeImplementationPage" time="0.000">
    <skipped/>
  </testcase> <!-- verifyCodeImplementationPage -->
  <system-out/>
  <testcase classname="dsAlgoTests.StackTest" name="verifyCodeApplicationsPage" time="0.000">
    <skipped/>
  </testcase> <!-- verifyCodeApplicationsPage -->
  <system-out/>
  <testcase classname="dsAlgoTests.StackTest" name="verifyCodeOperationsInStackPage" time="0.000">
    <skipped/>
  </testcase> <!-- verifyCodeOperationsInStackPage -->
  <system-out/>
  <testcase classname="dsAlgoTests.StackTest" name="verifyCodeApplicationsPage" time="0.000">
    <skipped/>
  </testcase> <!-- verifyCodeApplicationsPage -->
  <system-out/>
  <testcase classname="dsAlgoTests.StackTest" name="verifyCodeImplementationPage" time="0.000">
    <skipped/>
  </testcase> <!-- verifyCodeImplementationPage -->
  <system-out/>
  <testcase classname="dsAlgoTests.StackTest" name="verifyCodeOperationsInStackPage" time="0.000">
    <skipped/>
  </testcase> <!-- verifyCodeOperationsInStackPage -->
  <system-out/>
  <testcase classname="dsAlgoTests.StackTest" name="verifyCodeImplementationPage" time="0.000">
    <skipped/>
  </testcase> <!-- verifyCodeImplementationPage -->
  <system-out/>
  <testcase classname="dsAlgoTests.StackTest" name="verifyCodeImplementationPage" time="0.000">
    <skipped/>
  </testcase> <!-- verifyCodeImplementationPage -->
  <system-out/>
  <testcase classname="dsAlgoTests.StackTest" name="verifyCodeImplementationPage" time="0.000">
    <skipped/>
  </testcase> <!-- verifyCodeImplementationPage -->
  <system-out/>
  <testcase classname="dsAlgoTests.StackTest" name="verifyCodeImplementationPage" time="0.000">
    <skipped/>
  </testcase> <!-- verifyCodeImplementationPage -->
  <system-out/>
  <testcase classname="dsAlgoTests.StackTest" name="verifyCodeImplementationPage" time="0.000">
    <skipped/>
  </testcase> <!-- verifyCodeImplementationPage -->
  <system-out/>
  <testcase classname="dsAlgoTests.StackTest" name="verifyCodeImplementationPage" time="0.000">
    <skipped/>
  </testcase> <!-- verifyCodeImplementationPage -->
  <system-out/>
  <testcase classname="dsAlgoTests.StackTest" name="verifyCodeImplementationPage" time="0.000">
    <skipped/>
  </testcase> <!-- verifyCodeImplementationPage -->
  <system-out/>
  <testcase classname="dsAlgoTests.StackTest" name="verifyCodeImplementationPage" time="0.000">
    <skipped/>
  </testcase> <!-- verifyCodeImplementationPage -->
  <system-out/>
  <testcase classname="dsAlgoTests.StackTest" name="verifyCodeApplicationsPage" time="0.000">
    <skipped/>
  </testcase> <!-- verifyCodeApplicationsPage -->
  <system-out/>
  <testcase classname="dsAlgoTests.StackTest" name="verifyCodeApplicationsPage" time="0.000">
    <skipped/>
  </testcase> <!-- verifyCodeApplicationsPage -->
  <system-out/>
  <testcase classname="dsAlgoTests.StackTest" name="verifyCodeOperationsInStackPage" time="0.000">
    <skipped/>
  </testcase> <!-- verifyCodeOperationsInStackPage -->
  <system-out/>
  <testcase classname="dsAlgoTests.StackTest" name="verifyCodeImplementationPage" time="0.000">
    <skipped/>
  </testcase> <!-- verifyCodeImplementationPage -->
  <system-out/>
  <testcase classname="dsAlgoTests.StackTest" name="verifyCodeImplementationPage" time="0.000">
    <skipped/>
  </testcase> <!-- verifyCodeImplementationPage -->
  <system-out/>
  <testcase classname="dsAlgoTests.StackTest" name="verifyCodeImplementationPage" time="0.000">
    <skipped/>
  </testcase> <!-- verifyCodeImplementationPage -->
  <system-out/>
  <testcase classname="dsAlgoTests.StackTest" name="verifyCodeApplicationsPage" time="0.000">
    <skipped/>
  </testcase> <!-- verifyCodeApplicationsPage -->
  <system-out/>
  <testcase classname="dsAlgoTests.StackTest" name="verifyCodeOperationsInStackPage" time="0.000">
    <skipped/>
  </testcase> <!-- verifyCodeOperationsInStackPage -->
  <system-out/>
  <testcase classname="dsAlgoTests.StackTest" name="checkErrorMessageWhenExecutingWithoutCodeInImplementationPage" time="0.000">
    <skipped/>
  </testcase> <!-- checkErrorMessageWhenExecutingWithoutCodeInImplementationPage -->
  <system-out/>
  <testcase classname="dsAlgoTests.StackTest" name="verifyCodeImplementationPage" time="0.000">
    <skipped/>
  </testcase> <!-- verifyCodeImplementationPage -->
  <system-out/>
  <testcase classname="dsAlgoTests.StackTest" name="verifyCodeOperationsInStackPage" time="0.000">
    <skipped/>
  </testcase> <!-- verifyCodeOperationsInStackPage -->
  <system-out/>
  <testcase classname="dsAlgoTests.StackTest" name="verifyCodeApplicationsPage" time="0.000">
    <skipped/>
  </testcase> <!-- verifyCodeApplicationsPage -->
  <system-out/>
  <testcase classname="dsAlgoTests.StackTest" name="verifyCodeOperationsInStackPage" time="0.000">
    <skipped/>
  </testcase> <!-- verifyCodeOperationsInStackPage -->
  <system-out/>
  <testcase classname="dsAlgoTests.StackTest" name="verifyCodeOperationsInStackPage" time="0.000">
    <skipped/>
  </testcase> <!-- verifyCodeOperationsInStackPage -->
  <system-out/>
  <testcase classname="dsAlgoTests.StackTest" name="verifyCodeOperationsInStackPage" time="0.000">
    <skipped/>
  </testcase> <!-- verifyCodeOperationsInStackPage -->
  <system-out/>
  <testcase classname="dsAlgoTests.StackTest" name="verifyCodeOperationsInStackPage" time="0.000">
    <skipped/>
  </testcase> <!-- verifyCodeOperationsInStackPage -->
  <system-out/>
  <testcase classname="dsAlgoTests.StackTest" name="verifyCodeImplementationPage" time="0.000">
    <skipped/>
  </testcase> <!-- verifyCodeImplementationPage -->
  <system-out/>
  <testcase classname="dsAlgoTests.StackTest" name="verifyCodeImplementationPage" time="0.000">
    <skipped/>
  </testcase> <!-- verifyCodeImplementationPage -->
  <system-out/>
  <testcase classname="dsAlgoTests.StackTest" name="verifyCodeImplementationPage" time="0.000">
    <skipped/>
  </testcase> <!-- verifyCodeImplementationPage -->
  <system-out/>
  <testcase classname="dsAlgoTests.StackTest" name="verifyCodeImplementationPage" time="0.000">
    <skipped/>
  </testcase> <!-- verifyCodeImplementationPage -->
  <system-out/>
  <testcase classname="dsAlgoTests.StackTest" name="verifyCodeImplementationPage" time="0.000">
    <skipped/>
  </testcase> <!-- verifyCodeImplementationPage -->
  <system-out/>
  <testcase classname="dsAlgoTests.StackTest" name="verifyCodeOperationsInStackPage" time="0.000">
    <skipped/>
  </testcase> <!-- verifyCodeOperationsInStackPage -->
  <system-out/>
  <testcase classname="dsAlgoTests.StackTest" name="verifyCodeOperationsInStackPage" time="0.000">
    <skipped/>
  </testcase> <!-- verifyCodeOperationsInStackPage -->
  <system-out/>
  <testcase classname="dsAlgoTests.StackTest" name="verifyCodeOperationsInStackPage" time="0.000">
    <skipped/>
  </testcase> <!-- verifyCodeOperationsInStackPage -->
  <system-out/>
  <testcase classname="dsAlgoTests.StackTest" name="verifyCodeOperationsInStackPage" time="0.000">
    <skipped/>
  </testcase> <!-- verifyCodeOperationsInStackPage -->
  <system-out/>
  <testcase classname="dsAlgoTests.StackTest" name="verifyCodeOperationsInStackPage" time="0.000">
    <skipped/>
  </testcase> <!-- verifyCodeOperationsInStackPage -->
  <system-out/>
  <testcase classname="dsAlgoTests.StackTest" name="verifyCodeApplicationsPage" time="0.000">
    <skipped/>
  </testcase> <!-- verifyCodeApplicationsPage -->
  <system-out/>
  <testcase classname="dsAlgoTests.StackTest" name="verifyCodeOperationsInStackPage" time="0.000">
    <skipped/>
  </testcase> <!-- verifyCodeOperationsInStackPage -->
  <system-out/>
  <testcase classname="dsAlgoTests.StackTest" name="verifyCodeOperationsInStackPage" time="0.000">
    <skipped/>
  </testcase> <!-- verifyCodeOperationsInStackPage -->
  <system-out/>
  <testcase classname="dsAlgoTests.StackTest" name="verifyCodeImplementationPage" time="0.000">
    <skipped/>
  </testcase> <!-- verifyCodeImplementationPage -->
  <system-out/>
  <testcase classname="dsAlgoTests.StackTest" name="verifyCodeOperationsInStackPage" time="0.000">
    <skipped/>
  </testcase> <!-- verifyCodeOperationsInStackPage -->
  <system-out/>
  <testcase classname="dsAlgoTests.StackTest" name="verifyCodeImplementationPage" time="0.000">
    <skipped/>
  </testcase> <!-- verifyCodeImplementationPage -->
  <system-out/>
  <testcase classname="dsAlgoTests.StackTest" name="verifyCodeOperationsInStackPage" time="0.000">
    <skipped/>
  </testcase> <!-- verifyCodeOperationsInStackPage -->
  <system-out/>
  <testcase classname="dsAlgoTests.StackTest" name="verifyCodeOperationsInStackPage" time="0.000">
    <skipped/>
  </testcase> <!-- verifyCodeOperationsInStackPage -->
  <system-out/>
  <testcase classname="dsAlgoTests.StackTest" name="verifyCodeOperationsInStackPage" time="0.000">
    <skipped/>
  </testcase> <!-- verifyCodeOperationsInStackPage -->
  <system-out/>
  <testcase classname="dsAlgoTests.StackTest" name="verifyCodeApplicationsPage" time="0.000">
    <skipped/>
  </testcase> <!-- verifyCodeApplicationsPage -->
  <system-out/>
  <testcase classname="dsAlgoTests.StackTest" name="verifyCodeApplicationsPage" time="0.000">
    <skipped/>
  </testcase> <!-- verifyCodeApplicationsPage -->
  <system-out/>
  <testcase classname="dsAlgoTests.StackTest" name="verifyCodeApplicationsPage" time="0.000">
    <skipped/>
  </testcase> <!-- verifyCodeApplicationsPage -->
  <system-out/>
  <testcase classname="dsAlgoTests.StackTest" name="verifyCodeOperationsInStackPage" time="0.000">
    <skipped/>
  </testcase> <!-- verifyCodeOperationsInStackPage -->
  <system-out/>
  <testcase classname="dsAlgoTests.StackTest" name="verifyCodeApplicationsPage" time="0.000">
    <skipped/>
  </testcase> <!-- verifyCodeApplicationsPage -->
  <system-out/>
  <testcase classname="dsAlgoTests.StackTest" name="verifyCodeImplementationPage" time="0.000">
    <skipped/>
  </testcase> <!-- verifyCodeImplementationPage -->
  <system-out/>
  <testcase classname="dsAlgoTests.StackTest" name="verifyCodeOperationsInStackPage" time="0.000">
    <skipped/>
  </testcase> <!-- verifyCodeOperationsInStackPage -->
  <system-out/>
  <testcase classname="dsAlgoTests.StackTest" name="verifyCodeApplicationsPage" time="0.000">
    <skipped/>
  </testcase> <!-- verifyCodeApplicationsPage -->
  <system-out/>
  <testcase classname="dsAlgoTests.StackTest" name="verifyCodeOperationsInStackPage" time="0.000">
    <skipped/>
  </testcase> <!-- verifyCodeOperationsInStackPage -->
  <system-out/>
  <testcase classname="dsAlgoTests.StackTest" name="verifyCodeOperationsInStackPage" time="0.000">
    <skipped/>
  </testcase> <!-- verifyCodeOperationsInStackPage -->
  <system-out/>
  <testcase classname="dsAlgoTests.StackTest" name="verifyCodeOperationsInStackPage" time="0.000">
    <skipped/>
  </testcase> <!-- verifyCodeOperationsInStackPage -->
  <system-out/>
  <testcase classname="dsAlgoTests.StackTest" name="verifyCodeApplicationsPage" time="0.000">
    <skipped/>
  </testcase> <!-- verifyCodeApplicationsPage -->
  <system-out/>
  <testcase classname="dsAlgoTests.StackTest" name="verifyCodeOperationsInStackPage" time="0.000">
    <skipped/>
  </testcase> <!-- verifyCodeOperationsInStackPage -->
  <system-out/>
  <testcase classname="dsAlgoTests.StackTest" name="verifyCodeOperationsInStackPage" time="0.000">
    <skipped/>
  </testcase> <!-- verifyCodeOperationsInStackPage -->
  <system-out/>
  <testcase classname="dsAlgoTests.StackTest" name="verifyCodeApplicationsPage" time="0.000">
    <skipped/>
  </testcase> <!-- verifyCodeApplicationsPage -->
  <system-out/>
  <testcase classname="dsAlgoTests.StackTest" name="verifyCodeImplementationPage" time="0.000">
    <skipped/>
  </testcase> <!-- verifyCodeImplementationPage -->
  <system-out/>
  <testcase classname="dsAlgoTests.StackTest" name="verifyCodeImplementationPage" time="0.000">
    <skipped/>
  </testcase> <!-- verifyCodeImplementationPage -->
  <system-out/>
  <testcase classname="dsAlgoTests.StackTest" name="verifyCodeOperationsInStackPage" time="0.000">
    <skipped/>
  </testcase> <!-- verifyCodeOperationsInStackPage -->
  <system-out/>
  <testcase classname="dsAlgoTests.StackTest" name="verifyCodeImplementationPage" time="0.000">
    <skipped/>
  </testcase> <!-- verifyCodeImplementationPage -->
  <system-out/>
  <testcase classname="dsAlgoTests.StackTest" name="verifyCodeImplementationPage" time="0.000">
    <skipped/>
  </testcase> <!-- verifyCodeImplementationPage -->
  <system-out/>
  <testcase classname="dsAlgoTests.StackTest" name="verifyCodeImplementationPage" time="0.000">
    <skipped/>
  </testcase> <!-- verifyCodeImplementationPage -->
  <system-out/>
  <testcase classname="dsAlgoTests.StackTest" name="verifyCodeOperationsInStackPage" time="0.000">
    <skipped/>
  </testcase> <!-- verifyCodeOperationsInStackPage -->
  <system-out/>
  <testcase classname="dsAlgoTests.StackTest" name="navigateToImplementation" time="0.000">
    <skipped/>
  </testcase> <!-- navigateToImplementation -->
  <system-out/>
  <testcase classname="dsAlgoTests.StackTest" name="verifyCodeImplementationPage" time="0.000">
    <skipped/>
  </testcase> <!-- verifyCodeImplementationPage -->
  <system-out/>
  <testcase classname="dsAlgoTests.StackTest" name="verifyCodeImplementationPage" time="0.000">
    <skipped/>
  </testcase> <!-- verifyCodeImplementationPage -->
  <system-out/>
  <testcase classname="dsAlgoTests.StackTest" name="verifyCodeApplicationsPage" time="0.000">
    <skipped/>
  </testcase> <!-- verifyCodeApplicationsPage -->
  <system-out/>
  <testcase classname="dsAlgoTests.StackTest" name="verifyCodeImplementationPage" time="0.000">
    <skipped/>
  </testcase> <!-- verifyCodeImplementationPage -->
  <system-out/>
  <testcase classname="dsAlgoTests.StackTest" name="verifyCodeOperationsInStackPage" time="0.000">
    <skipped/>
  </testcase> <!-- verifyCodeOperationsInStackPage -->
  <system-out/>
  <testcase classname="dsAlgoTests.StackTest" name="verifyCodeApplicationsPage" time="0.000">
    <skipped/>
  </testcase> <!-- verifyCodeApplicationsPage -->
  <system-out/>
  <testcase classname="dsAlgoTests.StackTest" name="verifyCodeImplementationPage" time="0.000">
    <skipped/>
  </testcase> <!-- verifyCodeImplementationPage -->
  <system-out/>
  <testcase classname="dsAlgoTests.StackTest" name="verifyCodeImplementationPage" time="0.000">
    <skipped/>
  </testcase> <!-- verifyCodeImplementationPage -->
  <system-out/>
  <testcase classname="dsAlgoTests.StackTest" name="verifyCodeApplicationsPage" time="0.000">
    <skipped/>
  </testcase> <!-- verifyCodeApplicationsPage -->
  <system-out/>
  <testcase classname="dsAlgoTests.StackTest" name="verifyCodeApplicationsPage" time="0.000">
    <skipped/>
  </testcase> <!-- verifyCodeApplicationsPage -->
  <system-out/>
  <testcase classname="dsAlgoTests.StackTest" name="verifyCodeImplementationPage" time="0.000">
    <skipped/>
  </testcase> <!-- verifyCodeImplementationPage -->
  <system-out/>
  <testcase classname="dsAlgoTests.StackTest" name="verifyCodeOperationsInStackPage" time="0.000">
    <skipped/>
  </testcase> <!-- verifyCodeOperationsInStackPage -->
  <system-out/>
  <testcase classname="dsAlgoTests.StackTest" name="verifyCodeOperationsInStackPage" time="0.000">
    <skipped/>
  </testcase> <!-- verifyCodeOperationsInStackPage -->
  <system-out/>
  <testcase classname="dsAlgoTests.StackTest" name="verifyCodeImplementationPage" time="0.000">
    <skipped/>
  </testcase> <!-- verifyCodeImplementationPage -->
  <system-out/>
  <testcase classname="dsAlgoTests.StackTest" name="verifyCodeOperationsInStackPage" time="0.000">
    <skipped/>
  </testcase> <!-- verifyCodeOperationsInStackPage -->
  <system-out/>
  <testcase classname="dsAlgoTests.StackTest" name="verifyCodeApplicationsPage" time="0.000">
    <skipped/>
  </testcase> <!-- verifyCodeApplicationsPage -->
  <system-out/>
  <testcase classname="dsAlgoTests.StackTest" name="verifyCodeOperationsInStackPage" time="0.000">
    <skipped/>
  </testcase> <!-- verifyCodeOperationsInStackPage -->
  <system-out/>
  <testcase classname="dsAlgoTests.StackTest" name="verifyCodeOperationsInStackPage" time="0.000">
    <skipped/>
  </testcase> <!-- verifyCodeOperationsInStackPage -->
  <system-out/>
  <testcase classname="dsAlgoTests.StackTest" name="verifyCodeOperationsInStackPage" time="0.000">
    <skipped/>
  </testcase> <!-- verifyCodeOperationsInStackPage -->
  <system-out/>
  <testcase classname="dsAlgoTests.StackTest" name="verifyCodeOperationsInStackPage" time="0.000">
    <skipped/>
  </testcase> <!-- verifyCodeOperationsInStackPage -->
  <system-out/>
  <testcase classname="dsAlgoTests.StackTest" name="verifyCodeApplicationsPage" time="0.000">
    <skipped/>
  </testcase> <!-- verifyCodeApplicationsPage -->
  <system-out/>
  <testcase classname="dsAlgoTests.StackTest" name="verifyCodeOperationsInStackPage" time="0.000">
    <skipped/>
  </testcase> <!-- verifyCodeOperationsInStackPage -->
  <system-out/>
  <testcase classname="dsAlgoTests.StackTest" name="verifyCodeOperationsInStackPage" time="0.000">
    <skipped/>
  </testcase> <!-- verifyCodeOperationsInStackPage -->
  <system-out/>
  <testcase classname="dsAlgoTests.StackTest" name="verifyCodeOperationsInStackPage" time="0.000">
    <skipped/>
  </testcase> <!-- verifyCodeOperationsInStackPage -->
  <system-out/>
  <testcase classname="dsAlgoTests.StackTest" name="verifyCodeImplementationPage" time="0.000">
    <skipped/>
  </testcase> <!-- verifyCodeImplementationPage -->
  <system-out/>
  <testcase classname="dsAlgoTests.StackTest" name="verifyCodeOperationsInStackPage" time="0.000">
    <skipped/>
  </testcase> <!-- verifyCodeOperationsInStackPage -->
  <system-out/>
  <testcase classname="dsAlgoTests.StackTest" name="verifyCodeApplicationsPage" time="0.000">
    <skipped/>
  </testcase> <!-- verifyCodeApplicationsPage -->
  <system-out/>
  <testcase classname="dsAlgoTests.StackTest" name="verifyCodeApplicationsPage" time="0.000">
    <skipped/>
  </testcase> <!-- verifyCodeApplicationsPage -->
  <system-out/>
  <testcase classname="dsAlgoTests.StackTest" name="verifyCodeApplicationsPage" time="0.000">
    <skipped/>
  </testcase> <!-- verifyCodeApplicationsPage -->
  <system-out/>
  <testcase classname="dsAlgoTests.StackTest" name="verifyCodeImplementationPage" time="0.000">
    <skipped/>
  </testcase> <!-- verifyCodeImplementationPage -->
  <system-out/>
  <testcase classname="dsAlgoTests.StackTest" name="verifyCodeOperationsInStackPage" time="0.000">
    <skipped/>
  </testcase> <!-- verifyCodeOperationsInStackPage -->
  <system-out/>
  <testcase classname="dsAlgoTests.StackTest" name="verifyCodeApplicationsPage" time="0.000">
    <skipped/>
  </testcase> <!-- verifyCodeApplicationsPage -->
  <system-out/>
  <testcase classname="dsAlgoTests.StackTest" name="verifyCodeOperationsInStackPage" time="0.000">
    <skipped/>
  </testcase> <!-- verifyCodeOperationsInStackPage -->
  <system-out/>
  <testcase classname="dsAlgoTests.StackTest" name="verifyCodeOperationsInStackPage" time="0.000">
    <skipped/>
  </testcase> <!-- verifyCodeOperationsInStackPage -->
  <system-out/>
  <testcase classname="dsAlgoTests.StackTest" name="verifyCodeImplementationPage" time="0.000">
    <skipped/>
  </testcase> <!-- verifyCodeImplementationPage -->
  <system-out/>
  <testcase classname="dsAlgoTests.StackTest" name="verifyCodeOperationsInStackPage" time="0.000">
    <skipped/>
  </testcase> <!-- verifyCodeOperationsInStackPage -->
  <system-out/>
  <testcase classname="dsAlgoTests.StackTest" name="verifyCodeOperationsInStackPage" time="0.000">
    <skipped/>
  </testcase> <!-- verifyCodeOperationsInStackPage -->
  <system-out/>
  <testcase classname="dsAlgoTests.StackTest" name="verifyCodeApplicationsPage" time="0.000">
    <skipped/>
  </testcase> <!-- verifyCodeApplicationsPage -->
  <system-out/>
  <testcase classname="dsAlgoTests.StackTest" name="verifyCodeImplementationPage" time="0.000">
    <skipped/>
  </testcase> <!-- verifyCodeImplementationPage -->
  <system-out/>
  <testcase classname="dsAlgoTests.StackTest" name="verifyCodeImplementationPage" time="0.000">
    <skipped/>
  </testcase> <!-- verifyCodeImplementationPage -->
  <system-out/>
  <testcase classname="dsAlgoTests.StackTest" name="verifyCodeApplicationsPage" time="0.000">
    <skipped/>
  </testcase> <!-- verifyCodeApplicationsPage -->
  <system-out/>
  <testcase classname="dsAlgoTests.StackTest" name="verifyCodeImplementationPage" time="0.000">
    <skipped/>
  </testcase> <!-- verifyCodeImplementationPage -->
  <system-out/>
  <testcase classname="dsAlgoTests.StackTest" name="verifyCodeImplementationPage" time="0.000">
    <skipped/>
  </testcase> <!-- verifyCodeImplementationPage -->
  <system-out/>
  <testcase classname="dsAlgoTests.StackTest" name="verifyCodeApplicationsPage" time="0.000">
    <skipped/>
  </testcase> <!-- verifyCodeApplicationsPage -->
  <system-out/>
  <testcase classname="dsAlgoTests.StackTest" name="verifyCodeImplementationPage" time="0.000">
    <skipped/>
  </testcase> <!-- verifyCodeImplementationPage -->
  <system-out/>
  <testcase classname="dsAlgoTests.StackTest" name="verifyCodeOperationsInStackPage" time="0.000">
    <skipped/>
  </testcase> <!-- verifyCodeOperationsInStackPage -->
  <system-out/>
  <testcase classname="dsAlgoTests.StackTest" name="verifyCodeOperationsInStackPage" time="0.000">
    <skipped/>
  </testcase> <!-- verifyCodeOperationsInStackPage -->
  <system-out/>
  <testcase classname="dsAlgoTests.StackTest" name="verifyCodeOperationsInStackPage" time="0.000">
    <skipped/>
  </testcase> <!-- verifyCodeOperationsInStackPage -->
  <system-out/>
  <testcase classname="dsAlgoTests.StackTest" name="verifyCodeOperationsInStackPage" time="0.000">
    <skipped/>
  </testcase> <!-- verifyCodeOperationsInStackPage -->
  <system-out/>
  <testcase classname="dsAlgoTests.StackTest" name="verifyCodeOperationsInStackPage" time="0.000">
    <skipped/>
  </testcase> <!-- verifyCodeOperationsInStackPage -->
  <system-out/>
  <testcase classname="dsAlgoTests.StackTest" name="verifyCodeApplicationsPage" time="0.000">
    <skipped/>
  </testcase> <!-- verifyCodeApplicationsPage -->
  <system-out/>
  <testcase classname="dsAlgoTests.StackTest" name="verifyCodeApplicationsPage" time="0.000">
    <skipped/>
  </testcase> <!-- verifyCodeApplicationsPage -->
  <system-out/>
  <testcase classname="dsAlgoTests.StackTest" name="verifyCodeOperationsInStackPage" time="0.000">
    <skipped/>
  </testcase> <!-- verifyCodeOperationsInStackPage -->
  <system-out/>
  <testcase classname="dsAlgoTests.StackTest" name="verifyCodeApplicationsPage" time="0.000">
    <skipped/>
  </testcase> <!-- verifyCodeApplicationsPage -->
  <system-out/>
  <testcase classname="dsAlgoTests.StackTest" name="verifyCodeOperationsInStackPage" time="0.000">
    <skipped/>
  </testcase> <!-- verifyCodeOperationsInStackPage -->
  <system-out/>
  <testcase classname="dsAlgoTests.StackTest" name="verifyCodeApplicationsPage" time="0.000">
    <skipped/>
  </testcase> <!-- verifyCodeApplicationsPage -->
  <system-out/>
  <testcase classname="dsAlgoTests.StackTest" name="verifyCodeImplementationPage" time="0.000">
    <skipped/>
  </testcase> <!-- verifyCodeImplementationPage -->
  <system-out/>
  <testcase classname="dsAlgoTests.StackTest" name="verifyCodeImplementationPage" time="0.000">
    <skipped/>
  </testcase> <!-- verifyCodeImplementationPage -->
  <system-out/>
  <testcase classname="dsAlgoTests.StackTest" name="verifyCodeApplicationsPage" time="0.000">
    <skipped/>
  </testcase> <!-- verifyCodeApplicationsPage -->
  <system-out/>
  <testcase classname="dsAlgoTests.StackTest" name="verifyCodeOperationsInStackPage" time="0.000">
    <skipped/>
  </testcase> <!-- verifyCodeOperationsInStackPage -->
  <system-out/>
  <testcase classname="dsAlgoTests.StackTest" name="verifyCodeOperationsInStackPage" time="0.000">
    <skipped/>
  </testcase> <!-- verifyCodeOperationsInStackPage -->
  <system-out/>
  <testcase classname="dsAlgoTests.StackTest" name="verifyCodeOperationsInStackPage" time="0.000">
    <skipped/>
  </testcase> <!-- verifyCodeOperationsInStackPage -->
  <system-out/>
  <testcase classname="dsAlgoTests.StackTest" name="verifyCodeImplementationPage" time="0.000">
    <skipped/>
  </testcase> <!-- verifyCodeImplementationPage -->
  <system-out/>
  <testcase classname="dsAlgoTests.StackTest" name="verifyCodeOperationsInStackPage" time="0.000">
    <skipped/>
  </testcase> <!-- verifyCodeOperationsInStackPage -->
  <system-out/>
  <testcase classname="dsAlgoTests.StackTest" name="verifyCodeOperationsInStackPage" time="0.000">
    <skipped/>
  </testcase> <!-- verifyCodeOperationsInStackPage -->
  <system-out/>
  <testcase classname="dsAlgoTests.StackTest" name="verifyCodeOperationsInStackPage" time="0.000">
    <skipped/>
  </testcase> <!-- verifyCodeOperationsInStackPage -->
  <system-out/>
  <testcase classname="dsAlgoTests.StackTest" name="verifyCodeApplicationsPage" time="0.000">
    <skipped/>
  </testcase> <!-- verifyCodeApplicationsPage -->
  <system-out/>
  <testcase classname="dsAlgoTests.StackTest" name="verifyCodeImplementationPage" time="0.000">
    <skipped/>
  </testcase> <!-- verifyCodeImplementationPage -->
  <system-out/>
  <testcase classname="dsAlgoTests.StackTest" name="verifyCodeApplicationsPage" time="0.000">
    <skipped/>
  </testcase> <!-- verifyCodeApplicationsPage -->
  <system-out/>
  <testcase classname="dsAlgoTests.StackTest" name="verifyCodeOperationsInStackPage" time="0.000">
    <skipped/>
  </testcase> <!-- verifyCodeOperationsInStackPage -->
  <system-out/>
  <testcase classname="dsAlgoTests.StackTest" name="verifyCodeOperationsInStackPage" time="0.000">
    <skipped/>
  </testcase> <!-- verifyCodeOperationsInStackPage -->
  <system-out/>
  <testcase classname="dsAlgoTests.StackTest" name="verifyCodeApplicationsPage" time="0.000">
    <skipped/>
  </testcase> <!-- verifyCodeApplicationsPage -->
  <system-out/>
  <testcase classname="dsAlgoTests.StackTest" name="verifyCodeApplicationsPage" time="0.000">
    <skipped/>
  </testcase> <!-- verifyCodeApplicationsPage -->
  <system-out/>
  <testcase classname="dsAlgoTests.StackTest" name="verifyCodeImplementationPage" time="0.000">
    <skipped/>
  </testcase> <!-- verifyCodeImplementationPage -->
  <system-out/>
  <testcase classname="dsAlgoTests.StackTest" name="verifyCodeImplementationPage" time="0.000">
    <skipped/>
  </testcase> <!-- verifyCodeImplementationPage -->
  <system-out/>
  <testcase classname="dsAlgoTests.StackTest" name="verifyCodeOperationsInStackPage" time="0.000">
    <skipped/>
  </testcase> <!-- verifyCodeOperationsInStackPage -->
  <system-out/>
  <testcase classname="dsAlgoTests.StackTest" name="verifyCodeImplementationPage" time="0.000">
    <skipped/>
  </testcase> <!-- verifyCodeImplementationPage -->
  <system-out/>
  <testcase classname="dsAlgoTests.StackTest" name="verifyCodeApplicationsPage" time="0.000">
    <skipped/>
  </testcase> <!-- verifyCodeApplicationsPage -->
  <system-out/>
  <testcase classname="dsAlgoTests.StackTest" name="verifyCodeImplementationPage" time="0.000">
    <skipped/>
  </testcase> <!-- verifyCodeImplementationPage -->
  <system-out/>
  <testcase classname="dsAlgoTests.StackTest" name="verifyCodeApplicationsPage" time="0.000">
    <skipped/>
  </testcase> <!-- verifyCodeApplicationsPage -->
  <system-out/>
  <testcase classname="dsAlgoTests.StackTest" name="verifyCodeImplementationPage" time="0.000">
    <skipped/>
  </testcase> <!-- verifyCodeImplementationPage -->
  <system-out/>
  <testcase classname="dsAlgoTests.StackTest" name="verifyCodeApplicationsPage" time="0.000">
    <skipped/>
  </testcase> <!-- verifyCodeApplicationsPage -->
  <system-out/>
  <testcase classname="dsAlgoTests.StackTest" name="verifyCodeApplicationsPage" time="0.000">
    <skipped/>
  </testcase> <!-- verifyCodeApplicationsPage -->
  <system-out/>
  <testcase classname="dsAlgoTests.StackTest" name="verifyCodeApplicationsPage" time="0.000">
    <skipped/>
  </testcase> <!-- verifyCodeApplicationsPage -->
  <system-out/>
  <testcase classname="dsAlgoTests.StackTest" name="verifyCodeImplementationPage" time="0.000">
    <skipped/>
  </testcase> <!-- verifyCodeImplementationPage -->
  <system-out/>
  <testcase classname="dsAlgoTests.StackTest" name="verifyCodeImplementationPage" time="0.000">
    <skipped/>
  </testcase> <!-- verifyCodeImplementationPage -->
  <system-out/>
  <testcase classname="dsAlgoTests.StackTest" name="verifyCodeApplicationsPage" time="0.000">
    <skipped/>
  </testcase> <!-- verifyCodeApplicationsPage -->
  <system-out/>
  <testcase classname="dsAlgoTests.StackTest" name="verifyCodeApplicationsPage" time="0.000">
    <skipped/>
  </testcase> <!-- verifyCodeApplicationsPage -->
  <system-out/>
  <testcase classname="dsAlgoTests.StackTest" name="verifyCodeImplementationPage" time="0.000">
    <skipped/>
  </testcase> <!-- verifyCodeImplementationPage -->
  <system-out/>
  <testcase classname="dsAlgoTests.StackTest" name="verifyCodeImplementationPage" time="0.000">
    <skipped/>
  </testcase> <!-- verifyCodeImplementationPage -->
  <system-out/>
  <testcase classname="dsAlgoTests.StackTest" name="verifyCodeImplementationPage" time="0.000">
    <skipped/>
  </testcase> <!-- verifyCodeImplementationPage -->
  <system-out/>
  <testcase classname="dsAlgoTests.StackTest" name="verifyCodeApplicationsPage" time="0.000">
    <skipped/>
  </testcase> <!-- verifyCodeApplicationsPage -->
  <system-out/>
  <testcase classname="dsAlgoTests.StackTest" name="verifyCodeApplicationsPage" time="0.000">
    <skipped/>
  </testcase> <!-- verifyCodeApplicationsPage -->
  <system-out/>
  <testcase classname="dsAlgoTests.StackTest" name="verifyCodeOperationsInStackPage" time="0.000">
    <skipped/>
  </testcase> <!-- verifyCodeOperationsInStackPage -->
  <system-out/>
  <testcase classname="dsAlgoTests.StackTest" name="verifyCodeImplementationPage" time="0.000">
    <skipped/>
  </testcase> <!-- verifyCodeImplementationPage -->
  <system-out/>
  <testcase classname="dsAlgoTests.StackTest" name="verifyCodeApplicationsPage" time="0.000">
    <skipped/>
  </testcase> <!-- verifyCodeApplicationsPage -->
  <system-out/>
  <testcase classname="dsAlgoTests.StackTest" name="verifyCodeApplicationsPage" time="0.000">
    <skipped/>
  </testcase> <!-- verifyCodeApplicationsPage -->
  <system-out/>
  <testcase classname="dsAlgoTests.StackTest" name="verifyCodeOperationsInStackPage" time="0.000">
    <skipped/>
  </testcase> <!-- verifyCodeOperationsInStackPage -->
  <system-out/>
  <testcase classname="dsAlgoTests.StackTest" name="verifyCodeOperationsInStackPage" time="0.000">
    <skipped/>
  </testcase> <!-- verifyCodeOperationsInStackPage -->
  <system-out/>
  <testcase classname="dsAlgoTests.StackTest" name="verifyCodeApplicationsPage" time="0.000">
    <skipped/>
  </testcase> <!-- verifyCodeApplicationsPage -->
  <system-out/>
  <testcase classname="dsAlgoTests.StackTest" name="verifyCodeImplementationPage" time="0.000">
    <skipped/>
  </testcase> <!-- verifyCodeImplementationPage -->
  <system-out/>
  <testcase classname="dsAlgoTests.StackTest" name="verifyCodeImplementationPage" time="0.000">
    <skipped/>
  </testcase> <!-- verifyCodeImplementationPage -->
  <system-out/>
  <testcase classname="dsAlgoTests.StackTest" name="verifyCodeApplicationsPage" time="0.000">
    <skipped/>
  </testcase> <!-- verifyCodeApplicationsPage -->
  <system-out/>
  <testcase classname="dsAlgoTests.StackTest" name="verifyCodeOperationsInStackPage" time="0.000">
    <skipped/>
  </testcase> <!-- verifyCodeOperationsInStackPage -->
  <system-out/>
  <testcase classname="dsAlgoTests.StackTest" name="verifyCodeImplementationPage" time="0.000">
    <skipped/>
  </testcase> <!-- verifyCodeImplementationPage -->
  <system-out/>
  <testcase classname="dsAlgoTests.StackTest" name="verifyCodeImplementationPage" time="0.000">
    <skipped/>
  </testcase> <!-- verifyCodeImplementationPage -->
  <system-out/>
  <testcase classname="dsAlgoTests.StackTest" name="verifyCodeOperationsInStackPage" time="0.000">
    <skipped/>
  </testcase> <!-- verifyCodeOperationsInStackPage -->
  <system-out/>
  <testcase classname="dsAlgoTests.StackTest" name="verifyCodeOperationsInStackPage" time="0.000">
    <skipped/>
  </testcase> <!-- verifyCodeOperationsInStackPage -->
  <system-out/>
  <testcase classname="dsAlgoTests.StackTest" name="verifyCodeOperationsInStackPage" time="0.000">
    <skipped/>
  </testcase> <!-- verifyCodeOperationsInStackPage -->
  <system-out/>
  <testcase classname="dsAlgoTests.StackTest" name="verifyCodeApplicationsPage" time="0.000">
    <skipped/>
  </testcase> <!-- verifyCodeApplicationsPage -->
  <system-out/>
  <testcase classname="dsAlgoTests.StackTest" name="verifyCodeImplementationPage" time="0.000">
    <skipped/>
  </testcase> <!-- verifyCodeImplementationPage -->
  <system-out/>
  <testcase classname="dsAlgoTests.StackTest" name="verifyCodeImplementationPage" time="0.000">
    <skipped/>
  </testcase> <!-- verifyCodeImplementationPage -->
  <system-out/>
  <testcase classname="dsAlgoTests.StackTest" name="verifyCodeImplementationPage" time="0.000">
    <skipped/>
  </testcase> <!-- verifyCodeImplementationPage -->
  <system-out/>
  <testcase classname="dsAlgoTests.StackTest" name="verifyCodeApplicationsPage" time="0.000">
    <skipped/>
  </testcase> <!-- verifyCodeApplicationsPage -->
  <system-out/>
  <testcase classname="dsAlgoTests.StackTest" name="verifyCodeOperationsInStackPage" time="0.000">
    <skipped/>
  </testcase> <!-- verifyCodeOperationsInStackPage -->
  <system-out/>
  <testcase classname="dsAlgoTests.StackTest" name="verifyCodeImplementationPage" time="0.000">
    <skipped/>
  </testcase> <!-- verifyCodeImplementationPage -->
  <system-out/>
  <testcase classname="dsAlgoTests.StackTest" name="verifyCodeOperationsInStackPage" time="0.000">
    <skipped/>
  </testcase> <!-- verifyCodeOperationsInStackPage -->
  <system-out/>
  <testcase classname="dsAlgoTests.StackTest" name="verifyCodeImplementationPage" time="0.000">
    <skipped/>
  </testcase> <!-- verifyCodeImplementationPage -->
  <system-out/>
  <testcase classname="dsAlgoTests.StackTest" name="verifyCodeApplicationsPage" time="0.000">
    <skipped/>
  </testcase> <!-- verifyCodeApplicationsPage -->
  <system-out/>
  <testcase classname="dsAlgoTests.StackTest" name="verifyCodeImplementationPage" time="0.000">
    <skipped/>
  </testcase> <!-- verifyCodeImplementationPage -->
  <system-out/>
  <testcase classname="dsAlgoTests.StackTest" name="verifyCodeOperationsInStackPage" time="0.000">
    <skipped/>
  </testcase> <!-- verifyCodeOperationsInStackPage -->
  <system-out/>
  <testcase classname="dsAlgoTests.StackTest" name="verifyCodeApplicationsPage" time="0.000">
    <skipped/>
  </testcase> <!-- verifyCodeApplicationsPage -->
  <system-out/>
  <testcase classname="dsAlgoTests.StackTest" name="verifyCodeApplicationsPage" time="0.000">
    <skipped/>
  </testcase> <!-- verifyCodeApplicationsPage -->
  <system-out/>
  <testcase classname="dsAlgoTests.StackTest" name="verifyCodeApplicationsPage" time="0.000">
    <skipped/>
  </testcase> <!-- verifyCodeApplicationsPage -->
  <system-out/>
  <testcase classname="dsAlgoTests.StackTest" name="verifyCodeApplicationsPage" time="0.000">
    <skipped/>
  </testcase> <!-- verifyCodeApplicationsPage -->
  <system-out/>
  <testcase classname="dsAlgoTests.StackTest" name="verifyCodeOperationsInStackPage" time="0.000">
    <skipped/>
  </testcase> <!-- verifyCodeOperationsInStackPage -->
  <system-out/>
  <testcase classname="dsAlgoTests.StackTest" name="verifyCodeImplementationPage" time="0.000">
    <skipped/>
  </testcase> <!-- verifyCodeImplementationPage -->
  <system-out/>
  <testcase classname="dsAlgoTests.StackTest" name="verifyCodeImplementationPage" time="0.000">
    <skipped/>
  </testcase> <!-- verifyCodeImplementationPage -->
  <system-out/>
  <testcase classname="dsAlgoTests.StackTest" name="verifyCodeApplicationsPage" time="0.000">
    <skipped/>
  </testcase> <!-- verifyCodeApplicationsPage -->
  <system-out/>
  <testcase classname="dsAlgoTests.StackTest" name="verifyCodeApplicationsPage" time="0.000">
    <skipped/>
  </testcase> <!-- verifyCodeApplicationsPage -->
  <system-out/>
  <testcase classname="dsAlgoTests.StackTest" name="verifyCodeOperationsInStackPage" time="0.000">
    <skipped/>
  </testcase> <!-- verifyCodeOperationsInStackPage -->
  <system-out/>
  <testcase classname="dsAlgoTests.StackTest" name="verifyCodeImplementationPage" time="0.000">
    <skipped/>
  </testcase> <!-- verifyCodeImplementationPage -->
  <system-out/>
  <testcase classname="dsAlgoTests.StackTest" name="verifyCodeApplicationsPage" time="0.000">
    <skipped/>
  </testcase> <!-- verifyCodeApplicationsPage -->
  <system-out/>
  <testcase classname="dsAlgoTests.StackTest" name="verifyCodeOperationsInStackPage" time="0.000">
    <skipped/>
  </testcase> <!-- verifyCodeOperationsInStackPage -->
  <system-out/>
  <testcase classname="dsAlgoTests.StackTest" name="verifyCodeOperationsInStackPage" time="0.000">
    <skipped/>
  </testcase> <!-- verifyCodeOperationsInStackPage -->
  <system-out/>
  <testcase classname="dsAlgoTests.StackTest" name="verifyCodeOperationsInStackPage" time="0.000">
    <skipped/>
  </testcase> <!-- verifyCodeOperationsInStackPage -->
  <system-out/>
  <testcase classname="dsAlgoTests.StackTest" name="verifyCodeImplementationPage" time="0.000">
    <skipped/>
  </testcase> <!-- verifyCodeImplementationPage -->
  <system-out/>
  <testcase classname="dsAlgoTests.StackTest" name="verifyCodeApplicationsPage" time="0.000">
    <skipped/>
  </testcase> <!-- verifyCodeApplicationsPage -->
  <system-out/>
  <testcase classname="dsAlgoTests.StackTest" name="verifyCodeImplementationPage" time="0.000">
    <skipped/>
  </testcase> <!-- verifyCodeImplementationPage -->
  <system-out/>
  <testcase classname="dsAlgoTests.StackTest" name="verifyCodeImplementationPage" time="0.000">
    <skipped/>
  </testcase> <!-- verifyCodeImplementationPage -->
  <system-out/>
  <testcase classname="dsAlgoTests.StackTest" name="verifyCodeOperationsInStackPage" time="0.000">
    <skipped/>
  </testcase> <!-- verifyCodeOperationsInStackPage -->
  <system-out/>
  <testcase classname="dsAlgoTests.StackTest" name="verifyCodeImplementationPage" time="0.000">
    <skipped/>
  </testcase> <!-- verifyCodeImplementationPage -->
  <system-out/>
  <testcase classname="dsAlgoTests.StackTest" name="verifyCodeImplementationPage" time="0.000">
    <skipped/>
  </testcase> <!-- verifyCodeImplementationPage -->
  <system-out/>
  <testcase classname="dsAlgoTests.StackTest" name="verifyCodeApplicationsPage" time="0.000">
    <skipped/>
  </testcase> <!-- verifyCodeApplicationsPage -->
  <system-out/>
  <testcase classname="dsAlgoTests.StackTest" name="verifyCodeApplicationsPage" time="0.000">
    <skipped/>
  </testcase> <!-- verifyCodeApplicationsPage -->
  <system-out/>
  <testcase classname="dsAlgoTests.StackTest" name="verifyCodeImplementationPage" time="0.000">
    <skipped/>
  </testcase> <!-- verifyCodeImplementationPage -->
  <system-out/>
  <testcase classname="dsAlgoTests.StackTest" name="verifyCodeOperationsInStackPage" time="0.000">
    <skipped/>
  </testcase> <!-- verifyCodeOperationsInStackPage -->
  <system-out/>
  <testcase classname="dsAlgoTests.StackTest" name="verifyCodeApplicationsPage" time="0.000">
    <skipped/>
  </testcase> <!-- verifyCodeApplicationsPage -->
  <system-out/>
  <testcase classname="dsAlgoTests.StackTest" name="verifyCodeApplicationsPage" time="0.000">
    <skipped/>
  </testcase> <!-- verifyCodeApplicationsPage -->
  <system-out/>
  <testcase classname="dsAlgoTests.StackTest" name="verifyCodeApplicationsPage" time="0.000">
    <skipped/>
  </testcase> <!-- verifyCodeApplicationsPage -->
  <system-out/>
  <testcase classname="dsAlgoTests.StackTest" name="verifyCodeApplicationsPage" time="0.000">
    <skipped/>
  </testcase> <!-- verifyCodeApplicationsPage -->
  <system-out/>
  <testcase classname="dsAlgoTests.StackTest" name="verifyCodeOperationsInStackPage" time="0.000">
    <skipped/>
  </testcase> <!-- verifyCodeOperationsInStackPage -->
  <system-out/>
  <testcase classname="dsAlgoTests.StackTest" name="verifyCodeImplementationPage" time="0.000">
    <skipped/>
  </testcase> <!-- verifyCodeImplementationPage -->
  <system-out/>
  <testcase classname="dsAlgoTests.StackTest" name="verifyCodeOperationsInStackPage" time="0.000">
    <skipped/>
  </testcase> <!-- verifyCodeOperationsInStackPage -->
  <system-out/>
  <testcase classname="dsAlgoTests.StackTest" name="verifyCodeOperationsInStackPage" time="0.000">
    <skipped/>
  </testcase> <!-- verifyCodeOperationsInStackPage -->
  <system-out/>
  <testcase classname="dsAlgoTests.StackTest" name="verifyCodeApplicationsPage" time="0.000">
    <skipped/>
  </testcase> <!-- verifyCodeApplicationsPage -->
  <system-out/>
  <testcase classname="dsAlgoTests.StackTest" name="verifyCodeOperationsInStackPage" time="0.000">
    <skipped/>
  </testcase> <!-- verifyCodeOperationsInStackPage -->
  <system-out/>
  <testcase classname="dsAlgoTests.StackTest" name="verifyCodeOperationsInStackPage" time="0.000">
    <skipped/>
  </testcase> <!-- verifyCodeOperationsInStackPage -->
  <system-out/>
  <testcase classname="dsAlgoTests.StackTest" name="verifyCodeOperationsInStackPage" time="0.000">
    <skipped/>
  </testcase> <!-- verifyCodeOperationsInStackPage -->
  <system-out/>
  <testcase classname="dsAlgoTests.StackTest" name="verifyCodeOperationsInStackPage" time="0.000">
    <skipped/>
  </testcase> <!-- verifyCodeOperationsInStackPage -->
  <system-out/>
  <testcase classname="dsAlgoTests.StackTest" name="verifyCodeOperationsInStackPage" time="0.000">
    <skipped/>
  </testcase> <!-- verifyCodeOperationsInStackPage -->
  <system-out/>
  <testcase classname="dsAlgoTests.StackTest" name="verifyCodeOperationsInStackPage" time="0.000">
    <skipped/>
  </testcase> <!-- verifyCodeOperationsInStackPage -->
  <system-out/>
  <testcase classname="dsAlgoTests.StackTest" name="verifyCodeImplementationPage" time="0.000">
    <skipped/>
  </testcase> <!-- verifyCodeImplementationPage -->
  <system-out/>
  <testcase classname="dsAlgoTests.StackTest" name="verifyCodeApplicationsPage" time="0.000">
    <skipped/>
  </testcase> <!-- verifyCodeApplicationsPage -->
  <system-out/>
  <testcase classname="dsAlgoTests.StackTest" name="verifyCodeApplicationsPage" time="0.000">
    <skipped/>
  </testcase> <!-- verifyCodeApplicationsPage -->
  <system-out/>
  <testcase classname="dsAlgoTests.StackTest" name="verifyCodeImplementationPage" time="0.000">
    <skipped/>
  </testcase> <!-- verifyCodeImplementationPage -->
  <system-out/>
  <testcase classname="dsAlgoTests.StackTest" name="verifyCodeOperationsInStackPage" time="0.000">
    <skipped/>
  </testcase> <!-- verifyCodeOperationsInStackPage -->
  <system-out/>
  <testcase classname="dsAlgoTests.StackTest" name="verifyCodeApplicationsPage" time="0.000">
    <skipped/>
  </testcase> <!-- verifyCodeApplicationsPage -->
  <system-out/>
  <testcase classname="dsAlgoTests.StackTest" name="verifyCodeApplicationsPage" time="0.000">
    <skipped/>
  </testcase> <!-- verifyCodeApplicationsPage -->
  <system-out/>
  <testcase classname="dsAlgoTests.StackTest" name="verifyCodeOperationsInStackPage" time="0.000">
    <skipped/>
  </testcase> <!-- verifyCodeOperationsInStackPage -->
  <system-out/>
  <testcase classname="dsAlgoTests.StackTest" name="verifyCodeApplicationsPage" time="0.000">
    <skipped/>
  </testcase> <!-- verifyCodeApplicationsPage -->
  <system-out/>
  <testcase classname="dsAlgoTests.StackTest" name="verifyCodeImplementationPage" time="0.000">
    <skipped/>
  </testcase> <!-- verifyCodeImplementationPage -->
  <system-out/>
  <testcase classname="dsAlgoTests.StackTest" name="verifyCodeApplicationsPage" time="0.000">
    <skipped/>
  </testcase> <!-- verifyCodeApplicationsPage -->
  <system-out/>
  <testcase classname="dsAlgoTests.StackTest" name="verifyCodeApplicationsPage" time="0.000">
    <skipped/>
  </testcase> <!-- verifyCodeApplicationsPage -->
  <system-out/>
  <testcase classname="dsAlgoTests.StackTest" name="verifyCodeApplicationsPage" time="0.000">
    <skipped/>
  </testcase> <!-- verifyCodeApplicationsPage -->
  <system-out/>
  <testcase classname="dsAlgoTests.StackTest" name="verifyCodeImplementationPage" time="0.000">
    <skipped/>
  </testcase> <!-- verifyCodeImplementationPage -->
  <system-out/>
  <testcase classname="dsAlgoTests.StackTest" name="verifyCodeApplicationsPage" time="0.000">
    <skipped/>
  </testcase> <!-- verifyCodeApplicationsPage -->
  <system-out/>
  <testcase classname="dsAlgoTests.StackTest" name="verifyCodeOperationsInStackPage" time="0.000">
    <skipped/>
  </testcase> <!-- verifyCodeOperationsInStackPage -->
  <system-out/>
  <testcase classname="dsAlgoTests.StackTest" name="verifyCodeImplementationPage" time="0.000">
    <skipped/>
  </testcase> <!-- verifyCodeImplementationPage -->
  <system-out/>
  <testcase classname="dsAlgoTests.StackTest" name="verifyCodeImplementationPage" time="0.000">
    <skipped/>
  </testcase> <!-- verifyCodeImplementationPage -->
  <system-out/>
  <testcase classname="dsAlgoTests.StackTest" name="verifyCodeOperationsInStackPage" time="0.000">
    <skipped/>
  </testcase> <!-- verifyCodeOperationsInStackPage -->
  <system-out/>
  <testcase classname="dsAlgoTests.StackTest" name="verifyCodeImplementationPage" time="0.000">
    <skipped/>
  </testcase> <!-- verifyCodeImplementationPage -->
  <system-out/>
  <testcase classname="dsAlgoTests.StackTest" name="verifyCodeApplicationsPage" time="0.000">
    <skipped/>
  </testcase> <!-- verifyCodeApplicationsPage -->
  <system-out/>
  <testcase classname="dsAlgoTests.StackTest" name="verifyCodeOperationsInStackPage" time="0.000">
    <skipped/>
  </testcase> <!-- verifyCodeOperationsInStackPage -->
  <system-out/>
  <testcase classname="dsAlgoTests.StackTest" name="verifyCodeOperationsInStackPage" time="0.000">
    <skipped/>
  </testcase> <!-- verifyCodeOperationsInStackPage -->
  <system-out/>
  <testcase classname="dsAlgoTests.StackTest" name="verifyCodeOperationsInStackPage" time="0.000">
    <skipped/>
  </testcase> <!-- verifyCodeOperationsInStackPage -->
  <system-out/>
  <testcase classname="dsAlgoTests.StackTest" name="verifyCodeApplicationsPage" time="0.000">
    <skipped/>
  </testcase> <!-- verifyCodeApplicationsPage -->
  <system-out/>
  <testcase classname="dsAlgoTests.StackTest" name="verifyCodeApplicationsPage" time="0.000">
    <skipped/>
  </testcase> <!-- verifyCodeApplicationsPage -->
  <system-out/>
  <testcase classname="dsAlgoTests.StackTest" name="verifyCodeImplementationPage" time="0.000">
    <skipped/>
  </testcase> <!-- verifyCodeImplementationPage -->
  <system-out/>
  <testcase classname="dsAlgoTests.StackTest" name="verifyCodeImplementationPage" time="0.000">
    <skipped/>
  </testcase> <!-- verifyCodeImplementationPage -->
  <system-out/>
  <testcase classname="dsAlgoTests.StackTest" name="verifyCodeOperationsInStackPage" time="0.000">
    <skipped/>
  </testcase> <!-- verifyCodeOperationsInStackPage -->
  <system-out/>
  <testcase classname="dsAlgoTests.StackTest" name="verifyCodeOperationsInStackPage" time="0.000">
    <skipped/>
  </testcase> <!-- verifyCodeOperationsInStackPage -->
  <system-out/>
  <testcase classname="dsAlgoTests.StackTest" name="verifyCodeApplicationsPage" time="0.000">
    <skipped/>
  </testcase> <!-- verifyCodeApplicationsPage -->
  <system-out/>
  <testcase classname="dsAlgoTests.StackTest" name="verifyCodeImplementationPage" time="0.000">
    <skipped/>
  </testcase> <!-- verifyCodeImplementationPage -->
  <system-out/>
  <testcase classname="dsAlgoTests.StackTest" name="verifyCodeImplementationPage" time="0.000">
    <skipped/>
  </testcase> <!-- verifyCodeImplementationPage -->
  <system-out/>
  <testcase classname="dsAlgoTests.StackTest" name="verifyCodeOperationsInStackPage" time="0.000">
    <skipped/>
  </testcase> <!-- verifyCodeOperationsInStackPage -->
  <system-out/>
  <testcase classname="dsAlgoTests.StackTest" name="verifyCodeImplementationPage" time="0.000">
    <skipped/>
  </testcase> <!-- verifyCodeImplementationPage -->
  <system-out/>
  <testcase classname="dsAlgoTests.StackTest" name="verifyCodeOperationsInStackPage" time="0.000">
    <skipped/>
  </testcase> <!-- verifyCodeOperationsInStackPage -->
  <system-out/>
  <testcase classname="dsAlgoTests.StackTest" name="verifyCodeImplementationPage" time="0.000">
    <skipped/>
  </testcase> <!-- verifyCodeImplementationPage -->
  <system-out/>
  <testcase classname="dsAlgoTests.StackTest" name="verifyCodeImplementationPage" time="0.000">
    <skipped/>
  </testcase> <!-- verifyCodeImplementationPage -->
  <system-out/>
  <testcase classname="dsAlgoTests.StackTest" name="verifyCodeOperationsInStackPage" time="0.000">
    <skipped/>
  </testcase> <!-- verifyCodeOperationsInStackPage -->
  <system-out/>
  <testcase classname="dsAlgoTests.StackTest" name="verifyCodeApplicationsPage" time="0.000">
    <skipped/>
  </testcase> <!-- verifyCodeApplicationsPage -->
  <system-out/>
  <testcase classname="dsAlgoTests.StackTest" name="verifyCodeApplicationsPage" time="0.000">
    <skipped/>
  </testcase> <!-- verifyCodeApplicationsPage -->
  <system-out/>
  <testcase classname="dsAlgoTests.StackTest" name="verifyCodeApplicationsPage" time="0.000">
    <skipped/>
  </testcase> <!-- verifyCodeApplicationsPage -->
  <system-out/>
  <testcase classname="dsAlgoTests.StackTest" name="verifyCodeOperationsInStackPage" time="0.000">
    <skipped/>
  </testcase> <!-- verifyCodeOperationsInStackPage -->
  <system-out/>
  <testcase classname="dsAlgoTests.StackTest" name="verifyCodeImplementationPage" time="0.000">
    <skipped/>
  </testcase> <!-- verifyCodeImplementationPage -->
  <system-out/>
  <testcase classname="dsAlgoTests.StackTest" name="verifyCodeOperationsInStackPage" time="0.000">
    <skipped/>
  </testcase> <!-- verifyCodeOperationsInStackPage -->
  <system-out/>
  <testcase classname="dsAlgoTests.StackTest" name="verifyCodeApplicationsPage" time="0.000">
    <skipped/>
  </testcase> <!-- verifyCodeApplicationsPage -->
  <system-out/>
  <testcase classname="dsAlgoTests.StackTest" name="verifyCodeImplementationPage" time="0.000">
    <skipped/>
  </testcase> <!-- verifyCodeImplementationPage -->
  <system-out/>
  <testcase classname="dsAlgoTests.StackTest" name="verifyCodeApplicationsPage" time="0.000">
    <skipped/>
  </testcase> <!-- verifyCodeApplicationsPage -->
  <system-out/>
  <testcase classname="dsAlgoTests.StackTest" name="verifyCodeOperationsInStackPage" time="0.000">
    <skipped/>
  </testcase> <!-- verifyCodeOperationsInStackPage -->
  <system-out/>
  <testcase classname="dsAlgoTests.StackTest" name="verifyCodeImplementationPage" time="0.000">
    <skipped/>
  </testcase> <!-- verifyCodeImplementationPage -->
  <system-out/>
  <testcase classname="dsAlgoTests.StackTest" name="verifyCodeApplicationsPage" time="0.000">
    <skipped/>
  </testcase> <!-- verifyCodeApplicationsPage -->
  <system-out/>
  <testcase classname="dsAlgoTests.StackTest" name="verifyCodeImplementationPage" time="0.000">
    <skipped/>
  </testcase> <!-- verifyCodeImplementationPage -->
  <system-out/>
  <testcase classname="dsAlgoTests.StackTest" name="verifyCodeApplicationsPage" time="0.000">
    <skipped/>
  </testcase> <!-- verifyCodeApplicationsPage -->
  <system-out/>
  <testcase classname="dsAlgoTests.StackTest" name="verifyCodeOperationsInStackPage" time="0.000">
    <skipped/>
  </testcase> <!-- verifyCodeOperationsInStackPage -->
  <system-out/>
  <testcase classname="dsAlgoTests.StackTest" name="verifyCodeApplicationsPage" time="0.000">
    <skipped/>
  </testcase> <!-- verifyCodeApplicationsPage -->
  <system-out/>
  <testcase classname="dsAlgoTests.StackTest" name="verifyCodeImplementationPage" time="0.000">
    <skipped/>
  </testcase> <!-- verifyCodeImplementationPage -->
  <system-out/>
  <testcase classname="dsAlgoTests.StackTest" name="verifyCodeApplicationsPage" time="0.000">
    <skipped/>
  </testcase> <!-- verifyCodeApplicationsPage -->
  <system-out/>
  <testcase classname="dsAlgoTests.StackTest" name="verifyCodeOperationsInStackPage" time="0.000">
    <skipped/>
  </testcase> <!-- verifyCodeOperationsInStackPage -->
  <system-out/>
  <testcase classname="dsAlgoTests.StackTest" name="verifyCodeImplementationPage" time="0.000">
    <skipped/>
  </testcase> <!-- verifyCodeImplementationPage -->
  <system-out/>
  <testcase classname="dsAlgoTests.StackTest" name="verifyCodeImplementationPage" time="0.000">
    <skipped/>
  </testcase> <!-- verifyCodeImplementationPage -->
  <system-out/>
  <testcase classname="dsAlgoTests.StackTest" name="verifyCodeOperationsInStackPage" time="0.000">
    <skipped/>
  </testcase> <!-- verifyCodeOperationsInStackPage -->
  <system-out/>
  <testcase classname="dsAlgoTests.StackTest" name="verifyCodeOperationsInStackPage" time="0.000">
    <skipped/>
  </testcase> <!-- verifyCodeOperationsInStackPage -->
  <system-out/>
  <testcase classname="dsAlgoTests.StackTest" name="verifyCodeImplementationPage" time="0.000">
    <skipped/>
  </testcase> <!-- verifyCodeImplementationPage -->
  <system-out/>
  <testcase classname="dsAlgoTests.StackTest" name="verifyCodeOperationsInStackPage" time="0.000">
    <skipped/>
  </testcase> <!-- verifyCodeOperationsInStackPage -->
  <system-out/>
  <testcase classname="dsAlgoTests.StackTest" name="verifyCodeImplementationPage" time="0.000">
    <skipped/>
  </testcase> <!-- verifyCodeImplementationPage -->
  <system-out/>
  <testcase classname="dsAlgoTests.StackTest" name="verifyCodeOperationsInStackPage" time="0.000">
    <skipped/>
  </testcase> <!-- verifyCodeOperationsInStackPage -->
  <system-out/>
  <testcase classname="dsAlgoTests.StackTest" name="verifyCodeImplementationPage" time="0.000">
    <skipped/>
  </testcase> <!-- verifyCodeImplementationPage -->
  <system-out/>
  <testcase classname="dsAlgoTests.StackTest" name="verifyCodeOperationsInStackPage" time="0.000">
    <skipped/>
  </testcase> <!-- verifyCodeOperationsInStackPage -->
  <system-out/>
  <testcase classname="dsAlgoTests.StackTest" name="verifyCodeApplicationsPage" time="0.000">
    <skipped/>
  </testcase> <!-- verifyCodeApplicationsPage -->
  <system-out/>
  <testcase classname="dsAlgoTests.StackTest" name="verifyCodeApplicationsPage" time="0.000">
    <skipped/>
  </testcase> <!-- verifyCodeApplicationsPage -->
  <system-out/>
  <testcase classname="dsAlgoTests.StackTest" name="verifyCodeApplicationsPage" time="0.000">
    <skipped/>
  </testcase> <!-- verifyCodeApplicationsPage -->
  <system-out/>
  <testcase classname="dsAlgoTests.StackTest" name="verifyCodeOperationsInStackPage" time="0.000">
    <skipped/>
  </testcase> <!-- verifyCodeOperationsInStackPage -->
  <system-out/>
  <testcase classname="dsAlgoTests.StackTest" name="verifyCodeOperationsInStackPage" time="0.000">
    <skipped/>
  </testcase> <!-- verifyCodeOperationsInStackPage -->
  <system-out/>
  <testcase classname="dsAlgoTests.StackTest" name="verifyCodeOperationsInStackPage" time="0.000">
    <skipped/>
  </testcase> <!-- verifyCodeOperationsInStackPage -->
  <system-out/>
  <testcase classname="dsAlgoTests.StackTest" name="verifyCodeImplementationPage" time="0.000">
    <skipped/>
  </testcase> <!-- verifyCodeImplementationPage -->
  <system-out/>
  <testcase classname="dsAlgoTests.StackTest" name="verifyCodeApplicationsPage" time="0.000">
    <skipped/>
  </testcase> <!-- verifyCodeApplicationsPage -->
  <system-out/>
  <testcase classname="dsAlgoTests.StackTest" name="verifyCodeImplementationPage" time="0.000">
    <skipped/>
  </testcase> <!-- verifyCodeImplementationPage -->
  <system-out/>
  <testcase classname="dsAlgoTests.StackTest" name="verifyCodeApplicationsPage" time="0.000">
    <skipped/>
  </testcase> <!-- verifyCodeApplicationsPage -->
  <system-out/>
  <testcase classname="dsAlgoTests.StackTest" name="verifyCodeImplementationPage" time="0.000">
    <skipped/>
  </testcase> <!-- verifyCodeImplementationPage -->
  <system-out/>
  <testcase classname="dsAlgoTests.StackTest" name="verifyCodeOperationsInStackPage" time="0.000">
    <skipped/>
  </testcase> <!-- verifyCodeOperationsInStackPage -->
  <system-out/>
  <testcase classname="dsAlgoTests.StackTest" name="verifyCodeApplicationsPage" time="0.000">
    <skipped/>
  </testcase> <!-- verifyCodeApplicationsPage -->
  <system-out/>
  <testcase classname="dsAlgoTests.StackTest" name="verifyCodeApplicationsPage" time="0.000">
    <skipped/>
  </testcase> <!-- verifyCodeApplicationsPage -->
  <system-out/>
  <testcase classname="dsAlgoTests.StackTest" name="verifyCodeImplementationPage" time="0.000">
    <skipped/>
  </testcase> <!-- verifyCodeImplementationPage -->
  <system-out/>
  <testcase classname="dsAlgoTests.StackTest" name="verifyCodeImplementationPage" time="0.000">
    <skipped/>
  </testcase> <!-- verifyCodeImplementationPage -->
  <system-out/>
  <testcase classname="dsAlgoTests.StackTest" name="verifyCodeOperationsInStackPage" time="0.000">
    <skipped/>
  </testcase> <!-- verifyCodeOperationsInStackPage -->
  <system-out/>
  <testcase classname="dsAlgoTests.StackTest" name="verifyCodeOperationsInStackPage" time="0.000">
    <skipped/>
  </testcase> <!-- verifyCodeOperationsInStackPage -->
  <system-out/>
  <testcase classname="dsAlgoTests.StackTest" name="verifyCodeImplementationPage" time="0.000">
    <skipped/>
  </testcase> <!-- verifyCodeImplementationPage -->
  <system-out/>
  <testcase classname="dsAlgoTests.StackTest" name="verifyCodeImplementationPage" time="0.000">
    <skipped/>
  </testcase> <!-- verifyCodeImplementationPage -->
  <system-out/>
  <testcase classname="dsAlgoTests.StackTest" name="verifyCodeOperationsInStackPage" time="0.000">
    <skipped/>
  </testcase> <!-- verifyCodeOperationsInStackPage -->
  <system-out/>
  <testcase classname="dsAlgoTests.StackTest" name="verifyCodeApplicationsPage" time="0.000">
    <skipped/>
  </testcase> <!-- verifyCodeApplicationsPage -->
  <system-out/>
  <testcase classname="dsAlgoTests.StackTest" name="verifyCodeOperationsInStackPage" time="0.000">
    <skipped/>
  </testcase> <!-- verifyCodeOperationsInStackPage -->
  <system-out/>
  <testcase classname="dsAlgoTests.StackTest" name="verifyCodeApplicationsPage" time="0.000">
    <skipped/>
  </testcase> <!-- verifyCodeApplicationsPage -->
  <system-out/>
  <testcase classname="dsAlgoTests.StackTest" name="verifyCodeApplicationsPage" time="0.000">
    <skipped/>
  </testcase> <!-- verifyCodeApplicationsPage -->
  <system-out/>
  <testcase classname="dsAlgoTests.StackTest" name="verifyCodeImplementationPage" time="0.000">
    <skipped/>
  </testcase> <!-- verifyCodeImplementationPage -->
  <system-out/>
  <testcase classname="dsAlgoTests.StackTest" name="verifyCodeImplementationPage" time="0.000">
    <skipped/>
  </testcase> <!-- verifyCodeImplementationPage -->
  <system-out/>
  <testcase classname="dsAlgoTests.StackTest" name="verifyCodeOperationsInStackPage" time="0.000">
    <skipped/>
  </testcase> <!-- verifyCodeOperationsInStackPage -->
  <system-out/>
  <testcase classname="dsAlgoTests.StackTest" name="verifyCodeApplicationsPage" time="0.000">
    <skipped/>
  </testcase> <!-- verifyCodeApplicationsPage -->
  <system-out/>
  <testcase classname="dsAlgoTests.StackTest" name="verifyCodeApplicationsPage" time="0.000">
    <skipped/>
  </testcase> <!-- verifyCodeApplicationsPage -->
  <system-out/>
  <testcase classname="dsAlgoTests.StackTest" name="verifyCodeOperationsInStackPage" time="0.000">
    <skipped/>
  </testcase> <!-- verifyCodeOperationsInStackPage -->
  <system-out/>
  <testcase classname="dsAlgoTests.StackTest" name="verifyCodeApplicationsPage" time="0.000">
    <skipped/>
  </testcase> <!-- verifyCodeApplicationsPage -->
  <system-out/>
  <testcase classname="dsAlgoTests.StackTest" name="verifyCodeImplementationPage" time="0.000">
    <skipped/>
  </testcase> <!-- verifyCodeImplementationPage -->
  <system-out/>
  <testcase classname="dsAlgoTests.StackTest" name="verifyCodeApplicationsPage" time="0.000">
    <skipped/>
  </testcase> <!-- verifyCodeApplicationsPage -->
  <system-out/>
  <testcase classname="dsAlgoTests.StackTest" name="verifyCodeOperationsInStackPage" time="0.000">
    <skipped/>
  </testcase> <!-- verifyCodeOperationsInStackPage -->
  <system-out/>
  <testcase classname="dsAlgoTests.StackTest" name="verifyCodeImplementationPage" time="0.000">
    <skipped/>
  </testcase> <!-- verifyCodeImplementationPage -->
  <system-out/>
  <testcase classname="dsAlgoTests.StackTest" name="verifyCodeOperationsInStackPage" time="0.000">
    <skipped/>
  </testcase> <!-- verifyCodeOperationsInStackPage -->
  <system-out/>
  <testcase classname="dsAlgoTests.StackTest" name="verifyCodeApplicationsPage" time="0.000">
    <skipped/>
  </testcase> <!-- verifyCodeApplicationsPage -->
  <system-out/>
  <testcase classname="dsAlgoTests.StackTest" name="verifyCodeImplementationPage" time="0.000">
    <skipped/>
  </testcase> <!-- verifyCodeImplementationPage -->
  <system-out/>
  <testcase classname="dsAlgoTests.StackTest" name="verifyCodeApplicationsPage" time="0.000">
    <skipped/>
  </testcase> <!-- verifyCodeApplicationsPage -->
  <system-out/>
  <testcase classname="dsAlgoTests.StackTest" name="verifyCodeImplementationPage" time="0.000">
    <skipped/>
  </testcase> <!-- verifyCodeImplementationPage -->
  <system-out/>
  <testcase classname="dsAlgoTests.StackTest" name="verifyCodeOperationsInStackPage" time="0.000">
    <skipped/>
  </testcase> <!-- verifyCodeOperationsInStackPage -->
  <system-out/>
  <testcase classname="dsAlgoTests.StackTest" name="verifyCodeOperationsInStackPage" time="0.000">
    <skipped/>
  </testcase> <!-- verifyCodeOperationsInStackPage -->
  <system-out/>
  <testcase classname="dsAlgoTests.StackTest" name="verifyCodeImplementationPage" time="0.000">
    <skipped/>
  </testcase> <!-- verifyCodeImplementationPage -->
  <system-out/>
  <testcase classname="dsAlgoTests.StackTest" name="verifyCodeApplicationsPage" time="0.000">
    <skipped/>
  </testcase> <!-- verifyCodeApplicationsPage -->
  <system-out/>
  <testcase classname="dsAlgoTests.StackTest" name="verifyCodeOperationsInStackPage" time="0.000">
    <skipped/>
  </testcase> <!-- verifyCodeOperationsInStackPage -->
  <system-out/>
  <testcase classname="dsAlgoTests.StackTest" name="verifyCodeOperationsInStackPage" time="0.000">
    <skipped/>
  </testcase> <!-- verifyCodeOperationsInStackPage -->
  <system-out/>
  <testcase classname="dsAlgoTests.StackTest" name="verifyCodeApplicationsPage" time="0.000">
    <skipped/>
  </testcase> <!-- verifyCodeApplicationsPage -->
  <system-out/>
  <testcase classname="dsAlgoTests.StackTest" name="verifyCodeApplicationsPage" time="0.000">
    <skipped/>
  </testcase> <!-- verifyCodeApplicationsPage -->
  <system-out/>
  <testcase classname="dsAlgoTests.StackTest" name="verifyCodeOperationsInStackPage" time="0.000">
    <skipped/>
  </testcase> <!-- verifyCodeOperationsInStackPage -->
  <system-out/>
  <testcase classname="dsAlgoTests.StackTest" name="verifyCodeImplementationPage" time="0.000">
    <skipped/>
  </testcase> <!-- verifyCodeImplementationPage -->
  <system-out/>
  <testcase classname="dsAlgoTests.StackTest" name="verifyCodeOperationsInStackPage" time="0.000">
    <skipped/>
  </testcase> <!-- verifyCodeOperationsInStackPage -->
  <system-out/>
  <testcase classname="dsAlgoTests.StackTest" name="verifyCodeOperationsInStackPage" time="0.000">
    <skipped/>
  </testcase> <!-- verifyCodeOperationsInStackPage -->
  <system-out/>
  <testcase classname="dsAlgoTests.StackTest" name="verifyCodeImplementationPage" time="0.000">
    <skipped/>
  </testcase> <!-- verifyCodeImplementationPage -->
  <system-out/>
  <testcase classname="dsAlgoTests.StackTest" name="verifyCodeOperationsInStackPage" time="0.000">
    <skipped/>
  </testcase> <!-- verifyCodeOperationsInStackPage -->
  <system-out/>
  <testcase classname="dsAlgoTests.StackTest" name="verifyCodeApplicationsPage" time="0.000">
    <skipped/>
  </testcase> <!-- verifyCodeApplicationsPage -->
  <system-out/>
  <testcase classname="dsAlgoTests.StackTest" name="verifyCodeOperationsInStackPage" time="0.000">
    <skipped/>
  </testcase> <!-- verifyCodeOperationsInStackPage -->
  <system-out/>
  <testcase classname="dsAlgoTests.StackTest" name="verifyCodeOperationsInStackPage" time="0.000">
    <skipped/>
  </testcase> <!-- verifyCodeOperationsInStackPage -->
  <system-out/>
  <testcase classname="dsAlgoTests.StackTest" name="verifyCodeImplementationPage" time="0.000">
    <skipped/>
  </testcase> <!-- verifyCodeImplementationPage -->
  <system-out/>
  <testcase classname="dsAlgoTests.StackTest" name="verifyCodeImplementationPage" time="0.000">
    <skipped/>
  </testcase> <!-- verifyCodeImplementationPage -->
  <system-out/>
  <testcase classname="dsAlgoTests.StackTest" name="verifyCodeImplementationPage" time="0.000">
    <skipped/>
  </testcase> <!-- verifyCodeImplementationPage -->
  <system-out/>
  <testcase classname="dsAlgoTests.StackTest" name="verifyCodeImplementationPage" time="0.000">
    <skipped/>
  </testcase> <!-- verifyCodeImplementationPage -->
  <system-out/>
  <testcase classname="dsAlgoTests.StackTest" name="verifyCodeOperationsInStackPage" time="0.000">
    <skipped/>
  </testcase> <!-- verifyCodeOperationsInStackPage -->
  <system-out/>
  <testcase classname="dsAlgoTests.StackTest" name="verifyCodeOperationsInStackPage" time="0.000">
    <skipped/>
  </testcase> <!-- verifyCodeOperationsInStackPage -->
  <system-out/>
  <testcase classname="dsAlgoTests.StackTest" name="verifyCodeOperationsInStackPage" time="0.000">
    <skipped/>
  </testcase> <!-- verifyCodeOperationsInStackPage -->
  <system-out/>
  <testcase classname="dsAlgoTests.StackTest" name="verifyCodeImplementationPage" time="0.000">
    <skipped/>
  </testcase> <!-- verifyCodeImplementationPage -->
  <system-out/>
  <testcase classname="dsAlgoTests.StackTest" name="verifyCodeOperationsInStackPage" time="0.000">
    <skipped/>
  </testcase> <!-- verifyCodeOperationsInStackPage -->
  <system-out/>
  <testcase classname="dsAlgoTests.StackTest" name="verifyCodeApplicationsPage" time="0.000">
    <skipped/>
  </testcase> <!-- verifyCodeApplicationsPage -->
  <system-out/>
  <testcase classname="dsAlgoTests.StackTest" name="verifyCodeOperationsInStackPage" time="0.000">
    <skipped/>
  </testcase> <!-- verifyCodeOperationsInStackPage -->
  <system-out/>
  <testcase classname="dsAlgoTests.StackTest" name="verifyCodeImplementationPage" time="0.000">
    <skipped/>
  </testcase> <!-- verifyCodeImplementationPage -->
  <system-out/>
  <testcase classname="dsAlgoTests.StackTest" name="verifyCodeImplementationPage" time="0.000">
    <skipped/>
  </testcase> <!-- verifyCodeImplementationPage -->
  <system-out/>
  <testcase classname="dsAlgoTests.StackTest" name="verifyCodeApplicationsPage" time="0.000">
    <skipped/>
  </testcase> <!-- verifyCodeApplicationsPage -->
  <system-out/>
  <testcase classname="dsAlgoTests.StackTest" name="verifyCodeOperationsInStackPage" time="0.000">
    <skipped/>
  </testcase> <!-- verifyCodeOperationsInStackPage -->
  <system-out/>
  <testcase classname="dsAlgoTests.StackTest" name="verifyCodeOperationsInStackPage" time="0.000">
    <skipped/>
  </testcase> <!-- verifyCodeOperationsInStackPage -->
  <system-out/>
  <testcase classname="dsAlgoTests.StackTest" name="verifyCodeOperationsInStackPage" time="0.000">
    <skipped/>
  </testcase> <!-- verifyCodeOperationsInStackPage -->
  <system-out/>
  <testcase classname="dsAlgoTests.StackTest" name="verifyCodeApplicationsPage" time="0.000">
    <skipped/>
  </testcase> <!-- verifyCodeApplicationsPage -->
  <system-out/>
  <testcase classname="dsAlgoTests.StackTest" name="verifyCodeImplementationPage" time="0.000">
    <skipped/>
  </testcase> <!-- verifyCodeImplementationPage -->
  <system-out/>
  <testcase classname="dsAlgoTests.StackTest" name="verifyCodeImplementationPage" time="0.000">
    <skipped/>
  </testcase> <!-- verifyCodeImplementationPage -->
  <system-out/>
  <testcase classname="dsAlgoTests.StackTest" name="verifyCodeApplicationsPage" time="0.000">
    <skipped/>
  </testcase> <!-- verifyCodeApplicationsPage -->
  <system-out/>
  <testcase classname="dsAlgoTests.StackTest" name="verifyCodeApplicationsPage" time="0.000">
    <skipped/>
  </testcase> <!-- verifyCodeApplicationsPage -->
  <system-out/>
  <testcase classname="dsAlgoTests.StackTest" name="verifyCodeApplicationsPage" time="0.000">
    <skipped/>
  </testcase> <!-- verifyCodeApplicationsPage -->
  <system-out/>
  <testcase classname="dsAlgoTests.StackTest" name="verifyCodeOperationsInStackPage" time="0.000">
    <skipped/>
  </testcase> <!-- verifyCodeOperationsInStackPage -->
  <system-out/>
  <testcase classname="dsAlgoTests.StackTest" name="verifyCodeApplicationsPage" time="0.000">
    <skipped/>
  </testcase> <!-- verifyCodeApplicationsPage -->
  <system-out/>
  <testcase classname="dsAlgoTests.StackTest" name="verifyCodeOperationsInStackPage" time="0.000">
    <skipped/>
  </testcase> <!-- verifyCodeOperationsInStackPage -->
  <system-out/>
  <testcase classname="dsAlgoTests.StackTest" name="verifyCodeImplementationPage" time="0.000">
    <skipped/>
  </testcase> <!-- verifyCodeImplementationPage -->
  <system-out/>
  <testcase classname="dsAlgoTests.StackTest" name="verifyCodeImplementationPage" time="0.000">
    <skipped/>
  </testcase> <!-- verifyCodeImplementationPage -->
  <system-out/>
  <testcase classname="dsAlgoTests.StackTest" name="verifyCodeImplementationPage" time="0.000">
    <skipped/>
  </testcase> <!-- verifyCodeImplementationPage -->
  <system-out/>
  <testcase classname="dsAlgoTests.StackTest" name="verifyCodeImplementationPage" time="0.000">
    <skipped/>
  </testcase> <!-- verifyCodeImplementationPage -->
  <system-out/>
  <testcase classname="dsAlgoTests.StackTest" name="verifyCodeOperationsInStackPage" time="0.000">
    <skipped/>
  </testcase> <!-- verifyCodeOperationsInStackPage -->
  <system-out/>
  <testcase classname="dsAlgoTests.StackTest" name="verifyCodeImplementationPage" time="0.000">
    <skipped/>
  </testcase> <!-- verifyCodeImplementationPage -->
  <system-out/>
  <testcase classname="dsAlgoTests.StackTest" name="verifyCodeApplicationsPage" time="0.000">
    <skipped/>
  </testcase> <!-- verifyCodeApplicationsPage -->
  <system-out/>
  <testcase classname="dsAlgoTests.StackTest" name="verifyCodeImplementationPage" time="0.000">
    <skipped/>
  </testcase> <!-- verifyCodeImplementationPage -->
  <system-out/>
  <testcase classname="dsAlgoTests.StackTest" name="verifyCodeApplicationsPage" time="0.000">
    <skipped/>
  </testcase> <!-- verifyCodeApplicationsPage -->
  <system-out/>
  <testcase classname="dsAlgoTests.StackTest" name="verifyCodeOperationsInStackPage" time="0.000">
    <skipped/>
  </testcase> <!-- verifyCodeOperationsInStackPage -->
  <system-out/>
  <testcase classname="dsAlgoTests.StackTest" name="verifyCodeApplicationsPage" time="0.000">
    <skipped/>
  </testcase> <!-- verifyCodeApplicationsPage -->
  <system-out/>
  <testcase classname="dsAlgoTests.StackTest" name="verifyCodeApplicationsPage" time="0.000">
    <skipped/>
  </testcase> <!-- verifyCodeApplicationsPage -->
  <system-out/>
  <testcase classname="dsAlgoTests.StackTest" name="verifyCodeImplementationPage" time="0.000">
    <skipped/>
  </testcase> <!-- verifyCodeImplementationPage -->
  <system-out/>
  <testcase classname="dsAlgoTests.StackTest" name="verifyCodeImplementationPage" time="0.000">
    <skipped/>
  </testcase> <!-- verifyCodeImplementationPage -->
  <system-out/>
  <testcase classname="dsAlgoTests.StackTest" name="verifyCodeApplicationsPage" time="0.000">
    <skipped/>
  </testcase> <!-- verifyCodeApplicationsPage -->
  <system-out/>
  <testcase classname="dsAlgoTests.StackTest" name="verifyCodeImplementationPage" time="0.000">
    <skipped/>
  </testcase> <!-- verifyCodeImplementationPage -->
  <system-out/>
  <testcase classname="dsAlgoTests.StackTest" name="verifyCodeImplementationPage" time="0.000">
    <skipped/>
  </testcase> <!-- verifyCodeImplementationPage -->
  <system-out/>
  <testcase classname="dsAlgoTests.StackTest" name="verifyCodeOperationsInStackPage" time="0.000">
    <skipped/>
  </testcase> <!-- verifyCodeOperationsInStackPage -->
  <system-out/>
  <testcase classname="dsAlgoTests.StackTest" name="verifyCodeOperationsInStackPage" time="0.000">
    <skipped/>
  </testcase> <!-- verifyCodeOperationsInStackPage -->
  <system-out/>
  <testcase classname="dsAlgoTests.StackTest" name="verifyCodeImplementationPage" time="0.000">
    <skipped/>
  </testcase> <!-- verifyCodeImplementationPage -->
  <system-out/>
  <testcase classname="dsAlgoTests.StackTest" name="verifyCodeImplementationPage" time="0.000">
    <skipped/>
  </testcase> <!-- verifyCodeImplementationPage -->
  <system-out/>
  <testcase classname="dsAlgoTests.StackTest" name="verifyCodeOperationsInStackPage" time="0.000">
    <skipped/>
  </testcase> <!-- verifyCodeOperationsInStackPage -->
  <system-out/>
  <testcase classname="dsAlgoTests.StackTest" name="verifyCodeOperationsInStackPage" time="0.000">
    <skipped/>
  </testcase> <!-- verifyCodeOperationsInStackPage -->
  <system-out/>
  <testcase classname="dsAlgoTests.StackTest" name="verifyCodeApplicationsPage" time="0.000">
    <skipped/>
  </testcase> <!-- verifyCodeApplicationsPage -->
  <system-out/>
  <testcase classname="dsAlgoTests.StackTest" name="verifyCodeImplementationPage" time="0.000">
    <skipped/>
  </testcase> <!-- verifyCodeImplementationPage -->
  <system-out/>
  <testcase classname="dsAlgoTests.StackTest" name="verifyCodeImplementationPage" time="0.000">
    <skipped/>
  </testcase> <!-- verifyCodeImplementationPage -->
  <system-out/>
  <testcase classname="dsAlgoTests.StackTest" name="verifyCodeImplementationPage" time="0.000">
    <skipped/>
  </testcase> <!-- verifyCodeImplementationPage -->
  <system-out/>
  <testcase classname="dsAlgoTests.StackTest" name="verifyCodeOperationsInStackPage" time="0.000">
    <skipped/>
  </testcase> <!-- verifyCodeOperationsInStackPage -->
  <system-out/>
  <testcase classname="dsAlgoTests.StackTest" name="verifyCodeApplicationsPage" time="0.000">
    <skipped/>
  </testcase> <!-- verifyCodeApplicationsPage -->
  <system-out/>
  <testcase classname="dsAlgoTests.StackTest" name="verifyCodeImplementationPage" time="0.000">
    <skipped/>
  </testcase> <!-- verifyCodeImplementationPage -->
  <system-out/>
  <testcase classname="dsAlgoTests.StackTest" name="verifyCodeImplementationPage" time="0.000">
    <skipped/>
  </testcase> <!-- verifyCodeImplementationPage -->
  <system-out/>
  <testcase classname="dsAlgoTests.StackTest" name="verifyCodeApplicationsPage" time="0.000">
    <skipped/>
  </testcase> <!-- verifyCodeApplicationsPage -->
  <system-out/>
  <testcase classname="dsAlgoTests.StackTest" name="verifyCodeImplementationPage" time="0.000">
    <skipped/>
  </testcase> <!-- verifyCodeImplementationPage -->
  <system-out/>
  <testcase classname="dsAlgoTests.StackTest" name="verifyCodeImplementationPage" time="0.000">
    <skipped/>
  </testcase> <!-- verifyCodeImplementationPage -->
  <system-out/>
  <testcase classname="dsAlgoTests.StackTest" name="verifyCodeApplicationsPage" time="0.000">
    <skipped/>
  </testcase> <!-- verifyCodeApplicationsPage -->
  <system-out/>
  <testcase classname="dsAlgoTests.StackTest" name="verifyCodeImplementationPage" time="0.000">
    <skipped/>
  </testcase> <!-- verifyCodeImplementationPage -->
  <system-out/>
  <testcase classname="dsAlgoTests.StackTest" name="verifyCodeOperationsInStackPage" time="0.000">
    <skipped/>
  </testcase> <!-- verifyCodeOperationsInStackPage -->
  <system-out/>
  <testcase classname="dsAlgoTests.StackTest" name="verifyCodeImplementationPage" time="0.000">
    <skipped/>
  </testcase> <!-- verifyCodeImplementationPage -->
  <system-out/>
  <testcase classname="dsAlgoTests.StackTest" name="verifyCodeOperationsInStackPage" time="0.000">
    <skipped/>
  </testcase> <!-- verifyCodeOperationsInStackPage -->
  <system-out/>
  <testcase classname="dsAlgoTests.StackTest" name="verifyCodeImplementationPage" time="0.000">
    <skipped/>
  </testcase> <!-- verifyCodeImplementationPage -->
  <system-out/>
  <testcase classname="dsAlgoTests.StackTest" name="verifyCodeApplicationsPage" time="0.000">
    <skipped/>
  </testcase> <!-- verifyCodeApplicationsPage -->
  <system-out/>
  <testcase classname="dsAlgoTests.StackTest" name="verifyCodeImplementationPage" time="0.000">
    <skipped/>
  </testcase> <!-- verifyCodeImplementationPage -->
  <system-out/>
  <testcase classname="dsAlgoTests.StackTest" name="verifyCodeOperationsInStackPage" time="0.000">
    <skipped/>
  </testcase> <!-- verifyCodeOperationsInStackPage -->
  <system-out/>
  <testcase classname="dsAlgoTests.StackTest" name="verifyCodeOperationsInStackPage" time="0.000">
    <skipped/>
  </testcase> <!-- verifyCodeOperationsInStackPage -->
  <system-out/>
  <testcase classname="dsAlgoTests.StackTest" name="verifyCodeImplementationPage" time="0.000">
    <skipped/>
  </testcase> <!-- verifyCodeImplementationPage -->
  <system-out/>
  <testcase classname="dsAlgoTests.StackTest" name="verifyCodeOperationsInStackPage" time="0.000">
    <skipped/>
  </testcase> <!-- verifyCodeOperationsInStackPage -->
  <system-out/>
  <testcase classname="dsAlgoTests.StackTest" name="verifyCodeImplementationPage" time="0.000">
    <skipped/>
  </testcase> <!-- verifyCodeImplementationPage -->
  <system-out/>
  <testcase classname="dsAlgoTests.StackTest" name="verifyCodeImplementationPage" time="0.000">
    <skipped/>
  </testcase> <!-- verifyCodeImplementationPage -->
  <system-out/>
  <testcase classname="dsAlgoTests.StackTest" name="verifyCodeOperationsInStackPage" time="0.000">
    <skipped/>
  </testcase> <!-- verifyCodeOperationsInStackPage -->
  <system-out/>
  <testcase classname="dsAlgoTests.StackTest" name="verifyCodeImplementationPage" time="0.000">
    <skipped/>
  </testcase> <!-- verifyCodeImplementationPage -->
  <system-out/>
  <testcase classname="dsAlgoTests.StackTest" name="verifyCodeImplementationPage" time="0.000">
    <skipped/>
  </testcase> <!-- verifyCodeImplementationPage -->
  <system-out/>
  <testcase classname="dsAlgoTests.StackTest" name="verifyCodeImplementationPage" time="0.000">
    <skipped/>
  </testcase> <!-- verifyCodeImplementationPage -->
  <system-out/>
  <testcase classname="dsAlgoTests.StackTest" name="verifyCodeImplementationPage" time="0.000">
    <skipped/>
  </testcase> <!-- verifyCodeImplementationPage -->
  <system-out/>
  <testcase classname="dsAlgoTests.StackTest" name="verifyCodeImplementationPage" time="0.000">
    <skipped/>
  </testcase> <!-- verifyCodeImplementationPage -->
  <system-out/>
  <testcase classname="dsAlgoTests.StackTest" name="verifyCodeApplicationsPage" time="0.000">
    <skipped/>
  </testcase> <!-- verifyCodeApplicationsPage -->
  <system-out/>
  <testcase classname="dsAlgoTests.StackTest" name="verifyCodeOperationsInStackPage" time="0.000">
    <skipped/>
  </testcase> <!-- verifyCodeOperationsInStackPage -->
  <system-out/>
  <testcase classname="dsAlgoTests.StackTest" name="verifyCodeApplicationsPage" time="0.000">
    <skipped/>
  </testcase> <!-- verifyCodeApplicationsPage -->
  <system-out/>
  <testcase classname="dsAlgoTests.StackTest" name="verifyCodeImplementationPage" time="0.000">
    <skipped/>
  </testcase> <!-- verifyCodeImplementationPage -->
  <system-out/>
  <testcase classname="dsAlgoTests.StackTest" name="verifyCodeImplementationPage" time="0.000">
    <skipped/>
  </testcase> <!-- verifyCodeImplementationPage -->
  <system-out/>
  <testcase classname="dsAlgoTests.StackTest" name="verifyCodeOperationsInStackPage" time="0.000">
    <skipped/>
  </testcase> <!-- verifyCodeOperationsInStackPage -->
  <system-out/>
  <testcase classname="dsAlgoTests.StackTest" name="verifyCodeApplicationsPage" time="0.000">
    <skipped/>
  </testcase> <!-- verifyCodeApplicationsPage -->
  <system-out/>
  <testcase classname="dsAlgoTests.StackTest" name="verifyCodeApplicationsPage" time="0.000">
    <skipped/>
  </testcase> <!-- verifyCodeApplicationsPage -->
  <system-out/>
  <testcase classname="dsAlgoTests.StackTest" name="verifyCodeApplicationsPage" time="0.000">
    <skipped/>
  </testcase> <!-- verifyCodeApplicationsPage -->
  <system-out/>
  <testcase classname="dsAlgoTests.StackTest" name="verifyCodeApplicationsPage" time="0.000">
    <skipped/>
  </testcase> <!-- verifyCodeApplicationsPage -->
  <system-out/>
  <testcase classname="dsAlgoTests.StackTest" name="verifyCodeImplementationPage" time="0.000">
    <skipped/>
  </testcase> <!-- verifyCodeImplementationPage -->
  <system-out/>
  <testcase classname="dsAlgoTests.StackTest" name="verifyCodeOperationsInStackPage" time="0.000">
    <skipped/>
  </testcase> <!-- verifyCodeOperationsInStackPage -->
  <system-out/>
  <testcase classname="dsAlgoTests.StackTest" name="verifyCodeApplicationsPage" time="0.000">
    <skipped/>
  </testcase> <!-- verifyCodeApplicationsPage -->
  <system-out/>
  <testcase classname="dsAlgoTests.StackTest" name="verifyCodeApplicationsPage" time="0.000">
    <skipped/>
  </testcase> <!-- verifyCodeApplicationsPage -->
  <system-out/>
  <testcase classname="dsAlgoTests.StackTest" name="verifyCodeOperationsInStackPage" time="0.000">
    <skipped/>
  </testcase> <!-- verifyCodeOperationsInStackPage -->
  <system-out/>
  <testcase classname="dsAlgoTests.StackTest" name="verifyCodeOperationsInStackPage" time="0.000">
    <skipped/>
  </testcase> <!-- verifyCodeOperationsInStackPage -->
  <system-out/>
  <testcase classname="dsAlgoTests.StackTest" name="verifyCodeImplementationPage" time="0.000">
    <skipped/>
  </testcase> <!-- verifyCodeImplementationPage -->
  <system-out/>
  <testcase classname="dsAlgoTests.StackTest" name="verifyCodeApplicationsPage" time="0.000">
    <skipped/>
  </testcase> <!-- verifyCodeApplicationsPage -->
  <system-out/>
  <testcase classname="dsAlgoTests.StackTest" name="verifyCodeOperationsInStackPage" time="0.000">
    <skipped/>
  </testcase> <!-- verifyCodeOperationsInStackPage -->
  <system-out/>
  <testcase classname="dsAlgoTests.StackTest" name="verifyCodeOperationsInStackPage" time="0.000">
    <skipped/>
  </testcase> <!-- verifyCodeOperationsInStackPage -->
  <system-out/>
  <testcase classname="dsAlgoTests.StackTest" name="verifyCodeImplementationPage" time="0.000">
    <skipped/>
  </testcase> <!-- verifyCodeImplementationPage -->
  <system-out/>
  <testcase classname="dsAlgoTests.StackTest" name="verifyCodeImplementationPage" time="0.000">
    <skipped/>
  </testcase> <!-- verifyCodeImplementationPage -->
  <system-out/>
  <testcase classname="dsAlgoTests.StackTest" name="verifyCodeImplementationPage" time="0.000">
    <skipped/>
  </testcase> <!-- verifyCodeImplementationPage -->
  <system-out/>
  <testcase classname="dsAlgoTests.StackTest" name="verifyCodeOperationsInStackPage" time="0.000">
    <skipped/>
  </testcase> <!-- verifyCodeOperationsInStackPage -->
  <system-out/>
  <testcase classname="dsAlgoTests.StackTest" name="verifyCodeApplicationsPage" time="0.000">
    <skipped/>
  </testcase> <!-- verifyCodeApplicationsPage -->
  <system-out/>
  <testcase classname="dsAlgoTests.StackTest" name="verifyCodeApplicationsPage" time="0.000">
    <skipped/>
  </testcase> <!-- verifyCodeApplicationsPage -->
  <system-out/>
  <testcase classname="dsAlgoTests.StackTest" name="verifyCodeApplicationsPage" time="0.000">
    <skipped/>
  </testcase> <!-- verifyCodeApplicationsPage -->
  <system-out/>
  <testcase classname="dsAlgoTests.StackTest" name="verifyCodeApplicationsPage" time="0.000">
    <skipped/>
  </testcase> <!-- verifyCodeApplicationsPage -->
  <system-out/>
  <testcase classname="dsAlgoTests.StackTest" name="verifyCodeApplicationsPage" time="0.000">
    <skipped/>
  </testcase> <!-- verifyCodeApplicationsPage -->
  <system-out/>
  <testcase classname="dsAlgoTests.StackTest" name="verifyCodeApplicationsPage" time="0.000">
    <skipped/>
  </testcase> <!-- verifyCodeApplicationsPage -->
  <system-out/>
  <testcase classname="dsAlgoTests.StackTest" name="verifyCodeOperationsInStackPage" time="0.000">
    <skipped/>
  </testcase> <!-- verifyCodeOperationsInStackPage -->
  <system-out/>
  <testcase classname="dsAlgoTests.StackTest" name="verifyCodeOperationsInStackPage" time="0.000">
    <skipped/>
  </testcase> <!-- verifyCodeOperationsInStackPage -->
  <system-out/>
  <testcase classname="dsAlgoTests.StackTest" name="verifyCodeOperationsInStackPage" time="0.000">
    <skipped/>
  </testcase> <!-- verifyCodeOperationsInStackPage -->
  <system-out/>
  <testcase classname="dsAlgoTests.StackTest" name="verifyCodeOperationsInStackPage" time="0.000">
    <skipped/>
  </testcase> <!-- verifyCodeOperationsInStackPage -->
  <system-out/>
  <testcase classname="dsAlgoTests.StackTest" name="verifyCodeImplementationPage" time="0.000">
    <skipped/>
  </testcase> <!-- verifyCodeImplementationPage -->
  <system-out/>
  <testcase classname="dsAlgoTests.StackTest" name="verifyCodeApplicationsPage" time="0.000">
    <skipped/>
  </testcase> <!-- verifyCodeApplicationsPage -->
  <system-out/>
  <testcase classname="dsAlgoTests.StackTest" name="verifyCodeOperationsInStackPage" time="0.000">
    <skipped/>
  </testcase> <!-- verifyCodeOperationsInStackPage -->
  <system-out/>
  <testcase classname="dsAlgoTests.StackTest" name="verifyCodeApplicationsPage" time="0.000">
    <skipped/>
  </testcase> <!-- verifyCodeApplicationsPage -->
  <system-out/>
  <testcase classname="dsAlgoTests.StackTest" name="verifyCodeOperationsInStackPage" time="0.000">
    <skipped/>
  </testcase> <!-- verifyCodeOperationsInStackPage -->
  <system-out/>
  <testcase classname="dsAlgoTests.StackTest" name="verifyCodeImplementationPage" time="0.000">
    <skipped/>
  </testcase> <!-- verifyCodeImplementationPage -->
  <system-out/>
  <testcase classname="dsAlgoTests.StackTest" name="verifyCodeImplementationPage" time="0.000">
    <skipped/>
  </testcase> <!-- verifyCodeImplementationPage -->
  <system-out/>
  <testcase classname="dsAlgoTests.StackTest" name="navigateToApplicationsPracticeQuestions" time="0.000">
    <skipped/>
  </testcase> <!-- navigateToApplicationsPracticeQuestions -->
  <system-out/>
  <testcase classname="dsAlgoTests.StackTest" name="verifyCodeApplicationsPage" time="0.000">
    <skipped/>
  </testcase> <!-- verifyCodeApplicationsPage -->
  <system-out/>
  <testcase classname="dsAlgoTests.StackTest" name="verifyCodeApplicationsPage" time="0.000">
    <skipped/>
  </testcase> <!-- verifyCodeApplicationsPage -->
  <system-out/>
  <testcase classname="dsAlgoTests.StackTest" name="verifyCodeApplicationsPage" time="0.000">
    <skipped/>
  </testcase> <!-- verifyCodeApplicationsPage -->
  <system-out/>
  <testcase classname="dsAlgoTests.StackTest" name="verifyCodeApplicationsPage" time="0.000">
    <skipped/>
  </testcase> <!-- verifyCodeApplicationsPage -->
  <system-out/>
  <testcase classname="dsAlgoTests.StackTest" name="verifyCodeImplementationPage" time="0.000">
    <skipped/>
  </testcase> <!-- verifyCodeImplementationPage -->
  <system-out/>
  <testcase classname="dsAlgoTests.StackTest" name="verifyCodeOperationsInStackPage" time="0.000">
    <skipped/>
  </testcase> <!-- verifyCodeOperationsInStackPage -->
  <system-out/>
  <testcase classname="dsAlgoTests.StackTest" name="verifyCodeApplicationsPage" time="0.000">
    <skipped/>
  </testcase> <!-- verifyCodeApplicationsPage -->
  <system-out/>
  <testcase classname="dsAlgoTests.StackTest" name="verifyCodeImplementationPage" time="0.000">
    <skipped/>
  </testcase> <!-- verifyCodeImplementationPage -->
  <system-out/>
  <testcase classname="dsAlgoTests.StackTest" name="verifyCodeApplicationsPage" time="0.000">
    <skipped/>
  </testcase> <!-- verifyCodeApplicationsPage -->
  <system-out/>
  <testcase classname="dsAlgoTests.StackTest" name="verifyCodeApplicationsPage" time="0.000">
    <skipped/>
  </testcase> <!-- verifyCodeApplicationsPage -->
  <system-out/>
  <testcase classname="dsAlgoTests.StackTest" name="verifyCodeApplicationsPage" time="0.000">
    <skipped/>
  </testcase> <!-- verifyCodeApplicationsPage -->
  <system-out/>
  <testcase classname="dsAlgoTests.StackTest" name="verifyCodeImplementationPage" time="0.000">
    <skipped/>
  </testcase> <!-- verifyCodeImplementationPage -->
  <system-out/>
  <testcase classname="dsAlgoTests.StackTest" name="verifyCodeImplementationPage" time="0.000">
    <skipped/>
  </testcase> <!-- verifyCodeImplementationPage -->
  <system-out/>
  <testcase classname="dsAlgoTests.StackTest" name="verifyCodeApplicationsPage" time="0.000">
    <skipped/>
  </testcase> <!-- verifyCodeApplicationsPage -->
  <system-out/>
  <testcase classname="dsAlgoTests.StackTest" name="verifyCodeOperationsInStackPage" time="0.000">
    <skipped/>
  </testcase> <!-- verifyCodeOperationsInStackPage -->
  <system-out/>
  <testcase classname="dsAlgoTests.StackTest" name="verifyCodeImplementationPage" time="0.000">
    <skipped/>
  </testcase> <!-- verifyCodeImplementationPage -->
  <system-out/>
  <testcase classname="dsAlgoTests.StackTest" name="verifyCodeImplementationPage" time="0.000">
    <skipped/>
  </testcase> <!-- verifyCodeImplementationPage -->
  <system-out/>
  <testcase classname="dsAlgoTests.StackTest" name="verifyCodeOperationsInStackPage" time="0.000">
    <skipped/>
  </testcase> <!-- verifyCodeOperationsInStackPage -->
  <system-out/>
  <testcase classname="dsAlgoTests.StackTest" name="verifyCodeOperationsInStackPage" time="0.000">
    <skipped/>
  </testcase> <!-- verifyCodeOperationsInStackPage -->
  <system-out/>
  <testcase classname="dsAlgoTests.StackTest" name="verifyCodeApplicationsPage" time="0.000">
    <skipped/>
  </testcase> <!-- verifyCodeApplicationsPage -->
  <system-out/>
  <testcase classname="dsAlgoTests.StackTest" name="verifyCodeImplementationPage" time="0.000">
    <skipped/>
  </testcase> <!-- verifyCodeImplementationPage -->
  <system-out/>
  <testcase classname="dsAlgoTests.StackTest" name="verifyCodeImplementationPage" time="0.000">
    <skipped/>
  </testcase> <!-- verifyCodeImplementationPage -->
  <system-out/>
  <testcase classname="dsAlgoTests.StackTest" name="verifyCodeImplementationPage" time="0.000">
    <skipped/>
  </testcase> <!-- verifyCodeImplementationPage -->
  <system-out/>
  <testcase classname="dsAlgoTests.StackTest" name="verifyCodeOperationsInStackPage" time="0.000">
    <skipped/>
  </testcase> <!-- verifyCodeOperationsInStackPage -->
  <system-out/>
  <testcase classname="dsAlgoTests.StackTest" name="verifyCodeOperationsInStackPage" time="0.000">
    <skipped/>
  </testcase> <!-- verifyCodeOperationsInStackPage -->
  <system-out/>
  <testcase classname="dsAlgoTests.StackTest" name="verifyCodeApplicationsPage" time="0.000">
    <skipped/>
  </testcase> <!-- verifyCodeApplicationsPage -->
  <system-out/>
  <testcase classname="dsAlgoTests.StackTest" name="verifyCodeApplicationsPage" time="0.000">
    <skipped/>
  </testcase> <!-- verifyCodeApplicationsPage -->
  <system-out/>
  <testcase classname="dsAlgoTests.StackTest" name="verifyCodeOperationsInStackPage" time="0.000">
    <skipped/>
  </testcase> <!-- verifyCodeOperationsInStackPage -->
  <system-out/>
  <testcase classname="dsAlgoTests.StackTest" name="verifyCodeOperationsInStackPage" time="0.000">
    <skipped/>
  </testcase> <!-- verifyCodeOperationsInStackPage -->
  <system-out/>
  <testcase classname="dsAlgoTests.StackTest" name="verifyCodeOperationsInStackPage" time="0.000">
    <skipped/>
  </testcase> <!-- verifyCodeOperationsInStackPage -->
  <system-out/>
  <testcase classname="dsAlgoTests.StackTest" name="checkErrorMessageWhenExecutingWithoutCodeInApplicationsInStackPage" time="42.438">
    <error message="Error communicating with the remote browser. It may have died.
Build info: version: &#039;4.17.0&#039;, revision: &#039;e52b1be057*&#039;
System info: os.name: &#039;Windows 11&#039;, os.arch: &#039;amd64&#039;, os.version: &#039;10.0&#039;, java.version: &#039;23.0.1&#039;
Driver info: org.openqa.selenium.chrome.ChromeDriver
Command: [4a4e02685e03bdd99f146c9a146ad687, findElement [using, value]]
Capabilities {acceptInsecureCerts: false, browserName: chrome, browserVersion: 132.0.6834.162, chrome: {chromedriverVersion: 132.0.6834.159 (2d77d3fc445..., userDataDir: C:\Users\12157\AppData\Loca...}, fedcm:accounts: true, goog:chromeOptions: {debuggerAddress: localhost:61172}, networkConnectionEnabled: false, pageLoadStrategy: normal, platformName: windows, proxy: Proxy(), se:cdp: ws://localhost:61172/devtoo..., se:cdpVersion: 132.0.6834.162, setWindowRect: true, strictFileInteractability: false, timeouts: {implicit: 0, pageLoad: 300000, script: 30000}, unhandledPromptBehavior: dismiss and notify, webauthn:extension:credBlob: true, webauthn:extension:largeBlob: true, webauthn:extension:minPinLength: true, webauthn:extension:prf: true, webauthn:virtualAuthenticators: true}" type="org.openqa.selenium.remote.UnreachableBrowserException">
      <![CDATA[org.openqa.selenium.remote.UnreachableBrowserException: Error communicating with the remote browser. It may have died.
Build info: version: '4.17.0', revision: 'e52b1be057*'
System info: os.name: 'Windows 11', os.arch: 'amd64', os.version: '10.0', java.version: '23.0.1'
Driver info: org.openqa.selenium.chrome.ChromeDriver
Command: [4a4e02685e03bdd99f146c9a146ad687, findElement [using, value]]
Capabilities {acceptInsecureCerts: false, browserName: chrome, browserVersion: 132.0.6834.162, chrome: {chromedriverVersion: 132.0.6834.159 (2d77d3fc445..., userDataDir: C:\Users\12157\AppData\Loca...}, fedcm:accounts: true, goog:chromeOptions: {debuggerAddress: localhost:61172}, networkConnectionEnabled: false, pageLoadStrategy: normal, platformName: windows, proxy: Proxy(), se:cdp: ws://localhost:61172/devtoo..., se:cdpVersion: 132.0.6834.162, setWindowRect: true, strictFileInteractability: false, timeouts: {implicit: 0, pageLoad: 300000, script: 30000}, unhandledPromptBehavior: dismiss and notify, webauthn:extension:credBlob: true, webauthn:extension:largeBlob: true, webauthn:extension:minPinLength: true, webauthn:extension:prf: true, webauthn:virtualAuthenticators: true}
at org.openqa.selenium.remote.RemoteWebDriver.execute(RemoteWebDriver.java:546)
at org.openqa.selenium.remote.ElementLocation$ElementFinder$2.findElement(ElementLocation.java:165)
at org.openqa.selenium.remote.ElementLocation.findElement(ElementLocation.java:59)
at org.openqa.selenium.remote.RemoteWebDriver.findElement(RemoteWebDriver.java:356)
at org.openqa.selenium.remote.RemoteWebDriver.findElement(RemoteWebDriver.java:350)
at org.openqa.selenium.support.pagefactory.DefaultElementLocator.findElement(DefaultElementLocator.java:68)
at org.openqa.selenium.support.pagefactory.internal.LocatingElementHandler.invoke(LocatingElementHandler.java:38)
at jdk.proxy2/jdk.proxy2.$Proxy14.click(Unknown Source)
at dsAlgoPages.StackPage.tryHere(StackPage.java:46)
at dsAlgoTests.StackTest.checkErrorMessageWhenExecutingWithoutCodeInApplicationsInStackPage(StackTest.java:144)
at java.base/jdk.internal.reflect.DirectMethodHandleAccessor.invoke(DirectMethodHandleAccessor.java:103)
at java.base/java.lang.reflect.Method.invoke(Method.java:580)
at org.testng.internal.MethodInvocationHelper.invokeMethod(MethodInvocationHelper.java:133)
at org.testng.internal.TestInvoker.invokeMethod(TestInvoker.java:598)
at org.testng.internal.TestInvoker.invokeTestMethod(TestInvoker.java:173)
at org.testng.internal.MethodRunner.runInSequence(MethodRunner.java:46)
at org.testng.internal.TestInvoker$MethodInvocationAgent.invoke(TestInvoker.java:824)
at org.testng.internal.TestInvoker.invokeTestMethods(TestInvoker.java:146)
at org.testng.internal.TestMethodWorker.invokeTestMethods(TestMethodWorker.java:146)
at org.testng.internal.TestMethodWorker.run(TestMethodWorker.java:128)
at java.base/java.util.concurrent.ThreadPoolExecutor.runWorker(ThreadPoolExecutor.java:1144)
at java.base/java.util.concurrent.ThreadPoolExecutor$Worker.run(ThreadPoolExecutor.java:642)
at java.base/java.lang.Thread.run(Thread.java:1575)
Caused by: java.util.concurrent.RejectedExecutionException: Task jdk.internal.net.http.common.SequentialScheduler$SchedulableTask@21582588 rejected from java.util.concurrent.ThreadPoolExecutor@1402a227[Terminated, pool size = 0, active threads = 0, queued tasks = 0, completed tasks = 106]
at java.base/java.util.concurrent.ThreadPoolExecutor$AbortPolicy.rejectedExecution(ThreadPoolExecutor.java:2082)
at java.base/java.util.concurrent.ThreadPoolExecutor.reject(ThreadPoolExecutor.java:841)
at java.base/java.util.concurrent.ThreadPoolExecutor.execute(ThreadPoolExecutor.java:1377)
at java.net.http/jdk.internal.net.http.HttpClientImpl$DelegatingExecutor.ensureExecutedAsync(HttpClientImpl.java:184)
at java.net.http/jdk.internal.net.http.HttpClientImpl$DelegatingExecutor.execute(HttpClientImpl.java:176)
at java.net.http/jdk.internal.net.http.common.SequentialScheduler.runOrSchedule(SequentialScheduler.java:282)
at java.net.http/jdk.internal.net.http.common.SequentialScheduler.runOrSchedule(SequentialScheduler.java:251)
at java.net.http/jdk.internal.net.http.Http1AsyncReceiver.onReadError(Http1AsyncReceiver.java:516)
at java.net.http/jdk.internal.net.http.Http1AsyncReceiver$Http1TubeSubscriber.onError(Http1AsyncReceiver.java:595)
at java.net.http/jdk.internal.net.http.SocketTube$InternalReadPublisher$ReadSubscription.signalCompletion(SocketTube.java:645)
at java.net.http/jdk.internal.net.http.SocketTube$InternalReadPublisher$InternalReadSubscription.read(SocketTube.java:829)
at java.net.http/jdk.internal.net.http.SocketTube$SocketFlowTask.run(SocketTube.java:181)
at java.net.http/jdk.internal.net.http.common.SequentialScheduler$SchedulableTask.run(SequentialScheduler.java:207)
at java.net.http/jdk.internal.net.http.common.SequentialScheduler.runOrSchedule(SequentialScheduler.java:280)
at java.net.http/jdk.internal.net.http.common.SequentialScheduler.runOrSchedule(SequentialScheduler.java:233)
at java.net.http/jdk.internal.net.http.SocketTube$InternalReadPublisher$InternalReadSubscription.signalReadable(SocketTube.java:782)
at java.net.http/jdk.internal.net.http.SocketTube$InternalReadPublisher$ReadEvent.signalEvent(SocketTube.java:965)
at java.net.http/jdk.internal.net.http.SocketTube$SocketFlowEvent.handle(SocketTube.java:253)
at java.net.http/jdk.internal.net.http.HttpClientImpl$SelectorManager.handleEvent(HttpClientImpl.java:1478)
at java.net.http/jdk.internal.net.http.HttpClientImpl$SelectorManager.lambda$run$3(HttpClientImpl.java:1423)
at java.base/java.util.ArrayList.forEach(ArrayList.java:1597)
at java.net.http/jdk.internal.net.http.HttpClientImpl$SelectorManager.run(HttpClientImpl.java:1423)
]]>
    </error>
  </testcase> <!-- checkErrorMessageWhenExecutingWithoutCodeInApplicationsInStackPage -->
  <system-out/>
  <testcase classname="dsAlgoTests.StackTest" name="verifyCodeImplementationPage" time="0.000">
    <skipped/>
  </testcase> <!-- verifyCodeImplementationPage -->
  <system-out/>
  <testcase classname="dsAlgoTests.StackTest" name="verifyCodeApplicationsPage" time="0.000">
    <skipped/>
  </testcase> <!-- verifyCodeApplicationsPage -->
  <system-out/>
  <testcase classname="dsAlgoTests.StackTest" name="verifyCodeImplementationPage" time="0.000">
    <skipped/>
  </testcase> <!-- verifyCodeImplementationPage -->
  <system-out/>
  <testcase classname="dsAlgoTests.StackTest" name="verifyCodeOperationsInStackPage" time="0.000">
    <skipped/>
  </testcase> <!-- verifyCodeOperationsInStackPage -->
  <system-out/>
  <testcase classname="dsAlgoTests.StackTest" name="verifyCodeImplementationPage" time="0.000">
    <skipped/>
  </testcase> <!-- verifyCodeImplementationPage -->
  <system-out/>
  <testcase classname="dsAlgoTests.StackTest" name="verifyCodeApplicationsPage" time="0.000">
    <skipped/>
  </testcase> <!-- verifyCodeApplicationsPage -->
  <system-out/>
  <testcase classname="dsAlgoTests.StackTest" name="verifyCodeOperationsInStackPage" time="0.000">
    <skipped/>
  </testcase> <!-- verifyCodeOperationsInStackPage -->
  <system-out/>
  <testcase classname="dsAlgoTests.StackTest" name="verifyCodeImplementationPage" time="0.000">
    <skipped/>
  </testcase> <!-- verifyCodeImplementationPage -->
  <system-out/>
  <testcase classname="dsAlgoTests.StackTest" name="verifyCodeOperationsInStackPage" time="0.000">
    <skipped/>
  </testcase> <!-- verifyCodeOperationsInStackPage -->
  <system-out/>
  <testcase classname="dsAlgoTests.StackTest" name="verifyCodeImplementationPage" time="0.000">
    <skipped/>
  </testcase> <!-- verifyCodeImplementationPage -->
  <system-out/>
  <testcase classname="dsAlgoTests.StackTest" name="verifyCodeOperationsInStackPage" time="0.000">
    <skipped/>
  </testcase> <!-- verifyCodeOperationsInStackPage -->
  <system-out/>
  <testcase classname="dsAlgoTests.StackTest" name="verifyCodeImplementationPage" time="0.000">
    <skipped/>
  </testcase> <!-- verifyCodeImplementationPage -->
  <system-out/>
  <testcase classname="dsAlgoTests.StackTest" name="verifyCodeApplicationsPage" time="0.000">
    <skipped/>
  </testcase> <!-- verifyCodeApplicationsPage -->
  <system-out/>
  <testcase classname="dsAlgoTests.StackTest" name="verifyCodeOperationsInStackPage" time="0.000">
    <skipped/>
  </testcase> <!-- verifyCodeOperationsInStackPage -->
  <system-out/>
  <testcase classname="dsAlgoTests.StackTest" name="verifyCodeApplicationsPage" time="0.000">
    <skipped/>
  </testcase> <!-- verifyCodeApplicationsPage -->
  <system-out/>
  <testcase classname="dsAlgoTests.StackTest" name="verifyCodeApplicationsPage" time="0.000">
    <skipped/>
  </testcase> <!-- verifyCodeApplicationsPage -->
  <system-out/>
  <testcase classname="dsAlgoTests.StackTest" name="verifyCodeApplicationsPage" time="0.000">
    <skipped/>
  </testcase> <!-- verifyCodeApplicationsPage -->
  <system-out/>
  <testcase classname="dsAlgoTests.StackTest" name="verifyCodeImplementationPage" time="0.000">
    <skipped/>
  </testcase> <!-- verifyCodeImplementationPage -->
  <system-out/>
  <testcase classname="dsAlgoTests.StackTest" name="verifyCodeApplicationsPage" time="0.000">
    <skipped/>
  </testcase> <!-- verifyCodeApplicationsPage -->
  <system-out/>
  <testcase classname="dsAlgoTests.StackTest" name="verifyCodeOperationsInStackPage" time="0.000">
    <skipped/>
  </testcase> <!-- verifyCodeOperationsInStackPage -->
  <system-out/>
  <testcase classname="dsAlgoTests.StackTest" name="verifyCodeOperationsInStackPage" time="0.000">
    <skipped/>
  </testcase> <!-- verifyCodeOperationsInStackPage -->
  <system-out/>
  <testcase classname="dsAlgoTests.StackTest" name="verifyCodeImplementationPage" time="0.000">
    <skipped/>
  </testcase> <!-- verifyCodeImplementationPage -->
  <system-out/>
  <testcase classname="dsAlgoTests.StackTest" name="verifyCodeOperationsInStackPage" time="0.000">
    <skipped/>
  </testcase> <!-- verifyCodeOperationsInStackPage -->
  <system-out/>
  <testcase classname="dsAlgoTests.StackTest" name="verifyCodeImplementationPage" time="0.000">
    <skipped/>
  </testcase> <!-- verifyCodeImplementationPage -->
  <system-out/>
  <testcase classname="dsAlgoTests.StackTest" name="verifyCodeImplementationPage" time="0.000">
    <skipped/>
  </testcase> <!-- verifyCodeImplementationPage -->
  <system-out/>
  <testcase classname="dsAlgoTests.StackTest" name="verifyCodeOperationsInStackPage" time="0.000">
    <skipped/>
  </testcase> <!-- verifyCodeOperationsInStackPage -->
  <system-out/>
  <testcase classname="dsAlgoTests.StackTest" name="verifyCodeImplementationPage" time="0.000">
    <skipped/>
  </testcase> <!-- verifyCodeImplementationPage -->
  <system-out/>
  <testcase classname="dsAlgoTests.StackTest" name="verifyCodeOperationsInStackPage" time="0.000">
    <skipped/>
  </testcase> <!-- verifyCodeOperationsInStackPage -->
  <system-out/>
  <testcase classname="dsAlgoTests.StackTest" name="verifyCodeApplicationsPage" time="0.000">
    <skipped/>
  </testcase> <!-- verifyCodeApplicationsPage -->
  <system-out/>
  <testcase classname="dsAlgoTests.StackTest" name="verifyCodeApplicationsPage" time="0.000">
    <skipped/>
  </testcase> <!-- verifyCodeApplicationsPage -->
  <system-out/>
  <testcase classname="dsAlgoTests.StackTest" name="verifyCodeOperationsInStackPage" time="0.000">
    <skipped/>
  </testcase> <!-- verifyCodeOperationsInStackPage -->
  <system-out/>
  <testcase classname="dsAlgoTests.StackTest" name="verifyCodeOperationsInStackPage" time="0.000">
    <skipped/>
  </testcase> <!-- verifyCodeOperationsInStackPage -->
  <system-out/>
  <testcase classname="dsAlgoTests.StackTest" name="verifyCodeApplicationsPage" time="0.000">
    <skipped/>
  </testcase> <!-- verifyCodeApplicationsPage -->
  <system-out/>
  <testcase classname="dsAlgoTests.StackTest" name="verifyCodeImplementationPage" time="0.000">
    <skipped/>
  </testcase> <!-- verifyCodeImplementationPage -->
  <system-out/>
  <testcase classname="dsAlgoTests.StackTest" name="verifyCodeOperationsInStackPage" time="0.000">
    <skipped/>
  </testcase> <!-- verifyCodeOperationsInStackPage -->
  <system-out/>
  <testcase classname="dsAlgoTests.StackTest" name="verifyCodeImplementationPage" time="0.000">
    <skipped/>
  </testcase> <!-- verifyCodeImplementationPage -->
  <system-out/>
  <testcase classname="dsAlgoTests.StackTest" name="verifyCodeOperationsInStackPage" time="0.000">
    <skipped/>
  </testcase> <!-- verifyCodeOperationsInStackPage -->
  <system-out/>
  <testcase classname="dsAlgoTests.StackTest" name="verifyCodeApplicationsPage" time="0.000">
    <skipped/>
  </testcase> <!-- verifyCodeApplicationsPage -->
  <system-out/>
  <testcase classname="dsAlgoTests.StackTest" name="verifyCodeApplicationsPage" time="0.000">
    <skipped/>
  </testcase> <!-- verifyCodeApplicationsPage -->
  <system-out/>
  <testcase classname="dsAlgoTests.StackTest" name="verifyCodeImplementationPage" time="0.000">
    <skipped/>
  </testcase> <!-- verifyCodeImplementationPage -->
  <system-out/>
  <testcase classname="dsAlgoTests.StackTest" name="verifyCodeApplicationsPage" time="0.000">
    <skipped/>
  </testcase> <!-- verifyCodeApplicationsPage -->
  <system-out/>
  <testcase classname="dsAlgoTests.StackTest" name="verifyCodeImplementationPage" time="0.000">
    <skipped/>
  </testcase> <!-- verifyCodeImplementationPage -->
  <system-out/>
  <testcase classname="dsAlgoTests.StackTest" name="verifyCodeApplicationsPage" time="0.000">
    <skipped/>
  </testcase> <!-- verifyCodeApplicationsPage -->
  <system-out/>
  <testcase classname="dsAlgoTests.StackTest" name="verifyCodeImplementationPage" time="0.000">
    <skipped/>
  </testcase> <!-- verifyCodeImplementationPage -->
  <system-out/>
  <testcase classname="dsAlgoTests.StackTest" name="verifyCodeOperationsInStackPage" time="0.000">
    <skipped/>
  </testcase> <!-- verifyCodeOperationsInStackPage -->
  <system-out/>
  <testcase classname="dsAlgoTests.StackTest" name="verifyCodeImplementationPage" time="0.000">
    <skipped/>
  </testcase> <!-- verifyCodeImplementationPage -->
  <system-out/>
  <testcase classname="dsAlgoTests.StackTest" name="verifyCodeImplementationPage" time="0.000">
    <skipped/>
  </testcase> <!-- verifyCodeImplementationPage -->
  <system-out/>
  <testcase classname="dsAlgoTests.StackTest" name="verifyCodeApplicationsPage" time="0.000">
    <skipped/>
  </testcase> <!-- verifyCodeApplicationsPage -->
  <system-out/>
  <testcase classname="dsAlgoTests.StackTest" name="verifyCodeApplicationsPage" time="0.000">
    <skipped/>
  </testcase> <!-- verifyCodeApplicationsPage -->
  <system-out/>
  <testcase classname="dsAlgoTests.StackTest" name="verifyCodeApplicationsPage" time="0.000">
    <skipped/>
  </testcase> <!-- verifyCodeApplicationsPage -->
  <system-out/>
  <testcase classname="dsAlgoTests.StackTest" name="verifyCodeImplementationPage" time="0.000">
    <skipped/>
  </testcase> <!-- verifyCodeImplementationPage -->
  <system-out/>
  <testcase classname="dsAlgoTests.StackTest" name="verifyCodeApplicationsPage" time="0.000">
    <skipped/>
  </testcase> <!-- verifyCodeApplicationsPage -->
  <system-out/>
  <testcase classname="dsAlgoTests.StackTest" name="verifyCodeApplicationsPage" time="0.000">
    <skipped/>
  </testcase> <!-- verifyCodeApplicationsPage -->
  <system-out/>
  <testcase classname="dsAlgoTests.StackTest" name="verifyCodeApplicationsPage" time="0.000">
    <skipped/>
  </testcase> <!-- verifyCodeApplicationsPage -->
  <system-out/>
  <testcase classname="dsAlgoTests.StackTest" name="verifyCodeApplicationsPage" time="0.000">
    <skipped/>
  </testcase> <!-- verifyCodeApplicationsPage -->
  <system-out/>
  <testcase classname="dsAlgoTests.StackTest" name="verifyCodeApplicationsPage" time="0.000">
    <skipped/>
  </testcase> <!-- verifyCodeApplicationsPage -->
  <system-out/>
  <testcase classname="dsAlgoTests.StackTest" name="verifyCodeOperationsInStackPage" time="0.000">
    <skipped/>
  </testcase> <!-- verifyCodeOperationsInStackPage -->
  <system-out/>
  <testcase classname="dsAlgoTests.StackTest" name="verifyCodeOperationsInStackPage" time="0.000">
    <skipped/>
  </testcase> <!-- verifyCodeOperationsInStackPage -->
  <system-out/>
  <testcase classname="dsAlgoTests.StackTest" name="verifyCodeApplicationsPage" time="0.000">
    <skipped/>
  </testcase> <!-- verifyCodeApplicationsPage -->
  <system-out/>
  <testcase classname="dsAlgoTests.StackTest" name="verifyCodeApplicationsPage" time="0.000">
    <skipped/>
  </testcase> <!-- verifyCodeApplicationsPage -->
  <system-out/>
  <testcase classname="dsAlgoTests.StackTest" name="verifyCodeImplementationPage" time="0.000">
    <skipped/>
  </testcase> <!-- verifyCodeImplementationPage -->
  <system-out/>
  <testcase classname="dsAlgoTests.StackTest" name="verifyCodeImplementationPage" time="0.000">
    <skipped/>
  </testcase> <!-- verifyCodeImplementationPage -->
  <system-out/>
  <testcase classname="dsAlgoTests.StackTest" name="verifyCodeImplementationPage" time="0.000">
    <skipped/>
  </testcase> <!-- verifyCodeImplementationPage -->
  <system-out/>
  <testcase classname="dsAlgoTests.StackTest" name="verifyCodeApplicationsPage" time="0.000">
    <skipped/>
  </testcase> <!-- verifyCodeApplicationsPage -->
  <system-out/>
  <testcase classname="dsAlgoTests.StackTest" name="verifyCodeOperationsInStackPage" time="0.000">
    <skipped/>
  </testcase> <!-- verifyCodeOperationsInStackPage -->
  <system-out/>
  <testcase classname="dsAlgoTests.StackTest" name="verifyCodeOperationsInStackPage" time="0.000">
    <skipped/>
  </testcase> <!-- verifyCodeOperationsInStackPage -->
  <system-out/>
  <testcase classname="dsAlgoTests.StackTest" name="verifyCodeOperationsInStackPage" time="0.000">
    <skipped/>
  </testcase> <!-- verifyCodeOperationsInStackPage -->
  <system-out/>
  <testcase classname="dsAlgoTests.StackTest" name="verifyCodeApplicationsPage" time="0.000">
    <skipped/>
  </testcase> <!-- verifyCodeApplicationsPage -->
  <system-out/>
  <testcase classname="dsAlgoTests.StackTest" name="verifyCodeApplicationsPage" time="0.000">
    <skipped/>
  </testcase> <!-- verifyCodeApplicationsPage -->
  <system-out/>
  <testcase classname="dsAlgoTests.StackTest" name="verifyCodeApplicationsPage" time="0.000">
    <skipped/>
  </testcase> <!-- verifyCodeApplicationsPage -->
  <system-out/>
  <testcase classname="dsAlgoTests.StackTest" name="verifyCodeApplicationsPage" time="0.000">
    <skipped/>
  </testcase> <!-- verifyCodeApplicationsPage -->
  <system-out/>
  <testcase classname="dsAlgoTests.StackTest" name="verifyCodeImplementationPage" time="0.000">
    <skipped/>
  </testcase> <!-- verifyCodeImplementationPage -->
  <system-out/>
  <testcase classname="dsAlgoTests.StackTest" name="verifyCodeApplicationsPage" time="0.000">
    <skipped/>
  </testcase> <!-- verifyCodeApplicationsPage -->
  <system-out/>
  <testcase classname="dsAlgoTests.StackTest" name="verifyCodeOperationsInStackPage" time="0.000">
    <skipped/>
  </testcase> <!-- verifyCodeOperationsInStackPage -->
  <system-out/>
  <testcase classname="dsAlgoTests.StackTest" name="verifyCodeOperationsInStackPage" time="0.000">
    <skipped/>
  </testcase> <!-- verifyCodeOperationsInStackPage -->
  <system-out/>
  <testcase classname="dsAlgoTests.StackTest" name="verifyCodeImplementationPage" time="0.000">
    <skipped/>
  </testcase> <!-- verifyCodeImplementationPage -->
  <system-out/>
  <testcase classname="dsAlgoTests.StackTest" name="verifyCodeApplicationsPage" time="0.000">
    <skipped/>
  </testcase> <!-- verifyCodeApplicationsPage -->
  <system-out/>
  <testcase classname="dsAlgoTests.StackTest" name="verifyCodeOperationsInStackPage" time="0.000">
    <skipped/>
  </testcase> <!-- verifyCodeOperationsInStackPage -->
  <system-out/>
  <testcase classname="dsAlgoTests.StackTest" name="verifyCodeOperationsInStackPage" time="0.000">
    <skipped/>
  </testcase> <!-- verifyCodeOperationsInStackPage -->
  <system-out/>
  <testcase classname="dsAlgoTests.StackTest" name="verifyCodeOperationsInStackPage" time="0.000">
    <skipped/>
  </testcase> <!-- verifyCodeOperationsInStackPage -->
  <system-out/>
  <testcase classname="dsAlgoTests.StackTest" name="verifyCodeImplementationPage" time="0.000">
    <skipped/>
  </testcase> <!-- verifyCodeImplementationPage -->
  <system-out/>
  <testcase classname="dsAlgoTests.StackTest" name="verifyCodeOperationsInStackPage" time="0.000">
    <skipped/>
  </testcase> <!-- verifyCodeOperationsInStackPage -->
  <system-out/>
  <testcase classname="dsAlgoTests.StackTest" name="verifyCodeOperationsInStackPage" time="0.000">
    <skipped/>
  </testcase> <!-- verifyCodeOperationsInStackPage -->
  <system-out/>
  <testcase classname="dsAlgoTests.StackTest" name="verifyCodeImplementationPage" time="0.000">
    <skipped/>
  </testcase> <!-- verifyCodeImplementationPage -->
  <system-out/>
  <testcase classname="dsAlgoTests.StackTest" name="verifyCodeOperationsInStackPage" time="0.000">
    <skipped/>
  </testcase> <!-- verifyCodeOperationsInStackPage -->
  <system-out/>
  <testcase classname="dsAlgoTests.StackTest" name="verifyCodeOperationsInStackPage" time="0.000">
    <skipped/>
  </testcase> <!-- verifyCodeOperationsInStackPage -->
  <system-out/>
  <testcase classname="dsAlgoTests.StackTest" name="verifyCodeImplementationPage" time="0.000">
    <skipped/>
  </testcase> <!-- verifyCodeImplementationPage -->
  <system-out/>
  <testcase classname="dsAlgoTests.StackTest" name="verifyCodeOperationsInStackPage" time="0.000">
    <skipped/>
  </testcase> <!-- verifyCodeOperationsInStackPage -->
  <system-out/>
  <testcase classname="dsAlgoTests.StackTest" name="verifyCodeApplicationsPage" time="0.000">
    <skipped/>
  </testcase> <!-- verifyCodeApplicationsPage -->
  <system-out/>
  <testcase classname="dsAlgoTests.StackTest" name="verifyCodeOperationsInStackPage" time="0.000">
    <skipped/>
  </testcase> <!-- verifyCodeOperationsInStackPage -->
  <system-out/>
  <testcase classname="dsAlgoTests.StackTest" name="verifyCodeApplicationsPage" time="0.000">
    <skipped/>
  </testcase> <!-- verifyCodeApplicationsPage -->
  <system-out/>
  <testcase classname="dsAlgoTests.StackTest" name="verifyCodeOperationsInStackPage" time="0.000">
    <skipped/>
  </testcase> <!-- verifyCodeOperationsInStackPage -->
  <system-out/>
  <testcase classname="dsAlgoTests.StackTest" name="verifyCodeOperationsInStackPage" time="0.000">
    <skipped/>
  </testcase> <!-- verifyCodeOperationsInStackPage -->
  <system-out/>
  <testcase classname="dsAlgoTests.StackTest" name="verifyCodeApplicationsPage" time="0.000">
    <skipped/>
  </testcase> <!-- verifyCodeApplicationsPage -->
  <system-out/>
  <testcase classname="dsAlgoTests.StackTest" name="verifyCodeImplementationPage" time="0.000">
    <skipped/>
  </testcase> <!-- verifyCodeImplementationPage -->
  <system-out/>
  <testcase classname="dsAlgoTests.StackTest" name="verifyCodeOperationsInStackPage" time="0.000">
    <skipped/>
  </testcase> <!-- verifyCodeOperationsInStackPage -->
  <system-out/>
  <testcase classname="dsAlgoTests.StackTest" name="verifyCodeOperationsInStackPage" time="0.000">
    <skipped/>
  </testcase> <!-- verifyCodeOperationsInStackPage -->
  <system-out/>
  <testcase classname="dsAlgoTests.StackTest" name="verifyCodeImplementationPage" time="0.000">
    <skipped/>
  </testcase> <!-- verifyCodeImplementationPage -->
  <system-out/>
  <testcase classname="dsAlgoTests.StackTest" name="verifyCodeImplementationPage" time="0.000">
    <skipped/>
  </testcase> <!-- verifyCodeImplementationPage -->
  <system-out/>
  <testcase classname="dsAlgoTests.StackTest" name="verifyCodeApplicationsPage" time="0.000">
    <skipped/>
  </testcase> <!-- verifyCodeApplicationsPage -->
  <system-out/>
  <testcase classname="dsAlgoTests.StackTest" name="verifyCodeApplicationsPage" time="0.000">
    <skipped/>
  </testcase> <!-- verifyCodeApplicationsPage -->
  <system-out/>
  <testcase classname="dsAlgoTests.StackTest" name="verifyCodeApplicationsPage" time="0.000">
    <skipped/>
  </testcase> <!-- verifyCodeApplicationsPage -->
  <system-out/>
  <testcase classname="dsAlgoTests.StackTest" name="verifyCodeOperationsInStackPage" time="0.000">
    <skipped/>
  </testcase> <!-- verifyCodeOperationsInStackPage -->
  <system-out/>
  <testcase classname="dsAlgoTests.StackTest" name="verifyCodeImplementationPage" time="0.000">
    <skipped/>
  </testcase> <!-- verifyCodeImplementationPage -->
  <system-out/>
  <testcase classname="dsAlgoTests.StackTest" name="verifyCodeOperationsInStackPage" time="0.000">
    <skipped/>
  </testcase> <!-- verifyCodeOperationsInStackPage -->
  <system-out/>
  <testcase classname="dsAlgoTests.StackTest" name="verifyCodeImplementationPage" time="0.000">
    <skipped/>
  </testcase> <!-- verifyCodeImplementationPage -->
  <system-out/>
  <testcase classname="dsAlgoTests.StackTest" name="verifyCodeApplicationsPage" time="0.000">
    <skipped/>
  </testcase> <!-- verifyCodeApplicationsPage -->
  <system-out/>
  <testcase classname="dsAlgoTests.StackTest" name="verifyCodeOperationsInStackPage" time="0.000">
    <skipped/>
  </testcase> <!-- verifyCodeOperationsInStackPage -->
  <system-out/>
  <testcase classname="dsAlgoTests.StackTest" name="verifyCodeOperationsInStackPage" time="0.000">
    <skipped/>
  </testcase> <!-- verifyCodeOperationsInStackPage -->
  <system-out/>
  <testcase classname="dsAlgoTests.StackTest" name="verifyCodeImplementationPage" time="0.000">
    <skipped/>
  </testcase> <!-- verifyCodeImplementationPage -->
  <system-out/>
  <testcase classname="dsAlgoTests.StackTest" name="verifyCodeImplementationPage" time="0.000">
    <skipped/>
  </testcase> <!-- verifyCodeImplementationPage -->
  <system-out/>
  <testcase classname="dsAlgoTests.StackTest" name="verifyCodeApplicationsPage" time="0.000">
    <skipped/>
  </testcase> <!-- verifyCodeApplicationsPage -->
  <system-out/>
  <testcase classname="dsAlgoTests.StackTest" name="verifyCodeOperationsInStackPage" time="0.000">
    <skipped/>
  </testcase> <!-- verifyCodeOperationsInStackPage -->
  <system-out/>
  <testcase classname="dsAlgoTests.StackTest" name="verifyCodeApplicationsPage" time="0.000">
    <skipped/>
  </testcase> <!-- verifyCodeApplicationsPage -->
  <system-out/>
  <testcase classname="dsAlgoTests.StackTest" name="verifyCodeOperationsInStackPage" time="0.000">
    <skipped/>
  </testcase> <!-- verifyCodeOperationsInStackPage -->
  <system-out/>
  <testcase classname="dsAlgoTests.StackTest" name="verifyCodeOperationsInStackPage" time="0.000">
    <skipped/>
  </testcase> <!-- verifyCodeOperationsInStackPage -->
  <system-out/>
  <testcase classname="dsAlgoTests.StackTest" name="verifyCodeImplementationPage" time="0.000">
    <skipped/>
  </testcase> <!-- verifyCodeImplementationPage -->
  <system-out/>
  <testcase classname="dsAlgoTests.StackTest" name="verifyCodeApplicationsPage" time="0.000">
    <skipped/>
  </testcase> <!-- verifyCodeApplicationsPage -->
  <system-out/>
  <testcase classname="dsAlgoTests.StackTest" name="verifyCodeApplicationsPage" time="0.000">
    <skipped/>
  </testcase> <!-- verifyCodeApplicationsPage -->
  <system-out/>
  <testcase classname="dsAlgoTests.StackTest" name="verifyCodeImplementationPage" time="0.000">
    <skipped/>
  </testcase> <!-- verifyCodeImplementationPage -->
  <system-out/>
  <testcase classname="dsAlgoTests.StackTest" name="verifyCodeApplicationsPage" time="0.000">
    <skipped/>
  </testcase> <!-- verifyCodeApplicationsPage -->
  <system-out/>
  <testcase classname="dsAlgoTests.StackTest" name="verifyCodeOperationsInStackPage" time="0.000">
    <skipped/>
  </testcase> <!-- verifyCodeOperationsInStackPage -->
  <system-out/>
  <testcase classname="dsAlgoTests.StackTest" name="verifyCodeApplicationsPage" time="0.000">
    <skipped/>
  </testcase> <!-- verifyCodeApplicationsPage -->
  <system-out/>
  <testcase classname="dsAlgoTests.StackTest" name="verifyCodeOperationsInStackPage" time="0.000">
    <skipped/>
  </testcase> <!-- verifyCodeOperationsInStackPage -->
  <system-out/>
  <testcase classname="dsAlgoTests.StackTest" name="verifyCodeImplementationPage" time="0.000">
    <skipped/>
  </testcase> <!-- verifyCodeImplementationPage -->
  <system-out/>
  <testcase classname="dsAlgoTests.StackTest" name="verifyCodeApplicationsPage" time="0.000">
    <skipped/>
  </testcase> <!-- verifyCodeApplicationsPage -->
  <system-out/>
  <testcase classname="dsAlgoTests.StackTest" name="verifyCodeOperationsInStackPage" time="0.000">
    <skipped/>
  </testcase> <!-- verifyCodeOperationsInStackPage -->
  <system-out/>
  <testcase classname="dsAlgoTests.StackTest" name="verifyCodeApplicationsPage" time="0.000">
    <skipped/>
  </testcase> <!-- verifyCodeApplicationsPage -->
  <system-out/>
  <testcase classname="dsAlgoTests.StackTest" name="verifyCodeApplicationsPage" time="0.000">
    <skipped/>
  </testcase> <!-- verifyCodeApplicationsPage -->
  <system-out/>
  <testcase classname="dsAlgoTests.StackTest" name="verifyCodeImplementationPage" time="0.000">
    <skipped/>
  </testcase> <!-- verifyCodeImplementationPage -->
  <system-out/>
  <testcase classname="dsAlgoTests.StackTest" name="verifyCodeOperationsInStackPage" time="0.000">
    <skipped/>
  </testcase> <!-- verifyCodeOperationsInStackPage -->
  <system-out/>
  <testcase classname="dsAlgoTests.StackTest" name="verifyCodeImplementationPage" time="0.000">
    <skipped/>
  </testcase> <!-- verifyCodeImplementationPage -->
  <system-out/>
  <testcase classname="dsAlgoTests.StackTest" name="verifyCodeOperationsInStackPage" time="0.000">
    <skipped/>
  </testcase> <!-- verifyCodeOperationsInStackPage -->
  <system-out/>
  <testcase classname="dsAlgoTests.StackTest" name="verifyCodeOperationsInStackPage" time="0.000">
    <skipped/>
  </testcase> <!-- verifyCodeOperationsInStackPage -->
  <system-out/>
  <testcase classname="dsAlgoTests.StackTest" name="verifyCodeOperationsInStackPage" time="0.000">
    <skipped/>
  </testcase> <!-- verifyCodeOperationsInStackPage -->
  <system-out/>
  <testcase classname="dsAlgoTests.StackTest" name="verifyCodeImplementationPage" time="0.000">
    <skipped/>
  </testcase> <!-- verifyCodeImplementationPage -->
  <system-out/>
  <testcase classname="dsAlgoTests.StackTest" name="verifyCodeOperationsInStackPage" time="0.000">
    <skipped/>
  </testcase> <!-- verifyCodeOperationsInStackPage -->
  <system-out/>
  <testcase classname="dsAlgoTests.StackTest" name="verifyCodeImplementationPage" time="0.000">
    <skipped/>
  </testcase> <!-- verifyCodeImplementationPage -->
  <system-out/>
  <testcase classname="dsAlgoTests.StackTest" name="verifyCodeApplicationsPage" time="0.000">
    <skipped/>
  </testcase> <!-- verifyCodeApplicationsPage -->
  <system-out/>
  <testcase classname="dsAlgoTests.StackTest" name="verifyCodeOperationsInStackPage" time="0.000">
    <skipped/>
  </testcase> <!-- verifyCodeOperationsInStackPage -->
  <system-out/>
  <testcase classname="dsAlgoTests.StackTest" name="verifyCodeApplicationsPage" time="0.000">
    <skipped/>
  </testcase> <!-- verifyCodeApplicationsPage -->
  <system-out/>
  <testcase classname="dsAlgoTests.StackTest" name="verifyCodeOperationsInStackPage" time="0.000">
    <skipped/>
  </testcase> <!-- verifyCodeOperationsInStackPage -->
  <system-out/>
  <testcase classname="dsAlgoTests.StackTest" name="verifyCodeOperationsInStackPage" time="0.000">
    <skipped/>
  </testcase> <!-- verifyCodeOperationsInStackPage -->
  <system-out/>
  <testcase classname="dsAlgoTests.StackTest" name="verifyCodeApplicationsPage" time="0.000">
    <skipped/>
  </testcase> <!-- verifyCodeApplicationsPage -->
  <system-out/>
  <testcase classname="dsAlgoTests.StackTest" name="verifyCodeApplicationsPage" time="0.000">
    <skipped/>
  </testcase> <!-- verifyCodeApplicationsPage -->
  <system-out/>
  <testcase classname="dsAlgoTests.StackTest" name="verifyCodeImplementationPage" time="0.000">
    <skipped/>
  </testcase> <!-- verifyCodeImplementationPage -->
  <system-out/>
  <testcase classname="dsAlgoTests.StackTest" name="verifyCodeImplementationPage" time="0.000">
    <skipped/>
  </testcase> <!-- verifyCodeImplementationPage -->
  <system-out/>
  <testcase classname="dsAlgoTests.StackTest" name="verifyCodeImplementationPage" time="0.000">
    <skipped/>
  </testcase> <!-- verifyCodeImplementationPage -->
  <system-out/>
  <testcase classname="dsAlgoTests.StackTest" name="verifyCodeApplicationsPage" time="0.000">
    <skipped/>
  </testcase> <!-- verifyCodeApplicationsPage -->
  <system-out/>
  <testcase classname="dsAlgoTests.StackTest" name="verifyCodeApplicationsPage" time="0.000">
    <skipped/>
  </testcase> <!-- verifyCodeApplicationsPage -->
  <system-out/>
  <testcase classname="dsAlgoTests.StackTest" name="verifyCodeApplicationsPage" time="0.000">
    <skipped/>
  </testcase> <!-- verifyCodeApplicationsPage -->
  <system-out/>
  <testcase classname="dsAlgoTests.StackTest" name="verifyCodeOperationsInStackPage" time="0.000">
    <skipped/>
  </testcase> <!-- verifyCodeOperationsInStackPage -->
  <system-out/>
  <testcase classname="dsAlgoTests.StackTest" name="verifyCodeApplicationsPage" time="0.000">
    <skipped/>
  </testcase> <!-- verifyCodeApplicationsPage -->
  <system-out/>
  <testcase classname="dsAlgoTests.StackTest" name="verifyCodeOperationsInStackPage" time="0.000">
    <skipped/>
  </testcase> <!-- verifyCodeOperationsInStackPage -->
  <system-out/>
  <testcase classname="dsAlgoTests.StackTest" name="verifyCodeApplicationsPage" time="0.000">
    <skipped/>
  </testcase> <!-- verifyCodeApplicationsPage -->
  <system-out/>
  <testcase classname="dsAlgoTests.StackTest" name="verifyCodeOperationsInStackPage" time="0.000">
    <skipped/>
  </testcase> <!-- verifyCodeOperationsInStackPage -->
  <system-out/>
  <testcase classname="dsAlgoTests.StackTest" name="verifyCodeApplicationsPage" time="0.000">
    <skipped/>
  </testcase> <!-- verifyCodeApplicationsPage -->
  <system-out/>
  <testcase classname="dsAlgoTests.StackTest" name="verifyCodeImplementationPage" time="0.000">
    <skipped/>
  </testcase> <!-- verifyCodeImplementationPage -->
  <system-out/>
  <testcase classname="dsAlgoTests.StackTest" name="verifyCodeImplementationPage" time="0.000">
    <skipped/>
  </testcase> <!-- verifyCodeImplementationPage -->
  <system-out/>
  <testcase classname="dsAlgoTests.StackTest" name="verifyCodeApplicationsPage" time="0.000">
    <skipped/>
  </testcase> <!-- verifyCodeApplicationsPage -->
  <system-out/>
  <testcase classname="dsAlgoTests.StackTest" name="verifyCodeImplementationPage" time="0.000">
    <skipped/>
  </testcase> <!-- verifyCodeImplementationPage -->
  <system-out/>
  <testcase classname="dsAlgoTests.StackTest" name="verifyCodeOperationsInStackPage" time="0.000">
    <skipped/>
  </testcase> <!-- verifyCodeOperationsInStackPage -->
  <system-out/>
  <testcase classname="dsAlgoTests.StackTest" name="verifyCodeApplicationsPage" time="0.000">
    <skipped/>
  </testcase> <!-- verifyCodeApplicationsPage -->
  <system-out/>
  <testcase classname="dsAlgoTests.StackTest" name="verifyCodeOperationsInStackPage" time="0.000">
    <skipped/>
  </testcase> <!-- verifyCodeOperationsInStackPage -->
  <system-out/>
  <testcase classname="dsAlgoTests.StackTest" name="verifyCodeImplementationPage" time="0.000">
    <skipped/>
  </testcase> <!-- verifyCodeImplementationPage -->
  <system-out/>
  <testcase classname="dsAlgoTests.StackTest" name="verifyCodeOperationsInStackPage" time="0.000">
    <skipped/>
  </testcase> <!-- verifyCodeOperationsInStackPage -->
  <system-out/>
  <testcase classname="dsAlgoTests.StackTest" name="verifyCodeImplementationPage" time="0.000">
    <skipped/>
  </testcase> <!-- verifyCodeImplementationPage -->
  <system-out/>
  <testcase classname="dsAlgoTests.StackTest" name="verifyCodeImplementationPage" time="0.000">
    <skipped/>
  </testcase> <!-- verifyCodeImplementationPage -->
  <system-out/>
  <testcase classname="dsAlgoTests.StackTest" name="verifyCodeImplementationPage" time="0.000">
    <skipped/>
  </testcase> <!-- verifyCodeImplementationPage -->
  <system-out/>
  <testcase classname="dsAlgoTests.StackTest" name="verifyCodeApplicationsPage" time="0.000">
    <skipped/>
  </testcase> <!-- verifyCodeApplicationsPage -->
  <system-out/>
  <testcase classname="dsAlgoTests.StackTest" name="verifyCodeImplementationPage" time="0.000">
    <skipped/>
  </testcase> <!-- verifyCodeImplementationPage -->
  <system-out/>
  <testcase classname="dsAlgoTests.StackTest" name="verifyCodeImplementationPage" time="0.000">
    <skipped/>
  </testcase> <!-- verifyCodeImplementationPage -->
  <system-out/>
  <testcase classname="dsAlgoTests.StackTest" name="verifyCodeOperationsInStackPage" time="0.000">
    <skipped/>
  </testcase> <!-- verifyCodeOperationsInStackPage -->
  <system-out/>
  <testcase classname="dsAlgoTests.StackTest" name="verifyCodeOperationsInStackPage" time="0.000">
    <skipped/>
  </testcase> <!-- verifyCodeOperationsInStackPage -->
  <system-out/>
  <testcase classname="dsAlgoTests.StackTest" name="verifyCodeImplementationPage" time="0.000">
    <skipped/>
  </testcase> <!-- verifyCodeImplementationPage -->
  <system-out/>
  <testcase classname="dsAlgoTests.StackTest" name="verifyCodeImplementationPage" time="0.000">
    <skipped/>
  </testcase> <!-- verifyCodeImplementationPage -->
  <system-out/>
  <testcase classname="dsAlgoTests.StackTest" name="verifyCodeOperationsInStackPage" time="0.000">
    <skipped/>
  </testcase> <!-- verifyCodeOperationsInStackPage -->
  <system-out/>
  <testcase classname="dsAlgoTests.StackTest" name="verifyCodeApplicationsPage" time="0.000">
    <skipped/>
  </testcase> <!-- verifyCodeApplicationsPage -->
  <system-out/>
  <testcase classname="dsAlgoTests.StackTest" name="verifyCodeImplementationPage" time="0.000">
    <skipped/>
  </testcase> <!-- verifyCodeImplementationPage -->
  <system-out/>
  <testcase classname="dsAlgoTests.StackTest" name="verifyCodeOperationsInStackPage" time="0.000">
    <skipped/>
  </testcase> <!-- verifyCodeOperationsInStackPage -->
  <system-out/>
  <testcase classname="dsAlgoTests.StackTest" name="verifyCodeImplementationPage" time="0.000">
    <skipped/>
  </testcase> <!-- verifyCodeImplementationPage -->
  <system-out/>
  <testcase classname="dsAlgoTests.StackTest" name="verifyCodeImplementationPage" time="0.000">
    <skipped/>
  </testcase> <!-- verifyCodeImplementationPage -->
  <system-out/>
  <testcase classname="dsAlgoTests.StackTest" name="verifyCodeOperationsInStackPage" time="0.000">
    <skipped/>
  </testcase> <!-- verifyCodeOperationsInStackPage -->
  <system-out/>
  <testcase classname="dsAlgoTests.StackTest" name="verifyCodeImplementationPage" time="0.000">
    <skipped/>
  </testcase> <!-- verifyCodeImplementationPage -->
  <system-out/>
  <testcase classname="dsAlgoTests.StackTest" name="verifyCodeApplicationsPage" time="0.000">
    <skipped/>
  </testcase> <!-- verifyCodeApplicationsPage -->
  <system-out/>
  <testcase classname="dsAlgoTests.StackTest" name="verifyCodeOperationsInStackPage" time="0.000">
    <skipped/>
  </testcase> <!-- verifyCodeOperationsInStackPage -->
  <system-out/>
  <testcase classname="dsAlgoTests.StackTest" name="verifyCodeApplicationsPage" time="0.000">
    <skipped/>
  </testcase> <!-- verifyCodeApplicationsPage -->
  <system-out/>
  <testcase classname="dsAlgoTests.StackTest" name="verifyCodeOperationsInStackPage" time="0.000">
    <skipped/>
  </testcase> <!-- verifyCodeOperationsInStackPage -->
  <system-out/>
  <testcase classname="dsAlgoTests.StackTest" name="verifyCodeOperationsInStackPage" time="0.000">
    <skipped/>
  </testcase> <!-- verifyCodeOperationsInStackPage -->
  <system-out/>
  <testcase classname="dsAlgoTests.StackTest" name="verifyCodeApplicationsPage" time="0.000">
    <skipped/>
  </testcase> <!-- verifyCodeApplicationsPage -->
  <system-out/>
  <testcase classname="dsAlgoTests.StackTest" name="verifyCodeApplicationsPage" time="0.000">
    <skipped/>
  </testcase> <!-- verifyCodeApplicationsPage -->
  <system-out/>
  <testcase classname="dsAlgoTests.StackTest" name="verifyCodeApplicationsPage" time="0.000">
    <skipped/>
  </testcase> <!-- verifyCodeApplicationsPage -->
  <system-out/>
  <testcase classname="dsAlgoTests.StackTest" name="verifyCodeOperationsInStackPage" time="0.000">
    <skipped/>
  </testcase> <!-- verifyCodeOperationsInStackPage -->
  <system-out/>
  <testcase classname="dsAlgoTests.StackTest" name="verifyCodeApplicationsPage" time="0.000">
    <skipped/>
  </testcase> <!-- verifyCodeApplicationsPage -->
  <system-out/>
  <testcase classname="dsAlgoTests.StackTest" name="verifyCodeApplicationsPage" time="0.000">
    <skipped/>
  </testcase> <!-- verifyCodeApplicationsPage -->
  <system-out/>
  <testcase classname="dsAlgoTests.StackTest" name="verifyCodeImplementationPage" time="0.000">
    <skipped/>
  </testcase> <!-- verifyCodeImplementationPage -->
  <system-out/>
  <testcase classname="dsAlgoTests.StackTest" name="verifyCodeOperationsInStackPage" time="0.000">
    <skipped/>
  </testcase> <!-- verifyCodeOperationsInStackPage -->
  <system-out/>
  <testcase classname="dsAlgoTests.StackTest" name="verifyCodeOperationsInStackPage" time="0.000">
    <skipped/>
  </testcase> <!-- verifyCodeOperationsInStackPage -->
  <system-out/>
  <testcase classname="dsAlgoTests.StackTest" name="verifyCodeApplicationsPage" time="0.000">
    <skipped/>
  </testcase> <!-- verifyCodeApplicationsPage -->
  <system-out/>
  <testcase classname="dsAlgoTests.StackTest" name="verifyCodeOperationsInStackPage" time="0.000">
    <skipped/>
  </testcase> <!-- verifyCodeOperationsInStackPage -->
  <system-out/>
  <testcase classname="dsAlgoTests.StackTest" name="verifyCodeOperationsInStackPage" time="0.000">
    <skipped/>
  </testcase> <!-- verifyCodeOperationsInStackPage -->
  <system-out/>
  <testcase classname="dsAlgoTests.StackTest" name="verifyCodeOperationsInStackPage" time="0.000">
    <skipped/>
  </testcase> <!-- verifyCodeOperationsInStackPage -->
  <system-out/>
  <testcase classname="dsAlgoTests.StackTest" name="verifyCodeApplicationsPage" time="0.000">
    <skipped/>
  </testcase> <!-- verifyCodeApplicationsPage -->
  <system-out/>
  <testcase classname="dsAlgoTests.StackTest" name="verifyCodeImplementationPage" time="0.000">
    <skipped/>
  </testcase> <!-- verifyCodeImplementationPage -->
  <system-out/>
  <testcase classname="dsAlgoTests.StackTest" name="verifyCodeOperationsInStackPage" time="0.000">
    <skipped/>
  </testcase> <!-- verifyCodeOperationsInStackPage -->
  <system-out/>
  <testcase classname="dsAlgoTests.StackTest" name="verifyCodeApplicationsPage" time="0.000">
    <skipped/>
  </testcase> <!-- verifyCodeApplicationsPage -->
  <system-out/>
  <testcase classname="dsAlgoTests.StackTest" name="verifyCodeImplementationPage" time="0.000">
    <skipped/>
  </testcase> <!-- verifyCodeImplementationPage -->
  <system-out/>
  <testcase classname="dsAlgoTests.StackTest" name="verifyCodeImplementationPage" time="0.000">
    <skipped/>
  </testcase> <!-- verifyCodeImplementationPage -->
  <system-out/>
  <testcase classname="dsAlgoTests.StackTest" name="verifyCodeApplicationsPage" time="0.000">
    <skipped/>
  </testcase> <!-- verifyCodeApplicationsPage -->
  <system-out/>
  <testcase classname="dsAlgoTests.StackTest" name="verifyCodeApplicationsPage" time="0.000">
    <skipped/>
  </testcase> <!-- verifyCodeApplicationsPage -->
  <system-out/>
  <testcase classname="dsAlgoTests.StackTest" name="verifyCodeOperationsInStackPage" time="0.000">
    <skipped/>
  </testcase> <!-- verifyCodeOperationsInStackPage -->
  <system-out/>
  <testcase classname="dsAlgoTests.StackTest" name="verifyCodeOperationsInStackPage" time="0.000">
    <skipped/>
  </testcase> <!-- verifyCodeOperationsInStackPage -->
  <system-out/>
  <testcase classname="dsAlgoTests.StackTest" name="verifyCodeOperationsInStackPage" time="0.000">
    <skipped/>
  </testcase> <!-- verifyCodeOperationsInStackPage -->
  <system-out/>
  <testcase classname="dsAlgoTests.StackTest" name="verifyCodeImplementationPage" time="0.000">
    <skipped/>
  </testcase> <!-- verifyCodeImplementationPage -->
  <system-out/>
  <testcase classname="dsAlgoTests.StackTest" name="verifyCodeImplementationPage" time="0.000">
    <skipped/>
  </testcase> <!-- verifyCodeImplementationPage -->
  <system-out/>
  <testcase classname="dsAlgoTests.StackTest" name="verifyCodeOperationsInStackPage" time="0.000">
    <skipped/>
  </testcase> <!-- verifyCodeOperationsInStackPage -->
  <system-out/>
  <testcase classname="dsAlgoTests.StackTest" name="verifyCodeApplicationsPage" time="0.000">
    <skipped/>
  </testcase> <!-- verifyCodeApplicationsPage -->
  <system-out/>
  <testcase classname="dsAlgoTests.StackTest" name="verifyCodeOperationsInStackPage" time="0.000">
    <skipped/>
  </testcase> <!-- verifyCodeOperationsInStackPage -->
  <system-out/>
  <testcase classname="dsAlgoTests.StackTest" name="verifyCodeApplicationsPage" time="0.000">
    <skipped/>
  </testcase> <!-- verifyCodeApplicationsPage -->
  <system-out/>
  <testcase classname="dsAlgoTests.StackTest" name="verifyCodeApplicationsPage" time="0.000">
    <skipped/>
  </testcase> <!-- verifyCodeApplicationsPage -->
  <system-out/>
  <testcase classname="dsAlgoTests.StackTest" name="verifyCodeImplementationPage" time="0.000">
    <skipped/>
  </testcase> <!-- verifyCodeImplementationPage -->
  <system-out/>
  <testcase classname="dsAlgoTests.StackTest" name="verifyCodeOperationsInStackPage" time="0.000">
    <skipped/>
  </testcase> <!-- verifyCodeOperationsInStackPage -->
  <system-out/>
  <testcase classname="dsAlgoTests.StackTest" name="verifyCodeOperationsInStackPage" time="0.000">
    <skipped/>
  </testcase> <!-- verifyCodeOperationsInStackPage -->
  <system-out/>
  <testcase classname="dsAlgoTests.StackTest" name="verifyCodeOperationsInStackPage" time="0.000">
    <skipped/>
  </testcase> <!-- verifyCodeOperationsInStackPage -->
  <system-out/>
  <testcase classname="dsAlgoTests.StackTest" name="verifyCodeOperationsInStackPage" time="0.000">
    <skipped/>
  </testcase> <!-- verifyCodeOperationsInStackPage -->
  <system-out/>
  <testcase classname="dsAlgoTests.StackTest" name="verifyCodeImplementationPage" time="0.000">
    <skipped/>
  </testcase> <!-- verifyCodeImplementationPage -->
  <system-out/>
  <testcase classname="dsAlgoTests.StackTest" name="verifyCodeOperationsInStackPage" time="0.000">
    <skipped/>
  </testcase> <!-- verifyCodeOperationsInStackPage -->
  <system-out/>
  <testcase classname="dsAlgoTests.StackTest" name="verifyCodeOperationsInStackPage" time="0.000">
    <skipped/>
  </testcase> <!-- verifyCodeOperationsInStackPage -->
  <system-out/>
  <testcase classname="dsAlgoTests.StackTest" name="verifyCodeImplementationPage" time="0.000">
    <skipped/>
  </testcase> <!-- verifyCodeImplementationPage -->
  <system-out/>
  <testcase classname="dsAlgoTests.StackTest" name="verifyCodeApplicationsPage" time="0.000">
    <skipped/>
  </testcase> <!-- verifyCodeApplicationsPage -->
  <system-out/>
  <testcase classname="dsAlgoTests.StackTest" name="verifyCodeApplicationsPage" time="0.000">
    <skipped/>
  </testcase> <!-- verifyCodeApplicationsPage -->
  <system-out/>
  <testcase classname="dsAlgoTests.StackTest" name="verifyCodeApplicationsPage" time="0.000">
    <skipped/>
  </testcase> <!-- verifyCodeApplicationsPage -->
  <system-out/>
  <testcase classname="dsAlgoTests.StackTest" name="verifyCodeImplementationPage" time="0.000">
    <skipped/>
  </testcase> <!-- verifyCodeImplementationPage -->
  <system-out/>
  <testcase classname="dsAlgoTests.StackTest" name="verifyCodeImplementationPage" time="0.000">
    <skipped/>
  </testcase> <!-- verifyCodeImplementationPage -->
  <system-out/>
  <testcase classname="dsAlgoTests.StackTest" name="verifyCodeOperationsInStackPage" time="0.000">
    <skipped/>
  </testcase> <!-- verifyCodeOperationsInStackPage -->
  <system-out/>
  <testcase classname="dsAlgoTests.StackTest" name="verifyCodeOperationsInStackPage" time="0.000">
    <skipped/>
  </testcase> <!-- verifyCodeOperationsInStackPage -->
  <system-out/>
  <testcase classname="dsAlgoTests.StackTest" name="verifyCodeOperationsInStackPage" time="0.000">
    <skipped/>
  </testcase> <!-- verifyCodeOperationsInStackPage -->
  <system-out/>
  <testcase classname="dsAlgoTests.StackTest" name="verifyCodeOperationsInStackPage" time="0.000">
    <skipped/>
  </testcase> <!-- verifyCodeOperationsInStackPage -->
  <system-out/>
  <testcase classname="dsAlgoTests.StackTest" name="verifyCodeOperationsInStackPage" time="0.000">
    <skipped/>
  </testcase> <!-- verifyCodeOperationsInStackPage -->
  <system-out/>
  <testcase classname="dsAlgoTests.StackTest" name="verifyCodeApplicationsPage" time="0.000">
    <skipped/>
  </testcase> <!-- verifyCodeApplicationsPage -->
  <system-out/>
  <testcase classname="dsAlgoTests.StackTest" name="verifyCodeImplementationPage" time="0.000">
    <skipped/>
  </testcase> <!-- verifyCodeImplementationPage -->
  <system-out/>
  <testcase classname="dsAlgoTests.StackTest" name="verifyCodeApplicationsPage" time="0.000">
    <skipped/>
  </testcase> <!-- verifyCodeApplicationsPage -->
  <system-out/>
  <testcase classname="dsAlgoTests.StackTest" name="verifyCodeOperationsInStackPage" time="0.000">
    <skipped/>
  </testcase> <!-- verifyCodeOperationsInStackPage -->
  <system-out/>
  <testcase classname="dsAlgoTests.StackTest" name="verifyCodeApplicationsPage" time="0.000">
    <skipped/>
  </testcase> <!-- verifyCodeApplicationsPage -->
  <system-out/>
  <testcase classname="dsAlgoTests.StackTest" name="verifyCodeApplicationsPage" time="0.000">
    <skipped/>
  </testcase> <!-- verifyCodeApplicationsPage -->
  <system-out/>
  <testcase classname="dsAlgoTests.StackTest" name="verifyCodeOperationsInStackPage" time="0.000">
    <skipped/>
  </testcase> <!-- verifyCodeOperationsInStackPage -->
  <system-out/>
  <testcase classname="dsAlgoTests.StackTest" name="verifyCodeImplementationPage" time="0.000">
    <skipped/>
  </testcase> <!-- verifyCodeImplementationPage -->
  <system-out/>
  <testcase classname="dsAlgoTests.StackTest" name="verifyCodeImplementationPage" time="0.000">
    <skipped/>
  </testcase> <!-- verifyCodeImplementationPage -->
  <system-out/>
  <testcase classname="dsAlgoTests.StackTest" name="verifyCodeApplicationsPage" time="0.000">
    <skipped/>
  </testcase> <!-- verifyCodeApplicationsPage -->
  <system-out/>
  <testcase classname="dsAlgoTests.StackTest" name="verifyCodeOperationsInStackPage" time="0.000">
    <skipped/>
  </testcase> <!-- verifyCodeOperationsInStackPage -->
  <system-out/>
  <testcase classname="dsAlgoTests.StackTest" name="verifyCodeImplementationPage" time="0.000">
    <skipped/>
  </testcase> <!-- verifyCodeImplementationPage -->
  <system-out/>
  <testcase classname="dsAlgoTests.StackTest" name="verifyCodeApplicationsPage" time="0.000">
    <skipped/>
  </testcase> <!-- verifyCodeApplicationsPage -->
  <system-out/>
  <testcase classname="dsAlgoTests.StackTest" name="verifyCodeApplicationsPage" time="0.000">
    <skipped/>
  </testcase> <!-- verifyCodeApplicationsPage -->
  <system-out/>
  <testcase classname="dsAlgoTests.StackTest" name="verifyCodeOperationsInStackPage" time="0.000">
    <skipped/>
  </testcase> <!-- verifyCodeOperationsInStackPage -->
  <system-out/>
  <testcase classname="dsAlgoTests.StackTest" name="verifyCodeOperationsInStackPage" time="0.000">
    <skipped/>
  </testcase> <!-- verifyCodeOperationsInStackPage -->
  <system-out/>
  <testcase classname="dsAlgoTests.StackTest" name="verifyCodeApplicationsPage" time="0.000">
    <skipped/>
  </testcase> <!-- verifyCodeApplicationsPage -->
  <system-out/>
  <testcase classname="dsAlgoTests.StackTest" name="verifyCodeImplementationPage" time="0.000">
    <skipped/>
  </testcase> <!-- verifyCodeImplementationPage -->
  <system-out/>
  <testcase classname="dsAlgoTests.StackTest" name="verifyCodeApplicationsPage" time="0.000">
    <skipped/>
  </testcase> <!-- verifyCodeApplicationsPage -->
  <system-out/>
  <testcase classname="dsAlgoTests.StackTest" name="verifyCodeImplementationPage" time="0.000">
    <skipped/>
  </testcase> <!-- verifyCodeImplementationPage -->
  <system-out/>
  <testcase classname="dsAlgoTests.StackTest" name="verifyCodeApplicationsPage" time="0.000">
    <skipped/>
  </testcase> <!-- verifyCodeApplicationsPage -->
  <system-out/>
  <testcase classname="dsAlgoTests.StackTest" name="verifyCodeOperationsInStackPage" time="0.000">
    <skipped/>
  </testcase> <!-- verifyCodeOperationsInStackPage -->
  <system-out/>
  <testcase classname="dsAlgoTests.StackTest" name="verifyCodeApplicationsPage" time="0.000">
    <skipped/>
  </testcase> <!-- verifyCodeApplicationsPage -->
  <system-out/>
  <testcase classname="dsAlgoTests.StackTest" name="verifyCodeApplicationsPage" time="0.000">
    <skipped/>
  </testcase> <!-- verifyCodeApplicationsPage -->
  <system-out/>
  <testcase classname="dsAlgoTests.StackTest" name="verifyCodeApplicationsPage" time="0.000">
    <skipped/>
  </testcase> <!-- verifyCodeApplicationsPage -->
  <system-out/>
  <testcase classname="dsAlgoTests.StackTest" name="verifyCodeOperationsInStackPage" time="0.000">
    <skipped/>
  </testcase> <!-- verifyCodeOperationsInStackPage -->
  <system-out/>
  <testcase classname="dsAlgoTests.StackTest" name="verifyCodeApplicationsPage" time="0.000">
    <skipped/>
  </testcase> <!-- verifyCodeApplicationsPage -->
  <system-out/>
  <testcase classname="dsAlgoTests.StackTest" name="verifyCodeOperationsInStackPage" time="0.000">
    <skipped/>
  </testcase> <!-- verifyCodeOperationsInStackPage -->
  <system-out/>
  <testcase classname="dsAlgoTests.StackTest" name="verifyCodeImplementationPage" time="0.000">
    <skipped/>
  </testcase> <!-- verifyCodeImplementationPage -->
  <system-out/>
  <testcase classname="dsAlgoTests.StackTest" name="verifyCodeApplicationsPage" time="0.000">
    <skipped/>
  </testcase> <!-- verifyCodeApplicationsPage -->
  <system-out/>
  <testcase classname="dsAlgoTests.StackTest" name="verifyCodeImplementationPage" time="0.000">
    <skipped/>
  </testcase> <!-- verifyCodeImplementationPage -->
  <system-out/>
  <testcase classname="dsAlgoTests.StackTest" name="verifyCodeOperationsInStackPage" time="0.000">
    <skipped/>
  </testcase> <!-- verifyCodeOperationsInStackPage -->
  <system-out/>
  <testcase classname="dsAlgoTests.StackTest" name="verifyCodeOperationsInStackPage" time="0.000">
    <skipped/>
  </testcase> <!-- verifyCodeOperationsInStackPage -->
  <system-out/>
  <testcase classname="dsAlgoTests.StackTest" name="verifyCodeOperationsInStackPage" time="0.000">
    <skipped/>
  </testcase> <!-- verifyCodeOperationsInStackPage -->
  <system-out/>
  <testcase classname="dsAlgoTests.StackTest" name="verifyCodeOperationsInStackPage" time="0.000">
    <skipped/>
  </testcase> <!-- verifyCodeOperationsInStackPage -->
  <system-out/>
  <testcase classname="dsAlgoTests.StackTest" name="verifyCodeImplementationPage" time="0.000">
    <skipped/>
  </testcase> <!-- verifyCodeImplementationPage -->
  <system-out/>
  <testcase classname="dsAlgoTests.StackTest" name="verifyCodeImplementationPage" time="0.000">
    <skipped/>
  </testcase> <!-- verifyCodeImplementationPage -->
  <system-out/>
  <testcase classname="dsAlgoTests.StackTest" name="verifyCodeApplicationsPage" time="0.000">
    <skipped/>
  </testcase> <!-- verifyCodeApplicationsPage -->
  <system-out/>
  <testcase classname="dsAlgoTests.StackTest" name="verifyCodeImplementationPage" time="0.000">
    <skipped/>
  </testcase> <!-- verifyCodeImplementationPage -->
  <system-out/>
  <testcase classname="dsAlgoTests.StackTest" name="verifyCodeApplicationsPage" time="0.000">
    <skipped/>
  </testcase> <!-- verifyCodeApplicationsPage -->
  <system-out/>
  <testcase classname="dsAlgoTests.StackTest" name="verifyCodeApplicationsPage" time="0.000">
    <skipped/>
  </testcase> <!-- verifyCodeApplicationsPage -->
  <system-out/>
  <testcase classname="dsAlgoTests.StackTest" name="verifyCodeOperationsInStackPage" time="0.000">
    <skipped/>
  </testcase> <!-- verifyCodeOperationsInStackPage -->
  <system-out/>
  <testcase classname="dsAlgoTests.StackTest" name="verifyCodeImplementationPage" time="0.000">
    <skipped/>
  </testcase> <!-- verifyCodeImplementationPage -->
  <system-out/>
  <testcase classname="dsAlgoTests.StackTest" name="verifyCodeOperationsInStackPage" time="0.000">
    <skipped/>
  </testcase> <!-- verifyCodeOperationsInStackPage -->
  <system-out/>
  <testcase classname="dsAlgoTests.StackTest" name="verifyCodeImplementationPage" time="0.000">
    <skipped/>
  </testcase> <!-- verifyCodeImplementationPage -->
  <system-out/>
  <testcase classname="dsAlgoTests.StackTest" name="verifyCodeApplicationsPage" time="0.000">
    <skipped/>
  </testcase> <!-- verifyCodeApplicationsPage -->
  <system-out/>
  <testcase classname="dsAlgoTests.StackTest" name="verifyCodeImplementationPage" time="0.000">
    <skipped/>
  </testcase> <!-- verifyCodeImplementationPage -->
  <system-out/>
  <testcase classname="dsAlgoTests.StackTest" name="verifyCodeApplicationsPage" time="0.000">
    <skipped/>
  </testcase> <!-- verifyCodeApplicationsPage -->
  <system-out/>
  <testcase classname="dsAlgoTests.StackTest" name="verifyCodeApplicationsPage" time="0.000">
    <skipped/>
  </testcase> <!-- verifyCodeApplicationsPage -->
  <system-out/>
  <testcase classname="dsAlgoTests.StackTest" name="verifyCodeOperationsInStackPage" time="0.000">
    <skipped/>
  </testcase> <!-- verifyCodeOperationsInStackPage -->
  <system-out/>
  <testcase classname="dsAlgoTests.StackTest" name="verifyCodeOperationsInStackPage" time="0.000">
    <skipped/>
  </testcase> <!-- verifyCodeOperationsInStackPage -->
  <system-out/>
  <testcase classname="dsAlgoTests.StackTest" name="verifyCodeApplicationsPage" time="0.000">
    <skipped/>
  </testcase> <!-- verifyCodeApplicationsPage -->
  <system-out/>
  <testcase classname="dsAlgoTests.StackTest" name="verifyCodeImplementationPage" time="0.000">
    <skipped/>
  </testcase> <!-- verifyCodeImplementationPage -->
  <system-out/>
  <testcase classname="dsAlgoTests.StackTest" name="verifyCodeOperationsInStackPage" time="0.000">
    <skipped/>
  </testcase> <!-- verifyCodeOperationsInStackPage -->
  <system-out/>
  <testcase classname="dsAlgoTests.StackTest" name="verifyCodeImplementationPage" time="0.000">
    <skipped/>
  </testcase> <!-- verifyCodeImplementationPage -->
  <system-out/>
  <testcase classname="dsAlgoTests.StackTest" name="verifyCodeImplementationPage" time="0.000">
    <skipped/>
  </testcase> <!-- verifyCodeImplementationPage -->
  <system-out/>
  <testcase classname="dsAlgoTests.StackTest" name="verifyCodeImplementationPage" time="0.000">
    <skipped/>
  </testcase> <!-- verifyCodeImplementationPage -->
  <system-out/>
  <testcase classname="dsAlgoTests.StackTest" name="verifyCodeApplicationsPage" time="0.000">
    <skipped/>
  </testcase> <!-- verifyCodeApplicationsPage -->
  <system-out/>
  <testcase classname="dsAlgoTests.StackTest" name="verifyCodeImplementationPage" time="0.000">
    <skipped/>
  </testcase> <!-- verifyCodeImplementationPage -->
  <system-out/>
  <testcase classname="dsAlgoTests.StackTest" name="verifyCodeImplementationPage" time="0.000">
    <skipped/>
  </testcase> <!-- verifyCodeImplementationPage -->
  <system-out/>
  <testcase classname="dsAlgoTests.StackTest" name="verifyCodeOperationsInStackPage" time="0.000">
    <skipped/>
  </testcase> <!-- verifyCodeOperationsInStackPage -->
  <system-out/>
  <testcase classname="dsAlgoTests.StackTest" name="verifyCodeApplicationsPage" time="0.000">
    <skipped/>
  </testcase> <!-- verifyCodeApplicationsPage -->
  <system-out/>
  <testcase classname="dsAlgoTests.StackTest" name="verifyCodeOperationsInStackPage" time="0.000">
    <skipped/>
  </testcase> <!-- verifyCodeOperationsInStackPage -->
  <system-out/>
  <testcase classname="dsAlgoTests.StackTest" name="verifyCodeImplementationPage" time="0.000">
    <skipped/>
  </testcase> <!-- verifyCodeImplementationPage -->
  <system-out/>
  <testcase classname="dsAlgoTests.StackTest" name="verifyCodeOperationsInStackPage" time="0.000">
    <skipped/>
  </testcase> <!-- verifyCodeOperationsInStackPage -->
  <system-out/>
  <testcase classname="dsAlgoTests.StackTest" name="verifyCodeApplicationsPage" time="0.000">
    <skipped/>
  </testcase> <!-- verifyCodeApplicationsPage -->
  <system-out/>
  <testcase classname="dsAlgoTests.StackTest" name="verifyCodeImplementationPage" time="0.000">
    <skipped/>
  </testcase> <!-- verifyCodeImplementationPage -->
  <system-out/>
  <testcase classname="dsAlgoTests.StackTest" name="verifyCodeImplementationPage" time="0.000">
    <skipped/>
  </testcase> <!-- verifyCodeImplementationPage -->
  <system-out/>
  <testcase classname="dsAlgoTests.StackTest" name="verifyCodeImplementationPage" time="0.000">
    <skipped/>
  </testcase> <!-- verifyCodeImplementationPage -->
  <system-out/>
  <testcase classname="dsAlgoTests.StackTest" name="verifyCodeOperationsInStackPage" time="0.000">
    <skipped/>
  </testcase> <!-- verifyCodeOperationsInStackPage -->
  <system-out/>
  <testcase classname="dsAlgoTests.StackTest" name="verifyCodeOperationsInStackPage" time="0.000">
    <skipped/>
  </testcase> <!-- verifyCodeOperationsInStackPage -->
  <system-out/>
  <testcase classname="dsAlgoTests.StackTest" name="verifyCodeImplementationPage" time="0.000">
    <skipped/>
  </testcase> <!-- verifyCodeImplementationPage -->
  <system-out/>
  <testcase classname="dsAlgoTests.StackTest" name="verifyCodeOperationsInStackPage" time="0.000">
    <skipped/>
  </testcase> <!-- verifyCodeOperationsInStackPage -->
  <system-out/>
  <testcase classname="dsAlgoTests.StackTest" name="verifyCodeApplicationsPage" time="0.000">
    <skipped/>
  </testcase> <!-- verifyCodeApplicationsPage -->
  <system-out/>
  <testcase classname="dsAlgoTests.StackTest" name="verifyCodeOperationsInStackPage" time="0.000">
    <skipped/>
  </testcase> <!-- verifyCodeOperationsInStackPage -->
  <system-out/>
  <testcase classname="dsAlgoTests.StackTest" name="verifyCodeApplicationsPage" time="0.000">
    <skipped/>
  </testcase> <!-- verifyCodeApplicationsPage -->
  <system-out/>
  <testcase classname="dsAlgoTests.StackTest" name="verifyCodeApplicationsPage" time="0.000">
    <skipped/>
  </testcase> <!-- verifyCodeApplicationsPage -->
  <system-out/>
  <testcase classname="dsAlgoTests.StackTest" name="verifyCodeImplementationPage" time="0.000">
    <skipped/>
  </testcase> <!-- verifyCodeImplementationPage -->
  <system-out/>
  <testcase classname="dsAlgoTests.StackTest" name="verifyCodeApplicationsPage" time="0.000">
    <skipped/>
  </testcase> <!-- verifyCodeApplicationsPage -->
  <system-out/>
  <testcase classname="dsAlgoTests.StackTest" name="verifyCodeImplementationPage" time="0.000">
    <skipped/>
  </testcase> <!-- verifyCodeImplementationPage -->
  <system-out/>
  <testcase classname="dsAlgoTests.StackTest" name="verifyCodeImplementationPage" time="0.000">
    <skipped/>
  </testcase> <!-- verifyCodeImplementationPage -->
  <system-out/>
  <testcase classname="dsAlgoTests.StackTest" name="verifyCodeImplementationPage" time="0.000">
    <skipped/>
  </testcase> <!-- verifyCodeImplementationPage -->
  <system-out/>
  <testcase classname="dsAlgoTests.StackTest" name="verifyCodeApplicationsPage" time="0.000">
    <skipped/>
  </testcase> <!-- verifyCodeApplicationsPage -->
  <system-out/>
  <testcase classname="dsAlgoTests.StackTest" name="verifyCodeApplicationsPage" time="0.000">
    <skipped/>
  </testcase> <!-- verifyCodeApplicationsPage -->
  <system-out/>
  <testcase classname="dsAlgoTests.StackTest" name="verifyCodeOperationsInStackPage" time="0.000">
    <skipped/>
  </testcase> <!-- verifyCodeOperationsInStackPage -->
  <system-out/>
  <testcase classname="dsAlgoTests.StackTest" name="verifyCodeImplementationPage" time="0.000">
    <skipped/>
  </testcase> <!-- verifyCodeImplementationPage -->
  <system-out/>
  <testcase classname="dsAlgoTests.StackTest" name="verifyCodeImplementationPage" time="0.000">
    <skipped/>
  </testcase> <!-- verifyCodeImplementationPage -->
  <system-out/>
  <testcase classname="dsAlgoTests.StackTest" name="verifyCodeImplementationPage" time="0.000">
    <skipped/>
  </testcase> <!-- verifyCodeImplementationPage -->
  <system-out/>
  <testcase classname="dsAlgoTests.StackTest" name="verifyCodeOperationsInStackPage" time="0.000">
    <skipped/>
  </testcase> <!-- verifyCodeOperationsInStackPage -->
  <system-out/>
  <testcase classname="dsAlgoTests.StackTest" name="verifyCodeApplicationsPage" time="0.000">
    <skipped/>
  </testcase> <!-- verifyCodeApplicationsPage -->
  <system-out/>
  <testcase classname="dsAlgoTests.StackTest" name="verifyCodeOperationsInStackPage" time="0.000">
    <skipped/>
  </testcase> <!-- verifyCodeOperationsInStackPage -->
  <system-out/>
  <testcase classname="dsAlgoTests.StackTest" name="verifyCodeApplicationsPage" time="0.000">
    <skipped/>
  </testcase> <!-- verifyCodeApplicationsPage -->
  <system-out/>
  <testcase classname="dsAlgoTests.StackTest" name="verifyCodeApplicationsPage" time="0.000">
    <skipped/>
  </testcase> <!-- verifyCodeApplicationsPage -->
  <system-out/>
  <testcase classname="dsAlgoTests.StackTest" name="verifyCodeOperationsInStackPage" time="0.000">
    <skipped/>
  </testcase> <!-- verifyCodeOperationsInStackPage -->
  <system-out/>
  <testcase classname="dsAlgoTests.StackTest" name="verifyCodeImplementationPage" time="0.000">
    <skipped/>
  </testcase> <!-- verifyCodeImplementationPage -->
  <system-out/>
  <testcase classname="dsAlgoTests.StackTest" name="verifyCodeApplicationsPage" time="0.000">
    <skipped/>
  </testcase> <!-- verifyCodeApplicationsPage -->
  <system-out/>
  <testcase classname="dsAlgoTests.StackTest" name="verifyCodeOperationsInStackPage" time="0.000">
    <skipped/>
  </testcase> <!-- verifyCodeOperationsInStackPage -->
  <system-out/>
  <testcase classname="dsAlgoTests.StackTest" name="verifyCodeApplicationsPage" time="0.000">
    <skipped/>
  </testcase> <!-- verifyCodeApplicationsPage -->
  <system-out/>
  <testcase classname="dsAlgoTests.StackTest" name="verifyCodeImplementationPage" time="0.000">
    <skipped/>
  </testcase> <!-- verifyCodeImplementationPage -->
  <system-out/>
  <testcase classname="dsAlgoTests.StackTest" name="verifyCodeApplicationsPage" time="0.000">
    <skipped/>
  </testcase> <!-- verifyCodeApplicationsPage -->
  <system-out/>
  <testcase classname="dsAlgoTests.StackTest" name="verifyCodeOperationsInStackPage" time="0.000">
    <skipped/>
  </testcase> <!-- verifyCodeOperationsInStackPage -->
  <system-out/>
  <testcase classname="dsAlgoTests.StackTest" name="verifyCodeOperationsInStackPage" time="0.000">
    <skipped/>
  </testcase> <!-- verifyCodeOperationsInStackPage -->
  <system-out/>
  <testcase classname="dsAlgoTests.StackTest" name="verifyCodeImplementationPage" time="0.000">
    <skipped/>
  </testcase> <!-- verifyCodeImplementationPage -->
  <system-out/>
  <testcase classname="dsAlgoTests.StackTest" name="verifyCodeImplementationPage" time="0.000">
    <skipped/>
  </testcase> <!-- verifyCodeImplementationPage -->
  <system-out/>
  <testcase classname="dsAlgoTests.StackTest" name="verifyCodeImplementationPage" time="0.000">
    <skipped/>
  </testcase> <!-- verifyCodeImplementationPage -->
  <system-out/>
  <testcase classname="dsAlgoTests.StackTest" name="verifyCodeImplementationPage" time="0.000">
    <skipped/>
  </testcase> <!-- verifyCodeImplementationPage -->
  <system-out/>
  <testcase classname="dsAlgoTests.StackTest" name="verifyCodeImplementationPage" time="0.000">
    <skipped/>
  </testcase> <!-- verifyCodeImplementationPage -->
  <system-out/>
  <testcase classname="dsAlgoTests.StackTest" name="verifyCodeApplicationsPage" time="0.000">
    <skipped/>
  </testcase> <!-- verifyCodeApplicationsPage -->
  <system-out/>
  <testcase classname="dsAlgoTests.StackTest" name="verifyCodeApplicationsPage" time="0.000">
    <skipped/>
  </testcase> <!-- verifyCodeApplicationsPage -->
  <system-out/>
  <testcase classname="dsAlgoTests.StackTest" name="verifyCodeApplicationsPage" time="0.000">
    <skipped/>
  </testcase> <!-- verifyCodeApplicationsPage -->
  <system-out/>
  <testcase classname="dsAlgoTests.StackTest" name="verifyCodeOperationsInStackPage" time="0.000">
    <skipped/>
  </testcase> <!-- verifyCodeOperationsInStackPage -->
  <system-out/>
  <testcase classname="dsAlgoTests.StackTest" name="verifyCodeImplementationPage" time="0.000">
    <skipped/>
  </testcase> <!-- verifyCodeImplementationPage -->
  <system-out/>
  <testcase classname="dsAlgoTests.StackTest" name="verifyCodeImplementationPage" time="0.000">
    <skipped/>
  </testcase> <!-- verifyCodeImplementationPage -->
  <system-out/>
  <testcase classname="dsAlgoTests.StackTest" name="verifyCodeOperationsInStackPage" time="0.000">
    <skipped/>
  </testcase> <!-- verifyCodeOperationsInStackPage -->
  <system-out/>
  <testcase classname="dsAlgoTests.StackTest" name="verifyCodeOperationsInStackPage" time="0.000">
    <skipped/>
  </testcase> <!-- verifyCodeOperationsInStackPage -->
  <system-out/>
  <testcase classname="dsAlgoTests.StackTest" name="verifyCodeImplementationPage" time="0.000">
    <skipped/>
  </testcase> <!-- verifyCodeImplementationPage -->
  <system-out/>
  <testcase classname="dsAlgoTests.StackTest" name="verifyCodeOperationsInStackPage" time="0.000">
    <skipped/>
  </testcase> <!-- verifyCodeOperationsInStackPage -->
  <system-out/>
  <testcase classname="dsAlgoTests.StackTest" name="verifyCodeApplicationsPage" time="0.000">
    <skipped/>
  </testcase> <!-- verifyCodeApplicationsPage -->
  <system-out/>
  <testcase classname="dsAlgoTests.StackTest" name="verifyCodeOperationsInStackPage" time="0.000">
    <skipped/>
  </testcase> <!-- verifyCodeOperationsInStackPage -->
  <system-out/>
  <testcase classname="dsAlgoTests.StackTest" name="verifyCodeOperationsInStackPage" time="0.000">
    <skipped/>
  </testcase> <!-- verifyCodeOperationsInStackPage -->
  <system-out/>
  <testcase classname="dsAlgoTests.StackTest" name="verifyCodeOperationsInStackPage" time="0.000">
    <skipped/>
  </testcase> <!-- verifyCodeOperationsInStackPage -->
  <system-out/>
  <testcase classname="dsAlgoTests.StackTest" name="verifyCodeApplicationsPage" time="0.000">
    <skipped/>
  </testcase> <!-- verifyCodeApplicationsPage -->
  <system-out/>
  <testcase classname="dsAlgoTests.StackTest" name="verifyCodeOperationsInStackPage" time="0.000">
    <skipped/>
  </testcase> <!-- verifyCodeOperationsInStackPage -->
  <system-out/>
  <testcase classname="dsAlgoTests.StackTest" name="verifyCodeApplicationsPage" time="0.000">
    <skipped/>
  </testcase> <!-- verifyCodeApplicationsPage -->
  <system-out/>
  <testcase classname="dsAlgoTests.StackTest" name="verifyCodeOperationsInStackPage" time="0.000">
    <skipped/>
  </testcase> <!-- verifyCodeOperationsInStackPage -->
  <system-out/>
  <testcase classname="dsAlgoTests.StackTest" name="verifyCodeApplicationsPage" time="0.000">
    <skipped/>
  </testcase> <!-- verifyCodeApplicationsPage -->
  <system-out/>
  <testcase classname="dsAlgoTests.StackTest" name="verifyCodeImplementationPage" time="0.000">
    <skipped/>
  </testcase> <!-- verifyCodeImplementationPage -->
  <system-out/>
  <testcase classname="dsAlgoTests.StackTest" name="verifyCodeApplicationsPage" time="0.000">
    <skipped/>
  </testcase> <!-- verifyCodeApplicationsPage -->
  <system-out/>
  <testcase classname="dsAlgoTests.StackTest" name="verifyCodeOperationsInStackPage" time="0.000">
    <skipped/>
  </testcase> <!-- verifyCodeOperationsInStackPage -->
  <system-out/>
  <testcase classname="dsAlgoTests.StackTest" name="verifyCodeApplicationsPage" time="0.000">
    <skipped/>
  </testcase> <!-- verifyCodeApplicationsPage -->
  <system-out/>
  <testcase classname="dsAlgoTests.StackTest" name="verifyCodeOperationsInStackPage" time="0.000">
    <skipped/>
  </testcase> <!-- verifyCodeOperationsInStackPage -->
  <system-out/>
  <testcase classname="dsAlgoTests.StackTest" name="verifyCodeOperationsInStackPage" time="0.000">
    <skipped/>
  </testcase> <!-- verifyCodeOperationsInStackPage -->
  <system-out/>
  <testcase classname="dsAlgoTests.StackTest" name="verifyCodeImplementationPage" time="0.000">
    <skipped/>
  </testcase> <!-- verifyCodeImplementationPage -->
  <system-out/>
  <testcase classname="dsAlgoTests.StackTest" name="verifyCodeApplicationsPage" time="0.000">
    <skipped/>
  </testcase> <!-- verifyCodeApplicationsPage -->
  <system-out/>
  <testcase classname="dsAlgoTests.StackTest" name="verifyCodeOperationsInStackPage" time="0.000">
    <skipped/>
  </testcase> <!-- verifyCodeOperationsInStackPage -->
  <system-out/>
  <testcase classname="dsAlgoTests.StackTest" name="verifyCodeImplementationPage" time="0.000">
    <skipped/>
  </testcase> <!-- verifyCodeImplementationPage -->
  <system-out/>
  <testcase classname="dsAlgoTests.StackTest" name="verifyCodeApplicationsPage" time="0.000">
    <skipped/>
  </testcase> <!-- verifyCodeApplicationsPage -->
  <system-out/>
  <testcase classname="dsAlgoTests.StackTest" name="verifyCodeApplicationsPage" time="0.000">
    <skipped/>
  </testcase> <!-- verifyCodeApplicationsPage -->
  <system-out/>
  <testcase classname="dsAlgoTests.StackTest" name="verifyCodeImplementationPage" time="0.000">
    <skipped/>
  </testcase> <!-- verifyCodeImplementationPage -->
  <system-out/>
  <testcase classname="dsAlgoTests.StackTest" name="verifyCodeApplicationsPage" time="0.000">
    <skipped/>
  </testcase> <!-- verifyCodeApplicationsPage -->
  <system-out/>
  <testcase classname="dsAlgoTests.StackTest" name="verifyCodeOperationsInStackPage" time="0.000">
    <skipped/>
  </testcase> <!-- verifyCodeOperationsInStackPage -->
  <system-out/>
  <testcase classname="dsAlgoTests.StackTest" name="verifyCodeApplicationsPage" time="0.000">
    <skipped/>
  </testcase> <!-- verifyCodeApplicationsPage -->
  <system-out/>
  <testcase classname="dsAlgoTests.StackTest" name="verifyCodeOperationsInStackPage" time="0.000">
    <skipped/>
  </testcase> <!-- verifyCodeOperationsInStackPage -->
  <system-out/>
  <testcase classname="dsAlgoTests.StackTest" name="verifyCodeImplementationPage" time="0.000">
    <skipped/>
  </testcase> <!-- verifyCodeImplementationPage -->
  <system-out/>
  <testcase classname="dsAlgoTests.StackTest" name="verifyCodeApplicationsPage" time="0.000">
    <skipped/>
  </testcase> <!-- verifyCodeApplicationsPage -->
  <system-out/>
  <testcase classname="dsAlgoTests.StackTest" name="verifyCodeImplementationPage" time="0.000">
    <skipped/>
  </testcase> <!-- verifyCodeImplementationPage -->
  <system-out/>
  <testcase classname="dsAlgoTests.StackTest" name="verifyCodeOperationsInStackPage" time="0.000">
    <skipped/>
  </testcase> <!-- verifyCodeOperationsInStackPage -->
  <system-out/>
  <testcase classname="dsAlgoTests.StackTest" name="verifyCodeApplicationsPage" time="0.000">
    <skipped/>
  </testcase> <!-- verifyCodeApplicationsPage -->
  <system-out/>
  <testcase classname="dsAlgoTests.StackTest" name="verifyCodeOperationsInStackPage" time="0.000">
    <skipped/>
  </testcase> <!-- verifyCodeOperationsInStackPage -->
  <system-out/>
  <testcase classname="dsAlgoTests.StackTest" name="verifyCodeOperationsInStackPage" time="0.000">
    <skipped/>
  </testcase> <!-- verifyCodeOperationsInStackPage -->
  <system-out/>
  <testcase classname="dsAlgoTests.StackTest" name="verifyCodeApplicationsPage" time="0.000">
    <skipped/>
  </testcase> <!-- verifyCodeApplicationsPage -->
  <system-out/>
  <testcase classname="dsAlgoTests.StackTest" name="verifyCodeImplementationPage" time="0.000">
    <skipped/>
  </testcase> <!-- verifyCodeImplementationPage -->
  <system-out/>
  <testcase classname="dsAlgoTests.StackTest" name="verifyCodeImplementationPage" time="0.000">
    <skipped/>
  </testcase> <!-- verifyCodeImplementationPage -->
  <system-out/>
  <testcase classname="dsAlgoTests.StackTest" name="verifyCodeImplementationPage" time="0.000">
    <skipped/>
  </testcase> <!-- verifyCodeImplementationPage -->
  <system-out/>
  <testcase classname="dsAlgoTests.StackTest" name="verifyCodeImplementationPage" time="0.000">
    <skipped/>
  </testcase> <!-- verifyCodeImplementationPage -->
  <system-out/>
  <testcase classname="dsAlgoTests.StackTest" name="verifyCodeOperationsInStackPage" time="0.000">
    <skipped/>
  </testcase> <!-- verifyCodeOperationsInStackPage -->
  <system-out/>
  <testcase classname="dsAlgoTests.StackTest" name="verifyCodeApplicationsPage" time="0.000">
    <skipped/>
  </testcase> <!-- verifyCodeApplicationsPage -->
  <system-out/>
  <testcase classname="dsAlgoTests.StackTest" name="verifyCodeOperationsInStackPage" time="0.000">
    <skipped/>
  </testcase> <!-- verifyCodeOperationsInStackPage -->
  <system-out/>
  <testcase classname="dsAlgoTests.StackTest" name="verifyCodeImplementationPage" time="0.000">
    <skipped/>
  </testcase> <!-- verifyCodeImplementationPage -->
  <system-out/>
  <testcase classname="dsAlgoTests.StackTest" name="verifyCodeImplementationPage" time="0.000">
    <skipped/>
  </testcase> <!-- verifyCodeImplementationPage -->
  <system-out/>
  <testcase classname="dsAlgoTests.StackTest" name="verifyCodeApplicationsPage" time="0.000">
    <skipped/>
  </testcase> <!-- verifyCodeApplicationsPage -->
  <system-out/>
  <testcase classname="dsAlgoTests.StackTest" name="verifyCodeApplicationsPage" time="0.000">
    <skipped/>
  </testcase> <!-- verifyCodeApplicationsPage -->
  <system-out/>
  <testcase classname="dsAlgoTests.StackTest" name="verifyCodeApplicationsPage" time="0.000">
    <skipped/>
  </testcase> <!-- verifyCodeApplicationsPage -->
  <system-out/>
  <testcase classname="dsAlgoTests.StackTest" name="verifyCodeApplicationsPage" time="0.000">
    <skipped/>
  </testcase> <!-- verifyCodeApplicationsPage -->
  <system-out/>
  <testcase classname="dsAlgoTests.StackTest" name="verifyCodeOperationsInStackPage" time="0.000">
    <skipped/>
  </testcase> <!-- verifyCodeOperationsInStackPage -->
  <system-out/>
  <testcase classname="dsAlgoTests.StackTest" name="verifyCodeApplicationsPage" time="0.000">
    <skipped/>
  </testcase> <!-- verifyCodeApplicationsPage -->
  <system-out/>
  <testcase classname="dsAlgoTests.StackTest" name="verifyCodeApplicationsPage" time="0.000">
    <skipped/>
  </testcase> <!-- verifyCodeApplicationsPage -->
  <system-out/>
  <testcase classname="dsAlgoTests.StackTest" name="verifyCodeImplementationPage" time="0.000">
    <skipped/>
  </testcase> <!-- verifyCodeImplementationPage -->
  <system-out/>
  <testcase classname="dsAlgoTests.StackTest" name="verifyCodeImplementationPage" time="0.000">
    <skipped/>
  </testcase> <!-- verifyCodeImplementationPage -->
  <system-out/>
  <testcase classname="dsAlgoTests.StackTest" name="verifyCodeApplicationsPage" time="0.000">
    <skipped/>
  </testcase> <!-- verifyCodeApplicationsPage -->
  <system-out/>
  <testcase classname="dsAlgoTests.StackTest" name="verifyCodeImplementationPage" time="0.000">
    <skipped/>
  </testcase> <!-- verifyCodeImplementationPage -->
  <system-out/>
  <testcase classname="dsAlgoTests.StackTest" name="verifyCodeApplicationsPage" time="0.000">
    <skipped/>
  </testcase> <!-- verifyCodeApplicationsPage -->
  <system-out/>
  <testcase classname="dsAlgoTests.StackTest" name="verifyCodeImplementationPage" time="0.000">
    <skipped/>
  </testcase> <!-- verifyCodeImplementationPage -->
  <system-out/>
  <testcase classname="dsAlgoTests.StackTest" name="verifyCodeOperationsInStackPage" time="0.000">
    <skipped/>
  </testcase> <!-- verifyCodeOperationsInStackPage -->
  <system-out/>
  <testcase classname="dsAlgoTests.StackTest" name="verifyCodeOperationsInStackPage" time="0.000">
    <skipped/>
  </testcase> <!-- verifyCodeOperationsInStackPage -->
  <system-out/>
  <testcase classname="dsAlgoTests.StackTest" name="verifyCodeImplementationPage" time="0.000">
    <skipped/>
  </testcase> <!-- verifyCodeImplementationPage -->
  <system-out/>
  <testcase classname="dsAlgoTests.StackTest" name="verifyCodeApplicationsPage" time="0.000">
    <skipped/>
  </testcase> <!-- verifyCodeApplicationsPage -->
  <system-out/>
  <testcase classname="dsAlgoTests.StackTest" name="verifyCodeImplementationPage" time="0.000">
    <skipped/>
  </testcase> <!-- verifyCodeImplementationPage -->
  <system-out/>
  <testcase classname="dsAlgoTests.StackTest" name="verifyCodeOperationsInStackPage" time="0.000">
    <skipped/>
  </testcase> <!-- verifyCodeOperationsInStackPage -->
  <system-out/>
  <testcase classname="dsAlgoTests.StackTest" name="verifyCodeImplementationPage" time="0.000">
    <skipped/>
  </testcase> <!-- verifyCodeImplementationPage -->
  <system-out/>
  <testcase classname="dsAlgoTests.StackTest" name="verifyCodeImplementationPage" time="0.000">
    <skipped/>
  </testcase> <!-- verifyCodeImplementationPage -->
  <system-out/>
  <testcase classname="dsAlgoTests.StackTest" name="verifyCodeApplicationsPage" time="0.000">
    <skipped/>
  </testcase> <!-- verifyCodeApplicationsPage -->
  <system-out/>
  <testcase classname="dsAlgoTests.StackTest" name="verifyCodeOperationsInStackPage" time="0.000">
    <skipped/>
  </testcase> <!-- verifyCodeOperationsInStackPage -->
  <system-out/>
  <testcase classname="dsAlgoTests.StackTest" name="verifyCodeOperationsInStackPage" time="0.000">
    <skipped/>
  </testcase> <!-- verifyCodeOperationsInStackPage -->
  <system-out/>
  <testcase classname="dsAlgoTests.StackTest" name="verifyCodeImplementationPage" time="0.000">
    <skipped/>
  </testcase> <!-- verifyCodeImplementationPage -->
  <system-out/>
  <testcase classname="dsAlgoTests.StackTest" name="verifyCodeApplicationsPage" time="0.000">
    <skipped/>
  </testcase> <!-- verifyCodeApplicationsPage -->
  <system-out/>
  <testcase classname="dsAlgoTests.StackTest" name="verifyCodeOperationsInStackPage" time="0.000">
    <skipped/>
  </testcase> <!-- verifyCodeOperationsInStackPage -->
  <system-out/>
  <testcase classname="dsAlgoTests.StackTest" name="verifyCodeApplicationsPage" time="0.000">
    <skipped/>
  </testcase> <!-- verifyCodeApplicationsPage -->
  <system-out/>
  <testcase classname="dsAlgoTests.StackTest" name="verifyCodeApplicationsPage" time="0.000">
    <skipped/>
  </testcase> <!-- verifyCodeApplicationsPage -->
  <system-out/>
  <testcase classname="dsAlgoTests.StackTest" name="verifyCodeApplicationsPage" time="0.000">
    <skipped/>
  </testcase> <!-- verifyCodeApplicationsPage -->
  <system-out/>
  <testcase classname="dsAlgoTests.StackTest" name="verifyCodeApplicationsPage" time="0.000">
    <skipped/>
  </testcase> <!-- verifyCodeApplicationsPage -->
  <system-out/>
  <testcase classname="dsAlgoTests.StackTest" name="verifyCodeApplicationsPage" time="0.000">
    <skipped/>
  </testcase> <!-- verifyCodeApplicationsPage -->
  <system-out/>
  <testcase classname="dsAlgoTests.StackTest" name="verifyCodeImplementationPage" time="0.000">
    <skipped/>
  </testcase> <!-- verifyCodeImplementationPage -->
  <system-out/>
  <testcase classname="dsAlgoTests.StackTest" name="verifyCodeImplementationPage" time="0.000">
    <skipped/>
  </testcase> <!-- verifyCodeImplementationPage -->
  <system-out/>
  <testcase classname="dsAlgoTests.StackTest" name="verifyCodeApplicationsPage" time="0.000">
    <skipped/>
  </testcase> <!-- verifyCodeApplicationsPage -->
  <system-out/>
  <testcase classname="dsAlgoTests.StackTest" name="verifyCodeImplementationPage" time="0.000">
    <skipped/>
  </testcase> <!-- verifyCodeImplementationPage -->
  <system-out/>
  <testcase classname="dsAlgoTests.StackTest" name="verifyCodeApplicationsPage" time="0.000">
    <skipped/>
  </testcase> <!-- verifyCodeApplicationsPage -->
  <system-out/>
  <testcase classname="dsAlgoTests.StackTest" name="verifyCodeOperationsInStackPage" time="0.000">
    <skipped/>
  </testcase> <!-- verifyCodeOperationsInStackPage -->
  <system-out/>
  <testcase classname="dsAlgoTests.StackTest" name="verifyCodeImplementationPage" time="0.000">
    <skipped/>
  </testcase> <!-- verifyCodeImplementationPage -->
  <system-out/>
  <testcase classname="dsAlgoTests.StackTest" name="verifyCodeOperationsInStackPage" time="0.000">
    <skipped/>
  </testcase> <!-- verifyCodeOperationsInStackPage -->
  <system-out/>
  <testcase classname="dsAlgoTests.StackTest" name="verifyCodeApplicationsPage" time="0.000">
    <skipped/>
  </testcase> <!-- verifyCodeApplicationsPage -->
  <system-out/>
  <testcase classname="dsAlgoTests.StackTest" name="verifyCodeApplicationsPage" time="0.000">
    <skipped/>
  </testcase> <!-- verifyCodeApplicationsPage -->
  <system-out/>
  <testcase classname="dsAlgoTests.StackTest" name="verifyCodeImplementationPage" time="0.000">
    <skipped/>
  </testcase> <!-- verifyCodeImplementationPage -->
  <system-out/>
  <testcase classname="dsAlgoTests.StackTest" name="verifyCodeApplicationsPage" time="0.000">
    <skipped/>
  </testcase> <!-- verifyCodeApplicationsPage -->
  <system-out/>
  <testcase classname="dsAlgoTests.StackTest" name="verifyCodeOperationsInStackPage" time="0.000">
    <skipped/>
  </testcase> <!-- verifyCodeOperationsInStackPage -->
  <system-out/>
  <testcase classname="dsAlgoTests.StackTest" name="verifyCodeOperationsInStackPage" time="0.000">
    <skipped/>
  </testcase> <!-- verifyCodeOperationsInStackPage -->
  <system-out/>
  <testcase classname="dsAlgoTests.StackTest" name="verifyCodeApplicationsPage" time="0.000">
    <skipped/>
  </testcase> <!-- verifyCodeApplicationsPage -->
  <system-out/>
  <testcase classname="dsAlgoTests.StackTest" name="verifyCodeImplementationPage" time="0.000">
    <skipped/>
  </testcase> <!-- verifyCodeImplementationPage -->
  <system-out/>
  <testcase classname="dsAlgoTests.StackTest" name="verifyCodeOperationsInStackPage" time="0.000">
    <skipped/>
  </testcase> <!-- verifyCodeOperationsInStackPage -->
  <system-out/>
  <testcase classname="dsAlgoTests.StackTest" name="verifyCodeOperationsInStackPage" time="0.000">
    <skipped/>
  </testcase> <!-- verifyCodeOperationsInStackPage -->
  <system-out/>
  <testcase classname="dsAlgoTests.StackTest" name="verifyCodeImplementationPage" time="0.000">
    <skipped/>
  </testcase> <!-- verifyCodeImplementationPage -->
  <system-out/>
  <testcase classname="dsAlgoTests.StackTest" name="verifyCodeOperationsInStackPage" time="0.000">
    <skipped/>
  </testcase> <!-- verifyCodeOperationsInStackPage -->
  <system-out/>
  <testcase classname="dsAlgoTests.StackTest" name="verifyCodeOperationsInStackPage" time="0.000">
    <skipped/>
  </testcase> <!-- verifyCodeOperationsInStackPage -->
  <system-out/>
  <testcase classname="dsAlgoTests.StackTest" name="verifyCodeImplementationPage" time="0.000">
    <skipped/>
  </testcase> <!-- verifyCodeImplementationPage -->
  <system-out/>
  <testcase classname="dsAlgoTests.StackTest" name="verifyCodeApplicationsPage" time="0.000">
    <skipped/>
  </testcase> <!-- verifyCodeApplicationsPage -->
  <system-out/>
  <testcase classname="dsAlgoTests.StackTest" name="verifyCodeOperationsInStackPage" time="0.000">
    <skipped/>
  </testcase> <!-- verifyCodeOperationsInStackPage -->
  <system-out/>
  <testcase classname="dsAlgoTests.StackTest" name="verifyCodeOperationsInStackPage" time="0.000">
    <skipped/>
  </testcase> <!-- verifyCodeOperationsInStackPage -->
  <system-out/>
  <testcase classname="dsAlgoTests.StackTest" name="verifyCodeOperationsInStackPage" time="0.000">
    <skipped/>
  </testcase> <!-- verifyCodeOperationsInStackPage -->
  <system-out/>
  <testcase classname="dsAlgoTests.StackTest" name="verifyCodeApplicationsPage" time="0.000">
    <skipped/>
  </testcase> <!-- verifyCodeApplicationsPage -->
  <system-out/>
  <testcase classname="dsAlgoTests.StackTest" name="verifyCodeApplicationsPage" time="0.000">
    <skipped/>
  </testcase> <!-- verifyCodeApplicationsPage -->
  <system-out/>
  <testcase classname="dsAlgoTests.StackTest" name="verifyCodeOperationsInStackPage" time="0.000">
    <skipped/>
  </testcase> <!-- verifyCodeOperationsInStackPage -->
  <system-out/>
  <testcase classname="dsAlgoTests.StackTest" name="verifyCodeApplicationsPage" time="0.000">
    <skipped/>
  </testcase> <!-- verifyCodeApplicationsPage -->
  <system-out/>
  <testcase classname="dsAlgoTests.StackTest" name="verifyCodeApplicationsPage" time="0.000">
    <skipped/>
  </testcase> <!-- verifyCodeApplicationsPage -->
  <system-out/>
  <testcase classname="dsAlgoTests.StackTest" name="verifyCodeOperationsInStackPage" time="0.000">
    <skipped/>
  </testcase> <!-- verifyCodeOperationsInStackPage -->
  <system-out/>
  <testcase classname="dsAlgoTests.StackTest" name="verifyCodeImplementationPage" time="0.000">
    <skipped/>
  </testcase> <!-- verifyCodeImplementationPage -->
  <system-out/>
  <testcase classname="dsAlgoTests.StackTest" name="verifyCodeImplementationPage" time="0.000">
    <skipped/>
  </testcase> <!-- verifyCodeImplementationPage -->
  <system-out/>
  <testcase classname="dsAlgoTests.StackTest" name="verifyCodeImplementationPage" time="0.000">
    <skipped/>
  </testcase> <!-- verifyCodeImplementationPage -->
  <system-out/>
  <testcase classname="dsAlgoTests.StackTest" name="verifyCodeApplicationsPage" time="0.000">
    <skipped/>
  </testcase> <!-- verifyCodeApplicationsPage -->
  <system-out/>
  <testcase classname="dsAlgoTests.StackTest" name="verifyCodeApplicationsPage" time="0.000">
    <skipped/>
  </testcase> <!-- verifyCodeApplicationsPage -->
  <system-out/>
  <testcase classname="dsAlgoTests.StackTest" name="verifyCodeOperationsInStackPage" time="0.000">
    <skipped/>
  </testcase> <!-- verifyCodeOperationsInStackPage -->
  <system-out/>
  <testcase classname="dsAlgoTests.StackTest" name="verifyCodeApplicationsPage" time="0.000">
    <skipped/>
  </testcase> <!-- verifyCodeApplicationsPage -->
  <system-out/>
  <testcase classname="dsAlgoTests.StackTest" name="verifyCodeImplementationPage" time="0.000">
    <skipped/>
  </testcase> <!-- verifyCodeImplementationPage -->
  <system-out/>
  <testcase classname="dsAlgoTests.StackTest" name="verifyCodeImplementationPage" time="0.000">
    <skipped/>
  </testcase> <!-- verifyCodeImplementationPage -->
  <system-out/>
  <testcase classname="dsAlgoTests.StackTest" name="verifyCodeApplicationsPage" time="0.000">
    <skipped/>
  </testcase> <!-- verifyCodeApplicationsPage -->
  <system-out/>
  <testcase classname="dsAlgoTests.StackTest" name="verifyCodeImplementationPage" time="0.000">
    <skipped/>
  </testcase> <!-- verifyCodeImplementationPage -->
  <system-out/>
  <testcase classname="dsAlgoTests.StackTest" name="verifyCodeImplementationPage" time="0.000">
    <skipped/>
  </testcase> <!-- verifyCodeImplementationPage -->
  <system-out/>
  <testcase classname="dsAlgoTests.StackTest" name="verifyCodeImplementationPage" time="0.000">
    <skipped/>
  </testcase> <!-- verifyCodeImplementationPage -->
  <system-out/>
  <testcase classname="dsAlgoTests.StackTest" name="verifyCodeApplicationsPage" time="0.000">
    <skipped/>
  </testcase> <!-- verifyCodeApplicationsPage -->
  <system-out/>
  <testcase classname="dsAlgoTests.StackTest" name="verifyCodeApplicationsPage" time="0.000">
    <skipped/>
  </testcase> <!-- verifyCodeApplicationsPage -->
  <system-out/>
  <testcase classname="dsAlgoTests.StackTest" name="verifyCodeImplementationPage" time="0.000">
    <skipped/>
  </testcase> <!-- verifyCodeImplementationPage -->
  <system-out/>
  <testcase classname="dsAlgoTests.StackTest" name="verifyCodeImplementationPage" time="0.000">
    <skipped/>
  </testcase> <!-- verifyCodeImplementationPage -->
  <system-out/>
  <testcase classname="dsAlgoTests.StackTest" name="verifyCodeOperationsInStackPage" time="0.000">
    <skipped/>
  </testcase> <!-- verifyCodeOperationsInStackPage -->
  <system-out/>
  <testcase classname="dsAlgoTests.StackTest" name="verifyCodeApplicationsPage" time="0.000">
    <skipped/>
  </testcase> <!-- verifyCodeApplicationsPage -->
  <system-out/>
  <testcase classname="dsAlgoTests.StackTest" name="verifyCodeImplementationPage" time="0.000">
    <skipped/>
  </testcase> <!-- verifyCodeImplementationPage -->
  <system-out/>
  <testcase classname="dsAlgoTests.StackTest" name="verifyCodeOperationsInStackPage" time="0.000">
    <skipped/>
  </testcase> <!-- verifyCodeOperationsInStackPage -->
  <system-out/>
  <testcase classname="dsAlgoTests.StackTest" name="verifyCodeApplicationsPage" time="0.000">
    <skipped/>
  </testcase> <!-- verifyCodeApplicationsPage -->
  <system-out/>
  <testcase classname="dsAlgoTests.StackTest" name="verifyCodeOperationsInStackPage" time="0.000">
    <skipped/>
  </testcase> <!-- verifyCodeOperationsInStackPage -->
  <system-out/>
  <testcase classname="dsAlgoTests.StackTest" name="verifyCodeImplementationPage" time="0.000">
    <skipped/>
  </testcase> <!-- verifyCodeImplementationPage -->
  <system-out/>
  <testcase classname="dsAlgoTests.StackTest" name="verifyCodeOperationsInStackPage" time="0.000">
    <skipped/>
  </testcase> <!-- verifyCodeOperationsInStackPage -->
  <system-out/>
  <testcase classname="dsAlgoTests.StackTest" name="verifyCodeImplementationPage" time="0.000">
    <skipped/>
  </testcase> <!-- verifyCodeImplementationPage -->
  <system-out/>
  <testcase classname="dsAlgoTests.StackTest" name="verifyCodeOperationsInStackPage" time="0.000">
    <skipped/>
  </testcase> <!-- verifyCodeOperationsInStackPage -->
  <system-out/>
  <testcase classname="dsAlgoTests.StackTest" name="verifyCodeImplementationPage" time="0.000">
    <skipped/>
  </testcase> <!-- verifyCodeImplementationPage -->
  <system-out/>
  <testcase classname="dsAlgoTests.StackTest" name="verifyCodeOperationsInStackPage" time="0.000">
    <skipped/>
  </testcase> <!-- verifyCodeOperationsInStackPage -->
  <system-out/>
  <testcase classname="dsAlgoTests.StackTest" name="verifyCodeImplementationPage" time="0.000">
    <skipped/>
  </testcase> <!-- verifyCodeImplementationPage -->
  <system-out/>
  <testcase classname="dsAlgoTests.StackTest" name="verifyCodeApplicationsPage" time="0.000">
    <skipped/>
  </testcase> <!-- verifyCodeApplicationsPage -->
  <system-out/>
  <testcase classname="dsAlgoTests.StackTest" name="verifyCodeImplementationPage" time="0.000">
    <skipped/>
  </testcase> <!-- verifyCodeImplementationPage -->
  <system-out/>
  <testcase classname="dsAlgoTests.StackTest" name="verifyCodeApplicationsPage" time="0.000">
    <skipped/>
  </testcase> <!-- verifyCodeApplicationsPage -->
  <system-out/>
  <testcase classname="dsAlgoTests.StackTest" name="verifyCodeApplicationsPage" time="0.000">
    <skipped/>
  </testcase> <!-- verifyCodeApplicationsPage -->
  <system-out/>
  <testcase classname="dsAlgoTests.StackTest" name="verifyCodeImplementationPage" time="0.000">
    <skipped/>
  </testcase> <!-- verifyCodeImplementationPage -->
  <system-out/>
  <testcase classname="dsAlgoTests.StackTest" name="verifyCodeImplementationPage" time="0.000">
    <skipped/>
  </testcase> <!-- verifyCodeImplementationPage -->
  <system-out/>
  <testcase classname="dsAlgoTests.StackTest" name="verifyCodeImplementationPage" time="0.000">
    <skipped/>
  </testcase> <!-- verifyCodeImplementationPage -->
  <system-out/>
  <testcase classname="dsAlgoTests.StackTest" name="verifyCodeImplementationPage" time="0.000">
    <skipped/>
  </testcase> <!-- verifyCodeImplementationPage -->
  <system-out/>
  <testcase classname="dsAlgoTests.StackTest" name="verifyCodeOperationsInStackPage" time="0.000">
    <skipped/>
  </testcase> <!-- verifyCodeOperationsInStackPage -->
  <system-out/>
  <testcase classname="dsAlgoTests.StackTest" name="verifyCodeApplicationsPage" time="0.000">
    <skipped/>
  </testcase> <!-- verifyCodeApplicationsPage -->
  <system-out/>
  <testcase classname="dsAlgoTests.StackTest" name="verifyCodeImplementationPage" time="0.000">
    <skipped/>
  </testcase> <!-- verifyCodeImplementationPage -->
  <system-out/>
  <testcase classname="dsAlgoTests.StackTest" name="verifyCodeImplementationPage" time="0.000">
    <skipped/>
  </testcase> <!-- verifyCodeImplementationPage -->
  <system-out/>
  <testcase classname="dsAlgoTests.StackTest" name="verifyCodeApplicationsPage" time="0.000">
    <skipped/>
  </testcase> <!-- verifyCodeApplicationsPage -->
  <system-out/>
  <testcase classname="dsAlgoTests.StackTest" name="verifyCodeImplementationPage" time="0.000">
    <skipped/>
  </testcase> <!-- verifyCodeImplementationPage -->
  <system-out/>
  <testcase classname="dsAlgoTests.StackTest" name="verifyCodeOperationsInStackPage" time="0.000">
    <skipped/>
  </testcase> <!-- verifyCodeOperationsInStackPage -->
  <system-out/>
  <testcase classname="dsAlgoTests.StackTest" name="verifyCodeApplicationsPage" time="0.000">
    <skipped/>
  </testcase> <!-- verifyCodeApplicationsPage -->
  <system-out/>
  <testcase classname="dsAlgoTests.StackTest" name="verifyCodeOperationsInStackPage" time="0.000">
    <skipped/>
  </testcase> <!-- verifyCodeOperationsInStackPage -->
  <system-out/>
  <testcase classname="dsAlgoTests.StackTest" name="verifyCodeOperationsInStackPage" time="0.000">
    <skipped/>
  </testcase> <!-- verifyCodeOperationsInStackPage -->
  <system-out/>
  <testcase classname="dsAlgoTests.StackTest" name="verifyCodeImplementationPage" time="0.000">
    <skipped/>
  </testcase> <!-- verifyCodeImplementationPage -->
  <system-out/>
  <testcase classname="dsAlgoTests.StackTest" name="verifyCodeImplementationPage" time="0.000">
    <skipped/>
  </testcase> <!-- verifyCodeImplementationPage -->
  <system-out/>
  <testcase classname="dsAlgoTests.StackTest" name="verifyCodeOperationsInStackPage" time="0.000">
    <skipped/>
  </testcase> <!-- verifyCodeOperationsInStackPage -->
  <system-out/>
  <testcase classname="dsAlgoTests.StackTest" name="verifyCodeImplementationPage" time="0.000">
    <skipped/>
  </testcase> <!-- verifyCodeImplementationPage -->
  <system-out/>
  <testcase classname="dsAlgoTests.StackTest" name="verifyCodeOperationsInStackPage" time="0.000">
    <skipped/>
  </testcase> <!-- verifyCodeOperationsInStackPage -->
  <system-out/>
  <testcase classname="dsAlgoTests.StackTest" name="verifyCodeApplicationsPage" time="0.000">
    <skipped/>
  </testcase> <!-- verifyCodeApplicationsPage -->
  <system-out/>
  <testcase classname="dsAlgoTests.StackTest" name="verifyCodeApplicationsPage" time="0.000">
    <skipped/>
  </testcase> <!-- verifyCodeApplicationsPage -->
  <system-out/>
  <testcase classname="dsAlgoTests.StackTest" name="verifyCodeApplicationsPage" time="0.000">
    <skipped/>
  </testcase> <!-- verifyCodeApplicationsPage -->
  <system-out/>
  <testcase classname="dsAlgoTests.StackTest" name="verifyCodeImplementationPage" time="0.000">
    <skipped/>
  </testcase> <!-- verifyCodeImplementationPage -->
  <system-out/>
  <testcase classname="dsAlgoTests.StackTest" name="verifyCodeOperationsInStackPage" time="0.000">
    <skipped/>
  </testcase> <!-- verifyCodeOperationsInStackPage -->
  <system-out/>
  <testcase classname="dsAlgoTests.StackTest" name="verifyCodeOperationsInStackPage" time="0.000">
    <skipped/>
  </testcase> <!-- verifyCodeOperationsInStackPage -->
  <system-out/>
  <testcase classname="dsAlgoTests.StackTest" name="verifyCodeApplicationsPage" time="0.000">
    <skipped/>
  </testcase> <!-- verifyCodeApplicationsPage -->
  <system-out/>
  <testcase classname="dsAlgoTests.StackTest" name="verifyCodeApplicationsPage" time="0.000">
    <skipped/>
  </testcase> <!-- verifyCodeApplicationsPage -->
  <system-out/>
  <testcase classname="dsAlgoTests.StackTest" name="verifyCodeApplicationsPage" time="0.000">
    <skipped/>
  </testcase> <!-- verifyCodeApplicationsPage -->
  <system-out/>
  <testcase classname="dsAlgoTests.StackTest" name="verifyCodeImplementationPage" time="0.000">
    <skipped/>
  </testcase> <!-- verifyCodeImplementationPage -->
  <system-out/>
  <testcase classname="dsAlgoTests.StackTest" name="verifyCodeImplementationPage" time="0.000">
    <skipped/>
  </testcase> <!-- verifyCodeImplementationPage -->
  <system-out/>
  <testcase classname="dsAlgoTests.StackTest" name="verifyCodeApplicationsPage" time="0.000">
    <skipped/>
  </testcase> <!-- verifyCodeApplicationsPage -->
  <system-out/>
  <testcase classname="dsAlgoTests.StackTest" name="verifyCodeOperationsInStackPage" time="0.000">
    <skipped/>
  </testcase> <!-- verifyCodeOperationsInStackPage -->
  <system-out/>
  <testcase classname="dsAlgoTests.StackTest" name="verifyCodeImplementationPage" time="0.000">
    <skipped/>
  </testcase> <!-- verifyCodeImplementationPage -->
  <system-out/>
  <testcase classname="dsAlgoTests.StackTest" name="verifyCodeApplicationsPage" time="0.000">
    <skipped/>
  </testcase> <!-- verifyCodeApplicationsPage -->
  <system-out/>
  <testcase classname="dsAlgoTests.StackTest" name="verifyCodeImplementationPage" time="0.000">
    <skipped/>
  </testcase> <!-- verifyCodeImplementationPage -->
  <system-out/>
  <testcase classname="dsAlgoTests.StackTest" name="verifyCodeImplementationPage" time="0.000">
    <skipped/>
  </testcase> <!-- verifyCodeImplementationPage -->
  <system-out/>
  <testcase classname="dsAlgoTests.StackTest" name="verifyCodeOperationsInStackPage" time="0.000">
    <skipped/>
  </testcase> <!-- verifyCodeOperationsInStackPage -->
  <system-out/>
  <testcase classname="dsAlgoTests.StackTest" name="verifyCodeApplicationsPage" time="0.000">
    <skipped/>
  </testcase> <!-- verifyCodeApplicationsPage -->
  <system-out/>
  <testcase classname="dsAlgoTests.StackTest" name="verifyCodeImplementationPage" time="0.000">
    <skipped/>
  </testcase> <!-- verifyCodeImplementationPage -->
  <system-out/>
  <testcase classname="dsAlgoTests.StackTest" name="verifyCodeApplicationsPage" time="0.000">
    <skipped/>
  </testcase> <!-- verifyCodeApplicationsPage -->
  <system-out/>
  <testcase classname="dsAlgoTests.StackTest" name="verifyCodeImplementationPage" time="0.000">
    <skipped/>
  </testcase> <!-- verifyCodeImplementationPage -->
  <system-out/>
  <testcase classname="dsAlgoTests.StackTest" name="verifyCodeOperationsInStackPage" time="0.000">
    <skipped/>
  </testcase> <!-- verifyCodeOperationsInStackPage -->
  <system-out/>
  <testcase classname="dsAlgoTests.StackTest" name="verifyCodeImplementationPage" time="0.000">
    <skipped/>
  </testcase> <!-- verifyCodeImplementationPage -->
  <system-out/>
  <testcase classname="dsAlgoTests.StackTest" name="verifyCodeApplicationsPage" time="0.000">
    <skipped/>
  </testcase> <!-- verifyCodeApplicationsPage -->
  <system-out/>
  <testcase classname="dsAlgoTests.StackTest" name="verifyCodeApplicationsPage" time="0.000">
    <skipped/>
  </testcase> <!-- verifyCodeApplicationsPage -->
  <system-out/>
  <testcase classname="dsAlgoTests.StackTest" name="verifyCodeOperationsInStackPage" time="0.000">
    <skipped/>
  </testcase> <!-- verifyCodeOperationsInStackPage -->
  <system-out/>
  <testcase classname="dsAlgoTests.StackTest" name="verifyCodeImplementationPage" time="0.000">
    <skipped/>
  </testcase> <!-- verifyCodeImplementationPage -->
  <system-out/>
  <testcase classname="dsAlgoTests.StackTest" name="verifyCodeApplicationsPage" time="0.000">
    <skipped/>
  </testcase> <!-- verifyCodeApplicationsPage -->
  <system-out/>
  <testcase classname="dsAlgoTests.StackTest" name="verifyCodeImplementationPage" time="0.000">
    <skipped/>
  </testcase> <!-- verifyCodeImplementationPage -->
  <system-out/>
  <testcase classname="dsAlgoTests.StackTest" name="verifyCodeOperationsInStackPage" time="0.000">
    <skipped/>
  </testcase> <!-- verifyCodeOperationsInStackPage -->
  <system-out/>
  <testcase classname="dsAlgoTests.StackTest" name="verifyCodeApplicationsPage" time="0.000">
    <skipped/>
  </testcase> <!-- verifyCodeApplicationsPage -->
  <system-out/>
  <testcase classname="dsAlgoTests.StackTest" name="verifyCodeImplementationPage" time="0.000">
    <skipped/>
  </testcase> <!-- verifyCodeImplementationPage -->
  <system-out/>
  <testcase classname="dsAlgoTests.StackTest" name="verifyCodeImplementationPage" time="0.000">
    <skipped/>
  </testcase> <!-- verifyCodeImplementationPage -->
  <system-out/>
  <testcase classname="dsAlgoTests.StackTest" name="verifyCodeApplicationsPage" time="0.000">
    <skipped/>
  </testcase> <!-- verifyCodeApplicationsPage -->
  <system-out/>
  <testcase classname="dsAlgoTests.StackTest" name="verifyCodeOperationsInStackPage" time="0.000">
    <skipped/>
  </testcase> <!-- verifyCodeOperationsInStackPage -->
  <system-out/>
  <testcase classname="dsAlgoTests.StackTest" name="verifyCodeOperationsInStackPage" time="0.000">
    <skipped/>
  </testcase> <!-- verifyCodeOperationsInStackPage -->
  <system-out/>
  <testcase classname="dsAlgoTests.StackTest" name="verifyCodeImplementationPage" time="0.000">
    <skipped/>
  </testcase> <!-- verifyCodeImplementationPage -->
  <system-out/>
  <testcase classname="dsAlgoTests.StackTest" name="verifyCodeImplementationPage" time="0.000">
    <skipped/>
  </testcase> <!-- verifyCodeImplementationPage -->
  <system-out/>
  <testcase classname="dsAlgoTests.StackTest" name="verifyCodeOperationsInStackPage" time="0.000">
    <skipped/>
  </testcase> <!-- verifyCodeOperationsInStackPage -->
  <system-out/>
  <testcase classname="dsAlgoTests.StackTest" name="verifyCodeImplementationPage" time="0.000">
    <skipped/>
  </testcase> <!-- verifyCodeImplementationPage -->
  <system-out/>
  <testcase classname="dsAlgoTests.StackTest" name="verifyCodeImplementationPage" time="0.000">
    <skipped/>
  </testcase> <!-- verifyCodeImplementationPage -->
  <system-out/>
  <testcase classname="dsAlgoTests.StackTest" name="verifyCodeImplementationPage" time="0.000">
    <skipped/>
  </testcase> <!-- verifyCodeImplementationPage -->
  <system-out/>
  <testcase classname="dsAlgoTests.StackTest" name="verifyCodeImplementationPage" time="0.000">
    <skipped/>
  </testcase> <!-- verifyCodeImplementationPage -->
  <system-out/>
  <testcase classname="dsAlgoTests.StackTest" name="verifyCodeImplementationPage" time="0.000">
    <skipped/>
  </testcase> <!-- verifyCodeImplementationPage -->
  <system-out/>
  <testcase classname="dsAlgoTests.StackTest" name="verifyCodeApplicationsPage" time="0.000">
    <skipped/>
  </testcase> <!-- verifyCodeApplicationsPage -->
  <system-out/>
  <testcase classname="dsAlgoTests.StackTest" name="verifyCodeOperationsInStackPage" time="0.000">
    <skipped/>
  </testcase> <!-- verifyCodeOperationsInStackPage -->
  <system-out/>
  <testcase classname="dsAlgoTests.StackTest" name="verifyCodeImplementationPage" time="0.000">
    <skipped/>
  </testcase> <!-- verifyCodeImplementationPage -->
  <system-out/>
  <testcase classname="dsAlgoTests.StackTest" name="verifyCodeImplementationPage" time="0.000">
    <skipped/>
  </testcase> <!-- verifyCodeImplementationPage -->
  <system-out/>
  <testcase classname="dsAlgoTests.StackTest" name="verifyCodeImplementationPage" time="0.000">
    <skipped/>
  </testcase> <!-- verifyCodeImplementationPage -->
  <system-out/>
  <testcase classname="dsAlgoTests.StackTest" name="verifyCodeApplicationsPage" time="0.000">
    <skipped/>
  </testcase> <!-- verifyCodeApplicationsPage -->
  <system-out/>
  <testcase classname="dsAlgoTests.StackTest" name="verifyCodeOperationsInStackPage" time="0.000">
    <skipped/>
  </testcase> <!-- verifyCodeOperationsInStackPage -->
  <system-out/>
  <testcase classname="dsAlgoTests.StackTest" name="verifyCodeOperationsInStackPage" time="0.000">
    <skipped/>
  </testcase> <!-- verifyCodeOperationsInStackPage -->
  <system-out/>
  <testcase classname="dsAlgoTests.StackTest" name="verifyCodeApplicationsPage" time="0.000">
    <skipped/>
  </testcase> <!-- verifyCodeApplicationsPage -->
  <system-out/>
  <testcase classname="dsAlgoTests.StackTest" name="verifyCodeApplicationsPage" time="0.000">
    <skipped/>
  </testcase> <!-- verifyCodeApplicationsPage -->
  <system-out/>
  <testcase classname="dsAlgoTests.StackTest" name="verifyCodeOperationsInStackPage" time="0.000">
    <skipped/>
  </testcase> <!-- verifyCodeOperationsInStackPage -->
  <system-out/>
  <testcase classname="dsAlgoTests.StackTest" name="verifyCodeApplicationsPage" time="0.000">
    <skipped/>
  </testcase> <!-- verifyCodeApplicationsPage -->
  <system-out/>
  <testcase classname="dsAlgoTests.StackTest" name="verifyCodeApplicationsPage" time="0.000">
    <skipped/>
  </testcase> <!-- verifyCodeApplicationsPage -->
  <system-out/>
  <testcase classname="dsAlgoTests.StackTest" name="verifyCodeApplicationsPage" time="0.000">
    <skipped/>
  </testcase> <!-- verifyCodeApplicationsPage -->
  <system-out/>
  <testcase classname="dsAlgoTests.StackTest" name="verifyCodeImplementationPage" time="0.000">
    <skipped/>
  </testcase> <!-- verifyCodeImplementationPage -->
  <system-out/>
  <testcase classname="dsAlgoTests.StackTest" name="verifyCodeApplicationsPage" time="0.000">
    <skipped/>
  </testcase> <!-- verifyCodeApplicationsPage -->
  <system-out/>
  <testcase classname="dsAlgoTests.StackTest" name="verifyCodeOperationsInStackPage" time="0.000">
    <skipped/>
  </testcase> <!-- verifyCodeOperationsInStackPage -->
  <system-out/>
  <testcase classname="dsAlgoTests.StackTest" name="verifyCodeOperationsInStackPage" time="0.000">
    <skipped/>
  </testcase> <!-- verifyCodeOperationsInStackPage -->
  <system-out/>
  <testcase classname="dsAlgoTests.StackTest" name="verifyCodeApplicationsPage" time="0.000">
    <skipped/>
  </testcase> <!-- verifyCodeApplicationsPage -->
  <system-out/>
  <testcase classname="dsAlgoTests.StackTest" name="verifyCodeImplementationPage" time="0.000">
    <skipped/>
  </testcase> <!-- verifyCodeImplementationPage -->
  <system-out/>
  <testcase classname="dsAlgoTests.StackTest" name="verifyCodeApplicationsPage" time="0.000">
    <skipped/>
  </testcase> <!-- verifyCodeApplicationsPage -->
  <system-out/>
  <testcase classname="dsAlgoTests.StackTest" name="verifyCodeImplementationPage" time="0.000">
    <skipped/>
  </testcase> <!-- verifyCodeImplementationPage -->
  <system-out/>
  <testcase classname="dsAlgoTests.StackTest" name="verifyCodeApplicationsPage" time="0.000">
    <skipped/>
  </testcase> <!-- verifyCodeApplicationsPage -->
  <system-out/>
  <testcase classname="dsAlgoTests.StackTest" name="verifyCodeOperationsInStackPage" time="0.000">
    <skipped/>
  </testcase> <!-- verifyCodeOperationsInStackPage -->
  <system-out/>
  <testcase classname="dsAlgoTests.StackTest" name="verifyCodeImplementationPage" time="0.000">
    <skipped/>
  </testcase> <!-- verifyCodeImplementationPage -->
  <system-out/>
  <testcase classname="dsAlgoTests.StackTest" name="verifyCodeImplementationPage" time="0.000">
    <skipped/>
  </testcase> <!-- verifyCodeImplementationPage -->
  <system-out/>
  <testcase classname="dsAlgoTests.StackTest" name="verifyCodeApplicationsPage" time="0.000">
    <skipped/>
  </testcase> <!-- verifyCodeApplicationsPage -->
  <system-out/>
  <testcase classname="dsAlgoTests.StackTest" name="verifyCodeApplicationsPage" time="0.000">
    <skipped/>
  </testcase> <!-- verifyCodeApplicationsPage -->
  <system-out/>
  <testcase classname="dsAlgoTests.StackTest" name="verifyCodeOperationsInStackPage" time="0.000">
    <skipped/>
  </testcase> <!-- verifyCodeOperationsInStackPage -->
  <system-out/>
  <testcase classname="dsAlgoTests.StackTest" name="verifyCodeApplicationsPage" time="0.000">
    <skipped/>
  </testcase> <!-- verifyCodeApplicationsPage -->
  <system-out/>
  <testcase classname="dsAlgoTests.StackTest" name="verifyCodeImplementationPage" time="0.000">
    <skipped/>
  </testcase> <!-- verifyCodeImplementationPage -->
  <system-out/>
  <testcase classname="dsAlgoTests.StackTest" name="verifyCodeImplementationPage" time="0.000">
    <skipped/>
  </testcase> <!-- verifyCodeImplementationPage -->
  <system-out/>
  <testcase classname="dsAlgoTests.StackTest" name="verifyCodeImplementationPage" time="0.000">
    <skipped/>
  </testcase> <!-- verifyCodeImplementationPage -->
  <system-out/>
  <testcase classname="dsAlgoTests.StackTest" name="verifyCodeImplementationPage" time="0.000">
    <skipped/>
  </testcase> <!-- verifyCodeImplementationPage -->
  <system-out/>
  <testcase classname="dsAlgoTests.StackTest" name="verifyCodeOperationsInStackPage" time="0.000">
    <skipped/>
  </testcase> <!-- verifyCodeOperationsInStackPage -->
  <system-out/>
  <testcase classname="dsAlgoTests.StackTest" name="verifyCodeApplicationsPage" time="0.000">
    <skipped/>
  </testcase> <!-- verifyCodeApplicationsPage -->
  <system-out/>
  <testcase classname="dsAlgoTests.StackTest" name="verifyCodeImplementationPage" time="0.000">
    <skipped/>
  </testcase> <!-- verifyCodeImplementationPage -->
  <system-out/>
  <testcase classname="dsAlgoTests.StackTest" name="verifyCodeOperationsInStackPage" time="0.000">
    <skipped/>
  </testcase> <!-- verifyCodeOperationsInStackPage -->
  <system-out/>
  <testcase classname="dsAlgoTests.StackTest" name="verifyCodeOperationsInStackPage" time="0.000">
    <skipped/>
  </testcase> <!-- verifyCodeOperationsInStackPage -->
  <system-out/>
  <testcase classname="dsAlgoTests.StackTest" name="verifyCodeApplicationsPage" time="0.000">
    <skipped/>
  </testcase> <!-- verifyCodeApplicationsPage -->
  <system-out/>
  <testcase classname="dsAlgoTests.StackTest" name="verifyCodeApplicationsPage" time="0.000">
    <skipped/>
  </testcase> <!-- verifyCodeApplicationsPage -->
  <system-out/>
  <testcase classname="dsAlgoTests.StackTest" name="verifyCodeImplementationPage" time="0.000">
    <skipped/>
  </testcase> <!-- verifyCodeImplementationPage -->
  <system-out/>
  <testcase classname="dsAlgoTests.StackTest" name="verifyCodeApplicationsPage" time="0.000">
    <skipped/>
  </testcase> <!-- verifyCodeApplicationsPage -->
  <system-out/>
  <testcase classname="dsAlgoTests.StackTest" name="verifyCodeImplementationPage" time="0.000">
    <skipped/>
  </testcase> <!-- verifyCodeImplementationPage -->
  <system-out/>
  <testcase classname="dsAlgoTests.StackTest" name="verifyCodeApplicationsPage" time="0.000">
    <skipped/>
  </testcase> <!-- verifyCodeApplicationsPage -->
  <system-out/>
  <testcase classname="dsAlgoTests.StackTest" name="verifyCodeApplicationsPage" time="0.000">
    <skipped/>
  </testcase> <!-- verifyCodeApplicationsPage -->
  <system-out/>
  <testcase classname="dsAlgoTests.StackTest" name="verifyCodeImplementationPage" time="0.000">
    <skipped/>
  </testcase> <!-- verifyCodeImplementationPage -->
  <system-out/>
  <testcase classname="dsAlgoTests.StackTest" name="verifyCodeImplementationPage" time="0.000">
    <skipped/>
  </testcase> <!-- verifyCodeImplementationPage -->
  <system-out/>
  <testcase classname="dsAlgoTests.StackTest" name="verifyCodeApplicationsPage" time="0.000">
    <skipped/>
  </testcase> <!-- verifyCodeApplicationsPage -->
  <system-out/>
  <testcase classname="dsAlgoTests.StackTest" name="verifyCodeApplicationsPage" time="0.000">
    <skipped/>
  </testcase> <!-- verifyCodeApplicationsPage -->
  <system-out/>
  <testcase classname="dsAlgoTests.StackTest" name="verifyCodeImplementationPage" time="0.000">
    <skipped/>
  </testcase> <!-- verifyCodeImplementationPage -->
  <system-out/>
  <testcase classname="dsAlgoTests.StackTest" name="verifyCodeOperationsInStackPage" time="0.000">
    <skipped/>
  </testcase> <!-- verifyCodeOperationsInStackPage -->
  <system-out/>
  <testcase classname="dsAlgoTests.StackTest" name="navigatetoOperationsInStacktryeditor" time="0.000">
    <skipped/>
  </testcase> <!-- navigatetoOperationsInStacktryeditor -->
  <system-out/>
  <testcase classname="dsAlgoTests.StackTest" name="verifyCodeImplementationPage" time="0.000">
    <skipped/>
  </testcase> <!-- verifyCodeImplementationPage -->
  <system-out/>
  <testcase classname="dsAlgoTests.StackTest" name="verifyCodeImplementationPage" time="0.000">
    <skipped/>
  </testcase> <!-- verifyCodeImplementationPage -->
  <system-out/>
  <testcase classname="dsAlgoTests.StackTest" name="verifyCodeApplicationsPage" time="0.000">
    <skipped/>
  </testcase> <!-- verifyCodeApplicationsPage -->
  <system-out/>
  <testcase classname="dsAlgoTests.StackTest" name="verifyCodeApplicationsPage" time="0.000">
    <skipped/>
  </testcase> <!-- verifyCodeApplicationsPage -->
  <system-out/>
  <testcase classname="dsAlgoTests.StackTest" name="verifyCodeApplicationsPage" time="0.000">
    <skipped/>
  </testcase> <!-- verifyCodeApplicationsPage -->
  <system-out/>
  <testcase classname="dsAlgoTests.StackTest" name="verifyCodeOperationsInStackPage" time="0.000">
    <skipped/>
  </testcase> <!-- verifyCodeOperationsInStackPage -->
  <system-out/>
  <testcase classname="dsAlgoTests.StackTest" name="verifyCodeApplicationsPage" time="0.000">
    <skipped/>
  </testcase> <!-- verifyCodeApplicationsPage -->
  <system-out/>
  <testcase classname="dsAlgoTests.StackTest" name="verifyCodeImplementationPage" time="0.000">
    <skipped/>
  </testcase> <!-- verifyCodeImplementationPage -->
  <system-out/>
  <testcase classname="dsAlgoTests.StackTest" name="verifyCodeOperationsInStackPage" time="0.000">
    <skipped/>
  </testcase> <!-- verifyCodeOperationsInStackPage -->
  <system-out/>
  <testcase classname="dsAlgoTests.StackTest" name="verifyCodeOperationsInStackPage" time="0.000">
    <skipped/>
  </testcase> <!-- verifyCodeOperationsInStackPage -->
  <system-out/>
  <testcase classname="dsAlgoTests.StackTest" name="verifyCodeImplementationPage" time="0.000">
    <skipped/>
  </testcase> <!-- verifyCodeImplementationPage -->
  <system-out/>
  <testcase classname="dsAlgoTests.StackTest" name="verifyCodeApplicationsPage" time="0.000">
    <skipped/>
  </testcase> <!-- verifyCodeApplicationsPage -->
  <system-out/>
  <testcase classname="dsAlgoTests.StackTest" name="verifyCodeImplementationPage" time="0.000">
    <skipped/>
  </testcase> <!-- verifyCodeImplementationPage -->
  <system-out/>
  <testcase classname="dsAlgoTests.StackTest" name="verifyCodeApplicationsPage" time="0.000">
    <skipped/>
  </testcase> <!-- verifyCodeApplicationsPage -->
  <system-out/>
  <testcase classname="dsAlgoTests.StackTest" name="verifyCodeImplementationPage" time="0.000">
    <skipped/>
  </testcase> <!-- verifyCodeImplementationPage -->
  <system-out/>
  <testcase classname="dsAlgoTests.StackTest" name="verifyCodeOperationsInStackPage" time="0.000">
    <skipped/>
  </testcase> <!-- verifyCodeOperationsInStackPage -->
  <system-out/>
  <testcase classname="dsAlgoTests.StackTest" name="verifyCodeImplementationPage" time="0.000">
    <skipped/>
  </testcase> <!-- verifyCodeImplementationPage -->
  <system-out/>
  <testcase classname="dsAlgoTests.StackTest" name="verifyCodeImplementationPage" time="0.000">
    <skipped/>
  </testcase> <!-- verifyCodeImplementationPage -->
  <system-out/>
  <testcase classname="dsAlgoTests.StackTest" name="verifyCodeImplementationPage" time="0.000">
    <skipped/>
  </testcase> <!-- verifyCodeImplementationPage -->
  <system-out/>
  <testcase classname="dsAlgoTests.StackTest" name="verifyCodeImplementationPage" time="0.000">
    <skipped/>
  </testcase> <!-- verifyCodeImplementationPage -->
  <system-out/>
  <testcase classname="dsAlgoTests.StackTest" name="verifyCodeImplementationPage" time="0.000">
    <skipped/>
  </testcase> <!-- verifyCodeImplementationPage -->
  <system-out/>
  <testcase classname="dsAlgoTests.StackTest" name="verifyCodeOperationsInStackPage" time="0.000">
    <skipped/>
  </testcase> <!-- verifyCodeOperationsInStackPage -->
  <system-out/>
  <testcase classname="dsAlgoTests.StackTest" name="verifyCodeOperationsInStackPage" time="0.000">
    <skipped/>
  </testcase> <!-- verifyCodeOperationsInStackPage -->
  <system-out/>
  <testcase classname="dsAlgoTests.StackTest" name="verifyCodeApplicationsPage" time="0.000">
    <skipped/>
  </testcase> <!-- verifyCodeApplicationsPage -->
  <system-out/>
  <testcase classname="dsAlgoTests.StackTest" name="verifyCodeApplicationsPage" time="0.000">
    <skipped/>
  </testcase> <!-- verifyCodeApplicationsPage -->
  <system-out/>
  <testcase classname="dsAlgoTests.StackTest" name="verifyCodeImplementationPage" time="0.000">
    <skipped/>
  </testcase> <!-- verifyCodeImplementationPage -->
  <system-out/>
  <testcase classname="dsAlgoTests.StackTest" name="verifyCodeApplicationsPage" time="0.000">
    <skipped/>
  </testcase> <!-- verifyCodeApplicationsPage -->
  <system-out/>
  <testcase classname="dsAlgoTests.StackTest" name="verifyCodeApplicationsPage" time="0.000">
    <skipped/>
  </testcase> <!-- verifyCodeApplicationsPage -->
  <system-out/>
  <testcase classname="dsAlgoTests.StackTest" name="seeListOfPracticeQuestionsonApplicationsPage" time="0.000">
    <skipped/>
  </testcase> <!-- seeListOfPracticeQuestionsonApplicationsPage -->
  <system-out/>
  <testcase classname="dsAlgoTests.StackTest" name="verifyCodeApplicationsPage" time="0.000">
    <skipped/>
  </testcase> <!-- verifyCodeApplicationsPage -->
  <system-out/>
  <testcase classname="dsAlgoTests.StackTest" name="verifyCodeOperationsInStackPage" time="0.000">
    <skipped/>
  </testcase> <!-- verifyCodeOperationsInStackPage -->
  <system-out/>
  <testcase classname="dsAlgoTests.StackTest" name="verifyCodeOperationsInStackPage" time="0.000">
    <skipped/>
  </testcase> <!-- verifyCodeOperationsInStackPage -->
  <system-out/>
  <testcase classname="dsAlgoTests.StackTest" name="verifyCodeOperationsInStackPage" time="0.000">
    <skipped/>
  </testcase> <!-- verifyCodeOperationsInStackPage -->
  <system-out/>
  <testcase classname="dsAlgoTests.StackTest" name="verifyCodeOperationsInStackPage" time="0.000">
    <skipped/>
  </testcase> <!-- verifyCodeOperationsInStackPage -->
  <system-out/>
  <testcase classname="dsAlgoTests.StackTest" name="verifyCodeImplementationPage" time="0.000">
    <skipped/>
  </testcase> <!-- verifyCodeImplementationPage -->
  <system-out/>
  <testcase classname="dsAlgoTests.StackTest" name="verifyCodeApplicationsPage" time="0.000">
    <skipped/>
  </testcase> <!-- verifyCodeApplicationsPage -->
  <system-out/>
  <testcase classname="dsAlgoTests.StackTest" name="verifyCodeOperationsInStackPage" time="0.000">
    <skipped/>
  </testcase> <!-- verifyCodeOperationsInStackPage -->
  <system-out/>
  <testcase classname="dsAlgoTests.StackTest" name="verifyCodeApplicationsPage" time="0.000">
    <skipped/>
  </testcase> <!-- verifyCodeApplicationsPage -->
  <system-out/>
  <testcase classname="dsAlgoTests.StackTest" name="verifyCodeApplicationsPage" time="0.000">
    <skipped/>
  </testcase> <!-- verifyCodeApplicationsPage -->
  <system-out/>
  <testcase classname="dsAlgoTests.StackTest" name="verifyCodeOperationsInStackPage" time="0.000">
    <skipped/>
  </testcase> <!-- verifyCodeOperationsInStackPage -->
  <system-out/>
  <testcase classname="dsAlgoTests.StackTest" name="verifyCodeApplicationsPage" time="0.000">
    <skipped/>
  </testcase> <!-- verifyCodeApplicationsPage -->
  <system-out/>
  <testcase classname="dsAlgoTests.StackTest" name="verifyCodeOperationsInStackPage" time="0.000">
    <skipped/>
  </testcase> <!-- verifyCodeOperationsInStackPage -->
  <system-out/>
  <testcase classname="dsAlgoTests.StackTest" name="verifyCodeImplementationPage" time="0.000">
    <skipped/>
  </testcase> <!-- verifyCodeImplementationPage -->
  <system-out/>
  <testcase classname="dsAlgoTests.StackTest" name="verifyCodeOperationsInStackPage" time="0.000">
    <skipped/>
  </testcase> <!-- verifyCodeOperationsInStackPage -->
  <system-out/>
  <testcase classname="dsAlgoTests.StackTest" name="verifyCodeOperationsInStackPage" time="0.000">
    <skipped/>
  </testcase> <!-- verifyCodeOperationsInStackPage -->
  <system-out/>
  <testcase classname="dsAlgoTests.StackTest" name="verifyCodeApplicationsPage" time="0.000">
    <skipped/>
  </testcase> <!-- verifyCodeApplicationsPage -->
  <system-out/>
  <testcase classname="dsAlgoTests.StackTest" name="verifyCodeOperationsInStackPage" time="0.000">
    <skipped/>
  </testcase> <!-- verifyCodeOperationsInStackPage -->
  <system-out/>
  <testcase classname="dsAlgoTests.StackTest" name="verifyCodeApplicationsPage" time="0.000">
    <skipped/>
  </testcase> <!-- verifyCodeApplicationsPage -->
  <system-out/>
  <testcase classname="dsAlgoTests.StackTest" name="verifyCodeOperationsInStackPage" time="0.000">
    <skipped/>
  </testcase> <!-- verifyCodeOperationsInStackPage -->
  <system-out/>
  <testcase classname="dsAlgoTests.StackTest" name="verifyCodeOperationsInStackPage" time="0.000">
    <skipped/>
  </testcase> <!-- verifyCodeOperationsInStackPage -->
  <system-out/>
  <testcase classname="dsAlgoTests.StackTest" name="verifyCodeOperationsInStackPage" time="0.000">
    <skipped/>
  </testcase> <!-- verifyCodeOperationsInStackPage -->
  <system-out/>
  <testcase classname="dsAlgoTests.StackTest" name="verifyCodeImplementationPage" time="0.000">
    <skipped/>
  </testcase> <!-- verifyCodeImplementationPage -->
  <system-out/>
  <testcase classname="dsAlgoTests.StackTest" name="verifyCodeImplementationPage" time="0.000">
    <skipped/>
  </testcase> <!-- verifyCodeImplementationPage -->
  <system-out/>
  <testcase classname="dsAlgoTests.StackTest" name="verifyCodeApplicationsPage" time="0.000">
    <skipped/>
  </testcase> <!-- verifyCodeApplicationsPage -->
  <system-out/>
  <testcase classname="dsAlgoTests.StackTest" name="verifyCodeApplicationsPage" time="0.000">
    <skipped/>
  </testcase> <!-- verifyCodeApplicationsPage -->
  <system-out/>
  <testcase classname="dsAlgoTests.StackTest" name="verifyCodeOperationsInStackPage" time="0.000">
    <skipped/>
  </testcase> <!-- verifyCodeOperationsInStackPage -->
  <system-out/>
  <testcase classname="dsAlgoTests.StackTest" name="verifyCodeImplementationPage" time="0.000">
    <skipped/>
  </testcase> <!-- verifyCodeImplementationPage -->
  <system-out/>
  <testcase classname="dsAlgoTests.StackTest" name="verifyCodeOperationsInStackPage" time="0.000">
    <skipped/>
  </testcase> <!-- verifyCodeOperationsInStackPage -->
  <system-out/>
  <testcase classname="dsAlgoTests.StackTest" name="verifyCodeApplicationsPage" time="0.000">
    <skipped/>
  </testcase> <!-- verifyCodeApplicationsPage -->
  <system-out/>
  <testcase classname="dsAlgoTests.StackTest" name="verifyCodeOperationsInStackPage" time="0.000">
    <skipped/>
  </testcase> <!-- verifyCodeOperationsInStackPage -->
  <system-out/>
  <testcase classname="dsAlgoTests.StackTest" name="verifyCodeApplicationsPage" time="0.000">
    <skipped/>
  </testcase> <!-- verifyCodeApplicationsPage -->
  <system-out/>
  <testcase classname="dsAlgoTests.StackTest" name="verifyCodeOperationsInStackPage" time="0.000">
    <skipped/>
  </testcase> <!-- verifyCodeOperationsInStackPage -->
  <system-out/>
  <testcase classname="dsAlgoTests.StackTest" name="verifyCodeImplementationPage" time="0.000">
    <skipped/>
  </testcase> <!-- verifyCodeImplementationPage -->
  <system-out/>
  <testcase classname="dsAlgoTests.StackTest" name="verifyCodeApplicationsPage" time="0.000">
    <skipped/>
  </testcase> <!-- verifyCodeApplicationsPage -->
  <system-out/>
  <testcase classname="dsAlgoTests.StackTest" name="verifyCodeOperationsInStackPage" time="0.000">
    <skipped/>
  </testcase> <!-- verifyCodeOperationsInStackPage -->
  <system-out/>
  <testcase classname="dsAlgoTests.StackTest" name="verifyCodeImplementationPage" time="0.000">
    <skipped/>
  </testcase> <!-- verifyCodeImplementationPage -->
  <system-out/>
  <testcase classname="dsAlgoTests.StackTest" name="verifyCodeImplementationPage" time="0.000">
    <skipped/>
  </testcase> <!-- verifyCodeImplementationPage -->
  <system-out/>
  <testcase classname="dsAlgoTests.StackTest" name="verifyCodeImplementationPage" time="0.000">
    <skipped/>
  </testcase> <!-- verifyCodeImplementationPage -->
  <system-out/>
  <testcase classname="dsAlgoTests.StackTest" name="verifyCodeApplicationsPage" time="0.000">
    <skipped/>
  </testcase> <!-- verifyCodeApplicationsPage -->
  <system-out/>
  <testcase classname="dsAlgoTests.StackTest" name="verifyCodeApplicationsPage" time="0.000">
    <skipped/>
  </testcase> <!-- verifyCodeApplicationsPage -->
  <system-out/>
  <testcase classname="dsAlgoTests.StackTest" name="verifyCodeApplicationsPage" time="0.000">
    <skipped/>
  </testcase> <!-- verifyCodeApplicationsPage -->
  <system-out/>
  <testcase classname="dsAlgoTests.StackTest" name="verifyCodeOperationsInStackPage" time="0.000">
    <skipped/>
  </testcase> <!-- verifyCodeOperationsInStackPage -->
  <system-out/>
  <testcase classname="dsAlgoTests.StackTest" name="verifyCodeApplicationsPage" time="0.000">
    <skipped/>
  </testcase> <!-- verifyCodeApplicationsPage -->
  <system-out/>
  <testcase classname="dsAlgoTests.StackTest" name="verifyCodeOperationsInStackPage" time="0.000">
    <skipped/>
  </testcase> <!-- verifyCodeOperationsInStackPage -->
  <system-out/>
  <testcase classname="dsAlgoTests.StackTest" name="verifyCodeApplicationsPage" time="0.000">
    <skipped/>
  </testcase> <!-- verifyCodeApplicationsPage -->
  <system-out/>
  <testcase classname="dsAlgoTests.StackTest" name="verifyCodeApplicationsPage" time="0.000">
    <skipped/>
  </testcase> <!-- verifyCodeApplicationsPage -->
  <system-out/>
  <testcase classname="dsAlgoTests.StackTest" name="verifyCodeOperationsInStackPage" time="0.000">
    <skipped/>
  </testcase> <!-- verifyCodeOperationsInStackPage -->
  <system-out/>
  <testcase classname="dsAlgoTests.StackTest" name="verifyCodeApplicationsPage" time="0.000">
    <skipped/>
  </testcase> <!-- verifyCodeApplicationsPage -->
  <system-out/>
  <testcase classname="dsAlgoTests.StackTest" name="verifyCodeImplementationPage" time="0.000">
    <skipped/>
  </testcase> <!-- verifyCodeImplementationPage -->
  <system-out/>
  <testcase classname="dsAlgoTests.StackTest" name="verifyCodeOperationsInStackPage" time="0.000">
    <skipped/>
  </testcase> <!-- verifyCodeOperationsInStackPage -->
  <system-out/>
  <testcase classname="dsAlgoTests.StackTest" name="verifyCodeApplicationsPage" time="0.000">
    <skipped/>
  </testcase> <!-- verifyCodeApplicationsPage -->
  <system-out/>
  <testcase classname="dsAlgoTests.StackTest" name="verifyCodeImplementationPage" time="0.000">
    <skipped/>
  </testcase> <!-- verifyCodeImplementationPage -->
  <system-out/>
  <testcase classname="dsAlgoTests.StackTest" name="verifyCodeOperationsInStackPage" time="0.000">
    <skipped/>
  </testcase> <!-- verifyCodeOperationsInStackPage -->
  <system-out/>
  <testcase classname="dsAlgoTests.StackTest" name="verifyCodeOperationsInStackPage" time="0.000">
    <skipped/>
  </testcase> <!-- verifyCodeOperationsInStackPage -->
  <system-out/>
  <testcase classname="dsAlgoTests.StackTest" name="verifyCodeApplicationsPage" time="0.000">
    <skipped/>
  </testcase> <!-- verifyCodeApplicationsPage -->
  <system-out/>
  <testcase classname="dsAlgoTests.StackTest" name="verifyCodeImplementationPage" time="0.000">
    <skipped/>
  </testcase> <!-- verifyCodeImplementationPage -->
  <system-out/>
  <testcase classname="dsAlgoTests.StackTest" name="verifyCodeOperationsInStackPage" time="0.000">
    <skipped/>
  </testcase> <!-- verifyCodeOperationsInStackPage -->
  <system-out/>
  <testcase classname="dsAlgoTests.StackTest" name="verifyCodeImplementationPage" time="0.000">
    <skipped/>
  </testcase> <!-- verifyCodeImplementationPage -->
  <system-out/>
  <testcase classname="dsAlgoTests.StackTest" name="verifyCodeApplicationsPage" time="0.000">
    <skipped/>
  </testcase> <!-- verifyCodeApplicationsPage -->
  <system-out/>
  <testcase classname="dsAlgoTests.StackTest" name="verifyCodeApplicationsPage" time="0.000">
    <skipped/>
  </testcase> <!-- verifyCodeApplicationsPage -->
  <system-out/>
  <testcase classname="dsAlgoTests.StackTest" name="verifyCodeImplementationPage" time="0.000">
    <skipped/>
  </testcase> <!-- verifyCodeImplementationPage -->
  <system-out/>
  <testcase classname="dsAlgoTests.StackTest" name="verifyCodeImplementationPage" time="0.000">
    <skipped/>
  </testcase> <!-- verifyCodeImplementationPage -->
  <system-out/>
  <testcase classname="dsAlgoTests.StackTest" name="verifyCodeImplementationPage" time="0.000">
    <skipped/>
  </testcase> <!-- verifyCodeImplementationPage -->
  <system-out/>
  <testcase classname="dsAlgoTests.StackTest" name="verifyCodeOperationsInStackPage" time="0.000">
    <skipped/>
  </testcase> <!-- verifyCodeOperationsInStackPage -->
  <system-out/>
  <testcase classname="dsAlgoTests.StackTest" name="verifyCodeOperationsInStackPage" time="0.000">
    <skipped/>
  </testcase> <!-- verifyCodeOperationsInStackPage -->
  <system-out/>
  <testcase classname="dsAlgoTests.StackTest" name="verifyCodeImplementationPage" time="0.000">
    <skipped/>
  </testcase> <!-- verifyCodeImplementationPage -->
  <system-out/>
  <testcase classname="dsAlgoTests.StackTest" name="verifyCodeOperationsInStackPage" time="0.000">
    <skipped/>
  </testcase> <!-- verifyCodeOperationsInStackPage -->
  <system-out/>
  <testcase classname="dsAlgoTests.StackTest" name="verifyCodeOperationsInStackPage" time="0.000">
    <skipped/>
  </testcase> <!-- verifyCodeOperationsInStackPage -->
  <system-out/>
  <testcase classname="dsAlgoTests.StackTest" name="verifyCodeApplicationsPage" time="0.000">
    <skipped/>
  </testcase> <!-- verifyCodeApplicationsPage -->
  <system-out/>
  <testcase classname="dsAlgoTests.StackTest" name="verifyCodeApplicationsPage" time="0.000">
    <skipped/>
  </testcase> <!-- verifyCodeApplicationsPage -->
  <system-out/>
  <testcase classname="dsAlgoTests.StackTest" name="verifyCodeApplicationsPage" time="0.000">
    <skipped/>
  </testcase> <!-- verifyCodeApplicationsPage -->
  <system-out/>
  <testcase classname="dsAlgoTests.StackTest" name="verifyCodeApplicationsPage" time="0.000">
    <skipped/>
  </testcase> <!-- verifyCodeApplicationsPage -->
  <system-out/>
  <testcase classname="dsAlgoTests.StackTest" name="verifyCodeImplementationPage" time="0.000">
    <skipped/>
  </testcase> <!-- verifyCodeImplementationPage -->
  <system-out/>
  <testcase classname="dsAlgoTests.StackTest" name="verifyCodeApplicationsPage" time="0.000">
    <skipped/>
  </testcase> <!-- verifyCodeApplicationsPage -->
  <system-out/>
  <testcase classname="dsAlgoTests.StackTest" name="verifyCodeApplicationsPage" time="0.000">
    <skipped/>
  </testcase> <!-- verifyCodeApplicationsPage -->
  <system-out/>
  <testcase classname="dsAlgoTests.StackTest" name="verifyCodeImplementationPage" time="0.000">
    <skipped/>
  </testcase> <!-- verifyCodeImplementationPage -->
  <system-out/>
  <testcase classname="dsAlgoTests.StackTest" name="verifyCodeImplementationPage" time="0.000">
    <skipped/>
  </testcase> <!-- verifyCodeImplementationPage -->
  <system-out/>
  <testcase classname="dsAlgoTests.StackTest" name="verifyCodeImplementationPage" time="0.000">
    <skipped/>
  </testcase> <!-- verifyCodeImplementationPage -->
  <system-out/>
  <testcase classname="dsAlgoTests.StackTest" name="verifyCodeImplementationPage" time="0.000">
    <skipped/>
  </testcase> <!-- verifyCodeImplementationPage -->
  <system-out/>
  <testcase classname="dsAlgoTests.StackTest" name="verifyCodeOperationsInStackPage" time="0.000">
    <skipped/>
  </testcase> <!-- verifyCodeOperationsInStackPage -->
  <system-out/>
  <testcase classname="dsAlgoTests.StackTest" name="verifyCodeOperationsInStackPage" time="0.000">
    <skipped/>
  </testcase> <!-- verifyCodeOperationsInStackPage -->
  <system-out/>
  <testcase classname="dsAlgoTests.StackTest" name="verifyCodeImplementationPage" time="0.000">
    <skipped/>
  </testcase> <!-- verifyCodeImplementationPage -->
  <system-out/>
  <testcase classname="dsAlgoTests.StackTest" name="verifyCodeImplementationPage" time="0.000">
    <skipped/>
  </testcase> <!-- verifyCodeImplementationPage -->
  <system-out/>
  <testcase classname="dsAlgoTests.StackTest" name="verifyCodeImplementationPage" time="0.000">
    <skipped/>
  </testcase> <!-- verifyCodeImplementationPage -->
  <system-out/>
  <testcase classname="dsAlgoTests.StackTest" name="verifyCodeImplementationPage" time="0.000">
    <skipped/>
  </testcase> <!-- verifyCodeImplementationPage -->
  <system-out/>
  <testcase classname="dsAlgoTests.StackTest" name="verifyCodeImplementationPage" time="0.000">
    <skipped/>
  </testcase> <!-- verifyCodeImplementationPage -->
  <system-out/>
  <testcase classname="dsAlgoTests.StackTest" name="verifyCodeImplementationPage" time="0.000">
    <skipped/>
  </testcase> <!-- verifyCodeImplementationPage -->
  <system-out/>
  <testcase classname="dsAlgoTests.StackTest" name="verifyCodeImplementationPage" time="0.000">
    <skipped/>
  </testcase> <!-- verifyCodeImplementationPage -->
  <system-out/>
  <testcase classname="dsAlgoTests.StackTest" name="verifyCodeImplementationPage" time="0.000">
    <skipped/>
  </testcase> <!-- verifyCodeImplementationPage -->
  <system-out/>
  <testcase classname="dsAlgoTests.StackTest" name="verifyCodeImplementationPage" time="0.000">
    <skipped/>
  </testcase> <!-- verifyCodeImplementationPage -->
  <system-out/>
  <testcase classname="dsAlgoTests.StackTest" name="verifyCodeImplementationPage" time="0.000">
    <skipped/>
  </testcase> <!-- verifyCodeImplementationPage -->
  <system-out/>
  <testcase classname="dsAlgoTests.StackTest" name="verifyCodeImplementationPage" time="0.000">
    <skipped/>
  </testcase> <!-- verifyCodeImplementationPage -->
  <system-out/>
  <testcase classname="dsAlgoTests.StackTest" name="verifyCodeApplicationsPage" time="0.000">
    <skipped/>
  </testcase> <!-- verifyCodeApplicationsPage -->
  <system-out/>
  <testcase classname="dsAlgoTests.StackTest" name="verifyCodeOperationsInStackPage" time="0.000">
    <skipped/>
  </testcase> <!-- verifyCodeOperationsInStackPage -->
  <system-out/>
  <testcase classname="dsAlgoTests.StackTest" name="verifyCodeApplicationsPage" time="0.000">
    <skipped/>
  </testcase> <!-- verifyCodeApplicationsPage -->
  <system-out/>
  <testcase classname="dsAlgoTests.StackTest" name="verifyCodeApplicationsPage" time="0.000">
    <skipped/>
  </testcase> <!-- verifyCodeApplicationsPage -->
  <system-out/>
  <testcase classname="dsAlgoTests.StackTest" name="verifyCodeImplementationPage" time="0.000">
    <skipped/>
  </testcase> <!-- verifyCodeImplementationPage -->
  <system-out/>
  <testcase classname="dsAlgoTests.StackTest" name="verifyCodeImplementationPage" time="0.000">
    <skipped/>
  </testcase> <!-- verifyCodeImplementationPage -->
  <system-out/>
  <testcase classname="dsAlgoTests.StackTest" name="verifyCodeApplicationsPage" time="0.000">
    <skipped/>
  </testcase> <!-- verifyCodeApplicationsPage -->
  <system-out/>
  <testcase classname="dsAlgoTests.StackTest" name="verifyCodeApplicationsPage" time="0.000">
    <skipped/>
  </testcase> <!-- verifyCodeApplicationsPage -->
  <system-out/>
  <testcase classname="dsAlgoTests.StackTest" name="verifyCodeImplementationPage" time="0.000">
    <skipped/>
  </testcase> <!-- verifyCodeImplementationPage -->
  <system-out/>
  <testcase classname="dsAlgoTests.StackTest" name="verifyCodeOperationsInStackPage" time="0.000">
    <skipped/>
  </testcase> <!-- verifyCodeOperationsInStackPage -->
  <system-out/>
  <testcase classname="dsAlgoTests.StackTest" name="verifyCodeOperationsInStackPage" time="0.000">
    <skipped/>
  </testcase> <!-- verifyCodeOperationsInStackPage -->
  <system-out/>
  <testcase classname="dsAlgoTests.StackTest" name="verifyCodeOperationsInStackPage" time="0.000">
    <skipped/>
  </testcase> <!-- verifyCodeOperationsInStackPage -->
  <system-out/>
  <testcase classname="dsAlgoTests.StackTest" name="checkErrorMessageWhenExecutingWithoutCodeInOperationsInStackPage" time="0.000">
    <skipped/>
  </testcase> <!-- checkErrorMessageWhenExecutingWithoutCodeInOperationsInStackPage -->
  <system-out/>
  <testcase classname="dsAlgoTests.StackTest" name="verifyCodeOperationsInStackPage" time="0.000">
    <skipped/>
  </testcase> <!-- verifyCodeOperationsInStackPage -->
  <system-out/>
  <testcase classname="dsAlgoTests.StackTest" name="verifyCodeImplementationPage" time="0.000">
    <skipped/>
  </testcase> <!-- verifyCodeImplementationPage -->
  <system-out/>
  <testcase classname="dsAlgoTests.StackTest" name="verifyCodeOperationsInStackPage" time="0.000">
    <skipped/>
  </testcase> <!-- verifyCodeOperationsInStackPage -->
  <system-out/>
  <testcase classname="dsAlgoTests.StackTest" name="verifyCodeImplementationPage" time="0.000">
    <skipped/>
  </testcase> <!-- verifyCodeImplementationPage -->
  <system-out/>
  <testcase classname="dsAlgoTests.StackTest" name="verifyCodeImplementationPage" time="0.000">
    <skipped/>
  </testcase> <!-- verifyCodeImplementationPage -->
  <system-out/>
  <testcase classname="dsAlgoTests.StackTest" name="verifyCodeOperationsInStackPage" time="0.000">
    <skipped/>
  </testcase> <!-- verifyCodeOperationsInStackPage -->
  <system-out/>
  <testcase classname="dsAlgoTests.StackTest" name="verifyCodeApplicationsPage" time="0.000">
    <skipped/>
  </testcase> <!-- verifyCodeApplicationsPage -->
  <system-out/>
  <testcase classname="dsAlgoTests.StackTest" name="verifyCodeImplementationPage" time="0.000">
    <skipped/>
  </testcase> <!-- verifyCodeImplementationPage -->
  <system-out/>
  <testcase classname="dsAlgoTests.StackTest" name="verifyCodeApplicationsPage" time="0.000">
    <skipped/>
  </testcase> <!-- verifyCodeApplicationsPage -->
  <system-out/>
  <testcase classname="dsAlgoTests.StackTest" name="verifyCodeImplementationPage" time="0.000">
    <skipped/>
  </testcase> <!-- verifyCodeImplementationPage -->
  <system-out/>
  <testcase classname="dsAlgoTests.StackTest" name="verifyCodeOperationsInStackPage" time="0.000">
    <skipped/>
  </testcase> <!-- verifyCodeOperationsInStackPage -->
  <system-out/>
  <testcase classname="dsAlgoTests.StackTest" name="verifyCodeApplicationsPage" time="0.000">
    <skipped/>
  </testcase> <!-- verifyCodeApplicationsPage -->
  <system-out/>
  <testcase classname="dsAlgoTests.StackTest" name="verifyCodeOperationsInStackPage" time="0.000">
    <skipped/>
  </testcase> <!-- verifyCodeOperationsInStackPage -->
  <system-out/>
  <testcase classname="dsAlgoTests.StackTest" name="verifyCodeApplicationsPage" time="0.000">
    <skipped/>
  </testcase> <!-- verifyCodeApplicationsPage -->
  <system-out/>
  <testcase classname="dsAlgoTests.StackTest" name="verifyCodeApplicationsPage" time="0.000">
    <skipped/>
  </testcase> <!-- verifyCodeApplicationsPage -->
  <system-out/>
  <testcase classname="dsAlgoTests.StackTest" name="verifyCodeOperationsInStackPage" time="0.000">
    <skipped/>
  </testcase> <!-- verifyCodeOperationsInStackPage -->
  <system-out/>
  <testcase classname="dsAlgoTests.StackTest" name="verifyCodeImplementationPage" time="0.000">
    <skipped/>
  </testcase> <!-- verifyCodeImplementationPage -->
  <system-out/>
  <testcase classname="dsAlgoTests.StackTest" name="verifyCodeApplicationsPage" time="0.000">
    <skipped/>
  </testcase> <!-- verifyCodeApplicationsPage -->
  <system-out/>
  <testcase classname="dsAlgoTests.StackTest" name="verifyCodeImplementationPage" time="0.000">
    <skipped/>
  </testcase> <!-- verifyCodeImplementationPage -->
  <system-out/>
  <testcase classname="dsAlgoTests.StackTest" name="verifyCodeImplementationPage" time="0.000">
    <skipped/>
  </testcase> <!-- verifyCodeImplementationPage -->
  <system-out/>
  <testcase classname="dsAlgoTests.StackTest" name="verifyCodeImplementationPage" time="0.000">
    <skipped/>
  </testcase> <!-- verifyCodeImplementationPage -->
  <system-out/>
  <testcase classname="dsAlgoTests.StackTest" name="verifyCodeOperationsInStackPage" time="0.000">
    <skipped/>
  </testcase> <!-- verifyCodeOperationsInStackPage -->
  <system-out/>
  <testcase classname="dsAlgoTests.StackTest" name="verifyCodeImplementationPage" time="0.000">
    <skipped/>
  </testcase> <!-- verifyCodeImplementationPage -->
  <system-out/>
  <testcase classname="dsAlgoTests.StackTest" name="verifyCodeImplementationPage" time="0.000">
    <skipped/>
  </testcase> <!-- verifyCodeImplementationPage -->
  <system-out/>
  <testcase classname="dsAlgoTests.StackTest" name="verifyCodeApplicationsPage" time="0.000">
    <skipped/>
  </testcase> <!-- verifyCodeApplicationsPage -->
  <system-out/>
  <testcase classname="dsAlgoTests.StackTest" name="verifyCodeOperationsInStackPage" time="0.000">
    <skipped/>
  </testcase> <!-- verifyCodeOperationsInStackPage -->
  <system-out/>
  <testcase classname="dsAlgoTests.StackTest" name="verifyCodeOperationsInStackPage" time="0.000">
    <skipped/>
  </testcase> <!-- verifyCodeOperationsInStackPage -->
  <system-out/>
  <testcase classname="dsAlgoTests.StackTest" name="verifyCodeOperationsInStackPage" time="0.000">
    <skipped/>
  </testcase> <!-- verifyCodeOperationsInStackPage -->
  <system-out/>
  <testcase classname="dsAlgoTests.StackTest" name="verifyCodeOperationsInStackPage" time="0.000">
    <skipped/>
  </testcase> <!-- verifyCodeOperationsInStackPage -->
  <system-out/>
  <testcase classname="dsAlgoTests.StackTest" name="verifyCodeApplicationsPage" time="0.000">
    <skipped/>
  </testcase> <!-- verifyCodeApplicationsPage -->
  <system-out/>
  <testcase classname="dsAlgoTests.StackTest" name="verifyCodeOperationsInStackPage" time="0.000">
    <skipped/>
  </testcase> <!-- verifyCodeOperationsInStackPage -->
  <system-out/>
  <testcase classname="dsAlgoTests.StackTest" name="verifyCodeOperationsInStackPage" time="0.000">
    <skipped/>
  </testcase> <!-- verifyCodeOperationsInStackPage -->
  <system-out/>
  <testcase classname="dsAlgoTests.StackTest" name="verifyCodeImplementationPage" time="0.000">
    <skipped/>
  </testcase> <!-- verifyCodeImplementationPage -->
  <system-out/>
  <testcase classname="dsAlgoTests.StackTest" name="verifyCodeOperationsInStackPage" time="0.000">
    <skipped/>
  </testcase> <!-- verifyCodeOperationsInStackPage -->
  <system-out/>
  <testcase classname="dsAlgoTests.StackTest" name="verifyCodeOperationsInStackPage" time="0.000">
    <skipped/>
  </testcase> <!-- verifyCodeOperationsInStackPage -->
  <system-out/>
  <testcase classname="dsAlgoTests.StackTest" name="verifyCodeImplementationPage" time="0.000">
    <skipped/>
  </testcase> <!-- verifyCodeImplementationPage -->
  <system-out/>
  <testcase classname="dsAlgoTests.StackTest" name="verifyCodeApplicationsPage" time="0.000">
    <skipped/>
  </testcase> <!-- verifyCodeApplicationsPage -->
  <system-out/>
  <testcase classname="dsAlgoTests.StackTest" name="verifyCodeOperationsInStackPage" time="0.000">
    <skipped/>
  </testcase> <!-- verifyCodeOperationsInStackPage -->
  <system-out/>
  <testcase classname="dsAlgoTests.StackTest" name="verifyCodeOperationsInStackPage" time="0.000">
    <skipped/>
  </testcase> <!-- verifyCodeOperationsInStackPage -->
  <system-out/>
  <testcase classname="dsAlgoTests.StackTest" name="verifyCodeOperationsInStackPage" time="0.000">
    <skipped/>
  </testcase> <!-- verifyCodeOperationsInStackPage -->
  <system-out/>
  <testcase classname="dsAlgoTests.StackTest" name="verifyCodeOperationsInStackPage" time="0.000">
    <skipped/>
  </testcase> <!-- verifyCodeOperationsInStackPage -->
  <system-out/>
  <testcase classname="dsAlgoTests.StackTest" name="verifyCodeOperationsInStackPage" time="0.000">
    <skipped/>
  </testcase> <!-- verifyCodeOperationsInStackPage -->
  <system-out/>
  <testcase classname="dsAlgoTests.StackTest" name="verifyCodeOperationsInStackPage" time="0.000">
    <skipped/>
  </testcase> <!-- verifyCodeOperationsInStackPage -->
  <system-out/>
  <testcase classname="dsAlgoTests.StackTest" name="verifyCodeImplementationPage" time="0.000">
    <skipped/>
  </testcase> <!-- verifyCodeImplementationPage -->
  <system-out/>
  <testcase classname="dsAlgoTests.StackTest" name="verifyCodeApplicationsPage" time="0.000">
    <skipped/>
  </testcase> <!-- verifyCodeApplicationsPage -->
  <system-out/>
  <testcase classname="dsAlgoTests.StackTest" name="verifyCodeApplicationsPage" time="0.000">
    <skipped/>
  </testcase> <!-- verifyCodeApplicationsPage -->
  <system-out/>
  <testcase classname="dsAlgoTests.StackTest" name="verifyCodeApplicationsPage" time="0.000">
    <skipped/>
  </testcase> <!-- verifyCodeApplicationsPage -->
  <system-out/>
  <testcase classname="dsAlgoTests.StackTest" name="verifyCodeOperationsInStackPage" time="0.000">
    <skipped/>
  </testcase> <!-- verifyCodeOperationsInStackPage -->
  <system-out/>
  <testcase classname="dsAlgoTests.StackTest" name="verifyCodeApplicationsPage" time="0.000">
    <skipped/>
  </testcase> <!-- verifyCodeApplicationsPage -->
  <system-out/>
  <testcase classname="dsAlgoTests.StackTest" name="verifyCodeImplementationPage" time="0.000">
    <skipped/>
  </testcase> <!-- verifyCodeImplementationPage -->
  <system-out/>
  <testcase classname="dsAlgoTests.StackTest" name="verifyCodeImplementationPage" time="0.000">
    <skipped/>
  </testcase> <!-- verifyCodeImplementationPage -->
  <system-out/>
  <testcase classname="dsAlgoTests.StackTest" name="verifyCodeOperationsInStackPage" time="0.000">
    <skipped/>
  </testcase> <!-- verifyCodeOperationsInStackPage -->
  <system-out/>
  <testcase classname="dsAlgoTests.StackTest" name="verifyCodeApplicationsPage" time="0.000">
    <skipped/>
  </testcase> <!-- verifyCodeApplicationsPage -->
  <system-out/>
  <testcase classname="dsAlgoTests.StackTest" name="verifyCodeImplementationPage" time="0.000">
    <skipped/>
  </testcase> <!-- verifyCodeImplementationPage -->
  <system-out/>
  <testcase classname="dsAlgoTests.StackTest" name="verifyCodeImplementationPage" time="0.000">
    <skipped/>
  </testcase> <!-- verifyCodeImplementationPage -->
  <system-out/>
  <testcase classname="dsAlgoTests.StackTest" name="verifyCodeApplicationsPage" time="0.000">
    <skipped/>
  </testcase> <!-- verifyCodeApplicationsPage -->
  <system-out/>
  <testcase classname="dsAlgoTests.StackTest" name="verifyCodeImplementationPage" time="0.000">
    <skipped/>
  </testcase> <!-- verifyCodeImplementationPage -->
  <system-out/>
  <testcase classname="dsAlgoTests.StackTest" name="verifyCodeOperationsInStackPage" time="0.000">
    <skipped/>
  </testcase> <!-- verifyCodeOperationsInStackPage -->
  <system-out/>
  <testcase classname="dsAlgoTests.StackTest" name="verifyCodeImplementationPage" time="0.000">
    <skipped/>
  </testcase> <!-- verifyCodeImplementationPage -->
  <system-out/>
  <testcase classname="dsAlgoTests.StackTest" name="verifyCodeOperationsInStackPage" time="0.000">
    <skipped/>
  </testcase> <!-- verifyCodeOperationsInStackPage -->
  <system-out/>
  <testcase classname="dsAlgoTests.StackTest" name="verifyCodeApplicationsPage" time="0.000">
    <skipped/>
  </testcase> <!-- verifyCodeApplicationsPage -->
  <system-out/>
  <testcase classname="dsAlgoTests.StackTest" name="verifyCodeImplementationPage" time="0.000">
    <skipped/>
  </testcase> <!-- verifyCodeImplementationPage -->
  <system-out/>
  <testcase classname="dsAlgoTests.StackTest" name="verifyCodeApplicationsPage" time="0.000">
    <skipped/>
  </testcase> <!-- verifyCodeApplicationsPage -->
  <system-out/>
  <testcase classname="dsAlgoTests.StackTest" name="verifyCodeOperationsInStackPage" time="0.000">
    <skipped/>
  </testcase> <!-- verifyCodeOperationsInStackPage -->
  <system-out/>
  <testcase classname="dsAlgoTests.StackTest" name="verifyCodeOperationsInStackPage" time="0.000">
    <skipped/>
  </testcase> <!-- verifyCodeOperationsInStackPage -->
  <system-out/>
  <testcase classname="dsAlgoTests.StackTest" name="verifyCodeImplementationPage" time="0.000">
    <skipped/>
  </testcase> <!-- verifyCodeImplementationPage -->
  <system-out/>
  <testcase classname="dsAlgoTests.StackTest" name="verifyCodeOperationsInStackPage" time="0.000">
    <skipped/>
  </testcase> <!-- verifyCodeOperationsInStackPage -->
  <system-out/>
  <testcase classname="dsAlgoTests.StackTest" name="verifyCodeOperationsInStackPage" time="0.000">
    <skipped/>
  </testcase> <!-- verifyCodeOperationsInStackPage -->
  <system-out/>
  <testcase classname="dsAlgoTests.StackTest" name="verifyCodeApplicationsPage" time="0.000">
    <skipped/>
  </testcase> <!-- verifyCodeApplicationsPage -->
  <system-out/>
  <testcase classname="dsAlgoTests.StackTest" name="verifyCodeImplementationPage" time="0.000">
    <skipped/>
  </testcase> <!-- verifyCodeImplementationPage -->
  <system-out/>
  <testcase classname="dsAlgoTests.StackTest" name="verifyCodeOperationsInStackPage" time="0.000">
    <skipped/>
  </testcase> <!-- verifyCodeOperationsInStackPage -->
  <system-out/>
  <testcase classname="dsAlgoTests.StackTest" name="verifyCodeImplementationPage" time="0.000">
    <skipped/>
  </testcase> <!-- verifyCodeImplementationPage -->
  <system-out/>
  <testcase classname="dsAlgoTests.StackTest" name="verifyCodeOperationsInStackPage" time="0.000">
    <skipped/>
  </testcase> <!-- verifyCodeOperationsInStackPage -->
  <system-out/>
  <testcase classname="dsAlgoTests.StackTest" name="verifyCodeOperationsInStackPage" time="0.000">
    <skipped/>
  </testcase> <!-- verifyCodeOperationsInStackPage -->
  <system-out/>
  <testcase classname="dsAlgoTests.StackTest" name="verifyCodeOperationsInStackPage" time="0.000">
    <skipped/>
  </testcase> <!-- verifyCodeOperationsInStackPage -->
  <system-out/>
  <testcase classname="dsAlgoTests.StackTest" name="verifyCodeOperationsInStackPage" time="0.000">
    <skipped/>
  </testcase> <!-- verifyCodeOperationsInStackPage -->
  <system-out/>
  <testcase classname="dsAlgoTests.StackTest" name="verifyCodeOperationsInStackPage" time="0.000">
    <skipped/>
  </testcase> <!-- verifyCodeOperationsInStackPage -->
  <system-out/>
  <testcase classname="dsAlgoTests.StackTest" name="verifyCodeOperationsInStackPage" time="0.000">
    <skipped/>
  </testcase> <!-- verifyCodeOperationsInStackPage -->
  <system-out/>
  <testcase classname="dsAlgoTests.StackTest" name="verifyCodeImplementationPage" time="0.000">
    <skipped/>
  </testcase> <!-- verifyCodeImplementationPage -->
  <system-out/>
  <testcase classname="dsAlgoTests.StackTest" name="verifyCodeOperationsInStackPage" time="0.000">
    <skipped/>
  </testcase> <!-- verifyCodeOperationsInStackPage -->
  <system-out/>
  <testcase classname="dsAlgoTests.StackTest" name="verifyCodeApplicationsPage" time="0.000">
    <skipped/>
  </testcase> <!-- verifyCodeApplicationsPage -->
  <system-out/>
  <testcase classname="dsAlgoTests.StackTest" name="verifyCodeApplicationsPage" time="0.000">
    <skipped/>
  </testcase> <!-- verifyCodeApplicationsPage -->
  <system-out/>
  <testcase classname="dsAlgoTests.StackTest" name="verifyCodeApplicationsPage" time="0.000">
    <skipped/>
  </testcase> <!-- verifyCodeApplicationsPage -->
  <system-out/>
  <testcase classname="dsAlgoTests.StackTest" name="verifyCodeApplicationsPage" time="0.000">
    <skipped/>
  </testcase> <!-- verifyCodeApplicationsPage -->
  <system-out/>
  <testcase classname="dsAlgoTests.StackTest" name="verifyCodeOperationsInStackPage" time="0.000">
    <skipped/>
  </testcase> <!-- verifyCodeOperationsInStackPage -->
  <system-out/>
  <testcase classname="dsAlgoTests.StackTest" name="verifyCodeImplementationPage" time="0.000">
    <skipped/>
  </testcase> <!-- verifyCodeImplementationPage -->
  <system-out/>
  <testcase classname="dsAlgoTests.StackTest" name="verifyCodeOperationsInStackPage" time="0.000">
    <skipped/>
  </testcase> <!-- verifyCodeOperationsInStackPage -->
  <system-out/>
  <testcase classname="dsAlgoTests.StackTest" name="verifyCodeOperationsInStackPage" time="0.000">
    <skipped/>
  </testcase> <!-- verifyCodeOperationsInStackPage -->
  <system-out/>
  <testcase classname="dsAlgoTests.StackTest" name="verifyCodeOperationsInStackPage" time="0.000">
    <skipped/>
  </testcase> <!-- verifyCodeOperationsInStackPage -->
  <system-out/>
  <testcase classname="dsAlgoTests.StackTest" name="verifyCodeImplementationPage" time="0.000">
    <skipped/>
  </testcase> <!-- verifyCodeImplementationPage -->
  <system-out/>
  <testcase classname="dsAlgoTests.StackTest" name="verifyCodeApplicationsPage" time="0.000">
    <skipped/>
  </testcase> <!-- verifyCodeApplicationsPage -->
  <system-out/>
  <testcase classname="dsAlgoTests.StackTest" name="verifyCodeApplicationsPage" time="0.000">
    <skipped/>
  </testcase> <!-- verifyCodeApplicationsPage -->
  <system-out/>
  <testcase classname="dsAlgoTests.StackTest" name="verifyCodeApplicationsPage" time="0.000">
    <skipped/>
  </testcase> <!-- verifyCodeApplicationsPage -->
  <system-out/>
  <testcase classname="dsAlgoTests.StackTest" name="verifyCodeImplementationPage" time="0.000">
    <skipped/>
  </testcase> <!-- verifyCodeImplementationPage -->
  <system-out/>
  <testcase classname="dsAlgoTests.StackTest" name="verifyCodeOperationsInStackPage" time="0.000">
    <skipped/>
  </testcase> <!-- verifyCodeOperationsInStackPage -->
  <system-out/>
  <testcase classname="dsAlgoTests.StackTest" name="verifyCodeImplementationPage" time="0.000">
    <skipped/>
  </testcase> <!-- verifyCodeImplementationPage -->
  <system-out/>
  <testcase classname="dsAlgoTests.StackTest" name="verifyCodeOperationsInStackPage" time="0.000">
    <skipped/>
  </testcase> <!-- verifyCodeOperationsInStackPage -->
  <system-out/>
  <testcase classname="dsAlgoTests.StackTest" name="verifyCodeApplicationsPage" time="0.000">
    <skipped/>
  </testcase> <!-- verifyCodeApplicationsPage -->
  <system-out/>
  <testcase classname="dsAlgoTests.StackTest" name="verifyCodeImplementationPage" time="0.000">
    <skipped/>
  </testcase> <!-- verifyCodeImplementationPage -->
  <system-out/>
  <testcase classname="dsAlgoTests.StackTest" name="verifyCodeImplementationPage" time="0.000">
    <skipped/>
  </testcase> <!-- verifyCodeImplementationPage -->
  <system-out/>
  <testcase classname="dsAlgoTests.StackTest" name="verifyCodeOperationsInStackPage" time="0.000">
    <skipped/>
  </testcase> <!-- verifyCodeOperationsInStackPage -->
  <system-out/>
  <testcase classname="dsAlgoTests.StackTest" name="verifyCodeApplicationsPage" time="0.000">
    <skipped/>
  </testcase> <!-- verifyCodeApplicationsPage -->
  <system-out/>
  <testcase classname="dsAlgoTests.StackTest" name="verifyCodeApplicationsPage" time="0.000">
    <skipped/>
  </testcase> <!-- verifyCodeApplicationsPage -->
  <system-out/>
  <testcase classname="dsAlgoTests.StackTest" name="verifyCodeApplicationsPage" time="0.000">
    <skipped/>
  </testcase> <!-- verifyCodeApplicationsPage -->
  <system-out/>
  <testcase classname="dsAlgoTests.StackTest" name="verifyCodeImplementationPage" time="0.000">
    <skipped/>
  </testcase> <!-- verifyCodeImplementationPage -->
  <system-out/>
  <testcase classname="dsAlgoTests.StackTest" name="verifyCodeOperationsInStackPage" time="0.000">
    <skipped/>
  </testcase> <!-- verifyCodeOperationsInStackPage -->
  <system-out/>
  <testcase classname="dsAlgoTests.StackTest" name="verifyCodeOperationsInStackPage" time="0.000">
    <skipped/>
  </testcase> <!-- verifyCodeOperationsInStackPage -->
  <system-out/>
  <testcase classname="dsAlgoTests.StackTest" name="verifyCodeImplementationPage" time="0.000">
    <skipped/>
  </testcase> <!-- verifyCodeImplementationPage -->
  <system-out/>
  <testcase classname="dsAlgoTests.StackTest" name="verifyCodeOperationsInStackPage" time="0.000">
    <skipped/>
  </testcase> <!-- verifyCodeOperationsInStackPage -->
  <system-out/>
  <testcase classname="dsAlgoTests.StackTest" name="verifyCodeOperationsInStackPage" time="0.000">
    <skipped/>
  </testcase> <!-- verifyCodeOperationsInStackPage -->
  <system-out/>
  <testcase classname="dsAlgoTests.StackTest" name="verifyCodeOperationsInStackPage" time="0.000">
    <skipped/>
  </testcase> <!-- verifyCodeOperationsInStackPage -->
  <system-out/>
  <testcase classname="dsAlgoTests.StackTest" name="verifyCodeApplicationsPage" time="0.000">
    <skipped/>
  </testcase> <!-- verifyCodeApplicationsPage -->
  <system-out/>
  <testcase classname="dsAlgoTests.StackTest" name="verifyCodeApplicationsPage" time="0.000">
    <skipped/>
  </testcase> <!-- verifyCodeApplicationsPage -->
  <system-out/>
  <testcase classname="dsAlgoTests.StackTest" name="verifyCodeOperationsInStackPage" time="0.000">
    <skipped/>
  </testcase> <!-- verifyCodeOperationsInStackPage -->
  <system-out/>
  <testcase classname="dsAlgoTests.StackTest" name="verifyCodeOperationsInStackPage" time="0.000">
    <skipped/>
  </testcase> <!-- verifyCodeOperationsInStackPage -->
  <system-out/>
  <testcase classname="dsAlgoTests.StackTest" name="verifyCodeImplementationPage" time="0.000">
    <skipped/>
  </testcase> <!-- verifyCodeImplementationPage -->
  <system-out/>
  <testcase classname="dsAlgoTests.StackTest" name="verifyCodeApplicationsPage" time="0.000">
    <skipped/>
  </testcase> <!-- verifyCodeApplicationsPage -->
  <system-out/>
  <testcase classname="dsAlgoTests.StackTest" name="verifyCodeApplicationsPage" time="0.000">
    <skipped/>
  </testcase> <!-- verifyCodeApplicationsPage -->
  <system-out/>
  <testcase classname="dsAlgoTests.StackTest" name="verifyCodeImplementationPage" time="0.000">
    <skipped/>
  </testcase> <!-- verifyCodeImplementationPage -->
  <system-out/>
  <testcase classname="dsAlgoTests.StackTest" name="verifyCodeApplicationsPage" time="0.000">
    <skipped/>
  </testcase> <!-- verifyCodeApplicationsPage -->
  <system-out/>
  <testcase classname="dsAlgoTests.StackTest" name="verifyCodeImplementationPage" time="0.000">
    <skipped/>
  </testcase> <!-- verifyCodeImplementationPage -->
  <system-out/>
  <testcase classname="dsAlgoTests.StackTest" name="verifyCodeApplicationsPage" time="0.000">
    <skipped/>
  </testcase> <!-- verifyCodeApplicationsPage -->
  <system-out/>
  <testcase classname="dsAlgoTests.StackTest" name="verifyCodeImplementationPage" time="0.000">
    <skipped/>
  </testcase> <!-- verifyCodeImplementationPage -->
  <system-out/>
  <testcase classname="dsAlgoTests.StackTest" name="verifyCodeOperationsInStackPage" time="0.000">
    <skipped/>
  </testcase> <!-- verifyCodeOperationsInStackPage -->
  <system-out/>
  <testcase classname="dsAlgoTests.StackTest" name="verifyCodeApplicationsPage" time="0.000">
    <skipped/>
  </testcase> <!-- verifyCodeApplicationsPage -->
  <system-out/>
  <testcase classname="dsAlgoTests.StackTest" name="verifyCodeOperationsInStackPage" time="0.000">
    <skipped/>
  </testcase> <!-- verifyCodeOperationsInStackPage -->
  <system-out/>
  <testcase classname="dsAlgoTests.StackTest" name="verifyCodeApplicationsPage" time="0.000">
    <skipped/>
  </testcase> <!-- verifyCodeApplicationsPage -->
  <system-out/>
  <testcase classname="dsAlgoTests.StackTest" name="verifyCodeOperationsInStackPage" time="0.000">
    <skipped/>
  </testcase> <!-- verifyCodeOperationsInStackPage -->
  <system-out/>
  <testcase classname="dsAlgoTests.StackTest" name="verifyCodeApplicationsPage" time="0.000">
    <skipped/>
  </testcase> <!-- verifyCodeApplicationsPage -->
  <system-out/>
  <testcase classname="dsAlgoTests.StackTest" name="verifyCodeOperationsInStackPage" time="0.000">
    <skipped/>
  </testcase> <!-- verifyCodeOperationsInStackPage -->
  <system-out/>
  <testcase classname="dsAlgoTests.StackTest" name="verifyCodeOperationsInStackPage" time="0.000">
    <skipped/>
  </testcase> <!-- verifyCodeOperationsInStackPage -->
  <system-out/>
  <testcase classname="dsAlgoTests.StackTest" name="verifyCodeImplementationPage" time="0.000">
    <skipped/>
  </testcase> <!-- verifyCodeImplementationPage -->
  <system-out/>
  <testcase classname="dsAlgoTests.StackTest" name="verifyCodeOperationsInStackPage" time="0.000">
    <skipped/>
  </testcase> <!-- verifyCodeOperationsInStackPage -->
  <system-out/>
  <testcase classname="dsAlgoTests.StackTest" name="verifyCodeApplicationsPage" time="0.000">
    <skipped/>
  </testcase> <!-- verifyCodeApplicationsPage -->
  <system-out/>
  <testcase classname="dsAlgoTests.StackTest" name="verifyCodeOperationsInStackPage" time="0.000">
    <skipped/>
  </testcase> <!-- verifyCodeOperationsInStackPage -->
  <system-out/>
  <testcase classname="dsAlgoTests.StackTest" name="verifyCodeOperationsInStackPage" time="0.000">
    <skipped/>
  </testcase> <!-- verifyCodeOperationsInStackPage -->
  <system-out/>
  <testcase classname="dsAlgoTests.StackTest" name="verifyCodeApplicationsPage" time="0.000">
    <skipped/>
  </testcase> <!-- verifyCodeApplicationsPage -->
  <system-out/>
  <testcase classname="dsAlgoTests.StackTest" name="verifyCodeOperationsInStackPage" time="0.000">
    <skipped/>
  </testcase> <!-- verifyCodeOperationsInStackPage -->
  <system-out/>
  <testcase classname="dsAlgoTests.StackTest" name="verifyCodeApplicationsPage" time="0.000">
    <skipped/>
  </testcase> <!-- verifyCodeApplicationsPage -->
  <system-out/>
  <testcase classname="dsAlgoTests.StackTest" name="verifyCodeApplicationsPage" time="0.000">
    <skipped/>
  </testcase> <!-- verifyCodeApplicationsPage -->
  <system-out/>
  <testcase classname="dsAlgoTests.StackTest" name="verifyCodeApplicationsPage" time="0.000">
    <skipped/>
  </testcase> <!-- verifyCodeApplicationsPage -->
  <system-out/>
  <testcase classname="dsAlgoTests.StackTest" name="verifyCodeImplementationPage" time="0.000">
    <skipped/>
  </testcase> <!-- verifyCodeImplementationPage -->
  <system-out/>
  <testcase classname="dsAlgoTests.StackTest" name="verifyCodeOperationsInStackPage" time="0.000">
    <skipped/>
  </testcase> <!-- verifyCodeOperationsInStackPage -->
  <system-out/>
  <testcase classname="dsAlgoTests.StackTest" name="verifyCodeImplementationPage" time="0.000">
    <skipped/>
  </testcase> <!-- verifyCodeImplementationPage -->
  <system-out/>
  <testcase classname="dsAlgoTests.StackTest" name="verifyCodeApplicationsPage" time="0.000">
    <skipped/>
  </testcase> <!-- verifyCodeApplicationsPage -->
  <system-out/>
  <testcase classname="dsAlgoTests.StackTest" name="verifyCodeApplicationsPage" time="0.000">
    <skipped/>
  </testcase> <!-- verifyCodeApplicationsPage -->
  <system-out/>
  <testcase classname="dsAlgoTests.StackTest" name="verifyCodeApplicationsPage" time="0.000">
    <skipped/>
  </testcase> <!-- verifyCodeApplicationsPage -->
  <system-out/>
  <testcase classname="dsAlgoTests.StackTest" name="verifyCodeApplicationsPage" time="0.000">
    <skipped/>
  </testcase> <!-- verifyCodeApplicationsPage -->
  <system-out/>
  <testcase classname="dsAlgoTests.StackTest" name="verifyCodeApplicationsPage" time="0.000">
    <skipped/>
  </testcase> <!-- verifyCodeApplicationsPage -->
  <system-out/>
  <testcase classname="dsAlgoTests.StackTest" name="verifyCodeApplicationsPage" time="0.000">
    <skipped/>
  </testcase> <!-- verifyCodeApplicationsPage -->
  <system-out/>
  <testcase classname="dsAlgoTests.StackTest" name="verifyCodeOperationsInStackPage" time="0.000">
    <skipped/>
  </testcase> <!-- verifyCodeOperationsInStackPage -->
  <system-out/>
  <testcase classname="dsAlgoTests.StackTest" name="verifyCodeImplementationPage" time="0.000">
    <skipped/>
  </testcase> <!-- verifyCodeImplementationPage -->
  <system-out/>
  <testcase classname="dsAlgoTests.StackTest" name="verifyCodeOperationsInStackPage" time="0.000">
    <skipped/>
  </testcase> <!-- verifyCodeOperationsInStackPage -->
  <system-out/>
  <testcase classname="dsAlgoTests.StackTest" name="verifyCodeImplementationPage" time="0.000">
    <skipped/>
  </testcase> <!-- verifyCodeImplementationPage -->
  <system-out/>
  <testcase classname="dsAlgoTests.StackTest" name="verifyCodeApplicationsPage" time="0.000">
    <skipped/>
  </testcase> <!-- verifyCodeApplicationsPage -->
  <system-out/>
  <testcase classname="dsAlgoTests.StackTest" name="verifyCodeImplementationPage" time="0.000">
    <skipped/>
  </testcase> <!-- verifyCodeImplementationPage -->
  <system-out/>
  <testcase classname="dsAlgoTests.StackTest" name="verifyCodeOperationsInStackPage" time="0.000">
    <skipped/>
  </testcase> <!-- verifyCodeOperationsInStackPage -->
  <system-out/>
  <testcase classname="dsAlgoTests.StackTest" name="verifyCodeImplementationPage" time="0.000">
    <skipped/>
  </testcase> <!-- verifyCodeImplementationPage -->
  <system-out/>
  <testcase classname="dsAlgoTests.StackTest" name="verifyCodeApplicationsPage" time="0.000">
    <skipped/>
  </testcase> <!-- verifyCodeApplicationsPage -->
  <system-out/>
  <testcase classname="dsAlgoTests.StackTest" name="verifyCodeApplicationsPage" time="0.000">
    <skipped/>
  </testcase> <!-- verifyCodeApplicationsPage -->
  <system-out/>
  <testcase classname="dsAlgoTests.StackTest" name="verifyCodeApplicationsPage" time="0.000">
    <skipped/>
  </testcase> <!-- verifyCodeApplicationsPage -->
  <system-out/>
  <testcase classname="dsAlgoTests.StackTest" name="verifyCodeApplicationsPage" time="0.000">
    <skipped/>
  </testcase> <!-- verifyCodeApplicationsPage -->
  <system-out/>
  <testcase classname="dsAlgoTests.StackTest" name="verifyCodeApplicationsPage" time="0.000">
    <skipped/>
  </testcase> <!-- verifyCodeApplicationsPage -->
  <system-out/>
  <testcase classname="dsAlgoTests.StackTest" name="verifyCodeApplicationsPage" time="0.000">
    <skipped/>
  </testcase> <!-- verifyCodeApplicationsPage -->
  <system-out/>
  <testcase classname="dsAlgoTests.StackTest" name="verifyCodeApplicationsPage" time="0.000">
    <skipped/>
  </testcase> <!-- verifyCodeApplicationsPage -->
  <system-out/>
  <testcase classname="dsAlgoTests.StackTest" name="verifyCodeImplementationPage" time="0.000">
    <skipped/>
  </testcase> <!-- verifyCodeImplementationPage -->
  <system-out/>
  <testcase classname="dsAlgoTests.StackTest" name="verifyCodeOperationsInStackPage" time="0.000">
    <skipped/>
  </testcase> <!-- verifyCodeOperationsInStackPage -->
  <system-out/>
  <testcase classname="dsAlgoTests.StackTest" name="verifyCodeImplementationPage" time="0.000">
    <skipped/>
  </testcase> <!-- verifyCodeImplementationPage -->
  <system-out/>
  <testcase classname="dsAlgoTests.StackTest" name="verifyCodeImplementationPage" time="0.000">
    <skipped/>
  </testcase> <!-- verifyCodeImplementationPage -->
  <system-out/>
  <testcase classname="dsAlgoTests.StackTest" name="verifyCodeImplementationPage" time="0.000">
    <skipped/>
  </testcase> <!-- verifyCodeImplementationPage -->
  <system-out/>
  <testcase classname="dsAlgoTests.StackTest" name="verifyCodeImplementationPage" time="0.000">
    <skipped/>
  </testcase> <!-- verifyCodeImplementationPage -->
  <system-out/>
  <testcase classname="dsAlgoTests.StackTest" name="verifyCodeOperationsInStackPage" time="0.000">
    <skipped/>
  </testcase> <!-- verifyCodeOperationsInStackPage -->
  <system-out/>
  <testcase classname="dsAlgoTests.StackTest" name="verifyCodeApplicationsPage" time="0.000">
    <skipped/>
  </testcase> <!-- verifyCodeApplicationsPage -->
  <system-out/>
  <testcase classname="dsAlgoTests.StackTest" name="verifyCodeOperationsInStackPage" time="0.000">
    <skipped/>
  </testcase> <!-- verifyCodeOperationsInStackPage -->
  <system-out/>
  <testcase classname="dsAlgoTests.StackTest" name="verifyCodeApplicationsPage" time="0.000">
    <skipped/>
  </testcase> <!-- verifyCodeApplicationsPage -->
  <system-out/>
  <testcase classname="dsAlgoTests.StackTest" name="verifyCodeImplementationPage" time="0.000">
    <skipped/>
  </testcase> <!-- verifyCodeImplementationPage -->
  <system-out/>
  <testcase classname="dsAlgoTests.StackTest" name="verifyCodeOperationsInStackPage" time="0.000">
    <skipped/>
  </testcase> <!-- verifyCodeOperationsInStackPage -->
  <system-out/>
  <testcase classname="dsAlgoTests.StackTest" name="verifyCodeApplicationsPage" time="0.000">
    <skipped/>
  </testcase> <!-- verifyCodeApplicationsPage -->
  <system-out/>
  <testcase classname="dsAlgoTests.StackTest" name="verifyCodeApplicationsPage" time="0.000">
    <skipped/>
  </testcase> <!-- verifyCodeApplicationsPage -->
  <system-out/>
  <testcase classname="dsAlgoTests.StackTest" name="verifyCodeOperationsInStackPage" time="0.000">
    <skipped/>
  </testcase> <!-- verifyCodeOperationsInStackPage -->
  <system-out/>
  <testcase classname="dsAlgoTests.StackTest" name="verifyCodeImplementationPage" time="0.000">
    <skipped/>
  </testcase> <!-- verifyCodeImplementationPage -->
  <system-out/>
  <testcase classname="dsAlgoTests.StackTest" name="verifyCodeApplicationsPage" time="0.000">
    <skipped/>
  </testcase> <!-- verifyCodeApplicationsPage -->
  <system-out/>
  <testcase classname="dsAlgoTests.StackTest" name="verifyCodeImplementationPage" time="0.000">
    <skipped/>
  </testcase> <!-- verifyCodeImplementationPage -->
  <system-out/>
  <testcase classname="dsAlgoTests.StackTest" name="verifyCodeApplicationsPage" time="0.000">
    <skipped/>
  </testcase> <!-- verifyCodeApplicationsPage -->
  <system-out/>
  <testcase classname="dsAlgoTests.StackTest" name="verifyCodeImplementationPage" time="0.000">
    <skipped/>
  </testcase> <!-- verifyCodeImplementationPage -->
  <system-out/>
  <testcase classname="dsAlgoTests.StackTest" name="verifyCodeImplementationPage" time="0.000">
    <skipped/>
  </testcase> <!-- verifyCodeImplementationPage -->
  <system-out/>
  <testcase classname="dsAlgoTests.StackTest" name="verifyCodeApplicationsPage" time="0.000">
    <skipped/>
  </testcase> <!-- verifyCodeApplicationsPage -->
  <system-out/>
  <testcase classname="dsAlgoTests.StackTest" name="verifyCodeOperationsInStackPage" time="0.000">
    <skipped/>
  </testcase> <!-- verifyCodeOperationsInStackPage -->
  <system-out/>
  <testcase classname="dsAlgoTests.StackTest" name="verifyCodeImplementationPage" time="0.000">
    <skipped/>
  </testcase> <!-- verifyCodeImplementationPage -->
  <system-out/>
  <testcase classname="dsAlgoTests.StackTest" name="verifyCodeApplicationsPage" time="0.000">
    <skipped/>
  </testcase> <!-- verifyCodeApplicationsPage -->
  <system-out/>
  <testcase classname="dsAlgoTests.StackTest" name="verifyCodeApplicationsPage" time="0.000">
    <skipped/>
  </testcase> <!-- verifyCodeApplicationsPage -->
  <system-out/>
  <testcase classname="dsAlgoTests.StackTest" name="verifyCodeApplicationsPage" time="0.000">
    <skipped/>
  </testcase> <!-- verifyCodeApplicationsPage -->
  <system-out/>
  <testcase classname="dsAlgoTests.StackTest" name="verifyCodeOperationsInStackPage" time="0.000">
    <skipped/>
  </testcase> <!-- verifyCodeOperationsInStackPage -->
  <system-out/>
  <testcase classname="dsAlgoTests.StackTest" name="verifyCodeOperationsInStackPage" time="0.000">
    <skipped/>
  </testcase> <!-- verifyCodeOperationsInStackPage -->
  <system-out/>
  <testcase classname="dsAlgoTests.StackTest" name="verifyCodeApplicationsPage" time="0.000">
    <skipped/>
  </testcase> <!-- verifyCodeApplicationsPage -->
  <system-out/>
  <testcase classname="dsAlgoTests.StackTest" name="verifyCodeApplicationsPage" time="0.000">
    <skipped/>
  </testcase> <!-- verifyCodeApplicationsPage -->
  <system-out/>
  <testcase classname="dsAlgoTests.StackTest" name="verifyCodeApplicationsPage" time="0.000">
    <skipped/>
  </testcase> <!-- verifyCodeApplicationsPage -->
  <system-out/>
  <testcase classname="dsAlgoTests.StackTest" name="verifyCodeOperationsInStackPage" time="0.000">
    <skipped/>
  </testcase> <!-- verifyCodeOperationsInStackPage -->
  <system-out/>
  <testcase classname="dsAlgoTests.StackTest" name="verifyCodeApplicationsPage" time="0.000">
    <skipped/>
  </testcase> <!-- verifyCodeApplicationsPage -->
  <system-out/>
  <testcase classname="dsAlgoTests.StackTest" name="verifyCodeOperationsInStackPage" time="0.000">
    <skipped/>
  </testcase> <!-- verifyCodeOperationsInStackPage -->
  <system-out/>
  <testcase classname="dsAlgoTests.StackTest" name="verifyCodeApplicationsPage" time="0.000">
    <skipped/>
  </testcase> <!-- verifyCodeApplicationsPage -->
  <system-out/>
  <testcase classname="dsAlgoTests.StackTest" name="verifyCodeImplementationPage" time="0.000">
    <skipped/>
  </testcase> <!-- verifyCodeImplementationPage -->
  <system-out/>
  <testcase classname="dsAlgoTests.StackTest" name="verifyCodeApplicationsPage" time="0.000">
    <skipped/>
  </testcase> <!-- verifyCodeApplicationsPage -->
  <system-out/>
  <testcase classname="dsAlgoTests.StackTest" name="verifyCodeApplicationsPage" time="0.000">
    <skipped/>
  </testcase> <!-- verifyCodeApplicationsPage -->
  <system-out/>
  <testcase classname="dsAlgoTests.StackTest" name="verifyCodeImplementationPage" time="0.000">
    <skipped/>
  </testcase> <!-- verifyCodeImplementationPage -->
  <system-out/>
  <testcase classname="dsAlgoTests.StackTest" name="verifyCodeOperationsInStackPage" time="0.000">
    <skipped/>
  </testcase> <!-- verifyCodeOperationsInStackPage -->
  <system-out/>
  <testcase classname="dsAlgoTests.StackTest" name="verifyCodeOperationsInStackPage" time="0.000">
    <skipped/>
  </testcase> <!-- verifyCodeOperationsInStackPage -->
  <system-out/>
  <testcase classname="dsAlgoTests.StackTest" name="verifyCodeApplicationsPage" time="0.000">
    <skipped/>
  </testcase> <!-- verifyCodeApplicationsPage -->
  <system-out/>
  <testcase classname="dsAlgoTests.StackTest" name="verifyCodeOperationsInStackPage" time="0.000">
    <skipped/>
  </testcase> <!-- verifyCodeOperationsInStackPage -->
  <system-out/>
  <testcase classname="dsAlgoTests.StackTest" name="verifyCodeApplicationsPage" time="0.000">
    <skipped/>
  </testcase> <!-- verifyCodeApplicationsPage -->
  <system-out/>
  <testcase classname="dsAlgoTests.StackTest" name="verifyCodeImplementationPage" time="0.000">
    <skipped/>
  </testcase> <!-- verifyCodeImplementationPage -->
  <system-out/>
  <testcase classname="dsAlgoTests.StackTest" name="verifyCodeApplicationsPage" time="0.000">
    <skipped/>
  </testcase> <!-- verifyCodeApplicationsPage -->
  <system-out/>
  <testcase classname="dsAlgoTests.StackTest" name="verifyCodeOperationsInStackPage" time="0.000">
    <skipped/>
  </testcase> <!-- verifyCodeOperationsInStackPage -->
  <system-out/>
  <testcase classname="dsAlgoTests.StackTest" name="verifyCodeOperationsInStackPage" time="0.000">
    <skipped/>
  </testcase> <!-- verifyCodeOperationsInStackPage -->
  <system-out/>
  <testcase classname="dsAlgoTests.StackTest" name="verifyCodeApplicationsPage" time="0.000">
    <skipped/>
  </testcase> <!-- verifyCodeApplicationsPage -->
  <system-out/>
  <testcase classname="dsAlgoTests.StackTest" name="verifyCodeImplementationPage" time="0.000">
    <skipped/>
  </testcase> <!-- verifyCodeImplementationPage -->
  <system-out/>
  <testcase classname="dsAlgoTests.StackTest" name="verifyCodeImplementationPage" time="0.000">
    <skipped/>
  </testcase> <!-- verifyCodeImplementationPage -->
  <system-out/>
  <testcase classname="dsAlgoTests.StackTest" name="verifyCodeOperationsInStackPage" time="0.000">
    <skipped/>
  </testcase> <!-- verifyCodeOperationsInStackPage -->
  <system-out/>
  <testcase classname="dsAlgoTests.StackTest" name="verifyCodeApplicationsPage" time="0.000">
    <skipped/>
  </testcase> <!-- verifyCodeApplicationsPage -->
  <system-out/>
  <testcase classname="dsAlgoTests.StackTest" name="verifyCodeOperationsInStackPage" time="0.000">
    <skipped/>
  </testcase> <!-- verifyCodeOperationsInStackPage -->
  <system-out/>
  <testcase classname="dsAlgoTests.StackTest" name="verifyCodeOperationsInStackPage" time="0.000">
    <skipped/>
  </testcase> <!-- verifyCodeOperationsInStackPage -->
  <system-out/>
  <testcase classname="dsAlgoTests.StackTest" name="verifyCodeOperationsInStackPage" time="0.000">
    <skipped/>
  </testcase> <!-- verifyCodeOperationsInStackPage -->
  <system-out/>
  <testcase classname="dsAlgoTests.StackTest" name="verifyCodeApplicationsPage" time="0.000">
    <skipped/>
  </testcase> <!-- verifyCodeApplicationsPage -->
  <system-out/>
  <testcase classname="dsAlgoTests.StackTest" name="verifyCodeApplicationsPage" time="0.000">
    <skipped/>
  </testcase> <!-- verifyCodeApplicationsPage -->
  <system-out/>
  <testcase classname="dsAlgoTests.StackTest" name="verifyCodeImplementationPage" time="0.000">
    <skipped/>
  </testcase> <!-- verifyCodeImplementationPage -->
  <system-out/>
  <testcase classname="dsAlgoTests.StackTest" name="verifyCodeApplicationsPage" time="0.000">
    <skipped/>
  </testcase> <!-- verifyCodeApplicationsPage -->
  <system-out/>
  <testcase classname="dsAlgoTests.StackTest" name="verifyCodeApplicationsPage" time="0.000">
    <skipped/>
  </testcase> <!-- verifyCodeApplicationsPage -->
  <system-out/>
  <testcase classname="dsAlgoTests.StackTest" name="verifyCodeImplementationPage" time="0.000">
    <skipped/>
  </testcase> <!-- verifyCodeImplementationPage -->
  <system-out/>
  <testcase classname="dsAlgoTests.StackTest" name="verifyCodeImplementationPage" time="0.000">
    <skipped/>
  </testcase> <!-- verifyCodeImplementationPage -->
  <system-out/>
  <testcase classname="dsAlgoTests.StackTest" name="verifyCodeApplicationsPage" time="0.000">
    <skipped/>
  </testcase> <!-- verifyCodeApplicationsPage -->
  <system-out/>
  <testcase classname="dsAlgoTests.StackTest" name="verifyCodeOperationsInStackPage" time="0.000">
    <skipped/>
  </testcase> <!-- verifyCodeOperationsInStackPage -->
  <system-out/>
  <testcase classname="dsAlgoTests.StackTest" name="verifyCodeImplementationPage" time="0.000">
    <skipped/>
  </testcase> <!-- verifyCodeImplementationPage -->
  <system-out/>
  <testcase classname="dsAlgoTests.StackTest" name="verifyCodeImplementationPage" time="0.000">
    <skipped/>
  </testcase> <!-- verifyCodeImplementationPage -->
  <system-out/>
  <testcase classname="dsAlgoTests.StackTest" name="verifyCodeApplicationsPage" time="0.000">
    <skipped/>
  </testcase> <!-- verifyCodeApplicationsPage -->
  <system-out/>
  <testcase classname="dsAlgoTests.StackTest" name="verifyCodeImplementationPage" time="0.000">
    <skipped/>
  </testcase> <!-- verifyCodeImplementationPage -->
  <system-out/>
  <testcase classname="dsAlgoTests.StackTest" name="verifyCodeImplementationPage" time="0.000">
    <skipped/>
  </testcase> <!-- verifyCodeImplementationPage -->
  <system-out/>
  <testcase classname="dsAlgoTests.StackTest" name="verifyCodeImplementationPage" time="0.000">
    <skipped/>
  </testcase> <!-- verifyCodeImplementationPage -->
  <system-out/>
  <testcase classname="dsAlgoTests.StackTest" name="verifyCodeApplicationsPage" time="0.000">
    <skipped/>
  </testcase> <!-- verifyCodeApplicationsPage -->
  <system-out/>
  <testcase classname="dsAlgoTests.StackTest" name="verifyCodeOperationsInStackPage" time="0.000">
    <skipped/>
  </testcase> <!-- verifyCodeOperationsInStackPage -->
  <system-out/>
  <testcase classname="dsAlgoTests.StackTest" name="verifyCodeImplementationPage" time="0.000">
    <skipped/>
  </testcase> <!-- verifyCodeImplementationPage -->
  <system-out/>
  <testcase classname="dsAlgoTests.StackTest" name="verifyCodeApplicationsPage" time="0.000">
    <skipped/>
  </testcase> <!-- verifyCodeApplicationsPage -->
  <system-out/>
  <testcase classname="dsAlgoTests.StackTest" name="verifyCodeImplementationPage" time="0.000">
    <skipped/>
  </testcase> <!-- verifyCodeImplementationPage -->
  <system-out/>
  <testcase classname="dsAlgoTests.StackTest" name="verifyCodeOperationsInStackPage" time="0.000">
    <skipped/>
  </testcase> <!-- verifyCodeOperationsInStackPage -->
  <system-out/>
  <testcase classname="dsAlgoTests.StackTest" name="verifyCodeOperationsInStackPage" time="0.000">
    <skipped/>
  </testcase> <!-- verifyCodeOperationsInStackPage -->
  <system-out/>
  <testcase classname="dsAlgoTests.StackTest" name="verifyCodeOperationsInStackPage" time="0.000">
    <skipped/>
  </testcase> <!-- verifyCodeOperationsInStackPage -->
  <system-out/>
  <testcase classname="dsAlgoTests.StackTest" name="verifyCodeApplicationsPage" time="0.000">
    <skipped/>
  </testcase> <!-- verifyCodeApplicationsPage -->
  <system-out/>
  <testcase classname="dsAlgoTests.StackTest" name="verifyCodeImplementationPage" time="0.000">
    <skipped/>
  </testcase> <!-- verifyCodeImplementationPage -->
  <system-out/>
  <testcase classname="dsAlgoTests.StackTest" name="verifyCodeOperationsInStackPage" time="0.000">
    <skipped/>
  </testcase> <!-- verifyCodeOperationsInStackPage -->
  <system-out/>
  <testcase classname="dsAlgoTests.StackTest" name="verifyCodeApplicationsPage" time="0.000">
    <skipped/>
  </testcase> <!-- verifyCodeApplicationsPage -->
  <system-out/>
  <testcase classname="dsAlgoTests.StackTest" name="verifyCodeImplementationPage" time="0.000">
    <skipped/>
  </testcase> <!-- verifyCodeImplementationPage -->
  <system-out/>
  <testcase classname="dsAlgoTests.StackTest" name="verifyCodeOperationsInStackPage" time="0.000">
    <skipped/>
  </testcase> <!-- verifyCodeOperationsInStackPage -->
  <system-out/>
  <testcase classname="dsAlgoTests.StackTest" name="verifyCodeApplicationsPage" time="0.000">
    <skipped/>
  </testcase> <!-- verifyCodeApplicationsPage -->
  <system-out/>
  <testcase classname="dsAlgoTests.StackTest" name="verifyCodeImplementationPage" time="0.000">
    <skipped/>
  </testcase> <!-- verifyCodeImplementationPage -->
  <system-out/>
  <testcase classname="dsAlgoTests.StackTest" name="verifyCodeApplicationsPage" time="0.000">
    <skipped/>
  </testcase> <!-- verifyCodeApplicationsPage -->
  <system-out/>
  <testcase classname="dsAlgoTests.StackTest" name="verifyCodeImplementationPage" time="0.000">
    <skipped/>
  </testcase> <!-- verifyCodeImplementationPage -->
  <system-out/>
  <testcase classname="dsAlgoTests.StackTest" name="verifyCodeOperationsInStackPage" time="0.000">
    <skipped/>
  </testcase> <!-- verifyCodeOperationsInStackPage -->
  <system-out/>
  <testcase classname="dsAlgoTests.StackTest" name="verifyCodeApplicationsPage" time="0.000">
    <skipped/>
  </testcase> <!-- verifyCodeApplicationsPage -->
  <system-out/>
  <testcase classname="dsAlgoTests.StackTest" name="verifyCodeImplementationPage" time="0.000">
    <skipped/>
  </testcase> <!-- verifyCodeImplementationPage -->
  <system-out/>
  <testcase classname="dsAlgoTests.StackTest" name="verifyCodeApplicationsPage" time="0.000">
    <skipped/>
  </testcase> <!-- verifyCodeApplicationsPage -->
  <system-out/>
  <testcase classname="dsAlgoTests.StackTest" name="verifyCodeOperationsInStackPage" time="0.000">
    <skipped/>
  </testcase> <!-- verifyCodeOperationsInStackPage -->
  <system-out/>
  <testcase classname="dsAlgoTests.StackTest" name="verifyCodeImplementationPage" time="0.000">
    <skipped/>
  </testcase> <!-- verifyCodeImplementationPage -->
  <system-out/>
  <testcase classname="dsAlgoTests.StackTest" name="verifyCodeApplicationsPage" time="0.000">
    <skipped/>
  </testcase> <!-- verifyCodeApplicationsPage -->
  <system-out/>
  <testcase classname="dsAlgoTests.StackTest" name="verifyCodeImplementationPage" time="0.000">
    <skipped/>
  </testcase> <!-- verifyCodeImplementationPage -->
  <system-out/>
  <testcase classname="dsAlgoTests.StackTest" name="verifyCodeImplementationPage" time="0.000">
    <skipped/>
  </testcase> <!-- verifyCodeImplementationPage -->
  <system-out/>
  <testcase classname="dsAlgoTests.StackTest" name="verifyCodeApplicationsPage" time="0.000">
    <skipped/>
  </testcase> <!-- verifyCodeApplicationsPage -->
  <system-out/>
  <testcase classname="dsAlgoTests.StackTest" name="verifyCodeOperationsInStackPage" time="0.000">
    <skipped/>
  </testcase> <!-- verifyCodeOperationsInStackPage -->
  <system-out/>
  <testcase classname="dsAlgoTests.StackTest" name="verifyCodeOperationsInStackPage" time="0.000">
    <skipped/>
  </testcase> <!-- verifyCodeOperationsInStackPage -->
  <system-out/>
  <testcase classname="dsAlgoTests.StackTest" name="verifyCodeImplementationPage" time="0.000">
    <skipped/>
  </testcase> <!-- verifyCodeImplementationPage -->
  <system-out/>
  <testcase classname="dsAlgoTests.StackTest" name="verifyCodeImplementationPage" time="0.000">
    <skipped/>
  </testcase> <!-- verifyCodeImplementationPage -->
  <system-out/>
  <testcase classname="dsAlgoTests.StackTest" name="verifyCodeImplementationPage" time="0.000">
    <skipped/>
  </testcase> <!-- verifyCodeImplementationPage -->
  <system-out/>
  <testcase classname="dsAlgoTests.StackTest" name="verifyCodeApplicationsPage" time="0.000">
    <skipped/>
  </testcase> <!-- verifyCodeApplicationsPage -->
  <system-out/>
  <testcase classname="dsAlgoTests.StackTest" name="verifyCodeApplicationsPage" time="0.000">
    <skipped/>
  </testcase> <!-- verifyCodeApplicationsPage -->
  <system-out/>
  <testcase classname="dsAlgoTests.StackTest" name="verifyCodeOperationsInStackPage" time="0.000">
    <skipped/>
  </testcase> <!-- verifyCodeOperationsInStackPage -->
  <system-out/>
  <testcase classname="dsAlgoTests.StackTest" name="verifyCodeApplicationsPage" time="0.000">
    <skipped/>
  </testcase> <!-- verifyCodeApplicationsPage -->
  <system-out/>
  <testcase classname="dsAlgoTests.StackTest" name="verifyCodeOperationsInStackPage" time="0.000">
    <skipped/>
  </testcase> <!-- verifyCodeOperationsInStackPage -->
  <system-out/>
  <testcase classname="dsAlgoTests.StackTest" name="verifyCodeOperationsInStackPage" time="0.000">
    <skipped/>
  </testcase> <!-- verifyCodeOperationsInStackPage -->
  <system-out/>
  <testcase classname="dsAlgoTests.StackTest" name="verifyCodeOperationsInStackPage" time="0.000">
    <skipped/>
  </testcase> <!-- verifyCodeOperationsInStackPage -->
  <system-out/>
  <testcase classname="dsAlgoTests.StackTest" name="verifyCodeImplementationPage" time="0.000">
    <skipped/>
  </testcase> <!-- verifyCodeImplementationPage -->
  <system-out/>
  <testcase classname="dsAlgoTests.StackTest" name="verifyCodeOperationsInStackPage" time="0.000">
    <skipped/>
  </testcase> <!-- verifyCodeOperationsInStackPage -->
  <system-out/>
  <testcase classname="dsAlgoTests.StackTest" name="verifyCodeImplementationPage" time="0.000">
    <skipped/>
  </testcase> <!-- verifyCodeImplementationPage -->
  <system-out/>
  <testcase classname="dsAlgoTests.StackTest" name="verifyCodeOperationsInStackPage" time="0.000">
    <skipped/>
  </testcase> <!-- verifyCodeOperationsInStackPage -->
  <system-out/>
  <testcase classname="dsAlgoTests.StackTest" name="verifyCodeApplicationsPage" time="0.000">
    <skipped/>
  </testcase> <!-- verifyCodeApplicationsPage -->
  <system-out/>
  <testcase classname="dsAlgoTests.StackTest" name="verifyCodeOperationsInStackPage" time="0.000">
    <skipped/>
  </testcase> <!-- verifyCodeOperationsInStackPage -->
  <system-out/>
  <testcase classname="dsAlgoTests.StackTest" name="verifyCodeApplicationsPage" time="0.000">
    <skipped/>
  </testcase> <!-- verifyCodeApplicationsPage -->
  <system-out/>
  <testcase classname="dsAlgoTests.StackTest" name="verifyCodeImplementationPage" time="0.000">
    <skipped/>
  </testcase> <!-- verifyCodeImplementationPage -->
  <system-out/>
  <testcase classname="dsAlgoTests.StackTest" name="verifyCodeImplementationPage" time="0.000">
    <skipped/>
  </testcase> <!-- verifyCodeImplementationPage -->
  <system-out/>
  <testcase classname="dsAlgoTests.StackTest" name="verifyCodeApplicationsPage" time="0.000">
    <skipped/>
  </testcase> <!-- verifyCodeApplicationsPage -->
  <system-out/>
  <testcase classname="dsAlgoTests.StackTest" name="verifyCodeApplicationsPage" time="0.000">
    <skipped/>
  </testcase> <!-- verifyCodeApplicationsPage -->
  <system-out/>
  <testcase classname="dsAlgoTests.StackTest" name="verifyCodeImplementationPage" time="0.000">
    <skipped/>
  </testcase> <!-- verifyCodeImplementationPage -->
  <system-out/>
  <testcase classname="dsAlgoTests.StackTest" name="verifyCodeImplementationPage" time="0.000">
    <skipped/>
  </testcase> <!-- verifyCodeImplementationPage -->
  <system-out/>
  <testcase classname="dsAlgoTests.StackTest" name="verifyCodeImplementationPage" time="0.000">
    <skipped/>
  </testcase> <!-- verifyCodeImplementationPage -->
  <system-out/>
  <testcase classname="dsAlgoTests.StackTest" name="verifyCodeApplicationsPage" time="0.000">
    <skipped/>
  </testcase> <!-- verifyCodeApplicationsPage -->
  <system-out/>
  <testcase classname="dsAlgoTests.StackTest" name="verifyCodeImplementationPage" time="0.000">
    <skipped/>
  </testcase> <!-- verifyCodeImplementationPage -->
  <system-out/>
  <testcase classname="dsAlgoTests.StackTest" name="verifyCodeImplementationPage" time="0.000">
    <skipped/>
  </testcase> <!-- verifyCodeImplementationPage -->
  <system-out/>
  <testcase classname="dsAlgoTests.StackTest" name="verifyCodeImplementationPage" time="0.000">
    <skipped/>
  </testcase> <!-- verifyCodeImplementationPage -->
  <system-out/>
  <testcase classname="dsAlgoTests.StackTest" name="verifyCodeOperationsInStackPage" time="0.000">
    <skipped/>
  </testcase> <!-- verifyCodeOperationsInStackPage -->
  <system-out/>
  <testcase classname="dsAlgoTests.StackTest" name="verifyCodeApplicationsPage" time="0.000">
    <skipped/>
  </testcase> <!-- verifyCodeApplicationsPage -->
  <system-out/>
  <testcase classname="dsAlgoTests.StackTest" name="verifyCodeImplementationPage" time="0.000">
    <skipped/>
  </testcase> <!-- verifyCodeImplementationPage -->
  <system-out/>
  <testcase classname="dsAlgoTests.StackTest" name="verifyCodeOperationsInStackPage" time="0.000">
    <skipped/>
  </testcase> <!-- verifyCodeOperationsInStackPage -->
  <system-out/>
  <testcase classname="dsAlgoTests.StackTest" name="verifyCodeOperationsInStackPage" time="0.000">
    <skipped/>
  </testcase> <!-- verifyCodeOperationsInStackPage -->
  <system-out/>
  <testcase classname="dsAlgoTests.StackTest" name="verifyCodeOperationsInStackPage" time="0.000">
    <skipped/>
  </testcase> <!-- verifyCodeOperationsInStackPage -->
  <system-out/>
  <testcase classname="dsAlgoTests.StackTest" name="verifyCodeOperationsInStackPage" time="0.000">
    <skipped/>
  </testcase> <!-- verifyCodeOperationsInStackPage -->
  <system-out/>
  <testcase classname="dsAlgoTests.StackTest" name="verifyCodeApplicationsPage" time="0.000">
    <skipped/>
  </testcase> <!-- verifyCodeApplicationsPage -->
  <system-out/>
  <testcase classname="dsAlgoTests.StackTest" name="verifyCodeOperationsInStackPage" time="0.000">
    <skipped/>
  </testcase> <!-- verifyCodeOperationsInStackPage -->
  <system-out/>
  <testcase classname="dsAlgoTests.StackTest" name="verifyCodeImplementationPage" time="0.000">
    <skipped/>
  </testcase> <!-- verifyCodeImplementationPage -->
  <system-out/>
  <testcase classname="dsAlgoTests.StackTest" name="verifyCodeOperationsInStackPage" time="0.000">
    <skipped/>
  </testcase> <!-- verifyCodeOperationsInStackPage -->
  <system-out/>
  <testcase classname="dsAlgoTests.StackTest" name="verifyCodeApplicationsPage" time="0.000">
    <skipped/>
  </testcase> <!-- verifyCodeApplicationsPage -->
  <system-out/>
  <testcase classname="dsAlgoTests.StackTest" name="verifyCodeImplementationPage" time="0.000">
    <skipped/>
  </testcase> <!-- verifyCodeImplementationPage -->
  <system-out/>
  <testcase classname="dsAlgoTests.StackTest" name="verifyCodeImplementationPage" time="0.000">
    <skipped/>
  </testcase> <!-- verifyCodeImplementationPage -->
  <system-out/>
  <testcase classname="dsAlgoTests.StackTest" name="verifyCodeImplementationPage" time="0.000">
    <skipped/>
  </testcase> <!-- verifyCodeImplementationPage -->
  <system-out/>
  <testcase classname="dsAlgoTests.StackTest" name="verifyCodeApplicationsPage" time="0.000">
    <skipped/>
  </testcase> <!-- verifyCodeApplicationsPage -->
  <system-out/>
  <testcase classname="dsAlgoTests.StackTest" name="verifyCodeApplicationsPage" time="0.000">
    <skipped/>
  </testcase> <!-- verifyCodeApplicationsPage -->
  <system-out/>
  <testcase classname="dsAlgoTests.StackTest" name="verifyCodeOperationsInStackPage" time="0.000">
    <skipped/>
  </testcase> <!-- verifyCodeOperationsInStackPage -->
  <system-out/>
  <testcase classname="dsAlgoTests.StackTest" name="verifyCodeImplementationPage" time="0.000">
    <skipped/>
  </testcase> <!-- verifyCodeImplementationPage -->
  <system-out/>
  <testcase classname="dsAlgoTests.StackTest" name="verifyCodeApplicationsPage" time="0.000">
    <skipped/>
  </testcase> <!-- verifyCodeApplicationsPage -->
  <system-out/>
  <testcase classname="dsAlgoTests.StackTest" name="verifyCodeImplementationPage" time="0.000">
    <skipped/>
  </testcase> <!-- verifyCodeImplementationPage -->
  <system-out/>
  <testcase classname="dsAlgoTests.StackTest" name="verifyCodeImplementationPage" time="0.000">
    <skipped/>
  </testcase> <!-- verifyCodeImplementationPage -->
  <system-out/>
  <testcase classname="dsAlgoTests.StackTest" name="verifyCodeImplementationPage" time="0.000">
    <skipped/>
  </testcase> <!-- verifyCodeImplementationPage -->
  <system-out/>
  <testcase classname="dsAlgoTests.StackTest" name="verifyCodeApplicationsPage" time="0.000">
    <skipped/>
  </testcase> <!-- verifyCodeApplicationsPage -->
  <system-out/>
  <testcase classname="dsAlgoTests.StackTest" name="verifyCodeImplementationPage" time="0.000">
    <skipped/>
  </testcase> <!-- verifyCodeImplementationPage -->
  <system-out/>
  <testcase classname="dsAlgoTests.StackTest" name="verifyCodeImplementationPage" time="0.000">
    <skipped/>
  </testcase> <!-- verifyCodeImplementationPage -->
  <system-out/>
  <testcase classname="dsAlgoTests.StackTest" name="verifyCodeOperationsInStackPage" time="0.000">
    <skipped/>
  </testcase> <!-- verifyCodeOperationsInStackPage -->
  <system-out/>
  <testcase classname="dsAlgoTests.StackTest" name="verifyCodeImplementationPage" time="0.000">
    <skipped/>
  </testcase> <!-- verifyCodeImplementationPage -->
  <system-out/>
  <testcase classname="dsAlgoTests.StackTest" name="verifyCodeImplementationPage" time="0.000">
    <skipped/>
  </testcase> <!-- verifyCodeImplementationPage -->
  <system-out/>
  <testcase classname="dsAlgoTests.StackTest" name="verifyCodeApplicationsPage" time="0.000">
    <skipped/>
  </testcase> <!-- verifyCodeApplicationsPage -->
  <system-out/>
  <testcase classname="dsAlgoTests.StackTest" name="verifyCodeOperationsInStackPage" time="0.000">
    <skipped/>
  </testcase> <!-- verifyCodeOperationsInStackPage -->
  <system-out/>
  <testcase classname="dsAlgoTests.StackTest" name="verifyCodeImplementationPage" time="0.000">
    <skipped/>
  </testcase> <!-- verifyCodeImplementationPage -->
  <system-out/>
  <testcase classname="dsAlgoTests.StackTest" name="verifyCodeOperationsInStackPage" time="0.000">
    <skipped/>
  </testcase> <!-- verifyCodeOperationsInStackPage -->
  <system-out/>
  <testcase classname="dsAlgoTests.StackTest" name="verifyCodeApplicationsPage" time="0.000">
    <skipped/>
  </testcase> <!-- verifyCodeApplicationsPage -->
  <system-out/>
  <testcase classname="dsAlgoTests.StackTest" name="verifyCodeOperationsInStackPage" time="0.000">
    <skipped/>
  </testcase> <!-- verifyCodeOperationsInStackPage -->
  <system-out/>
  <testcase classname="dsAlgoTests.StackTest" name="verifyCodeOperationsInStackPage" time="0.000">
    <skipped/>
  </testcase> <!-- verifyCodeOperationsInStackPage -->
  <system-out/>
  <testcase classname="dsAlgoTests.StackTest" name="verifyCodeApplicationsPage" time="0.000">
    <skipped/>
  </testcase> <!-- verifyCodeApplicationsPage -->
  <system-out/>
  <testcase classname="dsAlgoTests.StackTest" name="verifyCodeOperationsInStackPage" time="0.000">
    <skipped/>
  </testcase> <!-- verifyCodeOperationsInStackPage -->
  <system-out/>
  <testcase classname="dsAlgoTests.StackTest" name="verifyCodeApplicationsPage" time="0.000">
    <skipped/>
  </testcase> <!-- verifyCodeApplicationsPage -->
  <system-out/>
  <testcase classname="dsAlgoTests.StackTest" name="verifyCodeApplicationsPage" time="0.000">
    <skipped/>
  </testcase> <!-- verifyCodeApplicationsPage -->
  <system-out/>
  <testcase classname="dsAlgoTests.StackTest" name="verifyCodeImplementationPage" time="0.000">
    <skipped/>
  </testcase> <!-- verifyCodeImplementationPage -->
  <system-out/>
  <testcase classname="dsAlgoTests.StackTest" name="verifyCodeImplementationPage" time="0.000">
    <skipped/>
  </testcase> <!-- verifyCodeImplementationPage -->
  <system-out/>
  <testcase classname="dsAlgoTests.StackTest" name="verifyCodeApplicationsPage" time="0.000">
    <skipped/>
  </testcase> <!-- verifyCodeApplicationsPage -->
  <system-out/>
  <testcase classname="dsAlgoTests.StackTest" name="verifyCodeImplementationPage" time="0.000">
    <skipped/>
  </testcase> <!-- verifyCodeImplementationPage -->
  <system-out/>
  <testcase classname="dsAlgoTests.StackTest" name="verifyCodeOperationsInStackPage" time="0.000">
    <skipped/>
  </testcase> <!-- verifyCodeOperationsInStackPage -->
  <system-out/>
  <testcase classname="dsAlgoTests.StackTest" name="verifyCodeApplicationsPage" time="0.000">
    <skipped/>
  </testcase> <!-- verifyCodeApplicationsPage -->
  <system-out/>
  <testcase classname="dsAlgoTests.StackTest" name="verifyCodeImplementationPage" time="0.000">
    <skipped/>
  </testcase> <!-- verifyCodeImplementationPage -->
  <system-out/>
  <testcase classname="dsAlgoTests.StackTest" name="verifyCodeOperationsInStackPage" time="0.000">
    <skipped/>
  </testcase> <!-- verifyCodeOperationsInStackPage -->
  <system-out/>
  <testcase classname="dsAlgoTests.StackTest" name="verifyCodeOperationsInStackPage" time="0.000">
    <skipped/>
  </testcase> <!-- verifyCodeOperationsInStackPage -->
  <system-out/>
  <testcase classname="dsAlgoTests.StackTest" name="verifyCodeApplicationsPage" time="0.000">
    <skipped/>
  </testcase> <!-- verifyCodeApplicationsPage -->
  <system-out/>
  <testcase classname="dsAlgoTests.StackTest" name="verifyCodeApplicationsPage" time="0.000">
    <skipped/>
  </testcase> <!-- verifyCodeApplicationsPage -->
  <system-out/>
  <testcase classname="dsAlgoTests.StackTest" name="verifyCodeImplementationPage" time="0.000">
    <skipped/>
  </testcase> <!-- verifyCodeImplementationPage -->
  <system-out/>
  <testcase classname="dsAlgoTests.StackTest" name="verifyCodeApplicationsPage" time="0.000">
    <skipped/>
  </testcase> <!-- verifyCodeApplicationsPage -->
  <system-out/>
  <testcase classname="dsAlgoTests.StackTest" name="verifyCodeOperationsInStackPage" time="0.000">
    <skipped/>
  </testcase> <!-- verifyCodeOperationsInStackPage -->
  <system-out/>
  <testcase classname="dsAlgoTests.StackTest" name="verifyCodeOperationsInStackPage" time="0.000">
    <skipped/>
  </testcase> <!-- verifyCodeOperationsInStackPage -->
  <system-out/>
  <testcase classname="dsAlgoTests.StackTest" name="verifyCodeApplicationsPage" time="0.000">
    <skipped/>
  </testcase> <!-- verifyCodeApplicationsPage -->
  <system-out/>
  <testcase classname="dsAlgoTests.StackTest" name="verifyCodeOperationsInStackPage" time="0.000">
    <skipped/>
  </testcase> <!-- verifyCodeOperationsInStackPage -->
  <system-out/>
  <testcase classname="dsAlgoTests.StackTest" name="verifyCodeApplicationsPage" time="0.000">
    <skipped/>
  </testcase> <!-- verifyCodeApplicationsPage -->
  <system-out/>
  <testcase classname="dsAlgoTests.StackTest" name="verifyCodeOperationsInStackPage" time="0.000">
    <skipped/>
  </testcase> <!-- verifyCodeOperationsInStackPage -->
  <system-out/>
  <testcase classname="dsAlgoTests.StackTest" name="verifyCodeImplementationPage" time="0.000">
    <skipped/>
  </testcase> <!-- verifyCodeImplementationPage -->
  <system-out/>
  <testcase classname="dsAlgoTests.StackTest" name="verifyCodeOperationsInStackPage" time="0.000">
    <skipped/>
  </testcase> <!-- verifyCodeOperationsInStackPage -->
  <system-out/>
  <testcase classname="dsAlgoTests.StackTest" name="verifyCodeApplicationsPage" time="0.000">
    <skipped/>
  </testcase> <!-- verifyCodeApplicationsPage -->
  <system-out/>
  <testcase classname="dsAlgoTests.StackTest" name="verifyCodeApplicationsPage" time="0.000">
    <skipped/>
  </testcase> <!-- verifyCodeApplicationsPage -->
  <system-out/>
  <testcase classname="dsAlgoTests.StackTest" name="verifyCodeOperationsInStackPage" time="0.000">
    <skipped/>
  </testcase> <!-- verifyCodeOperationsInStackPage -->
  <system-out/>
  <testcase classname="dsAlgoTests.StackTest" name="verifyCodeApplicationsPage" time="0.000">
    <skipped/>
  </testcase> <!-- verifyCodeApplicationsPage -->
  <system-out/>
  <testcase classname="dsAlgoTests.StackTest" name="verifyCodeOperationsInStackPage" time="0.000">
    <skipped/>
  </testcase> <!-- verifyCodeOperationsInStackPage -->
  <system-out/>
  <testcase classname="dsAlgoTests.StackTest" name="verifyCodeApplicationsPage" time="0.000">
    <skipped/>
  </testcase> <!-- verifyCodeApplicationsPage -->
  <system-out/>
  <testcase classname="dsAlgoTests.StackTest" name="verifyCodeOperationsInStackPage" time="0.000">
    <skipped/>
  </testcase> <!-- verifyCodeOperationsInStackPage -->
  <system-out/>
  <testcase classname="dsAlgoTests.StackTest" name="verifyCodeOperationsInStackPage" time="0.000">
    <skipped/>
  </testcase> <!-- verifyCodeOperationsInStackPage -->
  <system-out/>
  <testcase classname="dsAlgoTests.StackTest" name="verifyCodeImplementationPage" time="0.000">
    <skipped/>
  </testcase> <!-- verifyCodeImplementationPage -->
  <system-out/>
  <testcase classname="dsAlgoTests.StackTest" name="verifyCodeOperationsInStackPage" time="0.000">
    <skipped/>
  </testcase> <!-- verifyCodeOperationsInStackPage -->
  <system-out/>
  <testcase classname="dsAlgoTests.StackTest" name="verifyCodeImplementationPage" time="0.000">
    <skipped/>
  </testcase> <!-- verifyCodeImplementationPage -->
  <system-out/>
  <testcase classname="dsAlgoTests.StackTest" name="verifyCodeImplementationPage" time="0.000">
    <skipped/>
  </testcase> <!-- verifyCodeImplementationPage -->
  <system-out/>
  <testcase classname="dsAlgoTests.StackTest" name="verifyCodeApplicationsPage" time="0.000">
    <skipped/>
  </testcase> <!-- verifyCodeApplicationsPage -->
  <system-out/>
  <testcase classname="dsAlgoTests.StackTest" name="verifyCodeImplementationPage" time="0.000">
    <skipped/>
  </testcase> <!-- verifyCodeImplementationPage -->
  <system-out/>
  <testcase classname="dsAlgoTests.StackTest" name="verifyCodeApplicationsPage" time="0.000">
    <skipped/>
  </testcase> <!-- verifyCodeApplicationsPage -->
  <system-out/>
  <testcase classname="dsAlgoTests.StackTest" name="verifyCodeApplicationsPage" time="0.000">
    <skipped/>
  </testcase> <!-- verifyCodeApplicationsPage -->
  <system-out/>
  <testcase classname="dsAlgoTests.StackTest" name="verifyCodeOperationsInStackPage" time="0.000">
    <skipped/>
  </testcase> <!-- verifyCodeOperationsInStackPage -->
  <system-out/>
  <testcase classname="dsAlgoTests.StackTest" name="verifyCodeOperationsInStackPage" time="0.000">
    <skipped/>
  </testcase> <!-- verifyCodeOperationsInStackPage -->
  <system-out/>
  <testcase classname="dsAlgoTests.StackTest" name="verifyCodeImplementationPage" time="0.000">
    <skipped/>
  </testcase> <!-- verifyCodeImplementationPage -->
  <system-out/>
  <testcase classname="dsAlgoTests.StackTest" name="verifyCodeApplicationsPage" time="0.000">
    <skipped/>
  </testcase> <!-- verifyCodeApplicationsPage -->
  <system-out/>
  <testcase classname="dsAlgoTests.StackTest" name="verifyCodeImplementationPage" time="0.000">
    <skipped/>
  </testcase> <!-- verifyCodeImplementationPage -->
  <system-out/>
  <testcase classname="dsAlgoTests.StackTest" name="verifyCodeImplementationPage" time="0.000">
    <skipped/>
  </testcase> <!-- verifyCodeImplementationPage -->
  <system-out/>
  <testcase classname="dsAlgoTests.StackTest" name="verifyCodeImplementationPage" time="0.000">
    <skipped/>
  </testcase> <!-- verifyCodeImplementationPage -->
  <system-out/>
  <testcase classname="dsAlgoTests.StackTest" name="verifyCodeImplementationPage" time="0.000">
    <skipped/>
  </testcase> <!-- verifyCodeImplementationPage -->
  <system-out/>
  <testcase classname="dsAlgoTests.StackTest" name="verifyCodeOperationsInStackPage" time="0.000">
    <skipped/>
  </testcase> <!-- verifyCodeOperationsInStackPage -->
  <system-out/>
  <testcase classname="dsAlgoTests.StackTest" name="verifyCodeImplementationPage" time="0.000">
    <skipped/>
  </testcase> <!-- verifyCodeImplementationPage -->
  <system-out/>
  <testcase classname="dsAlgoTests.StackTest" name="verifyCodeImplementationPage" time="0.000">
    <skipped/>
  </testcase> <!-- verifyCodeImplementationPage -->
  <system-out/>
  <testcase classname="dsAlgoTests.StackTest" name="verifyCodeOperationsInStackPage" time="0.000">
    <skipped/>
  </testcase> <!-- verifyCodeOperationsInStackPage -->
  <system-out/>
  <testcase classname="dsAlgoTests.StackTest" name="verifyCodeApplicationsPage" time="0.000">
    <skipped/>
  </testcase> <!-- verifyCodeApplicationsPage -->
  <system-out/>
  <testcase classname="dsAlgoTests.StackTest" name="verifyCodeImplementationPage" time="0.000">
    <skipped/>
  </testcase> <!-- verifyCodeImplementationPage -->
  <system-out/>
  <testcase classname="dsAlgoTests.StackTest" name="verifyCodeImplementationPage" time="0.000">
    <skipped/>
  </testcase> <!-- verifyCodeImplementationPage -->
  <system-out/>
  <testcase classname="dsAlgoTests.StackTest" name="verifyCodeOperationsInStackPage" time="0.000">
    <skipped/>
  </testcase> <!-- verifyCodeOperationsInStackPage -->
  <system-out/>
  <testcase classname="dsAlgoTests.StackTest" name="verifyCodeImplementationPage" time="0.000">
    <skipped/>
  </testcase> <!-- verifyCodeImplementationPage -->
  <system-out/>
  <testcase classname="dsAlgoTests.StackTest" name="verifyCodeOperationsInStackPage" time="0.000">
    <skipped/>
  </testcase> <!-- verifyCodeOperationsInStackPage -->
  <system-out/>
  <testcase classname="dsAlgoTests.StackTest" name="verifyCodeImplementationPage" time="0.000">
    <skipped/>
  </testcase> <!-- verifyCodeImplementationPage -->
  <system-out/>
  <testcase classname="dsAlgoTests.StackTest" name="verifyCodeOperationsInStackPage" time="0.000">
    <skipped/>
  </testcase> <!-- verifyCodeOperationsInStackPage -->
  <system-out/>
  <testcase classname="dsAlgoTests.StackTest" name="verifyCodeApplicationsPage" time="0.000">
    <skipped/>
  </testcase> <!-- verifyCodeApplicationsPage -->
  <system-out/>
  <testcase classname="dsAlgoTests.StackTest" name="verifyCodeImplementationPage" time="0.000">
    <skipped/>
  </testcase> <!-- verifyCodeImplementationPage -->
  <system-out/>
  <testcase classname="dsAlgoTests.StackTest" name="verifyCodeImplementationPage" time="0.000">
    <skipped/>
  </testcase> <!-- verifyCodeImplementationPage -->
  <system-out/>
  <testcase classname="dsAlgoTests.StackTest" name="verifyCodeApplicationsPage" time="0.000">
    <skipped/>
  </testcase> <!-- verifyCodeApplicationsPage -->
  <system-out/>
  <testcase classname="dsAlgoTests.StackTest" name="verifyCodeApplicationsPage" time="0.000">
    <skipped/>
  </testcase> <!-- verifyCodeApplicationsPage -->
  <system-out/>
  <testcase classname="dsAlgoTests.StackTest" name="verifyCodeImplementationPage" time="0.000">
    <skipped/>
  </testcase> <!-- verifyCodeImplementationPage -->
  <system-out/>
  <testcase classname="dsAlgoTests.StackTest" name="verifyCodeOperationsInStackPage" time="0.000">
    <skipped/>
  </testcase> <!-- verifyCodeOperationsInStackPage -->
  <system-out/>
  <testcase classname="dsAlgoTests.StackTest" name="verifyCodeOperationsInStackPage" time="0.000">
    <skipped/>
  </testcase> <!-- verifyCodeOperationsInStackPage -->
  <system-out/>
  <testcase classname="dsAlgoTests.StackTest" name="verifyCodeApplicationsPage" time="0.000">
    <skipped/>
  </testcase> <!-- verifyCodeApplicationsPage -->
  <system-out/>
  <testcase classname="dsAlgoTests.StackTest" name="verifyCodeApplicationsPage" time="0.000">
    <skipped/>
  </testcase> <!-- verifyCodeApplicationsPage -->
  <system-out/>
  <testcase classname="dsAlgoTests.StackTest" name="verifyCodeImplementationPage" time="0.000">
    <skipped/>
  </testcase> <!-- verifyCodeImplementationPage -->
  <system-out/>
  <testcase classname="dsAlgoTests.StackTest" name="verifyCodeApplicationsPage" time="0.000">
    <skipped/>
  </testcase> <!-- verifyCodeApplicationsPage -->
  <system-out/>
  <testcase classname="dsAlgoTests.StackTest" name="verifyCodeOperationsInStackPage" time="0.000">
    <skipped/>
  </testcase> <!-- verifyCodeOperationsInStackPage -->
  <system-out/>
  <testcase classname="dsAlgoTests.StackTest" name="verifyCodeOperationsInStackPage" time="0.000">
    <skipped/>
  </testcase> <!-- verifyCodeOperationsInStackPage -->
  <system-out/>
  <testcase classname="dsAlgoTests.StackTest" name="verifyCodeOperationsInStackPage" time="0.000">
    <skipped/>
  </testcase> <!-- verifyCodeOperationsInStackPage -->
  <system-out/>
  <testcase classname="dsAlgoTests.StackTest" name="verifyCodeApplicationsPage" time="0.000">
    <skipped/>
  </testcase> <!-- verifyCodeApplicationsPage -->
  <system-out/>
  <testcase classname="dsAlgoTests.StackTest" name="verifyCodeOperationsInStackPage" time="0.000">
    <skipped/>
  </testcase> <!-- verifyCodeOperationsInStackPage -->
  <system-out/>
  <testcase classname="dsAlgoTests.StackTest" name="verifyCodeOperationsInStackPage" time="0.000">
    <skipped/>
  </testcase> <!-- verifyCodeOperationsInStackPage -->
  <system-out/>
  <testcase classname="dsAlgoTests.StackTest" name="verifyCodeApplicationsPage" time="0.000">
    <skipped/>
  </testcase> <!-- verifyCodeApplicationsPage -->
  <system-out/>
  <testcase classname="dsAlgoTests.StackTest" name="verifyCodeApplicationsPage" time="0.000">
    <skipped/>
  </testcase> <!-- verifyCodeApplicationsPage -->
  <system-out/>
  <testcase classname="dsAlgoTests.StackTest" name="verifyCodeOperationsInStackPage" time="0.000">
    <skipped/>
  </testcase> <!-- verifyCodeOperationsInStackPage -->
  <system-out/>
  <testcase classname="dsAlgoTests.StackTest" name="verifyCodeApplicationsPage" time="0.000">
    <skipped/>
  </testcase> <!-- verifyCodeApplicationsPage -->
  <system-out/>
  <testcase classname="dsAlgoTests.StackTest" name="verifyCodeApplicationsPage" time="0.000">
    <skipped/>
  </testcase> <!-- verifyCodeApplicationsPage -->
  <system-out/>
  <testcase classname="dsAlgoTests.StackTest" name="verifyCodeOperationsInStackPage" time="0.000">
    <skipped/>
  </testcase> <!-- verifyCodeOperationsInStackPage -->
  <system-out/>
  <testcase classname="dsAlgoTests.StackTest" name="verifyCodeApplicationsPage" time="0.000">
    <skipped/>
  </testcase> <!-- verifyCodeApplicationsPage -->
  <system-out/>
  <testcase classname="dsAlgoTests.StackTest" name="verifyCodeImplementationPage" time="0.000">
    <skipped/>
  </testcase> <!-- verifyCodeImplementationPage -->
  <system-out/>
  <testcase classname="dsAlgoTests.StackTest" name="verifyCodeOperationsInStackPage" time="0.000">
    <skipped/>
  </testcase> <!-- verifyCodeOperationsInStackPage -->
  <system-out/>
  <testcase classname="dsAlgoTests.StackTest" name="verifyCodeApplicationsPage" time="0.000">
    <skipped/>
  </testcase> <!-- verifyCodeApplicationsPage -->
  <system-out/>
  <testcase classname="dsAlgoTests.StackTest" name="verifyCodeImplementationPage" time="0.000">
    <skipped/>
  </testcase> <!-- verifyCodeImplementationPage -->
  <system-out/>
  <testcase classname="dsAlgoTests.StackTest" name="verifyCodeApplicationsPage" time="0.000">
    <skipped/>
  </testcase> <!-- verifyCodeApplicationsPage -->
  <system-out/>
  <testcase classname="dsAlgoTests.StackTest" name="verifyCodeOperationsInStackPage" time="0.000">
    <skipped/>
  </testcase> <!-- verifyCodeOperationsInStackPage -->
  <system-out/>
  <testcase classname="dsAlgoTests.StackTest" name="verifyCodeImplementationPage" time="0.000">
    <skipped/>
  </testcase> <!-- verifyCodeImplementationPage -->
  <system-out/>
  <testcase classname="dsAlgoTests.StackTest" name="verifyCodeApplicationsPage" time="0.000">
    <skipped/>
  </testcase> <!-- verifyCodeApplicationsPage -->
  <system-out/>
  <testcase classname="dsAlgoTests.StackTest" name="verifyCodeApplicationsPage" time="0.000">
    <skipped/>
  </testcase> <!-- verifyCodeApplicationsPage -->
  <system-out/>
  <testcase classname="dsAlgoTests.StackTest" name="verifyCodeImplementationPage" time="0.000">
    <skipped/>
  </testcase> <!-- verifyCodeImplementationPage -->
  <system-out/>
  <testcase classname="dsAlgoTests.StackTest" name="verifyCodeApplicationsPage" time="0.000">
    <skipped/>
  </testcase> <!-- verifyCodeApplicationsPage -->
  <system-out/>
  <testcase classname="dsAlgoTests.StackTest" name="verifyCodeOperationsInStackPage" time="0.000">
    <skipped/>
  </testcase> <!-- verifyCodeOperationsInStackPage -->
  <system-out/>
  <testcase classname="dsAlgoTests.StackTest" name="verifyCodeOperationsInStackPage" time="0.000">
    <skipped/>
  </testcase> <!-- verifyCodeOperationsInStackPage -->
  <system-out/>
  <testcase classname="dsAlgoTests.StackTest" name="verifyCodeApplicationsPage" time="0.000">
    <skipped/>
  </testcase> <!-- verifyCodeApplicationsPage -->
  <system-out/>
  <testcase classname="dsAlgoTests.StackTest" name="verifyCodeOperationsInStackPage" time="0.000">
    <skipped/>
  </testcase> <!-- verifyCodeOperationsInStackPage -->
  <system-out/>
  <testcase classname="dsAlgoTests.StackTest" name="verifyCodeOperationsInStackPage" time="0.000">
    <skipped/>
  </testcase> <!-- verifyCodeOperationsInStackPage -->
  <system-out/>
  <testcase classname="dsAlgoTests.StackTest" name="verifyCodeApplicationsPage" time="0.000">
    <skipped/>
  </testcase> <!-- verifyCodeApplicationsPage -->
  <system-out/>
  <testcase classname="dsAlgoTests.StackTest" name="verifyCodeImplementationPage" time="0.000">
    <skipped/>
  </testcase> <!-- verifyCodeImplementationPage -->
  <system-out/>
  <testcase classname="dsAlgoTests.StackTest" name="verifyCodeApplicationsPage" time="0.000">
    <skipped/>
  </testcase> <!-- verifyCodeApplicationsPage -->
  <system-out/>
  <testcase classname="dsAlgoTests.StackTest" name="verifyCodeOperationsInStackPage" time="0.000">
    <skipped/>
  </testcase> <!-- verifyCodeOperationsInStackPage -->
  <system-out/>
  <testcase classname="dsAlgoTests.StackTest" name="verifyCodeImplementationPage" time="0.000">
    <skipped/>
  </testcase> <!-- verifyCodeImplementationPage -->
  <system-out/>
  <testcase classname="dsAlgoTests.StackTest" name="verifyCodeImplementationPage" time="0.000">
    <skipped/>
  </testcase> <!-- verifyCodeImplementationPage -->
  <system-out/>
  <testcase classname="dsAlgoTests.StackTest" name="verifyCodeImplementationPage" time="0.000">
    <skipped/>
  </testcase> <!-- verifyCodeImplementationPage -->
  <system-out/>
  <testcase classname="dsAlgoTests.StackTest" name="verifyCodeImplementationPage" time="0.000">
    <skipped/>
  </testcase> <!-- verifyCodeImplementationPage -->
  <system-out/>
  <testcase classname="dsAlgoTests.StackTest" name="verifyCodeOperationsInStackPage" time="0.000">
    <skipped/>
  </testcase> <!-- verifyCodeOperationsInStackPage -->
  <system-out/>
  <testcase classname="dsAlgoTests.StackTest" name="verifyCodeOperationsInStackPage" time="0.000">
    <skipped/>
  </testcase> <!-- verifyCodeOperationsInStackPage -->
  <system-out/>
  <testcase classname="dsAlgoTests.StackTest" name="verifyCodeOperationsInStackPage" time="0.000">
    <skipped/>
  </testcase> <!-- verifyCodeOperationsInStackPage -->
  <system-out/>
  <testcase classname="dsAlgoTests.StackTest" name="verifyCodeOperationsInStackPage" time="0.000">
    <skipped/>
  </testcase> <!-- verifyCodeOperationsInStackPage -->
  <system-out/>
  <testcase classname="dsAlgoTests.StackTest" name="verifyCodeOperationsInStackPage" time="0.000">
    <skipped/>
  </testcase> <!-- verifyCodeOperationsInStackPage -->
  <system-out/>
  <testcase classname="dsAlgoTests.StackTest" name="verifyCodeImplementationPage" time="0.000">
    <skipped/>
  </testcase> <!-- verifyCodeImplementationPage -->
  <system-out/>
  <testcase classname="dsAlgoTests.StackTest" name="verifyCodeOperationsInStackPage" time="0.000">
    <skipped/>
  </testcase> <!-- verifyCodeOperationsInStackPage -->
  <system-out/>
  <testcase classname="dsAlgoTests.StackTest" name="verifyCodeOperationsInStackPage" time="0.000">
    <skipped/>
  </testcase> <!-- verifyCodeOperationsInStackPage -->
  <system-out/>
  <testcase classname="dsAlgoTests.StackTest" name="verifyCodeOperationsInStackPage" time="0.000">
    <skipped/>
  </testcase> <!-- verifyCodeOperationsInStackPage -->
  <system-out/>
  <testcase classname="dsAlgoTests.StackTest" name="verifyCodeOperationsInStackPage" time="0.000">
    <skipped/>
  </testcase> <!-- verifyCodeOperationsInStackPage -->
  <system-out/>
  <testcase classname="dsAlgoTests.StackTest" name="verifyCodeImplementationPage" time="0.000">
    <skipped/>
  </testcase> <!-- verifyCodeImplementationPage -->
  <system-out/>
  <testcase classname="dsAlgoTests.StackTest" name="verifyCodeApplicationsPage" time="0.000">
    <skipped/>
  </testcase> <!-- verifyCodeApplicationsPage -->
  <system-out/>
  <testcase classname="dsAlgoTests.StackTest" name="verifyCodeApplicationsPage" time="0.000">
    <skipped/>
  </testcase> <!-- verifyCodeApplicationsPage -->
  <system-out/>
  <testcase classname="dsAlgoTests.StackTest" name="verifyCodeApplicationsPage" time="0.000">
    <skipped/>
  </testcase> <!-- verifyCodeApplicationsPage -->
  <system-out/>
  <testcase classname="dsAlgoTests.StackTest" name="verifyCodeOperationsInStackPage" time="0.000">
    <skipped/>
  </testcase> <!-- verifyCodeOperationsInStackPage -->
  <system-out/>
  <testcase classname="dsAlgoTests.StackTest" name="verifyCodeApplicationsPage" time="0.000">
    <skipped/>
  </testcase> <!-- verifyCodeApplicationsPage -->
  <system-out/>
  <testcase classname="dsAlgoTests.StackTest" name="navigatetoImplementationtryeditor" time="0.000">
    <skipped/>
  </testcase> <!-- navigatetoImplementationtryeditor -->
  <system-out/>
  <testcase classname="dsAlgoTests.StackTest" name="verifyCodeImplementationPage" time="0.000">
    <skipped/>
  </testcase> <!-- verifyCodeImplementationPage -->
  <system-out/>
  <testcase classname="dsAlgoTests.StackTest" name="verifyCodeApplicationsPage" time="0.000">
    <skipped/>
  </testcase> <!-- verifyCodeApplicationsPage -->
  <system-out/>
  <testcase classname="dsAlgoTests.StackTest" name="verifyCodeImplementationPage" time="0.000">
    <skipped/>
  </testcase> <!-- verifyCodeImplementationPage -->
  <system-out/>
  <testcase classname="dsAlgoTests.StackTest" name="verifyCodeOperationsInStackPage" time="0.000">
    <skipped/>
  </testcase> <!-- verifyCodeOperationsInStackPage -->
  <system-out/>
  <testcase classname="dsAlgoTests.StackTest" name="verifyCodeOperationsInStackPage" time="0.000">
    <skipped/>
  </testcase> <!-- verifyCodeOperationsInStackPage -->
  <system-out/>
  <testcase classname="dsAlgoTests.StackTest" name="verifyCodeApplicationsPage" time="0.000">
    <skipped/>
  </testcase> <!-- verifyCodeApplicationsPage -->
  <system-out/>
  <testcase classname="dsAlgoTests.StackTest" name="verifyCodeApplicationsPage" time="0.000">
    <skipped/>
  </testcase> <!-- verifyCodeApplicationsPage -->
  <system-out/>
  <testcase classname="dsAlgoTests.StackTest" name="verifyCodeImplementationPage" time="0.000">
    <skipped/>
  </testcase> <!-- verifyCodeImplementationPage -->
  <system-out/>
  <testcase classname="dsAlgoTests.StackTest" name="verifyCodeImplementationPage" time="0.000">
    <skipped/>
  </testcase> <!-- verifyCodeImplementationPage -->
  <system-out/>
  <testcase classname="dsAlgoTests.StackTest" name="verifyCodeOperationsInStackPage" time="0.000">
    <skipped/>
  </testcase> <!-- verifyCodeOperationsInStackPage -->
  <system-out/>
  <testcase classname="dsAlgoTests.StackTest" name="verifyCodeApplicationsPage" time="0.000">
    <skipped/>
  </testcase> <!-- verifyCodeApplicationsPage -->
  <system-out/>
  <testcase classname="dsAlgoTests.StackTest" name="verifyCodeImplementationPage" time="0.000">
    <skipped/>
  </testcase> <!-- verifyCodeImplementationPage -->
  <system-out/>
  <testcase classname="dsAlgoTests.StackTest" name="verifyCodeImplementationPage" time="0.000">
    <skipped/>
  </testcase> <!-- verifyCodeImplementationPage -->
  <system-out/>
  <testcase classname="dsAlgoTests.StackTest" name="verifyCodeImplementationPage" time="0.000">
    <skipped/>
  </testcase> <!-- verifyCodeImplementationPage -->
  <system-out/>
  <testcase classname="dsAlgoTests.StackTest" name="verifyCodeApplicationsPage" time="0.000">
    <skipped/>
  </testcase> <!-- verifyCodeApplicationsPage -->
  <system-out/>
  <testcase classname="dsAlgoTests.StackTest" name="verifyCodeApplicationsPage" time="0.000">
    <skipped/>
  </testcase> <!-- verifyCodeApplicationsPage -->
  <system-out/>
  <testcase classname="dsAlgoTests.StackTest" name="verifyCodeOperationsInStackPage" time="0.000">
    <skipped/>
  </testcase> <!-- verifyCodeOperationsInStackPage -->
  <system-out/>
  <testcase classname="dsAlgoTests.StackTest" name="verifyCodeImplementationPage" time="0.000">
    <skipped/>
  </testcase> <!-- verifyCodeImplementationPage -->
  <system-out/>
  <testcase classname="dsAlgoTests.StackTest" name="verifyCodeImplementationPage" time="0.000">
    <skipped/>
  </testcase> <!-- verifyCodeImplementationPage -->
  <system-out/>
  <testcase classname="dsAlgoTests.StackTest" name="verifyCodeApplicationsPage" time="0.000">
    <skipped/>
  </testcase> <!-- verifyCodeApplicationsPage -->
  <system-out/>
  <testcase classname="dsAlgoTests.StackTest" name="verifyCodeApplicationsPage" time="0.000">
    <skipped/>
  </testcase> <!-- verifyCodeApplicationsPage -->
  <system-out/>
  <testcase classname="dsAlgoTests.StackTest" name="verifyCodeOperationsInStackPage" time="0.000">
    <skipped/>
  </testcase> <!-- verifyCodeOperationsInStackPage -->
  <system-out/>
  <testcase classname="dsAlgoTests.StackTest" name="verifyCodeApplicationsPage" time="0.000">
    <skipped/>
  </testcase> <!-- verifyCodeApplicationsPage -->
  <system-out/>
  <testcase classname="dsAlgoTests.StackTest" name="verifyCodeOperationsInStackPage" time="0.000">
    <skipped/>
  </testcase> <!-- verifyCodeOperationsInStackPage -->
  <system-out/>
  <testcase classname="dsAlgoTests.StackTest" name="verifyCodeOperationsInStackPage" time="0.000">
    <skipped/>
  </testcase> <!-- verifyCodeOperationsInStackPage -->
  <system-out/>
  <testcase classname="dsAlgoTests.StackTest" name="verifyCodeImplementationPage" time="0.000">
    <skipped/>
  </testcase> <!-- verifyCodeImplementationPage -->
  <system-out/>
  <testcase classname="dsAlgoTests.StackTest" name="verifyCodeOperationsInStackPage" time="0.000">
    <skipped/>
  </testcase> <!-- verifyCodeOperationsInStackPage -->
  <system-out/>
  <testcase classname="dsAlgoTests.StackTest" name="verifyCodeApplicationsPage" time="0.000">
    <skipped/>
  </testcase> <!-- verifyCodeApplicationsPage -->
  <system-out/>
  <testcase classname="dsAlgoTests.StackTest" name="verifyCodeImplementationPage" time="0.000">
    <skipped/>
  </testcase> <!-- verifyCodeImplementationPage -->
  <system-out/>
  <testcase classname="dsAlgoTests.StackTest" name="verifyCodeOperationsInStackPage" time="0.000">
    <skipped/>
  </testcase> <!-- verifyCodeOperationsInStackPage -->
  <system-out/>
  <testcase classname="dsAlgoTests.StackTest" name="verifyCodeApplicationsPage" time="0.000">
    <skipped/>
  </testcase> <!-- verifyCodeApplicationsPage -->
  <system-out/>
  <testcase classname="dsAlgoTests.StackTest" name="verifyCodeOperationsInStackPage" time="0.000">
    <skipped/>
  </testcase> <!-- verifyCodeOperationsInStackPage -->
  <system-out/>
  <testcase classname="dsAlgoTests.StackTest" name="verifyCodeApplicationsPage" time="0.000">
    <skipped/>
  </testcase> <!-- verifyCodeApplicationsPage -->
  <system-out/>
  <testcase classname="dsAlgoTests.StackTest" name="verifyCodeApplicationsPage" time="0.000">
    <skipped/>
  </testcase> <!-- verifyCodeApplicationsPage -->
  <system-out/>
  <testcase classname="dsAlgoTests.StackTest" name="verifyCodeOperationsInStackPage" time="0.000">
    <skipped/>
  </testcase> <!-- verifyCodeOperationsInStackPage -->
  <system-out/>
  <testcase classname="dsAlgoTests.StackTest" name="verifyCodeOperationsInStackPage" time="0.000">
    <skipped/>
  </testcase> <!-- verifyCodeOperationsInStackPage -->
  <system-out/>
  <testcase classname="dsAlgoTests.StackTest" name="verifyCodeImplementationPage" time="0.000">
    <skipped/>
  </testcase> <!-- verifyCodeImplementationPage -->
  <system-out/>
  <testcase classname="dsAlgoTests.StackTest" name="verifyCodeOperationsInStackPage" time="0.000">
    <skipped/>
  </testcase> <!-- verifyCodeOperationsInStackPage -->
  <system-out/>
  <testcase classname="dsAlgoTests.StackTest" name="verifyCodeApplicationsPage" time="0.000">
    <skipped/>
  </testcase> <!-- verifyCodeApplicationsPage -->
  <system-out/>
  <testcase classname="dsAlgoTests.StackTest" name="verifyCodeOperationsInStackPage" time="0.000">
    <skipped/>
  </testcase> <!-- verifyCodeOperationsInStackPage -->
  <system-out/>
  <testcase classname="dsAlgoTests.StackTest" name="verifyCodeOperationsInStackPage" time="0.000">
    <skipped/>
  </testcase> <!-- verifyCodeOperationsInStackPage -->
  <system-out/>
  <testcase classname="dsAlgoTests.StackTest" name="verifyCodeImplementationPage" time="0.000">
    <skipped/>
  </testcase> <!-- verifyCodeImplementationPage -->
  <system-out/>
  <testcase classname="dsAlgoTests.StackTest" name="verifyCodeImplementationPage" time="0.000">
    <skipped/>
  </testcase> <!-- verifyCodeImplementationPage -->
  <system-out/>
  <testcase classname="dsAlgoTests.StackTest" name="verifyCodeImplementationPage" time="0.000">
    <skipped/>
  </testcase> <!-- verifyCodeImplementationPage -->
  <system-out/>
  <testcase classname="dsAlgoTests.StackTest" name="verifyCodeImplementationPage" time="0.000">
    <skipped/>
  </testcase> <!-- verifyCodeImplementationPage -->
  <system-out/>
  <testcase classname="dsAlgoTests.StackTest" name="verifyCodeImplementationPage" time="0.000">
    <skipped/>
  </testcase> <!-- verifyCodeImplementationPage -->
  <system-out/>
  <testcase classname="dsAlgoTests.StackTest" name="verifyCodeOperationsInStackPage" time="0.000">
    <skipped/>
  </testcase> <!-- verifyCodeOperationsInStackPage -->
  <system-out/>
  <testcase classname="dsAlgoTests.StackTest" name="verifyCodeImplementationPage" time="0.000">
    <skipped/>
  </testcase> <!-- verifyCodeImplementationPage -->
  <system-out/>
  <testcase classname="dsAlgoTests.StackTest" name="verifyCodeOperationsInStackPage" time="0.000">
    <skipped/>
  </testcase> <!-- verifyCodeOperationsInStackPage -->
  <system-out/>
  <testcase classname="dsAlgoTests.StackTest" name="verifyCodeApplicationsPage" time="0.000">
    <skipped/>
  </testcase> <!-- verifyCodeApplicationsPage -->
  <system-out/>
  <testcase classname="dsAlgoTests.StackTest" name="verifyCodeOperationsInStackPage" time="0.000">
    <skipped/>
  </testcase> <!-- verifyCodeOperationsInStackPage -->
  <system-out/>
  <testcase classname="dsAlgoTests.StackTest" name="verifyCodeOperationsInStackPage" time="0.000">
    <skipped/>
  </testcase> <!-- verifyCodeOperationsInStackPage -->
  <system-out/>
  <testcase classname="dsAlgoTests.StackTest" name="verifyCodeOperationsInStackPage" time="0.000">
    <skipped/>
  </testcase> <!-- verifyCodeOperationsInStackPage -->
  <system-out/>
  <testcase classname="dsAlgoTests.StackTest" name="verifyCodeImplementationPage" time="0.000">
    <skipped/>
  </testcase> <!-- verifyCodeImplementationPage -->
  <system-out/>
  <testcase classname="dsAlgoTests.StackTest" name="verifyCodeImplementationPage" time="0.000">
    <skipped/>
  </testcase> <!-- verifyCodeImplementationPage -->
  <system-out/>
  <testcase classname="dsAlgoTests.StackTest" name="verifyCodeApplicationsPage" time="0.000">
    <skipped/>
  </testcase> <!-- verifyCodeApplicationsPage -->
  <system-out/>
  <testcase classname="dsAlgoTests.StackTest" name="verifyCodeApplicationsPage" time="0.000">
    <skipped/>
  </testcase> <!-- verifyCodeApplicationsPage -->
  <system-out/>
  <testcase classname="dsAlgoTests.StackTest" name="verifyCodeImplementationPage" time="0.000">
    <skipped/>
  </testcase> <!-- verifyCodeImplementationPage -->
  <system-out/>
  <testcase classname="dsAlgoTests.StackTest" name="verifyCodeOperationsInStackPage" time="0.000">
    <skipped/>
  </testcase> <!-- verifyCodeOperationsInStackPage -->
  <system-out/>
  <testcase classname="dsAlgoTests.StackTest" name="verifyCodeApplicationsPage" time="0.000">
    <skipped/>
  </testcase> <!-- verifyCodeApplicationsPage -->
  <system-out/>
  <testcase classname="dsAlgoTests.StackTest" name="verifyCodeOperationsInStackPage" time="0.000">
    <skipped/>
  </testcase> <!-- verifyCodeOperationsInStackPage -->
  <system-out/>
  <testcase classname="dsAlgoTests.StackTest" name="verifyCodeApplicationsPage" time="0.000">
    <skipped/>
  </testcase> <!-- verifyCodeApplicationsPage -->
  <system-out/>
  <testcase classname="dsAlgoTests.StackTest" name="verifyCodeOperationsInStackPage" time="0.000">
    <skipped/>
  </testcase> <!-- verifyCodeOperationsInStackPage -->
  <system-out/>
  <testcase classname="dsAlgoTests.StackTest" name="verifyCodeApplicationsPage" time="0.000">
    <skipped/>
  </testcase> <!-- verifyCodeApplicationsPage -->
  <system-out/>
  <testcase classname="dsAlgoTests.StackTest" name="verifyCodeApplicationsPage" time="0.000">
    <skipped/>
  </testcase> <!-- verifyCodeApplicationsPage -->
  <system-out/>
  <testcase classname="dsAlgoTests.StackTest" name="verifyCodeOperationsInStackPage" time="0.000">
    <skipped/>
  </testcase> <!-- verifyCodeOperationsInStackPage -->
  <system-out/>
  <testcase classname="dsAlgoTests.StackTest" name="verifyCodeApplicationsPage" time="0.000">
    <skipped/>
  </testcase> <!-- verifyCodeApplicationsPage -->
  <system-out/>
  <testcase classname="dsAlgoTests.StackTest" name="verifyCodeOperationsInStackPage" time="0.000">
    <skipped/>
  </testcase> <!-- verifyCodeOperationsInStackPage -->
  <system-out/>
  <testcase classname="dsAlgoTests.StackTest" name="verifyCodeApplicationsPage" time="0.000">
    <skipped/>
  </testcase> <!-- verifyCodeApplicationsPage -->
  <system-out/>
  <testcase classname="dsAlgoTests.StackTest" name="verifyCodeApplicationsPage" time="0.000">
    <skipped/>
  </testcase> <!-- verifyCodeApplicationsPage -->
  <system-out/>
  <testcase classname="dsAlgoTests.StackTest" name="verifyCodeOperationsInStackPage" time="0.000">
    <skipped/>
  </testcase> <!-- verifyCodeOperationsInStackPage -->
  <system-out/>
  <testcase classname="dsAlgoTests.StackTest" name="verifyCodeApplicationsPage" time="0.000">
    <skipped/>
  </testcase> <!-- verifyCodeApplicationsPage -->
  <system-out/>
  <testcase classname="dsAlgoTests.StackTest" name="verifyCodeApplicationsPage" time="0.000">
    <skipped/>
  </testcase> <!-- verifyCodeApplicationsPage -->
  <system-out/>
  <testcase classname="dsAlgoTests.StackTest" name="verifyCodeImplementationPage" time="0.000">
    <skipped/>
  </testcase> <!-- verifyCodeImplementationPage -->
  <system-out/>
  <testcase classname="dsAlgoTests.StackTest" name="verifyCodeImplementationPage" time="0.000">
    <skipped/>
  </testcase> <!-- verifyCodeImplementationPage -->
  <system-out/>
  <testcase classname="dsAlgoTests.StackTest" name="verifyCodeApplicationsPage" time="0.000">
    <skipped/>
  </testcase> <!-- verifyCodeApplicationsPage -->
  <system-out/>
  <testcase classname="dsAlgoTests.StackTest" name="verifyCodeImplementationPage" time="0.000">
    <skipped/>
  </testcase> <!-- verifyCodeImplementationPage -->
  <system-out/>
  <testcase classname="dsAlgoTests.StackTest" name="verifyCodeOperationsInStackPage" time="0.000">
    <skipped/>
  </testcase> <!-- verifyCodeOperationsInStackPage -->
  <system-out/>
  <testcase classname="dsAlgoTests.StackTest" name="verifyCodeApplicationsPage" time="0.000">
    <skipped/>
  </testcase> <!-- verifyCodeApplicationsPage -->
  <system-out/>
  <testcase classname="dsAlgoTests.StackTest" name="verifyCodeApplicationsPage" time="0.000">
    <skipped/>
  </testcase> <!-- verifyCodeApplicationsPage -->
  <system-out/>
  <testcase classname="dsAlgoTests.StackTest" name="verifyCodeOperationsInStackPage" time="0.000">
    <skipped/>
  </testcase> <!-- verifyCodeOperationsInStackPage -->
  <system-out/>
  <testcase classname="dsAlgoTests.StackTest" name="navigateToApplications" time="0.000">
    <skipped/>
  </testcase> <!-- navigateToApplications -->
  <system-out/>
  <testcase classname="dsAlgoTests.StackTest" name="verifyCodeOperationsInStackPage" time="0.000">
    <skipped/>
  </testcase> <!-- verifyCodeOperationsInStackPage -->
  <system-out/>
  <testcase classname="dsAlgoTests.StackTest" name="verifyCodeApplicationsPage" time="0.000">
    <skipped/>
  </testcase> <!-- verifyCodeApplicationsPage -->
  <system-out/>
  <testcase classname="dsAlgoTests.StackTest" name="verifyCodeImplementationPage" time="0.000">
    <skipped/>
  </testcase> <!-- verifyCodeImplementationPage -->
  <system-out/>
  <testcase classname="dsAlgoTests.StackTest" name="verifyCodeImplementationPage" time="0.000">
    <skipped/>
  </testcase> <!-- verifyCodeImplementationPage -->
  <system-out/>
  <testcase classname="dsAlgoTests.StackTest" name="verifyCodeApplicationsPage" time="0.000">
    <skipped/>
  </testcase> <!-- verifyCodeApplicationsPage -->
  <system-out/>
  <testcase classname="dsAlgoTests.StackTest" name="verifyCodeOperationsInStackPage" time="0.000">
    <skipped/>
  </testcase> <!-- verifyCodeOperationsInStackPage -->
  <system-out/>
  <testcase classname="dsAlgoTests.StackTest" name="verifyCodeApplicationsPage" time="0.000">
    <skipped/>
  </testcase> <!-- verifyCodeApplicationsPage -->
  <system-out/>
  <testcase classname="dsAlgoTests.StackTest" name="verifyCodeOperationsInStackPage" time="0.000">
    <skipped/>
  </testcase> <!-- verifyCodeOperationsInStackPage -->
  <system-out/>
  <testcase classname="dsAlgoTests.StackTest" name="verifyCodeOperationsInStackPage" time="0.000">
    <skipped/>
  </testcase> <!-- verifyCodeOperationsInStackPage -->
  <system-out/>
  <testcase classname="dsAlgoTests.StackTest" name="verifyCodeOperationsInStackPage" time="0.000">
    <skipped/>
  </testcase> <!-- verifyCodeOperationsInStackPage -->
  <system-out/>
  <testcase classname="dsAlgoTests.StackTest" name="seeListOfPracticeQuestionsonImplementationPage" time="0.000">
    <skipped/>
  </testcase> <!-- seeListOfPracticeQuestionsonImplementationPage -->
  <system-out/>
  <testcase classname="dsAlgoTests.StackTest" name="verifyCodeApplicationsPage" time="0.000">
    <skipped/>
  </testcase> <!-- verifyCodeApplicationsPage -->
  <system-out/>
  <testcase classname="dsAlgoTests.StackTest" name="verifyCodeApplicationsPage" time="0.000">
    <skipped/>
  </testcase> <!-- verifyCodeApplicationsPage -->
  <system-out/>
  <testcase classname="dsAlgoTests.StackTest" name="verifyCodeImplementationPage" time="0.000">
    <skipped/>
  </testcase> <!-- verifyCodeImplementationPage -->
  <system-out/>
  <testcase classname="dsAlgoTests.StackTest" name="verifyCodeOperationsInStackPage" time="0.000">
    <skipped/>
  </testcase> <!-- verifyCodeOperationsInStackPage -->
  <system-out/>
  <testcase classname="dsAlgoTests.StackTest" name="verifyCodeApplicationsPage" time="0.000">
    <skipped/>
  </testcase> <!-- verifyCodeApplicationsPage -->
  <system-out/>
  <testcase classname="dsAlgoTests.StackTest" name="verifyCodeImplementationPage" time="0.000">
    <skipped/>
  </testcase> <!-- verifyCodeImplementationPage -->
  <system-out/>
  <testcase classname="dsAlgoTests.StackTest" name="verifyCodeApplicationsPage" time="0.000">
    <skipped/>
  </testcase> <!-- verifyCodeApplicationsPage -->
  <system-out/>
  <testcase classname="dsAlgoTests.StackTest" name="verifyCodeOperationsInStackPage" time="0.000">
    <skipped/>
  </testcase> <!-- verifyCodeOperationsInStackPage -->
  <system-out/>
  <testcase classname="dsAlgoTests.StackTest" name="verifyCodeOperationsInStackPage" time="0.000">
    <skipped/>
  </testcase> <!-- verifyCodeOperationsInStackPage -->
  <system-out/>
  <testcase classname="dsAlgoTests.StackTest" name="verifyCodeImplementationPage" time="0.000">
    <skipped/>
  </testcase> <!-- verifyCodeImplementationPage -->
  <system-out/>
  <testcase classname="dsAlgoTests.StackTest" name="verifyCodeImplementationPage" time="0.000">
    <skipped/>
  </testcase> <!-- verifyCodeImplementationPage -->
  <system-out/>
  <testcase classname="dsAlgoTests.StackTest" name="verifyCodeOperationsInStackPage" time="0.000">
    <skipped/>
  </testcase> <!-- verifyCodeOperationsInStackPage -->
  <system-out/>
  <testcase classname="dsAlgoTests.StackTest" name="verifyCodeApplicationsPage" time="0.000">
    <skipped/>
  </testcase> <!-- verifyCodeApplicationsPage -->
  <system-out/>
  <testcase classname="dsAlgoTests.StackTest" name="verifyCodeImplementationPage" time="0.000">
    <skipped/>
  </testcase> <!-- verifyCodeImplementationPage -->
  <system-out/>
  <testcase classname="dsAlgoTests.StackTest" name="verifyCodeOperationsInStackPage" time="0.000">
    <skipped/>
  </testcase> <!-- verifyCodeOperationsInStackPage -->
  <system-out/>
  <testcase classname="dsAlgoTests.StackTest" name="verifyCodeImplementationPage" time="0.000">
    <skipped/>
  </testcase> <!-- verifyCodeImplementationPage -->
  <system-out/>
  <testcase classname="dsAlgoTests.StackTest" name="verifyCodeOperationsInStackPage" time="0.000">
    <skipped/>
  </testcase> <!-- verifyCodeOperationsInStackPage -->
  <system-out/>
  <testcase classname="dsAlgoTests.StackTest" name="verifyCodeApplicationsPage" time="0.000">
    <skipped/>
  </testcase> <!-- verifyCodeApplicationsPage -->
  <system-out/>
  <testcase classname="dsAlgoTests.StackTest" name="verifyCodeImplementationPage" time="0.000">
    <skipped/>
  </testcase> <!-- verifyCodeImplementationPage -->
  <system-out/>
  <testcase classname="dsAlgoTests.StackTest" name="verifyCodeApplicationsPage" time="0.000">
    <skipped/>
  </testcase> <!-- verifyCodeApplicationsPage -->
  <system-out/>
  <testcase classname="dsAlgoTests.StackTest" name="verifyCodeOperationsInStackPage" time="0.000">
    <skipped/>
  </testcase> <!-- verifyCodeOperationsInStackPage -->
  <system-out/>
  <testcase classname="dsAlgoTests.StackTest" name="verifyCodeOperationsInStackPage" time="0.000">
    <skipped/>
  </testcase> <!-- verifyCodeOperationsInStackPage -->
  <system-out/>
  <testcase classname="dsAlgoTests.StackTest" name="verifyCodeOperationsInStackPage" time="0.000">
    <skipped/>
  </testcase> <!-- verifyCodeOperationsInStackPage -->
  <system-out/>
  <testcase classname="dsAlgoTests.StackTest" name="verifyCodeOperationsInStackPage" time="0.000">
    <skipped/>
  </testcase> <!-- verifyCodeOperationsInStackPage -->
  <system-out/>
  <testcase classname="dsAlgoTests.StackTest" name="verifyCodeOperationsInStackPage" time="0.000">
    <skipped/>
  </testcase> <!-- verifyCodeOperationsInStackPage -->
  <system-out/>
  <testcase classname="dsAlgoTests.StackTest" name="verifyCodeImplementationPage" time="0.000">
    <skipped/>
  </testcase> <!-- verifyCodeImplementationPage -->
  <system-out/>
  <testcase classname="dsAlgoTests.StackTest" name="verifyCodeApplicationsPage" time="0.000">
    <skipped/>
  </testcase> <!-- verifyCodeApplicationsPage -->
  <system-out/>
  <testcase classname="dsAlgoTests.StackTest" name="verifyCodeImplementationPage" time="0.000">
    <skipped/>
  </testcase> <!-- verifyCodeImplementationPage -->
  <system-out/>
  <testcase classname="dsAlgoTests.StackTest" name="verifyCodeImplementationPage" time="0.000">
    <skipped/>
  </testcase> <!-- verifyCodeImplementationPage -->
  <system-out/>
  <testcase classname="dsAlgoTests.StackTest" name="verifyCodeOperationsInStackPage" time="0.000">
    <skipped/>
  </testcase> <!-- verifyCodeOperationsInStackPage -->
  <system-out/>
  <testcase classname="dsAlgoTests.StackTest" name="verifyCodeImplementationPage" time="0.000">
    <skipped/>
  </testcase> <!-- verifyCodeImplementationPage -->
  <system-out/>
  <testcase classname="dsAlgoTests.StackTest" name="verifyCodeApplicationsPage" time="0.000">
    <skipped/>
  </testcase> <!-- verifyCodeApplicationsPage -->
  <system-out/>
  <testcase classname="dsAlgoTests.StackTest" name="verifyCodeApplicationsPage" time="0.000">
    <skipped/>
  </testcase> <!-- verifyCodeApplicationsPage -->
  <system-out/>
  <testcase classname="dsAlgoTests.StackTest" name="verifyCodeImplementationPage" time="0.000">
    <skipped/>
  </testcase> <!-- verifyCodeImplementationPage -->
  <system-out/>
  <testcase classname="dsAlgoTests.StackTest" name="verifyCodeApplicationsPage" time="0.000">
    <skipped/>
  </testcase> <!-- verifyCodeApplicationsPage -->
  <system-out/>
  <testcase classname="dsAlgoTests.StackTest" name="verifyCodeImplementationPage" time="0.000">
    <skipped/>
  </testcase> <!-- verifyCodeImplementationPage -->
  <system-out/>
  <testcase classname="dsAlgoTests.StackTest" name="verifyCodeImplementationPage" time="0.000">
    <skipped/>
  </testcase> <!-- verifyCodeImplementationPage -->
  <system-out/>
  <testcase classname="dsAlgoTests.StackTest" name="verifyCodeImplementationPage" time="0.000">
    <skipped/>
  </testcase> <!-- verifyCodeImplementationPage -->
  <system-out/>
  <testcase classname="dsAlgoTests.StackTest" name="verifyCodeOperationsInStackPage" time="0.000">
    <skipped/>
  </testcase> <!-- verifyCodeOperationsInStackPage -->
  <system-out/>
  <testcase classname="dsAlgoTests.StackTest" name="verifyCodeApplicationsPage" time="0.000">
    <skipped/>
  </testcase> <!-- verifyCodeApplicationsPage -->
  <system-out/>
  <testcase classname="dsAlgoTests.StackTest" name="verifyCodeApplicationsPage" time="0.000">
    <skipped/>
  </testcase> <!-- verifyCodeApplicationsPage -->
  <system-out/>
  <testcase classname="dsAlgoTests.StackTest" name="verifyCodeImplementationPage" time="0.000">
    <skipped/>
  </testcase> <!-- verifyCodeImplementationPage -->
  <system-out/>
  <testcase classname="dsAlgoTests.StackTest" name="verifyCodeImplementationPage" time="0.000">
    <skipped/>
  </testcase> <!-- verifyCodeImplementationPage -->
  <system-out/>
  <testcase classname="dsAlgoTests.StackTest" name="verifyCodeApplicationsPage" time="0.000">
    <skipped/>
  </testcase> <!-- verifyCodeApplicationsPage -->
  <system-out/>
  <testcase classname="dsAlgoTests.StackTest" name="verifyCodeApplicationsPage" time="0.000">
    <skipped/>
  </testcase> <!-- verifyCodeApplicationsPage -->
  <system-out/>
  <testcase classname="dsAlgoTests.StackTest" name="verifyCodeImplementationPage" time="0.000">
    <skipped/>
  </testcase> <!-- verifyCodeImplementationPage -->
  <system-out/>
  <testcase classname="dsAlgoTests.StackTest" name="verifyCodeImplementationPage" time="0.000">
    <skipped/>
  </testcase> <!-- verifyCodeImplementationPage -->
  <system-out/>
  <testcase classname="dsAlgoTests.StackTest" name="verifyCodeApplicationsPage" time="0.000">
    <skipped/>
  </testcase> <!-- verifyCodeApplicationsPage -->
  <system-out/>
  <testcase classname="dsAlgoTests.StackTest" name="verifyCodeImplementationPage" time="0.000">
    <skipped/>
  </testcase> <!-- verifyCodeImplementationPage -->
  <system-out/>
  <testcase classname="dsAlgoTests.StackTest" name="verifyCodeImplementationPage" time="0.000">
    <skipped/>
  </testcase> <!-- verifyCodeImplementationPage -->
  <system-out/>
  <testcase classname="dsAlgoTests.StackTest" name="verifyCodeOperationsInStackPage" time="0.000">
    <skipped/>
  </testcase> <!-- verifyCodeOperationsInStackPage -->
  <system-out/>
  <testcase classname="dsAlgoTests.StackTest" name="verifyCodeOperationsInStackPage" time="0.000">
    <skipped/>
  </testcase> <!-- verifyCodeOperationsInStackPage -->
  <system-out/>
  <testcase classname="dsAlgoTests.StackTest" name="verifyCodeImplementationPage" time="0.000">
    <skipped/>
  </testcase> <!-- verifyCodeImplementationPage -->
  <system-out/>
  <testcase classname="dsAlgoTests.StackTest" name="verifyCodeOperationsInStackPage" time="0.000">
    <skipped/>
  </testcase> <!-- verifyCodeOperationsInStackPage -->
  <system-out/>
  <testcase classname="dsAlgoTests.StackTest" name="verifyCodeImplementationPage" time="0.000">
    <skipped/>
  </testcase> <!-- verifyCodeImplementationPage -->
  <system-out/>
  <testcase classname="dsAlgoTests.StackTest" name="verifyCodeApplicationsPage" time="0.000">
    <skipped/>
  </testcase> <!-- verifyCodeApplicationsPage -->
  <system-out/>
  <testcase classname="dsAlgoTests.StackTest" name="verifyCodeOperationsInStackPage" time="0.000">
    <skipped/>
  </testcase> <!-- verifyCodeOperationsInStackPage -->
  <system-out/>
  <testcase classname="dsAlgoTests.StackTest" name="verifyCodeApplicationsPage" time="0.000">
    <skipped/>
  </testcase> <!-- verifyCodeApplicationsPage -->
  <system-out/>
  <testcase classname="dsAlgoTests.StackTest" name="verifyCodeApplicationsPage" time="0.000">
    <skipped/>
  </testcase> <!-- verifyCodeApplicationsPage -->
  <system-out/>
  <testcase classname="dsAlgoTests.StackTest" name="verifyCodeOperationsInStackPage" time="0.000">
    <skipped/>
  </testcase> <!-- verifyCodeOperationsInStackPage -->
  <system-out/>
  <testcase classname="dsAlgoTests.StackTest" name="verifyCodeOperationsInStackPage" time="0.000">
    <skipped/>
  </testcase> <!-- verifyCodeOperationsInStackPage -->
  <system-out/>
  <testcase classname="dsAlgoTests.StackTest" name="verifyCodeImplementationPage" time="0.000">
    <skipped/>
  </testcase> <!-- verifyCodeImplementationPage -->
  <system-out/>
  <testcase classname="dsAlgoTests.StackTest" name="verifyCodeImplementationPage" time="0.000">
    <skipped/>
  </testcase> <!-- verifyCodeImplementationPage -->
  <system-out/>
  <testcase classname="dsAlgoTests.StackTest" name="verifyCodeImplementationPage" time="0.000">
    <skipped/>
  </testcase> <!-- verifyCodeImplementationPage -->
  <system-out/>
  <testcase classname="dsAlgoTests.StackTest" name="navigateToImplementationPracticeQuestions" time="0.000">
    <skipped/>
  </testcase> <!-- navigateToImplementationPracticeQuestions -->
  <system-out/>
  <testcase classname="dsAlgoTests.StackTest" name="verifyCodeApplicationsPage" time="0.000">
    <skipped/>
  </testcase> <!-- verifyCodeApplicationsPage -->
  <system-out/>
  <testcase classname="dsAlgoTests.StackTest" name="verifyCodeImplementationPage" time="0.000">
    <skipped/>
  </testcase> <!-- verifyCodeImplementationPage -->
  <system-out/>
  <testcase classname="dsAlgoTests.StackTest" name="verifyCodeOperationsInStackPage" time="0.000">
    <skipped/>
  </testcase> <!-- verifyCodeOperationsInStackPage -->
  <system-out/>
  <testcase classname="dsAlgoTests.StackTest" name="verifyCodeApplicationsPage" time="0.000">
    <skipped/>
  </testcase> <!-- verifyCodeApplicationsPage -->
  <system-out/>
  <testcase classname="dsAlgoTests.StackTest" name="verifyCodeImplementationPage" time="0.000">
    <skipped/>
  </testcase> <!-- verifyCodeImplementationPage -->
  <system-out/>
  <testcase classname="dsAlgoTests.StackTest" name="verifyCodeOperationsInStackPage" time="0.000">
    <skipped/>
  </testcase> <!-- verifyCodeOperationsInStackPage -->
  <system-out/>
  <testcase classname="dsAlgoTests.StackTest" name="verifyCodeImplementationPage" time="0.000">
    <skipped/>
  </testcase> <!-- verifyCodeImplementationPage -->
  <system-out/>
  <testcase classname="dsAlgoTests.StackTest" name="verifyCodeImplementationPage" time="0.000">
    <skipped/>
  </testcase> <!-- verifyCodeImplementationPage -->
  <system-out/>
  <testcase classname="dsAlgoTests.StackTest" name="verifyCodeApplicationsPage" time="0.000">
    <skipped/>
  </testcase> <!-- verifyCodeApplicationsPage -->
  <system-out/>
  <testcase classname="dsAlgoTests.StackTest" name="verifyCodeApplicationsPage" time="0.000">
    <skipped/>
  </testcase> <!-- verifyCodeApplicationsPage -->
  <system-out/>
  <testcase classname="dsAlgoTests.StackTest" name="verifyCodeImplementationPage" time="0.000">
    <skipped/>
  </testcase> <!-- verifyCodeImplementationPage -->
  <system-out/>
  <testcase classname="dsAlgoTests.StackTest" name="verifyCodeOperationsInStackPage" time="0.000">
    <skipped/>
  </testcase> <!-- verifyCodeOperationsInStackPage -->
  <system-out/>
  <testcase classname="dsAlgoTests.StackTest" name="verifyCodeApplicationsPage" time="0.000">
    <skipped/>
  </testcase> <!-- verifyCodeApplicationsPage -->
  <system-out/>
  <testcase classname="dsAlgoTests.StackTest" name="verifyCodeImplementationPage" time="0.000">
    <skipped/>
  </testcase> <!-- verifyCodeImplementationPage -->
  <system-out/>
  <testcase classname="dsAlgoTests.StackTest" name="verifyCodeApplicationsPage" time="0.000">
    <skipped/>
  </testcase> <!-- verifyCodeApplicationsPage -->
  <system-out/>
  <testcase classname="dsAlgoTests.StackTest" name="verifyCodeOperationsInStackPage" time="0.000">
    <skipped/>
  </testcase> <!-- verifyCodeOperationsInStackPage -->
  <system-out/>
  <testcase classname="dsAlgoTests.StackTest" name="verifyCodeApplicationsPage" time="0.000">
    <skipped/>
  </testcase> <!-- verifyCodeApplicationsPage -->
  <system-out/>
  <testcase classname="dsAlgoTests.StackTest" name="verifyCodeOperationsInStackPage" time="0.000">
    <skipped/>
  </testcase> <!-- verifyCodeOperationsInStackPage -->
  <system-out/>
  <testcase classname="dsAlgoTests.StackTest" name="verifyCodeOperationsInStackPage" time="0.000">
    <skipped/>
  </testcase> <!-- verifyCodeOperationsInStackPage -->
  <system-out/>
  <testcase classname="dsAlgoTests.StackTest" name="verifyCodeApplicationsPage" time="0.000">
    <skipped/>
  </testcase> <!-- verifyCodeApplicationsPage -->
  <system-out/>
  <testcase classname="dsAlgoTests.StackTest" name="verifyCodeImplementationPage" time="0.000">
    <skipped/>
  </testcase> <!-- verifyCodeImplementationPage -->
  <system-out/>
  <testcase classname="dsAlgoTests.StackTest" name="verifyCodeApplicationsPage" time="0.000">
    <skipped/>
  </testcase> <!-- verifyCodeApplicationsPage -->
  <system-out/>
  <testcase classname="dsAlgoTests.StackTest" name="verifyCodeApplicationsPage" time="0.000">
    <skipped/>
  </testcase> <!-- verifyCodeApplicationsPage -->
  <system-out/>
  <testcase classname="dsAlgoTests.StackTest" name="verifyCodeApplicationsPage" time="0.000">
    <skipped/>
  </testcase> <!-- verifyCodeApplicationsPage -->
  <system-out/>
  <testcase classname="dsAlgoTests.StackTest" name="verifyCodeImplementationPage" time="0.000">
    <skipped/>
  </testcase> <!-- verifyCodeImplementationPage -->
  <system-out/>
  <testcase classname="dsAlgoTests.StackTest" name="verifyCodeApplicationsPage" time="0.000">
    <skipped/>
  </testcase> <!-- verifyCodeApplicationsPage -->
  <system-out/>
  <testcase classname="dsAlgoTests.StackTest" name="verifyCodeImplementationPage" time="0.000">
    <skipped/>
  </testcase> <!-- verifyCodeImplementationPage -->
  <system-out/>
  <testcase classname="dsAlgoTests.StackTest" name="verifyCodeImplementationPage" time="0.000">
    <skipped/>
  </testcase> <!-- verifyCodeImplementationPage -->
  <system-out/>
  <testcase classname="dsAlgoTests.StackTest" name="verifyCodeOperationsInStackPage" time="0.000">
    <skipped/>
  </testcase> <!-- verifyCodeOperationsInStackPage -->
  <system-out/>
  <testcase classname="dsAlgoTests.StackTest" name="verifyCodeOperationsInStackPage" time="0.000">
    <skipped/>
  </testcase> <!-- verifyCodeOperationsInStackPage -->
  <system-out/>
  <testcase classname="dsAlgoTests.StackTest" name="verifyCodeImplementationPage" time="0.000">
    <skipped/>
  </testcase> <!-- verifyCodeImplementationPage -->
  <system-out/>
  <testcase classname="dsAlgoTests.StackTest" name="verifyCodeOperationsInStackPage" time="0.000">
    <skipped/>
  </testcase> <!-- verifyCodeOperationsInStackPage -->
  <system-out/>
  <testcase classname="dsAlgoTests.StackTest" name="verifyCodeOperationsInStackPage" time="0.000">
    <skipped/>
  </testcase> <!-- verifyCodeOperationsInStackPage -->
  <system-out/>
  <testcase classname="dsAlgoTests.StackTest" name="verifyCodeImplementationPage" time="0.000">
    <skipped/>
  </testcase> <!-- verifyCodeImplementationPage -->
  <system-out/>
  <testcase classname="dsAlgoTests.StackTest" name="verifyCodeOperationsInStackPage" time="0.000">
    <skipped/>
  </testcase> <!-- verifyCodeOperationsInStackPage -->
  <system-out/>
  <testcase classname="dsAlgoTests.StackTest" name="verifyCodeOperationsInStackPage" time="0.000">
    <skipped/>
  </testcase> <!-- verifyCodeOperationsInStackPage -->
  <system-out/>
  <testcase classname="dsAlgoTests.StackTest" name="verifyCodeOperationsInStackPage" time="0.000">
    <skipped/>
  </testcase> <!-- verifyCodeOperationsInStackPage -->
  <system-out/>
  <testcase classname="dsAlgoTests.StackTest" name="verifyCodeApplicationsPage" time="0.000">
    <skipped/>
  </testcase> <!-- verifyCodeApplicationsPage -->
  <system-out/>
  <testcase classname="dsAlgoTests.StackTest" name="verifyCodeApplicationsPage" time="0.000">
    <skipped/>
  </testcase> <!-- verifyCodeApplicationsPage -->
  <system-out/>
  <testcase classname="dsAlgoTests.StackTest" name="verifyCodeOperationsInStackPage" time="0.000">
    <skipped/>
  </testcase> <!-- verifyCodeOperationsInStackPage -->
  <system-out/>
  <testcase classname="dsAlgoTests.StackTest" name="verifyCodeImplementationPage" time="0.000">
    <skipped/>
  </testcase> <!-- verifyCodeImplementationPage -->
  <system-out/>
  <testcase classname="dsAlgoTests.StackTest" name="verifyCodeApplicationsPage" time="0.000">
    <skipped/>
  </testcase> <!-- verifyCodeApplicationsPage -->
  <system-out/>
  <testcase classname="dsAlgoTests.StackTest" name="verifyCodeImplementationPage" time="0.000">
    <skipped/>
  </testcase> <!-- verifyCodeImplementationPage -->
  <system-out/>
  <testcase classname="dsAlgoTests.StackTest" name="verifyCodeImplementationPage" time="0.000">
    <skipped/>
  </testcase> <!-- verifyCodeImplementationPage -->
  <system-out/>
  <testcase classname="dsAlgoTests.StackTest" name="verifyCodeApplicationsPage" time="0.000">
    <skipped/>
  </testcase> <!-- verifyCodeApplicationsPage -->
  <system-out/>
  <testcase classname="dsAlgoTests.StackTest" name="verifyCodeApplicationsPage" time="0.000">
    <skipped/>
  </testcase> <!-- verifyCodeApplicationsPage -->
  <system-out/>
  <testcase classname="dsAlgoTests.StackTest" name="verifyCodeOperationsInStackPage" time="0.000">
    <skipped/>
  </testcase> <!-- verifyCodeOperationsInStackPage -->
  <system-out/>
  <testcase classname="dsAlgoTests.StackTest" name="verifyCodeApplicationsPage" time="0.000">
    <skipped/>
  </testcase> <!-- verifyCodeApplicationsPage -->
  <system-out/>
  <testcase classname="dsAlgoTests.StackTest" name="verifyCodeImplementationPage" time="0.000">
    <skipped/>
  </testcase> <!-- verifyCodeImplementationPage -->
  <system-out/>
  <testcase classname="dsAlgoTests.StackTest" name="verifyCodeApplicationsPage" time="0.000">
    <skipped/>
  </testcase> <!-- verifyCodeApplicationsPage -->
  <system-out/>
  <testcase classname="dsAlgoTests.StackTest" name="verifyCodeOperationsInStackPage" time="0.000">
    <skipped/>
  </testcase> <!-- verifyCodeOperationsInStackPage -->
  <system-out/>
  <testcase classname="dsAlgoTests.StackTest" name="verifyCodeOperationsInStackPage" time="0.000">
    <skipped/>
  </testcase> <!-- verifyCodeOperationsInStackPage -->
  <system-out/>
  <testcase classname="dsAlgoTests.StackTest" name="verifyCodeApplicationsPage" time="0.000">
    <skipped/>
  </testcase> <!-- verifyCodeApplicationsPage -->
  <system-out/>
  <testcase classname="dsAlgoTests.StackTest" name="verifyCodeOperationsInStackPage" time="0.000">
    <skipped/>
  </testcase> <!-- verifyCodeOperationsInStackPage -->
  <system-out/>
  <testcase classname="dsAlgoTests.StackTest" name="verifyCodeImplementationPage" time="0.000">
    <skipped/>
  </testcase> <!-- verifyCodeImplementationPage -->
  <system-out/>
  <testcase classname="dsAlgoTests.StackTest" name="verifyCodeApplicationsPage" time="0.000">
    <skipped/>
  </testcase> <!-- verifyCodeApplicationsPage -->
  <system-out/>
  <testcase classname="dsAlgoTests.StackTest" name="verifyCodeImplementationPage" time="0.000">
    <skipped/>
  </testcase> <!-- verifyCodeImplementationPage -->
  <system-out/>
  <testcase classname="dsAlgoTests.StackTest" name="verifyCodeApplicationsPage" time="0.000">
    <skipped/>
  </testcase> <!-- verifyCodeApplicationsPage -->
  <system-out/>
  <testcase classname="dsAlgoTests.StackTest" name="verifyCodeApplicationsPage" time="0.000">
    <skipped/>
  </testcase> <!-- verifyCodeApplicationsPage -->
  <system-out/>
  <testcase classname="dsAlgoTests.StackTest" name="verifyCodeApplicationsPage" time="0.000">
    <skipped/>
  </testcase> <!-- verifyCodeApplicationsPage -->
  <system-out/>
  <testcase classname="dsAlgoTests.StackTest" name="verifyCodeOperationsInStackPage" time="0.000">
    <skipped/>
  </testcase> <!-- verifyCodeOperationsInStackPage -->
  <system-out/>
  <testcase classname="dsAlgoTests.StackTest" name="verifyCodeApplicationsPage" time="0.000">
    <skipped/>
  </testcase> <!-- verifyCodeApplicationsPage -->
  <system-out/>
  <testcase classname="dsAlgoTests.StackTest" name="verifyCodeImplementationPage" time="0.000">
    <skipped/>
  </testcase> <!-- verifyCodeImplementationPage -->
  <system-out/>
  <testcase classname="dsAlgoTests.StackTest" name="verifyCodeOperationsInStackPage" time="0.000">
    <skipped/>
  </testcase> <!-- verifyCodeOperationsInStackPage -->
  <system-out/>
  <testcase classname="dsAlgoTests.StackTest" name="verifyCodeOperationsInStackPage" time="0.000">
    <skipped/>
  </testcase> <!-- verifyCodeOperationsInStackPage -->
  <system-out/>
  <testcase classname="dsAlgoTests.StackTest" name="verifyCodeApplicationsPage" time="0.000">
    <skipped/>
  </testcase> <!-- verifyCodeApplicationsPage -->
  <system-out/>
  <testcase classname="dsAlgoTests.StackTest" name="verifyCodeApplicationsPage" time="0.000">
    <skipped/>
  </testcase> <!-- verifyCodeApplicationsPage -->
  <system-out/>
  <testcase classname="dsAlgoTests.StackTest" name="verifyCodeImplementationPage" time="0.000">
    <skipped/>
  </testcase> <!-- verifyCodeImplementationPage -->
  <system-out/>
  <testcase classname="dsAlgoTests.StackTest" name="verifyCodeImplementationPage" time="0.000">
    <skipped/>
  </testcase> <!-- verifyCodeImplementationPage -->
  <system-out/>
  <testcase classname="dsAlgoTests.StackTest" name="verifyCodeOperationsInStackPage" time="0.000">
    <skipped/>
  </testcase> <!-- verifyCodeOperationsInStackPage -->
  <system-out/>
  <testcase classname="dsAlgoTests.StackTest" name="verifyCodeOperationsInStackPage" time="0.000">
    <skipped/>
  </testcase> <!-- verifyCodeOperationsInStackPage -->
  <system-out/>
  <testcase classname="dsAlgoTests.StackTest" name="verifyCodeOperationsInStackPage" time="0.000">
    <skipped/>
  </testcase> <!-- verifyCodeOperationsInStackPage -->
  <system-out/>
  <testcase classname="dsAlgoTests.StackTest" name="verifyCodeApplicationsPage" time="0.000">
    <skipped/>
  </testcase> <!-- verifyCodeApplicationsPage -->
  <system-out/>
  <testcase classname="dsAlgoTests.StackTest" name="verifyCodeImplementationPage" time="0.000">
    <skipped/>
  </testcase> <!-- verifyCodeImplementationPage -->
  <system-out/>
  <testcase classname="dsAlgoTests.StackTest" name="verifyCodeImplementationPage" time="0.000">
    <skipped/>
  </testcase> <!-- verifyCodeImplementationPage -->
  <system-out/>
  <testcase classname="dsAlgoTests.StackTest" name="verifyCodeImplementationPage" time="0.000">
    <skipped/>
  </testcase> <!-- verifyCodeImplementationPage -->
  <system-out/>
  <testcase classname="dsAlgoTests.StackTest" name="verifyCodeApplicationsPage" time="0.000">
    <skipped/>
  </testcase> <!-- verifyCodeApplicationsPage -->
  <system-out/>
  <testcase classname="dsAlgoTests.StackTest" name="verifyCodeImplementationPage" time="0.000">
    <skipped/>
  </testcase> <!-- verifyCodeImplementationPage -->
  <system-out/>
  <testcase classname="dsAlgoTests.StackTest" name="verifyCodeApplicationsPage" time="0.000">
    <skipped/>
  </testcase> <!-- verifyCodeApplicationsPage -->
  <system-out/>
  <testcase classname="dsAlgoTests.StackTest" name="verifyCodeImplementationPage" time="0.000">
    <skipped/>
  </testcase> <!-- verifyCodeImplementationPage -->
  <system-out/>
  <testcase classname="dsAlgoTests.StackTest" name="verifyCodeOperationsInStackPage" time="0.000">
    <skipped/>
  </testcase> <!-- verifyCodeOperationsInStackPage -->
  <system-out/>
  <testcase classname="dsAlgoTests.StackTest" name="verifyCodeApplicationsPage" time="0.000">
    <skipped/>
  </testcase> <!-- verifyCodeApplicationsPage -->
  <system-out/>
  <testcase classname="dsAlgoTests.StackTest" name="verifyCodeOperationsInStackPage" time="0.000">
    <skipped/>
  </testcase> <!-- verifyCodeOperationsInStackPage -->
  <system-out/>
  <testcase classname="dsAlgoTests.StackTest" name="verifyCodeImplementationPage" time="0.000">
    <skipped/>
  </testcase> <!-- verifyCodeImplementationPage -->
  <system-out/>
  <testcase classname="dsAlgoTests.StackTest" name="verifyCodeApplicationsPage" time="0.000">
    <skipped/>
  </testcase> <!-- verifyCodeApplicationsPage -->
  <system-out/>
  <testcase classname="dsAlgoTests.StackTest" name="verifyCodeImplementationPage" time="0.000">
    <skipped/>
  </testcase> <!-- verifyCodeImplementationPage -->
  <system-out/>
  <testcase classname="dsAlgoTests.StackTest" name="verifyCodeOperationsInStackPage" time="0.000">
    <skipped/>
  </testcase> <!-- verifyCodeOperationsInStackPage -->
  <system-out/>
  <testcase classname="dsAlgoTests.StackTest" name="verifyCodeApplicationsPage" time="0.000">
    <skipped/>
  </testcase> <!-- verifyCodeApplicationsPage -->
  <system-out/>
  <testcase classname="dsAlgoTests.StackTest" name="verifyCodeImplementationPage" time="0.000">
    <skipped/>
  </testcase> <!-- verifyCodeImplementationPage -->
  <system-out/>
  <testcase classname="dsAlgoTests.StackTest" name="verifyCodeImplementationPage" time="0.000">
    <skipped/>
  </testcase> <!-- verifyCodeImplementationPage -->
  <system-out/>
  <testcase classname="dsAlgoTests.StackTest" name="verifyCodeApplicationsPage" time="0.000">
    <skipped/>
  </testcase> <!-- verifyCodeApplicationsPage -->
  <system-out/>
  <testcase classname="dsAlgoTests.StackTest" name="verifyCodeImplementationPage" time="0.000">
    <skipped/>
  </testcase> <!-- verifyCodeImplementationPage -->
  <system-out/>
  <testcase classname="dsAlgoTests.StackTest" name="verifyCodeImplementationPage" time="0.000">
    <skipped/>
  </testcase> <!-- verifyCodeImplementationPage -->
  <system-out/>
  <testcase classname="dsAlgoTests.StackTest" name="verifyCodeApplicationsPage" time="0.000">
    <skipped/>
  </testcase> <!-- verifyCodeApplicationsPage -->
  <system-out/>
  <testcase classname="dsAlgoTests.StackTest" name="verifyCodeImplementationPage" time="0.000">
    <skipped/>
  </testcase> <!-- verifyCodeImplementationPage -->
  <system-out/>
  <testcase classname="dsAlgoTests.StackTest" name="verifyCodeApplicationsPage" time="0.000">
    <skipped/>
  </testcase> <!-- verifyCodeApplicationsPage -->
  <system-out/>
  <testcase classname="dsAlgoTests.StackTest" name="verifyCodeImplementationPage" time="0.000">
    <skipped/>
  </testcase> <!-- verifyCodeImplementationPage -->
  <system-out/>
  <testcase classname="dsAlgoTests.StackTest" name="verifyCodeImplementationPage" time="0.000">
    <skipped/>
  </testcase> <!-- verifyCodeImplementationPage -->
  <system-out/>
  <testcase classname="dsAlgoTests.StackTest" name="verifyCodeApplicationsPage" time="0.000">
    <skipped/>
  </testcase> <!-- verifyCodeApplicationsPage -->
  <system-out/>
  <testcase classname="dsAlgoTests.StackTest" name="verifyCodeApplicationsPage" time="0.000">
    <skipped/>
  </testcase> <!-- verifyCodeApplicationsPage -->
  <system-out/>
  <testcase classname="dsAlgoTests.StackTest" name="verifyCodeImplementationPage" time="0.000">
    <skipped/>
  </testcase> <!-- verifyCodeImplementationPage -->
  <system-out/>
  <testcase classname="dsAlgoTests.StackTest" name="verifyCodeApplicationsPage" time="0.000">
    <skipped/>
  </testcase> <!-- verifyCodeApplicationsPage -->
  <system-out/>
  <testcase classname="dsAlgoTests.StackTest" name="verifyCodeApplicationsPage" time="0.000">
    <skipped/>
  </testcase> <!-- verifyCodeApplicationsPage -->
  <system-out/>
  <testcase classname="dsAlgoTests.StackTest" name="verifyCodeApplicationsPage" time="0.000">
    <skipped/>
  </testcase> <!-- verifyCodeApplicationsPage -->
  <system-out/>
  <testcase classname="dsAlgoTests.StackTest" name="verifyCodeApplicationsPage" time="0.000">
    <skipped/>
  </testcase> <!-- verifyCodeApplicationsPage -->
  <system-out/>
  <testcase classname="dsAlgoTests.StackTest" name="verifyCodeImplementationPage" time="0.000">
    <skipped/>
  </testcase> <!-- verifyCodeImplementationPage -->
  <system-out/>
  <testcase classname="dsAlgoTests.StackTest" name="verifyCodeImplementationPage" time="0.000">
    <skipped/>
  </testcase> <!-- verifyCodeImplementationPage -->
  <system-out/>
  <testcase classname="dsAlgoTests.StackTest" name="verifyCodeImplementationPage" time="0.000">
    <skipped/>
  </testcase> <!-- verifyCodeImplementationPage -->
  <system-out/>
  <testcase classname="dsAlgoTests.StackTest" name="verifyCodeApplicationsPage" time="0.000">
    <skipped/>
  </testcase> <!-- verifyCodeApplicationsPage -->
  <system-out/>
  <testcase classname="dsAlgoTests.StackTest" name="verifyCodeImplementationPage" time="0.000">
    <skipped/>
  </testcase> <!-- verifyCodeImplementationPage -->
  <system-out/>
  <testcase classname="dsAlgoTests.StackTest" name="verifyCodeApplicationsPage" time="0.000">
    <skipped/>
  </testcase> <!-- verifyCodeApplicationsPage -->
  <system-out/>
  <testcase classname="dsAlgoTests.StackTest" name="verifyCodeImplementationPage" time="0.000">
    <skipped/>
  </testcase> <!-- verifyCodeImplementationPage -->
  <system-out/>
  <testcase classname="dsAlgoTests.StackTest" name="verifyCodeOperationsInStackPage" time="0.000">
    <skipped/>
  </testcase> <!-- verifyCodeOperationsInStackPage -->
  <system-out/>
  <testcase classname="dsAlgoTests.StackTest" name="verifyCodeOperationsInStackPage" time="0.000">
    <skipped/>
  </testcase> <!-- verifyCodeOperationsInStackPage -->
  <system-out/>
  <testcase classname="dsAlgoTests.StackTest" name="verifyCodeApplicationsPage" time="0.000">
    <skipped/>
  </testcase> <!-- verifyCodeApplicationsPage -->
  <system-out/>
  <testcase classname="dsAlgoTests.StackTest" name="verifyCodeImplementationPage" time="0.000">
    <skipped/>
  </testcase> <!-- verifyCodeImplementationPage -->
  <system-out/>
  <testcase classname="dsAlgoTests.StackTest" name="verifyCodeApplicationsPage" time="0.000">
    <skipped/>
  </testcase> <!-- verifyCodeApplicationsPage -->
  <system-out/>
  <testcase classname="dsAlgoTests.StackTest" name="verifyCodeOperationsInStackPage" time="0.000">
    <skipped/>
  </testcase> <!-- verifyCodeOperationsInStackPage -->
  <system-out/>
  <testcase classname="dsAlgoTests.StackTest" name="verifyCodeApplicationsPage" time="0.000">
    <skipped/>
  </testcase> <!-- verifyCodeApplicationsPage -->
  <system-out/>
  <testcase classname="dsAlgoTests.StackTest" name="verifyCodeApplicationsPage" time="0.000">
    <skipped/>
  </testcase> <!-- verifyCodeApplicationsPage -->
  <system-out/>
  <testcase classname="dsAlgoTests.StackTest" name="verifyCodeOperationsInStackPage" time="0.000">
    <skipped/>
  </testcase> <!-- verifyCodeOperationsInStackPage -->
  <system-out/>
  <testcase classname="dsAlgoTests.StackTest" name="verifyCodeImplementationPage" time="0.000">
    <skipped/>
  </testcase> <!-- verifyCodeImplementationPage -->
  <system-out/>
  <testcase classname="dsAlgoTests.StackTest" name="verifyCodeOperationsInStackPage" time="0.000">
    <skipped/>
  </testcase> <!-- verifyCodeOperationsInStackPage -->
  <system-out/>
  <testcase classname="dsAlgoTests.StackTest" name="verifyCodeOperationsInStackPage" time="0.000">
    <skipped/>
  </testcase> <!-- verifyCodeOperationsInStackPage -->
  <system-out/>
  <testcase classname="dsAlgoTests.StackTest" name="verifyCodeImplementationPage" time="0.000">
    <skipped/>
  </testcase> <!-- verifyCodeImplementationPage -->
  <system-out/>
  <testcase classname="dsAlgoTests.StackTest" name="verifyCodeImplementationPage" time="0.000">
    <skipped/>
  </testcase> <!-- verifyCodeImplementationPage -->
  <system-out/>
  <testcase classname="dsAlgoTests.StackTest" name="verifyCodeImplementationPage" time="0.000">
    <skipped/>
  </testcase> <!-- verifyCodeImplementationPage -->
  <system-out/>
  <testcase classname="dsAlgoTests.StackTest" name="verifyCodeApplicationsPage" time="0.000">
    <skipped/>
  </testcase> <!-- verifyCodeApplicationsPage -->
  <system-out/>
  <testcase classname="dsAlgoTests.StackTest" name="verifyCodeImplementationPage" time="0.000">
    <skipped/>
  </testcase> <!-- verifyCodeImplementationPage -->
  <system-out/>
  <testcase classname="dsAlgoTests.StackTest" name="verifyCodeApplicationsPage" time="0.000">
    <skipped/>
  </testcase> <!-- verifyCodeApplicationsPage -->
  <system-out/>
  <testcase classname="dsAlgoTests.StackTest" name="verifyCodeApplicationsPage" time="0.000">
    <skipped/>
  </testcase> <!-- verifyCodeApplicationsPage -->
  <system-out/>
  <testcase classname="dsAlgoTests.StackTest" name="verifyCodeApplicationsPage" time="0.000">
    <skipped/>
  </testcase> <!-- verifyCodeApplicationsPage -->
  <system-out/>
  <testcase classname="dsAlgoTests.StackTest" name="verifyCodeApplicationsPage" time="0.000">
    <skipped/>
  </testcase> <!-- verifyCodeApplicationsPage -->
  <system-out/>
  <testcase classname="dsAlgoTests.StackTest" name="verifyCodeImplementationPage" time="0.000">
    <skipped/>
  </testcase> <!-- verifyCodeImplementationPage -->
  <system-out/>
  <testcase classname="dsAlgoTests.StackTest" name="verifyCodeImplementationPage" time="0.000">
    <skipped/>
  </testcase> <!-- verifyCodeImplementationPage -->
  <system-out/>
  <testcase classname="dsAlgoTests.StackTest" name="verifyCodeOperationsInStackPage" time="0.000">
    <skipped/>
  </testcase> <!-- verifyCodeOperationsInStackPage -->
  <system-out/>
  <testcase classname="dsAlgoTests.StackTest" name="verifyCodeApplicationsPage" time="0.000">
    <skipped/>
  </testcase> <!-- verifyCodeApplicationsPage -->
  <system-out/>
  <testcase classname="dsAlgoTests.StackTest" name="verifyCodeApplicationsPage" time="0.000">
    <skipped/>
  </testcase> <!-- verifyCodeApplicationsPage -->
  <system-out/>
  <testcase classname="dsAlgoTests.StackTest" name="verifyCodeApplicationsPage" time="0.000">
    <skipped/>
  </testcase> <!-- verifyCodeApplicationsPage -->
  <system-out/>
  <testcase classname="dsAlgoTests.StackTest" name="verifyCodeImplementationPage" time="0.000">
    <skipped/>
  </testcase> <!-- verifyCodeImplementationPage -->
  <system-out/>
  <testcase classname="dsAlgoTests.StackTest" name="verifyCodeApplicationsPage" time="0.000">
    <skipped/>
  </testcase> <!-- verifyCodeApplicationsPage -->
  <system-out/>
  <testcase classname="dsAlgoTests.StackTest" name="verifyCodeImplementationPage" time="0.000">
    <skipped/>
  </testcase> <!-- verifyCodeImplementationPage -->
  <system-out/>
  <testcase classname="dsAlgoTests.StackTest" name="verifyCodeOperationsInStackPage" time="0.000">
    <skipped/>
  </testcase> <!-- verifyCodeOperationsInStackPage -->
  <system-out/>
  <testcase classname="dsAlgoTests.StackTest" name="verifyCodeOperationsInStackPage" time="0.000">
    <skipped/>
  </testcase> <!-- verifyCodeOperationsInStackPage -->
  <system-out/>
  <testcase classname="dsAlgoTests.StackTest" name="verifyCodeApplicationsPage" time="0.000">
    <skipped/>
  </testcase> <!-- verifyCodeApplicationsPage -->
  <system-out/>
  <testcase classname="dsAlgoTests.StackTest" name="verifyCodeApplicationsPage" time="0.000">
    <skipped/>
  </testcase> <!-- verifyCodeApplicationsPage -->
  <system-out/>
  <testcase classname="dsAlgoTests.StackTest" name="verifyCodeOperationsInStackPage" time="0.000">
    <skipped/>
  </testcase> <!-- verifyCodeOperationsInStackPage -->
  <system-out/>
  <testcase classname="dsAlgoTests.StackTest" name="verifyCodeOperationsInStackPage" time="0.000">
    <skipped/>
  </testcase> <!-- verifyCodeOperationsInStackPage -->
  <system-out/>
  <testcase classname="dsAlgoTests.StackTest" name="verifyCodeOperationsInStackPage" time="0.000">
    <skipped/>
  </testcase> <!-- verifyCodeOperationsInStackPage -->
  <system-out/>
  <testcase classname="dsAlgoTests.StackTest" name="verifyCodeOperationsInStackPage" time="0.000">
    <skipped/>
  </testcase> <!-- verifyCodeOperationsInStackPage -->
  <system-out/>
  <testcase classname="dsAlgoTests.StackTest" name="verifyCodeApplicationsPage" time="0.000">
    <skipped/>
  </testcase> <!-- verifyCodeApplicationsPage -->
  <system-out/>
  <testcase classname="dsAlgoTests.StackTest" name="verifyCodeApplicationsPage" time="0.000">
    <skipped/>
  </testcase> <!-- verifyCodeApplicationsPage -->
  <system-out/>
  <testcase classname="dsAlgoTests.StackTest" name="verifyCodeOperationsInStackPage" time="0.000">
    <skipped/>
  </testcase> <!-- verifyCodeOperationsInStackPage -->
  <system-out/>
  <testcase classname="dsAlgoTests.StackTest" name="verifyCodeApplicationsPage" time="0.000">
    <skipped/>
  </testcase> <!-- verifyCodeApplicationsPage -->
  <system-out/>
  <testcase classname="dsAlgoTests.StackTest" name="verifyCodeOperationsInStackPage" time="0.000">
    <skipped/>
  </testcase> <!-- verifyCodeOperationsInStackPage -->
  <system-out/>
  <testcase classname="dsAlgoTests.StackTest" name="verifyCodeApplicationsPage" time="0.000">
    <skipped/>
  </testcase> <!-- verifyCodeApplicationsPage -->
  <system-out/>
  <testcase classname="dsAlgoTests.StackTest" name="verifyCodeOperationsInStackPage" time="0.000">
    <skipped/>
  </testcase> <!-- verifyCodeOperationsInStackPage -->
  <system-out/>
  <testcase classname="dsAlgoTests.StackTest" name="verifyCodeApplicationsPage" time="0.000">
    <skipped/>
  </testcase> <!-- verifyCodeApplicationsPage -->
  <system-out/>
  <testcase classname="dsAlgoTests.StackTest" name="verifyCodeApplicationsPage" time="0.000">
    <skipped/>
  </testcase> <!-- verifyCodeApplicationsPage -->
  <system-out/>
  <testcase classname="dsAlgoTests.StackTest" name="verifyCodeOperationsInStackPage" time="0.000">
    <skipped/>
  </testcase> <!-- verifyCodeOperationsInStackPage -->
  <system-out/>
  <testcase classname="dsAlgoTests.StackTest" name="verifyCodeOperationsInStackPage" time="0.000">
    <skipped/>
  </testcase> <!-- verifyCodeOperationsInStackPage -->
  <system-out/>
  <testcase classname="dsAlgoTests.StackTest" name="verifyCodeOperationsInStackPage" time="0.000">
    <skipped/>
  </testcase> <!-- verifyCodeOperationsInStackPage -->
  <system-out/>
  <testcase classname="dsAlgoTests.StackTest" name="verifyCodeOperationsInStackPage" time="0.000">
    <skipped/>
  </testcase> <!-- verifyCodeOperationsInStackPage -->
  <system-out/>
  <testcase classname="dsAlgoTests.StackTest" name="verifyCodeImplementationPage" time="0.000">
    <skipped/>
  </testcase> <!-- verifyCodeImplementationPage -->
  <system-out/>
  <testcase classname="dsAlgoTests.StackTest" name="verifyCodeImplementationPage" time="0.000">
    <skipped/>
  </testcase> <!-- verifyCodeImplementationPage -->
  <system-out/>
  <testcase classname="dsAlgoTests.StackTest" name="verifyCodeImplementationPage" time="0.000">
    <skipped/>
  </testcase> <!-- verifyCodeImplementationPage -->
  <system-out/>
  <testcase classname="dsAlgoTests.StackTest" name="verifyCodeOperationsInStackPage" time="0.000">
    <skipped/>
  </testcase> <!-- verifyCodeOperationsInStackPage -->
  <system-out/>
  <testcase classname="dsAlgoTests.StackTest" name="verifyCodeOperationsInStackPage" time="0.000">
    <skipped/>
  </testcase> <!-- verifyCodeOperationsInStackPage -->
  <system-out/>
  <testcase classname="dsAlgoTests.StackTest" name="verifyCodeOperationsInStackPage" time="0.000">
    <skipped/>
  </testcase> <!-- verifyCodeOperationsInStackPage -->
  <system-out/>
  <testcase classname="dsAlgoTests.StackTest" name="verifyCodeOperationsInStackPage" time="0.000">
    <skipped/>
  </testcase> <!-- verifyCodeOperationsInStackPage -->
  <system-out/>
  <testcase classname="dsAlgoTests.StackTest" name="verifyCodeImplementationPage" time="0.000">
    <skipped/>
  </testcase> <!-- verifyCodeImplementationPage -->
  <system-out/>
  <testcase classname="dsAlgoTests.StackTest" name="verifyCodeOperationsInStackPage" time="0.000">
    <skipped/>
  </testcase> <!-- verifyCodeOperationsInStackPage -->
  <system-out/>
  <testcase classname="dsAlgoTests.StackTest" name="verifyCodeApplicationsPage" time="0.000">
    <skipped/>
  </testcase> <!-- verifyCodeApplicationsPage -->
  <system-out/>
  <testcase classname="dsAlgoTests.StackTest" name="verifyCodeOperationsInStackPage" time="0.000">
    <skipped/>
  </testcase> <!-- verifyCodeOperationsInStackPage -->
  <system-out/>
  <testcase classname="dsAlgoTests.StackTest" name="verifyCodeImplementationPage" time="0.000">
    <skipped/>
  </testcase> <!-- verifyCodeImplementationPage -->
  <system-out/>
  <testcase classname="dsAlgoTests.StackTest" name="verifyCodeImplementationPage" time="0.000">
    <skipped/>
  </testcase> <!-- verifyCodeImplementationPage -->
  <system-out/>
  <testcase classname="dsAlgoTests.StackTest" name="verifyCodeApplicationsPage" time="0.000">
    <skipped/>
  </testcase> <!-- verifyCodeApplicationsPage -->
  <system-out/>
  <testcase classname="dsAlgoTests.StackTest" name="verifyCodeOperationsInStackPage" time="0.000">
    <skipped/>
  </testcase> <!-- verifyCodeOperationsInStackPage -->
  <system-out/>
  <testcase classname="dsAlgoTests.StackTest" name="verifyCodeOperationsInStackPage" time="0.000">
    <skipped/>
  </testcase> <!-- verifyCodeOperationsInStackPage -->
  <system-out/>
  <testcase classname="dsAlgoTests.StackTest" name="verifyCodeImplementationPage" time="0.000">
    <skipped/>
  </testcase> <!-- verifyCodeImplementationPage -->
  <system-out/>
  <testcase classname="dsAlgoTests.StackTest" name="verifyCodeImplementationPage" time="0.000">
    <skipped/>
  </testcase> <!-- verifyCodeImplementationPage -->
  <system-out/>
  <testcase classname="dsAlgoTests.StackTest" name="verifyCodeApplicationsPage" time="0.000">
    <skipped/>
  </testcase> <!-- verifyCodeApplicationsPage -->
  <system-out/>
  <testcase classname="dsAlgoTests.StackTest" name="verifyCodeOperationsInStackPage" time="0.000">
    <skipped/>
  </testcase> <!-- verifyCodeOperationsInStackPage -->
  <system-out/>
  <testcase classname="dsAlgoTests.StackTest" name="verifyCodeOperationsInStackPage" time="0.000">
    <skipped/>
  </testcase> <!-- verifyCodeOperationsInStackPage -->
  <system-out/>
  <testcase classname="dsAlgoTests.StackTest" name="verifyCodeImplementationPage" time="0.000">
    <skipped/>
  </testcase> <!-- verifyCodeImplementationPage -->
  <system-out/>
  <testcase classname="dsAlgoTests.StackTest" name="verifyCodeImplementationPage" time="0.000">
    <skipped/>
  </testcase> <!-- verifyCodeImplementationPage -->
  <system-out/>
  <testcase classname="dsAlgoTests.StackTest" name="verifyCodeApplicationsPage" time="0.000">
    <skipped/>
  </testcase> <!-- verifyCodeApplicationsPage -->
  <system-out/>
  <testcase classname="dsAlgoTests.StackTest" name="verifyCodeApplicationsPage" time="0.000">
    <skipped/>
  </testcase> <!-- verifyCodeApplicationsPage -->
  <system-out/>
  <testcase classname="dsAlgoTests.StackTest" name="verifyCodeImplementationPage" time="0.000">
    <skipped/>
  </testcase> <!-- verifyCodeImplementationPage -->
  <system-out/>
  <testcase classname="dsAlgoTests.StackTest" name="verifyCodeOperationsInStackPage" time="0.000">
    <skipped/>
  </testcase> <!-- verifyCodeOperationsInStackPage -->
  <system-out/>
  <testcase classname="dsAlgoTests.StackTest" name="verifyCodeOperationsInStackPage" time="0.000">
    <skipped/>
  </testcase> <!-- verifyCodeOperationsInStackPage -->
  <system-out/>
  <testcase classname="dsAlgoTests.StackTest" name="verifyCodeOperationsInStackPage" time="0.000">
    <skipped/>
  </testcase> <!-- verifyCodeOperationsInStackPage -->
  <system-out/>
  <testcase classname="dsAlgoTests.StackTest" name="verifyCodeImplementationPage" time="0.000">
    <skipped/>
  </testcase> <!-- verifyCodeImplementationPage -->
  <system-out/>
  <testcase classname="dsAlgoTests.StackTest" name="verifyCodeImplementationPage" time="0.000">
    <skipped/>
  </testcase> <!-- verifyCodeImplementationPage -->
  <system-out/>
  <testcase classname="dsAlgoTests.StackTest" name="verifyCodeImplementationPage" time="0.000">
    <skipped/>
  </testcase> <!-- verifyCodeImplementationPage -->
  <system-out/>
  <testcase classname="dsAlgoTests.StackTest" name="verifyCodeImplementationPage" time="0.000">
    <skipped/>
  </testcase> <!-- verifyCodeImplementationPage -->
  <system-out/>
  <testcase classname="dsAlgoTests.StackTest" name="verifyCodeApplicationsPage" time="0.000">
    <skipped/>
  </testcase> <!-- verifyCodeApplicationsPage -->
  <system-out/>
  <testcase classname="dsAlgoTests.StackTest" name="verifyCodeApplicationsPage" time="0.000">
    <skipped/>
  </testcase> <!-- verifyCodeApplicationsPage -->
  <system-out/>
  <testcase classname="dsAlgoTests.StackTest" name="verifyCodeOperationsInStackPage" time="0.000">
    <skipped/>
  </testcase> <!-- verifyCodeOperationsInStackPage -->
  <system-out/>
  <testcase classname="dsAlgoTests.StackTest" name="verifyCodeOperationsInStackPage" time="0.000">
    <skipped/>
  </testcase> <!-- verifyCodeOperationsInStackPage -->
  <system-out/>
  <testcase classname="dsAlgoTests.StackTest" name="verifyCodeApplicationsPage" time="0.000">
    <skipped/>
  </testcase> <!-- verifyCodeApplicationsPage -->
  <system-out/>
  <testcase classname="dsAlgoTests.StackTest" name="verifyCodeImplementationPage" time="0.000">
    <skipped/>
  </testcase> <!-- verifyCodeImplementationPage -->
  <system-out/>
  <testcase classname="dsAlgoTests.StackTest" name="verifyCodeApplicationsPage" time="0.000">
    <skipped/>
  </testcase> <!-- verifyCodeApplicationsPage -->
  <system-out/>
  <testcase classname="dsAlgoTests.StackTest" name="verifyCodeImplementationPage" time="0.000">
    <skipped/>
  </testcase> <!-- verifyCodeImplementationPage -->
  <system-out/>
  <testcase classname="dsAlgoTests.StackTest" name="verifyCodeApplicationsPage" time="0.000">
    <skipped/>
  </testcase> <!-- verifyCodeApplicationsPage -->
  <system-out/>
  <testcase classname="dsAlgoTests.StackTest" name="verifyCodeImplementationPage" time="0.000">
    <skipped/>
  </testcase> <!-- verifyCodeImplementationPage -->
  <system-out/>
  <testcase classname="dsAlgoTests.StackTest" name="verifyCodeOperationsInStackPage" time="0.000">
    <skipped/>
  </testcase> <!-- verifyCodeOperationsInStackPage -->
  <system-out/>
  <testcase classname="dsAlgoTests.StackTest" name="navigateToOperationsInStack" time="0.000">
    <skipped/>
  </testcase> <!-- navigateToOperationsInStack -->
  <system-out/>
  <testcase classname="dsAlgoTests.StackTest" name="verifyCodeApplicationsPage" time="0.000">
    <skipped/>
  </testcase> <!-- verifyCodeApplicationsPage -->
  <system-out/>
  <testcase classname="dsAlgoTests.StackTest" name="verifyCodeApplicationsPage" time="0.000">
    <skipped/>
  </testcase> <!-- verifyCodeApplicationsPage -->
  <system-out/>
  <testcase classname="dsAlgoTests.StackTest" name="verifyCodeOperationsInStackPage" time="0.000">
    <skipped/>
  </testcase> <!-- verifyCodeOperationsInStackPage -->
  <system-out/>
  <testcase classname="dsAlgoTests.StackTest" name="verifyCodeApplicationsPage" time="0.000">
    <skipped/>
  </testcase> <!-- verifyCodeApplicationsPage -->
  <system-out/>
  <testcase classname="dsAlgoTests.StackTest" name="verifyCodeApplicationsPage" time="0.000">
    <skipped/>
  </testcase> <!-- verifyCodeApplicationsPage -->
  <system-out/>
  <testcase classname="dsAlgoTests.StackTest" name="verifyCodeApplicationsPage" time="0.000">
    <skipped/>
  </testcase> <!-- verifyCodeApplicationsPage -->
  <system-out/>
  <testcase classname="dsAlgoTests.StackTest" name="verifyCodeOperationsInStackPage" time="0.000">
    <skipped/>
  </testcase> <!-- verifyCodeOperationsInStackPage -->
  <system-out/>
  <testcase classname="dsAlgoTests.StackTest" name="verifyCodeImplementationPage" time="0.000">
    <skipped/>
  </testcase> <!-- verifyCodeImplementationPage -->
  <system-out/>
  <testcase classname="dsAlgoTests.StackTest" name="verifyCodeImplementationPage" time="0.000">
    <skipped/>
  </testcase> <!-- verifyCodeImplementationPage -->
  <system-out/>
  <testcase classname="dsAlgoTests.StackTest" name="verifyCodeImplementationPage" time="0.000">
    <skipped/>
  </testcase> <!-- verifyCodeImplementationPage -->
  <system-out/>
  <testcase classname="dsAlgoTests.StackTest" name="verifyCodeOperationsInStackPage" time="0.000">
    <skipped/>
  </testcase> <!-- verifyCodeOperationsInStackPage -->
  <system-out/>
  <testcase classname="dsAlgoTests.StackTest" name="verifyCodeOperationsInStackPage" time="0.000">
    <skipped/>
  </testcase> <!-- verifyCodeOperationsInStackPage -->
  <system-out/>
  <testcase classname="dsAlgoTests.StackTest" name="verifyCodeImplementationPage" time="0.000">
    <skipped/>
  </testcase> <!-- verifyCodeImplementationPage -->
  <system-out/>
  <testcase classname="dsAlgoTests.StackTest" name="verifyCodeOperationsInStackPage" time="0.000">
    <skipped/>
  </testcase> <!-- verifyCodeOperationsInStackPage -->
  <system-out/>
  <testcase classname="dsAlgoTests.StackTest" name="verifyCodeOperationsInStackPage" time="0.000">
    <skipped/>
  </testcase> <!-- verifyCodeOperationsInStackPage -->
  <system-out/>
  <testcase classname="dsAlgoTests.StackTest" name="verifyCodeImplementationPage" time="0.000">
    <skipped/>
  </testcase> <!-- verifyCodeImplementationPage -->
  <system-out/>
  <testcase classname="dsAlgoTests.StackTest" name="verifyCodeApplicationsPage" time="0.000">
    <skipped/>
  </testcase> <!-- verifyCodeApplicationsPage -->
  <system-out/>
  <testcase classname="dsAlgoTests.StackTest" name="verifyCodeOperationsInStackPage" time="0.000">
    <skipped/>
  </testcase> <!-- verifyCodeOperationsInStackPage -->
  <system-out/>
  <testcase classname="dsAlgoTests.StackTest" name="verifyCodeOperationsInStackPage" time="0.000">
    <skipped/>
  </testcase> <!-- verifyCodeOperationsInStackPage -->
  <system-out/>
  <testcase classname="dsAlgoTests.StackTest" name="verifyCodeImplementationPage" time="0.000">
    <skipped/>
  </testcase> <!-- verifyCodeImplementationPage -->
  <system-out/>
  <testcase classname="dsAlgoTests.StackTest" name="verifyCodeOperationsInStackPage" time="0.000">
    <skipped/>
  </testcase> <!-- verifyCodeOperationsInStackPage -->
  <system-out/>
  <testcase classname="dsAlgoTests.StackTest" name="verifyCodeApplicationsPage" time="0.000">
    <skipped/>
  </testcase> <!-- verifyCodeApplicationsPage -->
  <system-out/>
  <testcase classname="dsAlgoTests.StackTest" name="verifyCodeApplicationsPage" time="0.000">
    <skipped/>
  </testcase> <!-- verifyCodeApplicationsPage -->
  <system-out/>
  <testcase classname="dsAlgoTests.StackTest" name="verifyCodeImplementationPage" time="0.000">
    <skipped/>
  </testcase> <!-- verifyCodeImplementationPage -->
  <system-out/>
  <testcase classname="dsAlgoTests.StackTest" name="verifyCodeOperationsInStackPage" time="0.000">
    <skipped/>
  </testcase> <!-- verifyCodeOperationsInStackPage -->
  <system-out/>
  <testcase classname="dsAlgoTests.StackTest" name="verifyCodeOperationsInStackPage" time="0.000">
    <skipped/>
  </testcase> <!-- verifyCodeOperationsInStackPage -->
  <system-out/>
  <testcase classname="dsAlgoTests.StackTest" name="verifyCodeApplicationsPage" time="0.000">
    <skipped/>
  </testcase> <!-- verifyCodeApplicationsPage -->
  <system-out/>
  <testcase classname="dsAlgoTests.StackTest" name="verifyCodeOperationsInStackPage" time="0.000">
    <skipped/>
  </testcase> <!-- verifyCodeOperationsInStackPage -->
  <system-out/>
  <testcase classname="dsAlgoTests.StackTest" name="verifyCodeImplementationPage" time="0.000">
    <skipped/>
  </testcase> <!-- verifyCodeImplementationPage -->
  <system-out/>
  <testcase classname="dsAlgoTests.StackTest" name="verifyCodeOperationsInStackPage" time="0.000">
    <skipped/>
  </testcase> <!-- verifyCodeOperationsInStackPage -->
  <system-out/>
  <testcase classname="dsAlgoTests.StackTest" name="verifyCodeImplementationPage" time="0.000">
    <skipped/>
  </testcase> <!-- verifyCodeImplementationPage -->
  <system-out/>
  <testcase classname="dsAlgoTests.StackTest" name="verifyCodeOperationsInStackPage" time="0.000">
    <skipped/>
  </testcase> <!-- verifyCodeOperationsInStackPage -->
  <system-out/>
  <testcase classname="dsAlgoTests.StackTest" name="verifyCodeImplementationPage" time="0.000">
    <skipped/>
  </testcase> <!-- verifyCodeImplementationPage -->
  <system-out/>
  <testcase classname="dsAlgoTests.StackTest" name="verifyCodeApplicationsPage" time="0.000">
    <skipped/>
  </testcase> <!-- verifyCodeApplicationsPage -->
  <system-out/>
  <testcase classname="dsAlgoTests.StackTest" name="verifyCodeImplementationPage" time="0.000">
    <skipped/>
  </testcase> <!-- verifyCodeImplementationPage -->
  <system-out/>
  <testcase classname="dsAlgoTests.StackTest" name="verifyCodeApplicationsPage" time="0.000">
    <skipped/>
  </testcase> <!-- verifyCodeApplicationsPage -->
  <system-out/>
  <testcase classname="dsAlgoTests.StackTest" name="verifyCodeOperationsInStackPage" time="0.000">
    <skipped/>
  </testcase> <!-- verifyCodeOperationsInStackPage -->
  <system-out/>
  <testcase classname="dsAlgoTests.StackTest" name="verifyCodeApplicationsPage" time="0.000">
    <skipped/>
  </testcase> <!-- verifyCodeApplicationsPage -->
  <system-out/>
  <testcase classname="dsAlgoTests.StackTest" name="verifyCodeApplicationsPage" time="0.000">
    <skipped/>
  </testcase> <!-- verifyCodeApplicationsPage -->
  <system-out/>
  <testcase classname="dsAlgoTests.StackTest" name="verifyCodeApplicationsPage" time="0.000">
    <skipped/>
  </testcase> <!-- verifyCodeApplicationsPage -->
  <system-out/>
  <testcase classname="dsAlgoTests.StackTest" name="verifyCodeOperationsInStackPage" time="0.000">
    <skipped/>
  </testcase> <!-- verifyCodeOperationsInStackPage -->
  <system-out/>
  <testcase classname="dsAlgoTests.StackTest" name="verifyCodeApplicationsPage" time="0.000">
    <skipped/>
  </testcase> <!-- verifyCodeApplicationsPage -->
  <system-out/>
  <testcase classname="dsAlgoTests.StackTest" name="verifyCodeApplicationsPage" time="0.000">
    <skipped/>
  </testcase> <!-- verifyCodeApplicationsPage -->
  <system-out/>
  <testcase classname="dsAlgoTests.StackTest" name="verifyCodeOperationsInStackPage" time="0.000">
    <skipped/>
  </testcase> <!-- verifyCodeOperationsInStackPage -->
  <system-out/>
  <testcase classname="dsAlgoTests.StackTest" name="verifyCodeApplicationsPage" time="0.000">
    <skipped/>
  </testcase> <!-- verifyCodeApplicationsPage -->
  <system-out/>
  <testcase classname="dsAlgoTests.StackTest" name="verifyCodeOperationsInStackPage" time="0.000">
    <skipped/>
  </testcase> <!-- verifyCodeOperationsInStackPage -->
  <system-out/>
  <testcase classname="dsAlgoTests.StackTest" name="verifyCodeApplicationsPage" time="0.000">
    <skipped/>
  </testcase> <!-- verifyCodeApplicationsPage -->
  <system-out/>
  <testcase classname="dsAlgoTests.StackTest" name="verifyCodeImplementationPage" time="0.000">
    <skipped/>
  </testcase> <!-- verifyCodeImplementationPage -->
  <system-out/>
  <testcase classname="dsAlgoTests.StackTest" name="verifyCodeOperationsInStackPage" time="0.000">
    <skipped/>
  </testcase> <!-- verifyCodeOperationsInStackPage -->
  <system-out/>
  <testcase classname="dsAlgoTests.StackTest" name="verifyCodeOperationsInStackPage" time="0.000">
    <skipped/>
  </testcase> <!-- verifyCodeOperationsInStackPage -->
  <system-out/>
  <testcase classname="dsAlgoTests.StackTest" name="verifyCodeOperationsInStackPage" time="0.000">
    <skipped/>
  </testcase> <!-- verifyCodeOperationsInStackPage -->
  <system-out/>
  <testcase classname="dsAlgoTests.StackTest" name="verifyCodeImplementationPage" time="0.000">
    <skipped/>
  </testcase> <!-- verifyCodeImplementationPage -->
  <system-out/>
  <testcase classname="dsAlgoTests.StackTest" name="verifyCodeOperationsInStackPage" time="0.000">
    <skipped/>
  </testcase> <!-- verifyCodeOperationsInStackPage -->
  <system-out/>
  <testcase classname="dsAlgoTests.StackTest" name="verifyCodeImplementationPage" time="0.000">
    <skipped/>
  </testcase> <!-- verifyCodeImplementationPage -->
  <system-out/>
  <testcase classname="dsAlgoTests.StackTest" name="verifyCodeImplementationPage" time="0.000">
    <skipped/>
  </testcase> <!-- verifyCodeImplementationPage -->
  <system-out/>
  <testcase classname="dsAlgoTests.StackTest" name="verifyCodeApplicationsPage" time="0.000">
    <skipped/>
  </testcase> <!-- verifyCodeApplicationsPage -->
  <system-out/>
  <testcase classname="dsAlgoTests.StackTest" name="verifyCodeApplicationsPage" time="0.000">
    <skipped/>
  </testcase> <!-- verifyCodeApplicationsPage -->
  <system-out/>
  <testcase classname="dsAlgoTests.StackTest" name="verifyCodeApplicationsPage" time="0.000">
    <skipped/>
  </testcase> <!-- verifyCodeApplicationsPage -->
  <system-out/>
  <testcase classname="dsAlgoTests.StackTest" name="verifyCodeImplementationPage" time="0.000">
    <skipped/>
  </testcase> <!-- verifyCodeImplementationPage -->
  <system-out/>
  <testcase classname="dsAlgoTests.StackTest" name="verifyCodeOperationsInStackPage" time="0.000">
    <skipped/>
  </testcase> <!-- verifyCodeOperationsInStackPage -->
  <system-out/>
  <testcase classname="dsAlgoTests.StackTest" name="verifyCodeImplementationPage" time="0.000">
    <skipped/>
  </testcase> <!-- verifyCodeImplementationPage -->
  <system-out/>
  <testcase classname="dsAlgoTests.StackTest" name="verifyCodeImplementationPage" time="0.000">
    <skipped/>
  </testcase> <!-- verifyCodeImplementationPage -->
  <system-out/>
  <testcase classname="dsAlgoTests.StackTest" name="verifyCodeOperationsInStackPage" time="0.000">
    <skipped/>
  </testcase> <!-- verifyCodeOperationsInStackPage -->
  <system-out/>
  <testcase classname="dsAlgoTests.StackTest" name="verifyCodeImplementationPage" time="0.000">
    <skipped/>
  </testcase> <!-- verifyCodeImplementationPage -->
  <system-out/>
  <testcase classname="dsAlgoTests.StackTest" name="verifyCodeApplicationsPage" time="0.000">
    <skipped/>
  </testcase> <!-- verifyCodeApplicationsPage -->
  <system-out/>
  <testcase classname="dsAlgoTests.StackTest" name="verifyCodeOperationsInStackPage" time="0.000">
    <skipped/>
  </testcase> <!-- verifyCodeOperationsInStackPage -->
  <system-out/>
  <testcase classname="dsAlgoTests.StackTest" name="verifyCodeImplementationPage" time="0.000">
    <skipped/>
  </testcase> <!-- verifyCodeImplementationPage -->
  <system-out/>
  <testcase classname="dsAlgoTests.StackTest" name="verifyCodeApplicationsPage" time="0.000">
    <skipped/>
  </testcase> <!-- verifyCodeApplicationsPage -->
  <system-out/>
  <testcase classname="dsAlgoTests.StackTest" name="verifyCodeOperationsInStackPage" time="0.000">
    <skipped/>
  </testcase> <!-- verifyCodeOperationsInStackPage -->
  <system-out/>
  <testcase classname="dsAlgoTests.StackTest" name="verifyCodeOperationsInStackPage" time="0.000">
    <skipped/>
  </testcase> <!-- verifyCodeOperationsInStackPage -->
  <system-out/>
  <testcase classname="dsAlgoTests.StackTest" name="verifyCodeOperationsInStackPage" time="0.000">
    <skipped/>
  </testcase> <!-- verifyCodeOperationsInStackPage -->
  <system-out/>
  <testcase classname="dsAlgoTests.StackTest" name="verifyCodeOperationsInStackPage" time="0.000">
    <skipped/>
  </testcase> <!-- verifyCodeOperationsInStackPage -->
  <system-out/>
  <testcase classname="dsAlgoTests.StackTest" name="verifyCodeApplicationsPage" time="0.000">
    <skipped/>
  </testcase> <!-- verifyCodeApplicationsPage -->
  <system-out/>
  <testcase classname="dsAlgoTests.StackTest" name="verifyCodeApplicationsPage" time="0.000">
    <skipped/>
  </testcase> <!-- verifyCodeApplicationsPage -->
  <system-out/>
  <testcase classname="dsAlgoTests.StackTest" name="verifyCodeImplementationPage" time="0.000">
    <skipped/>
  </testcase> <!-- verifyCodeImplementationPage -->
  <system-out/>
  <testcase classname="dsAlgoTests.StackTest" name="verifyCodeApplicationsPage" time="0.000">
    <skipped/>
  </testcase> <!-- verifyCodeApplicationsPage -->
  <system-out/>
  <testcase classname="dsAlgoTests.StackTest" name="verifyCodeImplementationPage" time="0.000">
    <skipped/>
  </testcase> <!-- verifyCodeImplementationPage -->
  <system-out/>
  <testcase classname="dsAlgoTests.StackTest" name="verifyCodeOperationsInStackPage" time="0.000">
    <skipped/>
  </testcase> <!-- verifyCodeOperationsInStackPage -->
  <system-out/>
  <testcase classname="dsAlgoTests.StackTest" name="verifyCodeImplementationPage" time="0.000">
    <skipped/>
  </testcase> <!-- verifyCodeImplementationPage -->
  <system-out/>
  <testcase classname="dsAlgoTests.StackTest" name="verifyCodeOperationsInStackPage" time="0.000">
    <skipped/>
  </testcase> <!-- verifyCodeOperationsInStackPage -->
  <system-out/>
  <testcase classname="dsAlgoTests.StackTest" name="verifyCodeOperationsInStackPage" time="0.000">
    <skipped/>
  </testcase> <!-- verifyCodeOperationsInStackPage -->
  <system-out/>
  <testcase classname="dsAlgoTests.StackTest" name="verifyCodeImplementationPage" time="0.000">
    <skipped/>
  </testcase> <!-- verifyCodeImplementationPage -->
  <system-out/>
  <testcase classname="dsAlgoTests.StackTest" name="verifyCodeApplicationsPage" time="0.000">
    <skipped/>
  </testcase> <!-- verifyCodeApplicationsPage -->
  <system-out/>
  <testcase classname="dsAlgoTests.StackTest" name="verifyCodeOperationsInStackPage" time="0.000">
    <skipped/>
  </testcase> <!-- verifyCodeOperationsInStackPage -->
  <system-out/>
  <testcase classname="dsAlgoTests.StackTest" name="verifyCodeOperationsInStackPage" time="0.000">
    <skipped/>
  </testcase> <!-- verifyCodeOperationsInStackPage -->
  <system-out/>
  <testcase classname="dsAlgoTests.StackTest" name="verifyCodeImplementationPage" time="0.000">
    <skipped/>
  </testcase> <!-- verifyCodeImplementationPage -->
  <system-out/>
  <testcase classname="dsAlgoTests.StackTest" name="verifyCodeOperationsInStackPage" time="0.000">
    <skipped/>
  </testcase> <!-- verifyCodeOperationsInStackPage -->
  <system-out/>
  <testcase classname="dsAlgoTests.StackTest" name="verifyCodeImplementationPage" time="0.000">
    <skipped/>
  </testcase> <!-- verifyCodeImplementationPage -->
  <system-out/>
  <testcase classname="dsAlgoTests.StackTest" name="verifyCodeOperationsInStackPage" time="0.000">
    <skipped/>
  </testcase> <!-- verifyCodeOperationsInStackPage -->
  <system-out/>
  <testcase classname="dsAlgoTests.StackTest" name="verifyCodeImplementationPage" time="0.000">
    <skipped/>
  </testcase> <!-- verifyCodeImplementationPage -->
  <system-out/>
  <testcase classname="dsAlgoTests.StackTest" name="verifyCodeImplementationPage" time="0.000">
    <skipped/>
  </testcase> <!-- verifyCodeImplementationPage -->
  <system-out/>
  <testcase classname="dsAlgoTests.StackTest" name="verifyCodeApplicationsPage" time="0.000">
    <skipped/>
  </testcase> <!-- verifyCodeApplicationsPage -->
  <system-out/>
  <testcase classname="dsAlgoTests.StackTest" name="verifyCodeOperationsInStackPage" time="0.000">
    <skipped/>
  </testcase> <!-- verifyCodeOperationsInStackPage -->
  <system-out/>
  <testcase classname="dsAlgoTests.StackTest" name="verifyCodeImplementationPage" time="0.000">
    <skipped/>
  </testcase> <!-- verifyCodeImplementationPage -->
  <system-out/>
  <testcase classname="dsAlgoTests.StackTest" name="verifyCodeOperationsInStackPage" time="0.000">
    <skipped/>
  </testcase> <!-- verifyCodeOperationsInStackPage -->
  <system-out/>
  <testcase classname="dsAlgoTests.StackTest" name="verifyCodeOperationsInStackPage" time="0.000">
    <skipped/>
  </testcase> <!-- verifyCodeOperationsInStackPage -->
  <system-out/>
  <testcase classname="dsAlgoTests.StackTest" name="verifyCodeApplicationsPage" time="0.000">
    <skipped/>
  </testcase> <!-- verifyCodeApplicationsPage -->
  <system-out/>
  <testcase classname="dsAlgoTests.StackTest" name="verifyCodeImplementationPage" time="0.000">
    <skipped/>
  </testcase> <!-- verifyCodeImplementationPage -->
  <system-out/>
  <testcase classname="dsAlgoTests.StackTest" name="verifyCodeOperationsInStackPage" time="0.000">
    <skipped/>
  </testcase> <!-- verifyCodeOperationsInStackPage -->
  <system-out/>
  <testcase classname="dsAlgoTests.StackTest" name="verifyCodeImplementationPage" time="0.000">
    <skipped/>
  </testcase> <!-- verifyCodeImplementationPage -->
  <system-out/>
  <testcase classname="dsAlgoTests.StackTest" name="verifyCodeImplementationPage" time="0.000">
    <skipped/>
  </testcase> <!-- verifyCodeImplementationPage -->
  <system-out/>
  <testcase classname="dsAlgoTests.StackTest" name="verifyCodeOperationsInStackPage" time="0.000">
    <skipped/>
  </testcase> <!-- verifyCodeOperationsInStackPage -->
  <system-out/>
  <testcase classname="dsAlgoTests.StackTest" name="verifyCodeOperationsInStackPage" time="0.000">
    <skipped/>
  </testcase> <!-- verifyCodeOperationsInStackPage -->
  <system-out/>
  <testcase classname="dsAlgoTests.StackTest" name="verifyCodeApplicationsPage" time="0.000">
    <skipped/>
  </testcase> <!-- verifyCodeApplicationsPage -->
  <system-out/>
  <testcase classname="dsAlgoTests.StackTest" name="verifyCodeOperationsInStackPage" time="0.000">
    <skipped/>
  </testcase> <!-- verifyCodeOperationsInStackPage -->
  <system-out/>
  <testcase classname="dsAlgoTests.StackTest" name="verifyCodeApplicationsPage" time="0.000">
    <skipped/>
  </testcase> <!-- verifyCodeApplicationsPage -->
  <system-out/>
  <testcase classname="dsAlgoTests.StackTest" name="verifyCodeApplicationsPage" time="0.000">
    <skipped/>
  </testcase> <!-- verifyCodeApplicationsPage -->
  <system-out/>
  <testcase classname="dsAlgoTests.StackTest" name="verifyCodeOperationsInStackPage" time="0.000">
    <skipped/>
  </testcase> <!-- verifyCodeOperationsInStackPage -->
  <system-out/>
  <testcase classname="dsAlgoTests.StackTest" name="verifyCodeImplementationPage" time="0.000">
    <skipped/>
  </testcase> <!-- verifyCodeImplementationPage -->
  <system-out/>
  <testcase classname="dsAlgoTests.StackTest" name="verifyCodeApplicationsPage" time="0.000">
    <skipped/>
  </testcase> <!-- verifyCodeApplicationsPage -->
  <system-out/>
  <testcase classname="dsAlgoTests.StackTest" name="verifyCodeOperationsInStackPage" time="0.000">
    <skipped/>
  </testcase> <!-- verifyCodeOperationsInStackPage -->
  <system-out/>
  <testcase classname="dsAlgoTests.StackTest" name="verifyCodeImplementationPage" time="0.000">
    <skipped/>
  </testcase> <!-- verifyCodeImplementationPage -->
  <system-out/>
  <testcase classname="dsAlgoTests.StackTest" name="verifyCodeImplementationPage" time="0.000">
    <skipped/>
  </testcase> <!-- verifyCodeImplementationPage -->
  <system-out/>
  <testcase classname="dsAlgoTests.StackTest" name="verifyCodeApplicationsPage" time="0.000">
    <skipped/>
  </testcase> <!-- verifyCodeApplicationsPage -->
  <system-out/>
  <testcase classname="dsAlgoTests.StackTest" name="verifyCodeApplicationsPage" time="0.000">
    <skipped/>
  </testcase> <!-- verifyCodeApplicationsPage -->
  <system-out/>
  <testcase classname="dsAlgoTests.StackTest" name="verifyCodeOperationsInStackPage" time="0.000">
    <skipped/>
  </testcase> <!-- verifyCodeOperationsInStackPage -->
  <system-out/>
  <testcase classname="dsAlgoTests.StackTest" name="verifyCodeImplementationPage" time="0.000">
    <skipped/>
  </testcase> <!-- verifyCodeImplementationPage -->
  <system-out/>
  <testcase classname="dsAlgoTests.StackTest" name="verifyCodeImplementationPage" time="0.000">
    <skipped/>
  </testcase> <!-- verifyCodeImplementationPage -->
  <system-out/>
  <testcase classname="dsAlgoTests.StackTest" name="verifyCodeApplicationsPage" time="0.000">
    <skipped/>
  </testcase> <!-- verifyCodeApplicationsPage -->
  <system-out/>
  <testcase classname="dsAlgoTests.StackTest" name="verifyCodeOperationsInStackPage" time="0.000">
    <skipped/>
  </testcase> <!-- verifyCodeOperationsInStackPage -->
  <system-out/>
  <testcase classname="dsAlgoTests.StackTest" name="verifyCodeImplementationPage" time="0.000">
    <skipped/>
  </testcase> <!-- verifyCodeImplementationPage -->
  <system-out/>
  <testcase classname="dsAlgoTests.StackTest" name="verifyCodeOperationsInStackPage" time="0.000">
    <skipped/>
  </testcase> <!-- verifyCodeOperationsInStackPage -->
  <system-out/>
  <testcase classname="dsAlgoTests.StackTest" name="verifyCodeImplementationPage" time="0.000">
    <skipped/>
  </testcase> <!-- verifyCodeImplementationPage -->
  <system-out/>
  <testcase classname="dsAlgoTests.StackTest" name="verifyCodeOperationsInStackPage" time="0.000">
    <skipped/>
  </testcase> <!-- verifyCodeOperationsInStackPage -->
  <system-out/>
  <testcase classname="dsAlgoTests.StackTest" name="verifyCodeOperationsInStackPage" time="0.000">
    <skipped/>
  </testcase> <!-- verifyCodeOperationsInStackPage -->
  <system-out/>
  <testcase classname="dsAlgoTests.StackTest" name="verifyCodeApplicationsPage" time="0.000">
    <skipped/>
  </testcase> <!-- verifyCodeApplicationsPage -->
  <system-out/>
  <testcase classname="dsAlgoTests.StackTest" name="verifyCodeImplementationPage" time="0.000">
    <skipped/>
  </testcase> <!-- verifyCodeImplementationPage -->
  <system-out/>
  <testcase classname="dsAlgoTests.StackTest" name="verifyCodeImplementationPage" time="0.000">
    <skipped/>
  </testcase> <!-- verifyCodeImplementationPage -->
  <system-out/>
  <testcase classname="dsAlgoTests.StackTest" name="verifyCodeOperationsInStackPage" time="0.000">
    <skipped/>
  </testcase> <!-- verifyCodeOperationsInStackPage -->
  <system-out/>
  <testcase classname="dsAlgoTests.StackTest" name="verifyCodeImplementationPage" time="0.000">
    <skipped/>
  </testcase> <!-- verifyCodeImplementationPage -->
  <system-out/>
  <testcase classname="dsAlgoTests.StackTest" name="verifyCodeImplementationPage" time="0.000">
    <skipped/>
  </testcase> <!-- verifyCodeImplementationPage -->
  <system-out/>
  <testcase classname="dsAlgoTests.StackTest" name="verifyCodeImplementationPage" time="0.000">
    <skipped/>
  </testcase> <!-- verifyCodeImplementationPage -->
  <system-out/>
  <testcase classname="dsAlgoTests.StackTest" name="verifyCodeImplementationPage" time="0.000">
    <skipped/>
  </testcase> <!-- verifyCodeImplementationPage -->
  <system-out/>
  <testcase classname="dsAlgoTests.StackTest" name="verifyCodeOperationsInStackPage" time="0.000">
    <skipped/>
  </testcase> <!-- verifyCodeOperationsInStackPage -->
  <system-out/>
  <testcase classname="dsAlgoTests.StackTest" name="verifyCodeOperationsInStackPage" time="0.000">
    <skipped/>
  </testcase> <!-- verifyCodeOperationsInStackPage -->
  <system-out/>
  <testcase classname="dsAlgoTests.StackTest" name="verifyCodeApplicationsPage" time="0.000">
    <skipped/>
  </testcase> <!-- verifyCodeApplicationsPage -->
  <system-out/>
  <testcase classname="dsAlgoTests.StackTest" name="verifyCodeImplementationPage" time="0.000">
    <skipped/>
  </testcase> <!-- verifyCodeImplementationPage -->
  <system-out/>
  <testcase classname="dsAlgoTests.StackTest" name="verifyCodeOperationsInStackPage" time="0.000">
    <skipped/>
  </testcase> <!-- verifyCodeOperationsInStackPage -->
  <system-out/>
  <testcase classname="dsAlgoTests.StackTest" name="verifyCodeApplicationsPage" time="0.000">
    <skipped/>
  </testcase> <!-- verifyCodeApplicationsPage -->
  <system-out/>
  <testcase classname="dsAlgoTests.StackTest" name="verifyCodeImplementationPage" time="0.000">
    <skipped/>
  </testcase> <!-- verifyCodeImplementationPage -->
  <system-out/>
  <testcase classname="dsAlgoTests.StackTest" name="verifyCodeImplementationPage" time="0.000">
    <skipped/>
  </testcase> <!-- verifyCodeImplementationPage -->
  <system-out/>
  <testcase classname="dsAlgoTests.StackTest" name="verifyCodeImplementationPage" time="0.000">
    <skipped/>
  </testcase> <!-- verifyCodeImplementationPage -->
  <system-out/>
  <testcase classname="dsAlgoTests.StackTest" name="verifyCodeImplementationPage" time="0.000">
    <skipped/>
  </testcase> <!-- verifyCodeImplementationPage -->
  <system-out/>
  <testcase classname="dsAlgoTests.StackTest" name="verifyCodeImplementationPage" time="0.000">
    <skipped/>
  </testcase> <!-- verifyCodeImplementationPage -->
  <system-out/>
  <testcase classname="dsAlgoTests.StackTest" name="verifyCodeImplementationPage" time="0.000">
    <skipped/>
  </testcase> <!-- verifyCodeImplementationPage -->
  <system-out/>
  <testcase classname="dsAlgoTests.StackTest" name="verifyCodeApplicationsPage" time="0.000">
    <skipped/>
  </testcase> <!-- verifyCodeApplicationsPage -->
  <system-out/>
  <testcase classname="dsAlgoTests.StackTest" name="verifyCodeImplementationPage" time="0.000">
    <skipped/>
  </testcase> <!-- verifyCodeImplementationPage -->
  <system-out/>
  <testcase classname="dsAlgoTests.StackTest" name="verifyCodeImplementationPage" time="0.000">
    <skipped/>
  </testcase> <!-- verifyCodeImplementationPage -->
  <system-out/>
  <testcase classname="dsAlgoTests.StackTest" name="verifyCodeApplicationsPage" time="0.000">
    <skipped/>
  </testcase> <!-- verifyCodeApplicationsPage -->
  <system-out/>
  <testcase classname="dsAlgoTests.StackTest" name="verifyCodeImplementationPage" time="0.000">
    <skipped/>
  </testcase> <!-- verifyCodeImplementationPage -->
  <system-out/>
  <testcase classname="dsAlgoTests.StackTest" name="seeListOfPracticeQuestionsonOperationsInStackPage" time="0.000">
    <skipped/>
  </testcase> <!-- seeListOfPracticeQuestionsonOperationsInStackPage -->
  <system-out/>
  <testcase classname="dsAlgoTests.StackTest" name="verifyCodeOperationsInStackPage" time="0.000">
    <skipped/>
  </testcase> <!-- verifyCodeOperationsInStackPage -->
  <system-out/>
  <testcase classname="dsAlgoTests.StackTest" name="verifyCodeApplicationsPage" time="0.000">
    <skipped/>
  </testcase> <!-- verifyCodeApplicationsPage -->
  <system-out/>
  <testcase classname="dsAlgoTests.StackTest" name="verifyCodeApplicationsPage" time="0.000">
    <skipped/>
  </testcase> <!-- verifyCodeApplicationsPage -->
  <system-out/>
  <testcase classname="dsAlgoTests.StackTest" name="verifyCodeImplementationPage" time="0.000">
    <skipped/>
  </testcase> <!-- verifyCodeImplementationPage -->
  <system-out/>
  <testcase classname="dsAlgoTests.StackTest" name="verifyCodeImplementationPage" time="0.000">
    <skipped/>
  </testcase> <!-- verifyCodeImplementationPage -->
  <system-out/>
  <testcase classname="dsAlgoTests.StackTest" name="verifyCodeApplicationsPage" time="0.000">
    <skipped/>
  </testcase> <!-- verifyCodeApplicationsPage -->
  <system-out/>
  <testcase classname="dsAlgoTests.StackTest" name="verifyCodeImplementationPage" time="0.000">
    <skipped/>
  </testcase> <!-- verifyCodeImplementationPage -->
  <system-out/>
  <testcase classname="dsAlgoTests.StackTest" name="verifyCodeOperationsInStackPage" time="0.000">
    <skipped/>
  </testcase> <!-- verifyCodeOperationsInStackPage -->
  <system-out/>
  <testcase classname="dsAlgoTests.StackTest" name="verifyCodeApplicationsPage" time="0.000">
    <skipped/>
  </testcase> <!-- verifyCodeApplicationsPage -->
  <system-out/>
  <testcase classname="dsAlgoTests.StackTest" name="verifyCodeImplementationPage" time="0.000">
    <skipped/>
  </testcase> <!-- verifyCodeImplementationPage -->
  <system-out/>
  <testcase classname="dsAlgoTests.StackTest" name="verifyCodeImplementationPage" time="0.000">
    <skipped/>
  </testcase> <!-- verifyCodeImplementationPage -->
  <system-out/>
  <testcase classname="dsAlgoTests.StackTest" name="verifyCodeApplicationsPage" time="0.000">
    <skipped/>
  </testcase> <!-- verifyCodeApplicationsPage -->
  <system-out/>
  <testcase classname="dsAlgoTests.StackTest" name="verifyCodeApplicationsPage" time="0.000">
    <skipped/>
  </testcase> <!-- verifyCodeApplicationsPage -->
  <system-out/>
  <testcase classname="dsAlgoTests.StackTest" name="verifyCodeOperationsInStackPage" time="0.000">
    <skipped/>
  </testcase> <!-- verifyCodeOperationsInStackPage -->
  <system-out/>
  <testcase classname="dsAlgoTests.StackTest" name="verifyCodeImplementationPage" time="0.000">
    <skipped/>
  </testcase> <!-- verifyCodeImplementationPage -->
  <system-out/>
  <testcase classname="dsAlgoTests.StackTest" name="verifyCodeImplementationPage" time="0.000">
    <skipped/>
  </testcase> <!-- verifyCodeImplementationPage -->
  <system-out/>
  <testcase classname="dsAlgoTests.StackTest" name="verifyCodeImplementationPage" time="0.000">
    <skipped/>
  </testcase> <!-- verifyCodeImplementationPage -->
  <system-out/>
  <testcase classname="dsAlgoTests.StackTest" name="verifyCodeImplementationPage" time="0.000">
    <skipped/>
  </testcase> <!-- verifyCodeImplementationPage -->
  <system-out/>
  <testcase classname="dsAlgoTests.StackTest" name="verifyCodeOperationsInStackPage" time="0.000">
    <skipped/>
  </testcase> <!-- verifyCodeOperationsInStackPage -->
  <system-out/>
  <testcase classname="dsAlgoTests.StackTest" name="verifyCodeImplementationPage" time="0.000">
    <skipped/>
  </testcase> <!-- verifyCodeImplementationPage -->
  <system-out/>
  <testcase classname="dsAlgoTests.StackTest" name="verifyCodeImplementationPage" time="0.000">
    <skipped/>
  </testcase> <!-- verifyCodeImplementationPage -->
  <system-out/>
  <testcase classname="dsAlgoTests.StackTest" name="verifyCodeApplicationsPage" time="0.000">
    <skipped/>
  </testcase> <!-- verifyCodeApplicationsPage -->
  <system-out/>
  <testcase classname="dsAlgoTests.StackTest" name="verifyCodeOperationsInStackPage" time="0.000">
    <skipped/>
  </testcase> <!-- verifyCodeOperationsInStackPage -->
  <system-out/>
  <testcase classname="dsAlgoTests.StackTest" name="verifyCodeOperationsInStackPage" time="0.000">
    <skipped/>
  </testcase> <!-- verifyCodeOperationsInStackPage -->
  <system-out/>
  <testcase classname="dsAlgoTests.StackTest" name="verifyCodeApplicationsPage" time="0.000">
    <skipped/>
  </testcase> <!-- verifyCodeApplicationsPage -->
  <system-out/>
  <testcase classname="dsAlgoTests.StackTest" name="verifyCodeOperationsInStackPage" time="0.000">
    <skipped/>
  </testcase> <!-- verifyCodeOperationsInStackPage -->
  <system-out/>
  <testcase classname="dsAlgoTests.StackTest" name="verifyCodeOperationsInStackPage" time="0.000">
    <skipped/>
  </testcase> <!-- verifyCodeOperationsInStackPage -->
  <system-out/>
  <testcase classname="dsAlgoTests.StackTest" name="verifyCodeApplicationsPage" time="0.000">
    <skipped/>
  </testcase> <!-- verifyCodeApplicationsPage -->
  <system-out/>
  <testcase classname="dsAlgoTests.StackTest" name="verifyCodeApplicationsPage" time="0.000">
    <skipped/>
  </testcase> <!-- verifyCodeApplicationsPage -->
  <system-out/>
  <testcase classname="dsAlgoTests.StackTest" name="verifyCodeImplementationPage" time="0.000">
    <skipped/>
  </testcase> <!-- verifyCodeImplementationPage -->
  <system-out/>
  <testcase classname="dsAlgoTests.StackTest" name="verifyCodeApplicationsPage" time="0.000">
    <skipped/>
  </testcase> <!-- verifyCodeApplicationsPage -->
  <system-out/>
  <testcase classname="dsAlgoTests.StackTest" name="verifyCodeImplementationPage" time="0.000">
    <skipped/>
  </testcase> <!-- verifyCodeImplementationPage -->
  <system-out/>
  <testcase classname="dsAlgoTests.StackTest" name="verifyCodeImplementationPage" time="0.000">
    <skipped/>
  </testcase> <!-- verifyCodeImplementationPage -->
  <system-out/>
  <testcase classname="dsAlgoTests.StackTest" name="verifyCodeOperationsInStackPage" time="0.000">
    <skipped/>
  </testcase> <!-- verifyCodeOperationsInStackPage -->
  <system-out/>
  <testcase classname="dsAlgoTests.StackTest" name="verifyCodeOperationsInStackPage" time="0.000">
    <skipped/>
  </testcase> <!-- verifyCodeOperationsInStackPage -->
  <system-out/>
  <testcase classname="dsAlgoTests.StackTest" name="verifyCodeApplicationsPage" time="0.000">
    <skipped/>
  </testcase> <!-- verifyCodeApplicationsPage -->
  <system-out/>
  <testcase classname="dsAlgoTests.StackTest" name="verifyCodeOperationsInStackPage" time="0.000">
    <skipped/>
  </testcase> <!-- verifyCodeOperationsInStackPage -->
  <system-out/>
  <testcase classname="dsAlgoTests.StackTest" name="verifyCodeApplicationsPage" time="0.000">
    <skipped/>
  </testcase> <!-- verifyCodeApplicationsPage -->
  <system-out/>
  <testcase classname="dsAlgoTests.StackTest" name="verifyCodeImplementationPage" time="0.000">
    <skipped/>
  </testcase> <!-- verifyCodeImplementationPage -->
  <system-out/>
  <testcase classname="dsAlgoTests.StackTest" name="verifyCodeOperationsInStackPage" time="0.000">
    <skipped/>
  </testcase> <!-- verifyCodeOperationsInStackPage -->
  <system-out/>
  <testcase classname="dsAlgoTests.StackTest" name="verifyCodeOperationsInStackPage" time="0.000">
    <skipped/>
  </testcase> <!-- verifyCodeOperationsInStackPage -->
  <system-out/>
  <testcase classname="dsAlgoTests.StackTest" name="verifyCodeImplementationPage" time="0.000">
    <skipped/>
  </testcase> <!-- verifyCodeImplementationPage -->
  <system-out/>
  <testcase classname="dsAlgoTests.StackTest" name="verifyCodeApplicationsPage" time="0.000">
    <skipped/>
  </testcase> <!-- verifyCodeApplicationsPage -->
  <system-out/>
  <testcase classname="dsAlgoTests.StackTest" name="verifyCodeApplicationsPage" time="0.000">
    <skipped/>
  </testcase> <!-- verifyCodeApplicationsPage -->
  <system-out/>
  <testcase classname="dsAlgoTests.StackTest" name="verifyCodeOperationsInStackPage" time="0.000">
    <skipped/>
  </testcase> <!-- verifyCodeOperationsInStackPage -->
  <system-out/>
  <testcase classname="dsAlgoTests.StackTest" name="verifyCodeImplementationPage" time="0.000">
    <skipped/>
  </testcase> <!-- verifyCodeImplementationPage -->
  <system-out/>
  <testcase classname="dsAlgoTests.StackTest" name="verifyCodeImplementationPage" time="0.000">
    <skipped/>
  </testcase> <!-- verifyCodeImplementationPage -->
  <system-out/>
  <testcase classname="dsAlgoTests.StackTest" name="verifyCodeApplicationsPage" time="0.000">
    <skipped/>
  </testcase> <!-- verifyCodeApplicationsPage -->
  <system-out/>
  <testcase classname="dsAlgoTests.StackTest" name="verifyCodeApplicationsPage" time="0.000">
    <skipped/>
  </testcase> <!-- verifyCodeApplicationsPage -->
  <system-out/>
  <testcase classname="dsAlgoTests.StackTest" name="verifyCodeApplicationsPage" time="0.000">
    <skipped/>
  </testcase> <!-- verifyCodeApplicationsPage -->
  <system-out/>
  <testcase classname="dsAlgoTests.StackTest" name="verifyCodeOperationsInStackPage" time="0.000">
    <skipped/>
  </testcase> <!-- verifyCodeOperationsInStackPage -->
  <system-out/>
  <testcase classname="dsAlgoTests.StackTest" name="verifyCodeApplicationsPage" time="0.000">
    <skipped/>
  </testcase> <!-- verifyCodeApplicationsPage -->
  <system-out/>
  <testcase classname="dsAlgoTests.StackTest" name="verifyCodeApplicationsPage" time="0.000">
    <skipped/>
  </testcase> <!-- verifyCodeApplicationsPage -->
  <system-out/>
  <testcase classname="dsAlgoTests.StackTest" name="verifyCodeOperationsInStackPage" time="0.000">
    <skipped/>
  </testcase> <!-- verifyCodeOperationsInStackPage -->
  <system-out/>
  <testcase classname="dsAlgoTests.StackTest" name="verifyCodeImplementationPage" time="0.000">
    <skipped/>
  </testcase> <!-- verifyCodeImplementationPage -->
  <system-out/>
  <testcase classname="dsAlgoTests.StackTest" name="verifyCodeApplicationsPage" time="0.000">
    <skipped/>
  </testcase> <!-- verifyCodeApplicationsPage -->
  <system-out/>
  <testcase classname="dsAlgoTests.StackTest" name="verifyCodeApplicationsPage" time="0.000">
    <skipped/>
  </testcase> <!-- verifyCodeApplicationsPage -->
  <system-out/>
  <testcase classname="dsAlgoTests.StackTest" name="verifyCodeApplicationsPage" time="0.000">
    <skipped/>
  </testcase> <!-- verifyCodeApplicationsPage -->
  <system-out/>
  <testcase classname="dsAlgoTests.StackTest" name="verifyCodeImplementationPage" time="0.000">
    <skipped/>
  </testcase> <!-- verifyCodeImplementationPage -->
  <system-out/>
  <testcase classname="dsAlgoTests.StackTest" name="verifyCodeImplementationPage" time="0.000">
    <skipped/>
  </testcase> <!-- verifyCodeImplementationPage -->
  <system-out/>
  <testcase classname="dsAlgoTests.StackTest" name="verifyCodeApplicationsPage" time="0.000">
    <skipped/>
  </testcase> <!-- verifyCodeApplicationsPage -->
  <system-out/>
  <testcase classname="dsAlgoTests.StackTest" name="verifyCodeImplementationPage" time="0.000">
    <skipped/>
  </testcase> <!-- verifyCodeImplementationPage -->
  <system-out/>
  <testcase classname="dsAlgoTests.StackTest" name="verifyCodeOperationsInStackPage" time="0.000">
    <skipped/>
  </testcase> <!-- verifyCodeOperationsInStackPage -->
  <system-out/>
  <testcase classname="dsAlgoTests.StackTest" name="verifyCodeApplicationsPage" time="0.000">
    <skipped/>
  </testcase> <!-- verifyCodeApplicationsPage -->
  <system-out/>
  <testcase classname="dsAlgoTests.StackTest" name="verifyCodeApplicationsPage" time="0.000">
    <skipped/>
  </testcase> <!-- verifyCodeApplicationsPage -->
  <system-out/>
  <testcase classname="dsAlgoTests.StackTest" name="verifyCodeOperationsInStackPage" time="0.000">
    <skipped/>
  </testcase> <!-- verifyCodeOperationsInStackPage -->
  <system-out/>
  <testcase classname="dsAlgoTests.StackTest" name="verifyCodeOperationsInStackPage" time="0.000">
    <skipped/>
  </testcase> <!-- verifyCodeOperationsInStackPage -->
  <system-out/>
  <testcase classname="dsAlgoTests.StackTest" name="verifyCodeImplementationPage" time="0.000">
    <skipped/>
  </testcase> <!-- verifyCodeImplementationPage -->
  <system-out/>
  <testcase classname="dsAlgoTests.StackTest" name="verifyCodeApplicationsPage" time="0.000">
    <skipped/>
  </testcase> <!-- verifyCodeApplicationsPage -->
  <system-out/>
  <testcase classname="dsAlgoTests.StackTest" name="verifyCodeOperationsInStackPage" time="0.000">
    <skipped/>
  </testcase> <!-- verifyCodeOperationsInStackPage -->
  <system-out/>
  <testcase classname="dsAlgoTests.StackTest" name="verifyCodeImplementationPage" time="0.000">
    <skipped/>
  </testcase> <!-- verifyCodeImplementationPage -->
  <system-out/>
  <testcase classname="dsAlgoTests.StackTest" name="verifyCodeImplementationPage" time="0.000">
    <skipped/>
  </testcase> <!-- verifyCodeImplementationPage -->
  <system-out/>
  <testcase classname="dsAlgoTests.StackTest" name="verifyCodeImplementationPage" time="0.000">
    <skipped/>
  </testcase> <!-- verifyCodeImplementationPage -->
  <system-out/>
  <testcase classname="dsAlgoTests.StackTest" name="verifyCodeOperationsInStackPage" time="0.000">
    <skipped/>
  </testcase> <!-- verifyCodeOperationsInStackPage -->
  <system-out/>
  <testcase classname="dsAlgoTests.StackTest" name="verifyCodeImplementationPage" time="0.000">
    <skipped/>
  </testcase> <!-- verifyCodeImplementationPage -->
  <system-out/>
  <testcase classname="dsAlgoTests.StackTest" name="verifyCodeImplementationPage" time="0.000">
    <skipped/>
  </testcase> <!-- verifyCodeImplementationPage -->
  <system-out/>
  <testcase classname="dsAlgoTests.StackTest" name="verifyCodeImplementationPage" time="0.000">
    <skipped/>
  </testcase> <!-- verifyCodeImplementationPage -->
  <system-out/>
  <testcase classname="dsAlgoTests.StackTest" name="verifyCodeImplementationPage" time="0.000">
    <skipped/>
  </testcase> <!-- verifyCodeImplementationPage -->
  <system-out/>
  <testcase classname="dsAlgoTests.StackTest" name="verifyCodeImplementationPage" time="0.000">
    <skipped/>
  </testcase> <!-- verifyCodeImplementationPage -->
  <system-out/>
  <testcase classname="dsAlgoTests.StackTest" name="verifyCodeOperationsInStackPage" time="0.000">
    <skipped/>
  </testcase> <!-- verifyCodeOperationsInStackPage -->
  <system-out/>
  <testcase classname="dsAlgoTests.StackTest" name="verifyCodeApplicationsPage" time="0.000">
    <skipped/>
  </testcase> <!-- verifyCodeApplicationsPage -->
  <system-out/>
  <testcase classname="dsAlgoTests.StackTest" name="verifyCodeApplicationsPage" time="0.000">
    <skipped/>
  </testcase> <!-- verifyCodeApplicationsPage -->
  <system-out/>
  <testcase classname="dsAlgoTests.StackTest" name="verifyCodeApplicationsPage" time="0.000">
    <skipped/>
  </testcase> <!-- verifyCodeApplicationsPage -->
  <system-out/>
  <testcase classname="dsAlgoTests.StackTest" name="verifyCodeApplicationsPage" time="0.000">
    <skipped/>
  </testcase> <!-- verifyCodeApplicationsPage -->
  <system-out/>
  <testcase classname="dsAlgoTests.StackTest" name="verifyCodeImplementationPage" time="0.000">
    <skipped/>
  </testcase> <!-- verifyCodeImplementationPage -->
  <system-out/>
  <testcase classname="dsAlgoTests.StackTest" name="verifyCodeOperationsInStackPage" time="0.000">
    <skipped/>
  </testcase> <!-- verifyCodeOperationsInStackPage -->
  <system-out/>
  <testcase classname="dsAlgoTests.StackTest" name="verifyCodeOperationsInStackPage" time="0.000">
    <skipped/>
  </testcase> <!-- verifyCodeOperationsInStackPage -->
  <system-out/>
  <testcase classname="dsAlgoTests.StackTest" name="verifyCodeApplicationsPage" time="0.000">
    <skipped/>
  </testcase> <!-- verifyCodeApplicationsPage -->
  <system-out/>
  <testcase classname="dsAlgoTests.StackTest" name="verifyCodeOperationsInStackPage" time="0.000">
    <skipped/>
  </testcase> <!-- verifyCodeOperationsInStackPage -->
  <system-out/>
  <testcase classname="dsAlgoTests.StackTest" name="verifyCodeOperationsInStackPage" time="0.000">
    <skipped/>
  </testcase> <!-- verifyCodeOperationsInStackPage -->
  <system-out/>
  <testcase classname="dsAlgoTests.StackTest" name="tearDownTest" time="1.376">
    <error message="Timed out waiting for driver server to stop.
Build info: version: &#039;4.17.0&#039;, revision: &#039;e52b1be057*&#039;
System info: os.name: &#039;Windows 11&#039;, os.arch: &#039;amd64&#039;, os.version: &#039;10.0&#039;, java.version: &#039;23.0.1&#039;
Driver info: org.openqa.selenium.chrome.ChromeDriver
Command: [e4d4491c57c32e976c6f8f52b0c87e30, quit {}]
Capabilities {acceptInsecureCerts: false, browserName: chrome, browserVersion: 132.0.6834.162, chrome: {chromedriverVersion: 132.0.6834.159 (2d77d3fc445..., userDataDir: C:\Users\12157\AppData\Loca...}, fedcm:accounts: true, goog:chromeOptions: {debuggerAddress: localhost:61291}, networkConnectionEnabled: false, pageLoadStrategy: normal, platformName: windows, proxy: Proxy(), se:cdp: ws://localhost:61291/devtoo..., se:cdpVersion: 132.0.6834.162, setWindowRect: true, strictFileInteractability: false, timeouts: {implicit: 0, pageLoad: 300000, script: 30000}, unhandledPromptBehavior: dismiss and notify, webauthn:extension:credBlob: true, webauthn:extension:largeBlob: true, webauthn:extension:minPinLength: true, webauthn:extension:prf: true, webauthn:virtualAuthenticators: true}
Session ID: e4d4491c57c32e976c6f8f52b0c87e30" type="org.openqa.selenium.WebDriverException">
      <![CDATA[org.openqa.selenium.WebDriverException: Timed out waiting for driver server to stop.
Build info: version: '4.17.0', revision: 'e52b1be057*'
System info: os.name: 'Windows 11', os.arch: 'amd64', os.version: '10.0', java.version: '23.0.1'
Driver info: org.openqa.selenium.chrome.ChromeDriver
Command: [e4d4491c57c32e976c6f8f52b0c87e30, quit {}]
Capabilities {acceptInsecureCerts: false, browserName: chrome, browserVersion: 132.0.6834.162, chrome: {chromedriverVersion: 132.0.6834.159 (2d77d3fc445..., userDataDir: C:\Users\12157\AppData\Loca...}, fedcm:accounts: true, goog:chromeOptions: {debuggerAddress: localhost:61291}, networkConnectionEnabled: false, pageLoadStrategy: normal, platformName: windows, proxy: Proxy(), se:cdp: ws://localhost:61291/devtoo..., se:cdpVersion: 132.0.6834.162, setWindowRect: true, strictFileInteractability: false, timeouts: {implicit: 0, pageLoad: 300000, script: 30000}, unhandledPromptBehavior: dismiss and notify, webauthn:extension:credBlob: true, webauthn:extension:largeBlob: true, webauthn:extension:minPinLength: true, webauthn:extension:prf: true, webauthn:virtualAuthenticators: true}
Session ID: e4d4491c57c32e976c6f8f52b0c87e30
at org.openqa.selenium.remote.service.DriverCommandExecutor.execute(DriverCommandExecutor.java:164)
at org.openqa.selenium.remote.RemoteWebDriver.execute(RemoteWebDriver.java:519)
at org.openqa.selenium.remote.RemoteWebDriver.execute(RemoteWebDriver.java:592)
at org.openqa.selenium.remote.RemoteWebDriver.execute(RemoteWebDriver.java:596)
at org.openqa.selenium.remote.RemoteWebDriver.quit(RemoteWebDriver.java:434)
at org.openqa.selenium.chromium.ChromiumDriver.quit(ChromiumDriver.java:432)
at dsAlgoHooks.Hooks.tearDownTest(Hooks.java:50)
at java.base/jdk.internal.reflect.DirectMethodHandleAccessor.invoke(DirectMethodHandleAccessor.java:103)
at java.base/java.lang.reflect.Method.invoke(Method.java:580)
at org.testng.internal.MethodInvocationHelper.invokeMethod(MethodInvocationHelper.java:133)
at org.testng.internal.MethodInvocationHelper.invokeMethodConsideringTimeout(MethodInvocationHelper.java:62)
at org.testng.internal.ConfigInvoker.invokeConfigurationMethod(ConfigInvoker.java:385)
at org.testng.internal.ConfigInvoker.invokeConfigurations(ConfigInvoker.java:321)
at org.testng.internal.TestInvoker.runConfigMethods(TestInvoker.java:700)
at org.testng.internal.TestInvoker.runAfterGroupsConfigurations(TestInvoker.java:676)
at org.testng.internal.TestInvoker.invokeMethod(TestInvoker.java:660)
at org.testng.internal.TestInvoker.invokeTestMethod(TestInvoker.java:173)
at org.testng.internal.MethodRunner.runInSequence(MethodRunner.java:46)
at org.testng.internal.TestInvoker$MethodInvocationAgent.invoke(TestInvoker.java:824)
at org.testng.internal.TestInvoker.invokeTestMethods(TestInvoker.java:146)
at org.testng.internal.TestMethodWorker.invokeTestMethods(TestMethodWorker.java:146)
at org.testng.internal.TestMethodWorker.run(TestMethodWorker.java:128)
at java.base/java.util.concurrent.ThreadPoolExecutor.runWorker(ThreadPoolExecutor.java:1144)
at java.base/java.util.concurrent.ThreadPoolExecutor$Worker.run(ThreadPoolExecutor.java:642)
at java.base/java.lang.Thread.run(Thread.java:1575)
Caused by: java.util.concurrent.ExecutionException: java.lang.NullPointerException: Cannot invoke "java.net.http.HttpClient.sendAsync(java.net.http.HttpRequest, java.net.http.HttpResponse$BodyHandler)" because "this.client" is null
at java.base/java.util.concurrent.CompletableFuture.wrapInExecutionException(CompletableFuture.java:345)
at java.base/java.util.concurrent.CompletableFuture.reportGet(CompletableFuture.java:440)
at java.base/java.util.concurrent.CompletableFuture.get(CompletableFuture.java:2140)
at org.openqa.selenium.remote.service.DriverCommandExecutor.execute(DriverCommandExecutor.java:160)
... 24 more
Caused by: java.lang.NullPointerException: Cannot invoke "java.net.http.HttpClient.sendAsync(java.net.http.HttpRequest, java.net.http.HttpResponse$BodyHandler)" because "this.client" is null
at org.openqa.selenium.remote.http.jdk.JdkHttpClient.execute0(JdkHttpClient.java:382)
at org.openqa.selenium.remote.http.AddSeleniumUserAgent.lambda$apply$0(AddSeleniumUserAgent.java:42)
at org.openqa.selenium.remote.http.Filter.lambda$andFinally$1(Filter.java:55)
at org.openqa.selenium.remote.http.jdk.JdkHttpClient.execute(JdkHttpClient.java:358)
at org.openqa.selenium.remote.HttpCommandExecutor.execute(HttpCommandExecutor.java:187)
at org.openqa.selenium.remote.service.DriverCommandExecutor.invokeExecute(DriverCommandExecutor.java:216)
at org.openqa.selenium.remote.service.DriverCommandExecutor.lambda$execute$1(DriverCommandExecutor.java:126)
at java.base/java.util.concurrent.CompletableFuture$AsyncSupply.run(CompletableFuture.java:1812)
... 3 more
]]>
    </error>
  </testcase> <!-- tearDownTest -->
  <system-out/>
  <testcase classname="dsAlgoTests.StackTest" name="verifyCodeImplementationPage" time="0.000">
    <skipped/>
  </testcase> <!-- verifyCodeImplementationPage -->
  <system-out/>
  <testcase classname="dsAlgoTests.StackTest" name="verifyCodeApplicationsPage" time="0.000">
    <skipped/>
  </testcase> <!-- verifyCodeApplicationsPage -->
  <system-out/>
  <testcase classname="dsAlgoTests.StackTest" name="verifyCodeApplicationsPage" time="0.000">
    <skipped/>
  </testcase> <!-- verifyCodeApplicationsPage -->
  <system-out/>
  <testcase classname="dsAlgoTests.StackTest" name="verifyCodeImplementationPage" time="0.000">
    <skipped/>
  </testcase> <!-- verifyCodeImplementationPage -->
  <system-out/>
  <testcase classname="dsAlgoTests.StackTest" name="verifyCodeApplicationsPage" time="0.000">
    <skipped/>
  </testcase> <!-- verifyCodeApplicationsPage -->
  <system-out/>
  <testcase classname="dsAlgoTests.StackTest" name="verifyCodeImplementationPage" time="0.000">
    <skipped/>
  </testcase> <!-- verifyCodeImplementationPage -->
  <system-out/>
  <testcase classname="dsAlgoTests.StackTest" name="verifyCodeOperationsInStackPage" time="0.000">
    <skipped/>
  </testcase> <!-- verifyCodeOperationsInStackPage -->
  <system-out/>
  <testcase classname="dsAlgoTests.StackTest" name="verifyCodeOperationsInStackPage" time="0.000">
    <skipped/>
  </testcase> <!-- verifyCodeOperationsInStackPage -->
  <system-out/>
  <testcase classname="dsAlgoTests.StackTest" name="verifyCodeImplementationPage" time="0.000">
    <skipped/>
  </testcase> <!-- verifyCodeImplementationPage -->
  <system-out/>
  <testcase classname="dsAlgoTests.StackTest" name="verifyCodeOperationsInStackPage" time="0.000">
    <skipped/>
  </testcase> <!-- verifyCodeOperationsInStackPage -->
  <system-out/>
  <testcase classname="dsAlgoTests.StackTest" name="verifyCodeImplementationPage" time="0.000">
    <skipped/>
  </testcase> <!-- verifyCodeImplementationPage -->
  <system-out/>
  <testcase classname="dsAlgoTests.StackTest" name="verifyCodeImplementationPage" time="0.000">
    <skipped/>
  </testcase> <!-- verifyCodeImplementationPage -->
  <system-out/>
  <testcase classname="dsAlgoTests.StackTest" name="verifyCodeImplementationPage" time="0.000">
    <skipped/>
  </testcase> <!-- verifyCodeImplementationPage -->
  <system-out/>
  <testcase classname="dsAlgoTests.StackTest" name="verifyCodeImplementationPage" time="0.000">
    <skipped/>
  </testcase> <!-- verifyCodeImplementationPage -->
  <system-out/>
  <testcase classname="dsAlgoTests.StackTest" name="verifyCodeOperationsInStackPage" time="0.000">
    <skipped/>
  </testcase> <!-- verifyCodeOperationsInStackPage -->
  <system-out/>
  <testcase classname="dsAlgoTests.StackTest" name="verifyCodeImplementationPage" time="0.000">
    <skipped/>
  </testcase> <!-- verifyCodeImplementationPage -->
  <system-out/>
  <testcase classname="dsAlgoTests.StackTest" name="verifyCodeOperationsInStackPage" time="0.000">
    <skipped/>
  </testcase> <!-- verifyCodeOperationsInStackPage -->
  <system-out/>
  <testcase classname="dsAlgoTests.StackTest" name="verifyCodeOperationsInStackPage" time="0.000">
    <skipped/>
  </testcase> <!-- verifyCodeOperationsInStackPage -->
  <system-out/>
  <testcase classname="dsAlgoTests.StackTest" name="verifyCodeImplementationPage" time="0.000">
    <skipped/>
  </testcase> <!-- verifyCodeImplementationPage -->
  <system-out/>
  <testcase classname="dsAlgoTests.StackTest" name="verifyCodeOperationsInStackPage" time="0.000">
    <skipped/>
  </testcase> <!-- verifyCodeOperationsInStackPage -->
  <system-out/>
  <testcase classname="dsAlgoTests.StackTest" name="verifyCodeOperationsInStackPage" time="0.000">
    <skipped/>
  </testcase> <!-- verifyCodeOperationsInStackPage -->
  <system-out/>
  <testcase classname="dsAlgoTests.StackTest" name="verifyCodeApplicationsPage" time="0.000">
    <skipped/>
  </testcase> <!-- verifyCodeApplicationsPage -->
  <system-out/>
  <testcase classname="dsAlgoTests.StackTest" name="verifyCodeImplementationPage" time="0.000">
    <skipped/>
  </testcase> <!-- verifyCodeImplementationPage -->
  <system-out/>
  <testcase classname="dsAlgoTests.StackTest" name="verifyCodeImplementationPage" time="0.000">
    <skipped/>
  </testcase> <!-- verifyCodeImplementationPage -->
  <system-out/>
  <testcase classname="dsAlgoTests.StackTest" name="verifyCodeImplementationPage" time="0.000">
    <skipped/>
  </testcase> <!-- verifyCodeImplementationPage -->
  <system-out/>
  <testcase classname="dsAlgoTests.StackTest" name="verifyCodeImplementationPage" time="0.000">
    <skipped/>
  </testcase> <!-- verifyCodeImplementationPage -->
  <system-out/>
  <testcase classname="dsAlgoTests.StackTest" name="verifyCodeApplicationsPage" time="0.000">
    <skipped/>
  </testcase> <!-- verifyCodeApplicationsPage -->
  <system-out/>
  <testcase classname="dsAlgoTests.StackTest" name="verifyCodeImplementationPage" time="0.000">
    <skipped/>
  </testcase> <!-- verifyCodeImplementationPage -->
  <system-out/>
  <testcase classname="dsAlgoTests.StackTest" name="verifyCodeImplementationPage" time="0.000">
    <skipped/>
  </testcase> <!-- verifyCodeImplementationPage -->
  <system-out/>
  <testcase classname="dsAlgoTests.StackTest" name="verifyCodeOperationsInStackPage" time="0.000">
    <skipped/>
  </testcase> <!-- verifyCodeOperationsInStackPage -->
  <system-out/>
  <testcase classname="dsAlgoTests.StackTest" name="verifyCodeImplementationPage" time="0.000">
    <skipped/>
  </testcase> <!-- verifyCodeImplementationPage -->
  <system-out/>
  <testcase classname="dsAlgoTests.StackTest" name="verifyCodeImplementationPage" time="0.000">
    <skipped/>
  </testcase> <!-- verifyCodeImplementationPage -->
  <system-out/>
  <testcase classname="dsAlgoTests.StackTest" name="verifyCodeApplicationsPage" time="0.000">
    <skipped/>
  </testcase> <!-- verifyCodeApplicationsPage -->
  <system-out/>
  <testcase classname="dsAlgoTests.StackTest" name="verifyCodeImplementationPage" time="0.000">
    <skipped/>
  </testcase> <!-- verifyCodeImplementationPage -->
  <system-out/>
  <testcase classname="dsAlgoTests.StackTest" name="verifyCodeApplicationsPage" time="0.000">
    <skipped/>
  </testcase> <!-- verifyCodeApplicationsPage -->
  <system-out/>
  <testcase classname="dsAlgoTests.StackTest" name="verifyCodeApplicationsPage" time="0.000">
    <skipped/>
  </testcase> <!-- verifyCodeApplicationsPage -->
  <system-out/>
  <testcase classname="dsAlgoTests.StackTest" name="verifyCodeApplicationsPage" time="0.000">
    <skipped/>
  </testcase> <!-- verifyCodeApplicationsPage -->
  <system-out/>
  <testcase classname="dsAlgoTests.StackTest" name="verifyCodeOperationsInStackPage" time="0.000">
    <skipped/>
  </testcase> <!-- verifyCodeOperationsInStackPage -->
  <system-out/>
  <testcase classname="dsAlgoTests.StackTest" name="verifyCodeImplementationPage" time="0.000">
    <skipped/>
  </testcase> <!-- verifyCodeImplementationPage -->
  <system-out/>
  <testcase classname="dsAlgoTests.StackTest" name="verifyCodeImplementationPage" time="0.000">
    <skipped/>
  </testcase> <!-- verifyCodeImplementationPage -->
  <system-out/>
  <testcase classname="dsAlgoTests.StackTest" name="verifyCodeApplicationsPage" time="0.000">
    <skipped/>
  </testcase> <!-- verifyCodeApplicationsPage -->
  <system-out/>
  <testcase classname="dsAlgoTests.StackTest" name="verifyCodeOperationsInStackPage" time="0.000">
    <skipped/>
  </testcase> <!-- verifyCodeOperationsInStackPage -->
  <system-out/>
  <testcase classname="dsAlgoTests.StackTest" name="verifyCodeApplicationsPage" time="0.000">
    <skipped/>
  </testcase> <!-- verifyCodeApplicationsPage -->
  <system-out/>
  <testcase classname="dsAlgoTests.StackTest" name="verifyCodeApplicationsPage" time="0.000">
    <skipped/>
  </testcase> <!-- verifyCodeApplicationsPage -->
  <system-out/>
  <testcase classname="dsAlgoTests.StackTest" name="verifyCodeOperationsInStackPage" time="0.000">
    <skipped/>
  </testcase> <!-- verifyCodeOperationsInStackPage -->
  <system-out/>
  <testcase classname="dsAlgoTests.StackTest" name="verifyCodeOperationsInStackPage" time="0.000">
    <skipped/>
  </testcase> <!-- verifyCodeOperationsInStackPage -->
  <system-out/>
  <testcase classname="dsAlgoTests.StackTest" name="verifyCodeOperationsInStackPage" time="0.000">
    <skipped/>
  </testcase> <!-- verifyCodeOperationsInStackPage -->
  <system-out/>
  <testcase classname="dsAlgoTests.StackTest" name="verifyCodeImplementationPage" time="0.000">
    <skipped/>
  </testcase> <!-- verifyCodeImplementationPage -->
  <system-out/>
  <testcase classname="dsAlgoTests.StackTest" name="verifyCodeOperationsInStackPage" time="0.000">
    <skipped/>
  </testcase> <!-- verifyCodeOperationsInStackPage -->
  <system-out/>
  <testcase classname="dsAlgoTests.StackTest" name="verifyCodeOperationsInStackPage" time="0.000">
    <skipped/>
  </testcase> <!-- verifyCodeOperationsInStackPage -->
  <system-out/>
  <testcase classname="dsAlgoTests.StackTest" name="verifyCodeImplementationPage" time="0.000">
    <skipped/>
  </testcase> <!-- verifyCodeImplementationPage -->
  <system-out/>
  <testcase classname="dsAlgoTests.StackTest" name="verifyCodeOperationsInStackPage" time="0.000">
    <skipped/>
  </testcase> <!-- verifyCodeOperationsInStackPage -->
  <system-out/>
  <testcase classname="dsAlgoTests.StackTest" name="verifyCodeOperationsInStackPage" time="0.000">
    <skipped/>
  </testcase> <!-- verifyCodeOperationsInStackPage -->
  <system-out/>
  <testcase classname="dsAlgoTests.StackTest" name="verifyCodeOperationsInStackPage" time="0.000">
    <skipped/>
  </testcase> <!-- verifyCodeOperationsInStackPage -->
  <system-out/>
  <testcase classname="dsAlgoTests.StackTest" name="verifyCodeOperationsInStackPage" time="0.000">
    <skipped/>
  </testcase> <!-- verifyCodeOperationsInStackPage -->
  <system-out/>
  <testcase classname="dsAlgoTests.StackTest" name="verifyCodeOperationsInStackPage" time="0.000">
    <skipped/>
  </testcase> <!-- verifyCodeOperationsInStackPage -->
  <system-out/>
  <testcase classname="dsAlgoTests.StackTest" name="verifyCodeImplementationPage" time="0.000">
    <skipped/>
  </testcase> <!-- verifyCodeImplementationPage -->
  <system-out/>
  <testcase classname="dsAlgoTests.StackTest" name="verifyCodeApplicationsPage" time="0.000">
    <skipped/>
  </testcase> <!-- verifyCodeApplicationsPage -->
  <system-out/>
  <testcase classname="dsAlgoTests.StackTest" name="verifyCodeImplementationPage" time="0.000">
    <skipped/>
  </testcase> <!-- verifyCodeImplementationPage -->
  <system-out/>
  <testcase classname="dsAlgoTests.StackTest" name="verifyCodeOperationsInStackPage" time="0.000">
    <skipped/>
  </testcase> <!-- verifyCodeOperationsInStackPage -->
  <system-out/>
  <testcase classname="dsAlgoTests.StackTest" name="verifyCodeApplicationsPage" time="0.000">
    <skipped/>
  </testcase> <!-- verifyCodeApplicationsPage -->
  <system-out/>
  <testcase classname="dsAlgoTests.StackTest" name="verifyCodeImplementationPage" time="0.000">
    <skipped/>
  </testcase> <!-- verifyCodeImplementationPage -->
  <system-out/>
  <testcase classname="dsAlgoTests.StackTest" name="verifyCodeApplicationsPage" time="0.000">
    <skipped/>
  </testcase> <!-- verifyCodeApplicationsPage -->
  <system-out/>
  <testcase classname="dsAlgoTests.StackTest" name="verifyCodeOperationsInStackPage" time="0.000">
    <skipped/>
  </testcase> <!-- verifyCodeOperationsInStackPage -->
  <system-out/>
  <testcase classname="dsAlgoTests.StackTest" name="verifyCodeOperationsInStackPage" time="0.000">
    <skipped/>
  </testcase> <!-- verifyCodeOperationsInStackPage -->
  <system-out/>
  <testcase classname="dsAlgoTests.StackTest" name="verifyCodeImplementationPage" time="0.000">
    <skipped/>
  </testcase> <!-- verifyCodeImplementationPage -->
  <system-out/>
  <testcase classname="dsAlgoTests.StackTest" name="verifyCodeImplementationPage" time="0.000">
    <skipped/>
  </testcase> <!-- verifyCodeImplementationPage -->
  <system-out/>
  <testcase classname="dsAlgoTests.StackTest" name="verifyCodeApplicationsPage" time="0.000">
    <skipped/>
  </testcase> <!-- verifyCodeApplicationsPage -->
  <system-out/>
  <testcase classname="dsAlgoTests.StackTest" name="verifyCodeApplicationsPage" time="0.000">
    <skipped/>
  </testcase> <!-- verifyCodeApplicationsPage -->
  <system-out/>
  <testcase classname="dsAlgoTests.StackTest" name="verifyCodeImplementationPage" time="0.000">
    <skipped/>
  </testcase> <!-- verifyCodeImplementationPage -->
  <system-out/>
  <testcase classname="dsAlgoTests.StackTest" name="verifyCodeApplicationsPage" time="0.000">
    <skipped/>
  </testcase> <!-- verifyCodeApplicationsPage -->
  <system-out/>
  <testcase classname="dsAlgoTests.StackTest" name="verifyCodeOperationsInStackPage" time="0.000">
    <skipped/>
  </testcase> <!-- verifyCodeOperationsInStackPage -->
  <system-out/>
  <testcase classname="dsAlgoTests.StackTest" name="verifyCodeImplementationPage" time="0.000">
    <skipped/>
  </testcase> <!-- verifyCodeImplementationPage -->
  <system-out/>
  <testcase classname="dsAlgoTests.StackTest" name="verifyCodeOperationsInStackPage" time="0.000">
    <skipped/>
  </testcase> <!-- verifyCodeOperationsInStackPage -->
  <system-out/>
  <testcase classname="dsAlgoTests.StackTest" name="verifyCodeApplicationsPage" time="0.000">
    <skipped/>
  </testcase> <!-- verifyCodeApplicationsPage -->
  <system-out/>
  <testcase classname="dsAlgoTests.StackTest" name="verifyCodeApplicationsPage" time="0.000">
    <skipped/>
  </testcase> <!-- verifyCodeApplicationsPage -->
  <system-out/>
  <testcase classname="dsAlgoTests.StackTest" name="verifyCodeOperationsInStackPage" time="0.000">
    <skipped/>
  </testcase> <!-- verifyCodeOperationsInStackPage -->
  <system-out/>
  <testcase classname="dsAlgoTests.StackTest" name="verifyCodeImplementationPage" time="0.000">
    <skipped/>
  </testcase> <!-- verifyCodeImplementationPage -->
  <system-out/>
  <testcase classname="dsAlgoTests.StackTest" name="verifyCodeApplicationsPage" time="0.000">
    <skipped/>
  </testcase> <!-- verifyCodeApplicationsPage -->
  <system-out/>
  <testcase classname="dsAlgoTests.StackTest" name="verifyCodeOperationsInStackPage" time="0.000">
    <skipped/>
  </testcase> <!-- verifyCodeOperationsInStackPage -->
  <system-out/>
  <testcase classname="dsAlgoTests.StackTest" name="verifyCodeImplementationPage" time="0.000">
    <skipped/>
  </testcase> <!-- verifyCodeImplementationPage -->
  <system-out/>
  <testcase classname="dsAlgoTests.StackTest" name="verifyCodeApplicationsPage" time="0.000">
    <skipped/>
  </testcase> <!-- verifyCodeApplicationsPage -->
  <system-out/>
  <testcase classname="dsAlgoTests.StackTest" name="verifyCodeApplicationsPage" time="0.000">
    <skipped/>
  </testcase> <!-- verifyCodeApplicationsPage -->
  <system-out/>
  <testcase classname="dsAlgoTests.StackTest" name="verifyCodeApplicationsPage" time="0.000">
    <skipped/>
  </testcase> <!-- verifyCodeApplicationsPage -->
  <system-out/>
  <testcase classname="dsAlgoTests.StackTest" name="verifyCodeApplicationsPage" time="0.000">
    <skipped/>
  </testcase> <!-- verifyCodeApplicationsPage -->
  <system-out/>
  <testcase classname="dsAlgoTests.StackTest" name="verifyCodeApplicationsPage" time="0.000">
    <skipped/>
  </testcase> <!-- verifyCodeApplicationsPage -->
  <system-out/>
  <testcase classname="dsAlgoTests.StackTest" name="verifyCodeOperationsInStackPage" time="0.000">
    <skipped/>
  </testcase> <!-- verifyCodeOperationsInStackPage -->
  <system-out/>
  <testcase classname="dsAlgoTests.StackTest" name="verifyCodeImplementationPage" time="0.000">
    <skipped/>
  </testcase> <!-- verifyCodeImplementationPage -->
  <system-out/>
  <testcase classname="dsAlgoTests.StackTest" name="verifyCodeApplicationsPage" time="0.000">
    <skipped/>
  </testcase> <!-- verifyCodeApplicationsPage -->
  <system-out/>
  <testcase classname="dsAlgoTests.StackTest" name="verifyCodeApplicationsPage" time="0.000">
    <skipped/>
  </testcase> <!-- verifyCodeApplicationsPage -->
  <system-out/>
  <testcase classname="dsAlgoTests.StackTest" name="verifyCodeImplementationPage" time="0.000">
    <skipped/>
  </testcase> <!-- verifyCodeImplementationPage -->
  <system-out/>
  <testcase classname="dsAlgoTests.StackTest" name="verifyCodeOperationsInStackPage" time="0.000">
    <skipped/>
  </testcase> <!-- verifyCodeOperationsInStackPage -->
  <system-out/>
  <testcase classname="dsAlgoTests.StackTest" name="verifyCodeOperationsInStackPage" time="0.000">
    <skipped/>
  </testcase> <!-- verifyCodeOperationsInStackPage -->
  <system-out/>
  <testcase classname="dsAlgoTests.StackTest" name="verifyCodeApplicationsPage" time="0.000">
    <skipped/>
  </testcase> <!-- verifyCodeApplicationsPage -->
  <system-out/>
  <testcase classname="dsAlgoTests.StackTest" name="verifyCodeApplicationsPage" time="0.000">
    <skipped/>
  </testcase> <!-- verifyCodeApplicationsPage -->
  <system-out/>
  <testcase classname="dsAlgoTests.StackTest" name="verifyCodeImplementationPage" time="0.000">
    <skipped/>
  </testcase> <!-- verifyCodeImplementationPage -->
  <system-out/>
  <testcase classname="dsAlgoTests.StackTest" name="verifyCodeApplicationsPage" time="0.000">
    <skipped/>
  </testcase> <!-- verifyCodeApplicationsPage -->
  <system-out/>
  <testcase classname="dsAlgoTests.StackTest" name="verifyCodeImplementationPage" time="0.000">
    <skipped/>
  </testcase> <!-- verifyCodeImplementationPage -->
  <system-out/>
  <testcase classname="dsAlgoTests.StackTest" name="verifyCodeImplementationPage" time="0.000">
    <skipped/>
  </testcase> <!-- verifyCodeImplementationPage -->
  <system-out/>
  <testcase classname="dsAlgoTests.StackTest" name="verifyCodeApplicationsPage" time="0.000">
    <skipped/>
  </testcase> <!-- verifyCodeApplicationsPage -->
  <system-out/>
  <testcase classname="dsAlgoTests.StackTest" name="verifyCodeApplicationsPage" time="0.000">
    <skipped/>
  </testcase> <!-- verifyCodeApplicationsPage -->
  <system-out/>
  <testcase classname="dsAlgoTests.StackTest" name="verifyCodeImplementationPage" time="0.000">
    <skipped/>
  </testcase> <!-- verifyCodeImplementationPage -->
  <system-out/>
  <testcase classname="dsAlgoTests.StackTest" name="verifyCodeOperationsInStackPage" time="0.000">
    <skipped/>
  </testcase> <!-- verifyCodeOperationsInStackPage -->
  <system-out/>
  <testcase classname="dsAlgoTests.StackTest" name="verifyCodeApplicationsPage" time="0.000">
    <skipped/>
  </testcase> <!-- verifyCodeApplicationsPage -->
  <system-out/>
  <testcase classname="dsAlgoTests.StackTest" name="verifyCodeOperationsInStackPage" time="0.000">
    <skipped/>
  </testcase> <!-- verifyCodeOperationsInStackPage -->
  <system-out/>
  <testcase classname="dsAlgoTests.StackTest" name="verifyCodeImplementationPage" time="0.000">
    <skipped/>
  </testcase> <!-- verifyCodeImplementationPage -->
  <system-out/>
  <testcase classname="dsAlgoTests.StackTest" name="verifyCodeImplementationPage" time="0.000">
    <skipped/>
  </testcase> <!-- verifyCodeImplementationPage -->
  <system-out/>
  <testcase classname="dsAlgoTests.StackTest" name="verifyCodeOperationsInStackPage" time="0.000">
    <skipped/>
  </testcase> <!-- verifyCodeOperationsInStackPage -->
  <system-out/>
  <testcase classname="dsAlgoTests.StackTest" name="verifyCodeOperationsInStackPage" time="0.000">
    <skipped/>
  </testcase> <!-- verifyCodeOperationsInStackPage -->
  <system-out/>
  <testcase classname="dsAlgoTests.StackTest" name="verifyCodeApplicationsPage" time="0.000">
    <skipped/>
  </testcase> <!-- verifyCodeApplicationsPage -->
  <system-out/>
  <testcase classname="dsAlgoTests.StackTest" name="verifyCodeOperationsInStackPage" time="0.000">
    <skipped/>
  </testcase> <!-- verifyCodeOperationsInStackPage -->
  <system-out/>
  <testcase classname="dsAlgoTests.StackTest" name="verifyCodeOperationsInStackPage" time="0.000">
    <skipped/>
  </testcase> <!-- verifyCodeOperationsInStackPage -->
  <system-out/>
  <testcase classname="dsAlgoTests.StackTest" name="verifyCodeOperationsInStackPage" time="0.000">
    <skipped/>
  </testcase> <!-- verifyCodeOperationsInStackPage -->
  <system-out/>
  <testcase classname="dsAlgoTests.StackTest" name="verifyCodeOperationsInStackPage" time="0.000">
    <skipped/>
  </testcase> <!-- verifyCodeOperationsInStackPage -->
  <system-out/>
  <testcase classname="dsAlgoTests.StackTest" name="verifyCodeImplementationPage" time="0.000">
    <skipped/>
  </testcase> <!-- verifyCodeImplementationPage -->
  <system-out/>
  <testcase classname="dsAlgoTests.StackTest" name="verifyCodeImplementationPage" time="0.000">
    <skipped/>
  </testcase> <!-- verifyCodeImplementationPage -->
  <system-out/>
  <testcase classname="dsAlgoTests.StackTest" name="verifyCodeImplementationPage" time="0.000">
    <skipped/>
  </testcase> <!-- verifyCodeImplementationPage -->
  <system-out/>
  <testcase classname="dsAlgoTests.StackTest" name="verifyCodeApplicationsPage" time="0.000">
    <skipped/>
  </testcase> <!-- verifyCodeApplicationsPage -->
  <system-out/>
  <testcase classname="dsAlgoTests.StackTest" name="verifyCodeOperationsInStackPage" time="0.000">
    <skipped/>
  </testcase> <!-- verifyCodeOperationsInStackPage -->
  <system-out/>
  <testcase classname="dsAlgoTests.StackTest" name="verifyCodeImplementationPage" time="0.000">
    <skipped/>
  </testcase> <!-- verifyCodeImplementationPage -->
  <system-out/>
  <testcase classname="dsAlgoTests.StackTest" name="verifyCodeApplicationsPage" time="0.000">
    <skipped/>
  </testcase> <!-- verifyCodeApplicationsPage -->
  <system-out/>
  <testcase classname="dsAlgoTests.StackTest" name="verifyCodeImplementationPage" time="0.000">
    <skipped/>
  </testcase> <!-- verifyCodeImplementationPage -->
  <system-out/>
  <testcase classname="dsAlgoTests.StackTest" name="verifyCodeApplicationsPage" time="0.000">
    <skipped/>
  </testcase> <!-- verifyCodeApplicationsPage -->
  <system-out/>
  <testcase classname="dsAlgoTests.StackTest" name="verifyCodeApplicationsPage" time="0.000">
    <skipped/>
  </testcase> <!-- verifyCodeApplicationsPage -->
  <system-out/>
  <testcase classname="dsAlgoTests.StackTest" name="verifyCodeApplicationsPage" time="0.000">
    <skipped/>
  </testcase> <!-- verifyCodeApplicationsPage -->
  <system-out/>
  <testcase classname="dsAlgoTests.StackTest" name="verifyCodeOperationsInStackPage" time="0.000">
    <skipped/>
  </testcase> <!-- verifyCodeOperationsInStackPage -->
  <system-out/>
  <testcase classname="dsAlgoTests.StackTest" name="verifyCodeOperationsInStackPage" time="0.000">
    <skipped/>
  </testcase> <!-- verifyCodeOperationsInStackPage -->
  <system-out/>
  <testcase classname="dsAlgoTests.StackTest" name="verifyCodeOperationsInStackPage" time="0.000">
    <skipped/>
  </testcase> <!-- verifyCodeOperationsInStackPage -->
  <system-out/>
  <testcase classname="dsAlgoTests.StackTest" name="verifyCodeImplementationPage" time="0.000">
    <skipped/>
  </testcase> <!-- verifyCodeImplementationPage -->
  <system-out/>
  <testcase classname="dsAlgoTests.StackTest" name="verifyCodeOperationsInStackPage" time="0.000">
    <skipped/>
  </testcase> <!-- verifyCodeOperationsInStackPage -->
  <system-out/>
  <testcase classname="dsAlgoTests.StackTest" name="verifyCodeOperationsInStackPage" time="0.000">
    <skipped/>
  </testcase> <!-- verifyCodeOperationsInStackPage -->
  <system-out/>
  <testcase classname="dsAlgoTests.StackTest" name="verifyCodeImplementationPage" time="0.000">
    <skipped/>
  </testcase> <!-- verifyCodeImplementationPage -->
  <system-out/>
  <testcase classname="dsAlgoTests.StackTest" name="verifyCodeImplementationPage" time="0.000">
    <skipped/>
  </testcase> <!-- verifyCodeImplementationPage -->
  <system-out/>
  <testcase classname="dsAlgoTests.StackTest" name="verifyCodeApplicationsPage" time="0.000">
    <skipped/>
  </testcase> <!-- verifyCodeApplicationsPage -->
  <system-out/>
  <testcase classname="dsAlgoTests.StackTest" name="verifyCodeApplicationsPage" time="0.000">
    <skipped/>
  </testcase> <!-- verifyCodeApplicationsPage -->
  <system-out/>
  <testcase classname="dsAlgoTests.StackTest" name="verifyCodeOperationsInStackPage" time="0.000">
    <skipped/>
  </testcase> <!-- verifyCodeOperationsInStackPage -->
  <system-out/>
  <testcase classname="dsAlgoTests.StackTest" name="verifyCodeApplicationsPage" time="0.000">
    <skipped/>
  </testcase> <!-- verifyCodeApplicationsPage -->
  <system-out/>
  <testcase classname="dsAlgoTests.StackTest" name="verifyCodeApplicationsPage" time="0.000">
    <skipped/>
  </testcase> <!-- verifyCodeApplicationsPage -->
  <system-out/>
  <testcase classname="dsAlgoTests.StackTest" name="verifyCodeApplicationsPage" time="0.000">
    <skipped/>
  </testcase> <!-- verifyCodeApplicationsPage -->
  <system-out/>
  <testcase classname="dsAlgoTests.StackTest" name="verifyCodeImplementationPage" time="0.000">
    <skipped/>
  </testcase> <!-- verifyCodeImplementationPage -->
  <system-out/>
  <testcase classname="dsAlgoTests.StackTest" name="verifyCodeApplicationsPage" time="0.000">
    <skipped/>
  </testcase> <!-- verifyCodeApplicationsPage -->
  <system-out/>
  <testcase classname="dsAlgoTests.StackTest" name="verifyCodeApplicationsPage" time="0.000">
    <skipped/>
  </testcase> <!-- verifyCodeApplicationsPage -->
  <system-out/>
  <testcase classname="dsAlgoTests.StackTest" name="verifyCodeOperationsInStackPage" time="0.000">
    <skipped/>
  </testcase> <!-- verifyCodeOperationsInStackPage -->
  <system-out/>
  <testcase classname="dsAlgoTests.StackTest" name="verifyCodeImplementationPage" time="0.000">
    <skipped/>
  </testcase> <!-- verifyCodeImplementationPage -->
  <system-out/>
  <testcase classname="dsAlgoTests.StackTest" name="verifyCodeImplementationPage" time="0.000">
    <skipped/>
  </testcase> <!-- verifyCodeImplementationPage -->
  <system-out/>
  <testcase classname="dsAlgoTests.StackTest" name="verifyCodeImplementationPage" time="0.001">
    <skipped/>
  </testcase> <!-- verifyCodeImplementationPage -->
  <system-out/>
  <testcase classname="dsAlgoTests.StackTest" name="verifyCodeOperationsInStackPage" time="0.000">
    <skipped/>
  </testcase> <!-- verifyCodeOperationsInStackPage -->
  <system-out/>
  <testcase classname="dsAlgoTests.StackTest" name="verifyCodeApplicationsPage" time="0.000">
    <skipped/>
  </testcase> <!-- verifyCodeApplicationsPage -->
  <system-out/>
  <testcase classname="dsAlgoTests.StackTest" name="verifyCodeOperationsInStackPage" time="0.000">
    <skipped/>
  </testcase> <!-- verifyCodeOperationsInStackPage -->
  <system-out/>
  <testcase classname="dsAlgoTests.StackTest" name="verifyCodeOperationsInStackPage" time="0.000">
    <skipped/>
  </testcase> <!-- verifyCodeOperationsInStackPage -->
  <system-out/>
  <testcase classname="dsAlgoTests.StackTest" name="verifyCodeApplicationsPage" time="0.000">
    <skipped/>
  </testcase> <!-- verifyCodeApplicationsPage -->
  <system-out/>
  <testcase classname="dsAlgoTests.StackTest" name="verifyCodeApplicationsPage" time="0.000">
    <skipped/>
  </testcase> <!-- verifyCodeApplicationsPage -->
  <system-out/>
  <testcase classname="dsAlgoTests.StackTest" name="verifyCodeApplicationsPage" time="0.000">
    <skipped/>
  </testcase> <!-- verifyCodeApplicationsPage -->
  <system-out/>
  <testcase classname="dsAlgoTests.StackTest" name="verifyCodeApplicationsPage" time="0.000">
    <skipped/>
  </testcase> <!-- verifyCodeApplicationsPage -->
  <system-out/>
  <testcase classname="dsAlgoTests.StackTest" name="verifyCodeImplementationPage" time="0.000">
    <skipped/>
  </testcase> <!-- verifyCodeImplementationPage -->
  <system-out/>
  <testcase classname="dsAlgoTests.StackTest" name="verifyCodeImplementationPage" time="0.000">
    <skipped/>
  </testcase> <!-- verifyCodeImplementationPage -->
  <system-out/>
  <testcase classname="dsAlgoTests.StackTest" name="verifyCodeImplementationPage" time="0.000">
    <skipped/>
  </testcase> <!-- verifyCodeImplementationPage -->
  <system-out/>
  <testcase classname="dsAlgoTests.StackTest" name="verifyCodeApplicationsPage" time="0.000">
    <skipped/>
  </testcase> <!-- verifyCodeApplicationsPage -->
  <system-out/>
  <testcase classname="dsAlgoTests.StackTest" name="verifyCodeOperationsInStackPage" time="0.000">
    <skipped/>
  </testcase> <!-- verifyCodeOperationsInStackPage -->
  <system-out/>
  <testcase classname="dsAlgoTests.StackTest" name="verifyCodeImplementationPage" time="0.000">
    <skipped/>
  </testcase> <!-- verifyCodeImplementationPage -->
  <system-out/>
  <testcase classname="dsAlgoTests.StackTest" name="verifyCodeImplementationPage" time="0.000">
    <skipped/>
  </testcase> <!-- verifyCodeImplementationPage -->
  <system-out/>
  <testcase classname="dsAlgoTests.StackTest" name="navigatetoApplicationstryeditor" time="0.000">
    <skipped/>
  </testcase> <!-- navigatetoApplicationstryeditor -->
  <system-out/>
  <testcase classname="dsAlgoTests.StackTest" name="verifyCodeOperationsInStackPage" time="0.000">
    <skipped/>
  </testcase> <!-- verifyCodeOperationsInStackPage -->
  <system-out/>
  <testcase classname="dsAlgoTests.StackTest" name="verifyCodeImplementationPage" time="0.000">
    <skipped/>
  </testcase> <!-- verifyCodeImplementationPage -->
  <system-out/>
  <testcase classname="dsAlgoTests.StackTest" name="verifyCodeApplicationsPage" time="0.000">
    <skipped/>
  </testcase> <!-- verifyCodeApplicationsPage -->
  <system-out/>
  <testcase classname="dsAlgoTests.StackTest" name="verifyCodeImplementationPage" time="0.000">
    <skipped/>
  </testcase> <!-- verifyCodeImplementationPage -->
  <system-out/>
  <testcase classname="dsAlgoTests.StackTest" name="verifyCodeImplementationPage" time="0.000">
    <skipped/>
  </testcase> <!-- verifyCodeImplementationPage -->
  <system-out/>
  <testcase classname="dsAlgoTests.StackTest" name="verifyCodeImplementationPage" time="0.000">
    <skipped/>
  </testcase> <!-- verifyCodeImplementationPage -->
  <system-out/>
  <testcase classname="dsAlgoTests.StackTest" name="verifyCodeOperationsInStackPage" time="0.000">
    <skipped/>
  </testcase> <!-- verifyCodeOperationsInStackPage -->
  <system-out/>
  <testcase classname="dsAlgoTests.StackTest" name="verifyCodeApplicationsPage" time="0.000">
    <skipped/>
  </testcase> <!-- verifyCodeApplicationsPage -->
  <system-out/>
  <testcase classname="dsAlgoTests.StackTest" name="verifyCodeOperationsInStackPage" time="0.000">
    <skipped/>
  </testcase> <!-- verifyCodeOperationsInStackPage -->
  <system-out/>
  <testcase classname="dsAlgoTests.StackTest" name="verifyCodeOperationsInStackPage" time="0.000">
    <skipped/>
  </testcase> <!-- verifyCodeOperationsInStackPage -->
  <system-out/>
  <testcase classname="dsAlgoTests.StackTest" name="verifyCodeOperationsInStackPage" time="0.000">
    <skipped/>
  </testcase> <!-- verifyCodeOperationsInStackPage -->
  <system-out/>
  <testcase classname="dsAlgoTests.StackTest" name="verifyCodeApplicationsPage" time="0.000">
    <skipped/>
  </testcase> <!-- verifyCodeApplicationsPage -->
  <system-out/>
  <testcase classname="dsAlgoTests.StackTest" name="verifyCodeOperationsInStackPage" time="0.000">
    <skipped/>
  </testcase> <!-- verifyCodeOperationsInStackPage -->
  <system-out/>
  <testcase classname="dsAlgoTests.StackTest" name="verifyCodeOperationsInStackPage" time="0.000">
    <skipped/>
  </testcase> <!-- verifyCodeOperationsInStackPage -->
  <system-out/>
  <testcase classname="dsAlgoTests.StackTest" name="verifyCodeImplementationPage" time="0.000">
    <skipped/>
  </testcase> <!-- verifyCodeImplementationPage -->
  <system-out/>
  <testcase classname="dsAlgoTests.StackTest" name="verifyCodeApplicationsPage" time="0.000">
    <skipped/>
  </testcase> <!-- verifyCodeApplicationsPage -->
  <system-out/>
  <testcase classname="dsAlgoTests.StackTest" name="verifyCodeApplicationsPage" time="0.000">
    <skipped/>
  </testcase> <!-- verifyCodeApplicationsPage -->
  <system-out/>
  <testcase classname="dsAlgoTests.StackTest" name="verifyCodeOperationsInStackPage" time="0.000">
    <skipped/>
  </testcase> <!-- verifyCodeOperationsInStackPage -->
  <system-out/>
  <testcase classname="dsAlgoTests.StackTest" name="verifyCodeApplicationsPage" time="0.000">
    <skipped/>
  </testcase> <!-- verifyCodeApplicationsPage -->
  <system-out/>
  <testcase classname="dsAlgoTests.StackTest" name="verifyCodeApplicationsPage" time="0.000">
    <skipped/>
  </testcase> <!-- verifyCodeApplicationsPage -->
  <system-out/>
  <testcase classname="dsAlgoTests.StackTest" name="verifyCodeImplementationPage" time="0.000">
    <skipped/>
  </testcase> <!-- verifyCodeImplementationPage -->
  <system-out/>
  <testcase classname="dsAlgoTests.StackTest" name="verifyCodeImplementationPage" time="0.000">
    <skipped/>
  </testcase> <!-- verifyCodeImplementationPage -->
  <system-out/>
  <testcase classname="dsAlgoTests.StackTest" name="verifyCodeImplementationPage" time="0.000">
    <skipped/>
  </testcase> <!-- verifyCodeImplementationPage -->
  <system-out/>
  <testcase classname="dsAlgoTests.StackTest" name="verifyCodeImplementationPage" time="0.000">
    <skipped/>
  </testcase> <!-- verifyCodeImplementationPage -->
  <system-out/>
  <testcase classname="dsAlgoTests.StackTest" name="verifyCodeOperationsInStackPage" time="0.000">
    <skipped/>
  </testcase> <!-- verifyCodeOperationsInStackPage -->
  <system-out/>
  <testcase classname="dsAlgoTests.StackTest" name="verifyCodeImplementationPage" time="0.000">
    <skipped/>
  </testcase> <!-- verifyCodeImplementationPage -->
  <system-out/>
  <testcase classname="dsAlgoTests.StackTest" name="verifyCodeImplementationPage" time="0.000">
    <skipped/>
  </testcase> <!-- verifyCodeImplementationPage -->
  <system-out/>
  <testcase classname="dsAlgoTests.StackTest" name="verifyCodeImplementationPage" time="0.000">
    <skipped/>
  </testcase> <!-- verifyCodeImplementationPage -->
  <system-out/>
  <testcase classname="dsAlgoTests.StackTest" name="verifyCodeImplementationPage" time="0.000">
    <skipped/>
  </testcase> <!-- verifyCodeImplementationPage -->
  <system-out/>
  <testcase classname="dsAlgoTests.StackTest" name="verifyCodeOperationsInStackPage" time="0.000">
    <skipped/>
  </testcase> <!-- verifyCodeOperationsInStackPage -->
  <system-out/>
  <testcase classname="dsAlgoTests.StackTest" name="verifyCodeOperationsInStackPage" time="0.000">
    <skipped/>
  </testcase> <!-- verifyCodeOperationsInStackPage -->
  <system-out/>
  <testcase classname="dsAlgoTests.StackTest" name="verifyCodeApplicationsPage" time="0.000">
    <skipped/>
  </testcase> <!-- verifyCodeApplicationsPage -->
  <system-out/>
  <testcase classname="dsAlgoTests.StackTest" name="verifyCodeApplicationsPage" time="0.000">
    <skipped/>
  </testcase> <!-- verifyCodeApplicationsPage -->
  <system-out/>
  <testcase classname="dsAlgoTests.StackTest" name="verifyCodeApplicationsPage" time="0.000">
    <skipped/>
  </testcase> <!-- verifyCodeApplicationsPage -->
  <system-out/>
  <testcase classname="dsAlgoTests.StackTest" name="verifyCodeImplementationPage" time="0.000">
    <skipped/>
  </testcase> <!-- verifyCodeImplementationPage -->
  <system-out/>
  <testcase classname="dsAlgoTests.StackTest" name="verifyCodeImplementationPage" time="0.000">
    <skipped/>
  </testcase> <!-- verifyCodeImplementationPage -->
  <system-out/>
  <testcase classname="dsAlgoTests.StackTest" name="verifyCodeApplicationsPage" time="0.000">
    <skipped/>
  </testcase> <!-- verifyCodeApplicationsPage -->
  <system-out/>
  <testcase classname="dsAlgoTests.StackTest" name="verifyCodeApplicationsPage" time="0.000">
    <skipped/>
  </testcase> <!-- verifyCodeApplicationsPage -->
  <system-out/>
  <testcase classname="dsAlgoTests.StackTest" name="verifyCodeOperationsInStackPage" time="0.000">
    <skipped/>
  </testcase> <!-- verifyCodeOperationsInStackPage -->
  <system-out/>
  <testcase classname="dsAlgoTests.StackTest" name="verifyCodeOperationsInStackPage" time="0.000">
    <skipped/>
  </testcase> <!-- verifyCodeOperationsInStackPage -->
  <system-out/>
  <testcase classname="dsAlgoTests.StackTest" name="verifyCodeApplicationsPage" time="0.000">
    <skipped/>
  </testcase> <!-- verifyCodeApplicationsPage -->
  <system-out/>
  <testcase classname="dsAlgoTests.StackTest" name="verifyCodeOperationsInStackPage" time="0.000">
    <skipped/>
  </testcase> <!-- verifyCodeOperationsInStackPage -->
  <system-out/>
  <testcase classname="dsAlgoTests.StackTest" name="verifyCodeApplicationsPage" time="0.000">
    <skipped/>
  </testcase> <!-- verifyCodeApplicationsPage -->
  <system-out/>
  <testcase classname="dsAlgoTests.StackTest" name="verifyCodeApplicationsPage" time="0.000">
    <skipped/>
  </testcase> <!-- verifyCodeApplicationsPage -->
  <system-out/>
  <testcase classname="dsAlgoTests.StackTest" name="verifyCodeApplicationsPage" time="0.000">
    <skipped/>
  </testcase> <!-- verifyCodeApplicationsPage -->
  <system-out/>
  <testcase classname="dsAlgoTests.StackTest" name="verifyCodeOperationsInStackPage" time="0.000">
    <skipped/>
  </testcase> <!-- verifyCodeOperationsInStackPage -->
  <system-out/>
  <testcase classname="dsAlgoTests.StackTest" name="verifyCodeApplicationsPage" time="0.000">
    <skipped/>
  </testcase> <!-- verifyCodeApplicationsPage -->
  <system-out/>
  <testcase classname="dsAlgoTests.StackTest" name="verifyCodeImplementationPage" time="0.000">
    <skipped/>
  </testcase> <!-- verifyCodeImplementationPage -->
  <system-out/>
  <testcase classname="dsAlgoTests.StackTest" name="verifyCodeOperationsInStackPage" time="0.000">
    <skipped/>
  </testcase> <!-- verifyCodeOperationsInStackPage -->
  <system-out/>
  <testcase classname="dsAlgoTests.StackTest" name="verifyCodeImplementationPage" time="0.000">
    <skipped/>
  </testcase> <!-- verifyCodeImplementationPage -->
  <system-out/>
  <testcase classname="dsAlgoTests.StackTest" name="verifyCodeApplicationsPage" time="0.000">
    <skipped/>
  </testcase> <!-- verifyCodeApplicationsPage -->
  <system-out/>
  <testcase classname="dsAlgoTests.StackTest" name="verifyCodeImplementationPage" time="0.000">
    <skipped/>
  </testcase> <!-- verifyCodeImplementationPage -->
  <system-out/>
  <testcase classname="dsAlgoTests.StackTest" name="verifyCodeImplementationPage" time="0.000">
    <skipped/>
  </testcase> <!-- verifyCodeImplementationPage -->
  <system-out/>
  <testcase classname="dsAlgoTests.StackTest" name="verifyCodeApplicationsPage" time="0.000">
    <skipped/>
  </testcase> <!-- verifyCodeApplicationsPage -->
  <system-out/>
  <testcase classname="dsAlgoTests.StackTest" name="verifyCodeImplementationPage" time="0.000">
    <skipped/>
  </testcase> <!-- verifyCodeImplementationPage -->
  <system-out/>
  <testcase classname="dsAlgoTests.StackTest" name="verifyCodeOperationsInStackPage" time="0.000">
    <skipped/>
  </testcase> <!-- verifyCodeOperationsInStackPage -->
  <system-out/>
  <testcase classname="dsAlgoTests.StackTest" name="verifyCodeApplicationsPage" time="0.000">
    <skipped/>
  </testcase> <!-- verifyCodeApplicationsPage -->
  <system-out/>
  <testcase classname="dsAlgoTests.StackTest" name="verifyCodeApplicationsPage" time="0.000">
    <skipped/>
  </testcase> <!-- verifyCodeApplicationsPage -->
  <system-out/>
  <testcase classname="dsAlgoTests.StackTest" name="verifyCodeOperationsInStackPage" time="0.000">
    <skipped/>
  </testcase> <!-- verifyCodeOperationsInStackPage -->
  <system-out/>
  <testcase classname="dsAlgoTests.StackTest" name="verifyCodeOperationsInStackPage" time="0.000">
    <skipped/>
  </testcase> <!-- verifyCodeOperationsInStackPage -->
  <system-out/>
  <testcase classname="dsAlgoTests.StackTest" name="verifyCodeOperationsInStackPage" time="0.000">
    <skipped/>
  </testcase> <!-- verifyCodeOperationsInStackPage -->
  <system-out/>
  <testcase classname="dsAlgoTests.StackTest" name="verifyCodeOperationsInStackPage" time="0.000">
    <skipped/>
  </testcase> <!-- verifyCodeOperationsInStackPage -->
  <system-out/>
  <testcase classname="dsAlgoTests.StackTest" name="verifyCodeImplementationPage" time="0.000">
    <skipped/>
  </testcase> <!-- verifyCodeImplementationPage -->
  <system-out/>
  <testcase classname="dsAlgoTests.StackTest" name="verifyCodeOperationsInStackPage" time="0.000">
    <skipped/>
  </testcase> <!-- verifyCodeOperationsInStackPage -->
  <system-out/>
  <testcase classname="dsAlgoTests.StackTest" name="verifyCodeImplementationPage" time="0.000">
    <skipped/>
  </testcase> <!-- verifyCodeImplementationPage -->
  <system-out/>
  <testcase classname="dsAlgoTests.StackTest" name="verifyCodeOperationsInStackPage" time="0.000">
    <skipped/>
  </testcase> <!-- verifyCodeOperationsInStackPage -->
  <system-out/>
  <testcase classname="dsAlgoTests.StackTest" name="verifyCodeOperationsInStackPage" time="0.000">
    <skipped/>
  </testcase> <!-- verifyCodeOperationsInStackPage -->
  <system-out/>
  <testcase classname="dsAlgoTests.StackTest" name="verifyCodeApplicationsPage" time="0.000">
    <skipped/>
  </testcase> <!-- verifyCodeApplicationsPage -->
  <system-out/>
  <testcase classname="dsAlgoTests.StackTest" name="verifyCodeApplicationsPage" time="0.000">
    <skipped/>
  </testcase> <!-- verifyCodeApplicationsPage -->
  <system-out/>
  <testcase classname="dsAlgoTests.StackTest" name="verifyCodeOperationsInStackPage" time="0.000">
    <skipped/>
  </testcase> <!-- verifyCodeOperationsInStackPage -->
  <system-out/>
  <testcase classname="dsAlgoTests.StackTest" name="verifyCodeImplementationPage" time="0.000">
    <skipped/>
  </testcase> <!-- verifyCodeImplementationPage -->
  <system-out/>
  <testcase classname="dsAlgoTests.StackTest" name="verifyCodeApplicationsPage" time="0.000">
    <skipped/>
  </testcase> <!-- verifyCodeApplicationsPage -->
  <system-out/>
  <testcase classname="dsAlgoTests.StackTest" name="verifyCodeImplementationPage" time="0.000">
    <skipped/>
  </testcase> <!-- verifyCodeImplementationPage -->
  <system-out/>
  <testcase classname="dsAlgoTests.StackTest" name="verifyCodeImplementationPage" time="0.000">
    <skipped/>
  </testcase> <!-- verifyCodeImplementationPage -->
  <system-out/>
  <testcase classname="dsAlgoTests.StackTest" name="verifyCodeApplicationsPage" time="0.000">
    <skipped/>
  </testcase> <!-- verifyCodeApplicationsPage -->
  <system-out/>
  <testcase classname="dsAlgoTests.StackTest" name="verifyCodeImplementationPage" time="0.000">
    <skipped/>
  </testcase> <!-- verifyCodeImplementationPage -->
  <system-out/>
  <testcase classname="dsAlgoTests.StackTest" name="verifyCodeOperationsInStackPage" time="0.000">
    <skipped/>
  </testcase> <!-- verifyCodeOperationsInStackPage -->
  <system-out/>
  <testcase classname="dsAlgoTests.StackTest" name="verifyCodeImplementationPage" time="0.000">
    <skipped/>
  </testcase> <!-- verifyCodeImplementationPage -->
  <system-out/>
  <testcase classname="dsAlgoTests.StackTest" name="verifyCodeApplicationsPage" time="0.000">
    <skipped/>
  </testcase> <!-- verifyCodeApplicationsPage -->
  <system-out/>
  <testcase classname="dsAlgoTests.StackTest" name="verifyCodeImplementationPage" time="0.000">
    <skipped/>
  </testcase> <!-- verifyCodeImplementationPage -->
  <system-out/>
  <testcase classname="dsAlgoTests.StackTest" name="verifyCodeImplementationPage" time="0.000">
    <skipped/>
  </testcase> <!-- verifyCodeImplementationPage -->
  <system-out/>
  <testcase classname="dsAlgoTests.StackTest" name="verifyCodeApplicationsPage" time="0.000">
    <skipped/>
  </testcase> <!-- verifyCodeApplicationsPage -->
  <system-out/>
  <testcase classname="dsAlgoTests.StackTest" name="verifyCodeApplicationsPage" time="0.000">
    <skipped/>
  </testcase> <!-- verifyCodeApplicationsPage -->
  <system-out/>
  <testcase classname="dsAlgoTests.StackTest" name="verifyCodeImplementationPage" time="0.000">
    <skipped/>
  </testcase> <!-- verifyCodeImplementationPage -->
  <system-out/>
  <testcase classname="dsAlgoTests.StackTest" name="verifyCodeImplementationPage" time="0.000">
    <skipped/>
  </testcase> <!-- verifyCodeImplementationPage -->
  <system-out/>
  <testcase classname="dsAlgoTests.StackTest" name="verifyCodeApplicationsPage" time="0.000">
    <skipped/>
  </testcase> <!-- verifyCodeApplicationsPage -->
  <system-out/>
  <testcase classname="dsAlgoTests.StackTest" name="verifyCodeOperationsInStackPage" time="0.000">
    <skipped/>
  </testcase> <!-- verifyCodeOperationsInStackPage -->
  <system-out/>
  <testcase classname="dsAlgoTests.StackTest" name="verifyCodeOperationsInStackPage" time="0.000">
    <skipped/>
  </testcase> <!-- verifyCodeOperationsInStackPage -->
  <system-out/>
  <testcase classname="dsAlgoTests.StackTest" name="verifyCodeOperationsInStackPage" time="0.000">
    <skipped/>
  </testcase> <!-- verifyCodeOperationsInStackPage -->
  <system-out/>
  <testcase classname="dsAlgoTests.StackTest" name="verifyCodeImplementationPage" time="0.000">
    <skipped/>
  </testcase> <!-- verifyCodeImplementationPage -->
  <system-out/>
  <testcase classname="dsAlgoTests.StackTest" name="verifyCodeApplicationsPage" time="0.000">
    <skipped/>
  </testcase> <!-- verifyCodeApplicationsPage -->
  <system-out/>
  <testcase classname="dsAlgoTests.StackTest" name="verifyCodeApplicationsPage" time="0.000">
    <skipped/>
  </testcase> <!-- verifyCodeApplicationsPage -->
  <system-out/>
  <testcase classname="dsAlgoTests.StackTest" name="verifyCodeImplementationPage" time="0.000">
    <skipped/>
  </testcase> <!-- verifyCodeImplementationPage -->
  <system-out/>
  <testcase classname="dsAlgoTests.StackTest" name="verifyCodeApplicationsPage" time="0.000">
    <skipped/>
  </testcase> <!-- verifyCodeApplicationsPage -->
  <system-out/>
  <testcase classname="dsAlgoTests.StackTest" name="verifyCodeApplicationsPage" time="0.000">
    <skipped/>
  </testcase> <!-- verifyCodeApplicationsPage -->
  <system-out/>
  <testcase classname="dsAlgoTests.StackTest" name="verifyCodeApplicationsPage" time="0.000">
    <skipped/>
  </testcase> <!-- verifyCodeApplicationsPage -->
  <system-out/>
  <testcase classname="dsAlgoTests.StackTest" name="verifyCodeOperationsInStackPage" time="0.000">
    <skipped/>
  </testcase> <!-- verifyCodeOperationsInStackPage -->
  <system-out/>
  <testcase classname="dsAlgoTests.StackTest" name="verifyCodeOperationsInStackPage" time="0.000">
    <skipped/>
  </testcase> <!-- verifyCodeOperationsInStackPage -->
  <system-out/>
  <testcase classname="dsAlgoTests.StackTest" name="verifyCodeApplicationsPage" time="0.000">
    <skipped/>
  </testcase> <!-- verifyCodeApplicationsPage -->
  <system-out/>
  <testcase classname="dsAlgoTests.StackTest" name="verifyCodeOperationsInStackPage" time="0.000">
    <skipped/>
  </testcase> <!-- verifyCodeOperationsInStackPage -->
  <system-out/>
  <testcase classname="dsAlgoTests.StackTest" name="verifyCodeImplementationPage" time="0.000">
    <skipped/>
  </testcase> <!-- verifyCodeImplementationPage -->
  <system-out/>
  <testcase classname="dsAlgoTests.StackTest" name="verifyCodeOperationsInStackPage" time="0.000">
    <skipped/>
  </testcase> <!-- verifyCodeOperationsInStackPage -->
  <system-out/>
  <testcase classname="dsAlgoTests.StackTest" name="verifyCodeApplicationsPage" time="0.000">
    <skipped/>
  </testcase> <!-- verifyCodeApplicationsPage -->
  <system-out/>
  <testcase classname="dsAlgoTests.StackTest" name="verifyCodeOperationsInStackPage" time="0.000">
    <skipped/>
  </testcase> <!-- verifyCodeOperationsInStackPage -->
  <system-out/>
  <testcase classname="dsAlgoTests.StackTest" name="verifyCodeApplicationsPage" time="0.000">
    <skipped/>
  </testcase> <!-- verifyCodeApplicationsPage -->
  <system-out/>
  <testcase classname="dsAlgoTests.StackTest" name="verifyCodeApplicationsPage" time="0.000">
    <skipped/>
  </testcase> <!-- verifyCodeApplicationsPage -->
  <system-out/>
  <testcase classname="dsAlgoTests.StackTest" name="verifyCodeApplicationsPage" time="0.000">
    <skipped/>
  </testcase> <!-- verifyCodeApplicationsPage -->
  <system-out/>
  <testcase classname="dsAlgoTests.StackTest" name="verifyCodeImplementationPage" time="0.000">
    <skipped/>
  </testcase> <!-- verifyCodeImplementationPage -->
  <system-out/>
  <testcase classname="dsAlgoTests.StackTest" name="verifyCodeApplicationsPage" time="0.000">
    <skipped/>
  </testcase> <!-- verifyCodeApplicationsPage -->
  <system-out/>
  <testcase classname="dsAlgoTests.StackTest" name="verifyCodeImplementationPage" time="0.000">
    <skipped/>
  </testcase> <!-- verifyCodeImplementationPage -->
  <system-out/>
  <testcase classname="dsAlgoTests.StackTest" name="verifyCodeOperationsInStackPage" time="0.000">
    <skipped/>
  </testcase> <!-- verifyCodeOperationsInStackPage -->
  <system-out/>
  <testcase classname="dsAlgoTests.StackTest" name="verifyCodeImplementationPage" time="0.000">
    <skipped/>
  </testcase> <!-- verifyCodeImplementationPage -->
  <system-out/>
  <testcase classname="dsAlgoTests.StackTest" name="verifyCodeImplementationPage" time="0.000">
    <skipped/>
  </testcase> <!-- verifyCodeImplementationPage -->
  <system-out/>
  <testcase classname="dsAlgoTests.StackTest" name="verifyCodeImplementationPage" time="0.000">
    <skipped/>
  </testcase> <!-- verifyCodeImplementationPage -->
  <system-out/>
  <testcase classname="dsAlgoTests.StackTest" name="verifyCodeApplicationsPage" time="0.000">
    <skipped/>
  </testcase> <!-- verifyCodeApplicationsPage -->
  <system-out/>
  <testcase classname="dsAlgoTests.StackTest" name="verifyCodeOperationsInStackPage" time="0.000">
    <skipped/>
  </testcase> <!-- verifyCodeOperationsInStackPage -->
  <system-out/>
  <testcase classname="dsAlgoTests.StackTest" name="verifyCodeApplicationsPage" time="0.000">
    <skipped/>
  </testcase> <!-- verifyCodeApplicationsPage -->
  <system-out/>
  <testcase classname="dsAlgoTests.StackTest" name="verifyCodeApplicationsPage" time="0.000">
    <skipped/>
  </testcase> <!-- verifyCodeApplicationsPage -->
  <system-out/>
  <testcase classname="dsAlgoTests.StackTest" name="verifyCodeOperationsInStackPage" time="0.000">
    <skipped/>
  </testcase> <!-- verifyCodeOperationsInStackPage -->
  <system-out/>
  <testcase classname="dsAlgoTests.StackTest" name="verifyCodeOperationsInStackPage" time="0.000">
    <skipped/>
  </testcase> <!-- verifyCodeOperationsInStackPage -->
  <system-out/>
  <testcase classname="dsAlgoTests.StackTest" name="verifyCodeOperationsInStackPage" time="0.000">
    <skipped/>
  </testcase> <!-- verifyCodeOperationsInStackPage -->
  <system-out/>
  <testcase classname="dsAlgoTests.StackTest" name="verifyCodeOperationsInStackPage" time="0.000">
    <skipped/>
  </testcase> <!-- verifyCodeOperationsInStackPage -->
  <system-out/>
  <testcase classname="dsAlgoTests.StackTest" name="verifyCodeApplicationsPage" time="0.000">
    <skipped/>
  </testcase> <!-- verifyCodeApplicationsPage -->
  <system-out/>
  <testcase classname="dsAlgoTests.StackTest" name="verifyCodeApplicationsPage" time="0.000">
    <skipped/>
  </testcase> <!-- verifyCodeApplicationsPage -->
  <system-out/>
  <testcase classname="dsAlgoTests.StackTest" name="verifyCodeOperationsInStackPage" time="0.000">
    <skipped/>
  </testcase> <!-- verifyCodeOperationsInStackPage -->
  <system-out/>
  <testcase classname="dsAlgoTests.StackTest" name="verifyCodeOperationsInStackPage" time="0.000">
    <skipped/>
  </testcase> <!-- verifyCodeOperationsInStackPage -->
  <system-out/>
  <testcase classname="dsAlgoTests.StackTest" name="verifyCodeImplementationPage" time="0.000">
    <skipped/>
  </testcase> <!-- verifyCodeImplementationPage -->
  <system-out/>
  <testcase classname="dsAlgoTests.StackTest" name="verifyCodeOperationsInStackPage" time="0.000">
    <skipped/>
  </testcase> <!-- verifyCodeOperationsInStackPage -->
  <system-out/>
  <testcase classname="dsAlgoTests.StackTest" name="verifyCodeApplicationsPage" time="0.000">
    <skipped/>
  </testcase> <!-- verifyCodeApplicationsPage -->
  <system-out/>
  <testcase classname="dsAlgoTests.StackTest" name="verifyCodeApplicationsPage" time="0.000">
    <skipped/>
  </testcase> <!-- verifyCodeApplicationsPage -->
  <system-out/>
  <testcase classname="dsAlgoTests.StackTest" name="verifyCodeImplementationPage" time="0.000">
    <skipped/>
  </testcase> <!-- verifyCodeImplementationPage -->
  <system-out/>
  <testcase classname="dsAlgoTests.StackTest" name="verifyCodeOperationsInStackPage" time="0.000">
    <skipped/>
  </testcase> <!-- verifyCodeOperationsInStackPage -->
  <system-out/>
  <testcase classname="dsAlgoTests.StackTest" name="verifyCodeApplicationsPage" time="0.000">
    <skipped/>
  </testcase> <!-- verifyCodeApplicationsPage -->
  <system-out/>
  <testcase classname="dsAlgoTests.StackTest" name="verifyCodeOperationsInStackPage" time="0.000">
    <skipped/>
  </testcase> <!-- verifyCodeOperationsInStackPage -->
  <system-out/>
  <testcase classname="dsAlgoTests.StackTest" name="verifyCodeOperationsInStackPage" time="0.000">
    <skipped/>
  </testcase> <!-- verifyCodeOperationsInStackPage -->
  <system-out/>
  <testcase classname="dsAlgoTests.StackTest" name="verifyCodeApplicationsPage" time="0.000">
    <skipped/>
  </testcase> <!-- verifyCodeApplicationsPage -->
  <system-out/>
  <testcase classname="dsAlgoTests.StackTest" name="verifyCodeOperationsInStackPage" time="0.000">
    <skipped/>
  </testcase> <!-- verifyCodeOperationsInStackPage -->
  <system-out/>
  <testcase classname="dsAlgoTests.StackTest" name="verifyCodeApplicationsPage" time="0.000">
    <skipped/>
  </testcase> <!-- verifyCodeApplicationsPage -->
  <system-out/>
  <testcase classname="dsAlgoTests.StackTest" name="verifyCodeOperationsInStackPage" time="0.000">
    <skipped/>
  </testcase> <!-- verifyCodeOperationsInStackPage -->
  <system-out/>
  <testcase classname="dsAlgoTests.StackTest" name="verifyCodeImplementationPage" time="0.000">
    <skipped/>
  </testcase> <!-- verifyCodeImplementationPage -->
  <system-out/>
  <testcase classname="dsAlgoTests.StackTest" name="verifyCodeImplementationPage" time="0.000">
    <skipped/>
  </testcase> <!-- verifyCodeImplementationPage -->
  <system-out/>
  <testcase classname="dsAlgoTests.StackTest" name="verifyCodeApplicationsPage" time="0.000">
    <skipped/>
  </testcase> <!-- verifyCodeApplicationsPage -->
  <system-out/>
  <testcase classname="dsAlgoTests.StackTest" name="verifyCodeOperationsInStackPage" time="0.000">
    <skipped/>
  </testcase> <!-- verifyCodeOperationsInStackPage -->
  <system-out/>
  <testcase classname="dsAlgoTests.StackTest" name="verifyCodeOperationsInStackPage" time="0.000">
    <skipped/>
  </testcase> <!-- verifyCodeOperationsInStackPage -->
  <system-out/>
  <testcase classname="dsAlgoTests.StackTest" name="verifyCodeOperationsInStackPage" time="0.000">
    <skipped/>
  </testcase> <!-- verifyCodeOperationsInStackPage -->
  <system-out/>
  <testcase classname="dsAlgoTests.StackTest" name="verifyCodeOperationsInStackPage" time="0.000">
    <skipped/>
  </testcase> <!-- verifyCodeOperationsInStackPage -->
  <system-out/>
  <testcase classname="dsAlgoTests.StackTest" name="verifyCodeImplementationPage" time="0.000">
    <skipped/>
  </testcase> <!-- verifyCodeImplementationPage -->
  <system-out/>
  <testcase classname="dsAlgoTests.StackTest" name="verifyCodeImplementationPage" time="0.000">
    <skipped/>
  </testcase> <!-- verifyCodeImplementationPage -->
  <system-out/>
  <testcase classname="dsAlgoTests.StackTest" name="verifyCodeOperationsInStackPage" time="0.000">
    <skipped/>
  </testcase> <!-- verifyCodeOperationsInStackPage -->
  <system-out/>
  <testcase classname="dsAlgoTests.StackTest" name="verifyCodeApplicationsPage" time="0.000">
    <skipped/>
  </testcase> <!-- verifyCodeApplicationsPage -->
  <system-out/>
  <testcase classname="dsAlgoTests.StackTest" name="verifyCodeApplicationsPage" time="0.000">
    <skipped/>
  </testcase> <!-- verifyCodeApplicationsPage -->
  <system-out/>
  <testcase classname="dsAlgoTests.StackTest" name="verifyCodeImplementationPage" time="0.000">
    <skipped/>
  </testcase> <!-- verifyCodeImplementationPage -->
  <system-out/>
  <testcase classname="dsAlgoTests.StackTest" name="verifyCodeOperationsInStackPage" time="0.000">
    <skipped/>
  </testcase> <!-- verifyCodeOperationsInStackPage -->
  <system-out/>
  <testcase classname="dsAlgoTests.StackTest" name="verifyCodeImplementationPage" time="0.000">
    <skipped/>
  </testcase> <!-- verifyCodeImplementationPage -->
  <system-out/>
  <testcase classname="dsAlgoTests.StackTest" name="verifyCodeImplementationPage" time="0.000">
    <skipped/>
  </testcase> <!-- verifyCodeImplementationPage -->
  <system-out/>
  <testcase classname="dsAlgoTests.StackTest" name="verifyCodeApplicationsPage" time="0.000">
    <skipped/>
  </testcase> <!-- verifyCodeApplicationsPage -->
  <system-out/>
  <testcase classname="dsAlgoTests.StackTest" name="verifyCodeOperationsInStackPage" time="0.000">
    <skipped/>
  </testcase> <!-- verifyCodeOperationsInStackPage -->
  <system-out/>
  <testcase classname="dsAlgoTests.StackTest" name="verifyCodeOperationsInStackPage" time="0.000">
    <skipped/>
  </testcase> <!-- verifyCodeOperationsInStackPage -->
  <system-out/>
  <testcase classname="dsAlgoTests.StackTest" name="verifyCodeOperationsInStackPage" time="0.000">
    <skipped/>
  </testcase> <!-- verifyCodeOperationsInStackPage -->
  <system-out/>
  <testcase classname="dsAlgoTests.StackTest" name="verifyCodeImplementationPage" time="0.000">
    <skipped/>
  </testcase> <!-- verifyCodeImplementationPage -->
  <system-out/>
  <testcase classname="dsAlgoTests.StackTest" name="verifyCodeOperationsInStackPage" time="0.000">
    <skipped/>
  </testcase> <!-- verifyCodeOperationsInStackPage -->
  <system-out/>
  <testcase classname="dsAlgoTests.StackTest" name="verifyCodeImplementationPage" time="0.000">
    <skipped/>
  </testcase> <!-- verifyCodeImplementationPage -->
  <system-out/>
  <testcase classname="dsAlgoTests.StackTest" name="verifyCodeOperationsInStackPage" time="0.000">
    <skipped/>
  </testcase> <!-- verifyCodeOperationsInStackPage -->
  <system-out/>
  <testcase classname="dsAlgoTests.StackTest" name="verifyCodeOperationsInStackPage" time="0.000">
    <skipped/>
  </testcase> <!-- verifyCodeOperationsInStackPage -->
  <system-out/>
  <testcase classname="dsAlgoTests.StackTest" name="verifyCodeApplicationsPage" time="0.000">
    <skipped/>
  </testcase> <!-- verifyCodeApplicationsPage -->
  <system-out/>
  <testcase classname="dsAlgoTests.StackTest" name="verifyCodeApplicationsPage" time="0.000">
    <skipped/>
  </testcase> <!-- verifyCodeApplicationsPage -->
  <system-out/>
  <testcase classname="dsAlgoTests.StackTest" name="verifyCodeOperationsInStackPage" time="0.000">
    <skipped/>
  </testcase> <!-- verifyCodeOperationsInStackPage -->
  <system-out/>
  <testcase classname="dsAlgoTests.StackTest" name="verifyCodeImplementationPage" time="0.000">
    <skipped/>
  </testcase> <!-- verifyCodeImplementationPage -->
  <system-out/>
  <testcase classname="dsAlgoTests.StackTest" name="verifyCodeOperationsInStackPage" time="0.000">
    <skipped/>
  </testcase> <!-- verifyCodeOperationsInStackPage -->
  <system-out/>
  <testcase classname="dsAlgoTests.StackTest" name="verifyCodeApplicationsPage" time="0.000">
    <skipped/>
  </testcase> <!-- verifyCodeApplicationsPage -->
  <system-out/>
  <testcase classname="dsAlgoTests.StackTest" name="verifyCodeOperationsInStackPage" time="0.000">
    <skipped/>
  </testcase> <!-- verifyCodeOperationsInStackPage -->
  <system-out/>
  <testcase classname="dsAlgoTests.StackTest" name="verifyCodeApplicationsPage" time="0.000">
    <skipped/>
  </testcase> <!-- verifyCodeApplicationsPage -->
  <system-out/>
  <testcase classname="dsAlgoTests.StackTest" name="verifyCodeImplementationPage" time="0.000">
    <skipped/>
  </testcase> <!-- verifyCodeImplementationPage -->
  <system-out/>
  <testcase classname="dsAlgoTests.StackTest" name="verifyCodeImplementationPage" time="0.000">
    <skipped/>
  </testcase> <!-- verifyCodeImplementationPage -->
  <system-out/>
  <testcase classname="dsAlgoTests.StackTest" name="verifyCodeOperationsInStackPage" time="0.000">
    <skipped/>
  </testcase> <!-- verifyCodeOperationsInStackPage -->
  <system-out/>
  <testcase classname="dsAlgoTests.StackTest" name="verifyCodeApplicationsPage" time="0.000">
    <skipped/>
  </testcase> <!-- verifyCodeApplicationsPage -->
  <system-out/>
  <testcase classname="dsAlgoTests.StackTest" name="verifyCodeImplementationPage" time="0.000">
    <skipped/>
  </testcase> <!-- verifyCodeImplementationPage -->
  <system-out/>
  <testcase classname="dsAlgoTests.StackTest" name="verifyCodeApplicationsPage" time="0.000">
    <skipped/>
  </testcase> <!-- verifyCodeApplicationsPage -->
  <system-out/>
  <testcase classname="dsAlgoTests.StackTest" name="verifyCodeOperationsInStackPage" time="0.000">
    <skipped/>
  </testcase> <!-- verifyCodeOperationsInStackPage -->
  <system-out/>
  <testcase classname="dsAlgoTests.StackTest" name="verifyCodeImplementationPage" time="0.000">
    <skipped/>
  </testcase> <!-- verifyCodeImplementationPage -->
  <system-out/>
  <testcase classname="dsAlgoTests.StackTest" name="verifyCodeImplementationPage" time="0.000">
    <skipped/>
  </testcase> <!-- verifyCodeImplementationPage -->
  <system-out/>
  <testcase classname="dsAlgoTests.StackTest" name="verifyCodeImplementationPage" time="0.000">
    <skipped/>
  </testcase> <!-- verifyCodeImplementationPage -->
  <system-out/>
  <testcase classname="dsAlgoTests.StackTest" name="verifyCodeApplicationsPage" time="0.000">
    <skipped/>
  </testcase> <!-- verifyCodeApplicationsPage -->
  <system-out/>
  <testcase classname="dsAlgoTests.StackTest" name="verifyCodeImplementationPage" time="0.000">
    <skipped/>
  </testcase> <!-- verifyCodeImplementationPage -->
  <system-out/>
  <testcase classname="dsAlgoTests.StackTest" name="verifyCodeImplementationPage" time="0.000">
    <skipped/>
  </testcase> <!-- verifyCodeImplementationPage -->
  <system-out/>
  <testcase classname="dsAlgoTests.StackTest" name="verifyCodeApplicationsPage" time="0.000">
    <skipped/>
  </testcase> <!-- verifyCodeApplicationsPage -->
  <system-out/>
  <testcase classname="dsAlgoTests.StackTest" name="verifyCodeApplicationsPage" time="0.000">
    <skipped/>
  </testcase> <!-- verifyCodeApplicationsPage -->
  <system-out/>
  <testcase classname="dsAlgoTests.StackTest" name="verifyCodeApplicationsPage" time="0.000">
    <skipped/>
  </testcase> <!-- verifyCodeApplicationsPage -->
  <system-out/>
  <testcase classname="dsAlgoTests.StackTest" name="verifyCodeApplicationsPage" time="0.000">
    <skipped/>
  </testcase> <!-- verifyCodeApplicationsPage -->
  <system-out/>
  <testcase classname="dsAlgoTests.StackTest" name="verifyCodeApplicationsPage" time="0.000">
    <skipped/>
  </testcase> <!-- verifyCodeApplicationsPage -->
  <system-out/>
  <testcase classname="dsAlgoTests.StackTest" name="verifyCodeOperationsInStackPage" time="0.000">
    <skipped/>
  </testcase> <!-- verifyCodeOperationsInStackPage -->
  <system-out/>
  <testcase classname="dsAlgoTests.StackTest" name="verifyCodeOperationsInStackPage" time="0.000">
    <skipped/>
  </testcase> <!-- verifyCodeOperationsInStackPage -->
  <system-out/>
  <testcase classname="dsAlgoTests.StackTest" name="verifyCodeImplementationPage" time="0.000">
    <skipped/>
  </testcase> <!-- verifyCodeImplementationPage -->
  <system-out/>
  <testcase classname="dsAlgoTests.StackTest" name="verifyCodeApplicationsPage" time="0.000">
    <skipped/>
  </testcase> <!-- verifyCodeApplicationsPage -->
  <system-out/>
  <testcase classname="dsAlgoTests.StackTest" name="verifyCodeOperationsInStackPage" time="0.000">
    <skipped/>
  </testcase> <!-- verifyCodeOperationsInStackPage -->
  <system-out/>
  <testcase classname="dsAlgoTests.StackTest" name="verifyCodeOperationsInStackPage" time="0.000">
    <skipped/>
  </testcase> <!-- verifyCodeOperationsInStackPage -->
  <system-out/>
  <testcase classname="dsAlgoTests.StackTest" name="verifyCodeOperationsInStackPage" time="0.000">
    <skipped/>
  </testcase> <!-- verifyCodeOperationsInStackPage -->
  <system-out/>
  <testcase classname="dsAlgoTests.StackTest" name="verifyCodeApplicationsPage" time="0.000">
    <skipped/>
  </testcase> <!-- verifyCodeApplicationsPage -->
  <system-out/>
  <testcase classname="dsAlgoTests.StackTest" name="verifyCodeOperationsInStackPage" time="0.000">
    <skipped/>
  </testcase> <!-- verifyCodeOperationsInStackPage -->
  <system-out/>
  <testcase classname="dsAlgoTests.StackTest" name="verifyCodeApplicationsPage" time="0.000">
    <skipped/>
  </testcase> <!-- verifyCodeApplicationsPage -->
  <system-out/>
  <testcase classname="dsAlgoTests.StackTest" name="verifyCodeApplicationsPage" time="0.000">
    <skipped/>
  </testcase> <!-- verifyCodeApplicationsPage -->
  <system-out/>
  <testcase classname="dsAlgoTests.StackTest" name="verifyCodeOperationsInStackPage" time="0.000">
    <skipped/>
  </testcase> <!-- verifyCodeOperationsInStackPage -->
  <system-out/>
  <testcase classname="dsAlgoTests.StackTest" name="verifyCodeImplementationPage" time="0.000">
    <skipped/>
  </testcase> <!-- verifyCodeImplementationPage -->
  <system-out/>
  <testcase classname="dsAlgoTests.StackTest" name="verifyCodeApplicationsPage" time="0.000">
    <skipped/>
  </testcase> <!-- verifyCodeApplicationsPage -->
  <system-out/>
  <testcase classname="dsAlgoTests.StackTest" name="verifyCodeApplicationsPage" time="0.000">
    <skipped/>
  </testcase> <!-- verifyCodeApplicationsPage -->
  <system-out/>
  <testcase classname="dsAlgoTests.StackTest" name="verifyCodeOperationsInStackPage" time="0.000">
    <skipped/>
  </testcase> <!-- verifyCodeOperationsInStackPage -->
  <system-out/>
  <testcase classname="dsAlgoTests.StackTest" name="verifyCodeApplicationsPage" time="0.000">
    <skipped/>
  </testcase> <!-- verifyCodeApplicationsPage -->
  <system-out/>
  <testcase classname="dsAlgoTests.StackTest" name="verifyCodeImplementationPage" time="0.000">
    <skipped/>
  </testcase> <!-- verifyCodeImplementationPage -->
  <system-out/>
  <testcase classname="dsAlgoTests.StackTest" name="verifyCodeApplicationsPage" time="0.000">
    <skipped/>
  </testcase> <!-- verifyCodeApplicationsPage -->
  <system-out/>
  <testcase classname="dsAlgoTests.StackTest" name="verifyCodeImplementationPage" time="0.000">
    <skipped/>
  </testcase> <!-- verifyCodeImplementationPage -->
  <system-out/>
  <testcase classname="dsAlgoTests.StackTest" name="verifyCodeImplementationPage" time="0.000">
    <skipped/>
  </testcase> <!-- verifyCodeImplementationPage -->
  <system-out/>
  <testcase classname="dsAlgoTests.StackTest" name="verifyCodeImplementationPage" time="0.000">
    <skipped/>
  </testcase> <!-- verifyCodeImplementationPage -->
  <system-out/>
  <testcase classname="dsAlgoTests.StackTest" name="verifyCodeOperationsInStackPage" time="0.000">
    <skipped/>
  </testcase> <!-- verifyCodeOperationsInStackPage -->
  <system-out/>
  <testcase classname="dsAlgoTests.StackTest" name="verifyCodeOperationsInStackPage" time="0.000">
    <skipped/>
  </testcase> <!-- verifyCodeOperationsInStackPage -->
  <system-out/>
  <testcase classname="dsAlgoTests.StackTest" name="verifyCodeImplementationPage" time="0.000">
    <skipped/>
  </testcase> <!-- verifyCodeImplementationPage -->
  <system-out/>
  <testcase classname="dsAlgoTests.StackTest" name="verifyCodeOperationsInStackPage" time="0.000">
    <skipped/>
  </testcase> <!-- verifyCodeOperationsInStackPage -->
  <system-out/>
  <testcase classname="dsAlgoTests.StackTest" name="verifyCodeOperationsInStackPage" time="0.000">
    <skipped/>
  </testcase> <!-- verifyCodeOperationsInStackPage -->
  <system-out/>
  <testcase classname="dsAlgoTests.StackTest" name="verifyCodeApplicationsPage" time="0.000">
    <skipped/>
  </testcase> <!-- verifyCodeApplicationsPage -->
  <system-out/>
  <testcase classname="dsAlgoTests.StackTest" name="verifyCodeOperationsInStackPage" time="0.000">
    <skipped/>
  </testcase> <!-- verifyCodeOperationsInStackPage -->
  <system-out/>
  <testcase classname="dsAlgoTests.StackTest" name="verifyCodeImplementationPage" time="0.000">
    <skipped/>
  </testcase> <!-- verifyCodeImplementationPage -->
  <system-out/>
  <testcase classname="dsAlgoTests.StackTest" name="verifyCodeImplementationPage" time="0.000">
    <skipped/>
  </testcase> <!-- verifyCodeImplementationPage -->
  <system-out/>
  <testcase classname="dsAlgoTests.StackTest" name="verifyCodeApplicationsPage" time="0.000">
    <skipped/>
  </testcase> <!-- verifyCodeApplicationsPage -->
  <system-out/>
  <testcase classname="dsAlgoTests.StackTest" name="verifyCodeImplementationPage" time="0.000">
    <skipped/>
  </testcase> <!-- verifyCodeImplementationPage -->
  <system-out/>
  <testcase classname="dsAlgoTests.StackTest" name="verifyCodeOperationsInStackPage" time="0.000">
    <skipped/>
  </testcase> <!-- verifyCodeOperationsInStackPage -->
  <system-out/>
  <testcase classname="dsAlgoTests.StackTest" name="navigateToOperationsInStackPracticeQuestions" time="0.000">
    <skipped/>
  </testcase> <!-- navigateToOperationsInStackPracticeQuestions -->
  <system-out/>
  <testcase classname="dsAlgoTests.StackTest" name="verifyCodeImplementationPage" time="0.000">
    <skipped/>
  </testcase> <!-- verifyCodeImplementationPage -->
  <system-out/>
  <testcase classname="dsAlgoTests.StackTest" name="verifyCodeImplementationPage" time="0.000">
    <skipped/>
  </testcase> <!-- verifyCodeImplementationPage -->
  <system-out/>
  <testcase classname="dsAlgoTests.StackTest" name="verifyCodeOperationsInStackPage" time="0.000">
    <skipped/>
  </testcase> <!-- verifyCodeOperationsInStackPage -->
  <system-out/>
  <testcase classname="dsAlgoTests.StackTest" name="verifyCodeApplicationsPage" time="0.000">
    <skipped/>
  </testcase> <!-- verifyCodeApplicationsPage -->
  <system-out/>
  <testcase classname="dsAlgoTests.StackTest" name="verifyCodeImplementationPage" time="0.000">
    <skipped/>
  </testcase> <!-- verifyCodeImplementationPage -->
  <system-out/>
  <testcase classname="dsAlgoTests.StackTest" name="verifyCodeImplementationPage" time="0.000">
    <skipped/>
  </testcase> <!-- verifyCodeImplementationPage -->
  <system-out/>
  <testcase classname="dsAlgoTests.StackTest" name="verifyCodeApplicationsPage" time="0.000">
    <skipped/>
  </testcase> <!-- verifyCodeApplicationsPage -->
  <system-out/>
  <testcase classname="dsAlgoTests.StackTest" name="verifyCodeImplementationPage" time="0.000">
    <skipped/>
  </testcase> <!-- verifyCodeImplementationPage -->
  <system-out/>
  <testcase classname="dsAlgoTests.StackTest" name="verifyCodeImplementationPage" time="0.000">
    <skipped/>
  </testcase> <!-- verifyCodeImplementationPage -->
  <system-out/>
  <testcase classname="dsAlgoTests.StackTest" name="verifyCodeOperationsInStackPage" time="0.000">
    <skipped/>
  </testcase> <!-- verifyCodeOperationsInStackPage -->
  <system-out/>
  <testcase classname="dsAlgoTests.StackTest" name="verifyCodeOperationsInStackPage" time="0.000">
    <skipped/>
  </testcase> <!-- verifyCodeOperationsInStackPage -->
  <system-out/>
  <testcase classname="dsAlgoTests.StackTest" name="verifyCodeImplementationPage" time="0.000">
    <skipped/>
  </testcase> <!-- verifyCodeImplementationPage -->
  <system-out/>
  <testcase classname="dsAlgoTests.StackTest" name="verifyCodeOperationsInStackPage" time="0.000">
    <skipped/>
  </testcase> <!-- verifyCodeOperationsInStackPage -->
  <system-out/>
  <testcase classname="dsAlgoTests.StackTest" name="verifyCodeApplicationsPage" time="0.000">
    <skipped/>
  </testcase> <!-- verifyCodeApplicationsPage -->
  <system-out/>
  <testcase classname="dsAlgoTests.StackTest" name="verifyCodeApplicationsPage" time="0.000">
    <skipped/>
  </testcase> <!-- verifyCodeApplicationsPage -->
  <system-out/>
  <testcase classname="dsAlgoTests.StackTest" name="verifyCodeImplementationPage" time="0.000">
    <skipped/>
  </testcase> <!-- verifyCodeImplementationPage -->
  <system-out/>
  <testcase classname="dsAlgoTests.StackTest" name="verifyCodeImplementationPage" time="0.000">
    <skipped/>
  </testcase> <!-- verifyCodeImplementationPage -->
  <system-out/>
  <testcase classname="dsAlgoTests.StackTest" name="verifyCodeApplicationsPage" time="0.000">
    <skipped/>
  </testcase> <!-- verifyCodeApplicationsPage -->
  <system-out/>
  <testcase classname="dsAlgoTests.StackTest" name="verifyCodeApplicationsPage" time="0.000">
    <skipped/>
  </testcase> <!-- verifyCodeApplicationsPage -->
  <system-out/>
  <testcase classname="dsAlgoTests.StackTest" name="verifyCodeOperationsInStackPage" time="0.000">
    <skipped/>
  </testcase> <!-- verifyCodeOperationsInStackPage -->
  <system-out/>
  <testcase classname="dsAlgoTests.StackTest" name="verifyCodeOperationsInStackPage" time="0.000">
    <skipped/>
  </testcase> <!-- verifyCodeOperationsInStackPage -->
  <system-out/>
  <testcase classname="dsAlgoTests.StackTest" name="verifyCodeImplementationPage" time="0.000">
    <skipped/>
  </testcase> <!-- verifyCodeImplementationPage -->
  <system-out/>
  <testcase classname="dsAlgoTests.StackTest" name="verifyCodeApplicationsPage" time="0.000">
    <skipped/>
  </testcase> <!-- verifyCodeApplicationsPage -->
  <system-out/>
  <testcase classname="dsAlgoTests.StackTest" name="verifyCodeOperationsInStackPage" time="0.000">
    <skipped/>
  </testcase> <!-- verifyCodeOperationsInStackPage -->
  <system-out/>
  <testcase classname="dsAlgoTests.StackTest" name="verifyCodeApplicationsPage" time="0.000">
    <skipped/>
  </testcase> <!-- verifyCodeApplicationsPage -->
  <system-out/>
  <testcase classname="dsAlgoTests.StackTest" name="verifyCodeImplementationPage" time="0.000">
    <skipped/>
  </testcase> <!-- verifyCodeImplementationPage -->
  <system-out/>
</testsuite> <!-- dsAlgoTests.StackTest -->
