<?xml version="1.0" encoding="UTF-8"?>
<!-- Generated by org.testng.reporters.JUnitReportReporter -->
<testsuite hostname="sukeerthsahana" failures="0" tests="15" name="dsAlgoTests.HomeTest" time="38.375" errors="0" timestamp="2025-02-05T15:57:57 CST" skipped="0">
  <testcase classname="dsAlgoTests.HomeTest" name="navigateToRegister" time="2.512"/>
  <system-out/>
  <testcase classname="dsAlgoTests.HomeTest" name="GetstartedStackerrorBeforeSignin" time="2.445"/>
  <system-out/>
  <testcase classname="dsAlgoTests.HomeTest" name="GetstartedTreeerrorBeforeSignin" time="2.468"/>
  <system-out/>
  <testcase classname="dsAlgoTests.HomeTest" name="GetstartedArrayerrorBeforeSignin" time="2.604"/>
  <system-out/>
  <testcase classname="dsAlgoTests.HomeTest" name="dropdownoptionLinkedListerrorBeforeSignin" time="2.690"/>
  <system-out/>
  <testcase classname="dsAlgoTests.HomeTest" name="GetstartedGrapherrorBeforeSignin" time="2.683"/>
  <system-out/>
  <testcase classname="dsAlgoTests.HomeTest" name="errorMessageWhenClickedOnDataStructureBeforeSignin" time="2.532"/>
  <system-out/>
  <testcase classname="dsAlgoTests.HomeTest" name="dropdownoptionArrayserrorBeforeSignin" time="2.829"/>
  <system-out/>
  <testcase classname="dsAlgoTests.HomeTest" name="dropdownoptionQueueerrorBeforeSignin" time="2.429"/>
  <system-out/>
  <testcase classname="dsAlgoTests.HomeTest" name="dropdownoptionStackerrorBeforeSignin" time="2.692"/>
  <system-out/>
  <testcase classname="dsAlgoTests.HomeTest" name="GetstartedLinkedListerrorBeforeSignin" time="2.499"/>
  <system-out/>
  <testcase classname="dsAlgoTests.HomeTest" name="dropdownoptionTreeerrorBeforeSignin" time="2.496"/>
  <system-out/>
  <testcase classname="dsAlgoTests.HomeTest" name="dropdownoptionGrapherrorBeforeSignin" time="2.586"/>
  <system-out/>
  <testcase classname="dsAlgoTests.HomeTest" name="GetstartedQueueerrorBeforeSignin" time="2.635"/>
  <system-out/>
  <testcase classname="dsAlgoTests.HomeTest" name="navigateToLogin" time="2.275"/>
  <system-out/>
</testsuite> <!-- dsAlgoTests.HomeTest -->
