<?xml version="1.0" encoding="UTF-8"?>
<!-- Generated by org.testng.reporters.JUnitReportReporter -->
<testsuite hostname="Vaibhav" failures="0" tests="3013" name="dsAlgoTests.StackTest" time="61.525" errors="1" timestamp="2025-02-05T23:58:14 IST" skipped="3012">
  <testcase classname="dsAlgoTests.StackTest" name="verifyCodeOperationsInStackPage" time="0.000">
    <skipped/>
  </testcase> <!-- verifyCodeOperationsInStackPage -->
  <system-out/>
  <testcase classname="dsAlgoTests.StackTest" name="verifyCodeOperationsInStackPage" time="0.000">
    <skipped/>
  </testcase> <!-- verifyCodeOperationsInStackPage -->
  <system-out/>
  <testcase classname="dsAlgoTests.StackTest" name="verifyCodeOperationsInStackPage" time="0.000">
    <skipped/>
  </testcase> <!-- verifyCodeOperationsInStackPage -->
  <system-out/>
  <testcase classname="dsAlgoTests.StackTest" name="verifyCodeApplicationsPage" time="0.000">
    <skipped/>
  </testcase> <!-- verifyCodeApplicationsPage -->
  <system-out/>
  <testcase classname="dsAlgoTests.StackTest" name="verifyCodeOperationsInStackPage" time="0.000">
    <skipped/>
  </testcase> <!-- verifyCodeOperationsInStackPage -->
  <system-out/>
  <testcase classname="dsAlgoTests.StackTest" name="verifyCodeOperationsInStackPage" time="0.000">
    <skipped/>
  </testcase> <!-- verifyCodeOperationsInStackPage -->
  <system-out/>
  <testcase classname="dsAlgoTests.StackTest" name="verifyCodeOperationsInStackPage" time="0.000">
    <skipped/>
  </testcase> <!-- verifyCodeOperationsInStackPage -->
  <system-out/>
  <testcase classname="dsAlgoTests.StackTest" name="verifyCodeImplementationPage" time="0.000">
    <skipped/>
  </testcase> <!-- verifyCodeImplementationPage -->
  <system-out/>
  <testcase classname="dsAlgoTests.StackTest" name="verifyCodeApplicationsPage" time="0.000">
    <skipped/>
  </testcase> <!-- verifyCodeApplicationsPage -->
  <system-out/>
  <testcase classname="dsAlgoTests.StackTest" name="verifyCodeOperationsInStackPage" time="0.000">
    <skipped/>
  </testcase> <!-- verifyCodeOperationsInStackPage -->
  <system-out/>
  <testcase classname="dsAlgoTests.StackTest" name="verifyCodeApplicationsPage" time="0.000">
    <skipped/>
  </testcase> <!-- verifyCodeApplicationsPage -->
  <system-out/>
  <testcase classname="dsAlgoTests.StackTest" name="verifyCodeOperationsInStackPage" time="0.000">
    <skipped/>
  </testcase> <!-- verifyCodeOperationsInStackPage -->
  <system-out/>
  <testcase classname="dsAlgoTests.StackTest" name="verifyCodeApplicationsPage" time="0.000">
    <skipped/>
  </testcase> <!-- verifyCodeApplicationsPage -->
  <system-out/>
  <testcase classname="dsAlgoTests.StackTest" name="verifyCodeApplicationsPage" time="0.000">
    <skipped/>
  </testcase> <!-- verifyCodeApplicationsPage -->
  <system-out/>
  <testcase classname="dsAlgoTests.StackTest" name="verifyCodeImplementationPage" time="0.000">
    <skipped/>
  </testcase> <!-- verifyCodeImplementationPage -->
  <system-out/>
  <testcase classname="dsAlgoTests.StackTest" name="verifyCodeImplementationPage" time="0.000">
    <skipped/>
  </testcase> <!-- verifyCodeImplementationPage -->
  <system-out/>
  <testcase classname="dsAlgoTests.StackTest" name="verifyCodeOperationsInStackPage" time="0.000">
    <skipped/>
  </testcase> <!-- verifyCodeOperationsInStackPage -->
  <system-out/>
  <testcase classname="dsAlgoTests.StackTest" name="verifyCodeOperationsInStackPage" time="0.000">
    <skipped/>
  </testcase> <!-- verifyCodeOperationsInStackPage -->
  <system-out/>
  <testcase classname="dsAlgoTests.StackTest" name="verifyCodeApplicationsPage" time="0.000">
    <skipped/>
  </testcase> <!-- verifyCodeApplicationsPage -->
  <system-out/>
  <testcase classname="dsAlgoTests.StackTest" name="verifyCodeImplementationPage" time="0.000">
    <skipped/>
  </testcase> <!-- verifyCodeImplementationPage -->
  <system-out/>
  <testcase classname="dsAlgoTests.StackTest" name="verifyCodeImplementationPage" time="0.000">
    <skipped/>
  </testcase> <!-- verifyCodeImplementationPage -->
  <system-out/>
  <testcase classname="dsAlgoTests.StackTest" name="verifyCodeOperationsInStackPage" time="0.000">
    <skipped/>
  </testcase> <!-- verifyCodeOperationsInStackPage -->
  <system-out/>
  <testcase classname="dsAlgoTests.StackTest" name="verifyCodeOperationsInStackPage" time="0.000">
    <skipped/>
  </testcase> <!-- verifyCodeOperationsInStackPage -->
  <system-out/>
  <testcase classname="dsAlgoTests.StackTest" name="verifyCodeApplicationsPage" time="0.000">
    <skipped/>
  </testcase> <!-- verifyCodeApplicationsPage -->
  <system-out/>
  <testcase classname="dsAlgoTests.StackTest" name="verifyCodeOperationsInStackPage" time="0.000">
    <skipped/>
  </testcase> <!-- verifyCodeOperationsInStackPage -->
  <system-out/>
  <testcase classname="dsAlgoTests.StackTest" name="verifyCodeImplementationPage" time="0.000">
    <skipped/>
  </testcase> <!-- verifyCodeImplementationPage -->
  <system-out/>
  <testcase classname="dsAlgoTests.StackTest" name="verifyCodeApplicationsPage" time="0.000">
    <skipped/>
  </testcase> <!-- verifyCodeApplicationsPage -->
  <system-out/>
  <testcase classname="dsAlgoTests.StackTest" name="verifyCodeOperationsInStackPage" time="0.000">
    <skipped/>
  </testcase> <!-- verifyCodeOperationsInStackPage -->
  <system-out/>
  <testcase classname="dsAlgoTests.StackTest" name="verifyCodeOperationsInStackPage" time="0.000">
    <skipped/>
  </testcase> <!-- verifyCodeOperationsInStackPage -->
  <system-out/>
  <testcase classname="dsAlgoTests.StackTest" name="verifyCodeImplementationPage" time="0.000">
    <skipped/>
  </testcase> <!-- verifyCodeImplementationPage -->
  <system-out/>
  <testcase classname="dsAlgoTests.StackTest" name="verifyCodeOperationsInStackPage" time="0.000">
    <skipped/>
  </testcase> <!-- verifyCodeOperationsInStackPage -->
  <system-out/>
  <testcase classname="dsAlgoTests.StackTest" name="verifyCodeApplicationsPage" time="0.000">
    <skipped/>
  </testcase> <!-- verifyCodeApplicationsPage -->
  <system-out/>
  <testcase classname="dsAlgoTests.StackTest" name="verifyCodeApplicationsPage" time="0.000">
    <skipped/>
  </testcase> <!-- verifyCodeApplicationsPage -->
  <system-out/>
  <testcase classname="dsAlgoTests.StackTest" name="verifyCodeImplementationPage" time="0.000">
    <skipped/>
  </testcase> <!-- verifyCodeImplementationPage -->
  <system-out/>
  <testcase classname="dsAlgoTests.StackTest" name="verifyCodeImplementationPage" time="0.000">
    <skipped/>
  </testcase> <!-- verifyCodeImplementationPage -->
  <system-out/>
  <testcase classname="dsAlgoTests.StackTest" name="verifyCodeOperationsInStackPage" time="0.000">
    <skipped/>
  </testcase> <!-- verifyCodeOperationsInStackPage -->
  <system-out/>
  <testcase classname="dsAlgoTests.StackTest" name="verifyCodeImplementationPage" time="0.000">
    <skipped/>
  </testcase> <!-- verifyCodeImplementationPage -->
  <system-out/>
  <testcase classname="dsAlgoTests.StackTest" name="verifyCodeImplementationPage" time="0.000">
    <skipped/>
  </testcase> <!-- verifyCodeImplementationPage -->
  <system-out/>
  <testcase classname="dsAlgoTests.StackTest" name="verifyCodeImplementationPage" time="0.000">
    <skipped/>
  </testcase> <!-- verifyCodeImplementationPage -->
  <system-out/>
  <testcase classname="dsAlgoTests.StackTest" name="verifyCodeApplicationsPage" time="0.000">
    <skipped/>
  </testcase> <!-- verifyCodeApplicationsPage -->
  <system-out/>
  <testcase classname="dsAlgoTests.StackTest" name="verifyCodeOperationsInStackPage" time="0.000">
    <skipped/>
  </testcase> <!-- verifyCodeOperationsInStackPage -->
  <system-out/>
  <testcase classname="dsAlgoTests.StackTest" name="verifyCodeApplicationsPage" time="0.000">
    <skipped/>
  </testcase> <!-- verifyCodeApplicationsPage -->
  <system-out/>
  <testcase classname="dsAlgoTests.StackTest" name="verifyCodeApplicationsPage" time="0.000">
    <skipped/>
  </testcase> <!-- verifyCodeApplicationsPage -->
  <system-out/>
  <testcase classname="dsAlgoTests.StackTest" name="verifyCodeApplicationsPage" time="0.000">
    <skipped/>
  </testcase> <!-- verifyCodeApplicationsPage -->
  <system-out/>
  <testcase classname="dsAlgoTests.StackTest" name="verifyCodeOperationsInStackPage" time="0.000">
    <skipped/>
  </testcase> <!-- verifyCodeOperationsInStackPage -->
  <system-out/>
  <testcase classname="dsAlgoTests.StackTest" name="verifyCodeImplementationPage" time="0.000">
    <skipped/>
  </testcase> <!-- verifyCodeImplementationPage -->
  <system-out/>
  <testcase classname="dsAlgoTests.StackTest" name="verifyCodeImplementationPage" time="0.000">
    <skipped/>
  </testcase> <!-- verifyCodeImplementationPage -->
  <system-out/>
  <testcase classname="dsAlgoTests.StackTest" name="verifyCodeImplementationPage" time="0.000">
    <skipped/>
  </testcase> <!-- verifyCodeImplementationPage -->
  <system-out/>
  <testcase classname="dsAlgoTests.StackTest" name="verifyCodeImplementationPage" time="0.000">
    <skipped/>
  </testcase> <!-- verifyCodeImplementationPage -->
  <system-out/>
  <testcase classname="dsAlgoTests.StackTest" name="verifyCodeApplicationsPage" time="0.000">
    <skipped/>
  </testcase> <!-- verifyCodeApplicationsPage -->
  <system-out/>
  <testcase classname="dsAlgoTests.StackTest" name="verifyCodeImplementationPage" time="0.000">
    <skipped/>
  </testcase> <!-- verifyCodeImplementationPage -->
  <system-out/>
  <testcase classname="dsAlgoTests.StackTest" name="verifyCodeOperationsInStackPage" time="0.000">
    <skipped/>
  </testcase> <!-- verifyCodeOperationsInStackPage -->
  <system-out/>
  <testcase classname="dsAlgoTests.StackTest" name="verifyCodeImplementationPage" time="0.000">
    <skipped/>
  </testcase> <!-- verifyCodeImplementationPage -->
  <system-out/>
  <testcase classname="dsAlgoTests.StackTest" name="verifyCodeImplementationPage" time="0.000">
    <skipped/>
  </testcase> <!-- verifyCodeImplementationPage -->
  <system-out/>
  <testcase classname="dsAlgoTests.StackTest" name="verifyCodeImplementationPage" time="0.000">
    <skipped/>
  </testcase> <!-- verifyCodeImplementationPage -->
  <system-out/>
  <testcase classname="dsAlgoTests.StackTest" name="verifyCodeApplicationsPage" time="0.000">
    <skipped/>
  </testcase> <!-- verifyCodeApplicationsPage -->
  <system-out/>
  <testcase classname="dsAlgoTests.StackTest" name="verifyCodeImplementationPage" time="0.000">
    <skipped/>
  </testcase> <!-- verifyCodeImplementationPage -->
  <system-out/>
  <testcase classname="dsAlgoTests.StackTest" name="verifyCodeOperationsInStackPage" time="0.000">
    <skipped/>
  </testcase> <!-- verifyCodeOperationsInStackPage -->
  <system-out/>
  <testcase classname="dsAlgoTests.StackTest" name="verifyCodeApplicationsPage" time="0.000">
    <skipped/>
  </testcase> <!-- verifyCodeApplicationsPage -->
  <system-out/>
  <testcase classname="dsAlgoTests.StackTest" name="verifyCodeApplicationsPage" time="0.000">
    <skipped/>
  </testcase> <!-- verifyCodeApplicationsPage -->
  <system-out/>
  <testcase classname="dsAlgoTests.StackTest" name="verifyCodeApplicationsPage" time="0.000">
    <skipped/>
  </testcase> <!-- verifyCodeApplicationsPage -->
  <system-out/>
  <testcase classname="dsAlgoTests.StackTest" name="verifyCodeApplicationsPage" time="0.000">
    <skipped/>
  </testcase> <!-- verifyCodeApplicationsPage -->
  <system-out/>
  <testcase classname="dsAlgoTests.StackTest" name="verifyCodeOperationsInStackPage" time="0.000">
    <skipped/>
  </testcase> <!-- verifyCodeOperationsInStackPage -->
  <system-out/>
  <testcase classname="dsAlgoTests.StackTest" name="verifyCodeImplementationPage" time="0.000">
    <skipped/>
  </testcase> <!-- verifyCodeImplementationPage -->
  <system-out/>
  <testcase classname="dsAlgoTests.StackTest" name="verifyCodeImplementationPage" time="0.000">
    <skipped/>
  </testcase> <!-- verifyCodeImplementationPage -->
  <system-out/>
  <testcase classname="dsAlgoTests.StackTest" name="verifyCodeApplicationsPage" time="0.000">
    <skipped/>
  </testcase> <!-- verifyCodeApplicationsPage -->
  <system-out/>
  <testcase classname="dsAlgoTests.StackTest" name="verifyCodeImplementationPage" time="0.000">
    <skipped/>
  </testcase> <!-- verifyCodeImplementationPage -->
  <system-out/>
  <testcase classname="dsAlgoTests.StackTest" name="verifyCodeOperationsInStackPage" time="0.000">
    <skipped/>
  </testcase> <!-- verifyCodeOperationsInStackPage -->
  <system-out/>
  <testcase classname="dsAlgoTests.StackTest" name="verifyCodeOperationsInStackPage" time="0.000">
    <skipped/>
  </testcase> <!-- verifyCodeOperationsInStackPage -->
  <system-out/>
  <testcase classname="dsAlgoTests.StackTest" name="verifyCodeImplementationPage" time="0.000">
    <skipped/>
  </testcase> <!-- verifyCodeImplementationPage -->
  <system-out/>
  <testcase classname="dsAlgoTests.StackTest" name="verifyCodeOperationsInStackPage" time="0.000">
    <skipped/>
  </testcase> <!-- verifyCodeOperationsInStackPage -->
  <system-out/>
  <testcase classname="dsAlgoTests.StackTest" name="verifyCodeApplicationsPage" time="0.000">
    <skipped/>
  </testcase> <!-- verifyCodeApplicationsPage -->
  <system-out/>
  <testcase classname="dsAlgoTests.StackTest" name="verifyCodeApplicationsPage" time="0.000">
    <skipped/>
  </testcase> <!-- verifyCodeApplicationsPage -->
  <system-out/>
  <testcase classname="dsAlgoTests.StackTest" name="verifyCodeImplementationPage" time="0.000">
    <skipped/>
  </testcase> <!-- verifyCodeImplementationPage -->
  <system-out/>
  <testcase classname="dsAlgoTests.StackTest" name="verifyCodeApplicationsPage" time="0.000">
    <skipped/>
  </testcase> <!-- verifyCodeApplicationsPage -->
  <system-out/>
  <testcase classname="dsAlgoTests.StackTest" name="verifyCodeOperationsInStackPage" time="0.000">
    <skipped/>
  </testcase> <!-- verifyCodeOperationsInStackPage -->
  <system-out/>
  <testcase classname="dsAlgoTests.StackTest" name="verifyCodeImplementationPage" time="0.000">
    <skipped/>
  </testcase> <!-- verifyCodeImplementationPage -->
  <system-out/>
  <testcase classname="dsAlgoTests.StackTest" name="verifyCodeApplicationsPage" time="0.000">
    <skipped/>
  </testcase> <!-- verifyCodeApplicationsPage -->
  <system-out/>
  <testcase classname="dsAlgoTests.StackTest" name="verifyCodeOperationsInStackPage" time="0.000">
    <skipped/>
  </testcase> <!-- verifyCodeOperationsInStackPage -->
  <system-out/>
  <testcase classname="dsAlgoTests.StackTest" name="verifyCodeImplementationPage" time="0.000">
    <skipped/>
  </testcase> <!-- verifyCodeImplementationPage -->
  <system-out/>
  <testcase classname="dsAlgoTests.StackTest" name="verifyCodeOperationsInStackPage" time="0.000">
    <skipped/>
  </testcase> <!-- verifyCodeOperationsInStackPage -->
  <system-out/>
  <testcase classname="dsAlgoTests.StackTest" name="verifyCodeOperationsInStackPage" time="0.000">
    <skipped/>
  </testcase> <!-- verifyCodeOperationsInStackPage -->
  <system-out/>
  <testcase classname="dsAlgoTests.StackTest" name="verifyCodeApplicationsPage" time="0.000">
    <skipped/>
  </testcase> <!-- verifyCodeApplicationsPage -->
  <system-out/>
  <testcase classname="dsAlgoTests.StackTest" name="verifyCodeImplementationPage" time="0.000">
    <skipped/>
  </testcase> <!-- verifyCodeImplementationPage -->
  <system-out/>
  <testcase classname="dsAlgoTests.StackTest" name="verifyCodeApplicationsPage" time="0.000">
    <skipped/>
  </testcase> <!-- verifyCodeApplicationsPage -->
  <system-out/>
  <testcase classname="dsAlgoTests.StackTest" name="verifyCodeImplementationPage" time="0.000">
    <skipped/>
  </testcase> <!-- verifyCodeImplementationPage -->
  <system-out/>
  <testcase classname="dsAlgoTests.StackTest" name="verifyCodeImplementationPage" time="0.000">
    <skipped/>
  </testcase> <!-- verifyCodeImplementationPage -->
  <system-out/>
  <testcase classname="dsAlgoTests.StackTest" name="verifyCodeApplicationsPage" time="0.000">
    <skipped/>
  </testcase> <!-- verifyCodeApplicationsPage -->
  <system-out/>
  <testcase classname="dsAlgoTests.StackTest" name="verifyCodeOperationsInStackPage" time="0.000">
    <skipped/>
  </testcase> <!-- verifyCodeOperationsInStackPage -->
  <system-out/>
  <testcase classname="dsAlgoTests.StackTest" name="verifyCodeImplementationPage" time="0.000">
    <skipped/>
  </testcase> <!-- verifyCodeImplementationPage -->
  <system-out/>
  <testcase classname="dsAlgoTests.StackTest" name="verifyCodeImplementationPage" time="0.000">
    <skipped/>
  </testcase> <!-- verifyCodeImplementationPage -->
  <system-out/>
  <testcase classname="dsAlgoTests.StackTest" name="verifyCodeOperationsInStackPage" time="0.000">
    <skipped/>
  </testcase> <!-- verifyCodeOperationsInStackPage -->
  <system-out/>
  <testcase classname="dsAlgoTests.StackTest" name="verifyCodeApplicationsPage" time="0.000">
    <skipped/>
  </testcase> <!-- verifyCodeApplicationsPage -->
  <system-out/>
  <testcase classname="dsAlgoTests.StackTest" name="verifyCodeOperationsInStackPage" time="0.000">
    <skipped/>
  </testcase> <!-- verifyCodeOperationsInStackPage -->
  <system-out/>
  <testcase classname="dsAlgoTests.StackTest" name="verifyCodeOperationsInStackPage" time="0.000">
    <skipped/>
  </testcase> <!-- verifyCodeOperationsInStackPage -->
  <system-out/>
  <testcase classname="dsAlgoTests.StackTest" name="verifyCodeImplementationPage" time="0.000">
    <skipped/>
  </testcase> <!-- verifyCodeImplementationPage -->
  <system-out/>
  <testcase classname="dsAlgoTests.StackTest" name="verifyCodeOperationsInStackPage" time="0.000">
    <skipped/>
  </testcase> <!-- verifyCodeOperationsInStackPage -->
  <system-out/>
  <testcase classname="dsAlgoTests.StackTest" name="verifyCodeApplicationsPage" time="0.000">
    <skipped/>
  </testcase> <!-- verifyCodeApplicationsPage -->
  <system-out/>
  <testcase classname="dsAlgoTests.StackTest" name="verifyCodeApplicationsPage" time="0.000">
    <skipped/>
  </testcase> <!-- verifyCodeApplicationsPage -->
  <system-out/>
  <testcase classname="dsAlgoTests.StackTest" name="verifyCodeImplementationPage" time="0.000">
    <skipped/>
  </testcase> <!-- verifyCodeImplementationPage -->
  <system-out/>
  <testcase classname="dsAlgoTests.StackTest" name="verifyCodeImplementationPage" time="0.000">
    <skipped/>
  </testcase> <!-- verifyCodeImplementationPage -->
  <system-out/>
  <testcase classname="dsAlgoTests.StackTest" name="verifyCodeApplicationsPage" time="0.000">
    <skipped/>
  </testcase> <!-- verifyCodeApplicationsPage -->
  <system-out/>
  <testcase classname="dsAlgoTests.StackTest" name="verifyCodeOperationsInStackPage" time="0.000">
    <skipped/>
  </testcase> <!-- verifyCodeOperationsInStackPage -->
  <system-out/>
  <testcase classname="dsAlgoTests.StackTest" name="verifyCodeImplementationPage" time="0.000">
    <skipped/>
  </testcase> <!-- verifyCodeImplementationPage -->
  <system-out/>
  <testcase classname="dsAlgoTests.StackTest" name="verifyCodeImplementationPage" time="0.000">
    <skipped/>
  </testcase> <!-- verifyCodeImplementationPage -->
  <system-out/>
  <testcase classname="dsAlgoTests.StackTest" name="verifyCodeOperationsInStackPage" time="0.000">
    <skipped/>
  </testcase> <!-- verifyCodeOperationsInStackPage -->
  <system-out/>
  <testcase classname="dsAlgoTests.StackTest" name="verifyCodeOperationsInStackPage" time="0.000">
    <skipped/>
  </testcase> <!-- verifyCodeOperationsInStackPage -->
  <system-out/>
  <testcase classname="dsAlgoTests.StackTest" name="verifyCodeApplicationsPage" time="0.000">
    <skipped/>
  </testcase> <!-- verifyCodeApplicationsPage -->
  <system-out/>
  <testcase classname="dsAlgoTests.StackTest" name="verifyCodeImplementationPage" time="0.000">
    <skipped/>
  </testcase> <!-- verifyCodeImplementationPage -->
  <system-out/>
  <testcase classname="dsAlgoTests.StackTest" name="verifyCodeImplementationPage" time="0.000">
    <skipped/>
  </testcase> <!-- verifyCodeImplementationPage -->
  <system-out/>
  <testcase classname="dsAlgoTests.StackTest" name="verifyCodeApplicationsPage" time="0.000">
    <skipped/>
  </testcase> <!-- verifyCodeApplicationsPage -->
  <system-out/>
  <testcase classname="dsAlgoTests.StackTest" name="verifyCodeApplicationsPage" time="0.000">
    <skipped/>
  </testcase> <!-- verifyCodeApplicationsPage -->
  <system-out/>
  <testcase classname="dsAlgoTests.StackTest" name="verifyCodeApplicationsPage" time="0.000">
    <skipped/>
  </testcase> <!-- verifyCodeApplicationsPage -->
  <system-out/>
  <testcase classname="dsAlgoTests.StackTest" name="verifyCodeApplicationsPage" time="0.000">
    <skipped/>
  </testcase> <!-- verifyCodeApplicationsPage -->
  <system-out/>
  <testcase classname="dsAlgoTests.StackTest" name="verifyCodeApplicationsPage" time="0.000">
    <skipped/>
  </testcase> <!-- verifyCodeApplicationsPage -->
  <system-out/>
  <testcase classname="dsAlgoTests.StackTest" name="verifyCodeApplicationsPage" time="0.000">
    <skipped/>
  </testcase> <!-- verifyCodeApplicationsPage -->
  <system-out/>
  <testcase classname="dsAlgoTests.StackTest" name="verifyCodeOperationsInStackPage" time="0.000">
    <skipped/>
  </testcase> <!-- verifyCodeOperationsInStackPage -->
  <system-out/>
  <testcase classname="dsAlgoTests.StackTest" name="verifyCodeApplicationsPage" time="0.000">
    <skipped/>
  </testcase> <!-- verifyCodeApplicationsPage -->
  <system-out/>
  <testcase classname="dsAlgoTests.StackTest" name="verifyCodeImplementationPage" time="0.000">
    <skipped/>
  </testcase> <!-- verifyCodeImplementationPage -->
  <system-out/>
  <testcase classname="dsAlgoTests.StackTest" name="verifyCodeApplicationsPage" time="0.000">
    <skipped/>
  </testcase> <!-- verifyCodeApplicationsPage -->
  <system-out/>
  <testcase classname="dsAlgoTests.StackTest" name="verifyCodeApplicationsPage" time="0.000">
    <skipped/>
  </testcase> <!-- verifyCodeApplicationsPage -->
  <system-out/>
  <testcase classname="dsAlgoTests.StackTest" name="verifyCodeOperationsInStackPage" time="0.000">
    <skipped/>
  </testcase> <!-- verifyCodeOperationsInStackPage -->
  <system-out/>
  <testcase classname="dsAlgoTests.StackTest" name="verifyCodeOperationsInStackPage" time="0.000">
    <skipped/>
  </testcase> <!-- verifyCodeOperationsInStackPage -->
  <system-out/>
  <testcase classname="dsAlgoTests.StackTest" name="verifyCodeImplementationPage" time="0.000">
    <skipped/>
  </testcase> <!-- verifyCodeImplementationPage -->
  <system-out/>
  <testcase classname="dsAlgoTests.StackTest" name="verifyCodeImplementationPage" time="0.000">
    <skipped/>
  </testcase> <!-- verifyCodeImplementationPage -->
  <system-out/>
  <testcase classname="dsAlgoTests.StackTest" name="verifyCodeApplicationsPage" time="0.000">
    <skipped/>
  </testcase> <!-- verifyCodeApplicationsPage -->
  <system-out/>
  <testcase classname="dsAlgoTests.StackTest" name="verifyCodeOperationsInStackPage" time="0.000">
    <skipped/>
  </testcase> <!-- verifyCodeOperationsInStackPage -->
  <system-out/>
  <testcase classname="dsAlgoTests.StackTest" name="verifyCodeOperationsInStackPage" time="0.000">
    <skipped/>
  </testcase> <!-- verifyCodeOperationsInStackPage -->
  <system-out/>
  <testcase classname="dsAlgoTests.StackTest" name="verifyCodeOperationsInStackPage" time="0.000">
    <skipped/>
  </testcase> <!-- verifyCodeOperationsInStackPage -->
  <system-out/>
  <testcase classname="dsAlgoTests.StackTest" name="verifyCodeOperationsInStackPage" time="0.000">
    <skipped/>
  </testcase> <!-- verifyCodeOperationsInStackPage -->
  <system-out/>
  <testcase classname="dsAlgoTests.StackTest" name="verifyCodeImplementationPage" time="0.000">
    <skipped/>
  </testcase> <!-- verifyCodeImplementationPage -->
  <system-out/>
  <testcase classname="dsAlgoTests.StackTest" name="verifyCodeOperationsInStackPage" time="0.000">
    <skipped/>
  </testcase> <!-- verifyCodeOperationsInStackPage -->
  <system-out/>
  <testcase classname="dsAlgoTests.StackTest" name="veri
