<?xml version="1.0" encoding="UTF-8"?>
<!-- Generated by org.testng.reporters.JUnitReportReporter -->
<testsuite hostname="sukeerthsahana" failures="0" tests="1" name="dsAlgoTests.DataStructureTest" time="3.772" errors="0" timestamp="2025-02-18T08:26:32 CST" skipped="0">
  <testcase classname="dsAlgoTests.DataStructureTest" name="navigatetoTimeComplexityModule" time="3.772"/>
  <system-out/>
</testsuite> <!-- dsAlgoTests.DataStructureTest -->
