<?xml version="1.0" encoding="UTF-8"?>
<!-- Generated by org.testng.reporters.JUnitReportReporter -->
<testsuite hostname="sukeerthsahana" failures="0" tests="2" name="dsAlgoTests.GraphTest" time="8.724" errors="0" timestamp="2025-02-18T14:46:41 CST" skipped="0">
  <testcase classname="dsAlgoTests.GraphTest" name="navigatetoGraphModule" time="4.236"/>
  <system-out/>
  <testcase classname="dsAlgoTests.GraphTest" name="navigatetoGraphModuletryeditor" time="4.488"/>
  <system-out/>
</testsuite> <!-- dsAlgoTests.GraphTest -->
