<?xml version="1.0" encoding="UTF-8"?>
<!-- Generated by org.testng.reporters.JUnitReportReporter -->
<testsuite hostname="sukeerthsahana" failures="0" tests="30" name="dsAlgoTests.HomeTest" time="116.205" errors="0" timestamp="2025-02-18T00:22:13 CST" skipped="0">
  <testcase classname="dsAlgoTests.HomeTest" name="navigateToRegister" time="3.945"/>
  <system-out/>
  <testcase classname="dsAlgoTests.HomeTest" name="navigateToRegister" time="2.851"/>
  <system-out/>
  <testcase classname="dsAlgoTests.HomeTest" name="navigateToLogin" time="4.221"/>
  <system-out/>
  <testcase classname="dsAlgoTests.HomeTest" name="navigateToLogin" time="2.735"/>
  <system-out/>
  <testcase classname="dsAlgoTests.HomeTest" name="errorMessageWhenClickedOnDataStructureBeforeSignin" time="4.492"/>
  <system-out/>
  <testcase classname="dsAlgoTests.HomeTest" name="errorMessageWhenClickedOnDataStructureBeforeSignin" time="3.138"/>
  <system-out/>
  <testcase classname="dsAlgoTests.HomeTest" name="GetstartedArrayerrorBeforeSignin" time="4.372"/>
  <system-out/>
  <testcase classname="dsAlgoTests.HomeTest" name="GetstartedArrayerrorBeforeSignin" time="3.623"/>
  <system-out/>
  <testcase classname="dsAlgoTests.HomeTest" name="GetstartedStackerrorBeforeSignin" time="2.650"/>
  <system-out/>
  <testcase classname="dsAlgoTests.HomeTest" name="GetstartedStackerrorBeforeSignin" time="4.174"/>
  <system-out/>
  <testcase classname="dsAlgoTests.HomeTest" name="GetstartedQueueerrorBeforeSignin" time="3.349"/>
  <system-out/>
  <testcase classname="dsAlgoTests.HomeTest" name="GetstartedQueueerrorBeforeSignin" time="4.637"/>
  <system-out/>
  <testcase classname="dsAlgoTests.HomeTest" name="GetstartedLinkedListerrorBeforeSignin" time="4.589"/>
  <system-out/>
  <testcase classname="dsAlgoTests.HomeTest" name="GetstartedLinkedListerrorBeforeSignin" time="3.060"/>
  <system-out/>
  <testcase classname="dsAlgoTests.HomeTest" name="GetstartedTreeerrorBeforeSignin" time="3.058"/>
  <system-out/>
  <testcase classname="dsAlgoTests.HomeTest" name="GetstartedTreeerrorBeforeSignin" time="4.552"/>
  <system-out/>
  <testcase classname="dsAlgoTests.HomeTest" name="GetstartedGrapherrorBeforeSignin" time="3.138"/>
  <system-out/>
  <testcase classname="dsAlgoTests.HomeTest" name="GetstartedGrapherrorBeforeSignin" time="4.097"/>
  <system-out/>
  <testcase classname="dsAlgoTests.HomeTest" name="dropdownoptionGrapherrorBeforeSignin" time="3.709"/>
  <system-out/>
  <testcase classname="dsAlgoTests.HomeTest" name="dropdownoptionGrapherrorBeforeSignin" time="4.124"/>
  <system-out/>
  <testcase classname="dsAlgoTests.HomeTest" name="dropdownoptionTreeerrorBeforeSignin" time="4.615"/>
  <system-out/>
  <testcase classname="dsAlgoTests.HomeTest" name="dropdownoptionTreeerrorBeforeSignin" time="3.187"/>
  <system-out/>
  <testcase classname="dsAlgoTests.HomeTest" name="dropdownoptionQueueerrorBeforeSignin" time="4.461"/>
  <system-out/>
  <testcase classname="dsAlgoTests.HomeTest" name="dropdownoptionQueueerrorBeforeSignin" time="5.087"/>
  <system-out/>
  <testcase classname="dsAlgoTests.HomeTest" name="dropdownoptionStackerrorBeforeSignin" time="4.178"/>
  <system-out/>
  <testcase classname="dsAlgoTests.HomeTest" name="dropdownoptionStackerrorBeforeSignin" time="4.377"/>
  <system-out/>
  <testcase classname="dsAlgoTests.HomeTest" name="dropdownoptionLinkedListerrorBeforeSignin" time="3.441"/>
  <system-out/>
  <testcase classname="dsAlgoTests.HomeTest" name="dropdownoptionLinkedListerrorBeforeSignin" time="4.326"/>
  <system-out/>
  <testcase classname="dsAlgoTests.HomeTest" name="dropdownoptionArrayserrorBeforeSignin" time="4.593"/>
  <system-out/>
  <testcase classname="dsAlgoTests.HomeTest" name="dropdownoptionArrayserrorBeforeSignin" time="3.426"/>
  <system-out/>
</testsuite> <!-- dsAlgoTests.HomeTest -->
