<?xml version="1.0" encoding="UTF-8"?>
<!-- Generated by org.testng.reporters.JUnitReportReporter -->
<testsuite hostname="DESKTOP-SF0QLDR" failures="0" tests="4" name="dsAlgoTests.ArrayTest" time="22.861" errors="0" timestamp="2025-01-30T13:42:38 EST" skipped="0">
  <testcase classname="dsAlgoTests.ArrayTest" name="navigateToApplicationOfArray" time="7.870"/>
  <system-out/>
  <testcase classname="dsAlgoTests.ArrayTest" name="navigateToArrayUsingList" time="6.884"/>
  <system-out/>
  <testcase classname="dsAlgoTests.ArrayTest" name="navigateToArrayInPython" time="4.262"/>
  <system-out/>
  <testcase classname="dsAlgoTests.ArrayTest" name="navigateTobasicOperationInList" time="3.845"/>
  <system-out/>
</testsuite> <!-- dsAlgoTests.ArrayTest -->
