<?xml version="1.0" encoding="UTF-8"?>
<!-- Generated by org.testng.reporters.JUnitReportReporter -->
<testsuite hostname="sukeerthsahana" failures="0" tests="6" name="dsAlgoTests.SigninTest" time="126.688" errors="0" timestamp="2025-02-05T13:22:29 CST" skipped="0">
  <testcase classname="dsAlgoTests.SigninTest" name="enterCredentials" time="24.063"/>
  <system-out/>
  <testcase classname="dsAlgoTests.SigninTest" name="enterCredentials" time="23.701"/>
  <system-out/>
  <testcase classname="dsAlgoTests.SigninTest" name="enterCredentials" time="4.816"/>
  <system-out/>
  <testcase classname="dsAlgoTests.SigninTest" name="enterCredentials" time="23.741"/>
  <system-out/>
  <testcase classname="dsAlgoTests.SigninTest" name="enterCredentials" time="24.064"/>
  <system-out/>
  <testcase classname="dsAlgoTests.SigninTest" name="enterCredentials" time="26.303"/>
  <system-out/>
</testsuite> <!-- dsAlgoTests.SigninTest -->
