<?xml version="1.0" encoding="UTF-8"?>
<!-- Generated by org.testng.reporters.JUnitReportReporter -->
<testsuite hostname="Jaya" failures="0" tests="7" name="dsAlgoTests.RegisterTest" time="21.963" errors="0" timestamp="2025-02-05T21:15:22 EST" skipped="0">
  <testcase classname="dsAlgoTests.RegisterTest" name="enterCredentials" time="3.842"/>
  <system-out/>
  <testcase classname="dsAlgoTests.RegisterTest" name="enterCredentials" time="2.571"/>
  <system-out/>
  <testcase classname="dsAlgoTests.RegisterTest" name="enterCredentials" time="2.588"/>
  <system-out/>
  <testcase classname="dsAlgoTests.RegisterTest" name="enterCredentials" time="5.041"/>
  <system-out/>
  <testcase classname="dsAlgoTests.RegisterTest" name="enterCredentials" time="2.738"/>
  <system-out/>
  <testcase classname="dsAlgoTests.RegisterTest" name="enterCredentials" time="2.628"/>
  <system-out/>
  <testcase classname="dsAlgoTests.RegisterTest" name="enterCredentials" time="2.555"/>
  <system-out/>
</testsuite> <!-- dsAlgoTests.RegisterTest -->
