<?xml version="1.0" encoding="UTF-8"?>
<!-- Generated by org.testng.reporters.JUnitReportReporter -->
<testsuite hostname="sukeerthsahana" failures="0" tests="2" name="dsAlgoTests.GraphTest" time="14.617" errors="0" timestamp="2025-02-05T14:46:36 CST" skipped="0">
  <testcase classname="dsAlgoTests.GraphTest" name="verifyCodeExecutionforGraphRepresentationPage" time="8.007"/>
  <system-out/>
  <testcase classname="dsAlgoTests.GraphTest" name="verifyCodeExecutionforGraphRepresentationPage" time="6.610"/>
  <system-out/>
</testsuite> <!-- dsAlgoTests.GraphTest -->
