<?xml version="1.0" encoding="UTF-8"?>
<!-- Generated by org.testng.reporters.JUnitReportReporter -->
<testsuite hostname="sukeerthsahana" failures="6" tests="59" name="dsAlgoTests.TreeTest" time="419.896" errors="0" timestamp="2025-02-05T16:54:42 CST" skipped="0">
  <testcase classname="dsAlgoTests.TreeTest" name="verifyCodeExecutionForTreeTryEditor" time="8.247"/>
  <system-out/>
  <testcase classname="dsAlgoTests.TreeTest" name="navigateToOverviewOfTreesTryEditor" time="8.419"/>
  <system-out/>
  <testcase classname="dsAlgoTests.TreeTest" name="navigateToImplementationOfBST" time="5.960"/>
  <system-out/>
  <testcase classname="dsAlgoTests.TreeTest" name="verifyCodeExecutionForTreeTryEditor" time="6.722"/>
  <system-out/>
  <testcase classname="dsAlgoTests.TreeTest" name="navigateToImplementationOfBSTTryEditor" time="7.629"/>
  <system-out/>
  <testcase classname="dsAlgoTests.TreeTest" name="navigateToPracticeQuestionOfOverviewOfTrees" time="6.190"/>
  <system-out/>
  <testcase classname="dsAlgoTests.TreeTest" name="verifyCodeExecutionForTreeTryEditor" time="8.444"/>
  <system-out/>
  <testcase classname="dsAlgoTests.TreeTest" name="listOfPracticeQuestionOfOverviewOfTrees" time="6.304">
    <failure message="No list of practice question found" type="java.lang.AssertionError">
      <![CDATA[java.lang.AssertionError: No list of practice question found
at org.testng.Assert.fail(Assert.java:99)
at dsAlgoTests.TreeTest.listOfPracticeQuestionOfOverviewOfTrees(TreeTest.java:267)
at java.base/jdk.internal.reflect.DirectMethodHandleAccessor.invoke(DirectMethodHandleAccessor.java:103)
at java.base/java.lang.reflect.Method.invoke(Method.java:580)
at org.testng.internal.MethodInvocationHelper.invokeMethod(MethodInvocationHelper.java:133)
at org.testng.internal.TestInvoker.invokeMethod(TestInvoker.java:598)
at org.testng.internal.TestInvoker.invokeTestMethod(TestInvoker.java:173)
at org.testng.internal.MethodRunner.runInSequence(MethodRunner.java:46)
at org.testng.internal.TestInvoker$MethodInvocationAgent.invoke(TestInvoker.java:824)
at org.testng.internal.TestInvoker.invokeTestMethods(TestInvoker.java:146)
at org.testng.internal.TestMethodWorker.invokeTestMethods(TestMethodWorker.java:146)
at org.testng.internal.TestMethodWorker.run(TestMethodWorker.java:128)
at java.base/java.util.ArrayList.forEach(ArrayList.java:1596)
at org.testng.TestRunner.privateRun(TestRunner.java:794)
at org.testng.TestRunner.run(TestRunner.java:596)
at org.testng.SuiteRunner.runTest(SuiteRunner.java:377)
at org.testng.SuiteRunner.access$000(SuiteRunner.java:28)
at org.testng.SuiteRunner$SuiteWorker.run(SuiteRunner.java:418)
at org.testng.internal.thread.ThreadUtil.lambda$execute$0(ThreadUtil.java:64)
at java.base/java.util.concurrent.FutureTask.run(FutureTask.java:317)
at java.base/java.util.concurrent.ThreadPoolExecutor.runWorker(ThreadPoolExecutor.java:1144)
at java.base/java.util.concurrent.ThreadPoolExecutor$Worker.run(ThreadPoolExecutor.java:642)
at java.base/java.lang.Thread.run(Thread.java:1583)
]]>
    </failure>
  </testcase> <!-- listOfPracticeQuestionOfOverviewOfTrees -->
  <system-out/>
  <testcase classname="dsAlgoTests.TreeTest" name="navigateToBinarySearchTreesTryEditor" time="8.203"/>
  <system-out/>
  <testcase classname="dsAlgoTests.TreeTest" name="navigateToTreeTraversalsTryEditor" time="7.580"/>
  <system-out/>
  <testcase classname="dsAlgoTests.TreeTest" name="verifyCodeExecutionForTreeTryEditor" time="7.536"/>
  <system-out/>
  <testcase classname="dsAlgoTests.TreeTest" name="verifyCodeExecutionForTreeTryEditor" time="7.266"/>
  <system-out/>
  <testcase classname="dsAlgoTests.TreeTest" name="verifyTreeTryEditorWithoutCodeOfTerminologies" time="6.158">
    <failure message="Test failed: Expected an error message when clicking the &#039;Run&#039; button without entering code, but no message was displayed" type="java.lang.AssertionError">
      <![CDATA[java.lang.AssertionError: Test failed: Expected an error message when clicking the 'Run' button without entering code, but no message was displayed
at org.testng.Assert.fail(Assert.java:99)
at dsAlgoTests.TreeTest.verifyTreeTryEditorWithoutCodeOfTerminologies(TreeTest.java:231)
at java.base/jdk.internal.reflect.DirectMethodHandleAccessor.invoke(DirectMethodHandleAccessor.java:103)
at java.base/java.lang.reflect.Method.invoke(Method.java:580)
at org.testng.internal.MethodInvocationHelper.invokeMethod(MethodInvocationHelper.java:133)
at org.testng.internal.TestInvoker.invokeMethod(TestInvoker.java:598)
at org.testng.internal.TestInvoker.invokeTestMethod(TestInvoker.java:173)
at org.testng.internal.MethodRunner.runInSequence(MethodRunner.java:46)
at org.testng.internal.TestInvoker$MethodInvocationAgent.invoke(TestInvoker.java:824)
at org.testng.internal.TestInvoker.invokeTestMethods(TestInvoker.java:146)
at org.testng.internal.TestMethodWorker.invokeTestMethods(TestMethodWorker.java:146)
at org.testng.internal.TestMethodWorker.run(TestMethodWorker.java:128)
at java.base/java.util.ArrayList.forEach(ArrayList.java:1596)
at org.testng.TestRunner.privateRun(TestRunner.java:794)
at org.testng.TestRunner.run(TestRunner.java:596)
at org.testng.SuiteRunner.runTest(SuiteRunner.java:377)
at org.testng.SuiteRunner.access$000(SuiteRunner.java:28)
at org.testng.SuiteRunner$SuiteWorker.run(SuiteRunner.java:418)
at org.testng.internal.thread.ThreadUtil.lambda$execute$0(ThreadUtil.java:64)
at java.base/java.util.concurrent.FutureTask.run(FutureTask.java:317)
at java.base/java.util.concurrent.ThreadPoolExecutor.runWorker(ThreadPoolExecutor.java:1144)
at java.base/java.util.concurrent.ThreadPoolExecutor$Worker.run(ThreadPoolExecutor.java:642)
at java.base/java.lang.Thread.run(Thread.java:1583)
]]>
    </failure>
  </testcase> <!-- verifyTreeTryEditorWithoutCodeOfTerminologies -->
  <system-out/>
  <testcase classname="dsAlgoTests.TreeTest" name="verifyCodeExecutionForTreeTryEditor" time="7.864"/>
  <system-out/>
  <testcase classname="dsAlgoTests.TreeTest" name="navigateToImplementationInPython" time="5.804"/>
  <system-out/>
  <testcase classname="dsAlgoTests.TreeTest" name="navigateToOverviewOfTrees" time="6.125"/>
  <system-out/>
  <testcase classname="dsAlgoTests.TreeTest" name="navigateToBinarySearchTrees" time="6.306"/>
  <system-out/>
  <testcase classname="dsAlgoTests.TreeTest" name="navigateToTypesOfTreesTryEditor" time="6.551"/>
  <system-out/>
  <testcase classname="dsAlgoTests.TreeTest" name="navigateToBinaryTrees" time="7.294"/>
  <system-out/>
  <testcase classname="dsAlgoTests.TreeTest" name="verifyCodeExecutionForTreeTryEditor" time="7.419"/>
  <system-out/>
  <testcase classname="dsAlgoTests.TreeTest" name="verifyCodeExecutionForTreeTryEditor" time="6.375"/>
  <system-out/>
  <testcase classname="dsAlgoTests.TreeTest" name="verifyCodeExecutionForTreeTryEditor" time="8.303"/>
  <system-out/>
  <testcase classname="dsAlgoTests.TreeTest" name="verifyCodeExecutionForTreeTryEditor" time="9.091"/>
  <system-out/>
  <testcase classname="dsAlgoTests.TreeTest" name="navigateToImplementationOfBinaryTreesTryEditor" time="6.425"/>
  <system-out/>
  <testcase classname="dsAlgoTests.TreeTest" name="verifyCodeExecutionForTreeTryEditor" time="7.417"/>
  <system-out/>
  <testcase classname="dsAlgoTests.TreeTest" name="verifyCodeExecutionForTreeTryEditor" time="8.097"/>
  <system-out/>
  <testcase classname="dsAlgoTests.TreeTest" name="navigateToTraversalsIllustrationTryEditor" time="8.172"/>
  <system-out/>
  <testcase classname="dsAlgoTests.TreeTest" name="navigateToTypesOfBinaryTreesTryEditor" time="7.456"/>
  <system-out/>
  <testcase classname="dsAlgoTests.TreeTest" name="verifyCodeExecutionForTreeTryEditor" time="7.529"/>
  <system-out/>
  <testcase classname="dsAlgoTests.TreeTest" name="navigateToTreeTraversals" time="6.650"/>
  <system-out/>
  <testcase classname="dsAlgoTests.TreeTest" name="verifyCodeExecutionForTreeTryEditor" time="7.240"/>
  <system-out/>
  <testcase classname="dsAlgoTests.TreeTest" name="verifyCodeExecutionForTreeTryEditor" time="6.763"/>
  <system-out/>
  <testcase classname="dsAlgoTests.TreeTest" name="verifyCodeExecutionForTreeTryEditor" time="8.168"/>
  <system-out/>
  <testcase classname="dsAlgoTests.TreeTest" name="verifyCodeExecutionForTreeTryEditor" time="6.976"/>
  <system-out/>
  <testcase classname="dsAlgoTests.TreeTest" name="verifyCodeExecutionForTreeTryEditor" time="6.323"/>
  <system-out/>
  <testcase classname="dsAlgoTests.TreeTest" name="navigateToBinaryTreeTraversals" time="6.005"/>
  <system-out/>
  <testcase classname="dsAlgoTests.TreeTest" name="verifyCodeExecutionForTreeTryEditor" time="6.132"/>
  <system-out/>
  <testcase classname="dsAlgoTests.TreeTest" name="navigateToApplicationsOfBinaryTreesTryEditor" time="7.599"/>
  <system-out/>
  <testcase classname="dsAlgoTests.TreeTest" name="navigateToBinaryTreesTryEditor" time="8.462"/>
  <system-out/>
  <testcase classname="dsAlgoTests.TreeTest" name="verifyTreeTryEditorWithoutCodeOfTraversalsIllustration" time="7.367">
    <failure message="Test failed: Expected an error message when clicking the &#039;Run&#039; button without entering code, but no message was displayed" type="java.lang.AssertionError">
      <![CDATA[java.lang.AssertionError: Test failed: Expected an error message when clicking the 'Run' button without entering code, but no message was displayed
at org.testng.Assert.fail(Assert.java:99)
at dsAlgoTests.TreeTest.verifyTreeTryEditorWithoutCodeOfTraversalsIllustration(TreeTest.java:252)
at java.base/jdk.internal.reflect.DirectMethodHandleAccessor.invoke(DirectMethodHandleAccessor.java:103)
at java.base/java.lang.reflect.Method.invoke(Method.java:580)
at org.testng.internal.MethodInvocationHelper.invokeMethod(MethodInvocationHelper.java:133)
at org.testng.internal.TestInvoker.invokeMethod(TestInvoker.java:598)
at org.testng.internal.TestInvoker.invokeTestMethod(TestInvoker.java:173)
at org.testng.internal.MethodRunner.runInSequence(MethodRunner.java:46)
at org.testng.internal.TestInvoker$MethodInvocationAgent.invoke(TestInvoker.java:824)
at org.testng.internal.TestInvoker.invokeTestMethods(TestInvoker.java:146)
at org.testng.internal.TestMethodWorker.invokeTestMethods(TestMethodWorker.java:146)
at org.testng.internal.TestMethodWorker.run(TestMethodWorker.java:128)
at java.base/java.util.ArrayList.forEach(ArrayList.java:1596)
at org.testng.TestRunner.privateRun(TestRunner.java:794)
at org.testng.TestRunner.run(TestRunner.java:596)
at org.testng.SuiteRunner.runTest(SuiteRunner.java:377)
at org.testng.SuiteRunner.access$000(SuiteRunner.java:28)
at org.testng.SuiteRunner$SuiteWorker.run(SuiteRunner.java:418)
at org.testng.internal.thread.ThreadUtil.lambda$execute$0(ThreadUtil.java:64)
at java.base/java.util.concurrent.FutureTask.run(FutureTask.java:317)
at java.base/java.util.concurrent.ThreadPoolExecutor.runWorker(ThreadPoolExecutor.java:1144)
at java.base/java.util.concurrent.ThreadPoolExecutor$Worker.run(ThreadPoolExecutor.java:642)
at java.base/java.lang.Thread.run(Thread.java:1583)
]]>
    </failure>
  </testcase> <!-- verifyTreeTryEditorWithoutCodeOfTraversalsIllustration -->
  <system-out/>
  <testcase classname="dsAlgoTests.TreeTest" name="navigateToImplementationInPythonTryEditor" time="6.692"/>
  <system-out/>
  <testcase classname="dsAlgoTests.TreeTest" name="verifyCodeExecutionForTreeTryEditor" time="7.040"/>
  <system-out/>
  <testcase classname="dsAlgoTests.TreeTest" name="verifyCodeExecutionForTreeTryEditor" time="6.709"/>
  <system-out/>
  <testcase classname="dsAlgoTests.TreeTest" name="navigateToTraversalsIllustration" time="5.882"/>
  <system-out/>
  <testcase classname="dsAlgoTests.TreeTest" name="navigateToTerminologies" time="6.012"/>
  <system-out/>
  <testcase classname="dsAlgoTests.TreeTest" name="verifyCodeExecutionForTreeTryEditor" time="7.124"/>
  <system-out/>
  <testcase classname="dsAlgoTests.TreeTest" name="verifyCodeExecutionForTreeTryEditor" time="7.835"/>
  <system-out/>
  <testcase classname="dsAlgoTests.TreeTest" name="verifyCodeExecutionForTreeTryEditor" time="7.123"/>
  <system-out/>
  <testcase classname="dsAlgoTests.TreeTest" name="navigateToImplementationOfBinaryTrees" time="5.305"/>
  <system-out/>
  <testcase classname="dsAlgoTests.TreeTest" name="navigateToBinaryTreeTraversalsTryEditor" time="6.567"/>
  <system-out/>
  <testcase classname="dsAlgoTests.TreeTest" name="verifyTreeTryEditorWithoutCodeOfTreeTraversals" time="6.866">
    <failure message="Test failed: Expected an error message when clicking the &#039;Run&#039; button without entering code, but no message was displayed" type="java.lang.AssertionError">
      <![CDATA[java.lang.AssertionError: Test failed: Expected an error message when clicking the 'Run' button without entering code, but no message was displayed
at org.testng.Assert.fail(Assert.java:99)
at dsAlgoTests.TreeTest.verifyTreeTryEditorWithoutCodeOfTreeTraversals(TreeTest.java:245)
at java.base/jdk.internal.reflect.DirectMethodHandleAccessor.invoke(DirectMethodHandleAccessor.java:103)
at java.base/java.lang.reflect.Method.invoke(Method.java:580)
at org.testng.internal.MethodInvocationHelper.invokeMethod(MethodInvocationHelper.java:133)
at org.testng.internal.TestInvoker.invokeMethod(TestInvoker.java:598)
at org.testng.internal.TestInvoker.invokeTestMethod(TestInvoker.java:173)
at org.testng.internal.MethodRunner.runInSequence(MethodRunner.java:46)
at org.testng.internal.TestInvoker$MethodInvocationAgent.invoke(TestInvoker.java:824)
at org.testng.internal.TestInvoker.invokeTestMethods(TestInvoker.java:146)
at org.testng.internal.TestMethodWorker.invokeTestMethods(TestMethodWorker.java:146)
at org.testng.internal.TestMethodWorker.run(TestMethodWorker.java:128)
at java.base/java.util.ArrayList.forEach(ArrayList.java:1596)
at org.testng.TestRunner.privateRun(TestRunner.java:794)
at org.testng.TestRunner.run(TestRunner.java:596)
at org.testng.SuiteRunner.runTest(SuiteRunner.java:377)
at org.testng.SuiteRunner.access$000(SuiteRunner.java:28)
at org.testng.SuiteRunner$SuiteWorker.run(SuiteRunner.java:418)
at org.testng.internal.thread.ThreadUtil.lambda$execute$0(ThreadUtil.java:64)
at java.base/java.util.concurrent.FutureTask.run(FutureTask.java:317)
at java.base/java.util.concurrent.ThreadPoolExecutor.runWorker(ThreadPoolExecutor.java:1144)
at java.base/java.util.concurrent.ThreadPoolExecutor$Worker.run(ThreadPoolExecutor.java:642)
at java.base/java.lang.Thread.run(Thread.java:1583)
]]>
    </failure>
  </testcase> <!-- verifyTreeTryEditorWithoutCodeOfTreeTraversals -->
  <system-out/>
  <testcase classname="dsAlgoTests.TreeTest" name="navigateToTypesOfTrees" time="6.214"/>
  <system-out/>
  <testcase classname="dsAlgoTests.TreeTest" name="verifyTreeTryEditorWithoutCodeOfOverviewOfTrees" time="7.863">
    <failure message="Test failed: Expected an error message when clicking the &#039;Run&#039; button without entering code, but no message was displayed" type="java.lang.AssertionError">
      <![CDATA[java.lang.AssertionError: Test failed: Expected an error message when clicking the 'Run' button without entering code, but no message was displayed
at org.testng.Assert.fail(Assert.java:99)
at dsAlgoTests.TreeTest.verifyTreeTryEditorWithoutCodeOfOverviewOfTrees(TreeTest.java:224)
at java.base/jdk.internal.reflect.DirectMethodHandleAccessor.invoke(DirectMethodHandleAccessor.java:103)
at java.base/java.lang.reflect.Method.invoke(Method.java:580)
at org.testng.internal.MethodInvocationHelper.invokeMethod(MethodInvocationHelper.java:133)
at org.testng.internal.TestInvoker.invokeMethod(TestInvoker.java:598)
at org.testng.internal.TestInvoker.invokeTestMethod(TestInvoker.java:173)
at org.testng.internal.MethodRunner.runInSequence(MethodRunner.java:46)
at org.testng.internal.TestInvoker$MethodInvocationAgent.invoke(TestInvoker.java:824)
at org.testng.internal.TestInvoker.invokeTestMethods(TestInvoker.java:146)
at org.testng.internal.TestMethodWorker.invokeTestMethods(TestMethodWorker.java:146)
at org.testng.internal.TestMethodWorker.run(TestMethodWorker.java:128)
at java.base/java.util.ArrayList.forEach(ArrayList.java:1596)
at org.testng.TestRunner.privateRun(TestRunner.java:794)
at org.testng.TestRunner.run(TestRunner.java:596)
at org.testng.SuiteRunner.runTest(SuiteRunner.java:377)
at org.testng.SuiteRunner.access$000(SuiteRunner.java:28)
at org.testng.SuiteRunner$SuiteWorker.run(SuiteRunner.java:418)
at org.testng.internal.thread.ThreadUtil.lambda$execute$0(ThreadUtil.java:64)
at java.base/java.util.concurrent.FutureTask.run(FutureTask.java:317)
at java.base/java.util.concurrent.ThreadPoolExecutor.runWorker(ThreadPoolExecutor.java:1144)
at java.base/java.util.concurrent.ThreadPoolExecutor$Worker.run(ThreadPoolExecutor.java:642)
at java.base/java.lang.Thread.run(Thread.java:1583)
]]>
    </failure>
  </testcase> <!-- verifyTreeTryEditorWithoutCodeOfOverviewOfTrees -->
  <system-out/>
  <testcase classname="dsAlgoTests.TreeTest" name="navigateToApplicationsOfBinaryTrees" time="5.804"/>
  <system-out/>
  <testcase classname="dsAlgoTests.TreeTest" name="verifyTreeTryEditorWithoutCodeOfTypesOfTrees" time="6.510">
    <failure message="Test failed: Expected an error message when clicking the &#039;Run&#039; button without entering code, but no message was displayed" type="java.lang.AssertionError">
      <![CDATA[java.lang.AssertionError: Test failed: Expected an error message when clicking the 'Run' button without entering code, but no message was displayed
at org.testng.Assert.fail(Assert.java:99)
at dsAlgoTests.TreeTest.verifyTreeTryEditorWithoutCodeOfTypesOfTrees(TreeTest.java:238)
at java.base/jdk.internal.reflect.DirectMethodHandleAccessor.invoke(DirectMethodHandleAccessor.java:103)
at java.base/java.lang.reflect.Method.invoke(Method.java:580)
at org.testng.internal.MethodInvocationHelper.invokeMethod(MethodInvocationHelper.java:133)
at org.testng.internal.TestInvoker.invokeMethod(TestInvoker.java:598)
at org.testng.internal.TestInvoker.invokeTestMethod(TestInvoker.java:173)
at org.testng.internal.MethodRunner.runInSequence(MethodRunner.java:46)
at org.testng.internal.TestInvoker$MethodInvocationAgent.invoke(TestInvoker.java:824)
at org.testng.internal.TestInvoker.invokeTestMethods(TestInvoker.java:146)
at org.testng.internal.TestMethodWorker.invokeTestMethods(TestMethodWorker.java:146)
at org.testng.internal.TestMethodWorker.run(TestMethodWorker.java:128)
at java.base/java.util.ArrayList.forEach(ArrayList.java:1596)
at org.testng.TestRunner.privateRun(TestRunner.java:794)
at org.testng.TestRunner.run(TestRunner.java:596)
at org.testng.SuiteRunner.runTest(SuiteRunner.java:377)
at org.testng.SuiteRunner.access$000(SuiteRunner.java:28)
at org.testng.SuiteRunner$SuiteWorker.run(SuiteRunner.java:418)
at org.testng.internal.thread.ThreadUtil.lambda$execute$0(ThreadUtil.java:64)
at java.base/java.util.concurrent.FutureTask.run(FutureTask.java:317)
at java.base/java.util.concurrent.ThreadPoolExecutor.runWorker(ThreadPoolExecutor.java:1144)
at java.base/java.util.concurrent.ThreadPoolExecutor$Worker.run(ThreadPoolExecutor.java:642)
at java.base/java.lang.Thread.run(Thread.java:1583)
]]>
    </failure>
  </testcase> <!-- verifyTreeTryEditorWithoutCodeOfTypesOfTrees -->
  <system-out/>
  <testcase classname="dsAlgoTests.TreeTest" name="verifyCodeExecutionForTreeTryEditor" time="7.696"/>
  <system-out/>
  <testcase classname="dsAlgoTests.TreeTest" name="navigateToTerminologiesTryEditor" time="9.243"/>
  <system-out/>
  <testcase classname="dsAlgoTests.TreeTest" name="verifyCodeExecutionForTreeTryEditor" time="8.258"/>
  <system-out/>
  <testcase classname="dsAlgoTests.TreeTest" name="navigateToTypesOfBinaryTrees" time="6.582"/>
  <system-out/>
</testsuite> <!-- dsAlgoTests.TreeTest -->
