<?xml version="1.0" encoding="UTF-8"?>
<!-- Generated by org.testng.reporters.JUnitReportReporter -->
<testsuite hostname="DESKTOP-SF0QLDR" failures="0" tests="1005" name="dsAlgoTests.DataStructureTest" time="69.405" errors="1" timestamp="2025-02-05T13:30:16 EST" skipped="1004">
  <testcase classname="dsAlgoTests.DataStructureTest" name="verifyCodeExecutionforDataStructureIntroductionPage" time="52.956">
    <skipped/>
  </testcase> <!-- verifyCodeExecutionforDataStructureIntroductionPage -->
  <system-out/>
  <testcase classname="dsAlgoTests.DataStructureTest" name="verifyCodeExecutionforDataStructureIntroductionPage" time="0.000">
    <skipped/>
  </testcase> <!-- verifyCodeExecutionforDataStructureIntroductionPage -->
  <system-out/>
  <testcase classname="dsAlgoTests.DataStructureTest" name="seeListOfPracticeQuestionsonDataStructureIntroductionPage" time="0.000">
    <skipped/>
  </testcase> <!-- seeListOfPracticeQuestionsonDataStructureIntroductionPage -->
  <system-out/>
  <testcase classname="dsAlgoTests.DataStructureTest" name="verifyCodeExecutionforDataStructureIntroductionPage" time="0.000">
    <skipped/>
  </testcase> <!-- verifyCodeExecutionforDataStructureIntroductionPage -->
  <system-out/>
  <testcase classname="dsAlgoTests.DataStructureTest" name="verifyCodeExecutionforDataStructureIntroductionPage" time="0.000">
    <skipped/>
  </testcase> <!-- verifyCodeExecutionforDataStructureIntroductionPage -->
  <system-out/>
  <testcase classname="dsAlgoTests.DataStructureTest" name="verifyCodeExecutionforDataStructureIntroductionPage" time="0.000">
    <skipped/>
  </testcase> <!-- verifyCodeExecutionforDataStructureIntroductionPage -->
  <system-out/>
  <testcase classname="dsAlgoTests.DataStructureTest" name="verifyCodeExecutionforDataStructureIntroductionPage" time="0.000">
    <skipped/>
  </testcase> <!-- verifyCodeExecutionforDataStructureIntroductionPage -->
  <system-out/>
  <testcase classname="dsAlgoTests.DataStructureTest" name="verifyCodeExecutionforDataStructureIntroductionPage" time="0.000">
    <skipped/>
  </testcase> <!-- verifyCodeExecutionforDataStructureIntroductionPage -->
  <system-out/>
  <testcase classname="dsAlgoTests.DataStructureTest" name="verifyCodeExecutionforDataStructureIntroductionPage" time="0.000">
    <skipped/>
  </testcase> <!-- verifyCodeExecutionforDataStructureIntroductionPage -->
  <system-out/>
  <testcase classname="dsAlgoTests.DataStructureTest" name="verifyCodeExecutionforDataStructureIntroductionPage" time="0.000">
    <skipped/>
  </testcase> <!-- verifyCodeExecutionforDataStructureIntroductionPage -->
  <system-out/>
  <testcase classname="dsAlgoTests.DataStructureTest" name="verifyCodeExecutionforDataStructureIntroductionPage" time="0.000">
    <skipped/>
  </testcase> <!-- verifyCodeExecutionforDataStructureIntroductionPage -->
  <system-out/>
  <testcase classname="dsAlgoTests.DataStructureTest" name="verifyCodeExecutionforDataStructureIntroductionPage" time="0.000">
    <skipped/>
  </testcase> <!-- verifyCodeExecutionforDataStructureIntroductionPage -->
  <system-out/>
  <testcase classname="dsAlgoTests.DataStructureTest" name="verifyCodeExecutionforDataStructureIntroductionPage" time="0.000">
    <skipped/>
  </testcase> <!-- verifyCodeExecutionforDataStructureIntroductionPage -->
  <system-out/>
  <testcase classname="dsAlgoTests.DataStructureTest" name="verifyCodeExecutionforDataStructureIntroductionPage" time="0.000">
    <skipped/>
  </testcase> <!-- verifyCodeExecutionforDataStructureIntroductionPage -->
  <system-out/>
  <testcase classname="dsAlgoTests.DataStructureTest" name="verifyCodeExecutionforDataStructureIntroductionPage" time="0.000">
    <skipped/>
  </testcase> <!-- verifyCodeExecutionforDataStructureIntroductionPage -->
  <system-out/>
  <testcase classname="dsAlgoTests.DataStructureTest" name="verifyCodeExecutionforDataStructureIntroductionPage" time="0.000">
    <skipped/>
  </testcase> <!-- verifyCodeExecutionforDataStructureIntroductionPage -->
  <system-out/>
  <testcase classname="dsAlgoTests.DataStructureTest" name="verifyCodeExecutionforDataStructureIntroductionPage" time="0.000">
    <skipped/>
  </testcase> <!-- verifyCodeExecutionforDataStructureIntroductionPage -->
  <system-out/>
  <testcase classname="dsAlgoTests.DataStructureTest" name="verifyCodeExecutionforDataStructureIntroductionPage" time="0.000">
    <skipped/>
  </testcase> <!-- verifyCodeExecutionforDataStructureIntroductionPage -->
  <system-out/>
  <testcase classname="dsAlgoTests.DataStructureTest" name="verifyCodeExecutionforDataStructureIntroductionPage" time="0.000">
    <skipped/>
  </testcase> <!-- verifyCodeExecutionforDataStructureIntroductionPage -->
  <system-out/>
  <testcase classname="dsAlgoTests.DataStructureTest" name="verifyCodeExecutionforDataStructureIntroductionPage" time="0.000">
    <skipped/>
  </testcase> <!-- verifyCodeExecutionforDataStructureIntroductionPage -->
  <system-out/>
  <testcase classname="dsAlgoTests.DataStructureTest" name="verifyCodeExecutionforDataStructureIntroductionPage" time="0.000">
    <skipped/>
  </testcase> <!-- verifyCodeExecutionforDataStructureIntroductionPage -->
  <system-out/>
  <testcase classname="dsAlgoTests.DataStructureTest" name="verifyCodeExecutionforDataStructureIntroductionPage" time="0.000">
    <skipped/>
  </testcase> <!-- verifyCodeExecutionforDataStructureIntroductionPage -->
  <system-out/>
  <testcase classname="dsAlgoTests.DataStructureTest" name="verifyCodeExecutionforDataStructureIntroductionPage" time="0.000">
    <skipped/>
  </testcase> <!-- verifyCodeExecutionforDataStructureIntroductionPage -->
  <system-out/>
  <testcase classname="dsAlgoTests.DataStructureTest" name="verifyCodeExecutionforDataStructureIntroductionPage" time="0.000">
    <skipped/>
  </testcase> <!-- verifyCodeExecutionforDataStructureIntroductionPage -->
  <system-out/>
  <testcase classname="dsAlgoTests.DataStructureTest" name="verifyCodeExecutionforDataStructureIntroductionPage" time="0.000">
    <skipped/>
  </testcase> <!-- verifyCodeExecutionforDataStructureIntroductionPage -->
  <system-out/>
  <testcase classname="dsAlgoTests.DataStructureTest" name="verifyCodeExecutionforDataStructureIntroductionPage" time="0.000">
    <skipped/>
  </testcase> <!-- verifyCodeExecutionforDataStructureIntroductionPage -->
  <system-out/>
  <testcase classname="dsAlgoTests.DataStructureTest" name="verifyCodeExecutionforDataStructureIntroductionPage" time="0.000">
    <skipped/>
  </testcase> <!-- verifyCodeExecutionforDataStructureIntroductionPage -->
  <system-out/>
  <testcase classname="dsAlgoTests.DataStructureTest" name="verifyCodeExecutionforDataStructureIntroductionPage" time="0.000">
    <skipped/>
  </testcase> <!-- verifyCodeExecutionforDataStructureIntroductionPage -->
  <system-out/>
  <testcase classname="dsAlgoTests.DataStructureTest" name="verifyCodeExecutionforDataStructureIntroductionPage" time="0.000">
    <skipped/>
  </testcase> <!-- verifyCodeExecutionforDataStructureIntroductionPage -->
  <system-out/>
  <testcase classname="dsAlgoTests.DataStructureTest" name="verifyCodeExecutionforDataStructureIntroductionPage" time="0.000">
    <skipped/>
  </testcase> <!-- verifyCodeExecutionforDataStructureIntroductionPage -->
  <system-out/>
  <testcase classname="dsAlgoTests.DataStructureTest" name="verifyCodeExecutionforDataStructureIntroductionPage" time="0.000">
    <skipped/>
  </testcase> <!-- verifyCodeExecutionforDataStructureIntroductionPage -->
  <system-out/>
  <testcase classname="dsAlgoTests.DataStructureTest" name="verifyCodeExecutionforDataStructureIntroductionPage" time="0.000">
    <skipped/>
  </testcase> <!-- verifyCodeExecutionforDataStructureIntroductionPage -->
  <system-out/>
  <testcase classname="dsAlgoTests.DataStructureTest" name="verifyCodeExecutionforDataStructureIntroductionPage" time="0.000">
    <skipped/>
  </testcase> <!-- verifyCodeExecutionforDataStructureIntroductionPage -->
  <system-out/>
  <testcase classname="dsAlgoTests.DataStructureTest" name="verifyCodeExecutionforDataStructureIntroductionPage" time="0.000">
    <skipped/>
  </testcase> <!-- verifyCodeExecutionforDataStructureIntroductionPage -->
  <system-out/>
  <testcase classname="dsAlgoTests.DataStructureTest" name="verifyCodeExecutionforDataStructureIntroductionPage" time="0.000">
    <skipped/>
  </testcase> <!-- verifyCodeExecutionforDataStructureIntroductionPage -->
  <system-out/>
  <testcase classname="dsAlgoTests.DataStructureTest" name="verifyCodeExecutionforDataStructureIntroductionPage" time="0.000">
    <skipped/>
  </testcase> <!-- verifyCodeExecutionforDataStructureIntroductionPage -->
  <system-out/>
  <testcase classname="dsAlgoTests.DataStructureTest" name="verifyCodeExecutionforDataStructureIntroductionPage" time="0.000">
    <skipped/>
  </testcase> <!-- verifyCodeExecutionforDataStructureIntroductionPage -->
  <system-out/>
  <testcase classname="dsAlgoTests.DataStructureTest" name="verifyCodeExecutionforDataStructureIntroductionPage" time="0.000">
    <skipped/>
  </testcase> <!-- verifyCodeExecutionforDataStructureIntroductionPage -->
  <system-out/>
  <testcase classname="dsAlgoTests.DataStructureTest" name="verifyCodeExecutionforDataStructureIntroductionPage" time="0.000">
    <skipped/>
  </testcase> <!-- verifyCodeExecutionforDataStructureIntroductionPage -->
  <system-out/>
  <testcase classname="dsAlgoTests.DataStructureTest" name="verifyCodeExecutionforDataStructureIntroductionPage" time="0.000">
    <skipped/>
  </testcase> <!-- verifyCodeExecutionforDataStructureIntroductionPage -->
  <system-out/>
  <testcase classname="dsAlgoTests.DataStructureTest" name="verifyCodeExecutionforDataStructureIntroductionPage" time="0.000">
    <skipped/>
  </testcase> <!-- verifyCodeExecutionforDataStructureIntroductionPage -->
  <system-out/>
  <testcase classname="dsAlgoTests.DataStructureTest" name="verifyCodeExecutionforDataStructureIntroductionPage" time="0.000">
    <skipped/>
  </testcase> <!-- verifyCodeExecutionforDataStructureIntroductionPage -->
  <system-out/>
  <testcase classname="dsAlgoTests.DataStructureTest" name="verifyCodeExecutionforDataStructureIntroductionPage" time="0.000">
    <skipped/>
  </testcase> <!-- verifyCodeExecutionforDataStructureIntroductionPage -->
  <system-out/>
  <testcase classname="dsAlgoTests.DataStructureTest" name="verifyCodeExecutionforDataStructureIntroductionPage" time="0.000">
    <skipped/>
  </testcase> <!-- verifyCodeExecutionforDataStructureIntroductionPage -->
  <system-out/>
  <testcase classname="dsAlgoTests.DataStructureTest" name="verifyCodeExecutionforDataStructureIntroductionPage" time="0.000">
    <skipped/>
  </testcase> <!-- verifyCodeExecutionforDataStructureIntroductionPage -->
  <system-out/>
  <testcase classname="dsAlgoTests.DataStructureTest" name="verifyCodeExecutionforDataStructureIntroductionPage" time="0.000">
    <skipped/>
  </testcase> <!-- verifyCodeExecutionforDataStructureIntroductionPage -->
  <system-out/>
  <testcase classname="dsAlgoTests.DataStructureTest" name="verifyCodeExecutionforDataStructureIntroductionPage" time="0.000">
    <skipped/>
  </testcase> <!-- verifyCodeExecutionforDataStructureIntroductionPage -->
  <system-out/>
  <testcase classname="dsAlgoTests.DataStructureTest" name="verifyCodeExecutionforDataStructureIntroductionPage" time="0.000">
    <skipped/>
  </testcase> <!-- verifyCodeExecutionforDataStructureIntroductionPage -->
  <system-out/>
  <testcase classname="dsAlgoTests.DataStructureTest" name="verifyCodeExecutionforDataStructureIntroductionPage" time="0.000">
    <skipped/>
  </testcase> <!-- verifyCodeExecutionforDataStructureIntroductionPage -->
  <system-out/>
  <testcase classname="dsAlgoTests.DataStructureTest" name="verifyCodeExecutionforDataStructureIntroductionPage" time="0.000">
    <skipped/>
  </testcase> <!-- verifyCodeExecutionforDataStructureIntroductionPage -->
  <system-out/>
  <testcase classname="dsAlgoTests.DataStructureTest" name="verifyCodeExecutionforDataStructureIntroductionPage" time="0.000">
    <skipped/>
  </testcase> <!-- verifyCodeExecutionforDataStructureIntroductionPage -->
  <system-out/>
  <testcase classname="dsAlgoTests.DataStructureTest" name="verifyCodeExecutionforDataStructureIntroductionPage" time="0.000">
    <skipped/>
  </testcase> <!-- verifyCodeExecutionforDataStructureIntroductionPage -->
  <system-out/>
  <testcase classname="dsAlgoTests.DataStructureTest" name="verifyCodeExecutionforDataStructureIntroductionPage" time="0.000">
    <skipped/>
  </testcase> <!-- verifyCodeExecutionforDataStructureIntroductionPage -->
  <system-out/>
  <testcase classname="dsAlgoTests.DataStructureTest" name="verifyCodeExecutionforDataStructureIntroductionPage" time="0.000">
    <skipped/>
  </testcase> <!-- verifyCodeExecutionforDataStructureIntroductionPage -->
  <system-out/>
  <testcase classname="dsAlgoTests.DataStructureTest" name="verifyCodeExecutionforDataStructureIntroductionPage" time="0.000">
    <skipped/>
  </testcase> <!-- verifyCodeExecutionforDataStructureIntroductionPage -->
  <system-out/>
  <testcase classname="dsAlgoTests.DataStructureTest" name="verifyCodeExecutionforDataStructureIntroductionPage" time="0.000">
    <skipped/>
  </testcase> <!-- verifyCodeExecutionforDataStructureIntroductionPage -->
  <system-out/>
  <testcase classname="dsAlgoTests.DataStructureTest" name="verifyCodeExecutionforDataStructureIntroductionPage" time="0.000">
    <skipped/>
  </testcase> <!-- verifyCodeExecutionforDataStructureIntroductionPage -->
  <system-out/>
  <testcase classname="dsAlgoTests.DataStructureTest" name="verifyCodeExecutionforDataStructureIntroductionPage" time="0.000">
    <skipped/>
  </testcase> <!-- verifyCodeExecutionforDataStructureIntroductionPage -->
  <system-out/>
  <testcase classname="dsAlgoTests.DataStructureTest" name="verifyCodeExecutionforDataStructureIntroductionPage" time="0.000">
    <skipped/>
  </testcase> <!-- verifyCodeExecutionforDataStructureIntroductionPage -->
  <system-out/>
  <testcase classname="dsAlgoTests.DataStructureTest" name="verifyCodeExecutionforDataStructureIntroductionPage" time="0.000">
    <skipped/>
  </testcase> <!-- verifyCodeExecutionforDataStructureIntroductionPage -->
  <system-out/>
  <testcase classname="dsAlgoTests.DataStructureTest" name="verifyCodeExecutionforDataStructureIntroductionPage" time="0.000">
    <skipped/>
  </testcase> <!-- verifyCodeExecutionforDataStructureIntroductionPage -->
  <system-out/>
  <testcase classname="dsAlgoTests.DataStructureTest" name="verifyCodeExecutionforDataStructureIntroductionPage" time="0.000">
    <skipped/>
  </testcase> <!-- verifyCodeExecutionforDataStructureIntroductionPage -->
  <system-out/>
  <testcase classname="dsAlgoTests.DataStructureTest" name="verifyCodeExecutionforDataStructureIntroductionPage" time="0.000">
    <skipped/>
  </testcase> <!-- verifyCodeExecutionforDataStructureIntroductionPage -->
  <system-out/>
  <testcase classname="dsAlgoTests.DataStructureTest" name="verifyCodeExecutionforDataStructureIntroductionPage" time="0.000">
    <skipped/>
  </testcase> <!-- verifyCodeExecutionforDataStructureIntroductionPage -->
  <system-out/>
  <testcase classname="dsAlgoTests.DataStructureTest" name="verifyCodeExecutionforDataStructureIntroductionPage" time="0.000">
    <skipped/>
  </testcase> <!-- verifyCodeExecutionforDataStructureIntroductionPage -->
  <system-out/>
  <testcase classname="dsAlgoTests.DataStructureTest" name="verifyCodeExecutionforDataStructureIntroductionPage" time="0.000">
    <skipped/>
  </testcase> <!-- verifyCodeExecutionforDataStructureIntroductionPage -->
  <system-out/>
  <testcase classname="dsAlgoTests.DataStructureTest" name="verifyCodeExecutionforDataStructureIntroductionPage" time="0.000">
    <skipped/>
  </testcase> <!-- verifyCodeExecutionforDataStructureIntroductionPage -->
  <system-out/>
  <testcase classname="dsAlgoTests.DataStructureTest" name="verifyCodeExecutionforDataStructureIntroductionPage" time="0.000">
    <skipped/>
  </testcase> <!-- verifyCodeExecutionforDataStructureIntroductionPage -->
  <system-out/>
  <testcase classname="dsAlgoTests.DataStructureTest" name="verifyCodeExecutionforDataStructureIntroductionPage" time="0.000">
    <skipped/>
  </testcase> <!-- verifyCodeExecutionforDataStructureIntroductionPage -->
  <system-out/>
  <testcase classname="dsAlgoTests.DataStructureTest" name="verifyCodeExecutionforDataStructureIntroductionPage" time="0.000">
    <skipped/>
  </testcase> <!-- verifyCodeExecutionforDataStructureIntroductionPage -->
  <system-out/>
  <testcase classname="dsAlgoTests.DataStructureTest" name="verifyCodeExecutionforDataStructureIntroductionPage" time="0.000">
    <skipped/>
  </testcase> <!-- verifyCodeExecutionforDataStructureIntroductionPage -->
  <system-out/>
  <testcase classname="dsAlgoTests.DataStructureTest" name="verifyCodeExecutionforDataStructureIntroductionPage" time="0.000">
    <skipped/>
  </testcase> <!-- verifyCodeExecutionforDataStructureIntroductionPage -->
  <system-out/>
  <testcase classname="dsAlgoTests.DataStructureTest" name="verifyCodeExecutionforDataStructureIntroductionPage" time="0.000">
    <skipped/>
  </testcase> <!-- verifyCodeExecutionforDataStructureIntroductionPage -->
  <system-out/>
  <testcase classname="dsAlgoTests.DataStructureTest" name="verifyCodeExecutionforDataStructureIntroductionPage" time="0.000">
    <skipped/>
  </testcase> <!-- verifyCodeExecutionforDataStructureIntroductionPage -->
  <system-out/>
  <testcase classname="dsAlgoTests.DataStructureTest" name="verifyCodeExecutionforDataStructureIntroductionPage" time="0.000">
    <skipped/>
  </testcase> <!-- verifyCodeExecutionforDataStructureIntroductionPage -->
  <system-out/>
  <testcase classname="dsAlgoTests.DataStructureTest" name="verifyCodeExecutionforDataStructureIntroductionPage" time="0.000">
    <skipped/>
  </testcase> <!-- verifyCodeExecutionforDataStructureIntroductionPage -->
  <system-out/>
  <testcase classname="dsAlgoTests.DataStructureTest" name="verifyCodeExecutionforDataStructureIntroductionPage" time="0.000">
    <skipped/>
  </testcase> <!-- verifyCodeExecutionforDataStructureIntroductionPage -->
  <system-out/>
  <testcase classname="dsAlgoTests.DataStructureTest" name="verifyCodeExecutionforDataStructureIntroductionPage" time="0.000">
    <skipped/>
  </testcase> <!-- verifyCodeExecutionforDataStructureIntroductionPage -->
  <system-out/>
  <testcase classname="dsAlgoTests.DataStructureTest" name="verifyCodeExecutionforDataStructureIntroductionPage" time="0.000">
    <skipped/>
  </testcase> <!-- verifyCodeExecutionforDataStructureIntroductionPage -->
  <system-out/>
  <testcase classname="dsAlgoTests.DataStructureTest" name="verifyCodeExecutionforDataStructureIntroductionPage" time="0.000">
    <skipped/>
  </testcase> <!-- verifyCodeExecutionforDataStructureIntroductionPage -->
  <system-out/>
  <testcase classname="dsAlgoTests.DataStructureTest" name="verifyCodeExecutionforDataStructureIntroductionPage" time="0.000">
    <skipped/>
  </testcase> <!-- verifyCodeExecutionforDataStructureIntroductionPage -->
  <system-out/>
  <testcase classname="dsAlgoTests.DataStructureTest" name="verifyCodeExecutionforDataStructureIntroductionPage" time="0.000">
    <skipped/>
  </testcase> <!-- verifyCodeExecutionforDataStructureIntroductionPage -->
  <system-out/>
  <testcase classname="dsAlgoTests.DataStructureTest" name="verifyCodeExecutionforDataStructureIntroductionPage" time="0.000">
    <skipped/>
  </testcase> <!-- verifyCodeExecutionforDataStructureIntroductionPage -->
  <system-out/>
  <testcase classname="dsAlgoTests.DataStructureTest" name="verifyCodeExecutionforDataStructureIntroductionPage" time="0.000">
    <skipped/>
  </testcase> <!-- verifyCodeExecutionforDataStructureIntroductionPage -->
  <system-out/>
  <testcase classname="dsAlgoTests.DataStructureTest" name="verifyCodeExecutionforDataStructureIntroductionPage" time="0.000">
    <skipped/>
  </testcase> <!-- verifyCodeExecutionforDataStructureIntroductionPage -->
  <system-out/>
  <testcase classname="dsAlgoTests.DataStructureTest" name="verifyCodeExecutionforDataStructureIntroductionPage" time="0.000">
    <skipped/>
  </testcase> <!-- verifyCodeExecutionforDataStructureIntroductionPage -->
  <system-out/>
  <testcase classname="dsAlgoTests.DataStructureTest" name="verifyCodeExecutionforDataStructureIntroductionPage" time="0.000">
    <skipped/>
  </testcase> <!-- verifyCodeExecutionforDataStructureIntroductionPage -->
  <system-out/>
  <testcase classname="dsAlgoTests.DataStructureTest" name="verifyCodeExecutionforDataStructureIntroductionPage" time="0.000">
    <skipped/>
  </testcase> <!-- verifyCodeExecutionforDataStructureIntroductionPage -->
  <system-out/>
  <testcase classname="dsAlgoTests.DataStructureTest" name="verifyCodeExecutionforDataStructureIntroductionPage" time="0.000">
    <skipped/>
  </testcase> <!-- verifyCodeExecutionforDataStructureIntroductionPage -->
  <system-out/>
  <testcase classname="dsAlgoTests.DataStructureTest" name="verifyCodeExecutionforDataStructureIntroductionPage" time="0.000">
    <skipped/>
  </testcase> <!-- verifyCodeExecutionforDataStructureIntroductionPage -->
  <system-out/>
  <testcase classname="dsAlgoTests.DataStructureTest" name="verifyCodeExecutionforDataStructureIntroductionPage" time="0.000">
    <skipped/>
  </testcase> <!-- verifyCodeExecutionforDataStructureIntroductionPage -->
  <system-out/>
  <testcase classname="dsAlgoTests.DataStructureTest" name="verifyCodeExecutionforDataStructureIntroductionPage" time="0.000">
    <skipped/>
  </testcase> <!-- verifyCodeExecutionforDataStructureIntroductionPage -->
  <system-out/>
  <testcase classname="dsAlgoTests.DataStructureTest" name="verifyCodeExecutionforDataStructureIntroductionPage" time="0.000">
    <skipped/>
  </testcase> <!-- verifyCodeExecutionforDataStructureIntroductionPage -->
  <system-out/>
  <testcase classname="dsAlgoTests.DataStructureTest" name="verifyCodeExecutionforDataStructureIntroductionPage" time="0.000">
    <skipped/>
  </testcase> <!-- verifyCodeExecutionforDataStructureIntroductionPage -->
  <system-out/>
  <testcase classname="dsAlgoTests.DataStructureTest" name="verifyCodeExecutionforDataStructureIntroductionPage" time="0.000">
    <skipped/>
  </testcase> <!-- verifyCodeExecutionforDataStructureIntroductionPage -->
  <system-out/>
  <testcase classname="dsAlgoTests.DataStructureTest" name="verifyCodeExecutionforDataStructureIntroductionPage" time="0.000">
    <skipped/>
  </testcase> <!-- verifyCodeExecutionforDataStructureIntroductionPage -->
  <system-out/>
  <testcase classname="dsAlgoTests.DataStructureTest" name="verifyCodeExecutionforDataStructureIntroductionPage" time="0.000">
    <skipped/>
  </testcase> <!-- verifyCodeExecutionforDataStructureIntroductionPage -->
  <system-out/>
  <testcase classname="dsAlgoTests.DataStructureTest" name="verifyCodeExecutionforDataStructureIntroductionPage" time="0.000">
    <skipped/>
  </testcase> <!-- verifyCodeExecutionforDataStructureIntroductionPage -->
  <system-out/>
  <testcase classname="dsAlgoTests.DataStructureTest" name="verifyCodeExecutionforDataStructureIntroductionPage" time="0.000">
    <skipped/>
  </testcase> <!-- verifyCodeExecutionforDataStructureIntroductionPage -->
  <system-out/>
  <testcase classname="dsAlgoTests.DataStructureTest" name="verifyCodeExecutionforDataStructureIntroductionPage" time="0.000">
    <skipped/>
  </testcase> <!-- verifyCodeExecutionforDataStructureIntroductionPage -->
  <system-out/>
  <testcase classname="dsAlgoTests.DataStructureTest" name="verifyCodeExecutionforDataStructureIntroductionPage" time="0.000">
    <skipped/>
  </testcase> <!-- verifyCodeExecutionforDataStructureIntroductionPage -->
  <system-out/>
  <testcase classname="dsAlgoTests.DataStructureTest" name="verifyCodeExecutionforDataStructureIntroductionPage" time="0.000">
    <skipped/>
  </testcase> <!-- verifyCodeExecutionforDataStructureIntroductionPage -->
  <system-out/>
  <testcase classname="dsAlgoTests.DataStructureTest" name="verifyCodeExecutionforDataStructureIntroductionPage" time="0.000">
    <skipped/>
  </testcase> <!-- verifyCodeExecutionforDataStructureIntroductionPage -->
  <system-out/>
  <testcase classname="dsAlgoTests.DataStructureTest" name="verifyCodeExecutionforDataStructureIntroductionPage" time="0.000">
    <skipped/>
  </testcase> <!-- verifyCodeExecutionforDataStructureIntroductionPage -->
  <system-out/>
  <testcase classname="dsAlgoTests.DataStructureTest" name="verifyCodeExecutionforDataStructureIntroductionPage" time="0.000">
    <skipped/>
  </testcase> <!-- verifyCodeExecutionforDataStructureIntroductionPage -->
  <system-out/>
  <testcase classname="dsAlgoTests.DataStructureTest" name="verifyCodeExecutionforDataStructureIntroductionPage" time="0.000">
    <skipped/>
  </testcase> <!-- verifyCodeExecutionforDataStructureIntroductionPage -->
  <system-out/>
  <testcase classname="dsAlgoTests.DataStructureTest" name="verifyCodeExecutionforDataStructureIntroductionPage" time="0.000">
    <skipped/>
  </testcase> <!-- verifyCodeExecutionforDataStructureIntroductionPage -->
  <system-out/>
  <testcase classname="dsAlgoTests.DataStructureTest" name="verifyCodeExecutionforDataStructureIntroductionPage" time="0.000">
    <skipped/>
  </testcase> <!-- verifyCodeExecutionforDataStructureIntroductionPage -->
  <system-out/>
  <testcase classname="dsAlgoTests.DataStructureTest" name="verifyCodeExecutionforDataStructureIntroductionPage" time="0.000">
    <skipped/>
  </testcase> <!-- verifyCodeExecutionforDataStructureIntroductionPage -->
  <system-out/>
  <testcase classname="dsAlgoTests.DataStructureTest" name="verifyCodeExecutionforDataStructureIntroductionPage" time="0.000">
    <skipped/>
  </testcase> <!-- verifyCodeExecutionforDataStructureIntroductionPage -->
  <system-out/>
  <testcase classname="dsAlgoTests.DataStructureTest" name="verifyCodeExecutionforDataStructureIntroductionPage" time="0.000">
    <skipped/>
  </testcase> <!-- verifyCodeExecutionforDataStructureIntroductionPage -->
  <system-out/>
  <testcase classname="dsAlgoTests.DataStructureTest" name="verifyCodeExecutionforDataStructureIntroductionPage" time="0.000">
    <skipped/>
  </testcase> <!-- verifyCodeExecutionforDataStructureIntroductionPage -->
  <system-out/>
  <testcase classname="dsAlgoTests.DataStructureTest" name="verifyCodeExecutionforDataStructureIntroductionPage" time="0.000">
    <skipped/>
  </testcase> <!-- verifyCodeExecutionforDataStructureIntroductionPage -->
  <system-out/>
  <testcase classname="dsAlgoTests.DataStructureTest" name="verifyCodeExecutionforDataStructureIntroductionPage" time="0.000">
    <skipped/>
  </testcase> <!-- verifyCodeExecutionforDataStructureIntroductionPage -->
  <system-out/>
  <testcase classname="dsAlgoTests.DataStructureTest" name="verifyCodeExecutionforDataStructureIntroductionPage" time="0.000">
    <skipped/>
  </testcase> <!-- verifyCodeExecutionforDataStructureIntroductionPage -->
  <system-out/>
  <testcase classname="dsAlgoTests.DataStructureTest" name="verifyCodeExecutionforDataStructureIntroductionPage" time="0.000">
    <skipped/>
  </testcase> <!-- verifyCodeExecutionforDataStructureIntroductionPage -->
  <system-out/>
  <testcase classname="dsAlgoTests.DataStructureTest" name="verifyCodeExecutionforDataStructureIntroductionPage" time="0.000">
    <skipped/>
  </testcase> <!-- verifyCodeExecutionforDataStructureIntroductionPage -->
  <system-out/>
  <testcase classname="dsAlgoTests.DataStructureTest" name="verifyCodeExecutionforDataStructureIntroductionPage" time="0.000">
    <skipped/>
  </testcase> <!-- verifyCodeExecutionforDataStructureIntroductionPage -->
  <system-out/>
  <testcase classname="dsAlgoTests.DataStructureTest" name="verifyCodeExecutionforDataStructureIntroductionPage" time="0.000">
    <skipped/>
  </testcase> <!-- verifyCodeExecutionforDataStructureIntroductionPage -->
  <system-out/>
  <testcase classname="dsAlgoTests.DataStructureTest" name="verifyCodeExecutionforDataStructureIntroductionPage" time="0.000">
    <skipped/>
  </testcase> <!-- verifyCodeExecutionforDataStructureIntroductionPage -->
  <system-out/>
  <testcase classname="dsAlgoTests.DataStructureTest" name="verifyCodeExecutionforDataStructureIntroductionPage" time="0.000">
    <skipped/>
  </testcase> <!-- verifyCodeExecutionforDataStructureIntroductionPage -->
  <system-out/>
  <testcase classname="dsAlgoTests.DataStructureTest" name="verifyCodeExecutionforDataStructureIntroductionPage" time="0.000">
    <skipped/>
  </testcase> <!-- verifyCodeExecutionforDataStructureIntroductionPage -->
  <system-out/>
  <testcase classname="dsAlgoTests.DataStructureTest" name="verifyCodeExecutionforDataStructureIntroductionPage" time="0.000">
    <skipped/>
  </testcase> <!-- verifyCodeExecutionforDataStructureIntroductionPage -->
  <system-out/>
  <testcase classname="dsAlgoTests.DataStructureTest" name="verifyCodeExecutionforDataStructureIntroductionPage" time="0.000">
    <skipped/>
  </testcase> <!-- verifyCodeExecutionforDataStructureIntroductionPage -->
  <system-out/>
  <testcase classname="dsAlgoTests.DataStructureTest" name="verifyCodeExecutionforDataStructureIntroductionPage" time="0.000">
    <skipped/>
  </testcase> <!-- verifyCodeExecutionforDataStructureIntroductionPage -->
  <system-out/>
  <testcase classname="dsAlgoTests.DataStructureTest" name="verifyCodeExecutionforDataStructureIntroductionPage" time="0.000">
    <skipped/>
  </testcase> <!-- verifyCodeExecutionforDataStructureIntroductionPage -->
  <system-out/>
  <testcase classname="dsAlgoTests.DataStructureTest" name="verifyCodeExecutionforDataStructureIntroductionPage" time="0.000">
    <skipped/>
  </testcase> <!-- verifyCodeExecutionforDataStructureIntroductionPage -->
  <system-out/>
  <testcase classname="dsAlgoTests.DataStructureTest" name="verifyCodeExecutionforDataStructureIntroductionPage" time="0.000">
    <skipped/>
  </testcase> <!-- verifyCodeExecutionforDataStructureIntroductionPage -->
  <system-out/>
  <testcase classname="dsAlgoTests.DataStructureTest" name="verifyCodeExecutionforDataStructureIntroductionPage" time="0.000">
    <skipped/>
  </testcase> <!-- verifyCodeExecutionforDataStructureIntroductionPage -->
  <system-out/>
  <testcase classname="dsAlgoTests.DataStructureTest" name="verifyCodeExecutionforDataStructureIntroductionPage" time="0.000">
    <skipped/>
  </testcase> <!-- verifyCodeExecutionforDataStructureIntroductionPage -->
  <system-out/>
  <testcase classname="dsAlgoTests.DataStructureTest" name="verifyCodeExecutionforDataStructureIntroductionPage" time="0.000">
    <skipped/>
  </testcase> <!-- verifyCodeExecutionforDataStructureIntroductionPage -->
  <system-out/>
  <testcase classname="dsAlgoTests.DataStructureTest" name="verifyCodeExecutionforDataStructureIntroductionPage" time="0.000">
    <skipped/>
  </testcase> <!-- verifyCodeExecutionforDataStructureIntroductionPage -->
  <system-out/>
  <testcase classname="dsAlgoTests.DataStructureTest" name="verifyCodeExecutionforDataStructureIntroductionPage" time="0.000">
    <skipped/>
  </testcase> <!-- verifyCodeExecutionforDataStructureIntroductionPage -->
  <system-out/>
  <testcase classname="dsAlgoTests.DataStructureTest" name="verifyCodeExecutionforDataStructureIntroductionPage" time="0.000">
    <skipped/>
  </testcase> <!-- verifyCodeExecutionforDataStructureIntroductionPage -->
  <system-out/>
  <testcase classname="dsAlgoTests.DataStructureTest" name="verifyCodeExecutionforDataStructureIntroductionPage" time="0.000">
    <skipped/>
  </testcase> <!-- verifyCodeExecutionforDataStructureIntroductionPage -->
  <system-out/>
  <testcase classname="dsAlgoTests.DataStructureTest" name="verifyCodeExecutionforDataStructureIntroductionPage" time="0.000">
    <skipped/>
  </testcase> <!-- verifyCodeExecutionforDataStructureIntroductionPage -->
  <system-out/>
  <testcase classname="dsAlgoTests.DataStructureTest" name="verifyCodeExecutionforDataStructureIntroductionPage" time="0.000">
    <skipped/>
  </testcase> <!-- verifyCodeExecutionforDataStructureIntroductionPage -->
  <system-out/>
  <testcase classname="dsAlgoTests.DataStructureTest" name="verifyCodeExecutionforDataStructureIntroductionPage" time="0.000">
    <skipped/>
  </testcase> <!-- verifyCodeExecutionforDataStructureIntroductionPage -->
  <system-out/>
  <testcase classname="dsAlgoTests.DataStructureTest" name="verifyCodeExecutionforDataStructureIntroductionPage" time="0.000">
    <skipped/>
  </testcase> <!-- verifyCodeExecutionforDataStructureIntroductionPage -->
  <system-out/>
  <testcase classname="dsAlgoTests.DataStructureTest" name="verifyCodeExecutionforDataStructureIntroductionPage" time="0.000">
    <skipped/>
  </testcase> <!-- verifyCodeExecutionforDataStructureIntroductionPage -->
  <system-out/>
  <testcase classname="dsAlgoTests.DataStructureTest" name="verifyCodeExecutionforDataStructureIntroductionPage" time="0.000">
    <skipped/>
  </testcase> <!-- verifyCodeExecutionforDataStructureIntroductionPage -->
  <system-out/>
  <testcase classname="dsAlgoTests.DataStructureTest" name="verifyCodeExecutionforDataStructureIntroductionPage" time="0.000">
    <skipped/>
  </testcase> <!-- verifyCodeExecutionforDataStructureIntroductionPage -->
  <system-out/>
  <testcase classname="dsAlgoTests.DataStructureTest" name="verifyCodeExecutionforDataStructureIntroductionPage" time="0.000">
    <skipped/>
  </testcase> <!-- verifyCodeExecutionforDataStructureIntroductionPage -->
  <system-out/>
  <testcase classname="dsAlgoTests.DataStructureTest" name="verifyCodeExecutionforDataStructureIntroductionPage" time="0.000">
    <skipped/>
  </testcase> <!-- verifyCodeExecutionforDataStructureIntroductionPage -->
  <system-out/>
  <testcase classname="dsAlgoTests.DataStructureTest" name="verifyCodeExecutionforDataStructureIntroductionPage" time="0.000">
    <skipped/>
  </testcase> <!-- verifyCodeExecutionforDataStructureIntroductionPage -->
  <system-out/>
  <testcase classname="dsAlgoTests.DataStructureTest" name="verifyCodeExecutionforDataStructureIntroductionPage" time="0.000">
    <skipped/>
  </testcase> <!-- verifyCodeExecutionforDataStructureIntroductionPage -->
  <system-out/>
  <testcase classname="dsAlgoTests.DataStructureTest" name="verifyCodeExecutionforDataStructureIntroductionPage" time="0.000">
    <skipped/>
  </testcase> <!-- verifyCodeExecutionforDataStructureIntroductionPage -->
  <system-out/>
  <testcase classname="dsAlgoTests.DataStructureTest" name="verifyCodeExecutionforDataStructureIntroductionPage" time="0.000">
    <skipped/>
  </testcase> <!-- verifyCodeExecutionforDataStructureIntroductionPage -->
  <system-out/>
  <testcase classname="dsAlgoTests.DataStructureTest" name="verifyCodeExecutionforDataStructureIntroductionPage" time="0.000">
    <skipped/>
  </testcase> <!-- verifyCodeExecutionforDataStructureIntroductionPage -->
  <system-out/>
  <testcase classname="dsAlgoTests.DataStructureTest" name="verifyCodeExecutionforDataStructureIntroductionPage" time="0.000">
    <skipped/>
  </testcase> <!-- verifyCodeExecutionforDataStructureIntroductionPage -->
  <system-out/>
  <testcase classname="dsAlgoTests.DataStructureTest" name="verifyCodeExecutionforDataStructureIntroductionPage" time="0.000">
    <skipped/>
  </testcase> <!-- verifyCodeExecutionforDataStructureIntroductionPage -->
  <system-out/>
  <testcase classname="dsAlgoTests.DataStructureTest" name="verifyCodeExecutionforDataStructureIntroductionPage" time="0.000">
    <skipped/>
  </testcase> <!-- verifyCodeExecutionforDataStructureIntroductionPage -->
  <system-out/>
  <testcase classname="dsAlgoTests.DataStructureTest" name="verifyCodeExecutionforDataStructureIntroductionPage" time="0.000">
    <skipped/>
  </testcase> <!-- verifyCodeExecutionforDataStructureIntroductionPage -->
  <system-out/>
  <testcase classname="dsAlgoTests.DataStructureTest" name="verifyCodeExecutionforDataStructureIntroductionPage" time="0.000">
    <skipped/>
  </testcase> <!-- verifyCodeExecutionforDataStructureIntroductionPage -->
  <system-out/>
  <testcase classname="dsAlgoTests.DataStructureTest" name="verifyCodeExecutionforDataStructureIntroductionPage" time="0.000">
    <skipped/>
  </testcase> <!-- verifyCodeExecutionforDataStructureIntroductionPage -->
  <system-out/>
  <testcase classname="dsAlgoTests.DataStructureTest" name="verifyCodeExecutionforDataStructureIntroductionPage" time="0.000">
    <skipped/>
  </testcase> <!-- verifyCodeExecutionforDataStructureIntroductionPage -->
  <system-out/>
  <testcase classname="dsAlgoTests.DataStructureTest" name="verifyCodeExecutionforDataStructureIntroductionPage" time="0.000">
    <skipped/>
  </testcase> <!-- verifyCodeExecutionforDataStructureIntroductionPage -->
  <system-out/>
  <testcase classname="dsAlgoTests.DataStructureTest" name="verifyCodeExecutionforDataStructureIntroductionPage" time="0.000">
    <skipped/>
  </testcase> <!-- verifyCodeExecutionforDataStructureIntroductionPage -->
  <system-out/>
  <testcase classname="dsAlgoTests.DataStructureTest" name="verifyCodeExecutionforDataStructureIntroductionPage" time="0.000">
    <skipped/>
  </testcase> <!-- verifyCodeExecutionforDataStructureIntroductionPage -->
  <system-out/>
  <testcase classname="dsAlgoTests.DataStructureTest" name="verifyCodeExecutionforDataStructureIntroductionPage" time="0.000">
    <skipped/>
  </testcase> <!-- verifyCodeExecutionforDataStructureIntroductionPage -->
  <system-out/>
  <testcase classname="dsAlgoTests.DataStructureTest" name="verifyCodeExecutionforDataStructureIntroductionPage" time="0.000">
    <skipped/>
  </testcase> <!-- verifyCodeExecutionforDataStructureIntroductionPage -->
  <system-out/>
  <testcase classname="dsAlgoTests.DataStructureTest" name="verifyCodeExecutionforDataStructureIntroductionPage" time="0.000">
    <skipped/>
  </testcase> <!-- verifyCodeExecutionforDataStructureIntroductionPage -->
  <system-out/>
  <testcase classname="dsAlgoTests.DataStructureTest" name="verifyCodeExecutionforDataStructureIntroductionPage" time="0.000">
    <skipped/>
  </testcase> <!-- verifyCodeExecutionforDataStructureIntroductionPage -->
  <system-out/>
  <testcase classname="dsAlgoTests.DataStructureTest" name="verifyCodeExecutionforDataStructureIntroductionPage" time="0.000">
    <skipped/>
  </testcase> <!-- verifyCodeExecutionforDataStructureIntroductionPage -->
  <system-out/>
  <testcase classname="dsAlgoTests.DataStructureTest" name="verifyCodeExecutionforDataStructureIntroductionPage" time="0.000">
    <skipped/>
  </testcase> <!-- verifyCodeExecutionforDataStructureIntroductionPage -->
  <system-out/>
  <testcase classname="dsAlgoTests.DataStructureTest" name="verifyCodeExecutionforDataStructureIntroductionPage" time="0.000">
    <skipped/>
  </testcase> <!-- verifyCodeExecutionforDataStructureIntroductionPage -->
  <system-out/>
  <testcase classname="dsAlgoTests.DataStructureTest" name="verifyCodeExecutionforDataStructureIntroductionPage" time="0.000">
    <skipped/>
  </testcase> <!-- verifyCodeExecutionforDataStructureIntroductionPage -->
  <system-out/>
  <testcase classname="dsAlgoTests.DataStructureTest" name="verifyCodeExecutionforDataStructureIntroductionPage" time="0.000">
    <skipped/>
  </testcase> <!-- verifyCodeExecutionforDataStructureIntroductionPage -->
  <system-out/>
  <testcase classname="dsAlgoTests.DataStructureTest" name="verifyCodeExecutionforDataStructureIntroductionPage" time="0.000">
    <skipped/>
  </testcase> <!-- verifyCodeExecutionforDataStructureIntroductionPage -->
  <system-out/>
  <testcase classname="dsAlgoTests.DataStructureTest" name="verifyCodeExecutionforDataStructureIntroductionPage" time="0.000">
    <skipped/>
  </testcase> <!-- verifyCodeExecutionforDataStructureIntroductionPage -->
  <system-out/>
  <testcase classname="dsAlgoTests.DataStructureTest" name="verifyCodeExecutionforDataStructureIntroductionPage" time="0.000">
    <skipped/>
  </testcase> <!-- verifyCodeExecutionforDataStructureIntroductionPage -->
  <system-out/>
  <testcase classname="dsAlgoTests.DataStructureTest" name="verifyCodeExecutionforDataStructureIntroductionPage" time="0.000">
    <skipped/>
  </testcase> <!-- verifyCodeExecutionforDataStructureIntroductionPage -->
  <system-out/>
  <testcase classname="dsAlgoTests.DataStructureTest" name="verifyCodeExecutionforDataStructureIntroductionPage" time="0.000">
    <skipped/>
  </testcase> <!-- verifyCodeExecutionforDataStructureIntroductionPage -->
  <system-out/>
  <testcase classname="dsAlgoTests.DataStructureTest" name="verifyCodeExecutionforDataStructureIntroductionPage" time="0.000">
    <skipped/>
  </testcase> <!-- verifyCodeExecutionforDataStructureIntroductionPage -->
  <system-out/>
  <testcase classname="dsAlgoTests.DataStructureTest" name="verifyCodeExecutionforDataStructureIntroductionPage" time="0.000">
    <skipped/>
  </testcase> <!-- verifyCodeExecutionforDataStructureIntroductionPage -->
  <system-out/>
  <testcase classname="dsAlgoTests.DataStructureTest" name="verifyCodeExecutionforDataStructureIntroductionPage" time="0.000">
    <skipped/>
  </testcase> <!-- verifyCodeExecutionforDataStructureIntroductionPage -->
  <system-out/>
  <testcase classname="dsAlgoTests.DataStructureTest" name="verifyCodeExecutionforDataStructureIntroductionPage" time="0.000">
    <skipped/>
  </testcase> <!-- verifyCodeExecutionforDataStructureIntroductionPage -->
  <system-out/>
  <testcase classname="dsAlgoTests.DataStructureTest" name="verifyCodeExecutionforDataStructureIntroductionPage" time="0.000">
    <skipped/>
  </testcase> <!-- verifyCodeExecutionforDataStructureIntroductionPage -->
  <system-out/>
  <testcase classname="dsAlgoTests.DataStructureTest" name="verifyCodeExecutionforDataStructureIntroductionPage" time="0.000">
    <skipped/>
  </testcase> <!-- verifyCodeExecutionforDataStructureIntroductionPage -->
  <system-out/>
  <testcase classname="dsAlgoTests.DataStructureTest" name="verifyCodeExecutionforDataStructureIntroductionPage" time="0.000">
    <skipped/>
  </testcase> <!-- verifyCodeExecutionforDataStructureIntroductionPage -->
  <system-out/>
  <testcase classname="dsAlgoTests.DataStructureTest" name="verifyCodeExecutionforDataStructureIntroductionPage" time="0.000">
    <skipped/>
  </testcase> <!-- verifyCodeExecutionforDataStructureIntroductionPage -->
  <system-out/>
  <testcase classname="dsAlgoTests.DataStructureTest" name="verifyCodeExecutionforDataStructureIntroductionPage" time="0.000">
    <skipped/>
  </testcase> <!-- verifyCodeExecutionforDataStructureIntroductionPage -->
  <system-out/>
  <testcase classname="dsAlgoTests.DataStructureTest" name="verifyCodeExecutionforDataStructureIntroductionPage" time="0.000">
    <skipped/>
  </testcase> <!-- verifyCodeExecutionforDataStructureIntroductionPage -->
  <system-out/>
  <testcase classname="dsAlgoTests.DataStructureTest" name="verifyCodeExecutionforDataStructureIntroductionPage" time="0.000">
    <skipped/>
  </testcase> <!-- verifyCodeExecutionforDataStructureIntroductionPage -->
  <system-out/>
  <testcase classname="dsAlgoTests.DataStructureTest" name="verifyCodeExecutionforDataStructureIntroductionPage" time="0.000">
    <skipped/>
  </testcase> <!-- verifyCodeExecutionforDataStructureIntroductionPage -->
  <system-out/>
  <testcase classname="dsAlgoTests.DataStructureTest" name="verifyCodeExecutionforDataStructureIntroductionPage" time="0.000">
    <skipped/>
  </testcase> <!-- verifyCodeExecutionforDataStructureIntroductionPage -->
  <system-out/>
  <testcase classname="dsAlgoTests.DataStructureTest" name="verifyCodeExecutionforDataStructureIntroductionPage" time="0.000">
    <skipped/>
  </testcase> <!-- verifyCodeExecutionforDataStructureIntroductionPage -->
  <system-out/>
  <testcase classname="dsAlgoTests.DataStructureTest" name="verifyCodeExecutionforDataStructureIntroductionPage" time="0.000">
    <skipped/>
  </testcase> <!-- verifyCodeExecutionforDataStructureIntroductionPage -->
  <system-out/>
  <testcase classname="dsAlgoTests.DataStructureTest" name="verifyCodeExecutionforDataStructureIntroductionPage" time="0.000">
    <skipped/>
  </testcase> <!-- verifyCodeExecutionforDataStructureIntroductionPage -->
  <system-out/>
  <testcase classname="dsAlgoTests.DataStructureTest" name="verifyCodeExecutionforDataStructureIntroductionPage" time="0.000">
    <skipped/>
  </testcase> <!-- verifyCodeExecutionforDataStructureIntroductionPage -->
  <system-out/>
  <testcase classname="dsAlgoTests.DataStructureTest" name="verifyCodeExecutionforDataStructureIntroductionPage" time="0.000">
    <skipped/>
  </testcase> <!-- verifyCodeExecutionforDataStructureIntroductionPage -->
  <system-out/>
  <testcase classname="dsAlgoTests.DataStructureTest" name="verifyCodeExecutionforDataStructureIntroductionPage" time="0.000">
    <skipped/>
  </testcase> <!-- verifyCodeExecutionforDataStructureIntroductionPage -->
  <system-out/>
  <testcase classname="dsAlgoTests.DataStructureTest" name="verifyCodeExecutionforDataStructureIntroductionPage" time="0.000">
    <skipped/>
  </testcase> <!-- verifyCodeExecutionforDataStructureIntroductionPage -->
  <system-out/>
  <testcase classname="dsAlgoTests.DataStructureTest" name="verifyCodeExecutionforDataStructureIntroductionPage" time="0.000">
    <skipped/>
  </testcase> <!-- verifyCodeExecutionforDataStructureIntroductionPage -->
  <system-out/>
  <testcase classname="dsAlgoTests.DataStructureTest" name="verifyCodeExecutionforDataStructureIntroductionPage" time="0.000">
    <skipped/>
  </testcase> <!-- verifyCodeExecutionforDataStructureIntroductionPage -->
  <system-out/>
  <testcase classname="dsAlgoTests.DataStructureTest" name="verifyCodeExecutionforDataStructureIntroductionPage" time="0.000">
    <skipped/>
  </testcase> <!-- verifyCodeExecutionforDataStructureIntroductionPage -->
  <system-out/>
  <testcase classname="dsAlgoTests.DataStructureTest" name="verifyCodeExecutionforDataStructureIntroductionPage" time="0.000">
    <skipped/>
  </testcase> <!-- verifyCodeExecutionforDataStructureIntroductionPage -->
  <system-out/>
  <testcase classname="dsAlgoTests.DataStructureTest" name="verifyCodeExecutionforDataStructureIntroductionPage" time="0.000">
    <skipped/>
  </testcase> <!-- verifyCodeExecutionforDataStructureIntroductionPage -->
  <system-out/>
  <testcase classname="dsAlgoTests.DataStructureTest" name="verifyCodeExecutionforDataStructureIntroductionPage" time="0.000">
    <skipped/>
  </testcase> <!-- verifyCodeExecutionforDataStructureIntroductionPage -->
  <system-out/>
  <testcase classname="dsAlgoTests.DataStructureTest" name="verifyCodeExecutionforDataStructureIntroductionPage" time="0.000">
    <skipped/>
  </testcase> <!-- verifyCodeExecutionforDataStructureIntroductionPage -->
  <system-out/>
  <testcase classname="dsAlgoTests.DataStructureTest" name="verifyCodeExecutionforDataStructureIntroductionPage" time="0.000">
    <skipped/>
  </testcase> <!-- verifyCodeExecutionforDataStructureIntroductionPage -->
  <system-out/>
  <testcase classname="dsAlgoTests.DataStructureTest" name="verifyCodeExecutionforDataStructureIntroductionPage" time="0.000">
    <skipped/>
  </testcase> <!-- verifyCodeExecutionforDataStructureIntroductionPage -->
  <system-out/>
  <testcase classname="dsAlgoTests.DataStructureTest" name="verifyCodeExecutionforDataStructureIntroductionPage" time="0.000">
    <skipped/>
  </testcase> <!-- verifyCodeExecutionforDataStructureIntroductionPage -->
  <system-out/>
  <testcase classname="dsAlgoTests.DataStructureTest" name="verifyCodeExecutionforDataStructureIntroductionPage" time="0.000">
    <skipped/>
  </testcase> <!-- verifyCodeExecutionforDataStructureIntroductionPage -->
  <system-out/>
  <testcase classname="dsAlgoTests.DataStructureTest" name="verifyCodeExecutionforDataStructureIntroductionPage" time="0.000">
    <skipped/>
  </testcase> <!-- verifyCodeExecutionforDataStructureIntroductionPage -->
  <system-out/>
  <testcase classname="dsAlgoTests.DataStructureTest" name="verifyCodeExecutionforDataStructureIntroductionPage" time="0.000">
    <skipped/>
  </testcase> <!-- verifyCodeExecutionforDataStructureIntroductionPage -->
  <system-out/>
  <testcase classname="dsAlgoTests.DataStructureTest" name="verifyCodeExecutionforDataStructureIntroductionPage" time="0.000">
    <skipped/>
  </testcase> <!-- verifyCodeExecutionforDataStructureIntroductionPage -->
  <system-out/>
  <testcase classname="dsAlgoTests.DataStructureTest" name="verifyCodeExecutionforDataStructureIntroductionPage" time="0.000">
    <skipped/>
  </testcase> <!-- verifyCodeExecutionforDataStructureIntroductionPage -->
  <system-out/>
  <testcase classname="dsAlgoTests.DataStructureTest" name="verifyCodeExecutionforDataStructureIntroductionPage" time="0.000">
    <skipped/>
  </testcase> <!-- verifyCodeExecutionforDataStructureIntroductionPage -->
  <system-out/>
  <testcase classname="dsAlgoTests.DataStructureTest" name="verifyCodeExecutionforDataStructureIntroductionPage" time="0.000">
    <skipped/>
  </testcase> <!-- verifyCodeExecutionforDataStructureIntroductionPage -->
  <system-out/>
  <testcase classname="dsAlgoTests.DataStructureTest" name="verifyCodeExecutionforDataStructureIntroductionPage" time="0.000">
    <skipped/>
  </testcase> <!-- verifyCodeExecutionforDataStructureIntroductionPage -->
  <system-out/>
  <testcase classname="dsAlgoTests.DataStructureTest" name="navigatetoTimeComplexitytryeditor" time="0.000">
    <skipped/>
  </testcase> <!-- navigatetoTimeComplexitytryeditor -->
  <system-out/>
  <testcase classname="dsAlgoTests.DataStructureTest" name="verifyCodeExecutionforDataStructureIntroductionPage" time="0.000">
    <skipped/>
  </testcase> <!-- verifyCodeExecutionforDataStructureIntroductionPage -->
  <system-out/>
  <testcase classname="dsAlgoTests.DataStructureTest" name="verifyCodeExecutionforDataStructureIntroductionPage" time="0.000">
    <skipped/>
  </testcase> <!-- verifyCodeExecutionforDataStructureIntroductionPage -->
  <system-out/>
  <testcase classname="dsAlgoTests.DataStructureTest" name="verifyCodeExecutionforDataStructureIntroductionPage" time="0.000">
    <skipped/>
  </testcase> <!-- verifyCodeExecutionforDataStructureIntroductionPage -->
  <system-out/>
  <testcase classname="dsAlgoTests.DataStructureTest" name="verifyCodeExecutionforDataStructureIntroductionPage" time="0.000">
    <skipped/>
  </testcase> <!-- verifyCodeExecutionforDataStructureIntroductionPage -->
  <system-out/>
  <testcase classname="dsAlgoTests.DataStructureTest" name="verifyCodeExecutionforDataStructureIntroductionPage" time="0.000">
    <skipped/>
  </testcase> <!-- verifyCodeExecutionforDataStructureIntroductionPage -->
  <system-out/>
  <testcase classname="dsAlgoTests.DataStructureTest" name="verifyCodeExecutionforDataStructureIntroductionPage" time="0.000">
    <skipped/>
  </testcase> <!-- verifyCodeExecutionforDataStructureIntroductionPage -->
  <system-out/>
  <testcase classname="dsAlgoTests.DataStructureTest" name="verifyCodeExecutionforDataStructureIntroductionPage" time="0.000">
    <skipped/>
  </testcase> <!-- verifyCodeExecutionforDataStructureIntroductionPage -->
  <system-out/>
  <testcase classname="dsAlgoTests.DataStructureTest" name="verifyCodeExecutionforDataStructureIntroductionPage" time="0.000">
    <skipped/>
  </testcase> <!-- verifyCodeExecutionforDataStructureIntroductionPage -->
  <system-out/>
  <testcase classname="dsAlgoTests.DataStructureTest" name="verifyCodeExecutionforDataStructureIntroductionPage" time="0.000">
    <skipped/>
  </testcase> <!-- verifyCodeExecutionforDataStructureIntroductionPage -->
  <system-out/>
  <testcase classname="dsAlgoTests.DataStructureTest" name="verifyCodeExecutionforDataStructureIntroductionPage" time="0.000">
    <skipped/>
  </testcase> <!-- verifyCodeExecutionforDataStructureIntroductionPage -->
  <system-out/>
  <testcase classname="dsAlgoTests.DataStructureTest" name="verifyCodeExecutionforDataStructureIntroductionPage" time="0.000">
    <skipped/>
  </testcase> <!-- verifyCodeExecutionforDataStructureIntroductionPage -->
  <system-out/>
  <testcase classname="dsAlgoTests.DataStructureTest" name="verifyCodeExecutionforDataStructureIntroductionPage" time="0.000">
    <skipped/>
  </testcase> <!-- verifyCodeExecutionforDataStructureIntroductionPage -->
  <system-out/>
  <testcase classname="dsAlgoTests.DataStructureTest" name="verifyCodeExecutionforDataStructureIntroductionPage" time="0.000">
    <skipped/>
  </testcase> <!-- verifyCodeExecutionforDataStructureIntroductionPage -->
  <system-out/>
  <testcase classname="dsAlgoTests.DataStructureTest" name="verifyCodeExecutionforDataStructureIntroductionPage" time="0.000">
    <skipped/>
  </testcase> <!-- verifyCodeExecutionforDataStructureIntroductionPage -->
  <system-out/>
  <testcase classname="dsAlgoTests.DataStructureTest" name="verifyCodeExecutionforDataStructureIntroductionPage" time="0.000">
    <skipped/>
  </testcase> <!-- verifyCodeExecutionforDataStructureIntroductionPage -->
  <system-out/>
  <testcase classname="dsAlgoTests.DataStructureTest" name="verifyCodeExecutionforDataStructureIntroductionPage" time="0.000">
    <skipped/>
  </testcase> <!-- verifyCodeExecutionforDataStructureIntroductionPage -->
  <system-out/>
  <testcase classname="dsAlgoTests.DataStructureTest" name="verifyCodeExecutionforDataStructureIntroductionPage" time="0.000">
    <skipped/>
  </testcase> <!-- verifyCodeExecutionforDataStructureIntroductionPage -->
  <system-out/>
  <testcase classname="dsAlgoTests.DataStructureTest" name="verifyCodeExecutionforDataStructureIntroductionPage" time="0.000">
    <skipped/>
  </testcase> <!-- verifyCodeExecutionforDataStructureIntroductionPage -->
  <system-out/>
  <testcase classname="dsAlgoTests.DataStructureTest" name="verifyCodeExecutionforDataStructureIntroductionPage" time="0.000">
    <skipped/>
  </testcase> <!-- verifyCodeExecutionforDataStructureIntroductionPage -->
  <system-out/>
  <testcase classname="dsAlgoTests.DataStructureTest" name="navigateToDataStructureIntroductionPagePracticeQuestions" time="0.000">
    <skipped/>
  </testcase> <!-- navigateToDataStructureIntroductionPagePracticeQuestions -->
  <system-out/>
  <testcase classname="dsAlgoTests.DataStructureTest" name="verifyCodeExecutionforDataStructureIntroductionPage" time="0.000">
    <skipped/>
  </testcase> <!-- verifyCodeExecutionforDataStructureIntroductionPage -->
  <system-out/>
  <testcase classname="dsAlgoTests.DataStructureTest" name="verifyCodeExecutionforDataStructureIntroductionPage" time="0.000">
    <skipped/>
  </testcase> <!-- verifyCodeExecutionforDataStructureIntroductionPage -->
  <system-out/>
  <testcase classname="dsAlgoTests.DataStructureTest" name="verifyCodeExecutionforDataStructureIntroductionPage" time="0.000">
    <skipped/>
  </testcase> <!-- verifyCodeExecutionforDataStructureIntroductionPage -->
  <system-out/>
  <testcase classname="dsAlgoTests.DataStructureTest" name="verifyCodeExecutionforDataStructureIntroductionPage" time="0.000">
    <skipped/>
  </testcase> <!-- verifyCodeExecutionforDataStructureIntroductionPage -->
  <system-out/>
  <testcase classname="dsAlgoTests.DataStructureTest" name="verifyCodeExecutionforDataStructureIntroductionPage" time="0.000">
    <skipped/>
  </testcase> <!-- verifyCodeExecutionforDataStructureIntroductionPage -->
  <system-out/>
  <testcase classname="dsAlgoTests.DataStructureTest" name="verifyCodeExecutionforDataStructureIntroductionPage" time="0.000">
    <skipped/>
  </testcase> <!-- verifyCodeExecutionforDataStructureIntroductionPage -->
  <system-out/>
  <testcase classname="dsAlgoTests.DataStructureTest" name="verifyCodeExecutionforDataStructureIntroductionPage" time="0.000">
    <skipped/>
  </testcase> <!-- verifyCodeExecutionforDataStructureIntroductionPage -->
  <system-out/>
  <testcase classname="dsAlgoTests.DataStructureTest" name="verifyCodeExecutionforDataStructureIntroductionPage" time="0.000">
    <skipped/>
  </testcase> <!-- verifyCodeExecutionforDataStructureIntroductionPage -->
  <system-out/>
  <testcase classname="dsAlgoTests.DataStructureTest" name="verifyCodeExecutionforDataStructureIntroductionPage" time="0.000">
    <skipped/>
  </testcase> <!-- verifyCodeExecutionforDataStructureIntroductionPage -->
  <system-out/>
  <testcase classname="dsAlgoTests.DataStructureTest" name="verifyCodeExecutionforDataStructureIntroductionPage" time="0.000">
    <skipped/>
  </testcase> <!-- verifyCodeExecutionforDataStructureIntroductionPage -->
  <system-out/>
  <testcase classname="dsAlgoTests.DataStructureTest" name="verifyCodeExecutionforDataStructureIntroductionPage" time="0.000">
    <skipped/>
  </testcase> <!-- verifyCodeExecutionforDataStructureIntroductionPage -->
  <system-out/>
  <testcase classname="dsAlgoTests.DataStructureTest" name="verifyCodeExecutionforDataStructureIntroductionPage" time="0.000">
    <skipped/>
  </testcase> <!-- verifyCodeExecutionforDataStructureIntroductionPage -->
  <system-out/>
  <testcase classname="dsAlgoTests.DataStructureTest" name="verifyCodeExecutionforDataStructureIntroductionPage" time="0.000">
    <skipped/>
  </testcase> <!-- verifyCodeExecutionforDataStructureIntroductionPage -->
  <system-out/>
  <testcase classname="dsAlgoTests.DataStructureTest" name="verifyCodeExecutionforDataStructureIntroductionPage" time="0.000">
    <skipped/>
  </testcase> <!-- verifyCodeExecutionforDataStructureIntroductionPage -->
  <system-out/>
  <testcase classname="dsAlgoTests.DataStructureTest" name="verifyCodeExecutionforDataStructureIntroductionPage" time="0.000">
    <skipped/>
  </testcase> <!-- verifyCodeExecutionforDataStructureIntroductionPage -->
  <system-out/>
  <testcase classname="dsAlgoTests.DataStructureTest" name="verifyCodeExecutionforDataStructureIntroductionPage" time="0.000">
    <skipped/>
  </testcase> <!-- verifyCodeExecutionforDataStructureIntroductionPage -->
  <system-out/>
  <testcase classname="dsAlgoTests.DataStructureTest" name="verifyCodeExecutionforDataStructureIntroductionPage" time="0.000">
    <skipped/>
  </testcase> <!-- verifyCodeExecutionforDataStructureIntroductionPage -->
  <system-out/>
  <testcase classname="dsAlgoTests.DataStructureTest" name="verifyCodeExecutionforDataStructureIntroductionPage" time="0.000">
    <skipped/>
  </testcase> <!-- verifyCodeExecutionforDataStructureIntroductionPage -->
  <system-out/>
  <testcase classname="dsAlgoTests.DataStructureTest" name="verifyCodeExecutionforDataStructureIntroductionPage" time="0.000">
    <skipped/>
  </testcase> <!-- verifyCodeExecutionforDataStructureIntroductionPage -->
  <system-out/>
  <testcase classname="dsAlgoTests.DataStructureTest" name="verifyCodeExecutionforDataStructureIntroductionPage" time="0.000">
    <skipped/>
  </testcase> <!-- verifyCodeExecutionforDataStructureIntroductionPage -->
  <system-out/>
  <testcase classname="dsAlgoTests.DataStructureTest" name="verifyCodeExecutionforDataStructureIntroductionPage" time="0.000">
    <skipped/>
  </testcase> <!-- verifyCodeExecutionforDataStructureIntroductionPage -->
  <system-out/>
  <testcase classname="dsAlgoTests.DataStructureTest" name="verifyCodeExecutionforDataStructureIntroductionPage" time="0.000">
    <skipped/>
  </testcase> <!-- verifyCodeExecutionforDataStructureIntroductionPage -->
  <system-out/>
  <testcase classname="dsAlgoTests.DataStructureTest" name="verifyCodeExecutionforDataStructureIntroductionPage" time="0.000">
    <skipped/>
  </testcase> <!-- verifyCodeExecutionforDataStructureIntroductionPage -->
  <system-out/>
  <testcase classname="dsAlgoTests.DataStructureTest" name="verifyCodeExecutionforDataStructureIntroductionPage" time="0.000">
    <skipped/>
  </testcase> <!-- verifyCodeExecutionforDataStructureIntroductionPage -->
  <system-out/>
  <testcase classname="dsAlgoTests.DataStructureTest" name="verifyCodeExecutionforDataStructureIntroductionPage" time="0.000">
    <skipped/>
  </testcase> <!-- verifyCodeExecutionforDataStructureIntroductionPage -->
  <system-out/>
  <testcase classname="dsAlgoTests.DataStructureTest" name="verifyCodeExecutionforDataStructureIntroductionPage" time="0.000">
    <skipped/>
  </testcase> <!-- verifyCodeExecutionforDataStructureIntroductionPage -->
  <system-out/>
  <testcase classname="dsAlgoTests.DataStructureTest" name="verifyCodeExecutionforDataStructureIntroductionPage" time="0.000">
    <skipped/>
  </testcase> <!-- verifyCodeExecutionforDataStructureIntroductionPage -->
  <system-out/>
  <testcase classname="dsAlgoTests.DataStructureTest" name="verifyCodeExecutionforDataStructureIntroductionPage" time="0.000">
    <skipped/>
  </testcase> <!-- verifyCodeExecutionforDataStructureIntroductionPage -->
  <system-out/>
  <testcase classname="dsAlgoTests.DataStructureTest" name="verifyCodeExecutionforDataStructureIntroductionPage" time="0.000">
    <skipped/>
  </testcase> <!-- verifyCodeExecutionforDataStructureIntroductionPage -->
  <system-out/>
  <testcase classname="dsAlgoTests.DataStructureTest" name="verifyCodeExecutionforDataStructureIntroductionPage" time="0.000">
    <skipped/>
  </testcase> <!-- verifyCodeExecutionforDataStructureIntroductionPage -->
  <system-out/>
  <testcase classname="dsAlgoTests.DataStructureTest" name="verifyCodeExecutionforDataStructureIntroductionPage" time="0.000">
    <skipped/>
  </testcase> <!-- verifyCodeExecutionforDataStructureIntroductionPage -->
  <system-out/>
  <testcase classname="dsAlgoTests.DataStructureTest" name="verifyCodeExecutionforDataStructureIntroductionPage" time="0.000">
    <skipped/>
  </testcase> <!-- verifyCodeExecutionforDataStructureIntroductionPage -->
  <system-out/>
  <testcase classname="dsAlgoTests.DataStructureTest" name="verifyCodeExecutionforDataStructureIntroductionPage" time="0.000">
    <skipped/>
  </testcase> <!-- verifyCodeExecutionforDataStructureIntroductionPage -->
  <system-out/>
  <testcase classname="dsAlgoTests.DataStructureTest" name="verifyCodeExecutionforDataStructureIntroductionPage" time="0.000">
    <skipped/>
  </testcase> <!-- verifyCodeExecutionforDataStructureIntroductionPage -->
  <system-out/>
  <testcase classname="dsAlgoTests.DataStructureTest" name="verifyCodeExecutionforDataStructureIntroductionPage" time="0.000">
    <skipped/>
  </testcase> <!-- verifyCodeExecutionforDataStructureIntroductionPage -->
  <system-out/>
  <testcase classname="dsAlgoTests.DataStructureTest" name="verifyCodeExecutionforDataStructureIntroductionPage" time="0.000">
    <skipped/>
  </testcase> <!-- verifyCodeExecutionforDataStructureIntroductionPage -->
  <system-out/>
  <testcase classname="dsAlgoTests.DataStructureTest" name="verifyCodeExecutionforDataStructureIntroductionPage" time="0.000">
    <skipped/>
  </testcase> <!-- verifyCodeExecutionforDataStructureIntroductionPage -->
  <system-out/>
  <testcase classname="dsAlgoTests.DataStructureTest" name="verifyCodeExecutionforDataStructureIntroductionPage" time="0.000">
    <skipped/>
  </testcase> <!-- verifyCodeExecutionforDataStructureIntroductionPage -->
  <system-out/>
  <testcase classname="dsAlgoTests.DataStructureTest" name="verifyCodeExecutionforDataStructureIntroductionPage" time="0.000">
    <skipped/>
  </testcase> <!-- verifyCodeExecutionforDataStructureIntroductionPage -->
  <system-out/>
  <testcase classname="dsAlgoTests.DataStructureTest" name="verifyCodeExecutionforDataStructureIntroductionPage" time="0.000">
    <skipped/>
  </testcase> <!-- verifyCodeExecutionforDataStructureIntroductionPage -->
  <system-out/>
  <testcase classname="dsAlgoTests.DataStructureTest" name="verifyCodeExecutionforDataStructureIntroductionPage" time="0.000">
    <skipped/>
  </testcase> <!-- verifyCodeExecutionforDataStructureIntroductionPage -->
  <system-out/>
  <testcase classname="dsAlgoTests.DataStructureTest" name="verifyCodeExecutionforDataStructureIntroductionPage" time="0.000">
    <skipped/>
  </testcase> <!-- verifyCodeExecutionforDataStructureIntroductionPage -->
  <system-out/>
  <testcase classname="dsAlgoTests.DataStructureTest" name="verifyCodeExecutionforDataStructureIntroductionPage" time="0.000">
    <skipped/>
  </testcase> <!-- verifyCodeExecutionforDataStructureIntroductionPage -->
  <system-out/>
  <testcase classname="dsAlgoTests.DataStructureTest" name="verifyCodeExecutionforDataStructureIntroductionPage" time="0.000">
    <skipped/>
  </testcase> <!-- verifyCodeExecutionforDataStructureIntroductionPage -->
  <system-out/>
  <testcase classname="dsAlgoTests.DataStructureTest" name="navigatetoTimeComplexityModule" time="0.000">
    <skipped/>
  </testcase> <!-- navigatetoTimeComplexityModule -->
  <system-out/>
  <testcase classname="dsAlgoTests.DataStructureTest" name="verifyCodeExecutionforDataStructureIntroductionPage" time="0.000">
    <skipped/>
  </testcase> <!-- verifyCodeExecutionforDataStructureIntroductionPage -->
  <system-out/>
  <testcase classname="dsAlgoTests.DataStructureTest" name="verifyCodeExecutionforDataStructureIntroductionPage" time="0.000">
    <skipped/>
  </testcase> <!-- verifyCodeExecutionforDataStructureIntroductionPage -->
  <system-out/>
  <testcase classname="dsAlgoTests.DataStructureTest" name="verifyCodeExecutionforDataStructureIntroductionPage" time="0.000">
    <skipped/>
  </testcase> <!-- verifyCodeExecutionforDataStructureIntroductionPage -->
  <system-out/>
  <testcase classname="dsAlgoTests.DataStructureTest" name="verifyCodeExecutionforDataStructureIntroductionPage" time="0.000">
    <skipped/>
  </testcase> <!-- verifyCodeExecutionforDataStructureIntroductionPage -->
  <system-out/>
  <testcase classname="dsAlgoTests.DataStructureTest" name="verifyCodeExecutionforDataStructureIntroductionPage" time="0.000">
    <skipped/>
  </testcase> <!-- verifyCodeExecutionforDataStructureIntroductionPage -->
  <system-out/>
  <testcase classname="dsAlgoTests.DataStructureTest" name="verifyCodeExecutionforDataStructureIntroductionPage" time="0.000">
    <skipped/>
  </testcase> <!-- verifyCodeExecutionforDataStructureIntroductionPage -->
  <system-out/>
  <testcase classname="dsAlgoTests.DataStructureTest" name="verifyCodeExecutionforDataStructureIntroductionPage" time="0.000">
    <skipped/>
  </testcase> <!-- verifyCodeExecutionforDataStructureIntroductionPage -->
  <system-out/>
  <testcase classname="dsAlgoTests.DataStructureTest" name="verifyCodeExecutionforDataStructureIntroductionPage" time="0.000">
    <skipped/>
  </testcase> <!-- verifyCodeExecutionforDataStructureIntroductionPage -->
  <system-out/>
  <testcase classname="dsAlgoTests.DataStructureTest" name="verifyCodeExecutionforDataStructureIntroductionPage" time="0.000">
    <skipped/>
  </testcase> <!-- verifyCodeExecutionforDataStructureIntroductionPage -->
  <system-out/>
  <testcase classname="dsAlgoTests.DataStructureTest" name="verifyCodeExecutionforDataStructureIntroductionPage" time="0.000">
    <skipped/>
  </testcase> <!-- verifyCodeExecutionforDataStructureIntroductionPage -->
  <system-out/>
  <testcase classname="dsAlgoTests.DataStructureTest" name="verifyCodeExecutionforDataStructureIntroductionPage" time="0.000">
    <skipped/>
  </testcase> <!-- verifyCodeExecutionforDataStructureIntroductionPage -->
  <system-out/>
  <testcase classname="dsAlgoTests.DataStructureTest" name="verifyCodeExecutionforDataStructureIntroductionPage" time="0.000">
    <skipped/>
  </testcase> <!-- verifyCodeExecutionforDataStructureIntroductionPage -->
  <system-out/>
  <testcase classname="dsAlgoTests.DataStructureTest" name="verifyCodeExecutionforDataStructureIntroductionPage" time="0.000">
    <skipped/>
  </testcase> <!-- verifyCodeExecutionforDataStructureIntroductionPage -->
  <system-out/>
  <testcase classname="dsAlgoTests.DataStructureTest" name="verifyCodeExecutionforDataStructureIntroductionPage" time="0.000">
    <skipped/>
  </testcase> <!-- verifyCodeExecutionforDataStructureIntroductionPage -->
  <system-out/>
  <testcase classname="dsAlgoTests.DataStructureTest" name="verifyCodeExecutionforDataStructureIntroductionPage" time="0.000">
    <skipped/>
  </testcase> <!-- verifyCodeExecutionforDataStructureIntroductionPage -->
  <system-out/>
  <testcase classname="dsAlgoTests.DataStructureTest" name="verifyCodeExecutionforDataStructureIntroductionPage" time="0.000">
    <skipped/>
  </testcase> <!-- verifyCodeExecutionforDataStructureIntroductionPage -->
  <system-out/>
  <testcase classname="dsAlgoTests.DataStructureTest" name="verifyCodeExecutionforDataStructureIntroductionPage" time="0.000">
    <skipped/>
  </testcase> <!-- verifyCodeExecutionforDataStructureIntroductionPage -->
  <system-out/>
  <testcase classname="dsAlgoTests.DataStructureTest" name="verifyCodeExecutionforDataStructureIntroductionPage" time="0.000">
    <skipped/>
  </testcase> <!-- verifyCodeExecutionforDataStructureIntroductionPage -->
  <system-out/>
  <testcase classname="dsAlgoTests.DataStructureTest" name="verifyCodeExecutionforDataStructureIntroductionPage" time="0.000">
    <skipped/>
  </testcase> <!-- verifyCodeExecutionforDataStructureIntroductionPage -->
  <system-out/>
  <testcase classname="dsAlgoTests.DataStructureTest" name="verifyCodeExecutionforDataStructureIntroductionPage" time="0.000">
    <skipped/>
  </testcase> <!-- verifyCodeExecutionforDataStructureIntroductionPage -->
  <system-out/>
  <testcase classname="dsAlgoTests.DataStructureTest" name="verifyCodeExecutionforDataStructureIntroductionPage" time="0.000">
    <skipped/>
  </testcase> <!-- verifyCodeExecutionforDataStructureIntroductionPage -->
  <system-out/>
  <testcase classname="dsAlgoTests.DataStructureTest" name="verifyCodeExecutionforDataStructureIntroductionPage" time="0.000">
    <skipped/>
  </testcase> <!-- verifyCodeExecutionforDataStructureIntroductionPage -->
  <system-out/>
  <testcase classname="dsAlgoTests.DataStructureTest" name="verifyCodeExecutionforDataStructureIntroductionPage" time="0.000">
    <skipped/>
  </testcase> <!-- verifyCodeExecutionforDataStructureIntroductionPage -->
  <system-out/>
  <testcase classname="dsAlgoTests.DataStructureTest" name="verifyCodeExecutionforDataStructureIntroductionPage" time="0.000">
    <skipped/>
  </testcase> <!-- verifyCodeExecutionforDataStructureIntroductionPage -->
  <system-out/>
  <testcase classname="dsAlgoTests.DataStructureTest" name="verifyCodeExecutionforDataStructureIntroductionPage" time="0.000">
    <skipped/>
  </testcase> <!-- verifyCodeExecutionforDataStructureIntroductionPage -->
  <system-out/>
  <testcase classname="dsAlgoTests.DataStructureTest" name="verifyCodeExecutionforDataStructureIntroductionPage" time="0.000">
    <skipped/>
  </testcase> <!-- verifyCodeExecutionforDataStructureIntroductionPage -->
  <system-out/>
  <testcase classname="dsAlgoTests.DataStructureTest" name="verifyCodeExecutionforDataStructureIntroductionPage" time="0.000">
    <skipped/>
  </testcase> <!-- verifyCodeExecutionforDataStructureIntroductionPage -->
  <system-out/>
  <testcase classname="dsAlgoTests.DataStructureTest" name="verifyCodeExecutionforDataStructureIntroductionPage" time="0.000">
    <skipped/>
  </testcase> <!-- verifyCodeExecutionforDataStructureIntroductionPage -->
  <system-out/>
  <testcase classname="dsAlgoTests.DataStructureTest" name="verifyCodeExecutionforDataStructureIntroductionPage" time="0.000">
    <skipped/>
  </testcase> <!-- verifyCodeExecutionforDataStructureIntroductionPage -->
  <system-out/>
  <testcase classname="dsAlgoTests.DataStructureTest" name="verifyCodeExecutionforDataStructureIntroductionPage" time="0.000">
    <skipped/>
  </testcase> <!-- verifyCodeExecutionforDataStructureIntroductionPage -->
  <system-out/>
  <testcase classname="dsAlgoTests.DataStructureTest" name="verifyCodeExecutionforDataStructureIntroductionPage" time="0.000">
    <skipped/>
  </testcase> <!-- verifyCodeExecutionforDataStructureIntroductionPage -->
  <system-out/>
  <testcase classname="dsAlgoTests.DataStructureTest" name="verifyCodeExecutionforDataStructureIntroductionPage" time="0.000">
    <skipped/>
  </testcase> <!-- verifyCodeExecutionforDataStructureIntroductionPage -->
  <system-out/>
  <testcase classname="dsAlgoTests.DataStructureTest" name="verifyCodeExecutionforDataStructureIntroductionPage" time="0.000">
    <skipped/>
  </testcase> <!-- verifyCodeExecutionforDataStructureIntroductionPage -->
  <system-out/>
  <testcase classname="dsAlgoTests.DataStructureTest" name="verifyCodeExecutionforDataStructureIntroductionPage" time="0.000">
    <skipped/>
  </testcase> <!-- verifyCodeExecutionforDataStructureIntroductionPage -->
  <system-out/>
  <testcase classname="dsAlgoTests.DataStructureTest" name="verifyCodeExecutionforDataStructureIntroductionPage" time="0.000">
    <skipped/>
  </testcase> <!-- verifyCodeExecutionforDataStructureIntroductionPage -->
  <system-out/>
  <testcase classname="dsAlgoTests.DataStructureTest" name="verifyCodeExecutionforDataStructureIntroductionPage" time="0.000">
    <skipped/>
  </testcase> <!-- verifyCodeExecutionforDataStructureIntroductionPage -->
  <system-out/>
  <testcase classname="dsAlgoTests.DataStructureTest" name="verifyCodeExecutionforDataStructureIntroductionPage" time="0.000">
    <skipped/>
  </testcase> <!-- verifyCodeExecutionforDataStructureIntroductionPage -->
  <system-out/>
  <testcase classname="dsAlgoTests.DataStructureTest" name="verifyCodeExecutionforDataStructureIntroductionPage" time="0.000">
    <skipped/>
  </testcase> <!-- verifyCodeExecutionforDataStructureIntroductionPage -->
  <system-out/>
  <testcase classname="dsAlgoTests.DataStructureTest" name="verifyCodeExecutionforDataStructureIntroductionPage" time="0.000">
    <skipped/>
  </testcase> <!-- verifyCodeExecutionforDataStructureIntroductionPage -->
  <system-out/>
  <testcase classname="dsAlgoTests.DataStructureTest" name="verifyCodeExecutionforDataStructureIntroductionPage" time="0.000">
    <skipped/>
  </testcase> <!-- verifyCodeExecutionforDataStructureIntroductionPage -->
  <system-out/>
  <testcase classname="dsAlgoTests.DataStructureTest" name="verifyCodeExecutionforDataStructureIntroductionPage" time="0.000">
    <skipped/>
  </testcase> <!-- verifyCodeExecutionforDataStructureIntroductionPage -->
  <system-out/>
  <testcase classname="dsAlgoTests.DataStructureTest" name="verifyCodeExecutionforDataStructureIntroductionPage" time="0.000">
    <skipped/>
  </testcase> <!-- verifyCodeExecutionforDataStructureIntroductionPage -->
  <system-out/>
  <testcase classname="dsAlgoTests.DataStructureTest" name="verifyCodeExecutionforDataStructureIntroductionPage" time="0.000">
    <skipped/>
  </testcase> <!-- verifyCodeExecutionforDataStructureIntroductionPage -->
  <system-out/>
  <testcase classname="dsAlgoTests.DataStructureTest" name="verifyCodeExecutionforDataStructureIntroductionPage" time="0.000">
    <skipped/>
  </testcase> <!-- verifyCodeExecutionforDataStructureIntroductionPage -->
  <system-out/>
  <testcase classname="dsAlgoTests.DataStructureTest" name="verifyCodeExecutionforDataStructureIntroductionPage" time="0.000">
    <skipped/>
  </testcase> <!-- verifyCodeExecutionforDataStructureIntroductionPage -->
  <system-out/>
  <testcase classname="dsAlgoTests.DataStructureTest" name="verifyCodeExecutionforDataStructureIntroductionPage" time="0.000">
    <skipped/>
  </testcase> <!-- verifyCodeExecutionforDataStructureIntroductionPage -->
  <system-out/>
  <testcase classname="dsAlgoTests.DataStructureTest" name="verifyCodeExecutionforDataStructureIntroductionPage" time="0.000">
    <skipped/>
  </testcase> <!-- verifyCodeExecutionforDataStructureIntroductionPage -->
  <system-out/>
  <testcase classname="dsAlgoTests.DataStructureTest" name="verifyCodeExecutionforDataStructureIntroductionPage" time="0.000">
    <skipped/>
  </testcase> <!-- verifyCodeExecutionforDataStructureIntroductionPage -->
  <system-out/>
  <testcase classname="dsAlgoTests.DataStructureTest" name="verifyCodeExecutionforDataStructureIntroductionPage" time="0.000">
    <skipped/>
  </testcase> <!-- verifyCodeExecutionforDataStructureIntroductionPage -->
  <system-out/>
  <testcase classname="dsAlgoTests.DataStructureTest" name="verifyCodeExecutionforDataStructureIntroductionPage" time="0.000">
    <skipped/>
  </testcase> <!-- verifyCodeExecutionforDataStructureIntroductionPage -->
  <system-out/>
  <testcase classname="dsAlgoTests.DataStructureTest" name="verifyCodeExecutionforDataStructureIntroductionPage" time="0.000">
    <skipped/>
  </testcase> <!-- verifyCodeExecutionforDataStructureIntroductionPage -->
  <system-out/>
  <testcase classname="dsAlgoTests.DataStructureTest" name="verifyCodeExecutionforDataStructureIntroductionPage" time="0.000">
    <skipped/>
  </testcase> <!-- verifyCodeExecutionforDataStructureIntroductionPage -->
  <system-out/>
  <testcase classname="dsAlgoTests.DataStructureTest" name="verifyCodeExecutionforDataStructureIntroductionPage" time="0.000">
    <skipped/>
  </testcase> <!-- verifyCodeExecutionforDataStructureIntroductionPage -->
  <system-out/>
  <testcase classname="dsAlgoTests.DataStructureTest" name="verifyCodeExecutionforDataStructureIntroductionPage" time="0.000">
    <skipped/>
  </testcase> <!-- verifyCodeExecutionforDataStructureIntroductionPage -->
  <system-out/>
  <testcase classname="dsAlgoTests.DataStructureTest" name="verifyCodeExecutionforDataStructureIntroductionPage" time="0.000">
    <skipped/>
  </testcase> <!-- verifyCodeExecutionforDataStructureIntroductionPage -->
  <system-out/>
  <testcase classname="dsAlgoTests.DataStructureTest" name="verifyCodeExecutionforDataStructureIntroductionPage" time="0.000">
    <skipped/>
  </testcase> <!-- verifyCodeExecutionforDataStructureIntroductionPage -->
  <system-out/>
  <testcase classname="dsAlgoTests.DataStructureTest" name="verifyCodeExecutionforDataStructureIntroductionPage" time="0.000">
    <skipped/>
  </testcase> <!-- verifyCodeExecutionforDataStructureIntroductionPage -->
  <system-out/>
  <testcase classname="dsAlgoTests.DataStructureTest" name="verifyCodeExecutionforDataStructureIntroductionPage" time="0.000">
    <skipped/>
  </testcase> <!-- verifyCodeExecutionforDataStructureIntroductionPage -->
  <system-out/>
  <testcase classname="dsAlgoTests.DataStructureTest" name="verifyCodeExecutionforDataStructureIntroductionPage" time="0.000">
    <skipped/>
  </testcase> <!-- verifyCodeExecutionforDataStructureIntroductionPage -->
  <system-out/>
  <testcase classname="dsAlgoTests.DataStructureTest" name="verifyCodeExecutionforDataStructureIntroductionPage" time="0.000">
    <skipped/>
  </testcase> <!-- verifyCodeExecutionforDataStructureIntroductionPage -->
  <system-out/>
  <testcase classname="dsAlgoTests.DataStructureTest" name="verifyCodeExecutionforDataStructureIntroductionPage" time="0.000">
    <skipped/>
  </testcase> <!-- verifyCodeExecutionforDataStructureIntroductionPage -->
  <system-out/>
  <testcase classname="dsAlgoTests.DataStructureTest" name="verifyCodeExecutionforDataStructureIntroductionPage" time="0.000">
    <skipped/>
  </testcase> <!-- verifyCodeExecutionforDataStructureIntroductionPage -->
  <system-out/>
  <testcase classname="dsAlgoTests.DataStructureTest" name="verifyCodeExecutionforDataStructureIntroductionPage" time="0.000">
    <skipped/>
  </testcase> <!-- verifyCodeExecutionforDataStructureIntroductionPage -->
  <system-out/>
  <testcase classname="dsAlgoTests.DataStructureTest" name="verifyCodeExecutionforDataStructureIntroductionPage" time="0.000">
    <skipped/>
  </testcase> <!-- verifyCodeExecutionforDataStructureIntroductionPage -->
  <system-out/>
  <testcase classname="dsAlgoTests.DataStructureTest" name="verifyCodeExecutionforDataStructureIntroductionPage" time="0.000">
    <skipped/>
  </testcase> <!-- verifyCodeExecutionforDataStructureIntroductionPage -->
  <system-out/>
  <testcase classname="dsAlgoTests.DataStructureTest" name="verifyCodeExecutionforDataStructureIntroductionPage" time="0.000">
    <skipped/>
  </testcase> <!-- verifyCodeExecutionforDataStructureIntroductionPage -->
  <system-out/>
  <testcase classname="dsAlgoTests.DataStructureTest" name="verifyCodeExecutionforDataStructureIntroductionPage" time="0.000">
    <skipped/>
  </testcase> <!-- verifyCodeExecutionforDataStructureIntroductionPage -->
  <system-out/>
  <testcase classname="dsAlgoTests.DataStructureTest" name="verifyCodeExecutionforDataStructureIntroductionPage" time="0.000">
    <skipped/>
  </testcase> <!-- verifyCodeExecutionforDataStructureIntroductionPage -->
  <system-out/>
  <testcase classname="dsAlgoTests.DataStructureTest" name="verifyCodeExecutionforDataStructureIntroductionPage" time="0.000">
    <skipped/>
  </testcase> <!-- verifyCodeExecutionforDataStructureIntroductionPage -->
  <system-out/>
  <testcase classname="dsAlgoTests.DataStructureTest" name="verifyCodeExecutionforDataStructureIntroductionPage" time="0.000">
    <skipped/>
  </testcase> <!-- verifyCodeExecutionforDataStructureIntroductionPage -->
  <system-out/>
  <testcase classname="dsAlgoTests.DataStructureTest" name="verifyCodeExecutionforDataStructureIntroductionPage" time="0.000">
    <skipped/>
  </testcase> <!-- verifyCodeExecutionforDataStructureIntroductionPage -->
  <system-out/>
  <testcase classname="dsAlgoTests.DataStructureTest" name="verifyCodeExecutionforDataStructureIntroductionPage" time="0.000">
    <skipped/>
  </testcase> <!-- verifyCodeExecutionforDataStructureIntroductionPage -->
  <system-out/>
  <testcase classname="dsAlgoTests.DataStructureTest" name="verifyCodeExecutionforDataStructureIntroductionPage" time="0.000">
    <skipped/>
  </testcase> <!-- verifyCodeExecutionforDataStructureIntroductionPage -->
  <system-out/>
  <testcase classname="dsAlgoTests.DataStructureTest" name="verifyCodeExecutionforDataStructureIntroductionPage" time="0.000">
    <skipped/>
  </testcase> <!-- verifyCodeExecutionforDataStructureIntroductionPage -->
  <system-out/>
  <testcase classname="dsAlgoTests.DataStructureTest" name="verifyCodeExecutionforDataStructureIntroductionPage" time="0.000">
    <skipped/>
  </testcase> <!-- verifyCodeExecutionforDataStructureIntroductionPage -->
  <system-out/>
  <testcase classname="dsAlgoTests.DataStructureTest" name="verifyCodeExecutionforDataStructureIntroductionPage" time="0.000">
    <skipped/>
  </testcase> <!-- verifyCodeExecutionforDataStructureIntroductionPage -->
  <system-out/>
  <testcase classname="dsAlgoTests.DataStructureTest" name="verifyCodeExecutionforDataStructureIntroductionPage" time="0.000">
    <skipped/>
  </testcase> <!-- verifyCodeExecutionforDataStructureIntroductionPage -->
  <system-out/>
  <testcase classname="dsAlgoTests.DataStructureTest" name="verifyCodeExecutionforDataStructureIntroductionPage" time="0.000">
    <skipped/>
  </testcase> <!-- verifyCodeExecutionforDataStructureIntroductionPage -->
  <system-out/>
  <testcase classname="dsAlgoTests.DataStructureTest" name="verifyCodeExecutionforDataStructureIntroductionPage" time="0.000">
    <skipped/>
  </testcase> <!-- verifyCodeExecutionforDataStructureIntroductionPage -->
  <system-out/>
  <testcase classname="dsAlgoTests.DataStructureTest" name="verifyCodeExecutionforDataStructureIntroductionPage" time="0.000">
    <skipped/>
  </testcase> <!-- verifyCodeExecutionforDataStructureIntroductionPage -->
  <system-out/>
  <testcase classname="dsAlgoTests.DataStructureTest" name="verifyCodeExecutionforDataStructureIntroductionPage" time="0.000">
    <skipped/>
  </testcase> <!-- verifyCodeExecutionforDataStructureIntroductionPage -->
  <system-out/>
  <testcase classname="dsAlgoTests.DataStructureTest" name="verifyCodeExecutionforDataStructureIntroductionPage" time="0.000">
    <skipped/>
  </testcase> <!-- verifyCodeExecutionforDataStructureIntroductionPage -->
  <system-out/>
  <testcase classname="dsAlgoTests.DataStructureTest" name="verifyCodeExecutionforDataStructureIntroductionPage" time="0.000">
    <skipped/>
  </testcase> <!-- verifyCodeExecutionforDataStructureIntroductionPage -->
  <system-out/>
  <testcase classname="dsAlgoTests.DataStructureTest" name="verifyCodeExecutionforDataStructureIntroductionPage" time="0.000">
    <skipped/>
  </testcase> <!-- verifyCodeExecutionforDataStructureIntroductionPage -->
  <system-out/>
  <testcase classname="dsAlgoTests.DataStructureTest" name="verifyCodeExecutionforDataStructureIntroductionPage" time="0.000">
    <skipped/>
  </testcase> <!-- verifyCodeExecutionforDataStructureIntroductionPage -->
  <system-out/>
  <testcase classname="dsAlgoTests.DataStructureTest" name="verifyCodeExecutionforDataStructureIntroductionPage" time="0.000">
    <skipped/>
  </testcase> <!-- verifyCodeExecutionforDataStructureIntroductionPage -->
  <system-out/>
  <testcase classname="dsAlgoTests.DataStructureTest" name="verifyCodeExecutionforDataStructureIntroductionPage" time="0.000">
    <skipped/>
  </testcase> <!-- verifyCodeExecutionforDataStructureIntroductionPage -->
  <system-out/>
  <testcase classname="dsAlgoTests.DataStructureTest" name="verifyCodeExecutionforDataStructureIntroductionPage" time="0.000">
    <skipped/>
  </testcase> <!-- verifyCodeExecutionforDataStructureIntroductionPage -->
  <system-out/>
  <testcase classname="dsAlgoTests.DataStructureTest" name="verifyCodeExecutionforDataStructureIntroductionPage" time="0.000">
    <skipped/>
  </testcase> <!-- verifyCodeExecutionforDataStructureIntroductionPage -->
  <system-out/>
  <testcase classname="dsAlgoTests.DataStructureTest" name="verifyCodeExecutionforDataStructureIntroductionPage" time="0.000">
    <skipped/>
  </testcase> <!-- verifyCodeExecutionforDataStructureIntroductionPage -->
  <system-out/>
  <testcase classname="dsAlgoTests.DataStructureTest" name="verifyCodeExecutionforDataStructureIntroductionPage" time="0.000">
    <skipped/>
  </testcase> <!-- verifyCodeExecutionforDataStructureIntroductionPage -->
  <system-out/>
  <testcase classname="dsAlgoTests.DataStructureTest" name="verifyCodeExecutionforDataStructureIntroductionPage" time="0.000">
    <skipped/>
  </testcase> <!-- verifyCodeExecutionforDataStructureIntroductionPage -->
  <system-out/>
  <testcase classname="dsAlgoTests.DataStructureTest" name="verifyCodeExecutionforDataStructureIntroductionPage" time="0.000">
    <skipped/>
  </testcase> <!-- verifyCodeExecutionforDataStructureIntroductionPage -->
  <system-out/>
  <testcase classname="dsAlgoTests.DataStructureTest" name="verifyCodeExecutionforDataStructureIntroductionPage" time="0.000">
    <skipped/>
  </testcase> <!-- verifyCodeExecutionforDataStructureIntroductionPage -->
  <system-out/>
  <testcase classname="dsAlgoTests.DataStructureTest" name="verifyCodeExecutionforDataStructureIntroductionPage" time="0.000">
    <skipped/>
  </testcase> <!-- verifyCodeExecutionforDataStructureIntroductionPage -->
  <system-out/>
  <testcase classname="dsAlgoTests.DataStructureTest" name="verifyCodeExecutionforDataStructureIntroductionPage" time="0.000">
    <skipped/>
  </testcase> <!-- verifyCodeExecutionforDataStructureIntroductionPage -->
  <system-out/>
  <testcase classname="dsAlgoTests.DataStructureTest" name="verifyCodeExecutionforDataStructureIntroductionPage" time="0.000">
    <skipped/>
  </testcase> <!-- verifyCodeExecutionforDataStructureIntroductionPage -->
  <system-out/>
  <testcase classname="dsAlgoTests.DataStructureTest" name="verifyCodeExecutionforDataStructureIntroductionPage" time="0.000">
    <skipped/>
  </testcase> <!-- verifyCodeExecutionforDataStructureIntroductionPage -->
  <system-out/>
  <testcase classname="dsAlgoTests.DataStructureTest" name="verifyCodeExecutionforDataStructureIntroductionPage" time="0.000">
    <skipped/>
  </testcase> <!-- verifyCodeExecutionforDataStructureIntroductionPage -->
  <system-out/>
  <testcase classname="dsAlgoTests.DataStructureTest" name="DataStructureIntroductionPage" time="16.447">
    <error message="no such element: Unable to locate element: {&quot;method&quot;:&quot;xpath&quot;,&quot;selector&quot;:&quot;//button[@class=&#039;btn&#039;]&quot;}
  (Session info: chrome=132.0.6834.162)
For documentation on this error, please visit: https://www.selenium.dev/documentation/webdriver/troubleshooting/errors#no-such-element-exception
Build info: version: &#039;4.17.0&#039;, revision: &#039;e52b1be057*&#039;
System info: os.name: &#039;Windows 11&#039;, os.arch: &#039;amd64&#039;, os.version: &#039;10.0&#039;, java.version: &#039;23.0.1&#039;
Driver info: org.openqa.selenium.chrome.ChromeDriver
Command: [edc43da61f4c4315201db11f74198f71, findElement {using=xpath, value=//button[@class=&#039;btn&#039;]}]
Capabilities {acceptInsecureCerts: false, browserName: chrome, browserVersion: 132.0.6834.162, chrome: {chromedriverVersion: 132.0.6834.159 (2d77d3fc445..., userDataDir: C:\Users\12157\AppData\Loca...}, fedcm:accounts: true, goog:chromeOptions: {debuggerAddress: localhost:61045}, networkConnectionEnabled: false, pageLoadStrategy: normal, platformName: windows, proxy: Proxy(), se:cdp: ws://localhost:61045/devtoo..., se:cdpVersion: 132.0.6834.162, setWindowRect: true, strictFileInteractability: false, timeouts: {implicit: 0, pageLoad: 300000, script: 30000}, unhandledPromptBehavior: dismiss and notify, webauthn:extension:credBlob: true, webauthn:extension:largeBlob: true, webauthn:extension:minPinLength: true, webauthn:extension:prf: true, webauthn:virtualAuthenticators: true}
Session ID: edc43da61f4c4315201db11f74198f71" type="org.openqa.selenium.NoSuchElementException">
      <![CDATA[org.openqa.selenium.NoSuchElementException: no such element: Unable to locate element: {"method":"xpath","selector":"//button[@class='btn']"}
  (Session info: chrome=132.0.6834.162)
For documentation on this error, please visit: https://www.selenium.dev/documentation/webdriver/troubleshooting/errors#no-such-element-exception
Build info: version: '4.17.0', revision: 'e52b1be057*'
System info: os.name: 'Windows 11', os.arch: 'amd64', os.version: '10.0', java.version: '23.0.1'
Driver info: org.openqa.selenium.chrome.ChromeDriver
Command: [edc43da61f4c4315201db11f74198f71, findElement {using=xpath, value=//button[@class='btn']}]
Capabilities {acceptInsecureCerts: false, browserName: chrome, browserVersion: 132.0.6834.162, chrome: {chromedriverVersion: 132.0.6834.159 (2d77d3fc445..., userDataDir: C:\Users\12157\AppData\Loca...}, fedcm:accounts: true, goog:chromeOptions: {debuggerAddress: localhost:61045}, networkConnectionEnabled: false, pageLoadStrategy: normal, platformName: windows, proxy: Proxy(), se:cdp: ws://localhost:61045/devtoo..., se:cdpVersion: 132.0.6834.162, setWindowRect: true, strictFileInteractability: false, timeouts: {implicit: 0, pageLoad: 300000, script: 30000}, unhandledPromptBehavior: dismiss and notify, webauthn:extension:credBlob: true, webauthn:extension:largeBlob: true, webauthn:extension:minPinLength: true, webauthn:extension:prf: true, webauthn:virtualAuthenticators: true}
Session ID: edc43da61f4c4315201db11f74198f71
at java.base/jdk.internal.reflect.DirectConstructorHandleAccessor.newInstance(DirectConstructorHandleAccessor.java:62)
at java.base/java.lang.reflect.Constructor.newInstanceWithCaller(Constructor.java:501)
at java.base/java.lang.reflect.Constructor.newInstance(Constructor.java:485)
at org.openqa.selenium.remote.codec.w3c.W3CHttpResponseCodec.createException(W3CHttpResponseCodec.java:185)
at org.openqa.selenium.remote.codec.w3c.W3CHttpResponseCodec.decode(W3CHttpResponseCodec.java:134)
at org.openqa.selenium.remote.codec.w3c.W3CHttpResponseCodec.decode(W3CHttpResponseCodec.java:51)
at org.openqa.selenium.remote.HttpCommandExecutor.execute(HttpCommandExecutor.java:190)
at org.openqa.selenium.remote.service.DriverCommandExecutor.invokeExecute(DriverCommandExecutor.java:216)
at org.openqa.selenium.remote.service.DriverCommandExecutor.execute(DriverCommandExecutor.java:174)
at org.openqa.selenium.remote.RemoteWebDriver.execute(RemoteWebDriver.java:519)
at org.openqa.selenium.remote.ElementLocation$ElementFinder$2.findElement(ElementLocation.java:165)
at org.openqa.selenium.remote.ElementLocation.findElement(ElementLocation.java:59)
at org.openqa.selenium.remote.RemoteWebDriver.findElement(RemoteWebDriver.java:356)
at org.openqa.selenium.remote.RemoteWebDriver.findElement(RemoteWebDriver.java:350)
at org.openqa.selenium.support.pagefactory.DefaultElementLocator.findElement(DefaultElementLocator.java:68)
at org.openqa.selenium.support.pagefactory.internal.LocatingElementHandler.invoke(LocatingElementHandler.java:38)
at jdk.proxy2/jdk.proxy2.$Proxy14.click(Unknown Source)
at dsAlgoPages.HomePage.clickLaunchPageGetstartedbutton(HomePage.java:62)
at dsAlgoTests.DataStructureTest.DataStructureIntroductionPage(DataStructureTest.java:34)
at java.base/jdk.internal.reflect.DirectMethodHandleAccessor.invoke(DirectMethodHandleAccessor.java:103)
at java.base/java.lang.reflect.Method.invoke(Method.java:580)
at org.testng.internal.MethodInvocationHelper.invokeMethod(MethodInvocationHelper.java:133)
at org.testng.internal.MethodInvocationHelper.invokeMethodConsideringTimeout(MethodInvocationHelper.java:62)
at org.testng.internal.ConfigInvoker.invokeConfigurationMethod(ConfigInvoker.java:385)
at org.testng.internal.ConfigInvoker.invokeConfigurations(ConfigInvoker.java:321)
at org.testng.internal.TestInvoker.runConfigMethods(TestInvoker.java:700)
at org.testng.internal.TestInvoker.invokeMethod(TestInvoker.java:527)
at org.testng.internal.TestInvoker.invokeTestMethod(TestInvoker.java:173)
at org.testng.internal.MethodRunner.runInSequence(MethodRunner.java:46)
at org.testng.internal.TestInvoker$MethodInvocationAgent.invoke(TestInvoker.java:824)
at org.testng.internal.TestInvoker.invokeTestMethods(TestInvoker.java:146)
at org.testng.internal.TestMethodWorker.invokeTestMethods(TestMethodWorker.java:146)
at org.testng.internal.TestMethodWorker.run(TestMethodWorker.java:128)
at java.base/java.util.concurrent.ThreadPoolExecutor.runWorker(ThreadPoolExecutor.java:1144)
at java.base/java.util.concurrent.ThreadPoolExecutor$Worker.run(ThreadPoolExecutor.java:642)
at java.base/java.lang.Thread.run(Thread.java:1575)
]]>
    </error>
  </testcase> <!-- DataStructureIntroductionPage -->
  <system-out/>
  <testcase classname="dsAlgoTests.DataStructureTest" name="verifyCodeExecutionforDataStructureIntroductionPage" time="0.000">
    <skipped/>
  </testcase> <!-- verifyCodeExecutionforDataStructureIntroductionPage -->
  <system-out/>
  <testcase classname="dsAlgoTests.DataStructureTest" name="verifyCodeExecutionforDataStructureIntroductionPage" time="0.000">
    <skipped/>
  </testcase> <!-- verifyCodeExecutionforDataStructureIntroductionPage -->
  <system-out/>
  <testcase classname="dsAlgoTests.DataStructureTest" name="verifyCodeExecutionforDataStructureIntroductionPage" time="0.000">
    <skipped/>
  </testcase> <!-- verifyCodeExecutionforDataStructureIntroductionPage -->
  <system-out/>
  <testcase classname="dsAlgoTests.DataStructureTest" name="verifyCodeExecutionforDataStructureIntroductionPage" time="0.000">
    <skipped/>
  </testcase> <!-- verifyCodeExecutionforDataStructureIntroductionPage -->
  <system-out/>
  <testcase classname="dsAlgoTests.DataStructureTest" name="verifyCodeExecutionforDataStructureIntroductionPage" time="0.000">
    <skipped/>
  </testcase> <!-- verifyCodeExecutionforDataStructureIntroductionPage -->
  <system-out/>
  <testcase classname="dsAlgoTests.DataStructureTest" name="verifyCodeExecutionforDataStructureIntroductionPage" time="0.000">
    <skipped/>
  </testcase> <!-- verifyCodeExecutionforDataStructureIntroductionPage -->
  <system-out/>
  <testcase classname="dsAlgoTests.DataStructureTest" name="verifyCodeExecutionforDataStructureIntroductionPage" time="0.000">
    <skipped/>
  </testcase> <!-- verifyCodeExecutionforDataStructureIntroductionPage -->
  <system-out/>
  <testcase classname="dsAlgoTests.DataStructureTest" name="verifyCodeExecutionforDataStructureIntroductionPage" time="0.000">
    <skipped/>
  </testcase> <!-- verifyCodeExecutionforDataStructureIntroductionPage -->
  <system-out/>
  <testcase classname="dsAlgoTests.DataStructureTest" name="verifyCodeExecutionforDataStructureIntroductionPage" time="0.000">
    <skipped/>
  </testcase> <!-- verifyCodeExecutionforDataStructureIntroductionPage -->
  <system-out/>
  <testcase classname="dsAlgoTests.DataStructureTest" name="verifyCodeExecutionforDataStructureIntroductionPage" time="0.000">
    <skipped/>
  </testcase> <!-- verifyCodeExecutionforDataStructureIntroductionPage -->
  <system-out/>
  <testcase classname="dsAlgoTests.DataStructureTest" name="verifyCodeExecutionforDataStructureIntroductionPage" time="0.000">
    <skipped/>
  </testcase> <!-- verifyCodeExecutionforDataStructureIntroductionPage -->
  <system-out/>
  <testcase classname="dsAlgoTests.DataStructureTest" name="verifyCodeExecutionforDataStructureIntroductionPage" time="0.000">
    <skipped/>
  </testcase> <!-- verifyCodeExecutionforDataStructureIntroductionPage -->
  <system-out/>
  <testcase classname="dsAlgoTests.DataStructureTest" name="verifyCodeExecutionforDataStructureIntroductionPage" time="0.000">
    <skipped/>
  </testcase> <!-- verifyCodeExecutionforDataStructureIntroductionPage -->
  <system-out/>
  <testcase classname="dsAlgoTests.DataStructureTest" name="verifyCodeExecutionforDataStructureIntroductionPage" time="0.000">
    <skipped/>
  </testcase> <!-- verifyCodeExecutionforDataStructureIntroductionPage -->
  <system-out/>
  <testcase classname="dsAlgoTests.DataStructureTest" name="verifyCodeExecutionforDataStructureIntroductionPage" time="0.000">
    <skipped/>
  </testcase> <!-- verifyCodeExecutionforDataStructureIntroductionPage -->
  <system-out/>
  <testcase classname="dsAlgoTests.DataStructureTest" name="verifyCodeExecutionforDataStructureIntroductionPage" time="0.000">
    <skipped/>
  </testcase> <!-- verifyCodeExecutionforDataStructureIntroductionPage -->
  <system-out/>
  <testcase classname="dsAlgoTests.DataStructureTest" name="verifyCodeExecutionforDataStructureIntroductionPage" time="0.000">
    <skipped/>
  </testcase> <!-- verifyCodeExecutionforDataStructureIntroductionPage -->
  <system-out/>
  <testcase classname="dsAlgoTests.DataStructureTest" name="verifyCodeExecutionforDataStructureIntroductionPage" time="0.000">
    <skipped/>
  </testcase> <!-- verifyCodeExecutionforDataStructureIntroductionPage -->
  <system-out/>
  <testcase classname="dsAlgoTests.DataStructureTest" name="verifyCodeExecutionforDataStructureIntroductionPage" time="0.000">
    <skipped/>
  </testcase> <!-- verifyCodeExecutionforDataStructureIntroductionPage -->
  <system-out/>
  <testcase classname="dsAlgoTests.DataStructureTest" name="verifyCodeExecutionforDataStructureIntroductionPage" time="0.000">
    <skipped/>
  </testcase> <!-- verifyCodeExecutionforDataStructureIntroductionPage -->
  <system-out/>
  <testcase classname="dsAlgoTests.DataStructureTest" name="verifyCodeExecutionforDataStructureIntroductionPage" time="0.000">
    <skipped/>
  </testcase> <!-- verifyCodeExecutionforDataStructureIntroductionPage -->
  <system-out/>
  <testcase classname="dsAlgoTests.DataStructureTest" name="verifyCodeExecutionforDataStructureIntroductionPage" time="0.000">
    <skipped/>
  </testcase> <!-- verifyCodeExecutionforDataStructureIntroductionPage -->
  <system-out/>
  <testcase classname="dsAlgoTests.DataStructureTest" name="verifyCodeExecutionforDataStructureIntroductionPage" time="0.000">
    <skipped/>
  </testcase> <!-- verifyCodeExecutionforDataStructureIntroductionPage -->
  <system-out/>
  <testcase classname="dsAlgoTests.DataStructureTest" name="verifyCodeExecutionforDataStructureIntroductionPage" time="0.000">
    <skipped/>
  </testcase> <!-- verifyCodeExecutionforDataStructureIntroductionPage -->
  <system-out/>
  <testcase classname="dsAlgoTests.DataStructureTest" name="verifyCodeExecutionforDataStructureIntroductionPage" time="0.000">
    <skipped/>
  </testcase> <!-- verifyCodeExecutionforDataStructureIntroductionPage -->
  <system-out/>
  <testcase classname="dsAlgoTests.DataStructureTest" name="verifyCodeExecutionforDataStructureIntroductionPage" time="0.000">
    <skipped/>
  </testcase> <!-- verifyCodeExecutionforDataStructureIntroductionPage -->
  <system-out/>
  <testcase classname="dsAlgoTests.DataStructureTest" name="verifyCodeExecutionforDataStructureIntroductionPage" time="0.000">
    <skipped/>
  </testcase> <!-- verifyCodeExecutionforDataStructureIntroductionPage -->
  <system-out/>
  <testcase classname="dsAlgoTests.DataStructureTest" name="verifyCodeExecutionforDataStructureIntroductionPage" time="0.000">
    <skipped/>
  </testcase> <!-- verifyCodeExecutionforDataStructureIntroductionPage -->
  <system-out/>
  <testcase classname="dsAlgoTests.DataStructureTest" name="verifyCodeExecutionforDataStructureIntroductionPage" time="0.000">
    <skipped/>
  </testcase> <!-- verifyCodeExecutionforDataStructureIntroductionPage -->
  <system-out/>
  <testcase classname="dsAlgoTests.DataStructureTest" name="verifyCodeExecutionforDataStructureIntroductionPage" time="0.000">
    <skipped/>
  </testcase> <!-- verifyCodeExecutionforDataStructureIntroductionPage -->
  <system-out/>
  <testcase classname="dsAlgoTests.DataStructureTest" name="verifyCodeExecutionforDataStructureIntroductionPage" time="0.000">
    <skipped/>
  </testcase> <!-- verifyCodeExecutionforDataStructureIntroductionPage -->
  <system-out/>
  <testcase classname="dsAlgoTests.DataStructureTest" name="verifyCodeExecutionforDataStructureIntroductionPage" time="0.000">
    <skipped/>
  </testcase> <!-- verifyCodeExecutionforDataStructureIntroductionPage -->
  <system-out/>
  <testcase classname="dsAlgoTests.DataStructureTest" name="verifyCodeExecutionforDataStructureIntroductionPage" time="0.000">
    <skipped/>
  </testcase> <!-- verifyCodeExecutionforDataStructureIntroductionPage -->
  <system-out/>
  <testcase classname="dsAlgoTests.DataStructureTest" name="verifyCodeExecutionforDataStructureIntroductionPage" time="0.000">
    <skipped/>
  </testcase> <!-- verifyCodeExecutionforDataStructureIntroductionPage -->
  <system-out/>
  <testcase classname="dsAlgoTests.DataStructureTest" name="verifyCodeExecutionforDataStructureIntroductionPage" time="0.000">
    <skipped/>
  </testcase> <!-- verifyCodeExecutionforDataStructureIntroductionPage -->
  <system-out/>
  <testcase classname="dsAlgoTests.DataStructureTest" name="verifyCodeExecutionforDataStructureIntroductionPage" time="0.000">
    <skipped/>
  </testcase> <!-- verifyCodeExecutionforDataStructureIntroductionPage -->
  <system-out/>
  <testcase classname="dsAlgoTests.DataStructureTest" name="verifyCodeExecutionforDataStructureIntroductionPage" time="0.000">
    <skipped/>
  </testcase> <!-- verifyCodeExecutionforDataStructureIntroductionPage -->
  <system-out/>
  <testcase classname="dsAlgoTests.DataStructureTest" name="verifyCodeExecutionforDataStructureIntroductionPage" time="0.000">
    <skipped/>
  </testcase> <!-- verifyCodeExecutionforDataStructureIntroductionPage -->
  <system-out/>
  <testcase classname="dsAlgoTests.DataStructureTest" name="verifyCodeExecutionforDataStructureIntroductionPage" time="0.000">
    <skipped/>
  </testcase> <!-- verifyCodeExecutionforDataStructureIntroductionPage -->
  <system-out/>
  <testcase classname="dsAlgoTests.DataStructureTest" name="verifyCodeExecutionforDataStructureIntroductionPage" time="0.000">
    <skipped/>
  </testcase> <!-- verifyCodeExecutionforDataStructureIntroductionPage -->
  <system-out/>
  <testcase classname="dsAlgoTests.DataStructureTest" name="verifyCodeExecutionforDataStructureIntroductionPage" time="0.000">
    <skipped/>
  </testcase> <!-- verifyCodeExecutionforDataStructureIntroductionPage -->
  <system-out/>
  <testcase classname="dsAlgoTests.DataStructureTest" name="verifyCodeExecutionforDataStructureIntroductionPage" time="0.000">
    <skipped/>
  </testcase> <!-- verifyCodeExecutionforDataStructureIntroductionPage -->
  <system-out/>
  <testcase classname="dsAlgoTests.DataStructureTest" name="verifyCodeExecutionforDataStructureIntroductionPage" time="0.000">
    <skipped/>
  </testcase> <!-- verifyCodeExecutionforDataStructureIntroductionPage -->
  <system-out/>
  <testcase classname="dsAlgoTests.DataStructureTest" name="verifyCodeExecutionforDataStructureIntroductionPage" time="0.000">
    <skipped/>
  </testcase> <!-- verifyCodeExecutionforDataStructureIntroductionPage -->
  <system-out/>
  <testcase classname="dsAlgoTests.DataStructureTest" name="verifyCodeExecutionforDataStructureIntroductionPage" time="0.000">
    <skipped/>
  </testcase> <!-- verifyCodeExecutionforDataStructureIntroductionPage -->
  <system-out/>
  <testcase classname="dsAlgoTests.DataStructureTest" name="verifyCodeExecutionforDataStructureIntroductionPage" time="0.000">
    <skipped/>
  </testcase> <!-- verifyCodeExecutionforDataStructureIntroductionPage -->
  <system-out/>
  <testcase classname="dsAlgoTests.DataStructureTest" name="verifyCodeExecutionforDataStructureIntroductionPage" time="0.000">
    <skipped/>
  </testcase> <!-- verifyCodeExecutionforDataStructureIntroductionPage -->
  <system-out/>
  <testcase classname="dsAlgoTests.DataStructureTest" name="verifyCodeExecutionforDataStructureIntroductionPage" time="0.000">
    <skipped/>
  </testcase> <!-- verifyCodeExecutionforDataStructureIntroductionPage -->
  <system-out/>
  <testcase classname="dsAlgoTests.DataStructureTest" name="verifyCodeExecutionforDataStructureIntroductionPage" time="0.000">
    <skipped/>
  </testcase> <!-- verifyCodeExecutionforDataStructureIntroductionPage -->
  <system-out/>
  <testcase classname="dsAlgoTests.DataStructureTest" name="verifyCodeExecutionforDataStructureIntroductionPage" time="0.000">
    <skipped/>
  </testcase> <!-- verifyCodeExecutionforDataStructureIntroductionPage -->
  <system-out/>
  <testcase classname="dsAlgoTests.DataStructureTest" name="verifyCodeExecutionforDataStructureIntroductionPage" time="0.000">
    <skipped/>
  </testcase> <!-- verifyCodeExecutionforDataStructureIntroductionPage -->
  <system-out/>
  <testcase classname="dsAlgoTests.DataStructureTest" name="verifyCodeExecutionforDataStructureIntroductionPage" time="0.000">
    <skipped/>
  </testcase> <!-- verifyCodeExecutionforDataStructureIntroductionPage -->
  <system-out/>
  <testcase classname="dsAlgoTests.DataStructureTest" name="verifyCodeExecutionforDataStructureIntroductionPage" time="0.000">
    <skipped/>
  </testcase> <!-- verifyCodeExecutionforDataStructureIntroductionPage -->
  <system-out/>
  <testcase classname="dsAlgoTests.DataStructureTest" name="verifyCodeExecutionforDataStructureIntroductionPage" time="0.000">
    <skipped/>
  </testcase> <!-- verifyCodeExecutionforDataStructureIntroductionPage -->
  <system-out/>
  <testcase classname="dsAlgoTests.DataStructureTest" name="verifyCodeExecutionforDataStructureIntroductionPage" time="0.000">
    <skipped/>
  </testcase> <!-- verifyCodeExecutionforDataStructureIntroductionPage -->
  <system-out/>
  <testcase classname="dsAlgoTests.DataStructureTest" name="verifyCodeExecutionforDataStructureIntroductionPage" time="0.000">
    <skipped/>
  </testcase> <!-- verifyCodeExecutionforDataStructureIntroductionPage -->
  <system-out/>
  <testcase classname="dsAlgoTests.DataStructureTest" name="verifyCodeExecutionforDataStructureIntroductionPage" time="0.000">
    <skipped/>
  </testcase> <!-- verifyCodeExecutionforDataStructureIntroductionPage -->
  <system-out/>
  <testcase classname="dsAlgoTests.DataStructureTest" name="verifyCodeExecutionforDataStructureIntroductionPage" time="0.000">
    <skipped/>
  </testcase> <!-- verifyCodeExecutionforDataStructureIntroductionPage -->
  <system-out/>
  <testcase classname="dsAlgoTests.DataStructureTest" name="verifyCodeExecutionforDataStructureIntroductionPage" time="0.000">
    <skipped/>
  </testcase> <!-- verifyCodeExecutionforDataStructureIntroductionPage -->
  <system-out/>
  <testcase classname="dsAlgoTests.DataStructureTest" name="verifyCodeExecutionforDataStructureIntroductionPage" time="0.000">
    <skipped/>
  </testcase> <!-- verifyCodeExecutionforDataStructureIntroductionPage -->
  <system-out/>
  <testcase classname="dsAlgoTests.DataStructureTest" name="verifyCodeExecutionforDataStructureIntroductionPage" time="0.000">
    <skipped/>
  </testcase> <!-- verifyCodeExecutionforDataStructureIntroductionPage -->
  <system-out/>
  <testcase classname="dsAlgoTests.DataStructureTest" name="verifyCodeExecutionforDataStructureIntroductionPage" time="0.000">
    <skipped/>
  </testcase> <!-- verifyCodeExecutionforDataStructureIntroductionPage -->
  <system-out/>
  <testcase classname="dsAlgoTests.DataStructureTest" name="verifyCodeExecutionforDataStructureIntroductionPage" time="0.000">
    <skipped/>
  </testcase> <!-- verifyCodeExecutionforDataStructureIntroductionPage -->
  <system-out/>
  <testcase classname="dsAlgoTests.DataStructureTest" name="verifyCodeExecutionforDataStructureIntroductionPage" time="0.000">
    <skipped/>
  </testcase> <!-- verifyCodeExecutionforDataStructureIntroductionPage -->
  <system-out/>
  <testcase classname="dsAlgoTests.DataStructureTest" name="checkErrorMessageWhenExecutingWithoutCodeInDataStructureIntroductionPage" time="0.000">
    <skipped/>
  </testcase> <!-- checkErrorMessageWhenExecutingWithoutCodeInDataStructureIntroductionPage -->
  <system-out/>
  <testcase classname="dsAlgoTests.DataStructureTest" name="verifyCodeExecutionforDataStructureIntroductionPage" time="0.000">
    <skipped/>
  </testcase> <!-- verifyCodeExecutionforDataStructureIntroductionPage -->
  <system-out/>
  <testcase classname="dsAlgoTests.DataStructureTest" name="verifyCodeExecutionforDataStructureIntroductionPage" time="0.000">
    <skipped/>
  </testcase> <!-- verifyCodeExecutionforDataStructureIntroductionPage -->
  <system-out/>
  <testcase classname="dsAlgoTests.DataStructureTest" name="verifyCodeExecutionforDataStructureIntroductionPage" time="0.000">
    <skipped/>
  </testcase> <!-- verifyCodeExecutionforDataStructureIntroductionPage -->
  <system-out/>
  <testcase classname="dsAlgoTests.DataStructureTest" name="verifyCodeExecutionforDataStructureIntroductionPage" time="0.000">
    <skipped/>
  </testcase> <!-- verifyCodeExecutionforDataStructureIntroductionPage -->
  <system-out/>
  <testcase classname="dsAlgoTests.DataStructureTest" name="verifyCodeExecutionforDataStructureIntroductionPage" time="0.000">
    <skipped/>
  </testcase> <!-- verifyCodeExecutionforDataStructureIntroductionPage -->
  <system-out/>
  <testcase classname="dsAlgoTests.DataStructureTest" name="verifyCodeExecutionforDataStructureIntroductionPage" time="0.000">
    <skipped/>
  </testcase> <!-- verifyCodeExecutionforDataStructureIntroductionPage -->
  <system-out/>
  <testcase classname="dsAlgoTests.DataStructureTest" name="verifyCodeExecutionforDataStructureIntroductionPage" time="0.000">
    <skipped/>
  </testcase> <!-- verifyCodeExecutionforDataStructureIntroductionPage -->
  <system-out/>
  <testcase classname="dsAlgoTests.DataStructureTest" name="verifyCodeExecutionforDataStructureIntroductionPage" time="0.000">
    <skipped/>
  </testcase> <!-- verifyCodeExecutionforDataStructureIntroductionPage -->
  <system-out/>
  <testcase classname="dsAlgoTests.DataStructureTest" name="verifyCodeExecutionforDataStructureIntroductionPage" time="0.000">
    <skipped/>
  </testcase> <!-- verifyCodeExecutionforDataStructureIntroductionPage -->
  <system-out/>
  <testcase classname="dsAlgoTests.DataStructureTest" name="verifyCodeExecutionforDataStructureIntroductionPage" time="0.000">
    <skipped/>
  </testcase> <!-- verifyCodeExecutionforDataStructureIntroductionPage -->
  <system-out/>
  <testcase classname="dsAlgoTests.DataStructureTest" name="verifyCodeExecutionforDataStructureIntroductionPage" time="0.000">
    <skipped/>
  </testcase> <!-- verifyCodeExecutionforDataStructureIntroductionPage -->
  <system-out/>
  <testcase classname="dsAlgoTests.DataStructureTest" name="verifyCodeExecutionforDataStructureIntroductionPage" time="0.000">
    <skipped/>
  </testcase> <!-- verifyCodeExecutionforDataStructureIntroductionPage -->
  <system-out/>
  <testcase classname="dsAlgoTests.DataStructureTest" name="verifyCodeExecutionforDataStructureIntroductionPage" time="0.000">
    <skipped/>
  </testcase> <!-- verifyCodeExecutionforDataStructureIntroductionPage -->
  <system-out/>
  <testcase classname="dsAlgoTests.DataStructureTest" name="verifyCodeExecutionforDataStructureIntroductionPage" time="0.000">
    <skipped/>
  </testcase> <!-- verifyCodeExecutionforDataStructureIntroductionPage -->
  <system-out/>
  <testcase classname="dsAlgoTests.DataStructureTest" name="verifyCodeExecutionforDataStructureIntroductionPage" time="0.000">
    <skipped/>
  </testcase> <!-- verifyCodeExecutionforDataStructureIntroductionPage -->
  <system-out/>
  <testcase classname="dsAlgoTests.DataStructureTest" name="verifyCodeExecutionforDataStructureIntroductionPage" time="0.000">
    <skipped/>
  </testcase> <!-- verifyCodeExecutionforDataStructureIntroductionPage -->
  <system-out/>
  <testcase classname="dsAlgoTests.DataStructureTest" name="verifyCodeExecutionforDataStructureIntroductionPage" time="0.000">
    <skipped/>
  </testcase> <!-- verifyCodeExecutionforDataStructureIntroductionPage -->
  <system-out/>
  <testcase classname="dsAlgoTests.DataStructureTest" name="verifyCodeExecutionforDataStructureIntroductionPage" time="0.000">
    <skipped/>
  </testcase> <!-- verifyCodeExecutionforDataStructureIntroductionPage -->
  <system-out/>
  <testcase classname="dsAlgoTests.DataStructureTest" name="verifyCodeExecutionforDataStructureIntroductionPage" time="0.000">
    <skipped/>
  </testcase> <!-- verifyCodeExecutionforDataStructureIntroductionPage -->
  <system-out/>
  <testcase classname="dsAlgoTests.DataStructureTest" name="verifyCodeExecutionforDataStructureIntroductionPage" time="0.000">
    <skipped/>
  </testcase> <!-- verifyCodeExecutionforDataStructureIntroductionPage -->
  <system-out/>
  <testcase classname="dsAlgoTests.DataStructureTest" name="verifyCodeExecutionforDataStructureIntroductionPage" time="0.000">
    <skipped/>
  </testcase> <!-- verifyCodeExecutionforDataStructureIntroductionPage -->
  <system-out/>
  <testcase classname="dsAlgoTests.DataStructureTest" name="verifyCodeExecutionforDataStructureIntroductionPage" time="0.000">
    <skipped/>
  </testcase> <!-- verifyCodeExecutionforDataStructureIntroductionPage -->
  <system-out/>
  <testcase classname="dsAlgoTests.DataStructureTest" name="verifyCodeExecutionforDataStructureIntroductionPage" time="0.000">
    <skipped/>
  </testcase> <!-- verifyCodeExecutionforDataStructureIntroductionPage -->
  <system-out/>
  <testcase classname="dsAlgoTests.DataStructureTest" name="verifyCodeExecutionforDataStructureIntroductionPage" time="0.000">
    <skipped/>
  </testcase> <!-- verifyCodeExecutionforDataStructureIntroductionPage -->
  <system-out/>
  <testcase classname="dsAlgoTests.DataStructureTest" name="verifyCodeExecutionforDataStructureIntroductionPage" time="0.000">
    <skipped/>
  </testcase> <!-- verifyCodeExecutionforDataStructureIntroductionPage -->
  <system-out/>
  <testcase classname="dsAlgoTests.DataStructureTest" name="verifyCodeExecutionforDataStructureIntroductionPage" time="0.000">
    <skipped/>
  </testcase> <!-- verifyCodeExecutionforDataStructureIntroductionPage -->
  <system-out/>
  <testcase classname="dsAlgoTests.DataStructureTest" name="verifyCodeExecutionforDataStructureIntroductionPage" time="0.000">
    <skipped/>
  </testcase> <!-- verifyCodeExecutionforDataStructureIntroductionPage -->
  <system-out/>
  <testcase classname="dsAlgoTests.DataStructureTest" name="verifyCodeExecutionforDataStructureIntroductionPage" time="0.000">
    <skipped/>
  </testcase> <!-- verifyCodeExecutionforDataStructureIntroductionPage -->
  <system-out/>
  <testcase classname="dsAlgoTests.DataStructureTest" name="verifyCodeExecutionforDataStructureIntroductionPage" time="0.000">
    <skipped/>
  </testcase> <!-- verifyCodeExecutionforDataStructureIntroductionPage -->
  <system-out/>
  <testcase classname="dsAlgoTests.DataStructureTest" name="verifyCodeExecutionforDataStructureIntroductionPage" time="0.000">
    <skipped/>
  </testcase> <!-- verifyCodeExecutionforDataStructureIntroductionPage -->
  <system-out/>
  <testcase classname="dsAlgoTests.DataStructureTest" name="verifyCodeExecutionforDataStructureIntroductionPage" time="0.000">
    <skipped/>
  </testcase> <!-- verifyCodeExecutionforDataStructureIntroductionPage -->
  <system-out/>
  <testcase classname="dsAlgoTests.DataStructureTest" name="verifyCodeExecutionforDataStructureIntroductionPage" time="0.000">
    <skipped/>
  </testcase> <!-- verifyCodeExecutionforDataStructureIntroductionPage -->
  <system-out/>
  <testcase classname="dsAlgoTests.DataStructureTest" name="verifyCodeExecutionforDataStructureIntroductionPage" time="0.000">
    <skipped/>
  </testcase> <!-- verifyCodeExecutionforDataStructureIntroductionPage -->
  <system-out/>
  <testcase classname="dsAlgoTests.DataStructureTest" name="verifyCodeExecutionforDataStructureIntroductionPage" time="0.000">
    <skipped/>
  </testcase> <!-- verifyCodeExecutionforDataStructureIntroductionPage -->
  <system-out/>
  <testcase classname="dsAlgoTests.DataStructureTest" name="verifyCodeExecutionforDataStructureIntroductionPage" time="0.000">
    <skipped/>
  </testcase> <!-- verifyCodeExecutionforDataStructureIntroductionPage -->
  <system-out/>
  <testcase classname="dsAlgoTests.DataStructureTest" name="verifyCodeExecutionforDataStructureIntroductionPage" time="0.000">
    <skipped/>
  </testcase> <!-- verifyCodeExecutionforDataStructureIntroductionPage -->
  <system-out/>
  <testcase classname="dsAlgoTests.DataStructureTest" name="verifyCodeExecutionforDataStructureIntroductionPage" time="0.000">
    <skipped/>
  </testcase> <!-- verifyCodeExecutionforDataStructureIntroductionPage -->
  <system-out/>
  <testcase classname="dsAlgoTests.DataStructureTest" name="verifyCodeExecutionforDataStructureIntroductionPage" time="0.000">
    <skipped/>
  </testcase> <!-- verifyCodeExecutionforDataStructureIntroductionPage -->
  <system-out/>
  <testcase classname="dsAlgoTests.DataStructureTest" name="verifyCodeExecutionforDataStructureIntroductionPage" time="0.000">
    <skipped/>
  </testcase> <!-- verifyCodeExecutionforDataStructureIntroductionPage -->
  <system-out/>
  <testcase classname="dsAlgoTests.DataStructureTest" name="verifyCodeExecutionforDataStructureIntroductionPage" time="0.000">
    <skipped/>
  </testcase> <!-- verifyCodeExecutionforDataStructureIntroductionPage -->
  <system-out/>
  <testcase classname="dsAlgoTests.DataStructureTest" name="verifyCodeExecutionforDataStructureIntroductionPage" time="0.000">
    <skipped/>
  </testcase> <!-- verifyCodeExecutionforDataStructureIntroductionPage -->
  <system-out/>
  <testcase classname="dsAlgoTests.DataStructureTest" name="verifyCodeExecutionforDataStructureIntroductionPage" time="0.000">
    <skipped/>
  </testcase> <!-- verifyCodeExecutionforDataStructureIntroductionPage -->
  <system-out/>
  <testcase classname="dsAlgoTests.DataStructureTest" name="verifyCodeExecutionforDataStructureIntroductionPage" time="0.000">
    <skipped/>
  </testcase> <!-- verifyCodeExecutionforDataStructureIntroductionPage -->
  <system-out/>
  <testcase classname="dsAlgoTests.DataStructureTest" name="verifyCodeExecutionforDataStructureIntroductionPage" time="0.000">
    <skipped/>
  </testcase> <!-- verifyCodeExecutionforDataStructureIntroductionPage -->
  <system-out/>
  <testcase classname="dsAlgoTests.DataStructureTest" name="verifyCodeExecutionforDataStructureIntroductionPage" time="0.000">
    <skipped/>
  </testcase> <!-- verifyCodeExecutionforDataStructureIntroductionPage -->
  <system-out/>
  <testcase classname="dsAlgoTests.DataStructureTest" name="verifyCodeExecutionforDataStructureIntroductionPage" time="0.000">
    <skipped/>
  </testcase> <!-- verifyCodeExecutionforDataStructureIntroductionPage -->
  <system-out/>
  <testcase classname="dsAlgoTests.DataStructureTest" name="verifyCodeExecutionforDataStructureIntroductionPage" time="0.000">
    <skipped/>
  </testcase> <!-- verifyCodeExecutionforDataStructureIntroductionPage -->
  <system-out/>
  <testcase classname="dsAlgoTests.DataStructureTest" name="verifyCodeExecutionforDataStructureIntroductionPage" time="0.000">
    <skipped/>
  </testcase> <!-- verifyCodeExecutionforDataStructureIntroductionPage -->
  <system-out/>
  <testcase classname="dsAlgoTests.DataStructureTest" name="verifyCodeExecutionforDataStructureIntroductionPage" time="0.000">
    <skipped/>
  </testcase> <!-- verifyCodeExecutionforDataStructureIntroductionPage -->
  <system-out/>
  <testcase classname="dsAlgoTests.DataStructureTest" name="verifyCodeExecutionforDataStructureIntroductionPage" time="0.000">
    <skipped/>
  </testcase> <!-- verifyCodeExecutionforDataStructureIntroductionPage -->
  <system-out/>
  <testcase classname="dsAlgoTests.DataStructureTest" name="verifyCodeExecutionforDataStructureIntroductionPage" time="0.000">
    <skipped/>
  </testcase> <!-- verifyCodeExecutionforDataStructureIntroductionPage -->
  <system-out/>
  <testcase classname="dsAlgoTests.DataStructureTest" name="verifyCodeExecutionforDataStructureIntroductionPage" time="0.000">
    <skipped/>
  </testcase> <!-- verifyCodeExecutionforDataStructureIntroductionPage -->
  <system-out/>
  <testcase classname="dsAlgoTests.DataStructureTest" name="verifyCodeExecutionforDataStructureIntroductionPage" time="0.000">
    <skipped/>
  </testcase> <!-- verifyCodeExecutionforDataStructureIntroductionPage -->
  <system-out/>
  <testcase classname="dsAlgoTests.DataStructureTest" name="verifyCodeExecutionforDataStructureIntroductionPage" time="0.000">
    <skipped/>
  </testcase> <!-- verifyCodeExecutionforDataStructureIntroductionPage -->
  <system-out/>
  <testcase classname="dsAlgoTests.DataStructureTest" name="verifyCodeExecutionforDataStructureIntroductionPage" time="0.000">
    <skipped/>
  </testcase> <!-- verifyCodeExecutionforDataStructureIntroductionPage -->
  <system-out/>
  <testcase classname="dsAlgoTests.DataStructureTest" name="verifyCodeExecutionforDataStructureIntroductionPage" time="0.000">
    <skipped/>
  </testcase> <!-- verifyCodeExecutionforDataStructureIntroductionPage -->
  <system-out/>
  <testcase classname="dsAlgoTests.DataStructureTest" name="verifyCodeExecutionforDataStructureIntroductionPage" time="0.000">
    <skipped/>
  </testcase> <!-- verifyCodeExecutionforDataStructureIntroductionPage -->
  <system-out/>
  <testcase classname="dsAlgoTests.DataStructureTest" name="verifyCodeExecutionforDataStructureIntroductionPage" time="0.000">
    <skipped/>
  </testcase> <!-- verifyCodeExecutionforDataStructureIntroductionPage -->
  <system-out/>
  <testcase classname="dsAlgoTests.DataStructureTest" name="verifyCodeExecutionforDataStructureIntroductionPage" time="0.000">
    <skipped/>
  </testcase> <!-- verifyCodeExecutionforDataStructureIntroductionPage -->
  <system-out/>
  <testcase classname="dsAlgoTests.DataStructureTest" name="verifyCodeExecutionforDataStructureIntroductionPage" time="0.000">
    <skipped/>
  </testcase> <!-- verifyCodeExecutionforDataStructureIntroductionPage -->
  <system-out/>
  <testcase classname="dsAlgoTests.DataStructureTest" name="verifyCodeExecutionforDataStructureIntroductionPage" time="0.000">
    <skipped/>
  </testcase> <!-- verifyCodeExecutionforDataStructureIntroductionPage -->
  <system-out/>
  <testcase classname="dsAlgoTests.DataStructureTest" name="verifyCodeExecutionforDataStructureIntroductionPage" time="0.000">
    <skipped/>
  </testcase> <!-- verifyCodeExecutionforDataStructureIntroductionPage -->
  <system-out/>
  <testcase classname="dsAlgoTests.DataStructureTest" name="verifyCodeExecutionforDataStructureIntroductionPage" time="0.000">
    <skipped/>
  </testcase> <!-- verifyCodeExecutionforDataStructureIntroductionPage -->
  <system-out/>
  <testcase classname="dsAlgoTests.DataStructureTest" name="verifyCodeExecutionforDataStructureIntroductionPage" time="0.000">
    <skipped/>
  </testcase> <!-- verifyCodeExecutionforDataStructureIntroductionPage -->
  <system-out/>
  <testcase classname="dsAlgoTests.DataStructureTest" name="verifyCodeExecutionforDataStructureIntroductionPage" time="0.000">
    <skipped/>
  </testcase> <!-- verifyCodeExecutionforDataStructureIntroductionPage -->
  <system-out/>
  <testcase classname="dsAlgoTests.DataStructureTest" name="verifyCodeExecutionforDataStructureIntroductionPage" time="0.000">
    <skipped/>
  </testcase> <!-- verifyCodeExecutionforDataStructureIntroductionPage -->
  <system-out/>
  <testcase classname="dsAlgoTests.DataStructureTest" name="verifyCodeExecutionforDataStructureIntroductionPage" time="0.000">
    <skipped/>
  </testcase> <!-- verifyCodeExecutionforDataStructureIntroductionPage -->
  <system-out/>
  <testcase classname="dsAlgoTests.DataStructureTest" name="verifyCodeExecutionforDataStructureIntroductionPage" time="0.000">
    <skipped/>
  </testcase> <!-- verifyCodeExecutionforDataStructureIntroductionPage -->
  <system-out/>
  <testcase classname="dsAlgoTests.DataStructureTest" name="verifyCodeExecutionforDataStructureIntroductionPage" time="0.000">
    <skipped/>
  </testcase> <!-- verifyCodeExecutionforDataStructureIntroductionPage -->
  <system-out/>
  <testcase classname="dsAlgoTests.DataStructureTest" name="verifyCodeExecutionforDataStructureIntroductionPage" time="0.000">
    <skipped/>
  </testcase> <!-- verifyCodeExecutionforDataStructureIntroductionPage -->
  <system-out/>
  <testcase classname="dsAlgoTests.DataStructureTest" name="verifyCodeExecutionforDataStructureIntroductionPage" time="0.000">
    <skipped/>
  </testcase> <!-- verifyCodeExecutionforDataStructureIntroductionPage -->
  <system-out/>
  <testcase classname="dsAlgoTests.DataStructureTest" name="verifyCodeExecutionforDataStructureIntroductionPage" time="0.000">
    <skipped/>
  </testcase> <!-- verifyCodeExecutionforDataStructureIntroductionPage -->
  <system-out/>
  <testcase classname="dsAlgoTests.DataStructureTest" name="verifyCodeExecutionforDataStructureIntroductionPage" time="0.000">
    <skipped/>
  </testcase> <!-- verifyCodeExecutionforDataStructureIntroductionPage -->
  <system-out/>
  <testcase classname="dsAlgoTests.DataStructureTest" name="verifyCodeExecutionforDataStructureIntroductionPage" time="0.000">
    <skipped/>
  </testcase> <!-- verifyCodeExecutionforDataStructureIntroductionPage -->
  <system-out/>
  <testcase classname="dsAlgoTests.DataStructureTest" name="verifyCodeExecutionforDataStructureIntroductionPage" time="0.000">
    <skipped/>
  </testcase> <!-- verifyCodeExecutionforDataStructureIntroductionPage -->
  <system-out/>
  <testcase classname="dsAlgoTests.DataStructureTest" name="verifyCodeExecutionforDataStructureIntroductionPage" time="0.000">
    <skipped/>
  </testcase> <!-- verifyCodeExecutionforDataStructureIntroductionPage -->
  <system-out/>
  <testcase classname="dsAlgoTests.DataStructureTest" name="verifyCodeExecutionforDataStructureIntroductionPage" time="0.000">
    <skipped/>
  </testcase> <!-- verifyCodeExecutionforDataStructureIntroductionPage -->
  <system-out/>
  <testcase classname="dsAlgoTests.DataStructureTest" name="verifyCodeExecutionforDataStructureIntroductionPage" time="0.000">
    <skipped/>
  </testcase> <!-- verifyCodeExecutionforDataStructureIntroductionPage -->
  <system-out/>
  <testcase classname="dsAlgoTests.DataStructureTest" name="verifyCodeExecutionforDataStructureIntroductionPage" time="0.000">
    <skipped/>
  </testcase> <!-- verifyCodeExecutionforDataStructureIntroductionPage -->
  <system-out/>
  <testcase classname="dsAlgoTests.DataStructureTest" name="verifyCodeExecutionforDataStructureIntroductionPage" time="0.000">
    <skipped/>
  </testcase> <!-- verifyCodeExecutionforDataStructureIntroductionPage -->
  <system-out/>
  <testcase classname="dsAlgoTests.DataStructureTest" name="verifyCodeExecutionforDataStructureIntroductionPage" time="0.000">
    <skipped/>
  </testcase> <!-- verifyCodeExecutionforDataStructureIntroductionPage -->
  <system-out/>
  <testcase classname="dsAlgoTests.DataStructureTest" name="verifyCodeExecutionforDataStructureIntroductionPage" time="0.000">
    <skipped/>
  </testcase> <!-- verifyCodeExecutionforDataStructureIntroductionPage -->
  <system-out/>
  <testcase classname="dsAlgoTests.DataStructureTest" name="verifyCodeExecutionforDataStructureIntroductionPage" time="0.000">
    <skipped/>
  </testcase> <!-- verifyCodeExecutionforDataStructureIntroductionPage -->
  <system-out/>
  <testcase classname="dsAlgoTests.DataStructureTest" name="verifyCodeExecutionforDataStructureIntroductionPage" time="0.000">
    <skipped/>
  </testcase> <!-- verifyCodeExecutionforDataStructureIntroductionPage -->
  <system-out/>
  <testcase classname="dsAlgoTests.DataStructureTest" name="verifyCodeExecutionforDataStructureIntroductionPage" time="0.000">
    <skipped/>
  </testcase> <!-- verifyCodeExecutionforDataStructureIntroductionPage -->
  <system-out/>
  <testcase classname="dsAlgoTests.DataStructureTest" name="verifyCodeExecutionforDataStructureIntroductionPage" time="0.000">
    <skipped/>
  </testcase> <!-- verifyCodeExecutionforDataStructureIntroductionPage -->
  <system-out/>
  <testcase classname="dsAlgoTests.DataStructureTest" name="verifyCodeExecutionforDataStructureIntroductionPage" time="0.000">
    <skipped/>
  </testcase> <!-- verifyCodeExecutionforDataStructureIntroductionPage -->
  <system-out/>
  <testcase classname="dsAlgoTests.DataStructureTest" name="verifyCodeExecutionforDataStructureIntroductionPage" time="0.000">
    <skipped/>
  </testcase> <!-- verifyCodeExecutionforDataStructureIntroductionPage -->
  <system-out/>
  <testcase classname="dsAlgoTests.DataStructureTest" name="verifyCodeExecutionforDataStructureIntroductionPage" time="0.000">
    <skipped/>
  </testcase> <!-- verifyCodeExecutionforDataStructureIntroductionPage -->
  <system-out/>
  <testcase classname="dsAlgoTests.DataStructureTest" name="verifyCodeExecutionforDataStructureIntroductionPage" time="0.000">
    <skipped/>
  </testcase> <!-- verifyCodeExecutionforDataStructureIntroductionPage -->
  <system-out/>
  <testcase classname="dsAlgoTests.DataStructureTest" name="verifyCodeExecutionforDataStructureIntroductionPage" time="0.000">
    <skipped/>
  </testcase> <!-- verifyCodeExecutionforDataStructureIntroductionPage -->
  <system-out/>
  <testcase classname="dsAlgoTests.DataStructureTest" name="verifyCodeExecutionforDataStructureIntroductionPage" time="0.000">
    <skipped/>
  </testcase> <!-- verifyCodeExecutionforDataStructureIntroductionPage -->
  <system-out/>
  <testcase classname="dsAlgoTests.DataStructureTest" name="verifyCodeExecutionforDataStructureIntroductionPage" time="0.000">
    <skipped/>
  </testcase> <!-- verifyCodeExecutionforDataStructureIntroductionPage -->
  <system-out/>
  <testcase classname="dsAlgoTests.DataStructureTest" name="verifyCodeExecutionforDataStructureIntroductionPage" time="0.000">
    <skipped/>
  </testcase> <!-- verifyCodeExecutionforDataStructureIntroductionPage -->
  <system-out/>
  <testcase classname="dsAlgoTests.DataStructureTest" name="verifyCodeExecutionforDataStructureIntroductionPage" time="0.000">
    <skipped/>
  </testcase> <!-- verifyCodeExecutionforDataStructureIntroductionPage -->
  <system-out/>
  <testcase classname="dsAlgoTests.DataStructureTest" name="verifyCodeExecutionforDataStructureIntroductionPage" time="0.000">
    <skipped/>
  </testcase> <!-- verifyCodeExecutionforDataStructureIntroductionPage -->
  <system-out/>
  <testcase classname="dsAlgoTests.DataStructureTest" name="verifyCodeExecutionforDataStructureIntroductionPage" time="0.000">
    <skipped/>
  </testcase> <!-- verifyCodeExecutionforDataStructureIntroductionPage -->
  <system-out/>
  <testcase classname="dsAlgoTests.DataStructureTest" name="verifyCodeExecutionforDataStructureIntroductionPage" time="0.000">
    <skipped/>
  </testcase> <!-- verifyCodeExecutionforDataStructureIntroductionPage -->
  <system-out/>
  <testcase classname="dsAlgoTests.DataStructureTest" name="verifyCodeExecutionforDataStructureIntroductionPage" time="0.000">
    <skipped/>
  </testcase> <!-- verifyCodeExecutionforDataStructureIntroductionPage -->
  <system-out/>
  <testcase classname="dsAlgoTests.DataStructureTest" name="verifyCodeExecutionforDataStructureIntroductionPage" time="0.000">
    <skipped/>
  </testcase> <!-- verifyCodeExecutionforDataStructureIntroductionPage -->
  <system-out/>
  <testcase classname="dsAlgoTests.DataStructureTest" name="verifyCodeExecutionforDataStructureIntroductionPage" time="0.000">
    <skipped/>
  </testcase> <!-- verifyCodeExecutionforDataStructureIntroductionPage -->
  <system-out/>
  <testcase classname="dsAlgoTests.DataStructureTest" name="verifyCodeExecutionforDataStructureIntroductionPage" time="0.000">
    <skipped/>
  </testcase> <!-- verifyCodeExecutionforDataStructureIntroductionPage -->
  <system-out/>
  <testcase classname="dsAlgoTests.DataStructureTest" name="verifyCodeExecutionforDataStructureIntroductionPage" time="0.000">
    <skipped/>
  </testcase> <!-- verifyCodeExecutionforDataStructureIntroductionPage -->
  <system-out/>
  <testcase classname="dsAlgoTests.DataStructureTest" name="verifyCodeExecutionforDataStructureIntroductionPage" time="0.000">
    <skipped/>
  </testcase> <!-- verifyCodeExecutionforDataStructureIntroductionPage -->
  <system-out/>
  <testcase classname="dsAlgoTests.DataStructureTest" name="verifyCodeExecutionforDataStructureIntroductionPage" time="0.000">
    <skipped/>
  </testcase> <!-- verifyCodeExecutionforDataStructureIntroductionPage -->
  <system-out/>
  <testcase classname="dsAlgoTests.DataStructureTest" name="verifyCodeExecutionforDataStructureIntroductionPage" time="0.000">
    <skipped/>
  </testcase> <!-- verifyCodeExecutionforDataStructureIntroductionPage -->
  <system-out/>
  <testcase classname="dsAlgoTests.DataStructureTest" name="verifyCodeExecutionforDataStructureIntroductionPage" time="0.000">
    <skipped/>
  </testcase> <!-- verifyCodeExecutionforDataStructureIntroductionPage -->
  <system-out/>
  <testcase classname="dsAlgoTests.DataStructureTest" name="verifyCodeExecutionforDataStructureIntroductionPage" time="0.000">
    <skipped/>
  </testcase> <!-- verifyCodeExecutionforDataStructureIntroductionPage -->
  <system-out/>
  <testcase classname="dsAlgoTests.DataStructureTest" name="verifyCodeExecutionforDataStructureIntroductionPage" time="0.000">
    <skipped/>
  </testcase> <!-- verifyCodeExecutionforDataStructureIntroductionPage -->
  <system-out/>
  <testcase classname="dsAlgoTests.DataStructureTest" name="verifyCodeExecutionforDataStructureIntroductionPage" time="0.000">
    <skipped/>
  </testcase> <!-- verifyCodeExecutionforDataStructureIntroductionPage -->
  <system-out/>
  <testcase classname="dsAlgoTests.DataStructureTest" name="verifyCodeExecutionforDataStructureIntroductionPage" time="0.000">
    <skipped/>
  </testcase> <!-- verifyCodeExecutionforDataStructureIntroductionPage -->
  <system-out/>
  <testcase classname="dsAlgoTests.DataStructureTest" name="verifyCodeExecutionforDataStructureIntroductionPage" time="0.000">
    <skipped/>
  </testcase> <!-- verifyCodeExecutionforDataStructureIntroductionPage -->
  <system-out/>
  <testcase classname="dsAlgoTests.DataStructureTest" name="verifyCodeExecutionforDataStructureIntroductionPage" time="0.000">
    <skipped/>
  </testcase> <!-- verifyCodeExecutionforDataStructureIntroductionPage -->
  <system-out/>
  <testcase classname="dsAlgoTests.DataStructureTest" name="verifyCodeExecutionforDataStructureIntroductionPage" time="0.000">
    <skipped/>
  </testcase> <!-- verifyCodeExecutionforDataStructureIntroductionPage -->
  <system-out/>
  <testcase classname="dsAlgoTests.DataStructureTest" name="verifyCodeExecutionforDataStructureIntroductionPage" time="0.000">
    <skipped/>
  </testcase> <!-- verifyCodeExecutionforDataStructureIntroductionPage -->
  <system-out/>
  <testcase classname="dsAlgoTests.DataStructureTest" name="verifyCodeExecutionforDataStructureIntroductionPage" time="0.000">
    <skipped/>
  </testcase> <!-- verifyCodeExecutionforDataStructureIntroductionPage -->
  <system-out/>
  <testcase classname="dsAlgoTests.DataStructureTest" name="verifyCodeExecutionforDataStructureIntroductionPage" time="0.000">
    <skipped/>
  </testcase> <!-- verifyCodeExecutionforDataStructureIntroductionPage -->
  <system-out/>
  <testcase classname="dsAlgoTests.DataStructureTest" name="verifyCodeExecutionforDataStructureIntroductionPage" time="0.000">
    <skipped/>
  </testcase> <!-- verifyCodeExecutionforDataStructureIntroductionPage -->
  <system-out/>
  <testcase classname="dsAlgoTests.DataStructureTest" name="verifyCodeExecutionforDataStructureIntroductionPage" time="0.000">
    <skipped/>
  </testcase> <!-- verifyCodeExecutionforDataStructureIntroductionPage -->
  <system-out/>
  <testcase classname="dsAlgoTests.DataStructureTest" name="verifyCodeExecutionforDataStructureIntroductionPage" time="0.000">
    <skipped/>
  </testcase> <!-- verifyCodeExecutionforDataStructureIntroductionPage -->
  <system-out/>
  <testcase classname="dsAlgoTests.DataStructureTest" name="verifyCodeExecutionforDataStructureIntroductionPage" time="0.000">
    <skipped/>
  </testcase> <!-- verifyCodeExecutionforDataStructureIntroductionPage -->
  <system-out/>
  <testcase classname="dsAlgoTests.DataStructureTest" name="verifyCodeExecutionforDataStructureIntroductionPage" time="0.000">
    <skipped/>
  </testcase> <!-- verifyCodeExecutionforDataStructureIntroductionPage -->
  <system-out/>
  <testcase classname="dsAlgoTests.DataStructureTest" name="verifyCodeExecutionforDataStructureIntroductionPage" time="0.000">
    <skipped/>
  </testcase> <!-- verifyCodeExecutionforDataStructureIntroductionPage -->
  <system-out/>
  <testcase classname="dsAlgoTests.DataStructureTest" name="verifyCodeExecutionforDataStructureIntroductionPage" time="0.000">
    <skipped/>
  </testcase> <!-- verifyCodeExecutionforDataStructureIntroductionPage -->
  <system-out/>
  <testcase classname="dsAlgoTests.DataStructureTest" name="verifyCodeExecutionforDataStructureIntroductionPage" time="0.000">
    <skipped/>
  </testcase> <!-- verifyCodeExecutionforDataStructureIntroductionPage -->
  <system-out/>
  <testcase classname="dsAlgoTests.DataStructureTest" name="verifyCodeExecutionforDataStructureIntroductionPage" time="0.000">
    <skipped/>
  </testcase> <!-- verifyCodeExecutionforDataStructureIntroductionPage -->
  <system-out/>
  <testcase classname="dsAlgoTests.DataStructureTest" name="verifyCodeExecutionforDataStructureIntroductionPage" time="0.000">
    <skipped/>
  </testcase> <!-- verifyCodeExecutionforDataStructureIntroductionPage -->
  <system-out/>
  <testcase classname="dsAlgoTests.DataStructureTest" name="verifyCodeExecutionforDataStructureIntroductionPage" time="0.000">
    <skipped/>
  </testcase> <!-- verifyCodeExecutionforDataStructureIntroductionPage -->
  <system-out/>
  <testcase classname="dsAlgoTests.DataStructureTest" name="verifyCodeExecutionforDataStructureIntroductionPage" time="0.000">
    <skipped/>
  </testcase> <!-- verifyCodeExecutionforDataStructureIntroductionPage -->
  <system-out/>
  <testcase classname="dsAlgoTests.DataStructureTest" name="verifyCodeExecutionforDataStructureIntroductionPage" time="0.000">
    <skipped/>
  </testcase> <!-- verifyCodeExecutionforDataStructureIntroductionPage -->
  <system-out/>
  <testcase classname="dsAlgoTests.DataStructureTest" name="verifyCodeExecutionforDataStructureIntroductionPage" time="0.000">
    <skipped/>
  </testcase> <!-- verifyCodeExecutionforDataStructureIntroductionPage -->
  <system-out/>
  <testcase classname="dsAlgoTests.DataStructureTest" name="verifyCodeExecutionforDataStructureIntroductionPage" time="0.000">
    <skipped/>
  </testcase> <!-- verifyCodeExecutionforDataStructureIntroductionPage -->
  <system-out/>
  <testcase classname="dsAlgoTests.DataStructureTest" name="verifyCodeExecutionforDataStructureIntroductionPage" time="0.000">
    <skipped/>
  </testcase> <!-- verifyCodeExecutionforDataStructureIntroductionPage -->
  <system-out/>
  <testcase classname="dsAlgoTests.DataStructureTest" name="verifyCodeExecutionforDataStructureIntroductionPage" time="0.000">
    <skipped/>
  </testcase> <!-- verifyCodeExecutionforDataStructureIntroductionPage -->
  <system-out/>
  <testcase classname="dsAlgoTests.DataStructureTest" name="verifyCodeExecutionforDataStructureIntroductionPage" time="0.000">
    <skipped/>
  </testcase> <!-- verifyCodeExecutionforDataStructureIntroductionPage -->
  <system-out/>
  <testcase classname="dsAlgoTests.DataStructureTest" name="verifyCodeExecutionforDataStructureIntroductionPage" time="0.000">
    <skipped/>
  </testcase> <!-- verifyCodeExecutionforDataStructureIntroductionPage -->
  <system-out/>
  <testcase classname="dsAlgoTests.DataStructureTest" name="verifyCodeExecutionforDataStructureIntroductionPage" time="0.000">
    <skipped/>
  </testcase> <!-- verifyCodeExecutionforDataStructureIntroductionPage -->
  <system-out/>
  <testcase classname="dsAlgoTests.DataStructureTest" name="verifyCodeExecutionforDataStructureIntroductionPage" time="0.000">
    <skipped/>
  </testcase> <!-- verifyCodeExecutionforDataStructureIntroductionPage -->
  <system-out/>
  <testcase classname="dsAlgoTests.DataStructureTest" name="verifyCodeExecutionforDataStructureIntroductionPage" time="0.000">
    <skipped/>
  </testcase> <!-- verifyCodeExecutionforDataStructureIntroductionPage -->
  <system-out/>
  <testcase classname="dsAlgoTests.DataStructureTest" name="verifyCodeExecutionforDataStructureIntroductionPage" time="0.000">
    <skipped/>
  </testcase> <!-- verifyCodeExecutionforDataStructureIntroductionPage -->
  <system-out/>
  <testcase classname="dsAlgoTests.DataStructureTest" name="verifyCodeExecutionforDataStructureIntroductionPage" time="0.000">
    <skipped/>
  </testcase> <!-- verifyCodeExecutionforDataStructureIntroductionPage -->
  <system-out/>
  <testcase classname="dsAlgoTests.DataStructureTest" name="verifyCodeExecutionforDataStructureIntroductionPage" time="0.000">
    <skipped/>
  </testcase> <!-- verifyCodeExecutionforDataStructureIntroductionPage -->
  <system-out/>
  <testcase classname="dsAlgoTests.DataStructureTest" name="verifyCodeExecutionforDataStructureIntroductionPage" time="0.000">
    <skipped/>
  </testcase> <!-- verifyCodeExecutionforDataStructureIntroductionPage -->
  <system-out/>
  <testcase classname="dsAlgoTests.DataStructureTest" name="verifyCodeExecutionforDataStructureIntroductionPage" time="0.000">
    <skipped/>
  </testcase> <!-- verifyCodeExecutionforDataStructureIntroductionPage -->
  <system-out/>
  <testcase classname="dsAlgoTests.DataStructureTest" name="verifyCodeExecutionforDataStructureIntroductionPage" time="0.000">
    <skipped/>
  </testcase> <!-- verifyCodeExecutionforDataStructureIntroductionPage -->
  <system-out/>
  <testcase classname="dsAlgoTests.DataStructureTest" name="verifyCodeExecutionforDataStructureIntroductionPage" time="0.000">
    <skipped/>
  </testcase> <!-- verifyCodeExecutionforDataStructureIntroductionPage -->
  <system-out/>
  <testcase classname="dsAlgoTests.DataStructureTest" name="verifyCodeExecutionforDataStructureIntroductionPage" time="0.000">
    <skipped/>
  </testcase> <!-- verifyCodeExecutionforDataStructureIntroductionPage -->
  <system-out/>
  <testcase classname="dsAlgoTests.DataStructureTest" name="verifyCodeExecutionforDataStructureIntroductionPage" time="0.000">
    <skipped/>
  </testcase> <!-- verifyCodeExecutionforDataStructureIntroductionPage -->
  <system-out/>
  <testcase classname="dsAlgoTests.DataStructureTest" name="verifyCodeExecutionforDataStructureIntroductionPage" time="0.000">
    <skipped/>
  </testcase> <!-- verifyCodeExecutionforDataStructureIntroductionPage -->
  <system-out/>
  <testcase classname="dsAlgoTests.DataStructureTest" name="verifyCodeExecutionforDataStructureIntroductionPage" time="0.000">
    <skipped/>
  </testcase> <!-- verifyCodeExecutionforDataStructureIntroductionPage -->
  <system-out/>
  <testcase classname="dsAlgoTests.DataStructureTest" name="verifyCodeExecutionforDataStructureIntroductionPage" time="0.000">
    <skipped/>
  </testcase> <!-- verifyCodeExecutionforDataStructureIntroductionPage -->
  <system-out/>
  <testcase classname="dsAlgoTests.DataStructureTest" name="verifyCodeExecutionforDataStructureIntroductionPage" time="0.000">
    <skipped/>
  </testcase> <!-- verifyCodeExecutionforDataStructureIntroductionPage -->
  <system-out/>
  <testcase classname="dsAlgoTests.DataStructureTest" name="verifyCodeExecutionforDataStructureIntroductionPage" time="0.000">
    <skipped/>
  </testcase> <!-- verifyCodeExecutionforDataStructureIntroductionPage -->
  <system-out/>
  <testcase classname="dsAlgoTests.DataStructureTest" name="verifyCodeExecutionforDataStructureIntroductionPage" time="0.000">
    <skipped/>
  </testcase> <!-- verifyCodeExecutionforDataStructureIntroductionPage -->
  <system-out/>
  <testcase classname="dsAlgoTests.DataStructureTest" name="verifyCodeExecutionforDataStructureIntroductionPage" time="0.000">
    <skipped/>
  </testcase> <!-- verifyCodeExecutionforDataStructureIntroductionPage -->
  <system-out/>
  <testcase classname="dsAlgoTests.DataStructureTest" name="verifyCodeExecutionforDataStructureIntroductionPage" time="0.000">
    <skipped/>
  </testcase> <!-- verifyCodeExecutionforDataStructureIntroductionPage -->
  <system-out/>
  <testcase classname="dsAlgoTests.DataStructureTest" name="verifyCodeExecutionforDataStructureIntroductionPage" time="0.000">
    <skipped/>
  </testcase> <!-- verifyCodeExecutionforDataStructureIntroductionPage -->
  <system-out/>
  <testcase classname="dsAlgoTests.DataStructureTest" name="verifyCodeExecutionforDataStructureIntroductionPage" time="0.000">
    <skipped/>
  </testcase> <!-- verifyCodeExecutionforDataStructureIntroductionPage -->
  <system-out/>
  <testcase classname="dsAlgoTests.DataStructureTest" name="verifyCodeExecutionforDataStructureIntroductionPage" time="0.000">
    <skipped/>
  </testcase> <!-- verifyCodeExecutionforDataStructureIntroductionPage -->
  <system-out/>
  <testcase classname="dsAlgoTests.DataStructureTest" name="verifyCodeExecutionforDataStructureIntroductionPage" time="0.000">
    <skipped/>
  </testcase> <!-- verifyCodeExecutionforDataStructureIntroductionPage -->
  <system-out/>
  <testcase classname="dsAlgoTests.DataStructureTest" name="verifyCodeExecutionforDataStructureIntroductionPage" time="0.000">
    <skipped/>
  </testcase> <!-- verifyCodeExecutionforDataStructureIntroductionPage -->
  <system-out/>
  <testcase classname="dsAlgoTests.DataStructureTest" name="verifyCodeExecutionforDataStructureIntroductionPage" time="0.000">
    <skipped/>
  </testcase> <!-- verifyCodeExecutionforDataStructureIntroductionPage -->
  <system-out/>
  <testcase classname="dsAlgoTests.DataStructureTest" name="verifyCodeExecutionforDataStructureIntroductionPage" time="0.000">
    <skipped/>
  </testcase> <!-- verifyCodeExecutionforDataStructureIntroductionPage -->
  <system-out/>
  <testcase classname="dsAlgoTests.DataStructureTest" name="verifyCodeExecutionforDataStructureIntroductionPage" time="0.000">
    <skipped/>
  </testcase> <!-- verifyCodeExecutionforDataStructureIntroductionPage -->
  <system-out/>
  <testcase classname="dsAlgoTests.DataStructureTest" name="verifyCodeExecutionforDataStructureIntroductionPage" time="0.000">
    <skipped/>
  </testcase> <!-- verifyCodeExecutionforDataStructureIntroductionPage -->
  <system-out/>
  <testcase classname="dsAlgoTests.DataStructureTest" name="verifyCodeExecutionforDataStructureIntroductionPage" time="0.000">
    <skipped/>
  </testcase> <!-- verifyCodeExecutionforDataStructureIntroductionPage -->
  <system-out/>
  <testcase classname="dsAlgoTests.DataStructureTest" name="verifyCodeExecutionforDataStructureIntroductionPage" time="0.000">
    <skipped/>
  </testcase> <!-- verifyCodeExecutionforDataStructureIntroductionPage -->
  <system-out/>
  <testcase classname="dsAlgoTests.DataStructureTest" name="verifyCodeExecutionforDataStructureIntroductionPage" time="0.000">
    <skipped/>
  </testcase> <!-- verifyCodeExecutionforDataStructureIntroductionPage -->
  <system-out/>
  <testcase classname="dsAlgoTests.DataStructureTest" name="verifyCodeExecutionforDataStructureIntroductionPage" time="0.000">
    <skipped/>
  </testcase> <!-- verifyCodeExecutionforDataStructureIntroductionPage -->
  <system-out/>
  <testcase classname="dsAlgoTests.DataStructureTest" name="verifyCodeExecutionforDataStructureIntroductionPage" time="0.000">
    <skipped/>
  </testcase> <!-- verifyCodeExecutionforDataStructureIntroductionPage -->
  <system-out/>
  <testcase classname="dsAlgoTests.DataStructureTest" name="verifyCodeExecutionforDataStructureIntroductionPage" time="0.000">
    <skipped/>
  </testcase> <!-- verifyCodeExecutionforDataStructureIntroductionPage -->
  <system-out/>
  <testcase classname="dsAlgoTests.DataStructureTest" name="verifyCodeExecutionforDataStructureIntroductionPage" time="0.000">
    <skipped/>
  </testcase> <!-- verifyCodeExecutionforDataStructureIntroductionPage -->
  <system-out/>
  <testcase classname="dsAlgoTests.DataStructureTest" name="verifyCodeExecutionforDataStructureIntroductionPage" time="0.000">
    <skipped/>
  </testcase> <!-- verifyCodeExecutionforDataStructureIntroductionPage -->
  <system-out/>
  <testcase classname="dsAlgoTests.DataStructureTest" name="verifyCodeExecutionforDataStructureIntroductionPage" time="0.000">
    <skipped/>
  </testcase> <!-- verifyCodeExecutionforDataStructureIntroductionPage -->
  <system-out/>
  <testcase classname="dsAlgoTests.DataStructureTest" name="verifyCodeExecutionforDataStructureIntroductionPage" time="0.000">
    <skipped/>
  </testcase> <!-- verifyCodeExecutionforDataStructureIntroductionPage -->
  <system-out/>
  <testcase classname="dsAlgoTests.DataStructureTest" name="verifyCodeExecutionforDataStructureIntroductionPage" time="0.000">
    <skipped/>
  </testcase> <!-- verifyCodeExecutionforDataStructureIntroductionPage -->
  <system-out/>
  <testcase classname="dsAlgoTests.DataStructureTest" name="verifyCodeExecutionforDataStructureIntroductionPage" time="0.000">
    <skipped/>
  </testcase> <!-- verifyCodeExecutionforDataStructureIntroductionPage -->
  <system-out/>
  <testcase classname="dsAlgoTests.DataStructureTest" name="verifyCodeExecutionforDataStructureIntroductionPage" time="0.000">
    <skipped/>
  </testcase> <!-- verifyCodeExecutionforDataStructureIntroductionPage -->
  <system-out/>
  <testcase classname="dsAlgoTests.DataStructureTest" name="verifyCodeExecutionforDataStructureIntroductionPage" time="0.000">
    <skipped/>
  </testcase> <!-- verifyCodeExecutionforDataStructureIntroductionPage -->
  <system-out/>
  <testcase classname="dsAlgoTests.DataStructureTest" name="verifyCodeExecutionforDataStructureIntroductionPage" time="0.000">
    <skipped/>
  </testcase> <!-- verifyCodeExecutionforDataStructureIntroductionPage -->
  <system-out/>
  <testcase classname="dsAlgoTests.DataStructureTest" name="verifyCodeExecutionforDataStructureIntroductionPage" time="0.000">
    <skipped/>
  </testcase> <!-- verifyCodeExecutionforDataStructureIntroductionPage -->
  <system-out/>
  <testcase classname="dsAlgoTests.DataStructureTest" name="verifyCodeExecutionforDataStructureIntroductionPage" time="0.000">
    <skipped/>
  </testcase> <!-- verifyCodeExecutionforDataStructureIntroductionPage -->
  <system-out/>
  <testcase classname="dsAlgoTests.DataStructureTest" name="verifyCodeExecutionforDataStructureIntroductionPage" time="0.000">
    <skipped/>
  </testcase> <!-- verifyCodeExecutionforDataStructureIntroductionPage -->
  <system-out/>
  <testcase classname="dsAlgoTests.DataStructureTest" name="verifyCodeExecutionforDataStructureIntroductionPage" time="0.000">
    <skipped/>
  </testcase> <!-- verifyCodeExecutionforDataStructureIntroductionPage -->
  <system-out/>
  <testcase classname="dsAlgoTests.DataStructureTest" name="verifyCodeExecutionforDataStructureIntroductionPage" time="0.000">
    <skipped/>
  </testcase> <!-- verifyCodeExecutionforDataStructureIntroductionPage -->
  <system-out/>
  <testcase classname="dsAlgoTests.DataStructureTest" name="verifyCodeExecutionforDataStructureIntroductionPage" time="0.000">
    <skipped/>
  </testcase> <!-- verifyCodeExecutionforDataStructureIntroductionPage -->
  <system-out/>
  <testcase classname="dsAlgoTests.DataStructureTest" name="verifyCodeExecutionforDataStructureIntroductionPage" time="0.000">
    <skipped/>
  </testcase> <!-- verifyCodeExecutionforDataStructureIntroductionPage -->
  <system-out/>
  <testcase classname="dsAlgoTests.DataStructureTest" name="verifyCodeExecutionforDataStructureIntroductionPage" time="0.000">
    <skipped/>
  </testcase> <!-- verifyCodeExecutionforDataStructureIntroductionPage -->
  <system-out/>
  <testcase classname="dsAlgoTests.DataStructureTest" name="verifyCodeExecutionforDataStructureIntroductionPage" time="0.000">
    <skipped/>
  </testcase> <!-- verifyCodeExecutionforDataStructureIntroductionPage -->
  <system-out/>
  <testcase classname="dsAlgoTests.DataStructureTest" name="verifyCodeExecutionforDataStructureIntroductionPage" time="0.000">
    <skipped/>
  </testcase> <!-- verifyCodeExecutionforDataStructureIntroductionPage -->
  <system-out/>
  <testcase classname="dsAlgoTests.DataStructureTest" name="verifyCodeExecutionforDataStructureIntroductionPage" time="0.000">
    <skipped/>
  </testcase> <!-- verifyCodeExecutionforDataStructureIntroductionPage -->
  <system-out/>
  <testcase classname="dsAlgoTests.DataStructureTest" name="verifyCodeExecutionforDataStructureIntroductionPage" time="0.000">
    <skipped/>
  </testcase> <!-- verifyCodeExecutionforDataStructureIntroductionPage -->
  <system-out/>
  <testcase classname="dsAlgoTests.DataStructureTest" name="verifyCodeExecutionforDataStructureIntroductionPage" time="0.000">
    <skipped/>
  </testcase> <!-- verifyCodeExecutionforDataStructureIntroductionPage -->
  <system-out/>
  <testcase classname="dsAlgoTests.DataStructureTest" name="verifyCodeExecutionforDataStructureIntroductionPage" time="0.000">
    <skipped/>
  </testcase> <!-- verifyCodeExecutionforDataStructureIntroductionPage -->
  <system-out/>
  <testcase classname="dsAlgoTests.DataStructureTest" name="verifyCodeExecutionforDataStructureIntroductionPage" time="0.000">
    <skipped/>
  </testcase> <!-- verifyCodeExecutionforDataStructureIntroductionPage -->
  <system-out/>
  <testcase classname="dsAlgoTests.DataStructureTest" name="verifyCodeExecutionforDataStructureIntroductionPage" time="0.000">
    <skipped/>
  </testcase> <!-- verifyCodeExecutionforDataStructureIntroductionPage -->
  <system-out/>
  <testcase classname="dsAlgoTests.DataStructureTest" name="verifyCodeExecutionforDataStructureIntroductionPage" time="0.000">
    <skipped/>
  </testcase> <!-- verifyCodeExecutionforDataStructureIntroductionPage -->
  <system-out/>
  <testcase classname="dsAlgoTests.DataStructureTest" name="verifyCodeExecutionforDataStructureIntroductionPage" time="0.000">
    <skipped/>
  </testcase> <!-- verifyCodeExecutionforDataStructureIntroductionPage -->
  <system-out/>
  <testcase classname="dsAlgoTests.DataStructureTest" name="verifyCodeExecutionforDataStructureIntroductionPage" time="0.000">
    <skipped/>
  </testcase> <!-- verifyCodeExecutionforDataStructureIntroductionPage -->
  <system-out/>
  <testcase classname="dsAlgoTests.DataStructureTest" name="verifyCodeExecutionforDataStructureIntroductionPage" time="0.000">
    <skipped/>
  </testcase> <!-- verifyCodeExecutionforDataStructureIntroductionPage -->
  <system-out/>
  <testcase classname="dsAlgoTests.DataStructureTest" name="verifyCodeExecutionforDataStructureIntroductionPage" time="0.000">
    <skipped/>
  </testcase> <!-- verifyCodeExecutionforDataStructureIntroductionPage -->
  <system-out/>
  <testcase classname="dsAlgoTests.DataStructureTest" name="verifyCodeExecutionforDataStructureIntroductionPage" time="0.000">
    <skipped/>
  </testcase> <!-- verifyCodeExecutionforDataStructureIntroductionPage -->
  <system-out/>
  <testcase classname="dsAlgoTests.DataStructureTest" name="verifyCodeExecutionforDataStructureIntroductionPage" time="0.000">
    <skipped/>
  </testcase> <!-- verifyCodeExecutionforDataStructureIntroductionPage -->
  <system-out/>
  <testcase classname="dsAlgoTests.DataStructureTest" name="verifyCodeExecutionforDataStructureIntroductionPage" time="0.000">
    <skipped/>
  </testcase> <!-- verifyCodeExecutionforDataStructureIntroductionPage -->
  <system-out/>
  <testcase classname="dsAlgoTests.DataStructureTest" name="verifyCodeExecutionforDataStructureIntroductionPage" time="0.000">
    <skipped/>
  </testcase> <!-- verifyCodeExecutionforDataStructureIntroductionPage -->
  <system-out/>
  <testcase classname="dsAlgoTests.DataStructureTest" name="verifyCodeExecutionforDataStructureIntroductionPage" time="0.000">
    <skipped/>
  </testcase> <!-- verifyCodeExecutionforDataStructureIntroductionPage -->
  <system-out/>
  <testcase classname="dsAlgoTests.DataStructureTest" name="verifyCodeExecutionforDataStructureIntroductionPage" time="0.000">
    <skipped/>
  </testcase> <!-- verifyCodeExecutionforDataStructureIntroductionPage -->
  <system-out/>
  <testcase classname="dsAlgoTests.DataStructureTest" name="verifyCodeExecutionforDataStructureIntroductionPage" time="0.000">
    <skipped/>
  </testcase> <!-- verifyCodeExecutionforDataStructureIntroductionPage -->
  <system-out/>
  <testcase classname="dsAlgoTests.DataStructureTest" name="verifyCodeExecutionforDataStructureIntroductionPage" time="0.000">
    <skipped/>
  </testcase> <!-- verifyCodeExecutionforDataStructureIntroductionPage -->
  <system-out/>
  <testcase classname="dsAlgoTests.DataStructureTest" name="verifyCodeExecutionforDataStructureIntroductionPage" time="0.000">
    <skipped/>
  </testcase> <!-- verifyCodeExecutionforDataStructureIntroductionPage -->
  <system-out/>
  <testcase classname="dsAlgoTests.DataStructureTest" name="verifyCodeExecutionforDataStructureIntroductionPage" time="0.000">
    <skipped/>
  </testcase> <!-- verifyCodeExecutionforDataStructureIntroductionPage -->
  <system-out/>
  <testcase classname="dsAlgoTests.DataStructureTest" name="verifyCodeExecutionforDataStructureIntroductionPage" time="0.000">
    <skipped/>
  </testcase> <!-- verifyCodeExecutionforDataStructureIntroductionPage -->
  <system-out/>
  <testcase classname="dsAlgoTests.DataStructureTest" name="verifyCodeExecutionforDataStructureIntroductionPage" time="0.000">
    <skipped/>
  </testcase> <!-- verifyCodeExecutionforDataStructureIntroductionPage -->
  <system-out/>
  <testcase classname="dsAlgoTests.DataStructureTest" name="verifyCodeExecutionforDataStructureIntroductionPage" time="0.000">
    <skipped/>
  </testcase> <!-- verifyCodeExecutionforDataStructureIntroductionPage -->
  <system-out/>
  <testcase classname="dsAlgoTests.DataStructureTest" name="verifyCodeExecutionforDataStructureIntroductionPage" time="0.000">
    <skipped/>
  </testcase> <!-- verifyCodeExecutionforDataStructureIntroductionPage -->
  <system-out/>
  <testcase classname="dsAlgoTests.DataStructureTest" name="verifyCodeExecutionforDataStructureIntroductionPage" time="0.000">
    <skipped/>
  </testcase> <!-- verifyCodeExecutionforDataStructureIntroductionPage -->
  <system-out/>
  <testcase classname="dsAlgoTests.DataStructureTest" name="verifyCodeExecutionforDataStructureIntroductionPage" time="0.000">
    <skipped/>
  </testcase> <!-- verifyCodeExecutionforDataStructureIntroductionPage -->
  <system-out/>
  <testcase classname="dsAlgoTests.DataStructureTest" name="verifyCodeExecutionforDataStructureIntroductionPage" time="0.000">
    <skipped/>
  </testcase> <!-- verifyCodeExecutionforDataStructureIntroductionPage -->
  <system-out/>
  <testcase classname="dsAlgoTests.DataStructureTest" name="verifyCodeExecutionforDataStructureIntroductionPage" time="0.000">
    <skipped/>
  </testcase> <!-- verifyCodeExecutionforDataStructureIntroductionPage -->
  <system-out/>
  <testcase classname="dsAlgoTests.DataStructureTest" name="verifyCodeExecutionforDataStructureIntroductionPage" time="0.000">
    <skipped/>
  </testcase> <!-- verifyCodeExecutionforDataStructureIntroductionPage -->
  <system-out/>
  <testcase classname="dsAlgoTests.DataStructureTest" name="verifyCodeExecutionforDataStructureIntroductionPage" time="0.000">
    <skipped/>
  </testcase> <!-- verifyCodeExecutionforDataStructureIntroductionPage -->
  <system-out/>
  <testcase classname="dsAlgoTests.DataStructureTest" name="verifyCodeExecutionforDataStructureIntroductionPage" time="0.000">
    <skipped/>
  </testcase> <!-- verifyCodeExecutionforDataStructureIntroductionPage -->
  <system-out/>
  <testcase classname="dsAlgoTests.DataStructureTest" name="verifyCodeExecutionforDataStructureIntroductionPage" time="0.000">
    <skipped/>
  </testcase> <!-- verifyCodeExecutionforDataStructureIntroductionPage -->
  <system-out/>
  <testcase classname="dsAlgoTests.DataStructureTest" name="verifyCodeExecutionforDataStructureIntroductionPage" time="0.000">
    <skipped/>
  </testcase> <!-- verifyCodeExecutionforDataStructureIntroductionPage -->
  <system-out/>
  <testcase classname="dsAlgoTests.DataStructureTest" name="verifyCodeExecutionforDataStructureIntroductionPage" time="0.000">
    <skipped/>
  </testcase> <!-- verifyCodeExecutionforDataStructureIntroductionPage -->
  <system-out/>
  <testcase classname="dsAlgoTests.DataStructureTest" name="verifyCodeExecutionforDataStructureIntroductionPage" time="0.000">
    <skipped/>
  </testcase> <!-- verifyCodeExecutionforDataStructureIntroductionPage -->
  <system-out/>
  <testcase classname="dsAlgoTests.DataStructureTest" name="verifyCodeExecutionforDataStructureIntroductionPage" time="0.000">
    <skipped/>
  </testcase> <!-- verifyCodeExecutionforDataStructureIntroductionPage -->
  <system-out/>
  <testcase classname="dsAlgoTests.DataStructureTest" name="verifyCodeExecutionforDataStructureIntroductionPage" time="0.000">
    <skipped/>
  </testcase> <!-- verifyCodeExecutionforDataStructureIntroductionPage -->
  <system-out/>
  <testcase classname="dsAlgoTests.DataStructureTest" name="verifyCodeExecutionforDataStructureIntroductionPage" time="0.000">
    <skipped/>
  </testcase> <!-- verifyCodeExecutionforDataStructureIntroductionPage -->
  <system-out/>
  <testcase classname="dsAlgoTests.DataStructureTest" name="verifyCodeExecutionforDataStructureIntroductionPage" time="0.000">
    <skipped/>
  </testcase> <!-- verifyCodeExecutionforDataStructureIntroductionPage -->
  <system-out/>
  <testcase classname="dsAlgoTests.DataStructureTest" name="verifyCodeExecutionforDataStructureIntroductionPage" time="0.000">
    <skipped/>
  </testcase> <!-- verifyCodeExecutionforDataStructureIntroductionPage -->
  <system-out/>
  <testcase classname="dsAlgoTests.DataStructureTest" name="verifyCodeExecutionforDataStructureIntroductionPage" time="0.000">
    <skipped/>
  </testcase> <!-- verifyCodeExecutionforDataStructureIntroductionPage -->
  <system-out/>
  <testcase classname="dsAlgoTests.DataStructureTest" name="verifyCodeExecutionforDataStructureIntroductionPage" time="0.000">
    <skipped/>
  </testcase> <!-- verifyCodeExecutionforDataStructureIntroductionPage -->
  <system-out/>
  <testcase classname="dsAlgoTests.DataStructureTest" name="verifyCodeExecutionforDataStructureIntroductionPage" time="0.000">
    <skipped/>
  </testcase> <!-- verifyCodeExecutionforDataStructureIntroductionPage -->
  <system-out/>
  <testcase classname="dsAlgoTests.DataStructureTest" name="verifyCodeExecutionforDataStructureIntroductionPage" time="0.000">
    <skipped/>
  </testcase> <!-- verifyCodeExecutionforDataStructureIntroductionPage -->
  <system-out/>
  <testcase classname="dsAlgoTests.DataStructureTest" name="verifyCodeExecutionforDataStructureIntroductionPage" time="0.000">
    <skipped/>
  </testcase> <!-- verifyCodeExecutionforDataStructureIntroductionPage -->
  <system-out/>
  <testcase classname="dsAlgoTests.DataStructureTest" name="verifyCodeExecutionforDataStructureIntroductionPage" time="0.000">
    <skipped/>
  </testcase> <!-- verifyCodeExecutionforDataStructureIntroductionPage -->
  <system-out/>
  <testcase classname="dsAlgoTests.DataStructureTest" name="verifyCodeExecutionforDataStructureIntroductionPage" time="0.000">
    <skipped/>
  </testcase> <!-- verifyCodeExecutionforDataStructureIntroductionPage -->
  <system-out/>
  <testcase classname="dsAlgoTests.DataStructureTest" name="verifyCodeExecutionforDataStructureIntroductionPage" time="0.000">
    <skipped/>
  </testcase> <!-- verifyCodeExecutionforDataStructureIntroductionPage -->
  <system-out/>
  <testcase classname="dsAlgoTests.DataStructureTest" name="verifyCodeExecutionforDataStructureIntroductionPage" time="0.000">
    <skipped/>
  </testcase> <!-- verifyCodeExecutionforDataStructureIntroductionPage -->
  <system-out/>
  <testcase classname="dsAlgoTests.DataStructureTest" name="verifyCodeExecutionforDataStructureIntroductionPage" time="0.000">
    <skipped/>
  </testcase> <!-- verifyCodeExecutionforDataStructureIntroductionPage -->
  <system-out/>
  <testcase classname="dsAlgoTests.DataStructureTest" name="verifyCodeExecutionforDataStructureIntroductionPage" time="0.000">
    <skipped/>
  </testcase> <!-- verifyCodeExecutionforDataStructureIntroductionPage -->
  <system-out/>
  <testcase classname="dsAlgoTests.DataStructureTest" name="verifyCodeExecutionforDataStructureIntroductionPage" time="0.000">
    <skipped/>
  </testcase> <!-- verifyCodeExecutionforDataStructureIntroductionPage -->
  <system-out/>
  <testcase classname="dsAlgoTests.DataStructureTest" name="verifyCodeExecutionforDataStructureIntroductionPage" time="0.000">
    <skipped/>
  </testcase> <!-- verifyCodeExecutionforDataStructureIntroductionPage -->
  <system-out/>
  <testcase classname="dsAlgoTests.DataStructureTest" name="verifyCodeExecutionforDataStructureIntroductionPage" time="0.000">
    <skipped/>
  </testcase> <!-- verifyCodeExecutionforDataStructureIntroductionPage -->
  <system-out/>
  <testcase classname="dsAlgoTests.DataStructureTest" name="verifyCodeExecutionforDataStructureIntroductionPage" time="0.000">
    <skipped/>
  </testcase> <!-- verifyCodeExecutionforDataStructureIntroductionPage -->
  <system-out/>
  <testcase classname="dsAlgoTests.DataStructureTest" name="verifyCodeExecutionforDataStructureIntroductionPage" time="0.000">
    <skipped/>
  </testcase> <!-- verifyCodeExecutionforDataStructureIntroductionPage -->
  <system-out/>
  <testcase classname="dsAlgoTests.DataStructureTest" name="verifyCodeExecutionforDataStructureIntroductionPage" time="0.000">
    <skipped/>
  </testcase> <!-- verifyCodeExecutionforDataStructureIntroductionPage -->
  <system-out/>
  <testcase classname="dsAlgoTests.DataStructureTest" name="verifyCodeExecutionforDataStructureIntroductionPage" time="0.000">
    <skipped/>
  </testcase> <!-- verifyCodeExecutionforDataStructureIntroductionPage -->
  <system-out/>
  <testcase classname="dsAlgoTests.DataStructureTest" name="verifyCodeExecutionforDataStructureIntroductionPage" time="0.000">
    <skipped/>
  </testcase> <!-- verifyCodeExecutionforDataStructureIntroductionPage -->
  <system-out/>
  <testcase classname="dsAlgoTests.DataStructureTest" name="verifyCodeExecutionforDataStructureIntroductionPage" time="0.000">
    <skipped/>
  </testcase> <!-- verifyCodeExecutionforDataStructureIntroductionPage -->
  <system-out/>
  <testcase classname="dsAlgoTests.DataStructureTest" name="verifyCodeExecutionforDataStructureIntroductionPage" time="0.000">
    <skipped/>
  </testcase> <!-- verifyCodeExecutionforDataStructureIntroductionPage -->
  <system-out/>
  <testcase classname="dsAlgoTests.DataStructureTest" name="verifyCodeExecutionforDataStructureIntroductionPage" time="0.000">
    <skipped/>
  </testcase> <!-- verifyCodeExecutionforDataStructureIntroductionPage -->
  <system-out/>
  <testcase classname="dsAlgoTests.DataStructureTest" name="verifyCodeExecutionforDataStructureIntroductionPage" time="0.000">
    <skipped/>
  </testcase> <!-- verifyCodeExecutionforDataStructureIntroductionPage -->
  <system-out/>
  <testcase classname="dsAlgoTests.DataStructureTest" name="verifyCodeExecutionforDataStructureIntroductionPage" time="0.000">
    <skipped/>
  </testcase> <!-- verifyCodeExecutionforDataStructureIntroductionPage -->
  <system-out/>
  <testcase classname="dsAlgoTests.DataStructureTest" name="verifyCodeExecutionforDataStructureIntroductionPage" time="0.000">
    <skipped/>
  </testcase> <!-- verifyCodeExecutionforDataStructureIntroductionPage -->
  <system-out/>
  <testcase classname="dsAlgoTests.DataStructureTest" name="verifyCodeExecutionforDataStructureIntroductionPage" time="0.000">
    <skipped/>
  </testcase> <!-- verifyCodeExecutionforDataStructureIntroductionPage -->
  <system-out/>
  <testcase classname="dsAlgoTests.DataStructureTest" name="verifyCodeExecutionforDataStructureIntroductionPage" time="0.000">
    <skipped/>
  </testcase> <!-- verifyCodeExecutionforDataStructureIntroductionPage -->
  <system-out/>
  <testcase classname="dsAlgoTests.DataStructureTest" name="verifyCodeExecutionforDataStructureIntroductionPage" time="0.002">
    <skipped/>
  </testcase> <!-- verifyCodeExecutionforDataStructureIntroductionPage -->
  <system-out/>
  <testcase classname="dsAlgoTests.DataStructureTest" name="verifyCodeExecutionforDataStructureIntroductionPage" time="0.000">
    <skipped/>
  </testcase> <!-- verifyCodeExecutionforDataStructureIntroductionPage -->
  <system-out/>
  <testcase classname="dsAlgoTests.DataStructureTest" name="verifyCodeExecutionforDataStructureIntroductionPage" time="0.000">
    <skipped/>
  </testcase> <!-- verifyCodeExecutionforDataStructureIntroductionPage -->
  <system-out/>
  <testcase classname="dsAlgoTests.DataStructureTest" name="verifyCodeExecutionforDataStructureIntroductionPage" time="0.000">
    <skipped/>
  </testcase> <!-- verifyCodeExecutionforDataStructureIntroductionPage -->
  <system-out/>
  <testcase classname="dsAlgoTests.DataStructureTest" name="verifyCodeExecutionforDataStructureIntroductionPage" time="0.000">
    <skipped/>
  </testcase> <!-- verifyCodeExecutionforDataStructureIntroductionPage -->
  <system-out/>
  <testcase classname="dsAlgoTests.DataStructureTest" name="verifyCodeExecutionforDataStructureIntroductionPage" time="0.000">
    <skipped/>
  </testcase> <!-- verifyCodeExecutionforDataStructureIntroductionPage -->
  <system-out/>
  <testcase classname="dsAlgoTests.DataStructureTest" name="verifyCodeExecutionforDataStructureIntroductionPage" time="0.000">
    <skipped/>
  </testcase> <!-- verifyCodeExecutionforDataStructureIntroductionPage -->
  <system-out/>
  <testcase classname="dsAlgoTests.DataStructureTest" name="verifyCodeExecutionforDataStructureIntroductionPage" time="0.000">
    <skipped/>
  </testcase> <!-- verifyCodeExecutionforDataStructureIntroductionPage -->
  <system-out/>
  <testcase classname="dsAlgoTests.DataStructureTest" name="verifyCodeExecutionforDataStructureIntroductionPage" time="0.000">
    <skipped/>
  </testcase> <!-- verifyCodeExecutionforDataStructureIntroductionPage -->
  <system-out/>
  <testcase classname="dsAlgoTests.DataStructureTest" name="verifyCodeExecutionforDataStructureIntroductionPage" time="0.000">
    <skipped/>
  </testcase> <!-- verifyCodeExecutionforDataStructureIntroductionPage -->
  <system-out/>
  <testcase classname="dsAlgoTests.DataStructureTest" name="verifyCodeExecutionforDataStructureIntroductionPage" time="0.000">
    <skipped/>
  </testcase> <!-- verifyCodeExecutionforDataStructureIntroductionPage -->
  <system-out/>
  <testcase classname="dsAlgoTests.DataStructureTest" name="verifyCodeExecutionforDataStructureIntroductionPage" time="0.000">
    <skipped/>
  </testcase> <!-- verifyCodeExecutionforDataStructureIntroductionPage -->
  <system-out/>
  <testcase classname="dsAlgoTests.DataStructureTest" name="verifyCodeExecutionforDataStructureIntroductionPage" time="0.000">
    <skipped/>
  </testcase> <!-- verifyCodeExecutionforDataStructureIntroductionPage -->
  <system-out/>
  <testcase classname="dsAlgoTests.DataStructureTest" name="verifyCodeExecutionforDataStructureIntroductionPage" time="0.000">
    <skipped/>
  </testcase> <!-- verifyCodeExecutionforDataStructureIntroductionPage -->
  <system-out/>
  <testcase classname="dsAlgoTests.DataStructureTest" name="verifyCodeExecutionforDataStructureIntroductionPage" time="0.000">
    <skipped/>
  </testcase> <!-- verifyCodeExecutionforDataStructureIntroductionPage -->
  <system-out/>
  <testcase classname="dsAlgoTests.DataStructureTest" name="verifyCodeExecutionforDataStructureIntroductionPage" time="0.000">
    <skipped/>
  </testcase> <!-- verifyCodeExecutionforDataStructureIntroductionPage -->
  <system-out/>
  <testcase classname="dsAlgoTests.DataStructureTest" name="verifyCodeExecutionforDataStructureIntroductionPage" time="0.000">
    <skipped/>
  </testcase> <!-- verifyCodeExecutionforDataStructureIntroductionPage -->
  <system-out/>
  <testcase classname="dsAlgoTests.DataStructureTest" name="verifyCodeExecutionforDataStructureIntroductionPage" time="0.000">
    <skipped/>
  </testcase> <!-- verifyCodeExecutionforDataStructureIntroductionPage -->
  <system-out/>
  <testcase classname="dsAlgoTests.DataStructureTest" name="verifyCodeExecutionforDataStructureIntroductionPage" time="0.000">
    <skipped/>
  </testcase> <!-- verifyCodeExecutionforDataStructureIntroductionPage -->
  <system-out/>
  <testcase classname="dsAlgoTests.DataStructureTest" name="verifyCodeExecutionforDataStructureIntroductionPage" time="0.000">
    <skipped/>
  </testcase> <!-- verifyCodeExecutionforDataStructureIntroductionPage -->
  <system-out/>
  <testcase classname="dsAlgoTests.DataStructureTest" name="verifyCodeExecutionforDataStructureIntroductionPage" time="0.000">
    <skipped/>
  </testcase> <!-- verifyCodeExecutionforDataStructureIntroductionPage -->
  <system-out/>
  <testcase classname="dsAlgoTests.DataStructureTest" name="verifyCodeExecutionforDataStructureIntroductionPage" time="0.000">
    <skipped/>
  </testcase> <!-- verifyCodeExecutionforDataStructureIntroductionPage -->
  <system-out/>
  <testcase classname="dsAlgoTests.DataStructureTest" name="verifyCodeExecutionforDataStructureIntroductionPage" time="0.000">
    <skipped/>
  </testcase> <!-- verifyCodeExecutionforDataStructureIntroductionPage -->
  <system-out/>
  <testcase classname="dsAlgoTests.DataStructureTest" name="verifyCodeExecutionforDataStructureIntroductionPage" time="0.000">
    <skipped/>
  </testcase> <!-- verifyCodeExecutionforDataStructureIntroductionPage -->
  <system-out/>
  <testcase classname="dsAlgoTests.DataStructureTest" name="verifyCodeExecutionforDataStructureIntroductionPage" time="0.000">
    <skipped/>
  </testcase> <!-- verifyCodeExecutionforDataStructureIntroductionPage -->
  <system-out/>
  <testcase classname="dsAlgoTests.DataStructureTest" name="verifyCodeExecutionforDataStructureIntroductionPage" time="0.000">
    <skipped/>
  </testcase> <!-- verifyCodeExecutionforDataStructureIntroductionPage -->
  <system-out/>
  <testcase classname="dsAlgoTests.DataStructureTest" name="verifyCodeExecutionforDataStructureIntroductionPage" time="0.000">
    <skipped/>
  </testcase> <!-- verifyCodeExecutionforDataStructureIntroductionPage -->
  <system-out/>
  <testcase classname="dsAlgoTests.DataStructureTest" name="verifyCodeExecutionforDataStructureIntroductionPage" time="0.000">
    <skipped/>
  </testcase> <!-- verifyCodeExecutionforDataStructureIntroductionPage -->
  <system-out/>
  <testcase classname="dsAlgoTests.DataStructureTest" name="verifyCodeExecutionforDataStructureIntroductionPage" time="0.000">
    <skipped/>
  </testcase> <!-- verifyCodeExecutionforDataStructureIntroductionPage -->
  <system-out/>
  <testcase classname="dsAlgoTests.DataStructureTest" name="verifyCodeExecutionforDataStructureIntroductionPage" time="0.000">
    <skipped/>
  </testcase> <!-- verifyCodeExecutionforDataStructureIntroductionPage -->
  <system-out/>
  <testcase classname="dsAlgoTests.DataStructureTest" name="verifyCodeExecutionforDataStructureIntroductionPage" time="0.000">
    <skipped/>
  </testcase> <!-- verifyCodeExecutionforDataStructureIntroductionPage -->
  <system-out/>
  <testcase classname="dsAlgoTests.DataStructureTest" name="verifyCodeExecutionforDataStructureIntroductionPage" time="0.000">
    <skipped/>
  </testcase> <!-- verifyCodeExecutionforDataStructureIntroductionPage -->
  <system-out/>
  <testcase classname="dsAlgoTests.DataStructureTest" name="verifyCodeExecutionforDataStructureIntroductionPage" time="0.000">
    <skipped/>
  </testcase> <!-- verifyCodeExecutionforDataStructureIntroductionPage -->
  <system-out/>
  <testcase classname="dsAlgoTests.DataStructureTest" name="verifyCodeExecutionforDataStructureIntroductionPage" time="0.000">
    <skipped/>
  </testcase> <!-- verifyCodeExecutionforDataStructureIntroductionPage -->
  <system-out/>
  <testcase classname="dsAlgoTests.DataStructureTest" name="verifyCodeExecutionforDataStructureIntroductionPage" time="0.000">
    <skipped/>
  </testcase> <!-- verifyCodeExecutionforDataStructureIntroductionPage -->
  <system-out/>
  <testcase classname="dsAlgoTests.DataStructureTest" name="verifyCodeExecutionforDataStructureIntroductionPage" time="0.000">
    <skipped/>
  </testcase> <!-- verifyCodeExecutionforDataStructureIntroductionPage -->
  <system-out/>
  <testcase classname="dsAlgoTests.DataStructureTest" name="verifyCodeExecutionforDataStructureIntroductionPage" time="0.000">
    <skipped/>
  </testcase> <!-- verifyCodeExecutionforDataStructureIntroductionPage -->
  <system-out/>
  <testcase classname="dsAlgoTests.DataStructureTest" name="verifyCodeExecutionforDataStructureIntroductionPage" time="0.000">
    <skipped/>
  </testcase> <!-- verifyCodeExecutionforDataStructureIntroductionPage -->
  <system-out/>
  <testcase classname="dsAlgoTests.DataStructureTest" name="verifyCodeExecutionforDataStructureIntroductionPage" time="0.000">
    <skipped/>
  </testcase> <!-- verifyCodeExecutionforDataStructureIntroductionPage -->
  <system-out/>
  <testcase classname="dsAlgoTests.DataStructureTest" name="verifyCodeExecutionforDataStructureIntroductionPage" time="0.000">
    <skipped/>
  </testcase> <!-- verifyCodeExecutionforDataStructureIntroductionPage -->
  <system-out/>
  <testcase classname="dsAlgoTests.DataStructureTest" name="verifyCodeExecutionforDataStructureIntroductionPage" time="0.000">
    <skipped/>
  </testcase> <!-- verifyCodeExecutionforDataStructureIntroductionPage -->
  <system-out/>
  <testcase classname="dsAlgoTests.DataStructureTest" name="verifyCodeExecutionforDataStructureIntroductionPage" time="0.000">
    <skipped/>
  </testcase> <!-- verifyCodeExecutionforDataStructureIntroductionPage -->
  <system-out/>
  <testcase classname="dsAlgoTests.DataStructureTest" name="verifyCodeExecutionforDataStructureIntroductionPage" time="0.000">
    <skipped/>
  </testcase> <!-- verifyCodeExecutionforDataStructureIntroductionPage -->
  <system-out/>
  <testcase classname="dsAlgoTests.DataStructureTest" name="verifyCodeExecutionforDataStructureIntroductionPage" time="0.000">
    <skipped/>
  </testcase> <!-- verifyCodeExecutionforDataStructureIntroductionPage -->
  <system-out/>
  <testcase classname="dsAlgoTests.DataStructureTest" name="verifyCodeExecutionforDataStructureIntroductionPage" time="0.000">
    <skipped/>
  </testcase> <!-- verifyCodeExecutionforDataStructureIntroductionPage -->
  <system-out/>
  <testcase classname="dsAlgoTests.DataStructureTest" name="verifyCodeExecutionforDataStructureIntroductionPage" time="0.000">
    <skipped/>
  </testcase> <!-- verifyCodeExecutionforDataStructureIntroductionPage -->
  <system-out/>
  <testcase classname="dsAlgoTests.DataStructureTest" name="verifyCodeExecutionforDataStructureIntroductionPage" time="0.000">
    <skipped/>
  </testcase> <!-- verifyCodeExecutionforDataStructureIntroductionPage -->
  <system-out/>
  <testcase classname="dsAlgoTests.DataStructureTest" name="verifyCodeExecutionforDataStructureIntroductionPage" time="0.000">
    <skipped/>
  </testcase> <!-- verifyCodeExecutionforDataStructureIntroductionPage -->
  <system-out/>
  <testcase classname="dsAlgoTests.DataStructureTest" name="verifyCodeExecutionforDataStructureIntroductionPage" time="0.000">
    <skipped/>
  </testcase> <!-- verifyCodeExecutionforDataStructureIntroductionPage -->
  <system-out/>
  <testcase classname="dsAlgoTests.DataStructureTest" name="verifyCodeExecutionforDataStructureIntroductionPage" time="0.000">
    <skipped/>
  </testcase> <!-- verifyCodeExecutionforDataStructureIntroductionPage -->
  <system-out/>
  <testcase classname="dsAlgoTests.DataStructureTest" name="verifyCodeExecutionforDataStructureIntroductionPage" time="0.000">
    <skipped/>
  </testcase> <!-- verifyCodeExecutionforDataStructureIntroductionPage -->
  <system-out/>
  <testcase classname="dsAlgoTests.DataStructureTest" name="verifyCodeExecutionforDataStructureIntroductionPage" time="0.000">
    <skipped/>
  </testcase> <!-- verifyCodeExecutionforDataStructureIntroductionPage -->
  <system-out/>
  <testcase classname="dsAlgoTests.DataStructureTest" name="verifyCodeExecutionforDataStructureIntroductionPage" time="0.000">
    <skipped/>
  </testcase> <!-- verifyCodeExecutionforDataStructureIntroductionPage -->
  <system-out/>
  <testcase classname="dsAlgoTests.DataStructureTest" name="verifyCodeExecutionforDataStructureIntroductionPage" time="0.000">
    <skipped/>
  </testcase> <!-- verifyCodeExecutionforDataStructureIntroductionPage -->
  <system-out/>
  <testcase classname="dsAlgoTests.DataStructureTest" name="verifyCodeExecutionforDataStructureIntroductionPage" time="0.000">
    <skipped/>
  </testcase> <!-- verifyCodeExecutionforDataStructureIntroductionPage -->
  <system-out/>
  <testcase classname="dsAlgoTests.DataStructureTest" name="verifyCodeExecutionforDataStructureIntroductionPage" time="0.000">
    <skipped/>
  </testcase> <!-- verifyCodeExecutionforDataStructureIntroductionPage -->
  <system-out/>
  <testcase classname="dsAlgoTests.DataStructureTest" name="verifyCodeExecutionforDataStructureIntroductionPage" time="0.000">
    <skipped/>
  </testcase> <!-- verifyCodeExecutionforDataStructureIntroductionPage -->
  <system-out/>
  <testcase classname="dsAlgoTests.DataStructureTest" name="verifyCodeExecutionforDataStructureIntroductionPage" time="0.000">
    <skipped/>
  </testcase> <!-- verifyCodeExecutionforDataStructureIntroductionPage -->
  <system-out/>
  <testcase classname="dsAlgoTests.DataStructureTest" name="verifyCodeExecutionforDataStructureIntroductionPage" time="0.000">
    <skipped/>
  </testcase> <!-- verifyCodeExecutionforDataStructureIntroductionPage -->
  <system-out/>
  <testcase classname="dsAlgoTests.DataStructureTest" name="verifyCodeExecutionforDataStructureIntroductionPage" time="0.000">
    <skipped/>
  </testcase> <!-- verifyCodeExecutionforDataStructureIntroductionPage -->
  <system-out/>
  <testcase classname="dsAlgoTests.DataStructureTest" name="verifyCodeExecutionforDataStructureIntroductionPage" time="0.000">
    <skipped/>
  </testcase> <!-- verifyCodeExecutionforDataStructureIntroductionPage -->
  <system-out/>
  <testcase classname="dsAlgoTests.DataStructureTest" name="verifyCodeExecutionforDataStructureIntroductionPage" time="0.000">
    <skipped/>
  </testcase> <!-- verifyCodeExecutionforDataStructureIntroductionPage -->
  <system-out/>
  <testcase classname="dsAlgoTests.DataStructureTest" name="verifyCodeExecutionforDataStructureIntroductionPage" time="0.000">
    <skipped/>
  </testcase> <!-- verifyCodeExecutionforDataStructureIntroductionPage -->
  <system-out/>
  <testcase classname="dsAlgoTests.DataStructureTest" name="verifyCodeExecutionforDataStructureIntroductionPage" time="0.000">
    <skipped/>
  </testcase> <!-- verifyCodeExecutionforDataStructureIntroductionPage -->
  <system-out/>
  <testcase classname="dsAlgoTests.DataStructureTest" name="verifyCodeExecutionforDataStructureIntroductionPage" time="0.000">
    <skipped/>
  </testcase> <!-- verifyCodeExecutionforDataStructureIntroductionPage -->
  <system-out/>
  <testcase classname="dsAlgoTests.DataStructureTest" name="verifyCodeExecutionforDataStructureIntroductionPage" time="0.000">
    <skipped/>
  </testcase> <!-- verifyCodeExecutionforDataStructureIntroductionPage -->
  <system-out/>
  <testcase classname="dsAlgoTests.DataStructureTest" name="verifyCodeExecutionforDataStructureIntroductionPage" time="0.000">
    <skipped/>
  </testcase> <!-- verifyCodeExecutionforDataStructureIntroductionPage -->
  <system-out/>
  <testcase classname="dsAlgoTests.DataStructureTest" name="verifyCodeExecutionforDataStructureIntroductionPage" time="0.000">
    <skipped/>
  </testcase> <!-- verifyCodeExecutionforDataStructureIntroductionPage -->
  <system-out/>
  <testcase classname="dsAlgoTests.DataStructureTest" name="verifyCodeExecutionforDataStructureIntroductionPage" time="0.000">
    <skipped/>
  </testcase> <!-- verifyCodeExecutionforDataStructureIntroductionPage -->
  <system-out/>
  <testcase classname="dsAlgoTests.DataStructureTest" name="verifyCodeExecutionforDataStructureIntroductionPage" time="0.000">
    <skipped/>
  </testcase> <!-- verifyCodeExecutionforDataStructureIntroductionPage -->
  <system-out/>
  <testcase classname="dsAlgoTests.DataStructureTest" name="verifyCodeExecutionforDataStructureIntroductionPage" time="0.000">
    <skipped/>
  </testcase> <!-- verifyCodeExecutionforDataStructureIntroductionPage -->
  <system-out/>
  <testcase classname="dsAlgoTests.DataStructureTest" name="verifyCodeExecutionforDataStructureIntroductionPage" time="0.000">
    <skipped/>
  </testcase> <!-- verifyCodeExecutionforDataStructureIntroductionPage -->
  <system-out/>
  <testcase classname="dsAlgoTests.DataStructureTest" name="verifyCodeExecutionforDataStructureIntroductionPage" time="0.000">
    <skipped/>
  </testcase> <!-- verifyCodeExecutionforDataStructureIntroductionPage -->
  <system-out/>
  <testcase classname="dsAlgoTests.DataStructureTest" name="verifyCodeExecutionforDataStructureIntroductionPage" time="0.000">
    <skipped/>
  </testcase> <!-- verifyCodeExecutionforDataStructureIntroductionPage -->
  <system-out/>
  <testcase classname="dsAlgoTests.DataStructureTest" name="verifyCodeExecutionforDataStructureIntroductionPage" time="0.000">
    <skipped/>
  </testcase> <!-- verifyCodeExecutionforDataStructureIntroductionPage -->
  <system-out/>
  <testcase classname="dsAlgoTests.DataStructureTest" name="verifyCodeExecutionforDataStructureIntroductionPage" time="0.000">
    <skipped/>
  </testcase> <!-- verifyCodeExecutionforDataStructureIntroductionPage -->
  <system-out/>
  <testcase classname="dsAlgoTests.DataStructureTest" name="verifyCodeExecutionforDataStructureIntroductionPage" time="0.000">
    <skipped/>
  </testcase> <!-- verifyCodeExecutionforDataStructureIntroductionPage -->
  <system-out/>
  <testcase classname="dsAlgoTests.DataStructureTest" name="verifyCodeExecutionforDataStructureIntroductionPage" time="0.000">
    <skipped/>
  </testcase> <!-- verifyCodeExecutionforDataStructureIntroductionPage -->
  <system-out/>
  <testcase classname="dsAlgoTests.DataStructureTest" name="verifyCodeExecutionforDataStructureIntroductionPage" time="0.000">
    <skipped/>
  </testcase> <!-- verifyCodeExecutionforDataStructureIntroductionPage -->
  <system-out/>
  <testcase classname="dsAlgoTests.DataStructureTest" name="verifyCodeExecutionforDataStructureIntroductionPage" time="0.000">
    <skipped/>
  </testcase> <!-- verifyCodeExecutionforDataStructureIntroductionPage -->
  <system-out/>
  <testcase classname="dsAlgoTests.DataStructureTest" name="verifyCodeExecutionforDataStructureIntroductionPage" time="0.000">
    <skipped/>
  </testcase> <!-- verifyCodeExecutionforDataStructureIntroductionPage -->
  <system-out/>
  <testcase classname="dsAlgoTests.DataStructureTest" name="verifyCodeExecutionforDataStructureIntroductionPage" time="0.000">
    <skipped/>
  </testcase> <!-- verifyCodeExecutionforDataStructureIntroductionPage -->
  <system-out/>
  <testcase classname="dsAlgoTests.DataStructureTest" name="verifyCodeExecutionforDataStructureIntroductionPage" time="0.000">
    <skipped/>
  </testcase> <!-- verifyCodeExecutionforDataStructureIntroductionPage -->
  <system-out/>
  <testcase classname="dsAlgoTests.DataStructureTest" name="verifyCodeExecutionforDataStructureIntroductionPage" time="0.000">
    <skipped/>
  </testcase> <!-- verifyCodeExecutionforDataStructureIntroductionPage -->
  <system-out/>
  <testcase classname="dsAlgoTests.DataStructureTest" name="verifyCodeExecutionforDataStructureIntroductionPage" time="0.000">
    <skipped/>
  </testcase> <!-- verifyCodeExecutionforDataStructureIntroductionPage -->
  <system-out/>
  <testcase classname="dsAlgoTests.DataStructureTest" name="verifyCodeExecutionforDataStructureIntroductionPage" time="0.000">
    <skipped/>
  </testcase> <!-- verifyCodeExecutionforDataStructureIntroductionPage -->
  <system-out/>
  <testcase classname="dsAlgoTests.DataStructureTest" name="verifyCodeExecutionforDataStructureIntroductionPage" time="0.000">
    <skipped/>
  </testcase> <!-- verifyCodeExecutionforDataStructureIntroductionPage -->
  <system-out/>
  <testcase classname="dsAlgoTests.DataStructureTest" name="verifyCodeExecutionforDataStructureIntroductionPage" time="0.000">
    <skipped/>
  </testcase> <!-- verifyCodeExecutionforDataStructureIntroductionPage -->
  <system-out/>
  <testcase classname="dsAlgoTests.DataStructureTest" name="verifyCodeExecutionforDataStructureIntroductionPage" time="0.000">
    <skipped/>
  </testcase> <!-- verifyCodeExecutionforDataStructureIntroductionPage -->
  <system-out/>
  <testcase classname="dsAlgoTests.DataStructureTest" name="verifyCodeExecutionforDataStructureIntroductionPage" time="0.000">
    <skipped/>
  </testcase> <!-- verifyCodeExecutionforDataStructureIntroductionPage -->
  <system-out/>
  <testcase classname="dsAlgoTests.DataStructureTest" name="verifyCodeExecutionforDataStructureIntroductionPage" time="0.000">
    <skipped/>
  </testcase> <!-- verifyCodeExecutionforDataStructureIntroductionPage -->
  <system-out/>
  <testcase classname="dsAlgoTests.DataStructureTest" name="verifyCodeExecutionforDataStructureIntroductionPage" time="0.000">
    <skipped/>
  </testcase> <!-- verifyCodeExecutionforDataStructureIntroductionPage -->
  <system-out/>
  <testcase classname="dsAlgoTests.DataStructureTest" name="verifyCodeExecutionforDataStructureIntroductionPage" time="0.000">
    <skipped/>
  </testcase> <!-- verifyCodeExecutionforDataStructureIntroductionPage -->
  <system-out/>
  <testcase classname="dsAlgoTests.DataStructureTest" name="verifyCodeExecutionforDataStructureIntroductionPage" time="0.000">
    <skipped/>
  </testcase> <!-- verifyCodeExecutionforDataStructureIntroductionPage -->
  <system-out/>
  <testcase classname="dsAlgoTests.DataStructureTest" name="verifyCodeExecutionforDataStructureIntroductionPage" time="0.000">
    <skipped/>
  </testcase> <!-- verifyCodeExecutionforDataStructureIntroductionPage -->
  <system-out/>
  <testcase classname="dsAlgoTests.DataStructureTest" name="verifyCodeExecutionforDataStructureIntroductionPage" time="0.000">
    <skipped/>
  </testcase> <!-- verifyCodeExecutionforDataStructureIntroductionPage -->
  <system-out/>
  <testcase classname="dsAlgoTests.DataStructureTest" name="verifyCodeExecutionforDataStructureIntroductionPage" time="0.000">
    <skipped/>
  </testcase> <!-- verifyCodeExecutionforDataStructureIntroductionPage -->
  <system-out/>
  <testcase classname="dsAlgoTests.DataStructureTest" name="verifyCodeExecutionforDataStructureIntroductionPage" time="0.000">
    <skipped/>
  </testcase> <!-- verifyCodeExecutionforDataStructureIntroductionPage -->
  <system-out/>
  <testcase classname="dsAlgoTests.DataStructureTest" name="verifyCodeExecutionforDataStructureIntroductionPage" time="0.000">
    <skipped/>
  </testcase> <!-- verifyCodeExecutionforDataStructureIntroductionPage -->
  <system-out/>
  <testcase classname="dsAlgoTests.DataStructureTest" name="verifyCodeExecutionforDataStructureIntroductionPage" time="0.000">
    <skipped/>
  </testcase> <!-- verifyCodeExecutionforDataStructureIntroductionPage -->
  <system-out/>
  <testcase classname="dsAlgoTests.DataStructureTest" name="verifyCodeExecutionforDataStructureIntroductionPage" time="0.000">
    <skipped/>
  </testcase> <!-- verifyCodeExecutionforDataStructureIntroductionPage -->
  <system-out/>
  <testcase classname="dsAlgoTests.DataStructureTest" name="verifyCodeExecutionforDataStructureIntroductionPage" time="0.000">
    <skipped/>
  </testcase> <!-- verifyCodeExecutionforDataStructureIntroductionPage -->
  <system-out/>
  <testcase classname="dsAlgoTests.DataStructureTest" name="verifyCodeExecutionforDataStructureIntroductionPage" time="0.000">
    <skipped/>
  </testcase> <!-- verifyCodeExecutionforDataStructureIntroductionPage -->
  <system-out/>
  <testcase classname="dsAlgoTests.DataStructureTest" name="verifyCodeExecutionforDataStructureIntroductionPage" time="0.000">
    <skipped/>
  </testcase> <!-- verifyCodeExecutionforDataStructureIntroductionPage -->
  <system-out/>
  <testcase classname="dsAlgoTests.DataStructureTest" name="verifyCodeExecutionforDataStructureIntroductionPage" time="0.000">
    <skipped/>
  </testcase> <!-- verifyCodeExecutionforDataStructureIntroductionPage -->
  <system-out/>
  <testcase classname="dsAlgoTests.DataStructureTest" name="verifyCodeExecutionforDataStructureIntroductionPage" time="0.000">
    <skipped/>
  </testcase> <!-- verifyCodeExecutionforDataStructureIntroductionPage -->
  <system-out/>
  <testcase classname="dsAlgoTests.DataStructureTest" name="verifyCodeExecutionforDataStructureIntroductionPage" time="0.000">
    <skipped/>
  </testcase> <!-- verifyCodeExecutionforDataStructureIntroductionPage -->
  <system-out/>
  <testcase classname="dsAlgoTests.DataStructureTest" name="verifyCodeExecutionforDataStructureIntroductionPage" time="0.000">
    <skipped/>
  </testcase> <!-- verifyCodeExecutionforDataStructureIntroductionPage -->
  <system-out/>
  <testcase classname="dsAlgoTests.DataStructureTest" name="verifyCodeExecutionforDataStructureIntroductionPage" time="0.000">
    <skipped/>
  </testcase> <!-- verifyCodeExecutionforDataStructureIntroductionPage -->
  <system-out/>
  <testcase classname="dsAlgoTests.DataStructureTest" name="verifyCodeExecutionforDataStructureIntroductionPage" time="0.000">
    <skipped/>
  </testcase> <!-- verifyCodeExecutionforDataStructureIntroductionPage -->
  <system-out/>
  <testcase classname="dsAlgoTests.DataStructureTest" name="verifyCodeExecutionforDataStructureIntroductionPage" time="0.000">
    <skipped/>
  </testcase> <!-- verifyCodeExecutionforDataStructureIntroductionPage -->
  <system-out/>
  <testcase classname="dsAlgoTests.DataStructureTest" name="verifyCodeExecutionforDataStructureIntroductionPage" time="0.000">
    <skipped/>
  </testcase> <!-- verifyCodeExecutionforDataStructureIntroductionPage -->
  <system-out/>
  <testcase classname="dsAlgoTests.DataStructureTest" name="verifyCodeExecutionforDataStructureIntroductionPage" time="0.000">
    <skipped/>
  </testcase> <!-- verifyCodeExecutionforDataStructureIntroductionPage -->
  <system-out/>
  <testcase classname="dsAlgoTests.DataStructureTest" name="verifyCodeExecutionforDataStructureIntroductionPage" time="0.000">
    <skipped/>
  </testcase> <!-- verifyCodeExecutionforDataStructureIntroductionPage -->
  <system-out/>
  <testcase classname="dsAlgoTests.DataStructureTest" name="verifyCodeExecutionforDataStructureIntroductionPage" time="0.000">
    <skipped/>
  </testcase> <!-- verifyCodeExecutionforDataStructureIntroductionPage -->
  <system-out/>
  <testcase classname="dsAlgoTests.DataStructureTest" name="verifyCodeExecutionforDataStructureIntroductionPage" time="0.000">
    <skipped/>
  </testcase> <!-- verifyCodeExecutionforDataStructureIntroductionPage -->
  <system-out/>
  <testcase classname="dsAlgoTests.DataStructureTest" name="verifyCodeExecutionforDataStructureIntroductionPage" time="0.000">
    <skipped/>
  </testcase> <!-- verifyCodeExecutionforDataStructureIntroductionPage -->
  <system-out/>
  <testcase classname="dsAlgoTests.DataStructureTest" name="verifyCodeExecutionforDataStructureIntroductionPage" time="0.000">
    <skipped/>
  </testcase> <!-- verifyCodeExecutionforDataStructureIntroductionPage -->
  <system-out/>
  <testcase classname="dsAlgoTests.DataStructureTest" name="verifyCodeExecutionforDataStructureIntroductionPage" time="0.000">
    <skipped/>
  </testcase> <!-- verifyCodeExecutionforDataStructureIntroductionPage -->
  <system-out/>
  <testcase classname="dsAlgoTests.DataStructureTest" name="verifyCodeExecutionforDataStructureIntroductionPage" time="0.000">
    <skipped/>
  </testcase> <!-- verifyCodeExecutionforDataStructureIntroductionPage -->
  <system-out/>
  <testcase classname="dsAlgoTests.DataStructureTest" name="verifyCodeExecutionforDataStructureIntroductionPage" time="0.000">
    <skipped/>
  </testcase> <!-- verifyCodeExecutionforDataStructureIntroductionPage -->
  <system-out/>
  <testcase classname="dsAlgoTests.DataStructureTest" name="verifyCodeExecutionforDataStructureIntroductionPage" time="0.000">
    <skipped/>
  </testcase> <!-- verifyCodeExecutionforDataStructureIntroductionPage -->
  <system-out/>
  <testcase classname="dsAlgoTests.DataStructureTest" name="verifyCodeExecutionforDataStructureIntroductionPage" time="0.000">
    <skipped/>
  </testcase> <!-- verifyCodeExecutionforDataStructureIntroductionPage -->
  <system-out/>
  <testcase classname="dsAlgoTests.DataStructureTest" name="verifyCodeExecutionforDataStructureIntroductionPage" time="0.000">
    <skipped/>
  </testcase> <!-- verifyCodeExecutionforDataStructureIntroductionPage -->
  <system-out/>
  <testcase classname="dsAlgoTests.DataStructureTest" name="verifyCodeExecutionforDataStructureIntroductionPage" time="0.000">
    <skipped/>
  </testcase> <!-- verifyCodeExecutionforDataStructureIntroductionPage -->
  <system-out/>
  <testcase classname="dsAlgoTests.DataStructureTest" name="verifyCodeExecutionforDataStructureIntroductionPage" time="0.000">
    <skipped/>
  </testcase> <!-- verifyCodeExecutionforDataStructureIntroductionPage -->
  <system-out/>
  <testcase classname="dsAlgoTests.DataStructureTest" name="verifyCodeExecutionforDataStructureIntroductionPage" time="0.000">
    <skipped/>
  </testcase> <!-- verifyCodeExecutionforDataStructureIntroductionPage -->
  <system-out/>
  <testcase classname="dsAlgoTests.DataStructureTest" name="verifyCodeExecutionforDataStructureIntroductionPage" time="0.000">
    <skipped/>
  </testcase> <!-- verifyCodeExecutionforDataStructureIntroductionPage -->
  <system-out/>
  <testcase classname="dsAlgoTests.DataStructureTest" name="verifyCodeExecutionforDataStructureIntroductionPage" time="0.000">
    <skipped/>
  </testcase> <!-- verifyCodeExecutionforDataStructureIntroductionPage -->
  <system-out/>
  <testcase classname="dsAlgoTests.DataStructureTest" name="verifyCodeExecutionforDataStructureIntroductionPage" time="0.000">
    <skipped/>
  </testcase> <!-- verifyCodeExecutionforDataStructureIntroductionPage -->
  <system-out/>
  <testcase classname="dsAlgoTests.DataStructureTest" name="verifyCodeExecutionforDataStructureIntroductionPage" time="0.000">
    <skipped/>
  </testcase> <!-- verifyCodeExecutionforDataStructureIntroductionPage -->
  <system-out/>
  <testcase classname="dsAlgoTests.DataStructureTest" name="verifyCodeExecutionforDataStructureIntroductionPage" time="0.000">
    <skipped/>
  </testcase> <!-- verifyCodeExecutionforDataStructureIntroductionPage -->
  <system-out/>
  <testcase classname="dsAlgoTests.DataStructureTest" name="verifyCodeExecutionforDataStructureIntroductionPage" time="0.000">
    <skipped/>
  </testcase> <!-- verifyCodeExecutionforDataStructureIntroductionPage -->
  <system-out/>
  <testcase classname="dsAlgoTests.DataStructureTest" name="verifyCodeExecutionforDataStructureIntroductionPage" time="0.000">
    <skipped/>
  </testcase> <!-- verifyCodeExecutionforDataStructureIntroductionPage -->
  <system-out/>
  <testcase classname="dsAlgoTests.DataStructureTest" name="verifyCodeExecutionforDataStructureIntroductionPage" time="0.000">
    <skipped/>
  </testcase> <!-- verifyCodeExecutionforDataStructureIntroductionPage -->
  <system-out/>
  <testcase classname="dsAlgoTests.DataStructureTest" name="verifyCodeExecutionforDataStructureIntroductionPage" time="0.000">
    <skipped/>
  </testcase> <!-- verifyCodeExecutionforDataStructureIntroductionPage -->
  <system-out/>
  <testcase classname="dsAlgoTests.DataStructureTest" name="verifyCodeExecutionforDataStructureIntroductionPage" time="0.000">
    <skipped/>
  </testcase> <!-- verifyCodeExecutionforDataStructureIntroductionPage -->
  <system-out/>
  <testcase classname="dsAlgoTests.DataStructureTest" name="verifyCodeExecutionforDataStructureIntroductionPage" time="0.000">
    <skipped/>
  </testcase> <!-- verifyCodeExecutionforDataStructureIntroductionPage -->
  <system-out/>
  <testcase classname="dsAlgoTests.DataStructureTest" name="verifyCodeExecutionforDataStructureIntroductionPage" time="0.000">
    <skipped/>
  </testcase> <!-- verifyCodeExecutionforDataStructureIntroductionPage -->
  <system-out/>
  <testcase classname="dsAlgoTests.DataStructureTest" name="verifyCodeExecutionforDataStructureIntroductionPage" time="0.000">
    <skipped/>
  </testcase> <!-- verifyCodeExecutionforDataStructureIntroductionPage -->
  <system-out/>
  <testcase classname="dsAlgoTests.DataStructureTest" name="verifyCodeExecutionforDataStructureIntroductionPage" time="0.000">
    <skipped/>
  </testcase> <!-- verifyCodeExecutionforDataStructureIntroductionPage -->
  <system-out/>
  <testcase classname="dsAlgoTests.DataStructureTest" name="verifyCodeExecutionforDataStructureIntroductionPage" time="0.000">
    <skipped/>
  </testcase> <!-- verifyCodeExecutionforDataStructureIntroductionPage -->
  <system-out/>
  <testcase classname="dsAlgoTests.DataStructureTest" name="verifyCodeExecutionforDataStructureIntroductionPage" time="0.000">
    <skipped/>
  </testcase> <!-- verifyCodeExecutionforDataStructureIntroductionPage -->
  <system-out/>
  <testcase classname="dsAlgoTests.DataStructureTest" name="verifyCodeExecutionforDataStructureIntroductionPage" time="0.000">
    <skipped/>
  </testcase> <!-- verifyCodeExecutionforDataStructureIntroductionPage -->
  <system-out/>
  <testcase classname="dsAlgoTests.DataStructureTest" name="verifyCodeExecutionforDataStructureIntroductionPage" time="0.000">
    <skipped/>
  </testcase> <!-- verifyCodeExecutionforDataStructureIntroductionPage -->
  <system-out/>
  <testcase classname="dsAlgoTests.DataStructureTest" name="verifyCodeExecutionforDataStructureIntroductionPage" time="0.000">
    <skipped/>
  </testcase> <!-- verifyCodeExecutionforDataStructureIntroductionPage -->
  <system-out/>
  <testcase classname="dsAlgoTests.DataStructureTest" name="verifyCodeExecutionforDataStructureIntroductionPage" time="0.000">
    <skipped/>
  </testcase> <!-- verifyCodeExecutionforDataStructureIntroductionPage -->
  <system-out/>
  <testcase classname="dsAlgoTests.DataStructureTest" name="verifyCodeExecutionforDataStructureIntroductionPage" time="0.000">
    <skipped/>
  </testcase> <!-- verifyCodeExecutionforDataStructureIntroductionPage -->
  <system-out/>
  <testcase classname="dsAlgoTests.DataStructureTest" name="verifyCodeExecutionforDataStructureIntroductionPage" time="0.000">
    <skipped/>
  </testcase> <!-- verifyCodeExecutionforDataStructureIntroductionPage -->
  <system-out/>
  <testcase classname="dsAlgoTests.DataStructureTest" name="verifyCodeExecutionforDataStructureIntroductionPage" time="0.000">
    <skipped/>
  </testcase> <!-- verifyCodeExecutionforDataStructureIntroductionPage -->
  <system-out/>
  <testcase classname="dsAlgoTests.DataStructureTest" name="verifyCodeExecutionforDataStructureIntroductionPage" time="0.000">
    <skipped/>
  </testcase> <!-- verifyCodeExecutionforDataStructureIntroductionPage -->
  <system-out/>
  <testcase classname="dsAlgoTests.DataStructureTest" name="verifyCodeExecutionforDataStructureIntroductionPage" time="0.000">
    <skipped/>
  </testcase> <!-- verifyCodeExecutionforDataStructureIntroductionPage -->
  <system-out/>
  <testcase classname="dsAlgoTests.DataStructureTest" name="verifyCodeExecutionforDataStructureIntroductionPage" time="0.000">
    <skipped/>
  </testcase> <!-- verifyCodeExecutionforDataStructureIntroductionPage -->
  <system-out/>
  <testcase classname="dsAlgoTests.DataStructureTest" name="verifyCodeExecutionforDataStructureIntroductionPage" time="0.000">
    <skipped/>
  </testcase> <!-- verifyCodeExecutionforDataStructureIntroductionPage -->
  <system-out/>
  <testcase classname="dsAlgoTests.DataStructureTest" name="verifyCodeExecutionforDataStructureIntroductionPage" time="0.000">
    <skipped/>
  </testcase> <!-- verifyCodeExecutionforDataStructureIntroductionPage -->
  <system-out/>
  <testcase classname="dsAlgoTests.DataStructureTest" name="verifyCodeExecutionforDataStructureIntroductionPage" time="0.000">
    <skipped/>
  </testcase> <!-- verifyCodeExecutionforDataStructureIntroductionPage -->
  <system-out/>
  <testcase classname="dsAlgoTests.DataStructureTest" name="verifyCodeExecutionforDataStructureIntroductionPage" time="0.000">
    <skipped/>
  </testcase> <!-- verifyCodeExecutionforDataStructureIntroductionPage -->
  <system-out/>
  <testcase classname="dsAlgoTests.DataStructureTest" name="verifyCodeExecutionforDataStructureIntroductionPage" time="0.000">
    <skipped/>
  </testcase> <!-- verifyCodeExecutionforDataStructureIntroductionPage -->
  <system-out/>
  <testcase classname="dsAlgoTests.DataStructureTest" name="verifyCodeExecutionforDataStructureIntroductionPage" time="0.000">
    <skipped/>
  </testcase> <!-- verifyCodeExecutionforDataStructureIntroductionPage -->
  <system-out/>
  <testcase classname="dsAlgoTests.DataStructureTest" name="verifyCodeExecutionforDataStructureIntroductionPage" time="0.000">
    <skipped/>
  </testcase> <!-- verifyCodeExecutionforDataStructureIntroductionPage -->
  <system-out/>
  <testcase classname="dsAlgoTests.DataStructureTest" name="verifyCodeExecutionforDataStructureIntroductionPage" time="0.000">
    <skipped/>
  </testcase> <!-- verifyCodeExecutionforDataStructureIntroductionPage -->
  <system-out/>
  <testcase classname="dsAlgoTests.DataStructureTest" name="verifyCodeExecutionforDataStructureIntroductionPage" time="0.000">
    <skipped/>
  </testcase> <!-- verifyCodeExecutionforDataStructureIntroductionPage -->
  <system-out/>
  <testcase classname="dsAlgoTests.DataStructureTest" name="verifyCodeExecutionforDataStructureIntroductionPage" time="0.000">
    <skipped/>
  </testcase> <!-- verifyCodeExecutionforDataStructureIntroductionPage -->
  <system-out/>
  <testcase classname="dsAlgoTests.DataStructureTest" name="verifyCodeExecutionforDataStructureIntroductionPage" time="0.000">
    <skipped/>
  </testcase> <!-- verifyCodeExecutionforDataStructureIntroductionPage -->
  <system-out/>
  <testcase classname="dsAlgoTests.DataStructureTest" name="verifyCodeExecutionforDataStructureIntroductionPage" time="0.000">
    <skipped/>
  </testcase> <!-- verifyCodeExecutionforDataStructureIntroductionPage -->
  <system-out/>
  <testcase classname="dsAlgoTests.DataStructureTest" name="verifyCodeExecutionforDataStructureIntroductionPage" time="0.000">
    <skipped/>
  </testcase> <!-- verifyCodeExecutionforDataStructureIntroductionPage -->
  <system-out/>
  <testcase classname="dsAlgoTests.DataStructureTest" name="verifyCodeExecutionforDataStructureIntroductionPage" time="0.000">
    <skipped/>
  </testcase> <!-- verifyCodeExecutionforDataStructureIntroductionPage -->
  <system-out/>
  <testcase classname="dsAlgoTests.DataStructureTest" name="verifyCodeExecutionforDataStructureIntroductionPage" time="0.000">
    <skipped/>
  </testcase> <!-- verifyCodeExecutionforDataStructureIntroductionPage -->
  <system-out/>
  <testcase classname="dsAlgoTests.DataStructureTest" name="verifyCodeExecutionforDataStructureIntroductionPage" time="0.000">
    <skipped/>
  </testcase> <!-- verifyCodeExecutionforDataStructureIntroductionPage -->
  <system-out/>
  <testcase classname="dsAlgoTests.DataStructureTest" name="verifyCodeExecutionforDataStructureIntroductionPage" time="0.000">
    <skipped/>
  </testcase> <!-- verifyCodeExecutionforDataStructureIntroductionPage -->
  <system-out/>
  <testcase classname="dsAlgoTests.DataStructureTest" name="verifyCodeExecutionforDataStructureIntroductionPage" time="0.000">
    <skipped/>
  </testcase> <!-- verifyCodeExecutionforDataStructureIntroductionPage -->
  <system-out/>
  <testcase classname="dsAlgoTests.DataStructureTest" name="verifyCodeExecutionforDataStructureIntroductionPage" time="0.000">
    <skipped/>
  </testcase> <!-- verifyCodeExecutionforDataStructureIntroductionPage -->
  <system-out/>
  <testcase classname="dsAlgoTests.DataStructureTest" name="verifyCodeExecutionforDataStructureIntroductionPage" time="0.000">
    <skipped/>
  </testcase> <!-- verifyCodeExecutionforDataStructureIntroductionPage -->
  <system-out/>
  <testcase classname="dsAlgoTests.DataStructureTest" name="verifyCodeExecutionforDataStructureIntroductionPage" time="0.000">
    <skipped/>
  </testcase> <!-- verifyCodeExecutionforDataStructureIntroductionPage -->
  <system-out/>
  <testcase classname="dsAlgoTests.DataStructureTest" name="verifyCodeExecutionforDataStructureIntroductionPage" time="0.000">
    <skipped/>
  </testcase> <!-- verifyCodeExecutionforDataStructureIntroductionPage -->
  <system-out/>
  <testcase classname="dsAlgoTests.DataStructureTest" name="verifyCodeExecutionforDataStructureIntroductionPage" time="0.000">
    <skipped/>
  </testcase> <!-- verifyCodeExecutionforDataStructureIntroductionPage -->
  <system-out/>
  <testcase classname="dsAlgoTests.DataStructureTest" name="verifyCodeExecutionforDataStructureIntroductionPage" time="0.000">
    <skipped/>
  </testcase> <!-- verifyCodeExecutionforDataStructureIntroductionPage -->
  <system-out/>
  <testcase classname="dsAlgoTests.DataStructureTest" name="verifyCodeExecutionforDataStructureIntroductionPage" time="0.000">
    <skipped/>
  </testcase> <!-- verifyCodeExecutionforDataStructureIntroductionPage -->
  <system-out/>
  <testcase classname="dsAlgoTests.DataStructureTest" name="verifyCodeExecutionforDataStructureIntroductionPage" time="0.000">
    <skipped/>
  </testcase> <!-- verifyCodeExecutionforDataStructureIntroductionPage -->
  <system-out/>
  <testcase classname="dsAlgoTests.DataStructureTest" name="verifyCodeExecutionforDataStructureIntroductionPage" time="0.000">
    <skipped/>
  </testcase> <!-- verifyCodeExecutionforDataStructureIntroductionPage -->
  <system-out/>
  <testcase classname="dsAlgoTests.DataStructureTest" name="verifyCodeExecutionforDataStructureIntroductionPage" time="0.000">
    <skipped/>
  </testcase> <!-- verifyCodeExecutionforDataStructureIntroductionPage -->
  <system-out/>
  <testcase classname="dsAlgoTests.DataStructureTest" name="verifyCodeExecutionforDataStructureIntroductionPage" time="0.000">
    <skipped/>
  </testcase> <!-- verifyCodeExecutionforDataStructureIntroductionPage -->
  <system-out/>
  <testcase classname="dsAlgoTests.DataStructureTest" name="verifyCodeExecutionforDataStructureIntroductionPage" time="0.000">
    <skipped/>
  </testcase> <!-- verifyCodeExecutionforDataStructureIntroductionPage -->
  <system-out/>
  <testcase classname="dsAlgoTests.DataStructureTest" name="verifyCodeExecutionforDataStructureIntroductionPage" time="0.000">
    <skipped/>
  </testcase> <!-- verifyCodeExecutionforDataStructureIntroductionPage -->
  <system-out/>
  <testcase classname="dsAlgoTests.DataStructureTest" name="verifyCodeExecutionforDataStructureIntroductionPage" time="0.000">
    <skipped/>
  </testcase> <!-- verifyCodeExecutionforDataStructureIntroductionPage -->
  <system-out/>
  <testcase classname="dsAlgoTests.DataStructureTest" name="verifyCodeExecutionforDataStructureIntroductionPage" time="0.000">
    <skipped/>
  </testcase> <!-- verifyCodeExecutionforDataStructureIntroductionPage -->
  <system-out/>
  <testcase classname="dsAlgoTests.DataStructureTest" name="verifyCodeExecutionforDataStructureIntroductionPage" time="0.000">
    <skipped/>
  </testcase> <!-- verifyCodeExecutionforDataStructureIntroductionPage -->
  <system-out/>
  <testcase classname="dsAlgoTests.DataStructureTest" name="verifyCodeExecutionforDataStructureIntroductionPage" time="0.000">
    <skipped/>
  </testcase> <!-- verifyCodeExecutionforDataStructureIntroductionPage -->
  <system-out/>
  <testcase classname="dsAlgoTests.DataStructureTest" name="verifyCodeExecutionforDataStructureIntroductionPage" time="0.000">
    <skipped/>
  </testcase> <!-- verifyCodeExecutionforDataStructureIntroductionPage -->
  <system-out/>
  <testcase classname="dsAlgoTests.DataStructureTest" name="verifyCodeExecutionforDataStructureIntroductionPage" time="0.000">
    <skipped/>
  </testcase> <!-- verifyCodeExecutionforDataStructureIntroductionPage -->
  <system-out/>
  <testcase classname="dsAlgoTests.DataStructureTest" name="verifyCodeExecutionforDataStructureIntroductionPage" time="0.000">
    <skipped/>
  </testcase> <!-- verifyCodeExecutionforDataStructureIntroductionPage -->
  <system-out/>
  <testcase classname="dsAlgoTests.DataStructureTest" name="verifyCodeExecutionforDataStructureIntroductionPage" time="0.000">
    <skipped/>
  </testcase> <!-- verifyCodeExecutionforDataStructureIntroductionPage -->
  <system-out/>
  <testcase classname="dsAlgoTests.DataStructureTest" name="verifyCodeExecutionforDataStructureIntroductionPage" time="0.000">
    <skipped/>
  </testcase> <!-- verifyCodeExecutionforDataStructureIntroductionPage -->
  <system-out/>
  <testcase classname="dsAlgoTests.DataStructureTest" name="verifyCodeExecutionforDataStructureIntroductionPage" time="0.000">
    <skipped/>
  </testcase> <!-- verifyCodeExecutionforDataStructureIntroductionPage -->
  <system-out/>
  <testcase classname="dsAlgoTests.DataStructureTest" name="verifyCodeExecutionforDataStructureIntroductionPage" time="0.000">
    <skipped/>
  </testcase> <!-- verifyCodeExecutionforDataStructureIntroductionPage -->
  <system-out/>
  <testcase classname="dsAlgoTests.DataStructureTest" name="verifyCodeExecutionforDataStructureIntroductionPage" time="0.000">
    <skipped/>
  </testcase> <!-- verifyCodeExecutionforDataStructureIntroductionPage -->
  <system-out/>
  <testcase classname="dsAlgoTests.DataStructureTest" name="verifyCodeExecutionforDataStructureIntroductionPage" time="0.000">
    <skipped/>
  </testcase> <!-- verifyCodeExecutionforDataStructureIntroductionPage -->
  <system-out/>
  <testcase classname="dsAlgoTests.DataStructureTest" name="verifyCodeExecutionforDataStructureIntroductionPage" time="0.000">
    <skipped/>
  </testcase> <!-- verifyCodeExecutionforDataStructureIntroductionPage -->
  <system-out/>
  <testcase classname="dsAlgoTests.DataStructureTest" name="verifyCodeExecutionforDataStructureIntroductionPage" time="0.000">
    <skipped/>
  </testcase> <!-- verifyCodeExecutionforDataStructureIntroductionPage -->
  <system-out/>
  <testcase classname="dsAlgoTests.DataStructureTest" name="verifyCodeExecutionforDataStructureIntroductionPage" time="0.000">
    <skipped/>
  </testcase> <!-- verifyCodeExecutionforDataStructureIntroductionPage -->
  <system-out/>
  <testcase classname="dsAlgoTests.DataStructureTest" name="verifyCodeExecutionforDataStructureIntroductionPage" time="0.000">
    <skipped/>
  </testcase> <!-- verifyCodeExecutionforDataStructureIntroductionPage -->
  <system-out/>
  <testcase classname="dsAlgoTests.DataStructureTest" name="verifyCodeExecutionforDataStructureIntroductionPage" time="0.000">
    <skipped/>
  </testcase> <!-- verifyCodeExecutionforDataStructureIntroductionPage -->
  <system-out/>
  <testcase classname="dsAlgoTests.DataStructureTest" name="verifyCodeExecutionforDataStructureIntroductionPage" time="0.000">
    <skipped/>
  </testcase> <!-- verifyCodeExecutionforDataStructureIntroductionPage -->
  <system-out/>
  <testcase classname="dsAlgoTests.DataStructureTest" name="verifyCodeExecutionforDataStructureIntroductionPage" time="0.000">
    <skipped/>
  </testcase> <!-- verifyCodeExecutionforDataStructureIntroductionPage -->
  <system-out/>
  <testcase classname="dsAlgoTests.DataStructureTest" name="verifyCodeExecutionforDataStructureIntroductionPage" time="0.000">
    <skipped/>
  </testcase> <!-- verifyCodeExecutionforDataStructureIntroductionPage -->
  <system-out/>
  <testcase classname="dsAlgoTests.DataStructureTest" name="verifyCodeExecutionforDataStructureIntroductionPage" time="0.000">
    <skipped/>
  </testcase> <!-- verifyCodeExecutionforDataStructureIntroductionPage -->
  <system-out/>
  <testcase classname="dsAlgoTests.DataStructureTest" name="verifyCodeExecutionforDataStructureIntroductionPage" time="0.000">
    <skipped/>
  </testcase> <!-- verifyCodeExecutionforDataStructureIntroductionPage -->
  <system-out/>
  <testcase classname="dsAlgoTests.DataStructureTest" name="verifyCodeExecutionforDataStructureIntroductionPage" time="0.000">
    <skipped/>
  </testcase> <!-- verifyCodeExecutionforDataStructureIntroductionPage -->
  <system-out/>
  <testcase classname="dsAlgoTests.DataStructureTest" name="verifyCodeExecutionforDataStructureIntroductionPage" time="0.000">
    <skipped/>
  </testcase> <!-- verifyCodeExecutionforDataStructureIntroductionPage -->
  <system-out/>
  <testcase classname="dsAlgoTests.DataStructureTest" name="verifyCodeExecutionforDataStructureIntroductionPage" time="0.000">
    <skipped/>
  </testcase> <!-- verifyCodeExecutionforDataStructureIntroductionPage -->
  <system-out/>
  <testcase classname="dsAlgoTests.DataStructureTest" name="verifyCodeExecutionforDataStructureIntroductionPage" time="0.000">
    <skipped/>
  </testcase> <!-- verifyCodeExecutionforDataStructureIntroductionPage -->
  <system-out/>
  <testcase classname="dsAlgoTests.DataStructureTest" name="verifyCodeExecutionforDataStructureIntroductionPage" time="0.000">
    <skipped/>
  </testcase> <!-- verifyCodeExecutionforDataStructureIntroductionPage -->
  <system-out/>
  <testcase classname="dsAlgoTests.DataStructureTest" name="verifyCodeExecutionforDataStructureIntroductionPage" time="0.000">
    <skipped/>
  </testcase> <!-- verifyCodeExecutionforDataStructureIntroductionPage -->
  <system-out/>
  <testcase classname="dsAlgoTests.DataStructureTest" name="verifyCodeExecutionforDataStructureIntroductionPage" time="0.000">
    <skipped/>
  </testcase> <!-- verifyCodeExecutionforDataStructureIntroductionPage -->
  <system-out/>
  <testcase classname="dsAlgoTests.DataStructureTest" name="verifyCodeExecutionforDataStructureIntroductionPage" time="0.000">
    <skipped/>
  </testcase> <!-- verifyCodeExecutionforDataStructureIntroductionPage -->
  <system-out/>
  <testcase classname="dsAlgoTests.DataStructureTest" name="verifyCodeExecutionforDataStructureIntroductionPage" time="0.000">
    <skipped/>
  </testcase> <!-- verifyCodeExecutionforDataStructureIntroductionPage -->
  <system-out/>
  <testcase classname="dsAlgoTests.DataStructureTest" name="verifyCodeExecutionforDataStructureIntroductionPage" time="0.000">
    <skipped/>
  </testcase> <!-- verifyCodeExecutionforDataStructureIntroductionPage -->
  <system-out/>
  <testcase classname="dsAlgoTests.DataStructureTest" name="verifyCodeExecutionforDataStructureIntroductionPage" time="0.000">
    <skipped/>
  </testcase> <!-- verifyCodeExecutionforDataStructureIntroductionPage -->
  <system-out/>
  <testcase classname="dsAlgoTests.DataStructureTest" name="verifyCodeExecutionforDataStructureIntroductionPage" time="0.000">
    <skipped/>
  </testcase> <!-- verifyCodeExecutionforDataStructureIntroductionPage -->
  <system-out/>
  <testcase classname="dsAlgoTests.DataStructureTest" name="verifyCodeExecutionforDataStructureIntroductionPage" time="0.000">
    <skipped/>
  </testcase> <!-- verifyCodeExecutionforDataStructureIntroductionPage -->
  <system-out/>
  <testcase classname="dsAlgoTests.DataStructureTest" name="verifyCodeExecutionforDataStructureIntroductionPage" time="0.000">
    <skipped/>
  </testcase> <!-- verifyCodeExecutionforDataStructureIntroductionPage -->
  <system-out/>
  <testcase classname="dsAlgoTests.DataStructureTest" name="verifyCodeExecutionforDataStructureIntroductionPage" time="0.000">
    <skipped/>
  </testcase> <!-- verifyCodeExecutionforDataStructureIntroductionPage -->
  <system-out/>
  <testcase classname="dsAlgoTests.DataStructureTest" name="verifyCodeExecutionforDataStructureIntroductionPage" time="0.000">
    <skipped/>
  </testcase> <!-- verifyCodeExecutionforDataStructureIntroductionPage -->
  <system-out/>
  <testcase classname="dsAlgoTests.DataStructureTest" name="verifyCodeExecutionforDataStructureIntroductionPage" time="0.000">
    <skipped/>
  </testcase> <!-- verifyCodeExecutionforDataStructureIntroductionPage -->
  <system-out/>
  <testcase classname="dsAlgoTests.DataStructureTest" name="verifyCodeExecutionforDataStructureIntroductionPage" time="0.000">
    <skipped/>
  </testcase> <!-- verifyCodeExecutionforDataStructureIntroductionPage -->
  <system-out/>
  <testcase classname="dsAlgoTests.DataStructureTest" name="verifyCodeExecutionforDataStructureIntroductionPage" time="0.000">
    <skipped/>
  </testcase> <!-- verifyCodeExecutionforDataStructureIntroductionPage -->
  <system-out/>
  <testcase classname="dsAlgoTests.DataStructureTest" name="verifyCodeExecutionforDataStructureIntroductionPage" time="0.000">
    <skipped/>
  </testcase> <!-- verifyCodeExecutionforDataStructureIntroductionPage -->
  <system-out/>
  <testcase classname="dsAlgoTests.DataStructureTest" name="verifyCodeExecutionforDataStructureIntroductionPage" time="0.000">
    <skipped/>
  </testcase> <!-- verifyCodeExecutionforDataStructureIntroductionPage -->
  <system-out/>
  <testcase classname="dsAlgoTests.DataStructureTest" name="verifyCodeExecutionforDataStructureIntroductionPage" time="0.000">
    <skipped/>
  </testcase> <!-- verifyCodeExecutionforDataStructureIntroductionPage -->
  <system-out/>
  <testcase classname="dsAlgoTests.DataStructureTest" name="verifyCodeExecutionforDataStructureIntroductionPage" time="0.000">
    <skipped/>
  </testcase> <!-- verifyCodeExecutionforDataStructureIntroductionPage -->
  <system-out/>
  <testcase classname="dsAlgoTests.DataStructureTest" name="verifyCodeExecutionforDataStructureIntroductionPage" time="0.000">
    <skipped/>
  </testcase> <!-- verifyCodeExecutionforDataStructureIntroductionPage -->
  <system-out/>
  <testcase classname="dsAlgoTests.DataStructureTest" name="verifyCodeExecutionforDataStructureIntroductionPage" time="0.000">
    <skipped/>
  </testcase> <!-- verifyCodeExecutionforDataStructureIntroductionPage -->
  <system-out/>
  <testcase classname="dsAlgoTests.DataStructureTest" name="verifyCodeExecutionforDataStructureIntroductionPage" time="0.000">
    <skipped/>
  </testcase> <!-- verifyCodeExecutionforDataStructureIntroductionPage -->
  <system-out/>
  <testcase classname="dsAlgoTests.DataStructureTest" name="verifyCodeExecutionforDataStructureIntroductionPage" time="0.000">
    <skipped/>
  </testcase> <!-- verifyCodeExecutionforDataStructureIntroductionPage -->
  <system-out/>
  <testcase classname="dsAlgoTests.DataStructureTest" name="verifyCodeExecutionforDataStructureIntroductionPage" time="0.000">
    <skipped/>
  </testcase> <!-- verifyCodeExecutionforDataStructureIntroductionPage -->
  <system-out/>
  <testcase classname="dsAlgoTests.DataStructureTest" name="verifyCodeExecutionforDataStructureIntroductionPage" time="0.000">
    <skipped/>
  </testcase> <!-- verifyCodeExecutionforDataStructureIntroductionPage -->
  <system-out/>
  <testcase classname="dsAlgoTests.DataStructureTest" name="verifyCodeExecutionforDataStructureIntroductionPage" time="0.000">
    <skipped/>
  </testcase> <!-- verifyCodeExecutionforDataStructureIntroductionPage -->
  <system-out/>
  <testcase classname="dsAlgoTests.DataStructureTest" name="verifyCodeExecutionforDataStructureIntroductionPage" time="0.000">
    <skipped/>
  </testcase> <!-- verifyCodeExecutionforDataStructureIntroductionPage -->
  <system-out/>
  <testcase classname="dsAlgoTests.DataStructureTest" name="verifyCodeExecutionforDataStructureIntroductionPage" time="0.000">
    <skipped/>
  </testcase> <!-- verifyCodeExecutionforDataStructureIntroductionPage -->
  <system-out/>
  <testcase classname="dsAlgoTests.DataStructureTest" name="verifyCodeExecutionforDataStructureIntroductionPage" time="0.000">
    <skipped/>
  </testcase> <!-- verifyCodeExecutionforDataStructureIntroductionPage -->
  <system-out/>
  <testcase classname="dsAlgoTests.DataStructureTest" name="verifyCodeExecutionforDataStructureIntroductionPage" time="0.000">
    <skipped/>
  </testcase> <!-- verifyCodeExecutionforDataStructureIntroductionPage -->
  <system-out/>
  <testcase classname="dsAlgoTests.DataStructureTest" name="verifyCodeExecutionforDataStructureIntroductionPage" time="0.000">
    <skipped/>
  </testcase> <!-- verifyCodeExecutionforDataStructureIntroductionPage -->
  <system-out/>
  <testcase classname="dsAlgoTests.DataStructureTest" name="verifyCodeExecutionforDataStructureIntroductionPage" time="0.000">
    <skipped/>
  </testcase> <!-- verifyCodeExecutionforDataStructureIntroductionPage -->
  <system-out/>
  <testcase classname="dsAlgoTests.DataStructureTest" name="verifyCodeExecutionforDataStructureIntroductionPage" time="0.000">
    <skipped/>
  </testcase> <!-- verifyCodeExecutionforDataStructureIntroductionPage -->
  <system-out/>
  <testcase classname="dsAlgoTests.DataStructureTest" name="verifyCodeExecutionforDataStructureIntroductionPage" time="0.000">
    <skipped/>
  </testcase> <!-- verifyCodeExecutionforDataStructureIntroductionPage -->
  <system-out/>
  <testcase classname="dsAlgoTests.DataStructureTest" name="verifyCodeExecutionforDataStructureIntroductionPage" time="0.000">
    <skipped/>
  </testcase> <!-- verifyCodeExecutionforDataStructureIntroductionPage -->
  <system-out/>
  <testcase classname="dsAlgoTests.DataStructureTest" name="verifyCodeExecutionforDataStructureIntroductionPage" time="0.000">
    <skipped/>
  </testcase> <!-- verifyCodeExecutionforDataStructureIntroductionPage -->
  <system-out/>
  <testcase classname="dsAlgoTests.DataStructureTest" name="verifyCodeExecutionforDataStructureIntroductionPage" time="0.000">
    <skipped/>
  </testcase> <!-- verifyCodeExecutionforDataStructureIntroductionPage -->
  <system-out/>
  <testcase classname="dsAlgoTests.DataStructureTest" name="verifyCodeExecutionforDataStructureIntroductionPage" time="0.000">
    <skipped/>
  </testcase> <!-- verifyCodeExecutionforDataStructureIntroductionPage -->
  <system-out/>
  <testcase classname="dsAlgoTests.DataStructureTest" name="verifyCodeExecutionforDataStructureIntroductionPage" time="0.000">
    <skipped/>
  </testcase> <!-- verifyCodeExecutionforDataStructureIntroductionPage -->
  <system-out/>
  <testcase classname="dsAlgoTests.DataStructureTest" name="verifyCodeExecutionforDataStructureIntroductionPage" time="0.000">
    <skipped/>
  </testcase> <!-- verifyCodeExecutionforDataStructureIntroductionPage -->
  <system-out/>
  <testcase classname="dsAlgoTests.DataStructureTest" name="verifyCodeExecutionforDataStructureIntroductionPage" time="0.000">
    <skipped/>
  </testcase> <!-- verifyCodeExecutionforDataStructureIntroductionPage -->
  <system-out/>
  <testcase classname="dsAlgoTests.DataStructureTest" name="verifyCodeExecutionforDataStructureIntroductionPage" time="0.000">
    <skipped/>
  </testcase> <!-- verifyCodeExecutionforDataStructureIntroductionPage -->
  <system-out/>
  <testcase classname="dsAlgoTests.DataStructureTest" name="verifyCodeExecutionforDataStructureIntroductionPage" time="0.000">
    <skipped/>
  </testcase> <!-- verifyCodeExecutionforDataStructureIntroductionPage -->
  <system-out/>
  <testcase classname="dsAlgoTests.DataStructureTest" name="verifyCodeExecutionforDataStructureIntroductionPage" time="0.000">
    <skipped/>
  </testcase> <!-- verifyCodeExecutionforDataStructureIntroductionPage -->
  <system-out/>
  <testcase classname="dsAlgoTests.DataStructureTest" name="verifyCodeExecutionforDataStructureIntroductionPage" time="0.000">
    <skipped/>
  </testcase> <!-- verifyCodeExecutionforDataStructureIntroductionPage -->
  <system-out/>
  <testcase classname="dsAlgoTests.DataStructureTest" name="verifyCodeExecutionforDataStructureIntroductionPage" time="0.000">
    <skipped/>
  </testcase> <!-- verifyCodeExecutionforDataStructureIntroductionPage -->
  <system-out/>
  <testcase classname="dsAlgoTests.DataStructureTest" name="verifyCodeExecutionforDataStructureIntroductionPage" time="0.000">
    <skipped/>
  </testcase> <!-- verifyCodeExecutionforDataStructureIntroductionPage -->
  <system-out/>
  <testcase classname="dsAlgoTests.DataStructureTest" name="verifyCodeExecutionforDataStructureIntroductionPage" time="0.000">
    <skipped/>
  </testcase> <!-- verifyCodeExecutionforDataStructureIntroductionPage -->
  <system-out/>
  <testcase classname="dsAlgoTests.DataStructureTest" name="verifyCodeExecutionforDataStructureIntroductionPage" time="0.000">
    <skipped/>
  </testcase> <!-- verifyCodeExecutionforDataStructureIntroductionPage -->
  <system-out/>
  <testcase classname="dsAlgoTests.DataStructureTest" name="verifyCodeExecutionforDataStructureIntroductionPage" time="0.000">
    <skipped/>
  </testcase> <!-- verifyCodeExecutionforDataStructureIntroductionPage -->
  <system-out/>
  <testcase classname="dsAlgoTests.DataStructureTest" name="verifyCodeExecutionforDataStructureIntroductionPage" time="0.000">
    <skipped/>
  </testcase> <!-- verifyCodeExecutionforDataStructureIntroductionPage -->
  <system-out/>
  <testcase classname="dsAlgoTests.DataStructureTest" name="verifyCodeExecutionforDataStructureIntroductionPage" time="0.000">
    <skipped/>
  </testcase> <!-- verifyCodeExecutionforDataStructureIntroductionPage -->
  <system-out/>
  <testcase classname="dsAlgoTests.DataStructureTest" name="verifyCodeExecutionforDataStructureIntroductionPage" time="0.000">
    <skipped/>
  </testcase> <!-- verifyCodeExecutionforDataStructureIntroductionPage -->
  <system-out/>
  <testcase classname="dsAlgoTests.DataStructureTest" name="verifyCodeExecutionforDataStructureIntroductionPage" time="0.000">
    <skipped/>
  </testcase> <!-- verifyCodeExecutionforDataStructureIntroductionPage -->
  <system-out/>
  <testcase classname="dsAlgoTests.DataStructureTest" name="verifyCodeExecutionforDataStructureIntroductionPage" time="0.000">
    <skipped/>
  </testcase> <!-- verifyCodeExecutionforDataStructureIntroductionPage -->
  <system-out/>
  <testcase classname="dsAlgoTests.DataStructureTest" name="verifyCodeExecutionforDataStructureIntroductionPage" time="0.000">
    <skipped/>
  </testcase> <!-- verifyCodeExecutionforDataStructureIntroductionPage -->
  <system-out/>
  <testcase classname="dsAlgoTests.DataStructureTest" name="verifyCodeExecutionforDataStructureIntroductionPage" time="0.000">
    <skipped/>
  </testcase> <!-- verifyCodeExecutionforDataStructureIntroductionPage -->
  <system-out/>
  <testcase classname="dsAlgoTests.DataStructureTest" name="verifyCodeExecutionforDataStructureIntroductionPage" time="0.000">
    <skipped/>
  </testcase> <!-- verifyCodeExecutionforDataStructureIntroductionPage -->
  <system-out/>
  <testcase classname="dsAlgoTests.DataStructureTest" name="verifyCodeExecutionforDataStructureIntroductionPage" time="0.000">
    <skipped/>
  </testcase> <!-- verifyCodeExecutionforDataStructureIntroductionPage -->
  <system-out/>
  <testcase classname="dsAlgoTests.DataStructureTest" name="verifyCodeExecutionforDataStructureIntroductionPage" time="0.000">
    <skipped/>
  </testcase> <!-- verifyCodeExecutionforDataStructureIntroductionPage -->
  <system-out/>
  <testcase classname="dsAlgoTests.DataStructureTest" name="verifyCodeExecutionforDataStructureIntroductionPage" time="0.000">
    <skipped/>
  </testcase> <!-- verifyCodeExecutionforDataStructureIntroductionPage -->
  <system-out/>
  <testcase classname="dsAlgoTests.DataStructureTest" name="verifyCodeExecutionforDataStructureIntroductionPage" time="0.000">
    <skipped/>
  </testcase> <!-- verifyCodeExecutionforDataStructureIntroductionPage -->
  <system-out/>
  <testcase classname="dsAlgoTests.DataStructureTest" name="verifyCodeExecutionforDataStructureIntroductionPage" time="0.000">
    <skipped/>
  </testcase> <!-- verifyCodeExecutionforDataStructureIntroductionPage -->
  <system-out/>
  <testcase classname="dsAlgoTests.DataStructureTest" name="verifyCodeExecutionforDataStructureIntroductionPage" time="0.000">
    <skipped/>
  </testcase> <!-- verifyCodeExecutionforDataStructureIntroductionPage -->
  <system-out/>
  <testcase classname="dsAlgoTests.DataStructureTest" name="verifyCodeExecutionforDataStructureIntroductionPage" time="0.000">
    <skipped/>
  </testcase> <!-- verifyCodeExecutionforDataStructureIntroductionPage -->
  <system-out/>
  <testcase classname="dsAlgoTests.DataStructureTest" name="verifyCodeExecutionforDataStructureIntroductionPage" time="0.000">
    <skipped/>
  </testcase> <!-- verifyCodeExecutionforDataStructureIntroductionPage -->
  <system-out/>
  <testcase classname="dsAlgoTests.DataStructureTest" name="verifyCodeExecutionforDataStructureIntroductionPage" time="0.000">
    <skipped/>
  </testcase> <!-- verifyCodeExecutionforDataStructureIntroductionPage -->
  <system-out/>
  <testcase classname="dsAlgoTests.DataStructureTest" name="verifyCodeExecutionforDataStructureIntroductionPage" time="0.000">
    <skipped/>
  </testcase> <!-- verifyCodeExecutionforDataStructureIntroductionPage -->
  <system-out/>
  <testcase classname="dsAlgoTests.DataStructureTest" name="verifyCodeExecutionforDataStructureIntroductionPage" time="0.000">
    <skipped/>
  </testcase> <!-- verifyCodeExecutionforDataStructureIntroductionPage -->
  <system-out/>
  <testcase classname="dsAlgoTests.DataStructureTest" name="verifyCodeExecutionforDataStructureIntroductionPage" time="0.000">
    <skipped/>
  </testcase> <!-- verifyCodeExecutionforDataStructureIntroductionPage -->
  <system-out/>
  <testcase classname="dsAlgoTests.DataStructureTest" name="verifyCodeExecutionforDataStructureIntroductionPage" time="0.000">
    <skipped/>
  </testcase> <!-- verifyCodeExecutionforDataStructureIntroductionPage -->
  <system-out/>
  <testcase classname="dsAlgoTests.DataStructureTest" name="verifyCodeExecutionforDataStructureIntroductionPage" time="0.000">
    <skipped/>
  </testcase> <!-- verifyCodeExecutionforDataStructureIntroductionPage -->
  <system-out/>
  <testcase classname="dsAlgoTests.DataStructureTest" name="verifyCodeExecutionforDataStructureIntroductionPage" time="0.000">
    <skipped/>
  </testcase> <!-- verifyCodeExecutionforDataStructureIntroductionPage -->
  <system-out/>
  <testcase classname="dsAlgoTests.DataStructureTest" name="verifyCodeExecutionforDataStructureIntroductionPage" time="0.000">
    <skipped/>
  </testcase> <!-- verifyCodeExecutionforDataStructureIntroductionPage -->
  <system-out/>
  <testcase classname="dsAlgoTests.DataStructureTest" name="verifyCodeExecutionforDataStructureIntroductionPage" time="0.000">
    <skipped/>
  </testcase> <!-- verifyCodeExecutionforDataStructureIntroductionPage -->
  <system-out/>
  <testcase classname="dsAlgoTests.DataStructureTest" name="verifyCodeExecutionforDataStructureIntroductionPage" time="0.000">
    <skipped/>
  </testcase> <!-- verifyCodeExecutionforDataStructureIntroductionPage -->
  <system-out/>
  <testcase classname="dsAlgoTests.DataStructureTest" name="verifyCodeExecutionforDataStructureIntroductionPage" time="0.000">
    <skipped/>
  </testcase> <!-- verifyCodeExecutionforDataStructureIntroductionPage -->
  <system-out/>
  <testcase classname="dsAlgoTests.DataStructureTest" name="verifyCodeExecutionforDataStructureIntroductionPage" time="0.000">
    <skipped/>
  </testcase> <!-- verifyCodeExecutionforDataStructureIntroductionPage -->
  <system-out/>
  <testcase classname="dsAlgoTests.DataStructureTest" name="verifyCodeExecutionforDataStructureIntroductionPage" time="0.000">
    <skipped/>
  </testcase> <!-- verifyCodeExecutionforDataStructureIntroductionPage -->
  <system-out/>
  <testcase classname="dsAlgoTests.DataStructureTest" name="verifyCodeExecutionforDataStructureIntroductionPage" time="0.000">
    <skipped/>
  </testcase> <!-- verifyCodeExecutionforDataStructureIntroductionPage -->
  <system-out/>
  <testcase classname="dsAlgoTests.DataStructureTest" name="verifyCodeExecutionforDataStructureIntroductionPage" time="0.000">
    <skipped/>
  </testcase> <!-- verifyCodeExecutionforDataStructureIntroductionPage -->
  <system-out/>
  <testcase classname="dsAlgoTests.DataStructureTest" name="verifyCodeExecutionforDataStructureIntroductionPage" time="0.000">
    <skipped/>
  </testcase> <!-- verifyCodeExecutionforDataStructureIntroductionPage -->
  <system-out/>
  <testcase classname="dsAlgoTests.DataStructureTest" name="verifyCodeExecutionforDataStructureIntroductionPage" time="0.000">
    <skipped/>
  </testcase> <!-- verifyCodeExecutionforDataStructureIntroductionPage -->
  <system-out/>
  <testcase classname="dsAlgoTests.DataStructureTest" name="verifyCodeExecutionforDataStructureIntroductionPage" time="0.000">
    <skipped/>
  </testcase> <!-- verifyCodeExecutionforDataStructureIntroductionPage -->
  <system-out/>
  <testcase classname="dsAlgoTests.DataStructureTest" name="verifyCodeExecutionforDataStructureIntroductionPage" time="0.000">
    <skipped/>
  </testcase> <!-- verifyCodeExecutionforDataStructureIntroductionPage -->
  <system-out/>
  <testcase classname="dsAlgoTests.DataStructureTest" name="verifyCodeExecutionforDataStructureIntroductionPage" time="0.000">
    <skipped/>
  </testcase> <!-- verifyCodeExecutionforDataStructureIntroductionPage -->
  <system-out/>
  <testcase classname="dsAlgoTests.DataStructureTest" name="verifyCodeExecutionforDataStructureIntroductionPage" time="0.000">
    <skipped/>
  </testcase> <!-- verifyCodeExecutionforDataStructureIntroductionPage -->
  <system-out/>
  <testcase classname="dsAlgoTests.DataStructureTest" name="verifyCodeExecutionforDataStructureIntroductionPage" time="0.000">
    <skipped/>
  </testcase> <!-- verifyCodeExecutionforDataStructureIntroductionPage -->
  <system-out/>
  <testcase classname="dsAlgoTests.DataStructureTest" name="verifyCodeExecutionforDataStructureIntroductionPage" time="0.000">
    <skipped/>
  </testcase> <!-- verifyCodeExecutionforDataStructureIntroductionPage -->
  <system-out/>
  <testcase classname="dsAlgoTests.DataStructureTest" name="verifyCodeExecutionforDataStructureIntroductionPage" time="0.000">
    <skipped/>
  </testcase> <!-- verifyCodeExecutionforDataStructureIntroductionPage -->
  <system-out/>
  <testcase classname="dsAlgoTests.DataStructureTest" name="verifyCodeExecutionforDataStructureIntroductionPage" time="0.000">
    <skipped/>
  </testcase> <!-- verifyCodeExecutionforDataStructureIntroductionPage -->
  <system-out/>
  <testcase classname="dsAlgoTests.DataStructureTest" name="verifyCodeExecutionforDataStructureIntroductionPage" time="0.000">
    <skipped/>
  </testcase> <!-- verifyCodeExecutionforDataStructureIntroductionPage -->
  <system-out/>
  <testcase classname="dsAlgoTests.DataStructureTest" name="verifyCodeExecutionforDataStructureIntroductionPage" time="0.000">
    <skipped/>
  </testcase> <!-- verifyCodeExecutionforDataStructureIntroductionPage -->
  <system-out/>
  <testcase classname="dsAlgoTests.DataStructureTest" name="verifyCodeExecutionforDataStructureIntroductionPage" time="0.000">
    <skipped/>
  </testcase> <!-- verifyCodeExecutionforDataStructureIntroductionPage -->
  <system-out/>
</testsuite> <!-- dsAlgoTests.DataStructureTest -->
