<?xml version="1.0" encoding="UTF-8"?>
<!-- Generated by org.testng.reporters.JUnitReportReporter -->
<testsuite hostname="Jaya" failures="0" tests="6" name="dsAlgoTests.SigninTest" time="118.088" errors="0" timestamp="2025-02-06T17:09:43 EST" skipped="0">
  <testcase classname="dsAlgoTests.SigninTest" name="enterCredentials" time="22.623"/>
  <system-out/>
  <testcase classname="dsAlgoTests.SigninTest" name="enterCredentials" time="22.628"/>
  <system-out/>
  <testcase classname="dsAlgoTests.SigninTest" name="enterCredentials" time="22.821"/>
  <system-out/>
  <testcase classname="dsAlgoTests.SigninTest" name="enterCredentials" time="22.934"/>
  <system-out/>
  <testcase classname="dsAlgoTests.SigninTest" name="enterCredentials" time="3.184"/>
  <system-out/>
  <testcase classname="dsAlgoTests.SigninTest" name="enterCredentials" time="23.898"/>
  <system-out/>
</testsuite> <!-- dsAlgoTests.SigninTest -->
