<?xml version="1.0" encoding="UTF-8"?>
<!-- Generated by org.testng.reporters.JUnitReportReporter -->
<testsuite hostname="sukeerthsahana" failures="6" tests="65" name="dsAlgoTests.TreeTest" time="281.708" errors="0" timestamp="2025-02-16T15:11:56 CST" skipped="6">
  <testcase classname="dsAlgoTests.TreeTest" name="navigateToOverviewOfTrees" time="3.718"/>
  <system-out/>
  <testcase classname="dsAlgoTests.TreeTest" name="navigateToOverviewOfTreesTryEditor" time="4.511"/>
  <system-out/>
  <testcase classname="dsAlgoTests.TreeTest" name="navigateToTerminologies" time="3.672"/>
  <system-out/>
  <testcase classname="dsAlgoTests.TreeTest" name="navigateToTerminologiesTryEditor" time="4.837"/>
  <system-out/>
  <testcase classname="dsAlgoTests.TreeTest" name="navigateToTypesOfTrees" time="3.589"/>
  <system-out/>
  <testcase classname="dsAlgoTests.TreeTest" name="navigateToTypesOfTreesTryEditor" time="4.525"/>
  <system-out/>
  <testcase classname="dsAlgoTests.TreeTest" name="navigateToTreeTraversals" time="3.478"/>
  <system-out/>
  <testcase classname="dsAlgoTests.TreeTest" name="navigateToTreeTraversalsTryEditor" time="4.386"/>
  <system-out/>
  <testcase classname="dsAlgoTests.TreeTest" name="navigateToTraversalsIllustration" time="3.525"/>
  <system-out/>
  <testcase classname="dsAlgoTests.TreeTest" name="navigateToTraversalsIllustrationTryEditor" time="4.523"/>
  <system-out/>
  <testcase classname="dsAlgoTests.TreeTest" name="navigateToBinaryTrees" time="3.707"/>
  <system-out/>
  <testcase classname="dsAlgoTests.TreeTest" name="navigateToBinaryTreesTryEditor" time="4.549"/>
  <system-out/>
  <testcase classname="dsAlgoTests.TreeTest" name="navigateToTypesOfBinaryTrees" time="3.545"/>
  <system-out/>
  <testcase classname="dsAlgoTests.TreeTest" name="navigateToTypesOfBinaryTreesTryEditor" time="4.521"/>
  <system-out/>
  <testcase classname="dsAlgoTests.TreeTest" name="navigateToImplementationInPython" time="3.537"/>
  <system-out/>
  <testcase classname="dsAlgoTests.TreeTest" name="navigateToImplementationInPythonTryEditor" time="4.177"/>
  <system-out/>
  <testcase classname="dsAlgoTests.TreeTest" name="navigateToBinaryTreeTraversals" time="3.388"/>
  <system-out/>
  <testcase classname="dsAlgoTests.TreeTest" name="navigateToBinaryTreeTraversalsTryEditor" time="4.119"/>
  <system-out/>
  <testcase classname="dsAlgoTests.TreeTest" name="navigateToImplementationOfBinaryTrees" time="3.616"/>
  <system-out/>
  <testcase classname="dsAlgoTests.TreeTest" name="navigateToImplementationOfBinaryTreesTryEditor" time="4.172"/>
  <system-out/>
  <testcase classname="dsAlgoTests.TreeTest" name="navigateToApplicationsOfBinaryTrees" time="3.617"/>
  <system-out/>
  <testcase classname="dsAlgoTests.TreeTest" name="navigateToApplicationsOfBinaryTreesTryEditor" time="4.090"/>
  <system-out/>
  <testcase classname="dsAlgoTests.TreeTest" name="navigateToBinarySearchTrees" time="3.890"/>
  <system-out/>
  <testcase classname="dsAlgoTests.TreeTest" name="navigateToBinarySearchTreesTryEditor" time="4.600"/>
  <system-out/>
  <testcase classname="dsAlgoTests.TreeTest" name="navigateToImplementationOfBST" time="3.751"/>
  <system-out/>
  <testcase classname="dsAlgoTests.TreeTest" name="navigateToImplementationOfBSTTryEditor" time="4.293"/>
  <system-out/>
  <testcase classname="dsAlgoTests.TreeTest" name="verifyCodeExecutionForTreeTryEditor" time="5.172"/>
  <system-out/>
  <testcase classname="dsAlgoTests.TreeTest" name="verifyCodeExecutionForTreeTryEditor" time="4.589"/>
  <system-out/>
  <testcase classname="dsAlgoTests.TreeTest" name="verifyCodeExecutionForTreeTryEditor" time="4.707"/>
  <system-out/>
  <testcase classname="dsAlgoTests.TreeTest" name="verifyCodeExecutionForTreeTryEditor" time="5.110"/>
  <system-out/>
  <testcase classname="dsAlgoTests.TreeTest" name="verifyCodeExecutionForTreeTryEditor" time="4.618"/>
  <system-out/>
  <testcase classname="dsAlgoTests.TreeTest" name="verifyCodeExecutionForTreeTryEditor" time="4.629"/>
  <system-out/>
  <testcase classname="dsAlgoTests.TreeTest" name="verifyCodeExecutionForTreeTryEditor" time="4.625"/>
  <system-out/>
  <testcase classname="dsAlgoTests.TreeTest" name="verifyCodeExecutionForTreeTryEditor" time="4.469"/>
  <system-out/>
  <testcase classname="dsAlgoTests.TreeTest" name="verifyCodeExecutionForTreeTryEditor" time="4.232"/>
  <system-out/>
  <testcase classname="dsAlgoTests.TreeTest" name="verifyCodeExecutionForTreeTryEditor" time="5.145"/>
  <system-out/>
  <testcase classname="dsAlgoTests.TreeTest" name="verifyCodeExecutionForTreeTryEditor" time="4.830"/>
  <system-out/>
  <testcase classname="dsAlgoTests.TreeTest" name="verifyCodeExecutionForTreeTryEditor" time="4.519"/>
  <system-out/>
  <testcase classname="dsAlgoTests.TreeTest" name="verifyCodeExecutionForTreeTryEditor" time="4.342"/>
  <system-out/>
  <testcase classname="dsAlgoTests.TreeTest" name="verifyCodeExecutionForTreeTryEditor" time="4.742"/>
  <system-out/>
  <testcase classname="dsAlgoTests.TreeTest" name="verifyCodeExecutionForTreeTryEditor" time="4.228"/>
  <system-out/>
  <testcase classname="dsAlgoTests.TreeTest" name="verifyCodeExecutionForTreeTryEditor" time="4.854"/>
  <system-out/>
  <testcase classname="dsAlgoTests.TreeTest" name="verifyCodeExecutionForTreeTryEditor" time="4.619"/>
  <system-out/>
  <testcase classname="dsAlgoTests.TreeTest" name="verifyCodeExecutionForTreeTryEditor" time="4.574"/>
  <system-out/>
  <testcase classname="dsAlgoTests.TreeTest" name="verifyCodeExecutionForTreeTryEditor" time="4.486"/>
  <system-out/>
  <testcase classname="dsAlgoTests.TreeTest" name="verifyCodeExecutionForTreeTryEditor" time="4.635"/>
  <system-out/>
  <testcase classname="dsAlgoTests.TreeTest" name="verifyCodeExecutionForTreeTryEditor" time="4.494"/>
  <system-out/>
  <testcase classname="dsAlgoTests.TreeTest" name="verifyCodeExecutionForTreeTryEditor" time="4.478"/>
  <system-out/>
  <testcase classname="dsAlgoTests.TreeTest" name="verifyCodeExecutionForTreeTryEditor" time="4.996"/>
  <system-out/>
  <testcase classname="dsAlgoTests.TreeTest" name="verifyCodeExecutionForTreeTryEditor" time="4.401"/>
  <system-out/>
  <testcase classname="dsAlgoTests.TreeTest" name="verifyCodeExecutionForTreeTryEditor" time="4.539"/>
  <system-out/>
  <testcase classname="dsAlgoTests.TreeTest" name="verifyCodeExecutionForTreeTryEditor" time="4.570"/>
  <system-out/>
  <testcase classname="dsAlgoTests.TreeTest" name="verifyTreeTryEditorWithoutCodeOfOverviewOfTrees" time="4.118">
    <skipped/>
  </testcase> <!-- verifyTreeTryEditorWithoutCodeOfOverviewOfTrees -->
  <system-out/>
  <testcase classname="dsAlgoTests.TreeTest" name="verifyTreeTryEditorWithoutCodeOfOverviewOfTrees" time="4.136">
    <failure message="Test failed: Expected an error message when clicking the &#039;Run&#039; button without entering code, but no message was displayed" type="java.lang.AssertionError">
      <![CDATA[java.lang.AssertionError: Test failed: Expected an error message when clicking the 'Run' button without entering code, but no message was displayed
at org.testng.Assert.fail(Assert.java:99)
at dsAlgoTests.TreeTest.verifyTreeTryEditorWithoutCodeOfOverviewOfTrees(TreeTest.java:330)
at java.base/jdk.internal.reflect.DirectMethodHandleAccessor.invoke(DirectMethodHandleAccessor.java:103)
at java.base/java.lang.reflect.Method.invoke(Method.java:580)
at org.testng.internal.MethodInvocationHelper.invokeMethod(MethodInvocationHelper.java:133)
at org.testng.internal.TestInvoker.invokeMethod(TestInvoker.java:598)
at org.testng.internal.TestInvoker.retryFailed(TestInvoker.java:213)
at org.testng.internal.MethodRunner.runInSequence(MethodRunner.java:58)
at org.testng.internal.TestInvoker$MethodInvocationAgent.invoke(TestInvoker.java:824)
at org.testng.internal.TestInvoker.invokeTestMethods(TestInvoker.java:146)
at org.testng.internal.TestMethodWorker.invokeTestMethods(TestMethodWorker.java:146)
at org.testng.internal.TestMethodWorker.run(TestMethodWorker.java:128)
at java.base/java.util.ArrayList.forEach(ArrayList.java:1596)
at org.testng.TestRunner.privateRun(TestRunner.java:794)
at org.testng.TestRunner.run(TestRunner.java:596)
at org.testng.SuiteRunner.runTest(SuiteRunner.java:377)
at org.testng.SuiteRunner.access$000(SuiteRunner.java:28)
at org.testng.SuiteRunner$SuiteWorker.run(SuiteRunner.java:418)
at org.testng.internal.thread.ThreadUtil.lambda$execute$0(ThreadUtil.java:64)
at java.base/java.util.concurrent.FutureTask.run(FutureTask.java:317)
at java.base/java.util.concurrent.ThreadPoolExecutor.runWorker(ThreadPoolExecutor.java:1144)
at java.base/java.util.concurrent.ThreadPoolExecutor$Worker.run(ThreadPoolExecutor.java:642)
at java.base/java.lang.Thread.run(Thread.java:1583)
]]>
    </failure>
  </testcase> <!-- verifyTreeTryEditorWithoutCodeOfOverviewOfTrees -->
  <system-out/>
  <testcase classname="dsAlgoTests.TreeTest" name="verifyTreeTryEditorWithoutCodeOfTerminologies" time="4.525">
    <failure message="Test failed: Expected an error message when clicking the &#039;Run&#039; button without entering code, but no message was displayed" type="java.lang.AssertionError">
      <![CDATA[java.lang.AssertionError: Test failed: Expected an error message when clicking the 'Run' button without entering code, but no message was displayed
at org.testng.Assert.fail(Assert.java:99)
at dsAlgoTests.TreeTest.verifyTreeTryEditorWithoutCodeOfTerminologies(TreeTest.java:343)
at java.base/jdk.internal.reflect.DirectMethodHandleAccessor.invoke(DirectMethodHandleAccessor.java:103)
at java.base/java.lang.reflect.Method.invoke(Method.java:580)
at org.testng.internal.MethodInvocationHelper.invokeMethod(MethodInvocationHelper.java:133)
at org.testng.internal.TestInvoker.invokeMethod(TestInvoker.java:598)
at org.testng.internal.TestInvoker.retryFailed(TestInvoker.java:213)
at org.testng.internal.MethodRunner.runInSequence(MethodRunner.java:58)
at org.testng.internal.TestInvoker$MethodInvocationAgent.invoke(TestInvoker.java:824)
at org.testng.internal.TestInvoker.invokeTestMethods(TestInvoker.java:146)
at org.testng.internal.TestMethodWorker.invokeTestMethods(TestMethodWorker.java:146)
at org.testng.internal.TestMethodWorker.run(TestMethodWorker.java:128)
at java.base/java.util.ArrayList.forEach(ArrayList.java:1596)
at org.testng.TestRunner.privateRun(TestRunner.java:794)
at org.testng.TestRunner.run(TestRunner.java:596)
at org.testng.SuiteRunner.runTest(SuiteRunner.java:377)
at org.testng.SuiteRunner.access$000(SuiteRunner.java:28)
at org.testng.SuiteRunner$SuiteWorker.run(SuiteRunner.java:418)
at org.testng.internal.thread.ThreadUtil.lambda$execute$0(ThreadUtil.java:64)
at java.base/java.util.concurrent.FutureTask.run(FutureTask.java:317)
at java.base/java.util.concurrent.ThreadPoolExecutor.runWorker(ThreadPoolExecutor.java:1144)
at java.base/java.util.concurrent.ThreadPoolExecutor$Worker.run(ThreadPoolExecutor.java:642)
at java.base/java.lang.Thread.run(Thread.java:1583)
]]>
    </failure>
  </testcase> <!-- verifyTreeTryEditorWithoutCodeOfTerminologies -->
  <system-out/>
  <testcase classname="dsAlgoTests.TreeTest" name="verifyTreeTryEditorWithoutCodeOfTerminologies" time="4.291">
    <skipped/>
  </testcase> <!-- verifyTreeTryEditorWithoutCodeOfTerminologies -->
  <system-out/>
  <testcase classname="dsAlgoTests.TreeTest" name="verifyTreeTryEditorWithoutCodeOfTypesOfTrees" time="4.247">
    <failure message="Test failed: Expected an error message when clicking the &#039;Run&#039; button without entering code, but no message was displayed" type="java.lang.AssertionError">
      <![CDATA[java.lang.AssertionError: Test failed: Expected an error message when clicking the 'Run' button without entering code, but no message was displayed
at org.testng.Assert.fail(Assert.java:99)
at dsAlgoTests.TreeTest.verifyTreeTryEditorWithoutCodeOfTypesOfTrees(TreeTest.java:356)
at java.base/jdk.internal.reflect.DirectMethodHandleAccessor.invoke(DirectMethodHandleAccessor.java:103)
at java.base/java.lang.reflect.Method.invoke(Method.java:580)
at org.testng.internal.MethodInvocationHelper.invokeMethod(MethodInvocationHelper.java:133)
at org.testng.internal.TestInvoker.invokeMethod(TestInvoker.java:598)
at org.testng.internal.TestInvoker.retryFailed(TestInvoker.java:213)
at org.testng.internal.MethodRunner.runInSequence(MethodRunner.java:58)
at org.testng.internal.TestInvoker$MethodInvocationAgent.invoke(TestInvoker.java:824)
at org.testng.internal.TestInvoker.invokeTestMethods(TestInvoker.java:146)
at org.testng.internal.TestMethodWorker.invokeTestMethods(TestMethodWorker.java:146)
at org.testng.internal.TestMethodWorker.run(TestMethodWorker.java:128)
at java.base/java.util.ArrayList.forEach(ArrayList.java:1596)
at org.testng.TestRunner.privateRun(TestRunner.java:794)
at org.testng.TestRunner.run(TestRunner.java:596)
at org.testng.SuiteRunner.runTest(SuiteRunner.java:377)
at org.testng.SuiteRunner.access$000(SuiteRunner.java:28)
at org.testng.SuiteRunner$SuiteWorker.run(SuiteRunner.java:418)
at org.testng.internal.thread.ThreadUtil.lambda$execute$0(ThreadUtil.java:64)
at java.base/java.util.concurrent.FutureTask.run(FutureTask.java:317)
at java.base/java.util.concurrent.ThreadPoolExecutor.runWorker(ThreadPoolExecutor.java:1144)
at java.base/java.util.concurrent.ThreadPoolExecutor$Worker.run(ThreadPoolExecutor.java:642)
at java.base/java.lang.Thread.run(Thread.java:1583)
]]>
    </failure>
  </testcase> <!-- verifyTreeTryEditorWithoutCodeOfTypesOfTrees -->
  <system-out/>
  <testcase classname="dsAlgoTests.TreeTest" name="verifyTreeTryEditorWithoutCodeOfTypesOfTrees" time="4.372">
    <skipped/>
  </testcase> <!-- verifyTreeTryEditorWithoutCodeOfTypesOfTrees -->
  <system-out/>
  <testcase classname="dsAlgoTests.TreeTest" name="verifyTreeTryEditorWithoutCodeOfTreeTraversals" time="5.342">
    <skipped/>
  </testcase> <!-- verifyTreeTryEditorWithoutCodeOfTreeTraversals -->
  <system-out/>
  <testcase classname="dsAlgoTests.TreeTest" name="verifyTreeTryEditorWithoutCodeOfTreeTraversals" time="4.989">
    <failure message="Test failed: Expected an error message when clicking the &#039;Run&#039; button without entering code, but no message was displayed" type="java.lang.AssertionError">
      <![CDATA[java.lang.AssertionError: Test failed: Expected an error message when clicking the 'Run' button without entering code, but no message was displayed
at org.testng.Assert.fail(Assert.java:99)
at dsAlgoTests.TreeTest.verifyTreeTryEditorWithoutCodeOfTreeTraversals(TreeTest.java:369)
at java.base/jdk.internal.reflect.DirectMethodHandleAccessor.invoke(DirectMethodHandleAccessor.java:103)
at java.base/java.lang.reflect.Method.invoke(Method.java:580)
at org.testng.internal.MethodInvocationHelper.invokeMethod(MethodInvocationHelper.java:133)
at org.testng.internal.TestInvoker.invokeMethod(TestInvoker.java:598)
at org.testng.internal.TestInvoker.retryFailed(TestInvoker.java:213)
at org.testng.internal.MethodRunner.runInSequence(MethodRunner.java:58)
at org.testng.internal.TestInvoker$MethodInvocationAgent.invoke(TestInvoker.java:824)
at org.testng.internal.TestInvoker.invokeTestMethods(TestInvoker.java:146)
at org.testng.internal.TestMethodWorker.invokeTestMethods(TestMethodWorker.java:146)
at org.testng.internal.TestMethodWorker.run(TestMethodWorker.java:128)
at java.base/java.util.ArrayList.forEach(ArrayList.java:1596)
at org.testng.TestRunner.privateRun(TestRunner.java:794)
at org.testng.TestRunner.run(TestRunner.java:596)
at org.testng.SuiteRunner.runTest(SuiteRunner.java:377)
at org.testng.SuiteRunner.access$000(SuiteRunner.java:28)
at org.testng.SuiteRunner$SuiteWorker.run(SuiteRunner.java:418)
at org.testng.internal.thread.ThreadUtil.lambda$execute$0(ThreadUtil.java:64)
at java.base/java.util.concurrent.FutureTask.run(FutureTask.java:317)
at java.base/java.util.concurrent.ThreadPoolExecutor.runWorker(ThreadPoolExecutor.java:1144)
at java.base/java.util.concurrent.ThreadPoolExecutor$Worker.run(ThreadPoolExecutor.java:642)
at java.base/java.lang.Thread.run(Thread.java:1583)
]]>
    </failure>
  </testcase> <!-- verifyTreeTryEditorWithoutCodeOfTreeTraversals -->
  <system-out/>
  <testcase classname="dsAlgoTests.TreeTest" name="verifyTreeTryEditorWithoutCodeOfTraversalsIllustration" time="4.426">
    <skipped/>
  </testcase> <!-- verifyTreeTryEditorWithoutCodeOfTraversalsIllustration -->
  <system-out/>
  <testcase classname="dsAlgoTests.TreeTest" name="verifyTreeTryEditorWithoutCodeOfTraversalsIllustration" time="4.348">
    <failure message="Test failed: Expected an error message when clicking the &#039;Run&#039; button without entering code, but no message was displayed" type="java.lang.AssertionError">
      <![CDATA[java.lang.AssertionError: Test failed: Expected an error message when clicking the 'Run' button without entering code, but no message was displayed
at org.testng.Assert.fail(Assert.java:99)
at dsAlgoTests.TreeTest.verifyTreeTryEditorWithoutCodeOfTraversalsIllustration(TreeTest.java:382)
at java.base/jdk.internal.reflect.DirectMethodHandleAccessor.invoke(DirectMethodHandleAccessor.java:103)
at java.base/java.lang.reflect.Method.invoke(Method.java:580)
at org.testng.internal.MethodInvocationHelper.invokeMethod(MethodInvocationHelper.java:133)
at org.testng.internal.TestInvoker.invokeMethod(TestInvoker.java:598)
at org.testng.internal.TestInvoker.retryFailed(TestInvoker.java:213)
at org.testng.internal.MethodRunner.runInSequence(MethodRunner.java:58)
at org.testng.internal.TestInvoker$MethodInvocationAgent.invoke(TestInvoker.java:824)
at org.testng.internal.TestInvoker.invokeTestMethods(TestInvoker.java:146)
at org.testng.internal.TestMethodWorker.invokeTestMethods(TestMethodWorker.java:146)
at org.testng.internal.TestMethodWorker.run(TestMethodWorker.java:128)
at java.base/java.util.ArrayList.forEach(ArrayList.java:1596)
at org.testng.TestRunner.privateRun(TestRunner.java:794)
at org.testng.TestRunner.run(TestRunner.java:596)
at org.testng.SuiteRunner.runTest(SuiteRunner.java:377)
at org.testng.SuiteRunner.access$000(SuiteRunner.java:28)
at org.testng.SuiteRunner$SuiteWorker.run(SuiteRunner.java:418)
at org.testng.internal.thread.ThreadUtil.lambda$execute$0(ThreadUtil.java:64)
at java.base/java.util.concurrent.FutureTask.run(FutureTask.java:317)
at java.base/java.util.concurrent.ThreadPoolExecutor.runWorker(ThreadPoolExecutor.java:1144)
at java.base/java.util.concurrent.ThreadPoolExecutor$Worker.run(ThreadPoolExecutor.java:642)
at java.base/java.lang.Thread.run(Thread.java:1583)
]]>
    </failure>
  </testcase> <!-- verifyTreeTryEditorWithoutCodeOfTraversalsIllustration -->
  <system-out/>
  <testcase classname="dsAlgoTests.TreeTest" name="navigateToPracticeQuestionOfOverviewOfTrees" time="3.755"/>
  <system-out/>
  <testcase classname="dsAlgoTests.TreeTest" name="listOfPracticeQuestionOfOverviewOfTrees" time="3.899">
    <skipped/>
  </testcase> <!-- listOfPracticeQuestionOfOverviewOfTrees -->
  <system-out/>
  <testcase classname="dsAlgoTests.TreeTest" name="listOfPracticeQuestionOfOverviewOfTrees" time="4.321">
    <failure message="No list of practice question found" type="java.lang.AssertionError">
      <![CDATA[java.lang.AssertionError: No list of practice question found
at org.testng.Assert.fail(Assert.java:99)
at dsAlgoTests.TreeTest.listOfPracticeQuestionOfOverviewOfTrees(TreeTest.java:406)
at java.base/jdk.internal.reflect.DirectMethodHandleAccessor.invoke(DirectMethodHandleAccessor.java:103)
at java.base/java.lang.reflect.Method.invoke(Method.java:580)
at org.testng.internal.MethodInvocationHelper.invokeMethod(MethodInvocationHelper.java:133)
at org.testng.internal.TestInvoker.invokeMethod(TestInvoker.java:598)
at org.testng.internal.TestInvoker.retryFailed(TestInvoker.java:213)
at org.testng.internal.MethodRunner.runInSequence(MethodRunner.java:58)
at org.testng.internal.TestInvoker$MethodInvocationAgent.invoke(TestInvoker.java:824)
at org.testng.internal.TestInvoker.invokeTestMethods(TestInvoker.java:146)
at org.testng.internal.TestMethodWorker.invokeTestMethods(TestMethodWorker.java:146)
at org.testng.internal.TestMethodWorker.run(TestMethodWorker.java:128)
at java.base/java.util.ArrayList.forEach(ArrayList.java:1596)
at org.testng.TestRunner.privateRun(TestRunner.java:794)
at org.testng.TestRunner.run(TestRunner.java:596)
at org.testng.SuiteRunner.runTest(SuiteRunner.java:377)
at org.testng.SuiteRunner.access$000(SuiteRunner.java:28)
at org.testng.SuiteRunner$SuiteWorker.run(SuiteRunner.java:418)
at org.testng.internal.thread.ThreadUtil.lambda$execute$0(ThreadUtil.java:64)
at java.base/java.util.concurrent.FutureTask.run(FutureTask.java:317)
at java.base/java.util.concurrent.ThreadPoolExecutor.runWorker(ThreadPoolExecutor.java:1144)
at java.base/java.util.concurrent.ThreadPoolExecutor$Worker.run(ThreadPoolExecutor.java:642)
at java.base/java.lang.Thread.run(Thread.java:1583)
]]>
    </failure>
  </testcase> <!-- listOfPracticeQuestionOfOverviewOfTrees -->
  <system-out/>
</testsuite> <!-- dsAlgoTests.TreeTest -->
