<?xml version="1.0" encoding="UTF-8"?>
<!-- Generated by org.testng.reporters.JUnitReportReporter -->
<testsuite hostname="Vaibhav" failures="0" tests="6" name="dsAlgoTests.SigninTest" time="127.535" errors="0" timestamp="2025-02-04T00:08:11 IST" skipped="0">
  <testcase classname="dsAlgoTests.SigninTest" name="enterCredentials" time="23.481"/>
  <system-out/>
  <testcase classname="dsAlgoTests.SigninTest" name="enterCredentials" time="24.725"/>
  <system-out/>
  <testcase classname="dsAlgoTests.SigninTest" name="enterCredentials" time="26.204"/>
  <system-out/>
  <testcase classname="dsAlgoTests.SigninTest" name="enterCredentials" time="24.734"/>
  <system-out/>
  <testcase classname="dsAlgoTests.SigninTest" name="enterCredentials" time="5.087"/>
  <system-out/>
  <testcase classname="dsAlgoTests.SigninTest" name="enterCredentials" time="23.304"/>
  <system-out/>
</testsuite> <!-- dsAlgoTests.SigninTest -->
