<?xml version="1.0" encoding="UTF-8"?>
<!-- Generated by org.testng.reporters.JUnitReportReporter -->
<testsuite hostname="sukeerthsahana" failures="0" tests="8" name="dsAlgoTests.ArrayTest" time="61.874" errors="0" timestamp="2025-02-05T16:34:45 CST" skipped="0">
  <testcase classname="dsAlgoTests.ArrayTest" name="verifyCodeExecutionForArraySections" time="7.265"/>
  <system-out/>
  <testcase classname="dsAlgoTests.ArrayTest" name="verifyCodeExecutionForArraySections" time="7.403"/>
  <system-out/>
  <testcase classname="dsAlgoTests.ArrayTest" name="verifyCodeExecutionForArraySections" time="7.218"/>
  <system-out/>
  <testcase classname="dsAlgoTests.ArrayTest" name="verifyCodeExecutionForArraySections" time="7.617"/>
  <system-out/>
  <testcase classname="dsAlgoTests.ArrayTest" name="verifyCodeExecutionForArraySections" time="8.627"/>
  <system-out/>
  <testcase classname="dsAlgoTests.ArrayTest" name="verifyCodeExecutionForArraySections" time="7.667"/>
  <system-out/>
  <testcase classname="dsAlgoTests.ArrayTest" name="verifyCodeExecutionForArraySections" time="8.122"/>
  <system-out/>
  <testcase classname="dsAlgoTests.ArrayTest" name="verifyCodeExecutionForArraySections" time="7.955"/>
  <system-out/>
</testsuite> <!-- dsAlgoTests.ArrayTest -->
