<?xml version="1.0" encoding="UTF-8"?>
<!-- Generated by org.testng.reporters.JUnitReportReporter -->
<testsuite hostname="sukeerthsahana" failures="0" tests="2" name="dsAlgoTests.GraphTest" time="11.179" errors="0" timestamp="2025-01-30T00:11:23 CST" skipped="0">
  <testcase classname="dsAlgoTests.GraphTest" name="verifyCodeExecutionforGraphRepresentationPage" time="5.811"/>
  <system-out/>
  <testcase classname="dsAlgoTests.GraphTest" name="verifyCodeExecutionforGraphRepresentationPage" time="5.368"/>
  <system-out/>
</testsuite> <!-- dsAlgoTests.GraphTest -->
