<?xml version="1.0" encoding="UTF-8"?>
<!-- Generated by org.testng.reporters.JUnitReportReporter -->
<testsuite hostname="sukeerthsahana" failures="1" tests="3013" name="dsAlgoTests.StackTest" time="49.131" errors="3" timestamp="2025-02-05T12:28:42 CST" skipped="3009">
  <testcase classname="dsAlgoTests.StackTest" name="verifyCodeImplementationPage" time="9.692">
    <skipped/>
  </testcase> <!-- verifyCodeImplementationPage -->
  <system-out/>
  <testcase classname="dsAlgoTests.StackTest" name="verifyCodeOperationsInStackPage" time="14.627">
    <skipped/>
  </testcase> <!-- verifyCodeOperationsInStackPage -->
  <system-out/>
  <testcase classname="dsAlgoTests.StackTest" name="verifyCodeOperationsInStackPage" time="6.824">
    <skipped/>
  </testcase> <!-- verifyCodeOperationsInStackPage -->
  <system-out/>
  <testcase classname="dsAlgoTests.StackTest" name="verifyCodeApplicationsPage" time="0.000">
    <skipped/>
  </testcase> <!-- verifyCodeApplicationsPage -->
  <system-out/>
  <testcase classname="dsAlgoTests.StackTest" name="verifyCodeOperationsInStackPage" time="0.000">
    <skipped/>
  </testcase> <!-- verifyCodeOperationsInStackPage -->
  <system-out/>
  <testcase classname="dsAlgoTests.StackTest" name="verifyCodeOperationsInStackPage" time="0.000">
    <skipped/>
  </testcase> <!-- verifyCodeOperationsInStackPage -->
  <system-out/>
  <testcase classname="dsAlgoTests.StackTest" name="verifyCodeImplementationPage" time="0.000">
    <skipped/>
  </testcase> <!-- verifyCodeImplementationPage -->
  <system-out/>
  <testcase classname="dsAlgoTests.StackTest" name="verifyCodeImplementationPage" time="0.000">
    <skipped/>
  </testcase> <!-- verifyCodeImplementationPage -->
  <system-out/>
  <testcase classname="dsAlgoTests.StackTest" name="verifyCodeApplicationsPage" time="0.000">
    <skipped/>
  </testcase> <!-- verifyCodeApplicationsPage -->
  <system-out/>
  <testcase classname="dsAlgoTests.StackTest" name="verifyCodeImplementationPage" time="0.000">
    <skipped/>
  </testcase> <!-- verifyCodeImplementationPage -->
  <system-out/>
  <testcase classname="dsAlgoTests.StackTest" name="verifyCodeOperationsInStackPage" time="0.000">
    <skipped/>
  </testcase> <!-- verifyCodeOperationsInStackPage -->
  <system-out/>
  <testcase classname="dsAlgoTests.StackTest" name="verifyCodeApplicationsPage" time="0.000">
    <skipped/>
  </testcase> <!-- verifyCodeApplicationsPage -->
  <system-out/>
  <testcase classname="dsAlgoTests.StackTest" name="verifyCodeImplementationPage" time="0.000">
    <skipped/>
  </testcase> <!-- verifyCodeImplementationPage -->
  <system-out/>
  <testcase classname="dsAlgoTests.StackTest" name="verifyCodeOperationsInStackPage" time="0.000">
    <skipped/>
  </testcase> <!-- verifyCodeOperationsInStackPage -->
  <system-out/>
  <testcase classname="dsAlgoTests.StackTest" name="verifyCodeOperationsInStackPage" time="0.000">
    <skipped/>
  </testcase> <!-- verifyCodeOperationsInStackPage -->
  <system-out/>
  <testcase classname="dsAlgoTests.StackTest" name="verifyCodeApplicationsPage" time="0.000">
    <skipped/>
  </testcase> <!-- verifyCodeApplicationsPage -->
  <system-out/>
  <testcase classname="dsAlgoTests.StackTest" name="verifyCodeImplementationPage" time="0.000">
    <skipped/>
  </testcase> <!-- verifyCodeImplementationPage -->
  <system-out/>
  <testcase classname="dsAlgoTests.StackTest" name="verifyCodeOperationsInStackPage" time="0.000">
    <skipped/>
  </testcase> <!-- verifyCodeOperationsInStackPage -->
  <system-out/>
  <testcase classname="dsAlgoTests.StackTest" name="verifyCodeOperationsInStackPage" time="0.000">
    <skipped/>
  </testcase> <!-- verifyCodeOperationsInStackPage -->
  <system-out/>
  <testcase classname="dsAlgoTests.StackTest" name="verifyCodeApplicationsPage" time="0.000">
    <skipped/>
  </testcase> <!-- verifyCodeApplicationsPage -->
  <system-out/>
  <testcase classname="dsAlgoTests.StackTest" name="verifyCodeImplementationPage" time="0.000">
    <skipped/>
  </testcase> <!-- verifyCodeImplementationPage -->
  <system-out/>
  <testcase classname="dsAlgoTests.StackTest" name="verifyCodeOperationsInStackPage" time="0.000">
    <skipped/>
  </testcase> <!-- verifyCodeOperationsInStackPage -->
  <system-out/>
  <testcase classname="dsAlgoTests.StackTest" name="verifyCodeImplementationPage" time="0.000">
    <skipped/>
  </testcase> <!-- verifyCodeImplementationPage -->
  <system-out/>
  <testcase classname="dsAlgoTests.StackTest" name="verifyCodeImplementationPage" time="0.000">
    <skipped/>
  </testcase> <!-- verifyCodeImplementationPage -->
  <system-out/>
  <testcase classname="dsAlgoTests.StackTest" name="verifyCodeOperationsInStackPage" time="0.000">
    <skipped/>
  </testcase> <!-- verifyCodeOperationsInStackPage -->
  <system-out/>
  <testcase classname="dsAlgoTests.StackTest" name="verifyCodeOperationsInStackPage" time="0.000">
    <skipped/>
  </testcase> <!-- verifyCodeOperationsInStackPage -->
  <system-out/>
  <testcase classname="dsAlgoTests.StackTest" name="verifyCodeOperationsInStackPage" time="0.000">
    <skipped/>
  </testcase> <!-- verifyCodeOperationsInStackPage -->
  <system-out/>
  <testcase classname="dsAlgoTests.StackTest" name="verifyCodeOperationsInStackPage" time="0.000">
    <skipped/>
  </testcase> <!-- verifyCodeOperationsInStackPage -->
  <system-out/>
  <testcase classname="dsAlgoTests.StackTest" name="verifyCodeOperationsInStackPage" time="0.000">
    <skipped/>
  </testcase> <!-- verifyCodeOperationsInStackPage -->
  <system-out/>
  <testcase classname="dsAlgoTests.StackTest" name="verifyCodeApplicationsPage" time="0.000">
    <skipped/>
  </testcase> <!-- verifyCodeApplicationsPage -->
  <system-out/>
  <testcase classname="dsAlgoTests.StackTest" name="verifyCodeOperationsInStackPage" time="0.000">
    <skipped/>
  </testcase> <!-- verifyCodeOperationsInStackPage -->
  <system-out/>
  <testcase classname="dsAlgoTests.StackTest" name="verifyCodeOperationsInStackPage" time="0.000">
    <skipped/>
  </testcase> <!-- verifyCodeOperationsInStackPage -->
  <system-out/>
  <testcase classname="dsAlgoTests.StackTest" name="verifyCodeOperationsInStackPage" time="0.000">
    <skipped/>
  </testcase> <!-- verifyCodeOperationsInStackPage -->
  <system-out/>
  <testcase classname="dsAlgoTests.StackTest" name="verifyCodeOperationsInStackPage" time="0.000">
    <skipped/>
  </testcase> <!-- verifyCodeOperationsInStackPage -->
  <system-out/>
  <testcase classname="dsAlgoTests.StackTest" name="verifyCodeOperationsInStackPage" time="0.000">
    <skipped/>
  </testcase> <!-- verifyCodeOperationsInStackPage -->
  <system-out/>
  <testcase classname="dsAlgoTests.StackTest" name="verifyCodeImplementationPage" time="0.000">
    <skipped/>
  </testcase> <!-- verifyCodeImplementationPage -->
  <system-out/>
  <testcase classname="dsAlgoTests.StackTest" name="verifyCodeOperationsInStackPage" time="0.000">
    <skipped/>
  </testcase> <!-- verifyCodeOperationsInStackPage -->
  <system-out/>
  <testcase classname="dsAlgoTests.StackTest" name="verifyCodeImplementationPage" time="0.000">
    <skipped/>
  </testcase> <!-- verifyCodeImplementationPage -->
  <system-out/>
  <testcase classname="dsAlgoTests.StackTest" name="verifyCodeOperationsInStackPage" time="0.000">
    <skipped/>
  </testcase> <!-- verifyCodeOperationsInStackPage -->
  <system-out/>
  <testcase classname="dsAlgoTests.StackTest" name="verifyCodeImplementationPage" time="0.000">
    <skipped/>
  </testcase> <!-- verifyCodeImplementationPage -->
  <system-out/>
  <testcase classname="dsAlgoTests.StackTest" name="verifyCodeImplementationPage" time="0.000">
    <skipped/>
  </testcase> <!-- verifyCodeImplementationPage -->
  <system-out/>
  <testcase classname="dsAlgoTests.StackTest" name="verifyCodeImplementationPage" time="0.000">
    <skipped/>
  </testcase> <!-- verifyCodeImplementationPage -->
  <system-out/>
  <testcase classname="dsAlgoTests.StackTest" name="verifyCodeApplicationsPage" time="0.000">
    <skipped/>
  </testcase> <!-- verifyCodeApplicationsPage -->
  <system-out/>
  <testcase classname="dsAlgoTests.StackTest" name="verifyCodeImplementationPage" time="0.000">
    <skipped/>
  </testcase> <!-- verifyCodeImplementationPage -->
  <system-out/>
  <testcase classname="dsAlgoTests.StackTest" name="verifyCodeApplicationsPage" time="0.000">
    <skipped/>
  </testcase> <!-- verifyCodeApplicationsPage -->
  <system-out/>
  <testcase classname="dsAlgoTests.StackTest" name="verifyCodeApplicationsPage" time="0.000">
    <skipped/>
  </testcase> <!-- verifyCodeApplicationsPage -->
  <system-out/>
  <testcase classname="dsAlgoTests.StackTest" name="verifyCodeApplicationsPage" time="0.000">
    <skipped/>
  </testcase> <!-- verifyCodeApplicationsPage -->
  <system-out/>
  <testcase classname="dsAlgoTests.StackTest" name="verifyCodeImplementationPage" time="0.000">
    <skipped/>
  </testcase> <!-- verifyCodeImplementationPage -->
  <system-out/>
  <testcase classname="dsAlgoTests.StackTest" name="verifyCodeImplementationPage" time="0.000">
    <skipped/>
  </testcase> <!-- verifyCodeImplementationPage -->
  <system-out/>
  <testcase classname="dsAlgoTests.StackTest" name="verifyCodeImplementationPage" time="0.000">
    <skipped/>
  </testcase> <!-- verifyCodeImplementationPage -->
  <system-out/>
  <testcase classname="dsAlgoTests.StackTest" name="verifyCodeImplementationPage" time="0.000">
    <skipped/>
  </testcase> <!-- verifyCodeImplementationPage -->
  <system-out/>
  <testcase classname="dsAlgoTests.StackTest" name="verifyCodeApplicationsPage" time="0.000">
    <skipped/>
  </testcase> <!-- verifyCodeApplicationsPage -->
  <system-out/>
  <testcase classname="dsAlgoTests.StackTest" name="verifyCodeApplicationsPage" time="0.000">
    <skipped/>
  </testcase> <!-- verifyCodeApplicationsPage -->
  <system-out/>
  <testcase classname="dsAlgoTests.StackTest" name="verifyCodeImplementationPage" time="0.000">
    <skipped/>
  </testcase> <!-- verifyCodeImplementationPage -->
  <system-out/>
  <testcase classname="dsAlgoTests.StackTest" name="verifyCodeOperationsInStackPage" time="0.000">
    <skipped/>
  </testcase> <!-- verifyCodeOperationsInStackPage -->
  <system-out/>
  <testcase classname="dsAlgoTests.StackTest" name="verifyCodeOperationsInStackPage" time="0.000">
    <skipped/>
  </testcase> <!-- verifyCodeOperationsInStackPage -->
  <system-out/>
  <testcase classname="dsAlgoTests.StackTest" name="verifyCodeApplicationsPage" time="0.000">
    <skipped/>
  </testcase> <!-- verifyCodeApplicationsPage -->
  <system-out/>
  <testcase classname="dsAlgoTests.StackTest" name="verifyCodeOperationsInStackPage" time="0.000">
    <skipped/>
  </testcase> <!-- verifyCodeOperationsInStackPage -->
  <system-out/>
  <testcase classname="dsAlgoTests.StackTest" name="verifyCodeImplementationPage" time="0.000">
    <skipped/>
  </testcase> <!-- verifyCodeImplementationPage -->
  <system-out/>
  <testcase classname="dsAlgoTests.StackTest" name="verifyCodeOperationsInStackPage" time="0.000">
    <skipped/>
  </testcase> <!-- verifyCodeOperationsInStackPage -->
  <system-out/>
  <testcase classname="dsAlgoTests.StackTest" name="verifyCodeImplementationPage" time="0.000">
    <skipped/>
  </testcase> <!-- verifyCodeImplementationPage -->
  <system-out/>
  <testcase classname="dsAlgoTests.StackTest" name="verifyCodeImplementationPage" time="0.000">
    <skipped/>
  </testcase> <!-- verifyCodeImplementationPage -->
  <system-out/>
  <testcase classname="dsAlgoTests.StackTest" name="verifyCodeImplementationPage" time="0.000">
    <skipped/>
  </testcase> <!-- verifyCodeImplementationPage -->
  <system-out/>
  <testcase classname="dsAlgoTests.StackTest" name="verifyCodeImplementationPage" time="0.000">
    <skipped/>
  </testcase> <!-- verifyCodeImplementationPage -->
  <system-out/>
  <testcase classname="dsAlgoTests.StackTest" name="verifyCodeImplementationPage" time="0.000">
    <skipped/>
  </testcase> <!-- verifyCodeImplementationPage -->
  <system-out/>
  <testcase classname="dsAlgoTests.StackTest" name="verifyCodeOperationsInStackPage" time="0.000">
    <skipped/>
  </testcase> <!-- verifyCodeOperationsInStackPage -->
  <system-out/>
  <testcase classname="dsAlgoTests.StackTest" name="verifyCodeImplementationPage" time="0.000">
    <skipped/>
  </testcase> <!-- verifyCodeImplementationPage -->
  <system-out/>
  <testcase classname="dsAlgoTests.StackTest" name="verifyCodeImplementationPage" time="0.000">
    <skipped/>
  </testcase> <!-- verifyCodeImplementationPage -->
  <system-out/>
  <testcase classname="dsAlgoTests.StackTest" name="verifyCodeImplementationPage" time="0.000">
    <skipped/>
  </testcase> <!-- verifyCodeImplementationPage -->
  <system-out/>
  <testcase classname="dsAlgoTests.StackTest" name="verifyCodeOperationsInStackPage" time="0.000">
    <skipped/>
  </testcase> <!-- verifyCodeOperationsInStackPage -->
  <system-out/>
  <testcase classname="dsAlgoTests.StackTest" name="verifyCodeApplicationsPage" time="0.000">
    <skipped/>
  </testcase> <!-- verifyCodeApplicationsPage -->
  <system-out/>
  <testcase classname="dsAlgoTests.StackTest" name="verifyCodeImplementationPage" time="0.000">
    <skipped/>
  </testcase> <!-- verifyCodeImplementationPage -->
  <system-out/>
  <testcase classname="dsAlgoTests.StackTest" name="verifyCodeImplementationPage" time="0.000">
    <skipped/>
  </testcase> <!-- verifyCodeImplementationPage -->
  <system-out/>
  <testcase classname="dsAlgoTests.StackTest" name="verifyCodeOperationsInStackPage" time="0.000">
    <skipped/>
  </testcase> <!-- verifyCodeOperationsInStackPage -->
  <system-out/>
  <testcase classname="dsAlgoTests.StackTest" name="verifyCodeImplementationPage" time="0.000">
    <skipped/>
  </testcase> <!-- verifyCodeImplementationPage -->
  <system-out/>
  <testcase classname="dsAlgoTests.StackTest" name="verifyCodeApplicationsPage" time="0.000">
    <skipped/>
  </testcase> <!-- verifyCodeApplicationsPage -->
  <system-out/>
  <testcase classname="dsAlgoTests.StackTest" name="verifyCodeApplicationsPage" time="0.000">
    <skipped/>
  </testcase> <!-- verifyCodeApplicationsPage -->
  <system-out/>
  <testcase classname="dsAlgoTests.StackTest" name="verifyCodeImplementationPage" time="0.000">
    <skipped/>
  </testcase> <!-- verifyCodeImplementationPage -->
  <system-out/>
  <testcase classname="dsAlgoTests.StackTest" name="verifyCodeImplementationPage" time="0.000">
    <skipped/>
  </testcase> <!-- verifyCodeImplementationPage -->
  <system-out/>
  <testcase classname="dsAlgoTests.StackTest" name="verifyCodeApplicationsPage" time="0.000">
    <skipped/>
  </testcase> <!-- verifyCodeApplicationsPage -->
  <system-out/>
  <testcase classname="dsAlgoTests.StackTest" name="verifyCodeApplicationsPage" time="0.000">
    <skipped/>
  </testcase> <!-- verifyCodeApplicationsPage -->
  <system-out/>
  <testcase classname="dsAlgoTests.StackTest" name="verifyCodeApplicationsPage" time="0.000">
    <skipped/>
  </testcase> <!-- verifyCodeApplicationsPage -->
  <system-out/>
  <testcase classname="dsAlgoTests.StackTest" name="verifyCodeApplicationsPage" time="0.000">
    <skipped/>
  </testcase> <!-- verifyCodeApplicationsPage -->
  <system-out/>
  <testcase classname="dsAlgoTests.StackTest" name="verifyCodeImplementationPage" time="0.000">
    <skipped/>
  </testcase> <!-- verifyCodeImplementationPage -->
  <system-out/>
  <testcase classname="dsAlgoTests.StackTest" name="verifyCodeApplicationsPage" time="0.000">
    <skipped/>
  </testcase> <!-- verifyCodeApplicationsPage -->
  <system-out/>
  <testcase classname="dsAlgoTests.StackTest" name="verifyCodeImplementationPage" time="0.000">
    <skipped/>
  </testcase> <!-- verifyCodeImplementationPage -->
  <system-out/>
  <testcase classname="dsAlgoTests.StackTest" name="verifyCodeImplementationPage" time="0.000">
    <skipped/>
  </testcase> <!-- verifyCodeImplementationPage -->
  <system-out/>
  <testcase classname="dsAlgoTests.StackTest" name="verifyCodeApplicationsPage" time="0.000">
    <skipped/>
  </testcase> <!-- verifyCodeApplicationsPage -->
  <system-out/>
  <testcase classname="dsAlgoTests.StackTest" name="verifyCodeImplementationPage" time="0.000">
    <skipped/>
  </testcase> <!-- verifyCodeImplementationPage -->
  <system-out/>
  <testcase classname="dsAlgoTests.StackTest" name="verifyCodeOperationsInStackPage" time="0.000">
    <skipped/>
  </testcase> <!-- verifyCodeOperationsInStackPage -->
  <system-out/>
  <testcase classname="dsAlgoTests.StackTest" name="verifyCodeApplicationsPage" time="0.000">
    <skipped/>
  </testcase> <!-- verifyCodeApplicationsPage -->
  <system-out/>
  <testcase classname="dsAlgoTests.StackTest" name="verifyCodeApplicationsPage" time="0.000">
    <skipped/>
  </testcase> <!-- verifyCodeApplicationsPage -->
  <system-out/>
  <testcase classname="dsAlgoTests.StackTest" name="verifyCodeApplicationsPage" time="0.000">
    <skipped/>
  </testcase> <!-- verifyCodeApplicationsPage -->
  <system-out/>
  <testcase classname="dsAlgoTests.StackTest" name="verifyCodeOperationsInStackPage" time="0.000">
    <skipped/>
  </testcase> <!-- verifyCodeOperationsInStackPage -->
  <system-out/>
  <testcase classname="dsAlgoTests.StackTest" name="verifyCodeImplementationPage" time="0.000">
    <skipped/>
  </testcase> <!-- verifyCodeImplementationPage -->
  <system-out/>
  <testcase classname="dsAlgoTests.StackTest" name="verifyCodeApplicationsPage" time="0.000">
    <skipped/>
  </testcase> <!-- verifyCodeApplicationsPage -->
  <system-out/>
  <testcase classname="dsAlgoTests.StackTest" name="verifyCodeImplementationPage" time="0.000">
    <skipped/>
  </testcase> <!-- verifyCodeImplementationPage -->
  <system-out/>
  <testcase classname="dsAlgoTests.StackTest" name="verifyCodeApplicationsPage" time="0.000">
    <skipped/>
  </testcase> <!-- verifyCodeApplicationsPage -->
  <system-out/>
  <testcase classname="dsAlgoTests.StackTest" name="verifyCodeImplementationPage" time="0.000">
    <skipped/>
  </testcase> <!-- verifyCodeImplementationPage -->
  <system-out/>
  <testcase classname="dsAlgoTests.StackTest" name="verifyCodeApplicationsPage" time="0.000">
    <skipped/>
  </testcase> <!-- verifyCodeApplicationsPage -->
  <system-out/>
  <testcase classname="dsAlgoTests.StackTest" name="verifyCodeImplementationPage" time="0.000">
    <skipped/>
  </testcase> <!-- verifyCodeImplementationPage -->
  <system-out/>
  <testcase classname="dsAlgoTests.StackTest" name="verifyCodeOperationsInStackPage" time="0.000">
    <skipped/>
  </testcase> <!-- verifyCodeOperationsInStackPage -->
  <system-out/>
  <testcase classname="dsAlgoTests.StackTest" name="verifyCodeApplicationsPage" time="0.000">
    <skipped/>
  </testcase> <!-- verifyCodeApplicationsPage -->
  <system-out/>
  <testcase classname="dsAlgoTests.StackTest" name="verifyCodeImplementationPage" time="0.000">
    <skipped/>
  </testcase> <!-- verifyCodeImplementationPage -->
  <system-out/>
  <testcase classname="dsAlgoTests.StackTest" name="verifyCodeOperationsInStackPage" time="0.000">
    <skipped/>
  </testcase> <!-- verifyCodeOperationsInStackPage -->
  <system-out/>
  <testcase classname="dsAlgoTests.StackTest" name="verifyCodeApplicationsPage" time="0.000">
    <skipped/>
  </testcase> <!-- verifyCodeApplicationsPage -->
  <system-out/>
  <testcase classname="dsAlgoTests.StackTest" name="verifyCodeImplementationPage" time="0.000">
    <skipped/>
  </testcase> <!-- verifyCodeImplementationPage -->
  <system-out/>
  <testcase classname="dsAlgoTests.StackTest" name="verifyCodeImplementationPage" time="0.000">
    <skipped/>
  </testcase> <!-- verifyCodeImplementationPage -->
  <system-out/>
  <testcase classname="dsAlgoTests.StackTest" name="verifyCodeApplicationsPage" time="0.000">
    <skipped/>
  </testcase> <!-- verifyCodeApplicationsPage -->
  <system-out/>
  <testcase classname="dsAlgoTests.StackTest" name="verifyCodeImplementationPage" time="0.000">
    <skipped/>
  </testcase> <!-- verifyCodeImplementationPage -->
  <system-out/>
  <testcase classname="dsAlgoTests.StackTest" name="verifyCodeImplementationPage" time="0.000">
    <skipped/>
  </testcase> <!-- verifyCodeImplementationPage -->
  <system-out/>
  <testcase classname="dsAlgoTests.StackTest" name="verifyCodeOperationsInStackPage" time="0.000">
    <skipped/>
  </testcase> <!-- verifyCodeOperationsInStackPage -->
  <system-out/>
  <testcase classname="dsAlgoTests.StackTest" name="verifyCodeImplementationPage" time="0.000">
    <skipped/>
  </testcase> <!-- verifyCodeImplementationPage -->
  <system-out/>
  <testcase classname="dsAlgoTests.StackTest" name="verifyCodeImplementationPage" time="0.000">
    <skipped/>
  </testcase> <!-- verifyCodeImplementationPage -->
  <system-out/>
  <testcase classname="dsAlgoTests.StackTest" name="verifyCodeApplicationsPage" time="0.000">
    <skipped/>
  </testcase> <!-- verifyCodeApplicationsPage -->
  <system-out/>
  <testcase classname="dsAlgoTests.StackTest" name="verifyCodeOperationsInStackPage" time="0.000">
    <skipped/>
  </testcase> <!-- verifyCodeOperationsInStackPage -->
  <system-out/>
  <testcase classname="dsAlgoTests.StackTest" name="verifyCodeOperationsInStackPage" time="0.000">
    <skipped/>
  </testcase> <!-- verifyCodeOperationsInStackPage -->
  <system-out/>
  <testcase classname="dsAlgoTests.StackTest" name="verifyCodeImplementationPage" time="0.000">
    <skipped/>
  </testcase> <!-- verifyCodeImplementationPage -->
  <system-out/>
  <testcase classname="dsAlgoTests.StackTest" name="verifyCodeApplicationsPage" time="0.000">
    <skipped/>
  </testcase> <!-- verifyCodeApplicationsPage -->
  <system-out/>
  <testcase classname="dsAlgoTests.StackTest" name="verifyCodeOperationsInStackPage" time="0.000">
    <skipped/>
  </testcase> <!-- verifyCodeOperationsInStackPage -->
  <system-out/>
  <testcase classname="dsAlgoTests.StackTest" name="verifyCodeApplicationsPage" time="0.000">
    <skipped/>
  </testcase> <!-- verifyCodeApplicationsPage -->
  <system-out/>
  <testcase classname="dsAlgoTests.StackTest" name="verifyCodeImplementationPage" time="0.000">
    <skipped/>
  </testcase> <!-- verifyCodeImplementationPage -->
  <system-out/>
  <testcase classname="dsAlgoTests.StackTest" name="verifyCodeImplementationPage" time="0.000">
    <skipped/>
  </testcase> <!-- verifyCodeImplementationPage -->
  <system-out/>
  <testcase classname="dsAlgoTests.StackTest" name="verifyCodeOperationsInStackPage" time="0.000">
    <skipped/>
  </testcase> <!-- verifyCodeOperationsInStackPage -->
  <system-out/>
  <testcase classname="dsAlgoTests.StackTest" name="verifyCodeOperationsInStackPage" time="0.000">
    <skipped/>
  </testcase> <!-- verifyCodeOperationsInStackPage -->
  <system-out/>
  <testcase classname="dsAlgoTests.StackTest" name="verifyCodeImplementationPage" time="0.000">
    <skipped/>
  </testcase> <!-- verifyCodeImplementationPage -->
  <system-out/>
  <testcase classname="dsAlgoTests.StackTest" name="verifyCodeImplementationPage" time="0.000">
    <skipped/>
  </testcase> <!-- verifyCodeImplementationPage -->
  <system-out/>
  <testcase classname="dsAlgoTests.StackTest" name="verifyCodeImplementationPage" time="0.000">
    <skipped/>
  </testcase> <!-- verifyCodeImplementationPage -->
  <system-out/>
  <testcase classname="dsAlgoTests.StackTest" name="verifyCodeApplicationsPage" time="0.000">
    <skipped/>
  </testcase> <!-- verifyCodeApplicationsPage -->
  <system-out/>
  <testcase classname="dsAlgoTests.StackTest" name="verifyCodeOperationsInStackPage" time="0.000">
    <skipped/>
  </testcase> <!-- verifyCodeOperationsInStackPage -->
  <system-out/>
  <testcase classname="dsAlgoTests.StackTest" name="verifyCodeImplementationPage" time="0.000">
    <skipped/>
  </testcase> <!-- verifyCodeImplementationPage -->
  <system-out/>
  <testcase classname="dsAlgoTests.StackTest" name="verifyCodeOperationsInStackPage" time="0.000">
    <skipped/>
  </testcase> <!-- verifyCodeOperationsInStackPage -->
  <system-out/>
  <testcase classname="dsAlgoTests.StackTest" name="verifyCodeApplicationsPage" time="0.000">
    <skipped/>
  </testcase> <!-- verifyCodeApplicationsPage -->
  <system-out/>
  <testcase classname="dsAlgoTests.StackTest" name="verifyCodeApplicationsPage" time="0.000">
    <skipped/>
  </testcase> <!-- verifyCodeApplicationsPage -->
  <system-out/>
  <testcase classname="dsAlgoTests.StackTest" name="verifyCodeImplementationPage" time="0.000">
    <skipped/>
  </testcase> <!-- verifyCodeImplementationPage -->
  <system-out/>
  <testcase classname="dsAlgoTests.StackTest" name="verifyCodeApplicationsPage" time="0.000">
    <skipped/>
  </testcase> <!-- verifyCodeApplicationsPage -->
  <system-out/>
  <testcase classname="dsAlgoTests.StackTest" name="verifyCodeApplicationsPage" time="0.000">
    <skipped/>
  </testcase> <!-- verifyCodeApplicationsPage -->
  <system-out/>
  <testcase classname="dsAlgoTests.StackTest" name="verifyCodeApplicationsPage" time="0.000">
    <skipped/>
  </testcase> <!-- verifyCodeApplicationsPage -->
  <system-out/>
  <testcase classname="dsAlgoTests.StackTest" name="verifyCodeImplementationPage" time="0.000">
    <skipped/>
  </testcase> <!-- verifyCodeImplementationPage -->
  <system-out/>
  <testcase classname="dsAlgoTests.StackTest" name="verifyCodeApplicationsPage" time="0.000">
    <skipped/>
  </testcase> <!-- verifyCodeApplicationsPage -->
  <system-out/>
  <testcase classname="dsAlgoTests.StackTest" name="verifyCodeImplementationPage" time="0.000">
    <skipped/>
  </testcase> <!-- verifyCodeImplementationPage -->
  <system-out/>
  <testcase classname="dsAlgoTests.StackTest" name="verifyCodeApplicationsPage" time="0.000">
    <skipped/>
  </testcase> <!-- verifyCodeApplicationsPage -->
  <system-out/>
  <testcase classname="dsAlgoTests.StackTest" name="verifyCodeApplicationsPage" time="0.000">
    <skipped/>
  </testcase> <!-- verifyCodeApplicationsPage -->
  <system-out/>
  <testcase classname="dsAlgoTests.StackTest" name="verifyCodeApplicationsPage" time="0.000">
    <skipped/>
  </testcase> <!-- verifyCodeApplicationsPage -->
  <system-out/>
  <testcase classname="dsAlgoTests.StackTest" name="verifyCodeImplementationPage" time="0.000">
    <skipped/>
  </testcase> <!-- verifyCodeImplementationPage -->
  <system-out/>
  <testcase classname="dsAlgoTests.StackTest" name="verifyCodeImplementationPage" time="0.000">
    <skipped/>
  </testcase> <!-- verifyCodeImplementationPage -->
  <system-out/>
  <testcase classname="dsAlgoTests.StackTest" name="verifyCodeImplementationPage" time="0.000">
    <skipped/>
  </testcase> <!-- verifyCodeImplementationPage -->
  <system-out/>
  <testcase classname="dsAlgoTests.StackTest" name="verifyCodeApplicationsPage" time="0.000">
    <skipped/>
  </testcase> <!-- verifyCodeApplicationsPage -->
  <system-out/>
  <testcase classname="dsAlgoTests.StackTest" name="verifyCodeImplementationPage" time="0.000">
    <skipped/>
  </testcase> <!-- verifyCodeImplementationPage -->
  <system-out/>
  <testcase classname="dsAlgoTests.StackTest" name="verifyCodeOperationsInStackPage" time="0.000">
    <skipped/>
  </testcase> <!-- verifyCodeOperationsInStackPage -->
  <system-out/>
  <testcase classname="dsAlgoTests.StackTest" name="verifyCodeApplicationsPage" time="0.000">
    <skipped/>
  </testcase> <!-- verifyCodeApplicationsPage -->
  <system-out/>
  <testcase classname="dsAlgoTests.StackTest" name="verifyCodeApplicationsPage" time="0.000">
    <skipped/>
  </testcase> <!-- verifyCodeApplicationsPage -->
  <system-out/>
  <testcase classname="dsAlgoTests.StackTest" name="verifyCodeOperationsInStackPage" time="0.000">
    <skipped/>
  </testcase> <!-- verifyCodeOperationsInStackPage -->
  <system-out/>
  <testcase classname="dsAlgoTests.StackTest" name="verifyCodeImplementationPage" time="0.000">
    <skipped/>
  </testcase> <!-- verifyCodeImplementationPage -->
  <system-out/>
  <testcase classname="dsAlgoTests.StackTest" name="verifyCodeImplementationPage" time="0.000">
    <skipped/>
  </testcase> <!-- verifyCodeImplementationPage -->
  <system-out/>
  <testcase classname="dsAlgoTests.StackTest" name="verifyCodeImplementationPage" time="0.000">
    <skipped/>
  </testcase> <!-- verifyCodeImplementationPage -->
  <system-out/>
  <testcase classname="dsAlgoTests.StackTest" name="verifyCodeImplementationPage" time="0.000">
    <skipped/>
  </testcase> <!-- verifyCodeImplementationPage -->
  <system-out/>
  <testcase classname="dsAlgoTests.StackTest" name="verifyCodeOperationsInStackPage" time="0.000">
    <skipped/>
  </testcase> <!-- verifyCodeOperationsInStackPage -->
  <system-out/>
  <testcase classname="dsAlgoTests.StackTest" name="verifyCodeOperationsInStackPage" time="0.000">
    <skipped/>
  </testcase> <!-- verifyCodeOperationsInStackPage -->
  <system-out/>
  <testcase classname="dsAlgoTests.StackTest" name="verifyCodeApplicationsPage" time="0.000">
    <skipped/>
  </testcase> <!-- verifyCodeApplicationsPage -->
  <system-out/>
  <testcase classname="dsAlgoTests.StackTest" name="verifyCodeOperationsInStackPage" time="0.000">
    <skipped/>
  </testcase> <!-- verifyCodeOperationsInStackPage -->
  <system-out/>
  <testcase classname="dsAlgoTests.StackTest" name="verifyCodeApplicationsPage" time="0.000">
    <skipped/>
  </testcase> <!-- verifyCodeApplicationsPage -->
  <system-out/>
  <testcase classname="dsAlgoTests.StackTest" name="verifyCodeImplementationPage" time="0.000">
    <skipped/>
  </testcase> <!-- verifyCodeImplementationPage -->
  <system-out/>
  <testcase classname="dsAlgoTests.StackTest" name="verifyCodeApplicationsPage" time="0.000">
    <skipped/>
  </testcase> <!-- verifyCodeApplicationsPage -->
  <system-out/>
  <testcase classname="dsAlgoTests.StackTest" name="verifyCodeImplementationPage" time="0.000">
    <skipped/>
  </testcase> <!-- verifyCodeImplementationPage -->
  <system-out/>
  <testcase classname="dsAlgoTests.StackTest" name="verifyCodeImplementationPage" time="0.000">
    <skipped/>
  </testcase> <!-- verifyCodeImplementationPage -->
  <system-out/>
  <testcase classname="dsAlgoTests.StackTest" name="verifyCodeApplicationsPage" time="0.000">
    <skipped/>
  </testcase> <!-- verifyCodeApplicationsPage -->
  <system-out/>
  <testcase classname="dsAlgoTests.StackTest" name="verifyCodeApplicationsPage" time="0.000">
    <skipped/>
  </testcase> <!-- verifyCodeApplicationsPage -->
  <system-out/>
  <testcase classname="dsAlgoTests.StackTest" name="verifyCodeImplementationPage" time="0.000">
    <skipped/>
  </testcase> <!-- verifyCodeImplementationPage -->
  <system-out/>
  <testcase classname="dsAlgoTests.StackTest" name="verifyCodeApplicationsPage" time="0.000">
    <skipped/>
  </testcase> <!-- verifyCodeApplicationsPage -->
  <system-out/>
  <testcase classname="dsAlgoTests.StackTest" name="verifyCodeImplementationPage" time="0.000">
    <skipped/>
  </testcase> <!-- verifyCodeImplementationPage -->
  <system-out/>
  <testcase classname="dsAlgoTests.StackTest" name="verifyCodeApplicationsPage" time="0.000">
    <skipped/>
  </testcase> <!-- verifyCodeApplicationsPage -->
  <system-out/>
  <testcase classname="dsAlgoTests.StackTest" name="verifyCodeImplementationPage" time="0.000">
    <skipped/>
  </testcase> <!-- verifyCodeImplementationPage -->
  <system-out/>
  <testcase classname="dsAlgoTests.StackTest" name="verifyCodeOperationsInStackPage" time="0.000">
    <skipped/>
  </testcase> <!-- verifyCodeOperationsInStackPage -->
  <system-out/>
  <testcase classname="dsAlgoTests.StackTest" name="verifyCodeOperationsInStackPage" time="0.000">
    <skipped/>
  </testcase> <!-- verifyCodeOperationsInStackPage -->
  <system-out/>
  <testcase classname="dsAlgoTests.StackTest" name="verifyCodeOperationsInStackPage" time="0.000">
    <skipped/>
  </testcase> <!-- verifyCodeOperationsInStackPage -->
  <system-out/>
  <testcase classname="dsAlgoTests.StackTest" name="verifyCodeImplementationPage" time="0.000">
    <skipped/>
  </testcase> <!-- verifyCodeImplementationPage -->
  <system-out/>
  <testcase classname="dsAlgoTests.StackTest" name="verifyCodeOperationsInStackPage" time="0.000">
    <skipped/>
  </testcase> <!-- verifyCodeOperationsInStackPage -->
  <system-out/>
  <testcase classname="dsAlgoTests.StackTest" name="verifyCodeOperationsInStackPage" time="0.000">
    <skipped/>
  </testcase> <!-- verifyCodeOperationsInStackPage -->
  <system-out/>
  <testcase classname="dsAlgoTests.StackTest" name="verifyCodeImplementationPage" time="0.000">
    <skipped/>
  </testcase> <!-- verifyCodeImplementationPage -->
  <system-out/>
  <testcase classname="dsAlgoTests.StackTest" name="verifyCodeImplementationPage" time="0.000">
    <skipped/>
  </testcase> <!-- verifyCodeImplementationPage -->
  <system-out/>
  <testcase classname="dsAlgoTests.StackTest" name="verifyCodeApplicationsPage" time="0.000">
    <skipped/>
  </testcase> <!-- verifyCodeApplicationsPage -->
  <system-out/>
  <testcase classname="dsAlgoTests.StackTest" name="verifyCodeApplicationsPage" time="0.000">
    <skipped/>
  </testcase> <!-- verifyCodeApplicationsPage -->
  <system-out/>
  <testcase classname="dsAlgoTests.StackTest" name="verifyCodeImplementationPage" time="0.000">
    <skipped/>
  </testcase> <!-- verifyCodeImplementationPage -->
  <system-out/>
  <testcase classname="dsAlgoTests.StackTest" name="verifyCodeImplementationPage" time="0.000">
    <skipped/>
  </testcase> <!-- verifyCodeImplementationPage -->
  <system-out/>
  <testcase classname="dsAlgoTests.StackTest" name="verifyCodeImplementationPage" time="0.000">
    <skipped/>
  </testcase> <!-- verifyCodeImplementationPage -->
  <system-out/>
  <testcase classname="dsAlgoTests.StackTest" name="verifyCodeOperationsInStackPage" time="0.000">
    <skipped/>
  </testcase> <!-- verifyCodeOperationsInStackPage -->
  <system-out/>
  <testcase classname="dsAlgoTests.StackTest" name="verifyCodeApplicationsPage" time="0.000">
    <skipped/>
  </testcase> <!-- verifyCodeApplicationsPage -->
  <system-out/>
  <testcase classname="dsAlgoTests.StackTest" name="verifyCodeApplicationsPage" time="0.000">
    <skipped/>
  </testcase> <!-- verifyCodeApplicationsPage -->
  <system-out/>
  <testcase classname="dsAlgoTests.StackTest" name="verifyCodeApplicationsPage" time="0.000">
    <skipped/>
  </testcase> <!-- verifyCodeApplicationsPage -->
  <system-out/>
  <testcase classname="dsAlgoTests.StackTest" name="verifyCodeImplementationPage" time="0.000">
    <skipped/>
  </testcase> <!-- verifyCodeImplementationPage -->
  <system-out/>
  <testcase classname="dsAlgoTests.StackTest" name="verifyCodeImplementationPage" time="0.000">
    <skipped/>
  </testcase> <!-- verifyCodeImplementationPage -->
  <system-out/>
  <testcase classname="dsAlgoTests.StackTest" name="verifyCodeOperationsInStackPage" time="0.000">
    <skipped/>
  </testcase> <!-- verifyCodeOperationsInStackPage -->
  <system-out/>
  <testcase classname="dsAlgoTests.StackTest" name="verifyCodeApplicationsPage" time="0.000">
    <skipped/>
  </testcase> <!-- verifyCodeApplicationsPage -->
  <system-out/>
  <testcase classname="dsAlgoTests.StackTest" name="verifyCodeOperationsInStackPage" time="0.000">
    <skipped/>
  </testcase> <!-- verifyCodeOperationsInStackPage -->
  <system-out/>
  <testcase classname="dsAlgoTests.StackTest" name="verifyCodeOperationsInStackPage" time="0.000">
    <skipped/>
  </testcase> <!-- verifyCodeOperationsInStackPage -->
  <system-out/>
  <testcase classname="dsAlgoTests.StackTest" name="verifyCodeOperationsInStackPage" time="0.000">
    <skipped/>
  </testcase> <!-- verifyCodeOperationsInStackPage -->
  <system-out/>
  <testcase classname="dsAlgoTests.StackTest" name="verifyCodeOperationsInStackPage" time="0.000">
    <skipped/>
  </testcase> <!-- verifyCodeOperationsInStackPage -->
  <system-out/>
  <testcase classname="dsAlgoTests.StackTest" name="verifyCodeImplementationPage" time="0.000">
    <skipped/>
  </testcase> <!-- verifyCodeImplementationPage -->
  <system-out/>
  <testcase classname="dsAlgoTests.StackTest" name="verifyCodeImplementationPage" time="0.000">
    <skipped/>
  </testcase> <!-- verifyCodeImplementationPage -->
  <system-out/>
  <testcase classname="dsAlgoTests.StackTest" name="verifyCodeApplicationsPage" time="0.000">
    <skipped/>
  </testcase> <!-- verifyCodeApplicationsPage -->
  <system-out/>
  <testcase classname="dsAlgoTests.StackTest" name="verifyCodeImplementationPage" time="0.000">
    <skipped/>
  </testcase> <!-- verifyCodeImplementationPage -->
  <system-out/>
  <testcase classname="dsAlgoTests.StackTest" name="verifyCodeApplicationsPage" time="0.000">
    <skipped/>
  </testcase> <!-- verifyCodeApplicationsPage -->
  <system-out/>
  <testcase classname="dsAlgoTests.StackTest" name="verifyCodeOperationsInStackPage" time="0.000">
    <skipped/>
  </testcase> <!-- verifyCodeOperationsInStackPage -->
  <system-out/>
  <testcase classname="dsAlgoTests.StackTest" name="verifyCodeApplicationsPage" time="0.000">
    <skipped/>
  </testcase> <!-- verifyCodeApplicationsPage -->
  <system-out/>
  <testcase classname="dsAlgoTests.StackTest" name="verifyCodeImplementationPage" time="0.000">
    <skipped/>
  </testcase> <!-- verifyCodeImplementationPage -->
  <system-out/>
  <testcase classname="dsAlgoTests.StackTest" name="verifyCodeOperationsInStackPage" time="0.000">
    <skipped/>
  </testcase> <!-- verifyCodeOperationsInStackPage -->
  <system-out/>
  <testcase classname="dsAlgoTests.StackTest" name="verifyCodeImplementationPage" time="0.000">
    <skipped/>
  </testcase> <!-- verifyCodeImplementationPage -->
  <system-out/>
  <testcase classname="dsAlgoTests.StackTest" name="verifyCodeOperationsInStackPage" time="0.000">
    <skipped/>
  </testcase> <!-- verifyCodeOperationsInStackPage -->
  <system-out/>
  <testcase classname="dsAlgoTests.StackTest" name="verifyCodeApplicationsPage" time="0.000">
    <skipped/>
  </testcase> <!-- verifyCodeApplicationsPage -->
  <system-out/>
  <testcase classname="dsAlgoTests.StackTest" name="verifyCodeImplementationPage" time="0.000">
    <skipped/>
  </testcase> <!-- verifyCodeImplementationPage -->
  <system-out/>
  <testcase classname="dsAlgoTests.StackTest" name="verifyCodeImplementationPage" time="0.000">
    <skipped/>
  </testcase> <!-- verifyCodeImplementationPage -->
  <system-out/>
  <testcase classname="dsAlgoTests.StackTest" name="verifyCodeImplementationPage" time="0.000">
    <skipped/>
  </testcase> <!-- verifyCodeImplementationPage -->
  <system-out/>
  <testcase classname="dsAlgoTests.StackTest" name="verifyCodeOperationsInStackPage" time="0.000">
    <skipped/>
  </testcase> <!-- verifyCodeOperationsInStackPage -->
  <system-out/>
  <testcase classname="dsAlgoTests.StackTest" name="verifyCodeImplementationPage" time="0.000">
    <skipped/>
  </testcase> <!-- verifyCodeImplementationPage -->
  <system-out/>
  <testcase classname="dsAlgoTests.StackTest" name="verifyCodeOperationsInStackPage" time="0.000">
    <skipped/>
  </testcase> <!-- verifyCodeOperationsInStackPage -->
  <system-out/>
  <testcase classname="dsAlgoTests.StackTest" name="verifyCodeImplementationPage" time="0.000">
    <skipped/>
  </testcase> <!-- verifyCodeImplementationPage -->
  <system-out/>
  <testcase classname="dsAlgoTests.StackTest" name="verifyCodeApplicationsPage" time="0.000">
    <skipped/>
  </testcase> <!-- verifyCodeApplicationsPage -->
  <system-out/>
  <testcase classname="dsAlgoTests.StackTest" name="verifyCodeApplicationsPage" time="0.000">
    <skipped/>
  </testcase> <!-- verifyCodeApplicationsPage -->
  <system-out/>
  <testcase classname="dsAlgoTests.StackTest" name="verifyCodeImplementationPage" time="0.000">
    <skipped/>
  </testcase> <!-- verifyCodeImplementationPage -->
  <system-out/>
  <testcase classname="dsAlgoTests.StackTest" name="verifyCodeApplicationsPage" time="0.000">
    <skipped/>
  </testcase> <!-- verifyCodeApplicationsPage -->
  <system-out/>
  <testcase classname="dsAlgoTests.StackTest" name="verifyCodeOperationsInStackPage" time="0.000">
    <skipped/>
  </testcase> <!-- verifyCodeOperationsInStackPage -->
  <system-out/>
  <testcase classname="dsAlgoTests.StackTest" name="verifyCodeApplicationsPage" time="0.000">
    <skipped/>
  </testcase> <!-- verifyCodeApplicationsPage -->
  <system-out/>
  <testcase classname="dsAlgoTests.StackTest" name="verifyCodeImplementationPage" time="0.000">
    <skipped/>
  </testcase> <!-- verifyCodeImplementationPage -->
  <system-out/>
  <testcase classname="dsAlgoTests.StackTest" name="verifyCodeOperationsInStackPage" time="0.000">
    <skipped/>
  </testcase> <!-- verifyCodeOperationsInStackPage -->
  <system-out/>
  <testcase classname="dsAlgoTests.StackTest" name="verifyCodeApplicationsPage" time="0.000">
    <skipped/>
  </testcase> <!-- verifyCodeApplicationsPage -->
  <system-out/>
  <testcase classname="dsAlgoTests.StackTest" name="verifyCodeApplicationsPage" time="0.000">
    <skipped/>
  </testcase> <!-- verifyCodeApplicationsPage -->
  <system-out/>
  <testcase classname="dsAlgoTests.StackTest" name="verifyCodeImplementationPage" time="0.000">
    <skipped/>
  </testcase> <!-- verifyCodeImplementationPage -->
  <system-out/>
  <testcase classname="dsAlgoTests.StackTest" name="verifyCodeOperationsInStackPage" time="0.000">
    <skipped/>
  </testcase> <!-- verifyCodeOperationsInStackPage -->
  <system-out/>
  <testcase classname="dsAlgoTests.StackTest" name="verifyCodeApplicationsPage" time="0.000">
    <skipped/>
  </testcase> <!-- verifyCodeApplicationsPage -->
  <system-out/>
  <testcase classname="dsAlgoTests.StackTest" name="verifyCodeApplicationsPage" time="0.000">
    <skipped/>
  </testcase> <!-- verifyCodeApplicationsPage -->
  <system-out/>
  <testcase classname="dsAlgoTests.StackTest" name="verifyCodeOperationsInStackPage" time="0.000">
    <skipped/>
  </testcase> <!-- verifyCodeOperationsInStackPage -->
  <system-out/>
  <testcase classname="dsAlgoTests.StackTest" name="verifyCodeImplementationPage" time="0.000">
    <skipped/>
  </testcase> <!-- verifyCodeImplementationPage -->
  <system-out/>
  <testcase classname="dsAlgoTests.StackTest" name="verifyCodeImplementationPage" time="0.000">
    <skipped/>
  </testcase> <!-- verifyCodeImplementationPage -->
  <system-out/>
  <testcase classname="dsAlgoTests.StackTest" name="verifyCodeApplicationsPage" time="0.000">
    <skipped/>
  </testcase> <!-- verifyCodeApplicationsPage -->
  <system-out/>
  <testcase classname="dsAlgoTests.StackTest" name="verifyCodeApplicationsPage" time="0.000">
    <skipped/>
  </testcase> <!-- verifyCodeApplicationsPage -->
  <system-out/>
  <testcase classname="dsAlgoTests.StackTest" name="verifyCodeImplementationPage" time="0.000">
    <skipped/>
  </testcase> <!-- verifyCodeImplementationPage -->
  <system-out/>
  <testcase classname="dsAlgoTests.StackTest" name="verifyCodeOperationsInStackPage" time="0.000">
    <skipped/>
  </testcase> <!-- verifyCodeOperationsInStackPage -->
  <system-out/>
  <testcase classname="dsAlgoTests.StackTest" name="verifyCodeApplicationsPage" time="0.000">
    <skipped/>
  </testcase> <!-- verifyCodeApplicationsPage -->
  <system-out/>
  <testcase classname="dsAlgoTests.StackTest" name="verifyCodeApplicationsPage" time="0.000">
    <skipped/>
  </testcase> <!-- verifyCodeApplicationsPage -->
  <system-out/>
  <testcase classname="dsAlgoTests.StackTest" name="verifyCodeApplicationsPage" time="0.000">
    <skipped/>
  </testcase> <!-- verifyCodeApplicationsPage -->
  <system-out/>
  <testcase classname="dsAlgoTests.StackTest" name="verifyCodeOperationsInStackPage" time="0.000">
    <skipped/>
  </testcase> <!-- verifyCodeOperationsInStackPage -->
  <system-out/>
  <testcase classname="dsAlgoTests.StackTest" name="verifyCodeApplicationsPage" time="0.000">
    <skipped/>
  </testcase> <!-- verifyCodeApplicationsPage -->
  <system-out/>
  <testcase classname="dsAlgoTests.StackTest" name="verifyCodeApplicationsPage" time="0.000">
    <skipped/>
  </testcase> <!-- verifyCodeApplicationsPage -->
  <system-out/>
  <testcase classname="dsAlgoTests.StackTest" name="verifyCodeApplicationsPage" time="0.000">
    <skipped/>
  </testcase> <!-- verifyCodeApplicationsPage -->
  <system-out/>
  <testcase classname="dsAlgoTests.StackTest" name="verifyCodeOperationsInStackPage" time="0.000">
    <skipped/>
  </testcase> <!-- verifyCodeOperationsInStackPage -->
  <system-out/>
  <testcase classname="dsAlgoTests.StackTest" name="verifyCodeApplicationsPage" time="0.000">
    <skipped/>
  </testcase> <!-- verifyCodeApplicationsPage -->
  <system-out/>
  <testcase classname="dsAlgoTests.StackTest" name="verifyCodeImplementationPage" time="0.000">
    <skipped/>
  </testcase> <!-- verifyCodeImplementationPage -->
  <system-out/>
  <testcase classname="dsAlgoTests.StackTest" name="verifyCodeImplementationPage" time="0.000">
    <skipped/>
  </testcase> <!-- verifyCodeImplementationPage -->
  <system-out/>
  <testcase classname="dsAlgoTests.StackTest" name="verifyCodeImplementationPage" time="0.000">
    <skipped/>
  </testcase> <!-- verifyCodeImplementationPage -->
  <system-out/>
  <testcase classname="dsAlgoTests.StackTest" name="verifyCodeApplicationsPage" time="0.000">
    <skipped/>
  </testcase> <!-- verifyCodeApplicationsPage -->
  <system-out/>
  <testcase classname="dsAlgoTests.StackTest" name="verifyCodeImplementationPage" time="0.000">
    <skipped/>
  </testcase> <!-- verifyCodeImplementationPage -->
  <system-out/>
  <testcase classname="dsAlgoTests.StackTest" name="verifyCodeImplementationPage" time="0.000">
    <skipped/>
  </testcase> <!-- verifyCodeImplementationPage -->
  <system-out/>
  <testcase classname="dsAlgoTests.StackTest" name="verifyCodeImplementationPage" time="0.000">
    <skipped/>
  </testcase> <!-- verifyCodeImplementationPage -->
  <system-out/>
  <testcase classname="dsAlgoTests.StackTest" name="verifyCodeOperationsInStackPage" time="0.000">
    <skipped/>
  </testcase> <!-- verifyCodeOperationsInStackPage -->
  <system-out/>
  <testcase classname="dsAlgoTests.StackTest" name="verifyCodeOperationsInStackPage" time="0.000">
    <skipped/>
  </testcase> <!-- verifyCodeOperationsInStackPage -->
  <system-out/>
  <testcase classname="dsAlgoTests.StackTest" name="verifyCodeOperationsInStackPage" time="0.000">
    <skipped/>
  </testcase> <!-- verifyCodeOperationsInStackPage -->
  <system-out/>
  <testcase classname="dsAlgoTests.StackTest" name="verifyCodeImplementationPage" time="0.000">
    <skipped/>
  </testcase> <!-- verifyCodeImplementationPage -->
  <system-out/>
  <testcase classname="dsAlgoTests.StackTest" name="verifyCodeOperationsInStackPage" time="0.000">
    <skipped/>
  </testcase> <!-- verifyCodeOperationsInStackPage -->
  <system-out/>
  <testcase classname="dsAlgoTests.StackTest" name="verifyCodeImplementationPage" time="0.000">
    <skipped/>
  </testcase> <!-- verifyCodeImplementationPage -->
  <system-out/>
  <testcase classname="dsAlgoTests.StackTest" name="verifyCodeApplicationsPage" time="0.000">
    <skipped/>
  </testcase> <!-- verifyCodeApplicationsPage -->
  <system-out/>
  <testcase classname="dsAlgoTests.StackTest" name="verifyCodeImplementationPage" time="0.000">
    <skipped/>
  </testcase> <!-- verifyCodeImplementationPage -->
  <system-out/>
  <testcase classname="dsAlgoTests.StackTest" name="verifyCodeImplementationPage" time="0.000">
    <skipped/>
  </testcase> <!-- verifyCodeImplementationPage -->
  <system-out/>
  <testcase classname="dsAlgoTests.StackTest" name="verifyCodeApplicationsPage" time="0.000">
    <skipped/>
  </testcase> <!-- verifyCodeApplicationsPage -->
  <system-out/>
  <testcase classname="dsAlgoTests.StackTest" name="verifyCodeOperationsInStackPage" time="0.000">
    <skipped/>
  </testcase> <!-- verifyCodeOperationsInStackPage -->
  <system-out/>
  <testcase classname="dsAlgoTests.StackTest" name="verifyCodeOperationsInStackPage" time="0.000">
    <skipped/>
  </testcase> <!-- verifyCodeOperationsInStackPage -->
  <system-out/>
  <testcase classname="dsAlgoTests.StackTest" name="verifyCodeOperationsInStackPage" time="0.000">
    <skipped/>
  </testcase> <!-- verifyCodeOperationsInStackPage -->
  <system-out/>
  <testcase classname="dsAlgoTests.StackTest" name="verifyCodeOperationsInStackPage" time="0.000">
    <skipped/>
  </testcase> <!-- verifyCodeOperationsInStackPage -->
  <system-out/>
  <testcase classname="dsAlgoTests.StackTest" name="verifyCodeOperationsInStackPage" time="0.000">
    <skipped/>
  </testcase> <!-- verifyCodeOperationsInStackPage -->
  <system-out/>
  <testcase classname="dsAlgoTests.StackTest" name="verifyCodeOperationsInStackPage" time="0.000">
    <skipped/>
  </testcase> <!-- verifyCodeOperationsInStackPage -->
  <system-out/>
  <testcase classname="dsAlgoTests.StackTest" name="verifyCodeOperationsInStackPage" time="0.000">
    <skipped/>
  </testcase> <!-- verifyCodeOperationsInStackPage -->
  <system-out/>
  <testcase classname="dsAlgoTests.StackTest" name="verifyCodeApplicationsPage" time="0.000">
    <skipped/>
  </testcase> <!-- verifyCodeApplicationsPage -->
  <system-out/>
  <testcase classname="dsAlgoTests.StackTest" name="verifyCodeApplicationsPage" time="0.000">
    <skipped/>
  </testcase> <!-- verifyCodeApplicationsPage -->
  <system-out/>
  <testcase classname="dsAlgoTests.StackTest" name="verifyCodeOperationsInStackPage" time="0.000">
    <skipped/>
  </testcase> <!-- verifyCodeOperationsInStackPage -->
  <system-out/>
  <testcase classname="dsAlgoTests.StackTest" name="verifyCodeApplicationsPage" time="0.000">
    <skipped/>
  </testcase> <!-- verifyCodeApplicationsPage -->
  <system-out/>
  <testcase classname="dsAlgoTests.StackTest" name="verifyCodeApplicationsPage" time="0.000">
    <skipped/>
  </testcase> <!-- verifyCodeApplicationsPage -->
  <system-out/>
  <testcase classname="dsAlgoTests.StackTest" name="verifyCodeImplementationPage" time="0.000">
    <skipped/>
  </testcase> <!-- verifyCodeImplementationPage -->
  <system-out/>
  <testcase classname="dsAlgoTests.StackTest" name="verifyCodeImplementationPage" time="0.000">
    <skipped/>
  </testcase> <!-- verifyCodeImplementationPage -->
  <system-out/>
  <testcase classname="dsAlgoTests.StackTest" name="verifyCodeApplicationsPage" time="0.000">
    <skipped/>
  </testcase> <!-- verifyCodeApplicationsPage -->
  <system-out/>
  <testcase classname="dsAlgoTests.StackTest" name="verifyCodeApplicationsPage" time="0.000">
    <skipped/>
  </testcase> <!-- verifyCodeApplicationsPage -->
  <system-out/>
  <testcase classname="dsAlgoTests.StackTest" name="verifyCodeImplementationPage" time="0.000">
    <skipped/>
  </testcase> <!-- verifyCodeImplementationPage -->
  <system-out/>
  <testcase classname="dsAlgoTests.StackTest" name="verifyCodeApplicationsPage" time="0.000">
    <skipped/>
  </testcase> <!-- verifyCodeApplicationsPage -->
  <system-out/>
  <testcase classname="dsAlgoTests.StackTest" name="verifyCodeApplicationsPage" time="0.000">
    <skipped/>
  </testcase> <!-- verifyCodeApplicationsPage -->
  <system-out/>
  <testcase classname="dsAlgoTests.StackTest" name="verifyCodeOperationsInStackPage" time="0.000">
    <skipped/>
  </testcase> <!-- verifyCodeOperationsInStackPage -->
  <system-out/>
  <testcase classname="dsAlgoTests.StackTest" name="verifyCodeApplicationsPage" time="0.000">
    <skipped/>
  </testcase> <!-- verifyCodeApplicationsPage -->
  <system-out/>
  <testcase classname="dsAlgoTests.StackTest" name="verifyCodeApplicationsPage" time="0.000">
    <skipped/>
  </testcase> <!-- verifyCodeApplicationsPage -->
  <system-out/>
  <testcase classname="dsAlgoTests.StackTest" name="verifyCodeApplicationsPage" time="0.000">
    <skipped/>
  </testcase> <!-- verifyCodeApplicationsPage -->
  <system-out/>
  <testcase classname="dsAlgoTests.StackTest" name="verifyCodeImplementationPage" time="0.000">
    <skipped/>
  </testcase> <!-- verifyCodeImplementationPage -->
  <system-out/>
  <testcase classname="dsAlgoTests.StackTest" name="verifyCodeApplicationsPage" time="0.000">
    <skipped/>
  </testcase> <!-- verifyCodeApplicationsPage -->
  <system-out/>
  <testcase classname="dsAlgoTests.StackTest" name="verifyCodeApplicationsPage" time="0.000">
    <skipped/>
  </testcase> <!-- verifyCodeApplicationsPage -->
  <system-out/>
  <testcase classname="dsAlgoTests.StackTest" name="verifyCodeOperationsInStackPage" time="0.000">
    <skipped/>
  </testcase> <!-- verifyCodeOperationsInStackPage -->
  <system-out/>
  <testcase classname="dsAlgoTests.StackTest" name="verifyCodeApplicationsPage" time="0.000">
    <skipped/>
  </testcase> <!-- verifyCodeApplicationsPage -->
  <system-out/>
  <testcase classname="dsAlgoTests.StackTest" name="verifyCodeOperationsInStackPage" time="0.000">
    <skipped/>
  </testcase> <!-- verifyCodeOperationsInStackPage -->
  <system-out/>
  <testcase classname="dsAlgoTests.StackTest" name="verifyCodeApplicationsPage" time="0.000">
    <skipped/>
  </testcase> <!-- verifyCodeApplicationsPage -->
  <system-out/>
  <testcase classname="dsAlgoTests.StackTest" name="verifyCodeImplementationPage" time="0.000">
    <skipped/>
  </testcase> <!-- verifyCodeImplementationPage -->
  <system-out/>
  <testcase classname="dsAlgoTests.StackTest" name="verifyCodeOperationsInStackPage" time="0.000">
    <skipped/>
  </testcase> <!-- verifyCodeOperationsInStackPage -->
  <system-out/>
  <testcase classname="dsAlgoTests.StackTest" name="verifyCodeApplicationsPage" time="0.000">
    <skipped/>
  </testcase> <!-- verifyCodeApplicationsPage -->
  <system-out/>
  <testcase classname="dsAlgoTests.StackTest" name="verifyCodeImplementationPage" time="0.000">
    <skipped/>
  </testcase> <!-- verifyCodeImplementationPage -->
  <system-out/>
  <testcase classname="dsAlgoTests.StackTest" name="verifyCodeOperationsInStackPage" time="0.000">
    <skipped/>
  </testcase> <!-- verifyCodeOperationsInStackPage -->
  <system-out/>
  <testcase classname="dsAlgoTests.StackTest" name="verifyCodeOperationsInStackPage" time="0.000">
    <skipped/>
  </testcase> <!-- verifyCodeOperationsInStackPage -->
  <system-out/>
  <testcase classname="dsAlgoTests.StackTest" name="verifyCodeApplicationsPage" time="0.000">
    <skipped/>
  </testcase> <!-- verifyCodeApplicationsPage -->
  <system-out/>
  <testcase classname="dsAlgoTests.StackTest" name="verifyCodeOperationsInStackPage" time="0.000">
    <skipped/>
  </testcase> <!-- verifyCodeOperationsInStackPage -->
  <system-out/>
  <testcase classname="dsAlgoTests.StackTest" name="verifyCodeApplicationsPage" time="0.000">
    <skipped/>
  </testcase> <!-- verifyCodeApplicationsPage -->
  <system-out/>
  <testcase classname="dsAlgoTests.StackTest" name="verifyCodeImplementationPage" time="0.000">
    <skipped/>
  </testcase> <!-- verifyCodeImplementationPage -->
  <system-out/>
  <testcase classname="dsAlgoTests.StackTest" name="verifyCodeOperationsInStackPage" time="0.000">
    <skipped/>
  </testcase> <!-- verifyCodeOperationsInStackPage -->
  <system-out/>
  <testcase classname="dsAlgoTests.StackTest" name="verifyCodeOperationsInStackPage" time="0.000">
    <skipped/>
  </testcase> <!-- verifyCodeOperationsInStackPage -->
  <system-out/>
  <testcase classname="dsAlgoTests.StackTest" name="verifyCodeApplicationsPage" time="0.000">
    <skipped/>
  </testcase> <!-- verifyCodeApplicationsPage -->
  <system-out/>
  <testcase classname="dsAlgoTests.StackTest" name="verifyCodeImplementationPage" time="0.000">
    <skipped/>
  </testcase> <!-- verifyCodeImplementationPage -->
  <system-out/>
  <testcase classname="dsAlgoTests.StackTest" name="verifyCodeOperationsInStackPage" time="0.000">
    <skipped/>
  </testcase> <!-- verifyCodeOperationsInStackPage -->
  <system-out/>
  <testcase classname="dsAlgoTests.StackTest" name="verifyCodeOperationsInStackPage" time="0.000">
    <skipped/>
  </testcase> <!-- verifyCodeOperationsInStackPage -->
  <system-out/>
  <testcase classname="dsAlgoTests.StackTest" name="verifyCodeOperationsInStackPage" time="0.000">
    <skipped/>
  </testcase> <!-- verifyCodeOperationsInStackPage -->
  <system-out/>
  <testcase classname="dsAlgoTests.StackTest" name="verifyCodeApplicationsPage" time="0.000">
    <skipped/>
  </testcase> <!-- verifyCodeApplicationsPage -->
  <system-out/>
  <testcase classname="dsAlgoTests.StackTest" name="verifyCodeImplementationPage" time="0.000">
    <skipped/>
  </testcase> <!-- verifyCodeImplementationPage -->
  <system-out/>
  <testcase classname="dsAlgoTests.StackTest" name="verifyCodeApplicationsPage" time="0.000">
    <skipped/>
  </testcase> <!-- verifyCodeApplicationsPage -->
  <system-out/>
  <testcase classname="dsAlgoTests.StackTest" name="verifyCodeOperationsInStackPage" time="0.000">
    <skipped/>
  </testcase> <!-- verifyCodeOperationsInStackPage -->
  <system-out/>
  <testcase classname="dsAlgoTests.StackTest" name="verifyCodeImplementationPage" time="0.000">
    <skipped/>
  </testcase> <!-- verifyCodeImplementationPage -->
  <system-out/>
  <testcase classname="dsAlgoTests.StackTest" name="verifyCodeApplicationsPage" time="0.000">
    <skipped/>
  </testcase> <!-- verifyCodeApplicationsPage -->
  <system-out/>
  <testcase classname="dsAlgoTests.StackTest" name="verifyCodeImplementationPage" time="0.000">
    <skipped/>
  </testcase> <!-- verifyCodeImplementationPage -->
  <system-out/>
  <testcase classname="dsAlgoTests.StackTest" name="verifyCodeApplicationsPage" time="0.000">
    <skipped/>
  </testcase> <!-- verifyCodeApplicationsPage -->
  <system-out/>
  <testcase classname="dsAlgoTests.StackTest" name="verifyCodeApplicationsPage" time="0.000">
    <skipped/>
  </testcase> <!-- verifyCodeApplicationsPage -->
  <system-out/>
  <testcase classname="dsAlgoTests.StackTest" name="verifyCodeApplicationsPage" time="0.000">
    <skipped/>
  </testcase> <!-- verifyCodeApplicationsPage -->
  <system-out/>
  <testcase classname="dsAlgoTests.StackTest" name="verifyCodeApplicationsPage" time="0.000">
    <skipped/>
  </testcase> <!-- verifyCodeApplicationsPage -->
  <system-out/>
  <testcase classname="dsAlgoTests.StackTest" name="verifyCodeApplicationsPage" time="0.000">
    <skipped/>
  </testcase> <!-- verifyCodeApplicationsPage -->
  <system-out/>
  <testcase classname="dsAlgoTests.StackTest" name="verifyCodeImplementationPage" time="0.000">
    <skipped/>
  </testcase> <!-- verifyCodeImplementationPage -->
  <system-out/>
  <testcase classname="dsAlgoTests.StackTest" name="verifyCodeOperationsInStackPage" time="0.000">
    <skipped/>
  </testcase> <!-- verifyCodeOperationsInStackPage -->
  <system-out/>
  <testcase classname="dsAlgoTests.StackTest" name="verifyCodeImplementationPage" time="0.000">
    <skipped/>
  </testcase> <!-- verifyCodeImplementationPage -->
  <system-out/>
  <testcase classname="dsAlgoTests.StackTest" name="verifyCodeImplementationPage" time="0.000">
    <skipped/>
  </testcase> <!-- verifyCodeImplementationPage -->
  <system-out/>
  <testcase classname="dsAlgoTests.StackTest" name="verifyCodeApplicationsPage" time="0.000">
    <skipped/>
  </testcase> <!-- verifyCodeApplicationsPage -->
  <system-out/>
  <testcase classname="dsAlgoTests.StackTest" name="verifyCodeOperationsInStackPage" time="0.000">
    <skipped/>
  </testcase> <!-- verifyCodeOperationsInStackPage -->
  <system-out/>
  <testcase classname="dsAlgoTests.StackTest" name="verifyCodeOperationsInStackPage" time="0.000">
    <skipped/>
  </testcase> <!-- verifyCodeOperationsInStackPage -->
  <system-out/>
  <testcase classname="dsAlgoTests.StackTest" name="verifyCodeApplicationsPage" time="0.000">
    <skipped/>
  </testcase> <!-- verifyCodeApplicationsPage -->
  <system-out/>
  <testcase classname="dsAlgoTests.StackTest" name="verifyCodeImplementationPage" time="0.000">
    <skipped/>
  </testcase> <!-- verifyCodeImplementationPage -->
  <system-out/>
  <testcase classname="dsAlgoTests.StackTest" name="verifyCodeApplicationsPage" time="0.000">
    <skipped/>
  </testcase> <!-- verifyCodeApplicationsPage -->
  <system-out/>
  <testcase classname="dsAlgoTests.StackTest" name="verifyCodeApplicationsPage" time="0.000">
    <skipped/>
  </testcase> <!-- verifyCodeApplicationsPage -->
  <system-out/>
  <testcase classname="dsAlgoTests.StackTest" name="verifyCodeApplicationsPage" time="0.000">
    <skipped/>
  </testcase> <!-- verifyCodeApplicationsPage -->
  <system-out/>
  <testcase classname="dsAlgoTests.StackTest" name="verifyCodeApplicationsPage" time="0.000">
    <skipped/>
  </testcase> <!-- verifyCodeApplicationsPage -->
  <system-out/>
  <testcase classname="dsAlgoTests.StackTest" name="verifyCodeOperationsInStackPage" time="0.000">
    <skipped/>
  </testcase> <!-- verifyCodeOperationsInStackPage -->
  <system-out/>
  <testcase classname="dsAlgoTests.StackTest" name="verifyCodeApplicationsPage" time="0.000">
    <skipped/>
  </testcase> <!-- verifyCodeApplicationsPage -->
  <system-out/>
  <testcase classname="dsAlgoTests.StackTest" name="verifyCodeImplementationPage" time="0.000">
    <skipped/>
  </testcase> <!-- verifyCodeImplementationPage -->
  <system-out/>
  <testcase classname="dsAlgoTests.StackTest" name="verifyCodeOperationsInStackPage" time="0.000">
    <skipped/>
  </testcase> <!-- verifyCodeOperationsInStackPage -->
  <system-out/>
  <testcase classname="dsAlgoTests.StackTest" name="verifyCodeImplementationPage" time="0.000">
    <skipped/>
  </testcase> <!-- verifyCodeImplementationPage -->
  <system-out/>
  <testcase classname="dsAlgoTests.StackTest" name="verifyCodeOperationsInStackPage" time="0.000">
    <skipped/>
  </testcase> <!-- verifyCodeOperationsInStackPage -->
  <system-out/>
  <testcase classname="dsAlgoTests.StackTest" name="verifyCodeApplicationsPage" time="0.000">
    <skipped/>
  </testcase> <!-- verifyCodeApplicationsPage -->
  <system-out/>
  <testcase classname="dsAlgoTests.StackTest" name="verifyCodeImplementationPage" time="0.000">
    <skipped/>
  </testcase> <!-- verifyCodeImplementationPage -->
  <system-out/>
  <testcase classname="dsAlgoTests.StackTest" name="verifyCodeImplementationPage" time="0.000">
    <skipped/>
  </testcase> <!-- verifyCodeImplementationPage -->
  <system-out/>
  <testcase classname="dsAlgoTests.StackTest" name="verifyCodeOperationsInStackPage" time="0.000">
    <skipped/>
  </testcase> <!-- verifyCodeOperationsInStackPage -->
  <system-out/>
  <testcase classname="dsAlgoTests.StackTest" name="verifyCodeApplicationsPage" time="0.000">
    <skipped/>
  </testcase> <!-- verifyCodeApplicationsPage -->
  <system-out/>
  <testcase classname="dsAlgoTests.StackTest" name="verifyCodeApplicationsPage" time="0.000">
    <skipped/>
  </testcase> <!-- verifyCodeApplicationsPage -->
  <system-out/>
  <testcase classname="dsAlgoTests.StackTest" name="verifyCodeApplicationsPage" time="0.000">
    <skipped/>
  </testcase> <!-- verifyCodeApplicationsPage -->
  <system-out/>
  <testcase classname="dsAlgoTests.StackTest" name="verifyCodeApplicationsPage" time="0.000">
    <skipped/>
  </testcase> <!-- verifyCodeApplicationsPage -->
  <system-out/>
  <testcase classname="dsAlgoTests.StackTest" name="verifyCodeApplicationsPage" time="0.000">
    <skipped/>
  </testcase> <!-- verifyCodeApplicationsPage -->
  <system-out/>
  <testcase classname="dsAlgoTests.StackTest" name="verifyCodeApplicationsPage" time="0.000">
    <skipped/>
  </testcase> <!-- verifyCodeApplicationsPage -->
  <system-out/>
  <testcase classname="dsAlgoTests.StackTest" name="verifyCodeApplicationsPage" time="0.000">
    <skipped/>
  </testcase> <!-- verifyCodeApplicationsPage -->
  <system-out/>
  <testcase classname="dsAlgoTests.StackTest" name="verifyCodeImplementationPage" time="0.000">
    <skipped/>
  </testcase> <!-- verifyCodeImplementationPage -->
  <system-out/>
  <testcase classname="dsAlgoTests.StackTest" name="verifyCodeApplicationsPage" time="0.000">
    <skipped/>
  </testcase> <!-- verifyCodeApplicationsPage -->
  <system-out/>
  <testcase classname="dsAlgoTests.StackTest" name="verifyCodeImplementationPage" time="0.000">
    <skipped/>
  </testcase> <!-- verifyCodeImplementationPage -->
  <system-out/>
  <testcase classname="dsAlgoTests.StackTest" name="verifyCodeOperationsInStackPage" time="0.000">
    <skipped/>
  </testcase> <!-- verifyCodeOperationsInStackPage -->
  <system-out/>
  <testcase classname="dsAlgoTests.StackTest" name="verifyCodeApplicationsPage" time="0.000">
    <skipped/>
  </testcase> <!-- verifyCodeApplicationsPage -->
  <system-out/>
  <testcase classname="dsAlgoTests.StackTest" name="verifyCodeOperationsInStackPage" time="0.000">
    <skipped/>
  </testcase> <!-- verifyCodeOperationsInStackPage -->
  <system-out/>
  <testcase classname="dsAlgoTests.StackTest" name="verifyCodeImplementationPage" time="0.000">
    <skipped/>
  </testcase> <!-- verifyCodeImplementationPage -->
  <system-out/>
  <testcase classname="dsAlgoTests.StackTest" name="verifyCodeImplementationPage" time="0.000">
    <skipped/>
  </testcase> <!-- verifyCodeImplementationPage -->
  <system-out/>
  <testcase classname="dsAlgoTests.StackTest" name="verifyCodeImplementationPage" time="0.000">
    <skipped/>
  </testcase> <!-- verifyCodeImplementationPage -->
  <system-out/>
  <testcase classname="dsAlgoTests.StackTest" name="verifyCodeOperationsInStackPage" time="0.000">
    <skipped/>
  </testcase> <!-- verifyCodeOperationsInStackPage -->
  <system-out/>
  <testcase classname="dsAlgoTests.StackTest" name="verifyCodeApplicationsPage" time="0.000">
    <skipped/>
  </testcase> <!-- verifyCodeApplicationsPage -->
  <system-out/>
  <testcase classname="dsAlgoTests.StackTest" name="verifyCodeApplicationsPage" time="0.000">
    <skipped/>
  </testcase> <!-- verifyCodeApplicationsPage -->
  <system-out/>
  <testcase classname="dsAlgoTests.StackTest" name="verifyCodeApplicationsPage" time="0.000">
    <skipped/>
  </testcase> <!-- verifyCodeApplicationsPage -->
  <system-out/>
  <testcase classname="dsAlgoTests.StackTest" name="verifyCodeImplementationPage" time="0.000">
    <skipped/>
  </testcase> <!-- verifyCodeImplementationPage -->
  <system-out/>
  <testcase classname="dsAlgoTests.StackTest" name="verifyCodeApplicationsPage" time="0.000">
    <skipped/>
  </testcase> <!-- verifyCodeApplicationsPage -->
  <system-out/>
  <testcase classname="dsAlgoTests.StackTest" name="verifyCodeApplicationsPage" time="0.000">
    <skipped/>
  </testcase> <!-- verifyCodeApplicationsPage -->
  <system-out/>
  <testcase classname="dsAlgoTests.StackTest" name="verifyCodeOperationsInStackPage" time="0.000">
    <skipped/>
  </testcase> <!-- verifyCodeOperationsInStackPage -->
  <system-out/>
  <testcase classname="dsAlgoTests.StackTest" name="verifyCodeApplicationsPage" time="0.000">
    <skipped/>
  </testcase> <!-- verifyCodeApplicationsPage -->
  <system-out/>
  <testcase classname="dsAlgoTests.StackTest" name="verifyCodeImplementationPage" time="0.000">
    <skipped/>
  </testcase> <!-- verifyCodeImplementationPage -->
  <system-out/>
  <testcase classname="dsAlgoTests.StackTest" name="verifyCodeApplicationsPage" time="0.000">
    <skipped/>
  </testcase> <!-- verifyCodeApplicationsPage -->
  <system-out/>
  <testcase classname="dsAlgoTests.StackTest" name="verifyCodeApplicationsPage" time="0.000">
    <skipped/>
  </testcase> <!-- verifyCodeApplicationsPage -->
  <system-out/>
  <testcase classname="dsAlgoTests.StackTest" name="verifyCodeOperationsInStackPage" time="0.000">
    <skipped/>
  </testcase> <!-- verifyCodeOperationsInStackPage -->
  <system-out/>
  <testcase classname="dsAlgoTests.StackTest" name="verifyCodeOperationsInStackPage" time="0.000">
    <skipped/>
  </testcase> <!-- verifyCodeOperationsInStackPage -->
  <system-out/>
  <testcase classname="dsAlgoTests.StackTest" name="verifyCodeApplicationsPage" time="0.000">
    <skipped/>
  </testcase> <!-- verifyCodeApplicationsPage -->
  <system-out/>
  <testcase classname="dsAlgoTests.StackTest" name="verifyCodeApplicationsPage" time="0.000">
    <skipped/>
  </testcase> <!-- verifyCodeApplicationsPage -->
  <system-out/>
  <testcase classname="dsAlgoTests.StackTest" name="verifyCodeApplicationsPage" time="0.000">
    <skipped/>
  </testcase> <!-- verifyCodeApplicationsPage -->
  <system-out/>
  <testcase classname="dsAlgoTests.StackTest" name="verifyCodeOperationsInStackPage" time="0.000">
    <skipped/>
  </testcase> <!-- verifyCodeOperationsInStackPage -->
  <system-out/>
  <testcase classname="dsAlgoTests.StackTest" name="verifyCodeImplementationPage" time="0.000">
    <skipped/>
  </testcase> <!-- verifyCodeImplementationPage -->
  <system-out/>
  <testcase classname="dsAlgoTests.StackTest" name="verifyCodeOperationsInStackPage" time="0.000">
    <skipped/>
  </testcase> <!-- verifyCodeOperationsInStackPage -->
  <system-out/>
  <testcase classname="dsAlgoTests.StackTest" name="verifyCodeImplementationPage" time="0.000">
    <skipped/>
  </testcase> <!-- verifyCodeImplementationPage -->
  <system-out/>
  <testcase classname="dsAlgoTests.StackTest" name="verifyCodeApplicationsPage" time="0.000">
    <skipped/>
  </testcase> <!-- verifyCodeApplicationsPage -->
  <system-out/>
  <testcase classname="dsAlgoTests.StackTest" name="verifyCodeApplicationsPage" time="0.000">
    <skipped/>
  </testcase> <!-- verifyCodeApplicationsPage -->
  <system-out/>
  <testcase classname="dsAlgoTests.StackTest" name="verifyCodeImplementationPage" time="0.000">
    <skipped/>
  </testcase> <!-- verifyCodeImplementationPage -->
  <system-out/>
  <testcase classname="dsAlgoTests.StackTest" name="verifyCodeImplementationPage" time="0.000">
    <skipped/>
  </testcase> <!-- verifyCodeImplementationPage -->
  <system-out/>
  <testcase classname="dsAlgoTests.StackTest" name="verifyCodeImplementationPage" time="0.000">
    <skipped/>
  </testcase> <!-- verifyCodeImplementationPage -->
  <system-out/>
  <testcase classname="dsAlgoTests.StackTest" name="verifyCodeApplicationsPage" time="0.000">
    <skipped/>
  </testcase> <!-- verifyCodeApplicationsPage -->
  <system-out/>
  <testcase classname="dsAlgoTests.StackTest" name="verifyCodeImplementationPage" time="0.000">
    <skipped/>
  </testcase> <!-- verifyCodeImplementationPage -->
  <system-out/>
  <testcase classname="dsAlgoTests.StackTest" name="verifyCodeImplementationPage" time="0.000">
    <skipped/>
  </testcase> <!-- verifyCodeImplementationPage -->
  <system-out/>
  <testcase classname="dsAlgoTests.StackTest" name="verifyCodeOperationsInStackPage" time="0.000">
    <skipped/>
  </testcase> <!-- verifyCodeOperationsInStackPage -->
  <system-out/>
  <testcase classname="dsAlgoTests.StackTest" name="verifyCodeOperationsInStackPage" time="0.000">
    <skipped/>
  </testcase> <!-- verifyCodeOperationsInStackPage -->
  <system-out/>
  <testcase classname="dsAlgoTests.StackTest" name="verifyCodeOperationsInStackPage" time="0.000">
    <skipped/>
  </testcase> <!-- verifyCodeOperationsInStackPage -->
  <system-out/>
  <testcase classname="dsAlgoTests.StackTest" name="verifyCodeImplementationPage" time="0.000">
    <skipped/>
  </testcase> <!-- verifyCodeImplementationPage -->
  <system-out/>
  <testcase classname="dsAlgoTests.StackTest" name="verifyCodeImplementationPage" time="0.000">
    <skipped/>
  </testcase> <!-- verifyCodeImplementationPage -->
  <system-out/>
  <testcase classname="dsAlgoTests.StackTest" name="verifyCodeApplicationsPage" time="0.000">
    <skipped/>
  </testcase> <!-- verifyCodeApplicationsPage -->
  <system-out/>
  <testcase classname="dsAlgoTests.StackTest" name="verifyCodeOperationsInStackPage" time="0.000">
    <skipped/>
  </testcase> <!-- verifyCodeOperationsInStackPage -->
  <system-out/>
  <testcase classname="dsAlgoTests.StackTest" name="verifyCodeImplementationPage" time="0.000">
    <skipped/>
  </testcase> <!-- verifyCodeImplementationPage -->
  <system-out/>
  <testcase classname="dsAlgoTests.StackTest" name="verifyCodeOperationsInStackPage" time="0.000">
    <skipped/>
  </testcase> <!-- verifyCodeOperationsInStackPage -->
  <system-out/>
  <testcase classname="dsAlgoTests.StackTest" name="verifyCodeImplementationPage" time="0.000">
    <skipped/>
  </testcase> <!-- verifyCodeImplementationPage -->
  <system-out/>
  <testcase classname="dsAlgoTests.StackTest" name="verifyCodeOperationsInStackPage" time="0.000">
    <skipped/>
  </testcase> <!-- verifyCodeOperationsInStackPage -->
  <system-out/>
  <testcase classname="dsAlgoTests.StackTest" name="verifyCodeOperationsInStackPage" time="0.000">
    <skipped/>
  </testcase> <!-- verifyCodeOperationsInStackPage -->
  <system-out/>
  <testcase classname="dsAlgoTests.StackTest" name="verifyCodeOperationsInStackPage" time="0.000">
    <skipped/>
  </testcase> <!-- verifyCodeOperationsInStackPage -->
  <system-out/>
  <testcase classname="dsAlgoTests.StackTest" name="verifyCodeOperationsInStackPage" time="0.000">
    <skipped/>
  </testcase> <!-- verifyCodeOperationsInStackPage -->
  <system-out/>
  <testcase classname="dsAlgoTests.StackTest" name="verifyCodeImplementationPage" time="0.000">
    <skipped/>
  </testcase> <!-- verifyCodeImplementationPage -->
  <system-out/>
  <testcase classname="dsAlgoTests.StackTest" name="verifyCodeImplementationPage" time="0.000">
    <skipped/>
  </testcase> <!-- verifyCodeImplementationPage -->
  <system-out/>
  <testcase classname="dsAlgoTests.StackTest" name="verifyCodeOperationsInStackPage" time="0.000">
    <skipped/>
  </testcase> <!-- verifyCodeOperationsInStackPage -->
  <system-out/>
  <testcase classname="dsAlgoTests.StackTest" name="verifyCodeOperationsInStackPage" time="0.000">
    <skipped/>
  </testcase> <!-- verifyCodeOperationsInStackPage -->
  <system-out/>
  <testcase classname="dsAlgoTests.StackTest" name="verifyCodeOperationsInStackPage" time="0.000">
    <skipped/>
  </testcase> <!-- verifyCodeOperationsInStackPage -->
  <system-out/>
  <testcase classname="dsAlgoTests.StackTest" name="verifyCodeApplicationsPage" time="0.000">
    <skipped/>
  </testcase> <!-- verifyCodeApplicationsPage -->
  <system-out/>
  <testcase classname="dsAlgoTests.StackTest" name="verifyCodeImplementationPage" time="0.000">
    <skipped/>
  </testcase> <!-- verifyCodeImplementationPage -->
  <system-out/>
  <testcase classname="dsAlgoTests.StackTest" name="verifyCodeImplementationPage" time="0.000">
    <skipped/>
  </testcase> <!-- verifyCodeImplementationPage -->
  <system-out/>
  <testcase classname="dsAlgoTests.StackTest" name="verifyCodeApplicationsPage" time="0.000">
    <skipped/>
  </testcase> <!-- verifyCodeApplicationsPage -->
  <system-out/>
  <testcase classname="dsAlgoTests.StackTest" name="verifyCodeApplicationsPage" time="0.000">
    <skipped/>
  </testcase> <!-- verifyCodeApplicationsPage -->
  <system-out/>
  <testcase classname="dsAlgoTests.StackTest" name="verifyCodeOperationsInStackPage" time="0.000">
    <skipped/>
  </testcase> <!-- verifyCodeOperationsInStackPage -->
  <system-out/>
  <testcase classname="dsAlgoTests.StackTest" name="verifyCodeApplicationsPage" time="0.000">
    <skipped/>
  </testcase> <!-- verifyCodeApplicationsPage -->
  <system-out/>
  <testcase classname="dsAlgoTests.StackTest" name="verifyCodeOperationsInStackPage" time="0.000">
    <skipped/>
  </testcase> <!-- verifyCodeOperationsInStackPage -->
  <system-out/>
  <testcase classname="dsAlgoTests.StackTest" name="verifyCodeApplicationsPage" time="0.000">
    <skipped/>
  </testcase> <!-- verifyCodeApplicationsPage -->
  <system-out/>
  <testcase classname="dsAlgoTests.StackTest" name="verifyCodeImplementationPage" time="0.000">
    <skipped/>
  </testcase> <!-- verifyCodeImplementationPage -->
  <system-out/>
  <testcase classname="dsAlgoTests.StackTest" name="verifyCodeApplicationsPage" time="0.000">
    <skipped/>
  </testcase> <!-- verifyCodeApplicationsPage -->
  <system-out/>
  <testcase classname="dsAlgoTests.StackTest" name="verifyCodeOperationsInStackPage" time="0.000">
    <skipped/>
  </testcase> <!-- verifyCodeOperationsInStackPage -->
  <system-out/>
  <testcase classname="dsAlgoTests.StackTest" name="verifyCodeImplementationPage" time="0.000">
    <skipped/>
  </testcase> <!-- verifyCodeImplementationPage -->
  <system-out/>
  <testcase classname="dsAlgoTests.StackTest" name="verifyCodeOperationsInStackPage" time="0.000">
    <skipped/>
  </testcase> <!-- verifyCodeOperationsInStackPage -->
  <system-out/>
  <testcase classname="dsAlgoTests.StackTest" name="verifyCodeApplicationsPage" time="0.000">
    <skipped/>
  </testcase> <!-- verifyCodeApplicationsPage -->
  <system-out/>
  <testcase classname="dsAlgoTests.StackTest" name="verifyCodeImplementationPage" time="0.000">
    <skipped/>
  </testcase> <!-- verifyCodeImplementationPage -->
  <system-out/>
  <testcase classname="dsAlgoTests.StackTest" name="verifyCodeOperationsInStackPage" time="0.000">
    <skipped/>
  </testcase> <!-- verifyCodeOperationsInStackPage -->
  <system-out/>
  <testcase classname="dsAlgoTests.StackTest" name="verifyCodeImplementationPage" time="0.000">
    <skipped/>
  </testcase> <!-- verifyCodeImplementationPage -->
  <system-out/>
  <testcase classname="dsAlgoTests.StackTest" name="verifyCodeImplementationPage" time="0.000">
    <skipped/>
  </testcase> <!-- verifyCodeImplementationPage -->
  <system-out/>
  <testcase classname="dsAlgoTests.StackTest" name="verifyCodeOperationsInStackPage" time="0.000">
    <skipped/>
  </testcase> <!-- verifyCodeOperationsInStackPage -->
  <system-out/>
  <testcase classname="dsAlgoTests.StackTest" name="verifyCodeOperationsInStackPage" time="0.000">
    <skipped/>
  </testcase> <!-- verifyCodeOperationsInStackPage -->
  <system-out/>
  <testcase classname="dsAlgoTests.StackTest" name="verifyCodeApplicationsPage" time="0.000">
    <skipped/>
  </testcase> <!-- verifyCodeApplicationsPage -->
  <system-out/>
  <testcase classname="dsAlgoTests.StackTest" name="verifyCodeApplicationsPage" time="0.000">
    <skipped/>
  </testcase> <!-- verifyCodeApplicationsPage -->
  <system-out/>
  <testcase classname="dsAlgoTests.StackTest" name="verifyCodeApplicationsPage" time="0.000">
    <skipped/>
  </testcase> <!-- verifyCodeApplicationsPage -->
  <system-out/>
  <testcase classname="dsAlgoTests.StackTest" name="verifyCodeImplementationPage" time="0.000">
    <skipped/>
  </testcase> <!-- verifyCodeImplementationPage -->
  <system-out/>
  <testcase classname="dsAlgoTests.StackTest" name="verifyCodeApplicationsPage" time="0.000">
    <skipped/>
  </testcase> <!-- verifyCodeApplicationsPage -->
  <system-out/>
  <testcase classname="dsAlgoTests.StackTest" name="verifyCodeApplicationsPage" time="0.000">
    <skipped/>
  </testcase> <!-- verifyCodeApplicationsPage -->
  <system-out/>
  <testcase classname="dsAlgoTests.StackTest" name="verifyCodeOperationsInStackPage" time="0.000">
    <skipped/>
  </testcase> <!-- verifyCodeOperationsInStackPage -->
  <system-out/>
  <testcase classname="dsAlgoTests.StackTest" name="verifyCodeOperationsInStackPage" time="0.000">
    <skipped/>
  </testcase> <!-- verifyCodeOperationsInStackPage -->
  <system-out/>
  <testcase classname="dsAlgoTests.StackTest" name="verifyCodeOperationsInStackPage" time="0.000">
    <skipped/>
  </testcase> <!-- verifyCodeOperationsInStackPage -->
  <system-out/>
  <testcase classname="dsAlgoTests.StackTest" name="verifyCodeOperationsInStackPage" time="0.000">
    <skipped/>
  </testcase> <!-- verifyCodeOperationsInStackPage -->
  <system-out/>
  <testcase classname="dsAlgoTests.StackTest" name="verifyCodeApplicationsPage" time="0.000">
    <skipped/>
  </testcase> <!-- verifyCodeApplicationsPage -->
  <system-out/>
  <testcase classname="dsAlgoTests.StackTest" name="verifyCodeApplicationsPage" time="0.000">
    <skipped/>
  </testcase> <!-- verifyCodeApplicationsPage -->
  <system-out/>
  <testcase classname="dsAlgoTests.StackTest" name="verifyCodeApplicationsPage" time="0.000">
    <skipped/>
  </testcase> <!-- verifyCodeApplicationsPage -->
  <system-out/>
  <testcase classname="dsAlgoTests.StackTest" name="verifyCodeApplicationsPage" time="0.000">
    <skipped/>
  </testcase> <!-- verifyCodeApplicationsPage -->
  <system-out/>
  <testcase classname="dsAlgoTests.StackTest" name="verifyCodeImplementationPage" time="0.000">
    <skipped/>
  </testcase> <!-- verifyCodeImplementationPage -->
  <system-out/>
  <testcase classname="dsAlgoTests.StackTest" name="verifyCodeOperationsInStackPage" time="0.000">
    <skipped/>
  </testcase> <!-- verifyCodeOperationsInStackPage -->
  <system-out/>
  <testcase classname="dsAlgoTests.StackTest" name="verifyCodeOperationsInStackPage" time="0.000">
    <skipped/>
  </testcase> <!-- verifyCodeOperationsInStackPage -->
  <system-out/>
  <testcase classname="dsAlgoTests.StackTest" name="verifyCodeOperationsInStackPage" time="0.000">
    <skipped/>
  </testcase> <!-- verifyCodeOperationsInStackPage -->
  <system-out/>
  <testcase classname="dsAlgoTests.StackTest" name="verifyCodeImplementationPage" time="0.000">
    <skipped/>
  </testcase> <!-- verifyCodeImplementationPage -->
  <system-out/>
  <testcase classname="dsAlgoTests.StackTest" name="verifyCodeApplicationsPage" time="0.000">
    <skipped/>
  </testcase> <!-- verifyCodeApplicationsPage -->
  <system-out/>
  <testcase classname="dsAlgoTests.StackTest" name="verifyCodeApplicationsPage" time="0.000">
    <skipped/>
  </testcase> <!-- verifyCodeApplicationsPage -->
  <system-out/>
  <testcase classname="dsAlgoTests.StackTest" name="verifyCodeOperationsInStackPage" time="0.000">
    <skipped/>
  </testcase> <!-- verifyCodeOperationsInStackPage -->
  <system-out/>
  <testcase classname="dsAlgoTests.StackTest" name="verifyCodeApplicationsPage" time="0.000">
    <skipped/>
  </testcase> <!-- verifyCodeApplicationsPage -->
  <system-out/>
  <testcase classname="dsAlgoTests.StackTest" name="verifyCodeApplicationsPage" time="0.000">
    <skipped/>
  </testcase> <!-- verifyCodeApplicationsPage -->
  <system-out/>
  <testcase classname="dsAlgoTests.StackTest" name="verifyCodeApplicationsPage" time="0.000">
    <skipped/>
  </testcase> <!-- verifyCodeApplicationsPage -->
  <system-out/>
  <testcase classname="dsAlgoTests.StackTest" name="verifyCodeOperationsInStackPage" time="0.000">
    <skipped/>
  </testcase> <!-- verifyCodeOperationsInStackPage -->
  <system-out/>
  <testcase classname="dsAlgoTests.StackTest" name="verifyCodeOperationsInStackPage" time="0.000">
    <skipped/>
  </testcase> <!-- verifyCodeOperationsInStackPage -->
  <system-out/>
  <testcase classname="dsAlgoTests.StackTest" name="verifyCodeOperationsInStackPage" time="0.000">
    <skipped/>
  </testcase> <!-- verifyCodeOperationsInStackPage -->
  <system-out/>
  <testcase classname="dsAlgoTests.StackTest" name="verifyCodeImplementationPage" time="0.000">
    <skipped/>
  </testcase> <!-- verifyCodeImplementationPage -->
  <system-out/>
  <testcase classname="dsAlgoTests.StackTest" name="verifyCodeApplicationsPage" time="0.000">
    <skipped/>
  </testcase> <!-- verifyCodeApplicationsPage -->
  <system-out/>
  <testcase classname="dsAlgoTests.StackTest" name="verifyCodeImplementationPage" time="0.000">
    <skipped/>
  </testcase> <!-- verifyCodeImplementationPage -->
  <system-out/>
  <testcase classname="dsAlgoTests.StackTest" name="verifyCodeApplicationsPage" time="0.000">
    <skipped/>
  </testcase> <!-- verifyCodeApplicationsPage -->
  <system-out/>
  <testcase classname="dsAlgoTests.StackTest" name="verifyCodeOperationsInStackPage" time="0.000">
    <skipped/>
  </testcase> <!-- verifyCodeOperationsInStackPage -->
  <system-out/>
  <testcase classname="dsAlgoTests.StackTest" name="verifyCodeImplementationPage" time="0.000">
    <skipped/>
  </testcase> <!-- verifyCodeImplementationPage -->
  <system-out/>
  <testcase classname="dsAlgoTests.StackTest" name="verifyCodeOperationsInStackPage" time="0.000">
    <skipped/>
  </testcase> <!-- verifyCodeOperationsInStackPage -->
  <system-out/>
  <testcase classname="dsAlgoTests.StackTest" name="verifyCodeImplementationPage" time="0.000">
    <skipped/>
  </testcase> <!-- verifyCodeImplementationPage -->
  <system-out/>
  <testcase classname="dsAlgoTests.StackTest" name="verifyCodeImplementationPage" time="0.000">
    <skipped/>
  </testcase> <!-- verifyCodeImplementationPage -->
  <system-out/>
  <testcase classname="dsAlgoTests.StackTest" name="verifyCodeApplicationsPage" time="0.000">
    <skipped/>
  </testcase> <!-- verifyCodeApplicationsPage -->
  <system-out/>
  <testcase classname="dsAlgoTests.StackTest" name="verifyCodeOperationsInStackPage" time="0.000">
    <skipped/>
  </testcase> <!-- verifyCodeOperationsInStackPage -->
  <system-out/>
  <testcase classname="dsAlgoTests.StackTest" name="verifyCodeApplicationsPage" time="0.000">
    <skipped/>
  </testcase> <!-- verifyCodeApplicationsPage -->
  <system-out/>
  <testcase classname="dsAlgoTests.StackTest" name="verifyCodeOperationsInStackPage" time="0.000">
    <skipped/>
  </testcase> <!-- verifyCodeOperationsInStackPage -->
  <system-out/>
  <testcase classname="dsAlgoTests.StackTest" name="verifyCodeImplementationPage" time="0.000">
    <skipped/>
  </testcase> <!-- verifyCodeImplementationPage -->
  <system-out/>
  <testcase classname="dsAlgoTests.StackTest" name="verifyCodeOperationsInStackPage" time="0.000">
    <skipped/>
  </testcase> <!-- verifyCodeOperationsInStackPage -->
  <system-out/>
  <testcase classname="dsAlgoTests.StackTest" name="verifyCodeImplementationPage" time="0.000">
    <skipped/>
  </testcase> <!-- verifyCodeImplementationPage -->
  <system-out/>
  <testcase classname="dsAlgoTests.StackTest" name="verifyCodeImplementationPage" time="0.000">
    <skipped/>
  </testcase> <!-- verifyCodeImplementationPage -->
  <system-out/>
  <testcase classname="dsAlgoTests.StackTest" name="verifyCodeImplementationPage" time="0.000">
    <skipped/>
  </testcase> <!-- verifyCodeImplementationPage -->
  <system-out/>
  <testcase classname="dsAlgoTests.StackTest" name="verifyCodeImplementationPage" time="0.000">
    <skipped/>
  </testcase> <!-- verifyCodeImplementationPage -->
  <system-out/>
  <testcase classname="dsAlgoTests.StackTest" name="verifyCodeApplicationsPage" time="0.000">
    <skipped/>
  </testcase> <!-- verifyCodeApplicationsPage -->
  <system-out/>
  <testcase classname="dsAlgoTests.StackTest" name="verifyCodeApplicationsPage" time="0.000">
    <skipped/>
  </testcase> <!-- verifyCodeApplicationsPage -->
  <system-out/>
  <testcase classname="dsAlgoTests.StackTest" name="verifyCodeOperationsInStackPage" time="0.000">
    <skipped/>
  </testcase> <!-- verifyCodeOperationsInStackPage -->
  <system-out/>
  <testcase classname="dsAlgoTests.StackTest" name="verifyCodeApplicationsPage" time="0.000">
    <skipped/>
  </testcase> <!-- verifyCodeApplicationsPage -->
  <system-out/>
  <testcase classname="dsAlgoTests.StackTest" name="verifyCodeImplementationPage" time="0.000">
    <skipped/>
  </testcase> <!-- verifyCodeImplementationPage -->
  <system-out/>
  <testcase classname="dsAlgoTests.StackTest" name="verifyCodeApplicationsPage" time="0.000">
    <skipped/>
  </testcase> <!-- verifyCodeApplicationsPage -->
  <system-out/>
  <testcase classname="dsAlgoTests.StackTest" name="verifyCodeImplementationPage" time="0.000">
    <skipped/>
  </testcase> <!-- verifyCodeImplementationPage -->
  <system-out/>
  <testcase classname="dsAlgoTests.StackTest" name="verifyCodeOperationsInStackPage" time="0.000">
    <skipped/>
  </testcase> <!-- verifyCodeOperationsInStackPage -->
  <system-out/>
  <testcase classname="dsAlgoTests.StackTest" name="verifyCodeImplementationPage" time="0.000">
    <skipped/>
  </testcase> <!-- verifyCodeImplementationPage -->
  <system-out/>
  <testcase classname="dsAlgoTests.StackTest" name="verifyCodeOperationsInStackPage" time="0.000">
    <skipped/>
  </testcase> <!-- verifyCodeOperationsInStackPage -->
  <system-out/>
  <testcase classname="dsAlgoTests.StackTest" name="verifyCodeImplementationPage" time="0.000">
    <skipped/>
  </testcase> <!-- verifyCodeImplementationPage -->
  <system-out/>
  <testcase classname="dsAlgoTests.StackTest" name="verifyCodeApplicationsPage" time="0.000">
    <skipped/>
  </testcase> <!-- verifyCodeApplicationsPage -->
  <system-out/>
  <testcase classname="dsAlgoTests.StackTest" name="verifyCodeApplicationsPage" time="0.000">
    <skipped/>
  </testcase> <!-- verifyCodeApplicationsPage -->
  <system-out/>
  <testcase classname="dsAlgoTests.StackTest" name="verifyCodeOperationsInStackPage" time="0.000">
    <skipped/>
  </testcase> <!-- verifyCodeOperationsInStackPage -->
  <system-out/>
  <testcase classname="dsAlgoTests.StackTest" name="verifyCodeApplicationsPage" time="0.000">
    <skipped/>
  </testcase> <!-- verifyCodeApplicationsPage -->
  <system-out/>
  <testcase classname="dsAlgoTests.StackTest" name="verifyCodeImplementationPage" time="0.000">
    <skipped/>
  </testcase> <!-- verifyCodeImplementationPage -->
  <system-out/>
  <testcase classname="dsAlgoTests.StackTest" name="verifyCodeImplementationPage" time="0.000">
    <skipped/>
  </testcase> <!-- verifyCodeImplementationPage -->
  <system-out/>
  <testcase classname="dsAlgoTests.StackTest" name="verifyCodeImplementationPage" time="0.000">
    <skipped/>
  </testcase> <!-- verifyCodeImplementationPage -->
  <system-out/>
  <testcase classname="dsAlgoTests.StackTest" name="verifyCodeImplementationPage" time="0.000">
    <skipped/>
  </testcase> <!-- verifyCodeImplementationPage -->
  <system-out/>
  <testcase classname="dsAlgoTests.StackTest" name="verifyCodeImplementationPage" time="0.000">
    <skipped/>
  </testcase> <!-- verifyCodeImplementationPage -->
  <system-out/>
  <testcase classname="dsAlgoTests.StackTest" name="verifyCodeOperationsInStackPage" time="0.000">
    <skipped/>
  </testcase> <!-- verifyCodeOperationsInStackPage -->
  <system-out/>
  <testcase classname="dsAlgoTests.StackTest" name="verifyCodeOperationsInStackPage" time="0.000">
    <skipped/>
  </testcase> <!-- verifyCodeOperationsInStackPage -->
  <system-out/>
  <testcase classname="dsAlgoTests.StackTest" name="verifyCodeApplicationsPage" time="0.000">
    <skipped/>
  </testcase> <!-- verifyCodeApplicationsPage -->
  <system-out/>
  <testcase classname="dsAlgoTests.StackTest" name="verifyCodeOperationsInStackPage" time="0.000">
    <skipped/>
  </testcase> <!-- verifyCodeOperationsInStackPage -->
  <system-out/>
  <testcase classname="dsAlgoTests.StackTest" name="verifyCodeOperationsInStackPage" time="0.000">
    <skipped/>
  </testcase> <!-- verifyCodeOperationsInStackPage -->
  <system-out/>
  <testcase classname="dsAlgoTests.StackTest" name="verifyCodeApplicationsPage" time="0.000">
    <skipped/>
  </testcase> <!-- verifyCodeApplicationsPage -->
  <system-out/>
  <testcase classname="dsAlgoTests.StackTest" name="verifyCodeApplicationsPage" time="0.000">
    <skipped/>
  </testcase> <!-- verifyCodeApplicationsPage -->
  <system-out/>
  <testcase classname="dsAlgoTests.StackTest" name="verifyCodeOperationsInStackPage" time="0.000">
    <skipped/>
  </testcase> <!-- verifyCodeOperationsInStackPage -->
  <system-out/>
  <testcase classname="dsAlgoTests.StackTest" name="verifyCodeApplicationsPage" time="0.000">
    <skipped/>
  </testcase> <!-- verifyCodeApplicationsPage -->
  <system-out/>
  <testcase classname="dsAlgoTests.StackTest" name="verifyCodeApplicationsPage" time="0.000">
    <skipped/>
  </testcase> <!-- verifyCodeApplicationsPage -->
  <system-out/>
  <testcase classname="dsAlgoTests.StackTest" name="verifyCodeApplicationsPage" time="0.000">
    <skipped/>
  </testcase> <!-- verifyCodeApplicationsPage -->
  <system-out/>
  <testcase classname="dsAlgoTests.StackTest" name="verifyCodeImplementationPage" time="0.000">
    <skipped/>
  </testcase> <!-- verifyCodeImplementationPage -->
  <system-out/>
  <testcase classname="dsAlgoTests.StackTest" name="verifyCodeOperationsInStackPage" time="0.000">
    <skipped/>
  </testcase> <!-- verifyCodeOperationsInStackPage -->
  <system-out/>
  <testcase classname="dsAlgoTests.StackTest" name="verifyCodeOperationsInStackPage" time="0.000">
    <skipped/>
  </testcase> <!-- verifyCodeOperationsInStackPage -->
  <system-out/>
  <testcase classname="dsAlgoTests.StackTest" name="verifyCodeImplementationPage" time="0.000">
    <skipped/>
  </testcase> <!-- verifyCodeImplementationPage -->
  <system-out/>
  <testcase classname="dsAlgoTests.StackTest" name="verifyCodeOperationsInStackPage" time="0.000">
    <skipped/>
  </testcase> <!-- verifyCodeOperationsInStackPage -->
  <system-out/>
  <testcase classname="dsAlgoTests.StackTest" name="verifyCodeOperationsInStackPage" time="0.000">
    <skipped/>
  </testcase> <!-- verifyCodeOperationsInStackPage -->
  <system-out/>
  <testcase classname="dsAlgoTests.StackTest" name="verifyCodeOperationsInStackPage" time="0.000">
    <skipped/>
  </testcase> <!-- verifyCodeOperationsInStackPage -->
  <system-out/>
  <testcase classname="dsAlgoTests.StackTest" name="verifyCodeOperationsInStackPage" time="0.000">
    <skipped/>
  </testcase> <!-- verifyCodeOperationsInStackPage -->
  <system-out/>
  <testcase classname="dsAlgoTests.StackTest" name="verifyCodeOperationsInStackPage" time="0.000">
    <skipped/>
  </testcase> <!-- verifyCodeOperationsInStackPage -->
  <system-out/>
  <testcase classname="dsAlgoTests.StackTest" name="verifyCodeOperationsInStackPage" time="0.000">
    <skipped/>
  </testcase> <!-- verifyCodeOperationsInStackPage -->
  <system-out/>
  <testcase classname="dsAlgoTests.StackTest" name="verifyCodeApplicationsPage" time="0.000">
    <skipped/>
  </testcase> <!-- verifyCodeApplicationsPage -->
  <system-out/>
  <testcase classname="dsAlgoTests.StackTest" name="verifyCodeImplementationPage" time="0.000">
    <skipped/>
  </testcase> <!-- verifyCodeImplementationPage -->
  <system-out/>
  <testcase classname="dsAlgoTests.StackTest" name="verifyCodeImplementationPage" time="0.000">
    <skipped/>
  </testcase> <!-- verifyCodeImplementationPage -->
  <system-out/>
  <testcase classname="dsAlgoTests.StackTest" name="verifyCodeOperationsInStackPage" time="0.000">
    <skipped/>
  </testcase> <!-- verifyCodeOperationsInStackPage -->
  <system-out/>
  <testcase classname="dsAlgoTests.StackTest" name="verifyCodeImplementationPage" time="0.000">
    <skipped/>
  </testcase> <!-- verifyCodeImplementationPage -->
  <system-out/>
  <testcase classname="dsAlgoTests.StackTest" name="verifyCodeApplicationsPage" time="0.000">
    <skipped/>
  </testcase> <!-- verifyCodeApplicationsPage -->
  <system-out/>
  <testcase classname="dsAlgoTests.StackTest" name="verifyCodeOperationsInStackPage" time="0.000">
    <skipped/>
  </testcase> <!-- verifyCodeOperationsInStackPage -->
  <system-out/>
  <testcase classname="dsAlgoTests.StackTest" name="verifyCodeOperationsInStackPage" time="0.000">
    <skipped/>
  </testcase> <!-- verifyCodeOperationsInStackPage -->
  <system-out/>
  <testcase classname="dsAlgoTests.StackTest" name="verifyCodeApplicationsPage" time="0.000">
    <skipped/>
  </testcase> <!-- verifyCodeApplicationsPage -->
  <system-out/>
  <testcase classname="dsAlgoTests.StackTest" name="verifyCodeOperationsInStackPage" time="0.000">
    <skipped/>
  </testcase> <!-- verifyCodeOperationsInStackPage -->
  <system-out/>
  <testcase classname="dsAlgoTests.StackTest" name="verifyCodeImplementationPage" time="0.000">
    <skipped/>
  </testcase> <!-- verifyCodeImplementationPage -->
  <system-out/>
  <testcase classname="dsAlgoTests.StackTest" name="verifyCodeImplementationPage" time="0.000">
    <skipped/>
  </testcase> <!-- verifyCodeImplementationPage -->
  <system-out/>
  <testcase classname="dsAlgoTests.StackTest" name="verifyCodeOperationsInStackPage" time="0.000">
    <skipped/>
  </testcase> <!-- verifyCodeOperationsInStackPage -->
  <system-out/>
  <testcase classname="dsAlgoTests.StackTest" name="verifyCodeApplicationsPage" time="0.000">
    <skipped/>
  </testcase> <!-- verifyCodeApplicationsPage -->
  <system-out/>
  <testcase classname="dsAlgoTests.StackTest" name="verifyCodeOperationsInStackPage" time="0.000">
    <skipped/>
  </testcase> <!-- verifyCodeOperationsInStackPage -->
  <system-out/>
  <testcase classname="dsAlgoTests.StackTest" name="verifyCodeOperationsInStackPage" time="0.000">
    <skipped/>
  </testcase> <!-- verifyCodeOperationsInStackPage -->
  <system-out/>
  <testcase classname="dsAlgoTests.StackTest" name="verifyCodeApplicationsPage" time="0.000">
    <skipped/>
  </testcase> <!-- verifyCodeApplicationsPage -->
  <system-out/>
  <testcase classname="dsAlgoTests.StackTest" name="verifyCodeImplementationPage" time="0.000">
    <skipped/>
  </testcase> <!-- verifyCodeImplementationPage -->
  <system-out/>
  <testcase classname="dsAlgoTests.StackTest" name="verifyCodeApplicationsPage" time="0.000">
    <skipped/>
  </testcase> <!-- verifyCodeApplicationsPage -->
  <system-out/>
  <testcase classname="dsAlgoTests.StackTest" name="verifyCodeImplementationPage" time="0.000">
    <skipped/>
  </testcase> <!-- verifyCodeImplementationPage -->
  <system-out/>
  <testcase classname="dsAlgoTests.StackTest" name="verifyCodeImplementationPage" time="0.000">
    <skipped/>
  </testcase> <!-- verifyCodeImplementationPage -->
  <system-out/>
  <testcase classname="dsAlgoTests.StackTest" name="verifyCodeImplementationPage" time="0.000">
    <skipped/>
  </testcase> <!-- verifyCodeImplementationPage -->
  <system-out/>
  <testcase classname="dsAlgoTests.StackTest" name="verifyCodeApplicationsPage" time="0.000">
    <skipped/>
  </testcase> <!-- verifyCodeApplicationsPage -->
  <system-out/>
  <testcase classname="dsAlgoTests.StackTest" name="verifyCodeOperationsInStackPage" time="0.000">
    <skipped/>
  </testcase> <!-- verifyCodeOperationsInStackPage -->
  <system-out/>
  <testcase classname="dsAlgoTests.StackTest" name="verifyCodeApplicationsPage" time="0.000">
    <skipped/>
  </testcase> <!-- verifyCodeApplicationsPage -->
  <system-out/>
  <testcase classname="dsAlgoTests.StackTest" name="verifyCodeOperationsInStackPage" time="0.000">
    <skipped/>
  </testcase> <!-- verifyCodeOperationsInStackPage -->
  <system-out/>
  <testcase classname="dsAlgoTests.StackTest" name="verifyCodeImplementationPage" time="0.000">
    <skipped/>
  </testcase> <!-- verifyCodeImplementationPage -->
  <system-out/>
  <testcase classname="dsAlgoTests.StackTest" name="verifyCodeOperationsInStackPage" time="0.000">
    <skipped/>
  </testcase> <!-- verifyCodeOperationsInStackPage -->
  <system-out/>
  <testcase classname="dsAlgoTests.StackTest" name="verifyCodeImplementationPage" time="0.000">
    <skipped/>
  </testcase> <!-- verifyCodeImplementationPage -->
  <system-out/>
  <testcase classname="dsAlgoTests.StackTest" name="verifyCodeOperationsInStackPage" time="0.000">
    <skipped/>
  </testcase> <!-- verifyCodeOperationsInStackPage -->
  <system-out/>
  <testcase classname="dsAlgoTests.StackTest" name="verifyCodeImplementationPage" time="0.000">
    <skipped/>
  </testcase> <!-- verifyCodeImplementationPage -->
  <system-out/>
  <testcase classname="dsAlgoTests.StackTest" name="verifyCodeApplicationsPage" time="0.000">
    <skipped/>
  </testcase> <!-- verifyCodeApplicationsPage -->
  <system-out/>
  <testcase classname="dsAlgoTests.StackTest" name="verifyCodeApplicationsPage" time="0.000">
    <skipped/>
  </testcase> <!-- verifyCodeApplicationsPage -->
  <system-out/>
  <testcase classname="dsAlgoTests.StackTest" name="verifyCodeImplementationPage" time="0.000">
    <skipped/>
  </testcase> <!-- verifyCodeImplementationPage -->
  <system-out/>
  <testcase classname="dsAlgoTests.StackTest" name="verifyCodeImplementationPage" time="0.000">
    <skipped/>
  </testcase> <!-- verifyCodeImplementationPage -->
  <system-out/>
  <testcase classname="dsAlgoTests.StackTest" name="verifyCodeOperationsInStackPage" time="0.000">
    <skipped/>
  </testcase> <!-- verifyCodeOperationsInStackPage -->
  <system-out/>
  <testcase classname="dsAlgoTests.StackTest" name="verifyCodeImplementationPage" time="0.000">
    <skipped/>
  </testcase> <!-- verifyCodeImplementationPage -->
  <system-out/>
  <testcase classname="dsAlgoTests.StackTest" name="verifyCodeImplementationPage" time="0.000">
    <skipped/>
  </testcase> <!-- verifyCodeImplementationPage -->
  <system-out/>
  <testcase classname="dsAlgoTests.StackTest" name="verifyCodeApplicationsPage" time="0.000">
    <skipped/>
  </testcase> <!-- verifyCodeApplicationsPage -->
  <system-out/>
  <testcase classname="dsAlgoTests.StackTest" name="verifyCodeOperationsInStackPage" time="0.000">
    <skipped/>
  </testcase> <!-- verifyCodeOperationsInStackPage -->
  <system-out/>
  <testcase classname="dsAlgoTests.StackTest" name="verifyCodeOperationsInStackPage" time="0.000">
    <skipped/>
  </testcase> <!-- verifyCodeOperationsInStackPage -->
  <system-out/>
  <testcase classname="dsAlgoTests.StackTest" name="verifyCodeImplementationPage" time="0.000">
    <skipped/>
  </testcase> <!-- verifyCodeImplementationPage -->
  <system-out/>
  <testcase classname="dsAlgoTests.StackTest" name="verifyCodeOperationsInStackPage" time="0.000">
    <skipped/>
  </testcase> <!-- verifyCodeOperationsInStackPage -->
  <system-out/>
  <testcase classname="dsAlgoTests.StackTest" name="verifyCodeOperationsInStackPage" time="0.000">
    <skipped/>
  </testcase> <!-- verifyCodeOperationsInStackPage -->
  <system-out/>
  <testcase classname="dsAlgoTests.StackTest" name="verifyCodeApplicationsPage" time="0.000">
    <skipped/>
  </testcase> <!-- verifyCodeApplicationsPage -->
  <system-out/>
  <testcase classname="dsAlgoTests.StackTest" name="verifyCodeImplementationPage" time="0.000">
    <skipped/>
  </testcase> <!-- verifyCodeImplementationPage -->
  <system-out/>
  <testcase classname="dsAlgoTests.StackTest" name="verifyCodeApplicationsPage" time="0.000">
    <skipped/>
  </testcase> <!-- verifyCodeApplicationsPage -->
  <system-out/>
  <testcase classname="dsAlgoTests.StackTest" name="verifyCodeApplicationsPage" time="0.000">
    <skipped/>
  </testcase> <!-- verifyCodeApplicationsPage -->
  <system-out/>
  <testcase classname="dsAlgoTests.StackTest" name="verifyCodeApplicationsPage" time="0.000">
    <skipped/>
  </testcase> <!-- verifyCodeApplicationsPage -->
  <system-out/>
  <testcase classname="dsAlgoTests.StackTest" name="verifyCodeApplicationsPage" time="0.000">
    <skipped/>
  </testcase> <!-- verifyCodeApplicationsPage -->
  <system-out/>
  <testcase classname="dsAlgoTests.StackTest" name="verifyCodeApplicationsPage" time="0.000">
    <skipped/>
  </testcase> <!-- verifyCodeApplicationsPage -->
  <system-out/>
  <testcase classname="dsAlgoTests.StackTest" name="verifyCodeOperationsInStackPage" time="0.000">
    <skipped/>
  </testcase> <!-- verifyCodeOperationsInStackPage -->
  <system-out/>
  <testcase classname="dsAlgoTests.StackTest" name="verifyCodeOperationsInStackPage" time="0.000">
    <skipped/>
  </testcase> <!-- verifyCodeOperationsInStackPage -->
  <system-out/>
  <testcase classname="dsAlgoTests.StackTest" name="verifyCodeOperationsInStackPage" time="0.000">
    <skipped/>
  </testcase> <!-- verifyCodeOperationsInStackPage -->
  <system-out/>
  <testcase classname="dsAlgoTests.StackTest" name="verifyCodeApplicationsPage" time="0.000">
    <skipped/>
  </testcase> <!-- verifyCodeApplicationsPage -->
  <system-out/>
  <testcase classname="dsAlgoTests.StackTest" name="verifyCodeImplementationPage" time="0.000">
    <skipped/>
  </testcase> <!-- verifyCodeImplementationPage -->
  <system-out/>
  <testcase classname="dsAlgoTests.StackTest" name="verifyCodeOperationsInStackPage" time="0.000">
    <skipped/>
  </testcase> <!-- verifyCodeOperationsInStackPage -->
  <system-out/>
  <testcase classname="dsAlgoTests.StackTest" name="verifyCodeImplementationPage" time="0.000">
    <skipped/>
  </testcase> <!-- verifyCodeImplementationPage -->
  <system-out/>
  <testcase classname="dsAlgoTests.StackTest" name="verifyCodeOperationsInStackPage" time="0.000">
    <skipped/>
  </testcase> <!-- verifyCodeOperationsInStackPage -->
  <system-out/>
  <testcase classname="dsAlgoTests.StackTest" name="verifyCodeOperationsInStackPage" time="0.000">
    <skipped/>
  </testcase> <!-- verifyCodeOperationsInStackPage -->
  <system-out/>
  <testcase classname="dsAlgoTests.StackTest" name="verifyCodeApplicationsPage" time="0.000">
    <skipped/>
  </testcase> <!-- verifyCodeApplicationsPage -->
  <system-out/>
  <testcase classname="dsAlgoTests.StackTest" name="verifyCodeImplementationPage" time="0.000">
    <skipped/>
  </testcase> <!-- verifyCodeImplementationPage -->
  <system-out/>
  <testcase classname="dsAlgoTests.StackTest" name="verifyCodeImplementationPage" time="0.000">
    <skipped/>
  </testcase> <!-- verifyCodeImplementationPage -->
  <system-out/>
  <testcase classname="dsAlgoTests.StackTest" name="verifyCodeOperationsInStackPage" time="0.000">
    <skipped/>
  </testcase> <!-- verifyCodeOperationsInStackPage -->
  <system-out/>
  <testcase classname="dsAlgoTests.StackTest" name="verifyCodeApplicationsPage" time="0.000">
    <skipped/>
  </testcase> <!-- verifyCodeApplicationsPage -->
  <system-out/>
  <testcase classname="dsAlgoTests.StackTest" name="verifyCodeImplementationPage" time="0.000">
    <skipped/>
  </testcase> <!-- verifyCodeImplementationPage -->
  <system-out/>
  <testcase classname="dsAlgoTests.StackTest" name="verifyCodeOperationsInStackPage" time="0.000">
    <skipped/>
  </testcase> <!-- verifyCodeOperationsInStackPage -->
  <system-out/>
  <testcase classname="dsAlgoTests.StackTest" name="verifyCodeApplicationsPage" time="0.000">
    <skipped/>
  </testcase> <!-- verifyCodeApplicationsPage -->
  <system-out/>
  <testcase classname="dsAlgoTests.StackTest" name="verifyCodeOperationsInStackPage" time="0.000">
    <skipped/>
  </testcase> <!-- verifyCodeOperationsInStackPage -->
  <system-out/>
  <testcase classname="dsAlgoTests.StackTest" name="verifyCodeOperationsInStackPage" time="0.000">
    <skipped/>
  </testcase> <!-- verifyCodeOperationsInStackPage -->
  <system-out/>
  <testcase classname="dsAlgoTests.StackTest" name="verifyCodeApplicationsPage" time="0.000">
    <skipped/>
  </testcase> <!-- verifyCodeApplicationsPage -->
  <system-out/>
  <testcase classname="dsAlgoTests.StackTest" name="verifyCodeOperationsInStackPage" time="0.000">
    <skipped/>
  </testcase> <!-- verifyCodeOperationsInStackPage -->
  <system-out/>
  <testcase classname="dsAlgoTests.StackTest" name="verifyCodeImplementationPage" time="0.000">
    <skipped/>
  </testcase> <!-- verifyCodeImplementationPage -->
  <system-out/>
  <testcase classname="dsAlgoTests.StackTest" name="verifyCodeImplementationPage" time="0.000">
    <skipped/>
  </testcase> <!-- verifyCodeImplementationPage -->
  <system-out/>
  <testcase classname="dsAlgoTests.StackTest" name="verifyCodeImplementationPage" time="0.000">
    <skipped/>
  </testcase> <!-- verifyCodeImplementationPage -->
  <system-out/>
  <testcase classname="dsAlgoTests.StackTest" name="verifyCodeApplicationsPage" time="0.000">
    <skipped/>
  </testcase> <!-- verifyCodeApplicationsPage -->
  <system-out/>
  <testcase classname="dsAlgoTests.StackTest" name="verifyCodeOperationsInStackPage" time="0.000">
    <skipped/>
  </testcase> <!-- verifyCodeOperationsInStackPage -->
  <system-out/>
  <testcase classname="dsAlgoTests.StackTest" name="verifyCodeImplementationPage" time="0.000">
    <skipped/>
  </testcase> <!-- verifyCodeImplementationPage -->
  <system-out/>
  <testcase classname="dsAlgoTests.StackTest" name="verifyCodeOperationsInStackPage" time="0.000">
    <skipped/>
  </testcase> <!-- verifyCodeOperationsInStackPage -->
  <system-out/>
  <testcase classname="dsAlgoTests.StackTest" name="verifyCodeImplementationPage" time="0.000">
    <skipped/>
  </testcase> <!-- verifyCodeImplementationPage -->
  <system-out/>
  <testcase classname="dsAlgoTests.StackTest" name="verifyCodeOperationsInStackPage" time="0.000">
    <skipped/>
  </testcase> <!-- verifyCodeOperationsInStackPage -->
  <system-out/>
  <testcase classname="dsAlgoTests.StackTest" name="navigateToApplicationsPracticeQuestions" time="0.000">
    <skipped/>
  </testcase> <!-- navigateToApplicationsPracticeQuestions -->
  <system-out/>
  <testcase classname="dsAlgoTests.StackTest" name="verifyCodeImplementationPage" time="0.000">
    <skipped/>
  </testcase> <!-- verifyCodeImplementationPage -->
  <system-out/>
  <testcase classname="dsAlgoTests.StackTest" name="verifyCodeImplementationPage" time="0.000">
    <skipped/>
  </testcase> <!-- verifyCodeImplementationPage -->
  <system-out/>
  <testcase classname="dsAlgoTests.StackTest" name="verifyCodeOperationsInStackPage" time="0.000">
    <skipped/>
  </testcase> <!-- verifyCodeOperationsInStackPage -->
  <system-out/>
  <testcase classname="dsAlgoTests.StackTest" name="verifyCodeApplicationsPage" time="0.000">
    <skipped/>
  </testcase> <!-- verifyCodeApplicationsPage -->
  <system-out/>
  <testcase classname="dsAlgoTests.StackTest" name="verifyCodeImplementationPage" time="0.000">
    <skipped/>
  </testcase> <!-- verifyCodeImplementationPage -->
  <system-out/>
  <testcase classname="dsAlgoTests.StackTest" name="verifyCodeOperationsInStackPage" time="0.000">
    <skipped/>
  </testcase> <!-- verifyCodeOperationsInStackPage -->
  <system-out/>
  <testcase classname="dsAlgoTests.StackTest" name="verifyCodeOperationsInStackPage" time="0.000">
    <skipped/>
  </testcase> <!-- verifyCodeOperationsInStackPage -->
  <system-out/>
  <testcase classname="dsAlgoTests.StackTest" name="verifyCodeImplementationPage" time="0.000">
    <skipped/>
  </testcase> <!-- verifyCodeImplementationPage -->
  <system-out/>
  <testcase classname="dsAlgoTests.StackTest" name="verifyCodeApplicationsPage" time="0.000">
    <skipped/>
  </testcase> <!-- verifyCodeApplicationsPage -->
  <system-out/>
  <testcase classname="dsAlgoTests.StackTest" name="verifyCodeOperationsInStackPage" time="0.000">
    <skipped/>
  </testcase> <!-- verifyCodeOperationsInStackPage -->
  <system-out/>
  <testcase classname="dsAlgoTests.StackTest" name="verifyCodeApplicationsPage" time="0.000">
    <skipped/>
  </testcase> <!-- verifyCodeApplicationsPage -->
  <system-out/>
  <testcase classname="dsAlgoTests.StackTest" name="verifyCodeImplementationPage" time="0.000">
    <skipped/>
  </testcase> <!-- verifyCodeImplementationPage -->
  <system-out/>
  <testcase classname="dsAlgoTests.StackTest" name="verifyCodeApplicationsPage" time="0.000">
    <skipped/>
  </testcase> <!-- verifyCodeApplicationsPage -->
  <system-out/>
  <testcase classname="dsAlgoTests.StackTest" name="verifyCodeApplicationsPage" time="0.000">
    <skipped/>
  </testcase> <!-- verifyCodeApplicationsPage -->
  <system-out/>
  <testcase classname="dsAlgoTests.StackTest" name="verifyCodeImplementationPage" time="0.000">
    <skipped/>
  </testcase> <!-- verifyCodeImplementationPage -->
  <system-out/>
  <testcase classname="dsAlgoTests.StackTest" name="verifyCodeImplementationPage" time="0.000">
    <skipped/>
  </testcase> <!-- verifyCodeImplementationPage -->
  <system-out/>
  <testcase classname="dsAlgoTests.StackTest" name="verifyCodeOperationsInStackPage" time="0.000">
    <skipped/>
  </testcase> <!-- verifyCodeOperationsInStackPage -->
  <system-out/>
  <testcase classname="dsAlgoTests.StackTest" name="verifyCodeImplementationPage" time="0.000">
    <skipped/>
  </testcase> <!-- verifyCodeImplementationPage -->
  <system-out/>
  <testcase classname="dsAlgoTests.StackTest" name="verifyCodeImplementationPage" time="0.000">
    <skipped/>
  </testcase> <!-- verifyCodeImplementationPage -->
  <system-out/>
  <testcase classname="dsAlgoTests.StackTest" name="verifyCodeImplementationPage" time="0.000">
    <skipped/>
  </testcase> <!-- verifyCodeImplementationPage -->
  <system-out/>
  <testcase classname="dsAlgoTests.StackTest" name="verifyCodeImplementationPage" time="0.000">
    <skipped/>
  </testcase> <!-- verifyCodeImplementationPage -->
  <system-out/>
  <testcase classname="dsAlgoTests.StackTest" name="verifyCodeImplementationPage" time="0.000">
    <skipped/>
  </testcase> <!-- verifyCodeImplementationPage -->
  <system-out/>
  <testcase classname="dsAlgoTests.StackTest" name="verifyCodeApplicationsPage" time="0.000">
    <skipped/>
  </testcase> <!-- verifyCodeApplicationsPage -->
  <system-out/>
  <testcase classname="dsAlgoTests.StackTest" name="verifyCodeOperationsInStackPage" time="0.000">
    <skipped/>
  </testcase> <!-- verifyCodeOperationsInStackPage -->
  <system-out/>
  <testcase classname="dsAlgoTests.StackTest" name="verifyCodeOperationsInStackPage" time="0.000">
    <skipped/>
  </testcase> <!-- verifyCodeOperationsInStackPage -->
  <system-out/>
  <testcase classname="dsAlgoTests.StackTest" name="verifyCodeApplicationsPage" time="0.000">
    <skipped/>
  </testcase> <!-- verifyCodeApplicationsPage -->
  <system-out/>
  <testcase classname="dsAlgoTests.StackTest" name="verifyCodeOperationsInStackPage" time="0.000">
    <skipped/>
  </testcase> <!-- verifyCodeOperationsInStackPage -->
  <system-out/>
  <testcase classname="dsAlgoTests.StackTest" name="verifyCodeImplementationPage" time="0.000">
    <skipped/>
  </testcase> <!-- verifyCodeImplementationPage -->
  <system-out/>
  <testcase classname="dsAlgoTests.StackTest" name="verifyCodeApplicationsPage" time="0.000">
    <skipped/>
  </testcase> <!-- verifyCodeApplicationsPage -->
  <system-out/>
  <testcase classname="dsAlgoTests.StackTest" name="verifyCodeOperationsInStackPage" time="0.000">
    <skipped/>
  </testcase> <!-- verifyCodeOperationsInStackPage -->
  <system-out/>
  <testcase classname="dsAlgoTests.StackTest" name="verifyCodeImplementationPage" time="0.000">
    <skipped/>
  </testcase> <!-- verifyCodeImplementationPage -->
  <system-out/>
  <testcase classname="dsAlgoTests.StackTest" name="verifyCodeApplicationsPage" time="0.000">
    <skipped/>
  </testcase> <!-- verifyCodeApplicationsPage -->
  <system-out/>
  <testcase classname="dsAlgoTests.StackTest" name="verifyCodeApplicationsPage" time="0.000">
    <skipped/>
  </testcase> <!-- verifyCodeApplicationsPage -->
  <system-out/>
  <testcase classname="dsAlgoTests.StackTest" name="verifyCodeOperationsInStackPage" time="0.000">
    <skipped/>
  </testcase> <!-- verifyCodeOperationsInStackPage -->
  <system-out/>
  <testcase classname="dsAlgoTests.StackTest" name="verifyCodeOperationsInStackPage" time="0.000">
    <skipped/>
  </testcase> <!-- verifyCodeOperationsInStackPage -->
  <system-out/>
  <testcase classname="dsAlgoTests.StackTest" name="verifyCodeImplementationPage" time="0.000">
    <skipped/>
  </testcase> <!-- verifyCodeImplementationPage -->
  <system-out/>
  <testcase classname="dsAlgoTests.StackTest" name="verifyCodeApplicationsPage" time="0.000">
    <skipped/>
  </testcase> <!-- verifyCodeApplicationsPage -->
  <system-out/>
  <testcase classname="dsAlgoTests.StackTest" name="verifyCodeOperationsInStackPage" time="0.000">
    <skipped/>
  </testcase> <!-- verifyCodeOperationsInStackPage -->
  <system-out/>
  <testcase classname="dsAlgoTests.StackTest" name="verifyCodeImplementationPage" time="0.000">
    <skipped/>
  </testcase> <!-- verifyCodeImplementationPage -->
  <system-out/>
  <testcase classname="dsAlgoTests.StackTest" name="verifyCodeImplementationPage" time="0.000">
    <skipped/>
  </testcase> <!-- verifyCodeImplementationPage -->
  <system-out/>
  <testcase classname="dsAlgoTests.StackTest" name="verifyCodeOperationsInStackPage" time="0.000">
    <skipped/>
  </testcase> <!-- verifyCodeOperationsInStackPage -->
  <system-out/>
  <testcase classname="dsAlgoTests.StackTest" name="verifyCodeOperationsInStackPage" time="0.000">
    <skipped/>
  </testcase> <!-- verifyCodeOperationsInStackPage -->
  <system-out/>
  <testcase classname="dsAlgoTests.StackTest" name="verifyCodeImplementationPage" time="0.000">
    <skipped/>
  </testcase> <!-- verifyCodeImplementationPage -->
  <system-out/>
  <testcase classname="dsAlgoTests.StackTest" name="verifyCodeApplicationsPage" time="0.000">
    <skipped/>
  </testcase> <!-- verifyCodeApplicationsPage -->
  <system-out/>
  <testcase classname="dsAlgoTests.StackTest" name="verifyCodeImplementationPage" time="0.000">
    <skipped/>
  </testcase> <!-- verifyCodeImplementationPage -->
  <system-out/>
  <testcase classname="dsAlgoTests.StackTest" name="verifyCodeOperationsInStackPage" time="0.000">
    <skipped/>
  </testcase> <!-- verifyCodeOperationsInStackPage -->
  <system-out/>
  <testcase classname="dsAlgoTests.StackTest" name="verifyCodeApplicationsPage" time="0.000">
    <skipped/>
  </testcase> <!-- verifyCodeApplicationsPage -->
  <system-out/>
  <testcase classname="dsAlgoTests.StackTest" name="verifyCodeApplicationsPage" time="0.000">
    <skipped/>
  </testcase> <!-- verifyCodeApplicationsPage -->
  <system-out/>
  <testcase classname="dsAlgoTests.StackTest" name="verifyCodeImplementationPage" time="0.000">
    <skipped/>
  </testcase> <!-- verifyCodeImplementationPage -->
  <system-out/>
  <testcase classname="dsAlgoTests.StackTest" name="verifyCodeOperationsInStackPage" time="0.000">
    <skipped/>
  </testcase> <!-- verifyCodeOperationsInStackPage -->
  <system-out/>
  <testcase classname="dsAlgoTests.StackTest" name="verifyCodeOperationsInStackPage" time="0.000">
    <skipped/>
  </testcase> <!-- verifyCodeOperationsInStackPage -->
  <system-out/>
  <testcase classname="dsAlgoTests.StackTest" name="verifyCodeApplicationsPage" time="0.000">
    <skipped/>
  </testcase> <!-- verifyCodeApplicationsPage -->
  <system-out/>
  <testcase classname="dsAlgoTests.StackTest" name="verifyCodeOperationsInStackPage" time="0.000">
    <skipped/>
  </testcase> <!-- verifyCodeOperationsInStackPage -->
  <system-out/>
  <testcase classname="dsAlgoTests.StackTest" name="verifyCodeApplicationsPage" time="0.000">
    <skipped/>
  </testcase> <!-- verifyCodeApplicationsPage -->
  <system-out/>
  <testcase classname="dsAlgoTests.StackTest" name="verifyCodeImplementationPage" time="0.000">
    <skipped/>
  </testcase> <!-- verifyCodeImplementationPage -->
  <system-out/>
  <testcase classname="dsAlgoTests.StackTest" name="verifyCodeOperationsInStackPage" time="0.000">
    <skipped/>
  </testcase> <!-- verifyCodeOperationsInStackPage -->
  <system-out/>
  <testcase classname="dsAlgoTests.StackTest" name="verifyCodeApplicationsPage" time="0.000">
    <skipped/>
  </testcase> <!-- verifyCodeApplicationsPage -->
  <system-out/>
  <testcase classname="dsAlgoTests.StackTest" name="verifyCodeApplicationsPage" time="0.000">
    <skipped/>
  </testcase> <!-- verifyCodeApplicationsPage -->
  <system-out/>
  <testcase classname="dsAlgoTests.StackTest" name="verifyCodeImplementationPage" time="0.000">
    <skipped/>
  </testcase> <!-- verifyCodeImplementationPage -->
  <system-out/>
  <testcase classname="dsAlgoTests.StackTest" name="verifyCodeImplementationPage" time="0.000">
    <skipped/>
  </testcase> <!-- verifyCodeImplementationPage -->
  <system-out/>
  <testcase classname="dsAlgoTests.StackTest" name="verifyCodeApplicationsPage" time="0.000">
    <skipped/>
  </testcase> <!-- verifyCodeApplicationsPage -->
  <system-out/>
  <testcase classname="dsAlgoTests.StackTest" name="seeListOfPracticeQuestionsonOperationsInStackPage" time="0.000">
    <skipped/>
  </testcase> <!-- seeListOfPracticeQuestionsonOperationsInStackPage -->
  <system-out/>
  <testcase classname="dsAlgoTests.StackTest" name="verifyCodeApplicationsPage" time="0.000">
    <skipped/>
  </testcase> <!-- verifyCodeApplicationsPage -->
  <system-out/>
  <testcase classname="dsAlgoTests.StackTest" name="verifyCodeImplementationPage" time="0.000">
    <skipped/>
  </testcase> <!-- verifyCodeImplementationPage -->
  <system-out/>
  <testcase classname="dsAlgoTests.StackTest" name="verifyCodeOperationsInStackPage" time="0.000">
    <skipped/>
  </testcase> <!-- verifyCodeOperationsInStackPage -->
  <system-out/>
  <testcase classname="dsAlgoTests.StackTest" name="verifyCodeImplementationPage" time="0.000">
    <skipped/>
  </testcase> <!-- verifyCodeImplementationPage -->
  <system-out/>
  <testcase classname="dsAlgoTests.StackTest" name="verifyCodeOperationsInStackPage" time="0.000">
    <skipped/>
  </testcase> <!-- verifyCodeOperationsInStackPage -->
  <system-out/>
  <testcase classname="dsAlgoTests.StackTest" name="verifyCodeApplicationsPage" time="0.000">
    <skipped/>
  </testcase> <!-- verifyCodeApplicationsPage -->
  <system-out/>
  <testcase classname="dsAlgoTests.StackTest" name="verifyCodeOperationsInStackPage" time="0.000">
    <skipped/>
  </testcase> <!-- verifyCodeOperationsInStackPage -->
  <system-out/>
  <testcase classname="dsAlgoTests.StackTest" name="verifyCodeApplicationsPage" time="0.000">
    <skipped/>
  </testcase> <!-- verifyCodeApplicationsPage -->
  <system-out/>
  <testcase classname="dsAlgoTests.StackTest" name="verifyCodeApplicationsPage" time="0.000">
    <skipped/>
  </testcase> <!-- verifyCodeApplicationsPage -->
  <system-out/>
  <testcase classname="dsAlgoTests.StackTest" name="verifyCodeOperationsInStackPage" time="0.000">
    <skipped/>
  </testcase> <!-- verifyCodeOperationsInStackPage -->
  <system-out/>
  <testcase classname="dsAlgoTests.StackTest" name="verifyCodeApplicationsPage" time="0.000">
    <skipped/>
  </testcase> <!-- verifyCodeApplicationsPage -->
  <system-out/>
  <testcase classname="dsAlgoTests.StackTest" name="verifyCodeImplementationPage" time="0.000">
    <skipped/>
  </testcase> <!-- verifyCodeImplementationPage -->
  <system-out/>
  <testcase classname="dsAlgoTests.StackTest" name="verifyCodeImplementationPage" time="0.000">
    <skipped/>
  </testcase> <!-- verifyCodeImplementationPage -->
  <system-out/>
  <testcase classname="dsAlgoTests.StackTest" name="verifyCodeApplicationsPage" time="0.000">
    <skipped/>
  </testcase> <!-- verifyCodeApplicationsPage -->
  <system-out/>
  <testcase classname="dsAlgoTests.StackTest" name="verifyCodeOperationsInStackPage" time="0.000">
    <skipped/>
  </testcase> <!-- verifyCodeOperationsInStackPage -->
  <system-out/>
  <testcase classname="dsAlgoTests.StackTest" name="verifyCodeImplementationPage" time="0.000">
    <skipped/>
  </testcase> <!-- verifyCodeImplementationPage -->
  <system-out/>
  <testcase classname="dsAlgoTests.StackTest" name="verifyCodeApplicationsPage" time="0.000">
    <skipped/>
  </testcase> <!-- verifyCodeApplicationsPage -->
  <system-out/>
  <testcase classname="dsAlgoTests.StackTest" name="verifyCodeImplementationPage" time="0.000">
    <skipped/>
  </testcase> <!-- verifyCodeImplementationPage -->
  <system-out/>
  <testcase classname="dsAlgoTests.StackTest" name="verifyCodeImplementationPage" time="0.000">
    <skipped/>
  </testcase> <!-- verifyCodeImplementationPage -->
  <system-out/>
  <testcase classname="dsAlgoTests.StackTest" name="verifyCodeImplementationPage" time="0.000">
    <skipped/>
  </testcase> <!-- verifyCodeImplementationPage -->
  <system-out/>
  <testcase classname="dsAlgoTests.StackTest" name="verifyCodeImplementationPage" time="0.000">
    <skipped/>
  </testcase> <!-- verifyCodeImplementationPage -->
  <system-out/>
  <testcase classname="dsAlgoTests.StackTest" name="verifyCodeOperationsInStackPage" time="0.000">
    <skipped/>
  </testcase> <!-- verifyCodeOperationsInStackPage -->
  <system-out/>
  <testcase classname="dsAlgoTests.StackTest" name="verifyCodeOperationsInStackPage" time="0.000">
    <skipped/>
  </testcase> <!-- verifyCodeOperationsInStackPage -->
  <system-out/>
  <testcase classname="dsAlgoTests.StackTest" name="verifyCodeOperationsInStackPage" time="0.000">
    <skipped/>
  </testcase> <!-- verifyCodeOperationsInStackPage -->
  <system-out/>
  <testcase classname="dsAlgoTests.StackTest" name="verifyCodeImplementationPage" time="0.000">
    <skipped/>
  </testcase> <!-- verifyCodeImplementationPage -->
  <system-out/>
  <testcase classname="dsAlgoTests.StackTest" name="verifyCodeImplementationPage" time="0.000">
    <skipped/>
  </testcase> <!-- verifyCodeImplementationPage -->
  <system-out/>
  <testcase classname="dsAlgoTests.StackTest" name="verifyCodeImplementationPage" time="0.000">
    <skipped/>
  </testcase> <!-- verifyCodeImplementationPage -->
  <system-out/>
  <testcase classname="dsAlgoTests.StackTest" name="verifyCodeOperationsInStackPage" time="0.000">
    <skipped/>
  </testcase> <!-- verifyCodeOperationsInStackPage -->
  <system-out/>
  <testcase classname="dsAlgoTests.StackTest" name="verifyCodeOperationsInStackPage" time="0.000">
    <skipped/>
  </testcase> <!-- verifyCodeOperationsInStackPage -->
  <system-out/>
  <testcase classname="dsAlgoTests.StackTest" name="verifyCodeImplementationPage" time="0.000">
    <skipped/>
  </testcase> <!-- verifyCodeImplementationPage -->
  <system-out/>
  <testcase classname="dsAlgoTests.StackTest" name="verifyCodeOperationsInStackPage" time="0.000">
    <skipped/>
  </testcase> <!-- verifyCodeOperationsInStackPage -->
  <system-out/>
  <testcase classname="dsAlgoTests.StackTest" name="verifyCodeImplementationPage" time="0.000">
    <skipped/>
  </testcase> <!-- verifyCodeImplementationPage -->
  <system-out/>
  <testcase classname="dsAlgoTests.StackTest" name="verifyCodeApplicationsPage" time="0.000">
    <skipped/>
  </testcase> <!-- verifyCodeApplicationsPage -->
  <system-out/>
  <testcase classname="dsAlgoTests.StackTest" name="verifyCodeApplicationsPage" time="0.000">
    <skipped/>
  </testcase> <!-- verifyCodeApplicationsPage -->
  <system-out/>
  <testcase classname="dsAlgoTests.StackTest" name="verifyCodeApplicationsPage" time="0.000">
    <skipped/>
  </testcase> <!-- verifyCodeApplicationsPage -->
  <system-out/>
  <testcase classname="dsAlgoTests.StackTest" name="verifyCodeImplementationPage" time="0.000">
    <skipped/>
  </testcase> <!-- verifyCodeImplementationPage -->
  <system-out/>
  <testcase classname="dsAlgoTests.StackTest" name="verifyCodeImplementationPage" time="0.000">
    <skipped/>
  </testcase> <!-- verifyCodeImplementationPage -->
  <system-out/>
  <testcase classname="dsAlgoTests.StackTest" name="verifyCodeImplementationPage" time="0.000">
    <skipped/>
  </testcase> <!-- verifyCodeImplementationPage -->
  <system-out/>
  <testcase classname="dsAlgoTests.StackTest" name="verifyCodeImplementationPage" time="0.000">
    <skipped/>
  </testcase> <!-- verifyCodeImplementationPage -->
  <system-out/>
  <testcase classname="dsAlgoTests.StackTest" name="verifyCodeOperationsInStackPage" time="0.000">
    <skipped/>
  </testcase> <!-- verifyCodeOperationsInStackPage -->
  <system-out/>
  <testcase classname="dsAlgoTests.StackTest" name="verifyCodeOperationsInStackPage" time="0.000">
    <skipped/>
  </testcase> <!-- verifyCodeOperationsInStackPage -->
  <system-out/>
  <testcase classname="dsAlgoTests.StackTest" name="verifyCodeImplementationPage" time="0.000">
    <skipped/>
  </testcase> <!-- verifyCodeImplementationPage -->
  <system-out/>
  <testcase classname="dsAlgoTests.StackTest" name="verifyCodeOperationsInStackPage" time="0.000">
    <skipped/>
  </testcase> <!-- verifyCodeOperationsInStackPage -->
  <system-out/>
  <testcase classname="dsAlgoTests.StackTest" name="verifyCodeImplementationPage" time="0.000">
    <skipped/>
  </testcase> <!-- verifyCodeImplementationPage -->
  <system-out/>
  <testcase classname="dsAlgoTests.StackTest" name="verifyCodeApplicationsPage" time="0.000">
    <skipped/>
  </testcase> <!-- verifyCodeApplicationsPage -->
  <system-out/>
  <testcase classname="dsAlgoTests.StackTest" name="verifyCodeImplementationPage" time="0.000">
    <skipped/>
  </testcase> <!-- verifyCodeImplementationPage -->
  <system-out/>
  <testcase classname="dsAlgoTests.StackTest" name="verifyCodeOperationsInStackPage" time="0.000">
    <skipped/>
  </testcase> <!-- verifyCodeOperationsInStackPage -->
  <system-out/>
  <testcase classname="dsAlgoTests.StackTest" name="verifyCodeOperationsInStackPage" time="0.000">
    <skipped/>
  </testcase> <!-- verifyCodeOperationsInStackPage -->
  <system-out/>
  <testcase classname="dsAlgoTests.StackTest" name="verifyCodeApplicationsPage" time="0.000">
    <skipped/>
  </testcase> <!-- verifyCodeApplicationsPage -->
  <system-out/>
  <testcase classname="dsAlgoTests.StackTest" name="verifyCodeImplementationPage" time="0.000">
    <skipped/>
  </testcase> <!-- verifyCodeImplementationPage -->
  <system-out/>
  <testcase classname="dsAlgoTests.StackTest" name="verifyCodeOperationsInStackPage" time="0.000">
    <skipped/>
  </testcase> <!-- verifyCodeOperationsInStackPage -->
  <system-out/>
  <testcase classname="dsAlgoTests.StackTest" name="verifyCodeOperationsInStackPage" time="0.000">
    <skipped/>
  </testcase> <!-- verifyCodeOperationsInStackPage -->
  <system-out/>
  <testcase classname="dsAlgoTests.StackTest" name="verifyCodeOperationsInStackPage" time="0.000">
    <skipped/>
  </testcase> <!-- verifyCodeOperationsInStackPage -->
  <system-out/>
  <testcase classname="dsAlgoTests.StackTest" name="verifyCodeImplementationPage" time="0.000">
    <skipped/>
  </testcase> <!-- verifyCodeImplementationPage -->
  <system-out/>
  <testcase classname="dsAlgoTests.StackTest" name="verifyCodeOperationsInStackPage" time="0.000">
    <skipped/>
  </testcase> <!-- verifyCodeOperationsInStackPage -->
  <system-out/>
  <testcase classname="dsAlgoTests.StackTest" name="verifyCodeApplicationsPage" time="0.000">
    <skipped/>
  </testcase> <!-- verifyCodeApplicationsPage -->
  <system-out/>
  <testcase classname="dsAlgoTests.StackTest" name="verifyCodeOperationsInStackPage" time="0.000">
    <skipped/>
  </testcase> <!-- verifyCodeOperationsInStackPage -->
  <system-out/>
  <testcase classname="dsAlgoTests.StackTest" name="verifyCodeApplicationsPage" time="0.000">
    <skipped/>
  </testcase> <!-- verifyCodeApplicationsPage -->
  <system-out/>
  <testcase classname="dsAlgoTests.StackTest" name="verifyCodeImplementationPage" time="0.000">
    <skipped/>
  </testcase> <!-- verifyCodeImplementationPage -->
  <system-out/>
  <testcase classname="dsAlgoTests.StackTest" name="verifyCodeApplicationsPage" time="0.000">
    <skipped/>
  </testcase> <!-- verifyCodeApplicationsPage -->
  <system-out/>
  <testcase classname="dsAlgoTests.StackTest" name="verifyCodeOperationsInStackPage" time="0.000">
    <skipped/>
  </testcase> <!-- verifyCodeOperationsInStackPage -->
  <system-out/>
  <testcase classname="dsAlgoTests.StackTest" name="verifyCodeOperationsInStackPage" time="0.000">
    <skipped/>
  </testcase> <!-- verifyCodeOperationsInStackPage -->
  <system-out/>
  <testcase classname="dsAlgoTests.StackTest" name="verifyCodeOperationsInStackPage" time="0.000">
    <skipped/>
  </testcase> <!-- verifyCodeOperationsInStackPage -->
  <system-out/>
  <testcase classname="dsAlgoTests.StackTest" name="verifyCodeOperationsInStackPage" time="0.000">
    <skipped/>
  </testcase> <!-- verifyCodeOperationsInStackPage -->
  <system-out/>
  <testcase classname="dsAlgoTests.StackTest" name="verifyCodeImplementationPage" time="0.000">
    <skipped/>
  </testcase> <!-- verifyCodeImplementationPage -->
  <system-out/>
  <testcase classname="dsAlgoTests.StackTest" name="verifyCodeApplicationsPage" time="0.000">
    <skipped/>
  </testcase> <!-- verifyCodeApplicationsPage -->
  <system-out/>
  <testcase classname="dsAlgoTests.StackTest" name="verifyCodeOperationsInStackPage" time="0.000">
    <skipped/>
  </testcase> <!-- verifyCodeOperationsInStackPage -->
  <system-out/>
  <testcase classname="dsAlgoTests.StackTest" name="verifyCodeImplementationPage" time="0.000">
    <skipped/>
  </testcase> <!-- verifyCodeImplementationPage -->
  <system-out/>
  <testcase classname="dsAlgoTests.StackTest" name="verifyCodeImplementationPage" time="0.000">
    <skipped/>
  </testcase> <!-- verifyCodeImplementationPage -->
  <system-out/>
  <testcase classname="dsAlgoTests.StackTest" name="verifyCodeImplementationPage" time="0.000">
    <skipped/>
  </testcase> <!-- verifyCodeImplementationPage -->
  <system-out/>
  <testcase classname="dsAlgoTests.StackTest" name="verifyCodeImplementationPage" time="0.000">
    <skipped/>
  </testcase> <!-- verifyCodeImplementationPage -->
  <system-out/>
  <testcase classname="dsAlgoTests.StackTest" name="verifyCodeApplicationsPage" time="0.000">
    <skipped/>
  </testcase> <!-- verifyCodeApplicationsPage -->
  <system-out/>
  <testcase classname="dsAlgoTests.StackTest" name="verifyCodeApplicationsPage" time="0.000">
    <skipped/>
  </testcase> <!-- verifyCodeApplicationsPage -->
  <system-out/>
  <testcase classname="dsAlgoTests.StackTest" name="verifyCodeImplementationPage" time="0.000">
    <skipped/>
  </testcase> <!-- verifyCodeImplementationPage -->
  <system-out/>
  <testcase classname="dsAlgoTests.StackTest" name="verifyCodeApplicationsPage" time="0.000">
    <skipped/>
  </testcase> <!-- verifyCodeApplicationsPage -->
  <system-out/>
  <testcase classname="dsAlgoTests.StackTest" name="verifyCodeImplementationPage" time="0.000">
    <skipped/>
  </testcase> <!-- verifyCodeImplementationPage -->
  <system-out/>
  <testcase classname="dsAlgoTests.StackTest" name="verifyCodeImplementationPage" time="0.000">
    <skipped/>
  </testcase> <!-- verifyCodeImplementationPage -->
  <system-out/>
  <testcase classname="dsAlgoTests.StackTest" name="verifyCodeOperationsInStackPage" time="0.000">
    <skipped/>
  </testcase> <!-- verifyCodeOperationsInStackPage -->
  <system-out/>
  <testcase classname="dsAlgoTests.StackTest" name="verifyCodeOperationsInStackPage" time="0.000">
    <skipped/>
  </testcase> <!-- verifyCodeOperationsInStackPage -->
  <system-out/>
  <testcase classname="dsAlgoTests.StackTest" name="verifyCodeApplicationsPage" time="0.000">
    <skipped/>
  </testcase> <!-- verifyCodeApplicationsPage -->
  <system-out/>
  <testcase classname="dsAlgoTests.StackTest" name="verifyCodeOperationsInStackPage" time="0.000">
    <skipped/>
  </testcase> <!-- verifyCodeOperationsInStackPage -->
  <system-out/>
  <testcase classname="dsAlgoTests.StackTest" name="verifyCodeOperationsInStackPage" time="0.000">
    <skipped/>
  </testcase> <!-- verifyCodeOperationsInStackPage -->
  <system-out/>
  <testcase classname="dsAlgoTests.StackTest" name="verifyCodeApplicationsPage" time="0.000">
    <skipped/>
  </testcase> <!-- verifyCodeApplicationsPage -->
  <system-out/>
  <testcase classname="dsAlgoTests.StackTest" name="verifyCodeImplementationPage" time="0.000">
    <skipped/>
  </testcase> <!-- verifyCodeImplementationPage -->
  <system-out/>
  <testcase classname="dsAlgoTests.StackTest" name="verifyCodeApplicationsPage" time="0.000">
    <skipped/>
  </testcase> <!-- verifyCodeApplicationsPage -->
  <system-out/>
  <testcase classname="dsAlgoTests.StackTest" name="verifyCodeImplementationPage" time="0.000">
    <skipped/>
  </testcase> <!-- verifyCodeImplementationPage -->
  <system-out/>
  <testcase classname="dsAlgoTests.StackTest" name="verifyCodeApplicationsPage" time="0.000">
    <skipped/>
  </testcase> <!-- verifyCodeApplicationsPage -->
  <system-out/>
  <testcase classname="dsAlgoTests.StackTest" name="verifyCodeOperationsInStackPage" time="0.000">
    <skipped/>
  </testcase> <!-- verifyCodeOperationsInStackPage -->
  <system-out/>
  <testcase classname="dsAlgoTests.StackTest" name="verifyCodeOperationsInStackPage" time="0.000">
    <skipped/>
  </testcase> <!-- verifyCodeOperationsInStackPage -->
  <system-out/>
  <testcase classname="dsAlgoTests.StackTest" name="verifyCodeImplementationPage" time="0.000">
    <skipped/>
  </testcase> <!-- verifyCodeImplementationPage -->
  <system-out/>
  <testcase classname="dsAlgoTests.StackTest" name="verifyCodeOperationsInStackPage" time="0.000">
    <skipped/>
  </testcase> <!-- verifyCodeOperationsInStackPage -->
  <system-out/>
  <testcase classname="dsAlgoTests.StackTest" name="verifyCodeApplicationsPage" time="0.000">
    <skipped/>
  </testcase> <!-- verifyCodeApplicationsPage -->
  <system-out/>
  <testcase classname="dsAlgoTests.StackTest" name="verifyCodeImplementationPage" time="0.000">
    <skipped/>
  </testcase> <!-- verifyCodeImplementationPage -->
  <system-out/>
  <testcase classname="dsAlgoTests.StackTest" name="verifyCodeApplicationsPage" time="0.000">
    <skipped/>
  </testcase> <!-- verifyCodeApplicationsPage -->
  <system-out/>
  <testcase classname="dsAlgoTests.StackTest" name="verifyCodeOperationsInStackPage" time="0.000">
    <skipped/>
  </testcase> <!-- verifyCodeOperationsInStackPage -->
  <system-out/>
  <testcase classname="dsAlgoTests.StackTest" name="verifyCodeOperationsInStackPage" time="0.000">
    <skipped/>
  </testcase> <!-- verifyCodeOperationsInStackPage -->
  <system-out/>
  <testcase classname="dsAlgoTests.StackTest" name="verifyCodeOperationsInStackPage" time="0.000">
    <skipped/>
  </testcase> <!-- verifyCodeOperationsInStackPage -->
  <system-out/>
  <testcase classname="dsAlgoTests.StackTest" name="verifyCodeApplicationsPage" time="0.000">
    <skipped/>
  </testcase> <!-- verifyCodeApplicationsPage -->
  <system-out/>
  <testcase classname="dsAlgoTests.StackTest" name="verifyCodeOperationsInStackPage" time="0.000">
    <skipped/>
  </testcase> <!-- verifyCodeOperationsInStackPage -->
  <system-out/>
  <testcase classname="dsAlgoTests.StackTest" name="verifyCodeApplicationsPage" time="0.000">
    <skipped/>
  </testcase> <!-- verifyCodeApplicationsPage -->
  <system-out/>
  <testcase classname="dsAlgoTests.StackTest" name="verifyCodeImplementationPage" time="0.000">
    <skipped/>
  </testcase> <!-- verifyCodeImplementationPage -->
  <system-out/>
  <testcase classname="dsAlgoTests.StackTest" name="verifyCodeOperationsInStackPage" time="0.000">
    <skipped/>
  </testcase> <!-- verifyCodeOperationsInStackPage -->
  <system-out/>
  <testcase classname="dsAlgoTests.StackTest" name="verifyCodeOperationsInStackPage" time="0.000">
    <skipped/>
  </testcase> <!-- verifyCodeOperationsInStackPage -->
  <system-out/>
  <testcase classname="dsAlgoTests.StackTest" name="verifyCodeImplementationPage" time="0.000">
    <skipped/>
  </testcase> <!-- verifyCodeImplementationPage -->
  <system-out/>
  <testcase classname="dsAlgoTests.StackTest" name="verifyCodeImplementationPage" time="0.000">
    <skipped/>
  </testcase> <!-- verifyCodeImplementationPage -->
  <system-out/>
  <testcase classname="dsAlgoTests.StackTest" name="verifyCodeImplementationPage" time="0.000">
    <skipped/>
  </testcase> <!-- verifyCodeImplementationPage -->
  <system-out/>
  <testcase classname="dsAlgoTests.StackTest" name="verifyCodeApplicationsPage" time="0.000">
    <skipped/>
  </testcase> <!-- verifyCodeApplicationsPage -->
  <system-out/>
  <testcase classname="dsAlgoTests.StackTest" name="verifyCodeImplementationPage" time="0.000">
    <skipped/>
  </testcase> <!-- verifyCodeImplementationPage -->
  <system-out/>
  <testcase classname="dsAlgoTests.StackTest" name="verifyCodeApplicationsPage" time="0.000">
    <skipped/>
  </testcase> <!-- verifyCodeApplicationsPage -->
  <system-out/>
  <testcase classname="dsAlgoTests.StackTest" name="verifyCodeOperationsInStackPage" time="0.000">
    <skipped/>
  </testcase> <!-- verifyCodeOperationsInStackPage -->
  <system-out/>
  <testcase classname="dsAlgoTests.StackTest" name="verifyCodeImplementationPage" time="0.000">
    <skipped/>
  </testcase> <!-- verifyCodeImplementationPage -->
  <system-out/>
  <testcase classname="dsAlgoTests.StackTest" name="verifyCodeOperationsInStackPage" time="0.000">
    <skipped/>
  </testcase> <!-- verifyCodeOperationsInStackPage -->
  <system-out/>
  <testcase classname="dsAlgoTests.StackTest" name="verifyCodeImplementationPage" time="0.000">
    <skipped/>
  </testcase> <!-- verifyCodeImplementationPage -->
  <system-out/>
  <testcase classname="dsAlgoTests.StackTest" name="verifyCodeApplicationsPage" time="0.000">
    <skipped/>
  </testcase> <!-- verifyCodeApplicationsPage -->
  <system-out/>
  <testcase classname="dsAlgoTests.StackTest" name="verifyCodeOperationsInStackPage" time="0.000">
    <skipped/>
  </testcase> <!-- verifyCodeOperationsInStackPage -->
  <system-out/>
  <testcase classname="dsAlgoTests.StackTest" name="verifyCodeImplementationPage" time="0.000">
    <skipped/>
  </testcase> <!-- verifyCodeImplementationPage -->
  <system-out/>
  <testcase classname="dsAlgoTests.StackTest" name="verifyCodeImplementationPage" time="0.000">
    <skipped/>
  </testcase> <!-- verifyCodeImplementationPage -->
  <system-out/>
  <testcase classname="dsAlgoTests.StackTest" name="verifyCodeApplicationsPage" time="0.000">
    <skipped/>
  </testcase> <!-- verifyCodeApplicationsPage -->
  <system-out/>
  <testcase classname="dsAlgoTests.StackTest" name="verifyCodeOperationsInStackPage" time="0.000">
    <skipped/>
  </testcase> <!-- verifyCodeOperationsInStackPage -->
  <system-out/>
  <testcase classname="dsAlgoTests.StackTest" name="verifyCodeImplementationPage" time="0.000">
    <skipped/>
  </testcase> <!-- verifyCodeImplementationPage -->
  <system-out/>
  <testcase classname="dsAlgoTests.StackTest" name="verifyCodeApplicationsPage" time="0.000">
    <skipped/>
  </testcase> <!-- verifyCodeApplicationsPage -->
  <system-out/>
  <testcase classname="dsAlgoTests.StackTest" name="verifyCodeOperationsInStackPage" time="0.000">
    <skipped/>
  </testcase> <!-- verifyCodeOperationsInStackPage -->
  <system-out/>
  <testcase classname="dsAlgoTests.StackTest" name="verifyCodeOperationsInStackPage" time="0.000">
    <skipped/>
  </testcase> <!-- verifyCodeOperationsInStackPage -->
  <system-out/>
  <testcase classname="dsAlgoTests.StackTest" name="verifyCodeApplicationsPage" time="0.000">
    <skipped/>
  </testcase> <!-- verifyCodeApplicationsPage -->
  <system-out/>
  <testcase classname="dsAlgoTests.StackTest" name="verifyCodeApplicationsPage" time="0.000">
    <skipped/>
  </testcase> <!-- verifyCodeApplicationsPage -->
  <system-out/>
  <testcase classname="dsAlgoTests.StackTest" name="verifyCodeImplementationPage" time="0.000">
    <skipped/>
  </testcase> <!-- verifyCodeImplementationPage -->
  <system-out/>
  <testcase classname="dsAlgoTests.StackTest" name="verifyCodeOperationsInStackPage" time="0.000">
    <skipped/>
  </testcase> <!-- verifyCodeOperationsInStackPage -->
  <system-out/>
  <testcase classname="dsAlgoTests.StackTest" name="verifyCodeApplicationsPage" time="0.000">
    <skipped/>
  </testcase> <!-- verifyCodeApplicationsPage -->
  <system-out/>
  <testcase classname="dsAlgoTests.StackTest" name="verifyCodeApplicationsPage" time="0.000">
    <skipped/>
  </testcase> <!-- verifyCodeApplicationsPage -->
  <system-out/>
  <testcase classname="dsAlgoTests.StackTest" name="verifyCodeImplementationPage" time="0.000">
    <skipped/>
  </testcase> <!-- verifyCodeImplementationPage -->
  <system-out/>
  <testcase classname="dsAlgoTests.StackTest" name="verifyCodeApplicationsPage" time="0.000">
    <skipped/>
  </testcase> <!-- verifyCodeApplicationsPage -->
  <system-out/>
  <testcase classname="dsAlgoTests.StackTest" name="verifyCodeOperationsInStackPage" time="0.000">
    <skipped/>
  </testcase> <!-- verifyCodeOperationsInStackPage -->
  <system-out/>
  <testcase classname="dsAlgoTests.StackTest" name="verifyCodeOperationsInStackPage" time="0.000">
    <skipped/>
  </testcase> <!-- verifyCodeOperationsInStackPage -->
  <system-out/>
  <testcase classname="dsAlgoTests.StackTest" name="verifyCodeOperationsInStackPage" time="0.000">
    <skipped/>
  </testcase> <!-- verifyCodeOperationsInStackPage -->
  <system-out/>
  <testcase classname="dsAlgoTests.StackTest" name="verifyCodeApplicationsPage" time="0.000">
    <skipped/>
  </testcase> <!-- verifyCodeApplicationsPage -->
  <system-out/>
  <testcase classname="dsAlgoTests.StackTest" name="verifyCodeOperationsInStackPage" time="0.000">
    <skipped/>
  </testcase> <!-- verifyCodeOperationsInStackPage -->
  <system-out/>
  <testcase classname="dsAlgoTests.StackTest" name="verifyCodeImplementationPage" time="0.000">
    <skipped/>
  </testcase> <!-- verifyCodeImplementationPage -->
  <system-out/>
  <testcase classname="dsAlgoTests.StackTest" name="verifyCodeImplementationPage" time="0.000">
    <skipped/>
  </testcase> <!-- verifyCodeImplementationPage -->
  <system-out/>
  <testcase classname="dsAlgoTests.StackTest" name="verifyCodeImplementationPage" time="0.000">
    <skipped/>
  </testcase> <!-- verifyCodeImplementationPage -->
  <system-out/>
  <testcase classname="dsAlgoTests.StackTest" name="verifyCodeImplementationPage" time="0.000">
    <skipped/>
  </testcase> <!-- verifyCodeImplementationPage -->
  <system-out/>
  <testcase classname="dsAlgoTests.StackTest" name="verifyCodeOperationsInStackPage" time="0.000">
    <skipped/>
  </testcase> <!-- verifyCodeOperationsInStackPage -->
  <system-out/>
  <testcase classname="dsAlgoTests.StackTest" name="verifyCodeApplicationsPage" time="0.000">
    <skipped/>
  </testcase> <!-- verifyCodeApplicationsPage -->
  <system-out/>
  <testcase classname="dsAlgoTests.StackTest" name="verifyCodeApplicationsPage" time="0.000">
    <skipped/>
  </testcase> <!-- verifyCodeApplicationsPage -->
  <system-out/>
  <testcase classname="dsAlgoTests.StackTest" name="verifyCodeApplicationsPage" time="0.000">
    <skipped/>
  </testcase> <!-- verifyCodeApplicationsPage -->
  <system-out/>
  <testcase classname="dsAlgoTests.StackTest" name="verifyCodeApplicationsPage" time="0.000">
    <skipped/>
  </testcase> <!-- verifyCodeApplicationsPage -->
  <system-out/>
  <testcase classname="dsAlgoTests.StackTest" name="verifyCodeOperationsInStackPage" time="0.000">
    <skipped/>
  </testcase> <!-- verifyCodeOperationsInStackPage -->
  <system-out/>
  <testcase classname="dsAlgoTests.StackTest" name="verifyCodeImplementationPage" time="0.000">
    <skipped/>
  </testcase> <!-- verifyCodeImplementationPage -->
  <system-out/>
  <testcase classname="dsAlgoTests.StackTest" name="verifyCodeApplicationsPage" time="0.000">
    <skipped/>
  </testcase> <!-- verifyCodeApplicationsPage -->
  <system-out/>
  <testcase classname="dsAlgoTests.StackTest" name="verifyCodeApplicationsPage" time="0.000">
    <skipped/>
  </testcase> <!-- verifyCodeApplicationsPage -->
  <system-out/>
  <testcase classname="dsAlgoTests.StackTest" name="verifyCodeImplementationPage" time="0.000">
    <skipped/>
  </testcase> <!-- verifyCodeImplementationPage -->
  <system-out/>
  <testcase classname="dsAlgoTests.StackTest" name="verifyCodeOperationsInStackPage" time="0.000">
    <skipped/>
  </testcase> <!-- verifyCodeOperationsInStackPage -->
  <system-out/>
  <testcase classname="dsAlgoTests.StackTest" name="verifyCodeOperationsInStackPage" time="0.000">
    <skipped/>
  </testcase> <!-- verifyCodeOperationsInStackPage -->
  <system-out/>
  <testcase classname="dsAlgoTests.StackTest" name="verifyCodeImplementationPage" time="0.000">
    <skipped/>
  </testcase> <!-- verifyCodeImplementationPage -->
  <system-out/>
  <testcase classname="dsAlgoTests.StackTest" name="verifyCodeImplementationPage" time="0.000">
    <skipped/>
  </testcase> <!-- verifyCodeImplementationPage -->
  <system-out/>
  <testcase classname="dsAlgoTests.StackTest" name="verifyCodeImplementationPage" time="0.000">
    <skipped/>
  </testcase> <!-- verifyCodeImplementationPage -->
  <system-out/>
  <testcase classname="dsAlgoTests.StackTest" name="verifyCodeOperationsInStackPage" time="0.000">
    <skipped/>
  </testcase> <!-- verifyCodeOperationsInStackPage -->
  <system-out/>
  <testcase classname="dsAlgoTests.StackTest" name="verifyCodeOperationsInStackPage" time="0.000">
    <skipped/>
  </testcase> <!-- verifyCodeOperationsInStackPage -->
  <system-out/>
  <testcase classname="dsAlgoTests.StackTest" name="verifyCodeImplementationPage" time="0.000">
    <skipped/>
  </testcase> <!-- verifyCodeImplementationPage -->
  <system-out/>
  <testcase classname="dsAlgoTests.StackTest" name="verifyCodeOperationsInStackPage" time="0.000">
    <skipped/>
  </testcase> <!-- verifyCodeOperationsInStackPage -->
  <system-out/>
  <testcase classname="dsAlgoTests.StackTest" name="verifyCodeImplementationPage" time="0.000">
    <skipped/>
  </testcase> <!-- verifyCodeImplementationPage -->
  <system-out/>
  <testcase classname="dsAlgoTests.StackTest" name="verifyCodeImplementationPage" time="0.000">
    <skipped/>
  </testcase> <!-- verifyCodeImplementationPage -->
  <system-out/>
  <testcase classname="dsAlgoTests.StackTest" name="verifyCodeApplicationsPage" time="0.000">
    <skipped/>
  </testcase> <!-- verifyCodeApplicationsPage -->
  <system-out/>
  <testcase classname="dsAlgoTests.StackTest" name="verifyCodeApplicationsPage" time="0.000">
    <skipped/>
  </testcase> <!-- verifyCodeApplicationsPage -->
  <system-out/>
  <testcase classname="dsAlgoTests.StackTest" name="verifyCodeApplicationsPage" time="0.000">
    <skipped/>
  </testcase> <!-- verifyCodeApplicationsPage -->
  <system-out/>
  <testcase classname="dsAlgoTests.StackTest" name="verifyCodeImplementationPage" time="0.000">
    <skipped/>
  </testcase> <!-- verifyCodeImplementationPage -->
  <system-out/>
  <testcase classname="dsAlgoTests.StackTest" name="verifyCodeImplementationPage" time="0.000">
    <skipped/>
  </testcase> <!-- verifyCodeImplementationPage -->
  <system-out/>
  <testcase classname="dsAlgoTests.StackTest" name="verifyCodeApplicationsPage" time="0.000">
    <skipped/>
  </testcase> <!-- verifyCodeApplicationsPage -->
  <system-out/>
  <testcase classname="dsAlgoTests.StackTest" name="verifyCodeImplementationPage" time="0.000">
    <skipped/>
  </testcase> <!-- verifyCodeImplementationPage -->
  <system-out/>
  <testcase classname="dsAlgoTests.StackTest" name="verifyCodeImplementationPage" time="0.000">
    <skipped/>
  </testcase> <!-- verifyCodeImplementationPage -->
  <system-out/>
  <testcase classname="dsAlgoTests.StackTest" name="verifyCodeOperationsInStackPage" time="0.000">
    <skipped/>
  </testcase> <!-- verifyCodeOperationsInStackPage -->
  <system-out/>
  <testcase classname="dsAlgoTests.StackTest" name="verifyCodeApplicationsPage" time="0.000">
    <skipped/>
  </testcase> <!-- verifyCodeApplicationsPage -->
  <system-out/>
  <testcase classname="dsAlgoTests.StackTest" name="verifyCodeOperationsInStackPage" time="0.000">
    <skipped/>
  </testcase> <!-- verifyCodeOperationsInStackPage -->
  <system-out/>
  <testcase classname="dsAlgoTests.StackTest" name="verifyCodeApplicationsPage" time="0.000">
    <skipped/>
  </testcase> <!-- verifyCodeApplicationsPage -->
  <system-out/>
  <testcase classname="dsAlgoTests.StackTest" name="verifyCodeOperationsInStackPage" time="0.000">
    <skipped/>
  </testcase> <!-- verifyCodeOperationsInStackPage -->
  <system-out/>
  <testcase classname="dsAlgoTests.StackTest" name="verifyCodeOperationsInStackPage" time="0.000">
    <skipped/>
  </testcase> <!-- verifyCodeOperationsInStackPage -->
  <system-out/>
  <testcase classname="dsAlgoTests.StackTest" name="verifyCodeOperationsInStackPage" time="0.000">
    <skipped/>
  </testcase> <!-- verifyCodeOperationsInStackPage -->
  <system-out/>
  <testcase classname="dsAlgoTests.StackTest" name="verifyCodeOperationsInStackPage" time="0.000">
    <skipped/>
  </testcase> <!-- verifyCodeOperationsInStackPage -->
  <system-out/>
  <testcase classname="dsAlgoTests.StackTest" name="verifyCodeImplementationPage" time="0.000">
    <skipped/>
  </testcase> <!-- verifyCodeImplementationPage -->
  <system-out/>
  <testcase classname="dsAlgoTests.StackTest" name="verifyCodeImplementationPage" time="0.000">
    <skipped/>
  </testcase> <!-- verifyCodeImplementationPage -->
  <system-out/>
  <testcase classname="dsAlgoTests.StackTest" name="verifyCodeImplementationPage" time="0.000">
    <skipped/>
  </testcase> <!-- verifyCodeImplementationPage -->
  <system-out/>
  <testcase classname="dsAlgoTests.StackTest" name="verifyCodeApplicationsPage" time="0.000">
    <skipped/>
  </testcase> <!-- verifyCodeApplicationsPage -->
  <system-out/>
  <testcase classname="dsAlgoTests.StackTest" name="verifyCodeOperationsInStackPage" time="0.000">
    <skipped/>
  </testcase> <!-- verifyCodeOperationsInStackPage -->
  <system-out/>
  <testcase classname="dsAlgoTests.StackTest" name="verifyCodeOperationsInStackPage" time="0.000">
    <skipped/>
  </testcase> <!-- verifyCodeOperationsInStackPage -->
  <system-out/>
  <testcase classname="dsAlgoTests.StackTest" name="verifyCodeApplicationsPage" time="0.000">
    <skipped/>
  </testcase> <!-- verifyCodeApplicationsPage -->
  <system-out/>
  <testcase classname="dsAlgoTests.StackTest" name="verifyCodeApplicationsPage" time="0.000">
    <skipped/>
  </testcase> <!-- verifyCodeApplicationsPage -->
  <system-out/>
  <testcase classname="dsAlgoTests.StackTest" name="verifyCodeImplementationPage" time="0.000">
    <skipped/>
  </testcase> <!-- verifyCodeImplementationPage -->
  <system-out/>
  <testcase classname="dsAlgoTests.StackTest" name="verifyCodeApplicationsPage" time="0.000">
    <skipped/>
  </testcase> <!-- verifyCodeApplicationsPage -->
  <system-out/>
  <testcase classname="dsAlgoTests.StackTest" name="verifyCodeApplicationsPage" time="0.000">
    <skipped/>
  </testcase> <!-- verifyCodeApplicationsPage -->
  <system-out/>
  <testcase classname="dsAlgoTests.StackTest" name="verifyCodeOperationsInStackPage" time="0.000">
    <skipped/>
  </testcase> <!-- verifyCodeOperationsInStackPage -->
  <system-out/>
  <testcase classname="dsAlgoTests.StackTest" name="verifyCodeImplementationPage" time="0.000">
    <skipped/>
  </testcase> <!-- verifyCodeImplementationPage -->
  <system-out/>
  <testcase classname="dsAlgoTests.StackTest" name="verifyCodeImplementationPage" time="0.000">
    <skipped/>
  </testcase> <!-- verifyCodeImplementationPage -->
  <system-out/>
  <testcase classname="dsAlgoTests.StackTest" name="verifyCodeImplementationPage" time="0.000">
    <skipped/>
  </testcase> <!-- verifyCodeImplementationPage -->
  <system-out/>
  <testcase classname="dsAlgoTests.StackTest" name="verifyCodeOperationsInStackPage" time="0.000">
    <skipped/>
  </testcase> <!-- verifyCodeOperationsInStackPage -->
  <system-out/>
  <testcase classname="dsAlgoTests.StackTest" name="verifyCodeOperationsInStackPage" time="0.000">
    <skipped/>
  </testcase> <!-- verifyCodeOperationsInStackPage -->
  <system-out/>
  <testcase classname="dsAlgoTests.StackTest" name="verifyCodeImplementationPage" time="0.000">
    <skipped/>
  </testcase> <!-- verifyCodeImplementationPage -->
  <system-out/>
  <testcase classname="dsAlgoTests.StackTest" name="verifyCodeOperationsInStackPage" time="0.000">
    <skipped/>
  </testcase> <!-- verifyCodeOperationsInStackPage -->
  <system-out/>
  <testcase classname="dsAlgoTests.StackTest" name="verifyCodeApplicationsPage" time="0.000">
    <skipped/>
  </testcase> <!-- verifyCodeApplicationsPage -->
  <system-out/>
  <testcase classname="dsAlgoTests.StackTest" name="verifyCodeApplicationsPage" time="0.000">
    <skipped/>
  </testcase> <!-- verifyCodeApplicationsPage -->
  <system-out/>
  <testcase classname="dsAlgoTests.StackTest" name="verifyCodeOperationsInStackPage" time="0.000">
    <skipped/>
  </testcase> <!-- verifyCodeOperationsInStackPage -->
  <system-out/>
  <testcase classname="dsAlgoTests.StackTest" name="verifyCodeImplementationPage" time="0.000">
    <skipped/>
  </testcase> <!-- verifyCodeImplementationPage -->
  <system-out/>
  <testcase classname="dsAlgoTests.StackTest" name="verifyCodeOperationsInStackPage" time="0.000">
    <skipped/>
  </testcase> <!-- verifyCodeOperationsInStackPage -->
  <system-out/>
  <testcase classname="dsAlgoTests.StackTest" name="verifyCodeImplementationPage" time="0.000">
    <skipped/>
  </testcase> <!-- verifyCodeImplementationPage -->
  <system-out/>
  <testcase classname="dsAlgoTests.StackTest" name="verifyCodeApplicationsPage" time="0.000">
    <skipped/>
  </testcase> <!-- verifyCodeApplicationsPage -->
  <system-out/>
  <testcase classname="dsAlgoTests.StackTest" name="verifyCodeApplicationsPage" time="0.000">
    <skipped/>
  </testcase> <!-- verifyCodeApplicationsPage -->
  <system-out/>
  <testcase classname="dsAlgoTests.StackTest" name="verifyCodeOperationsInStackPage" time="0.000">
    <skipped/>
  </testcase> <!-- verifyCodeOperationsInStackPage -->
  <system-out/>
  <testcase classname="dsAlgoTests.StackTest" name="verifyCodeOperationsInStackPage" time="0.000">
    <skipped/>
  </testcase> <!-- verifyCodeOperationsInStackPage -->
  <system-out/>
  <testcase classname="dsAlgoTests.StackTest" name="verifyCodeApplicationsPage" time="0.000">
    <skipped/>
  </testcase> <!-- verifyCodeApplicationsPage -->
  <system-out/>
  <testcase classname="dsAlgoTests.StackTest" name="verifyCodeApplicationsPage" time="0.000">
    <skipped/>
  </testcase> <!-- verifyCodeApplicationsPage -->
  <system-out/>
  <testcase classname="dsAlgoTests.StackTest" name="verifyCodeOperationsInStackPage" time="0.000">
    <skipped/>
  </testcase> <!-- verifyCodeOperationsInStackPage -->
  <system-out/>
  <testcase classname="dsAlgoTests.StackTest" name="verifyCodeImplementationPage" time="0.000">
    <skipped/>
  </testcase> <!-- verifyCodeImplementationPage -->
  <system-out/>
  <testcase classname="dsAlgoTests.StackTest" name="verifyCodeOperationsInStackPage" time="0.000">
    <skipped/>
  </testcase> <!-- verifyCodeOperationsInStackPage -->
  <system-out/>
  <testcase classname="dsAlgoTests.StackTest" name="verifyCodeImplementationPage" time="0.000">
    <skipped/>
  </testcase> <!-- verifyCodeImplementationPage -->
  <system-out/>
  <testcase classname="dsAlgoTests.StackTest" name="verifyCodeApplicationsPage" time="0.000">
    <skipped/>
  </testcase> <!-- verifyCodeApplicationsPage -->
  <system-out/>
  <testcase classname="dsAlgoTests.StackTest" name="verifyCodeImplementationPage" time="0.000">
    <skipped/>
  </testcase> <!-- verifyCodeImplementationPage -->
  <system-out/>
  <testcase classname="dsAlgoTests.StackTest" name="verifyCodeOperationsInStackPage" time="0.000">
    <skipped/>
  </testcase> <!-- verifyCodeOperationsInStackPage -->
  <system-out/>
  <testcase classname="dsAlgoTests.StackTest" name="verifyCodeOperationsInStackPage" time="0.000">
    <skipped/>
  </testcase> <!-- verifyCodeOperationsInStackPage -->
  <system-out/>
  <testcase classname="dsAlgoTests.StackTest" name="verifyCodeApplicationsPage" time="0.000">
    <skipped/>
  </testcase> <!-- verifyCodeApplicationsPage -->
  <system-out/>
  <testcase classname="dsAlgoTests.StackTest" name="verifyCodeApplicationsPage" time="0.000">
    <skipped/>
  </testcase> <!-- verifyCodeApplicationsPage -->
  <system-out/>
  <testcase classname="dsAlgoTests.StackTest" name="verifyCodeApplicationsPage" time="0.000">
    <skipped/>
  </testcase> <!-- verifyCodeApplicationsPage -->
  <system-out/>
  <testcase classname="dsAlgoTests.StackTest" name="verifyCodeOperationsInStackPage" time="0.000">
    <skipped/>
  </testcase> <!-- verifyCodeOperationsInStackPage -->
  <system-out/>
  <testcase classname="dsAlgoTests.StackTest" name="verifyCodeImplementationPage" time="0.000">
    <skipped/>
  </testcase> <!-- verifyCodeImplementationPage -->
  <system-out/>
  <testcase classname="dsAlgoTests.StackTest" name="verifyCodeImplementationPage" time="0.000">
    <skipped/>
  </testcase> <!-- verifyCodeImplementationPage -->
  <system-out/>
  <testcase classname="dsAlgoTests.StackTest" name="verifyCodeOperationsInStackPage" time="0.000">
    <skipped/>
  </testcase> <!-- verifyCodeOperationsInStackPage -->
  <system-out/>
  <testcase classname="dsAlgoTests.StackTest" name="verifyCodeImplementationPage" time="0.000">
    <skipped/>
  </testcase> <!-- verifyCodeImplementationPage -->
  <system-out/>
  <testcase classname="dsAlgoTests.StackTest" name="verifyCodeImplementationPage" time="0.000">
    <skipped/>
  </testcase> <!-- verifyCodeImplementationPage -->
  <system-out/>
  <testcase classname="dsAlgoTests.StackTest" name="verifyCodeOperationsInStackPage" time="0.000">
    <skipped/>
  </testcase> <!-- verifyCodeOperationsInStackPage -->
  <system-out/>
  <testcase classname="dsAlgoTests.StackTest" name="verifyCodeOperationsInStackPage" time="0.000">
    <skipped/>
  </testcase> <!-- verifyCodeOperationsInStackPage -->
  <system-out/>
  <testcase classname="dsAlgoTests.StackTest" name="verifyCodeImplementationPage" time="0.000">
    <skipped/>
  </testcase> <!-- verifyCodeImplementationPage -->
  <system-out/>
  <testcase classname="dsAlgoTests.StackTest" name="verifyCodeApplicationsPage" time="0.000">
    <skipped/>
  </testcase> <!-- verifyCodeApplicationsPage -->
  <system-out/>
  <testcase classname="dsAlgoTests.StackTest" name="verifyCodeImplementationPage" time="0.000">
    <skipped/>
  </testcase> <!-- verifyCodeImplementationPage -->
  <system-out/>
  <testcase classname="dsAlgoTests.StackTest" name="verifyCodeOperationsInStackPage" time="0.000">
    <skipped/>
  </testcase> <!-- verifyCodeOperationsInStackPage -->
  <system-out/>
  <testcase classname="dsAlgoTests.StackTest" name="verifyCodeImplementationPage" time="0.000">
    <skipped/>
  </testcase> <!-- verifyCodeImplementationPage -->
  <system-out/>
  <testcase classname="dsAlgoTests.StackTest" name="verifyCodeApplicationsPage" time="0.000">
    <skipped/>
  </testcase> <!-- verifyCodeApplicationsPage -->
  <system-out/>
  <testcase classname="dsAlgoTests.StackTest" name="verifyCodeImplementationPage" time="0.000">
    <skipped/>
  </testcase> <!-- verifyCodeImplementationPage -->
  <system-out/>
  <testcase classname="dsAlgoTests.StackTest" name="verifyCodeOperationsInStackPage" time="0.000">
    <skipped/>
  </testcase> <!-- verifyCodeOperationsInStackPage -->
  <system-out/>
  <testcase classname="dsAlgoTests.StackTest" name="verifyCodeApplicationsPage" time="0.000">
    <skipped/>
  </testcase> <!-- verifyCodeApplicationsPage -->
  <system-out/>
  <testcase classname="dsAlgoTests.StackTest" name="verifyCodeApplicationsPage" time="0.000">
    <skipped/>
  </testcase> <!-- verifyCodeApplicationsPage -->
  <system-out/>
  <testcase classname="dsAlgoTests.StackTest" name="verifyCodeOperationsInStackPage" time="0.000">
    <skipped/>
  </testcase> <!-- verifyCodeOperationsInStackPage -->
  <system-out/>
  <testcase classname="dsAlgoTests.StackTest" name="verifyCodeImplementationPage" time="0.000">
    <skipped/>
  </testcase> <!-- verifyCodeImplementationPage -->
  <system-out/>
  <testcase classname="dsAlgoTests.StackTest" name="verifyCodeOperationsInStackPage" time="0.000">
    <skipped/>
  </testcase> <!-- verifyCodeOperationsInStackPage -->
  <system-out/>
  <testcase classname="dsAlgoTests.StackTest" name="verifyCodeOperationsInStackPage" time="0.000">
    <skipped/>
  </testcase> <!-- verifyCodeOperationsInStackPage -->
  <system-out/>
  <testcase classname="dsAlgoTests.StackTest" name="verifyCodeApplicationsPage" time="0.000">
    <skipped/>
  </testcase> <!-- verifyCodeApplicationsPage -->
  <system-out/>
  <testcase classname="dsAlgoTests.StackTest" name="verifyCodeApplicationsPage" time="0.000">
    <skipped/>
  </testcase> <!-- verifyCodeApplicationsPage -->
  <system-out/>
  <testcase classname="dsAlgoTests.StackTest" name="verifyCodeImplementationPage" time="0.000">
    <skipped/>
  </testcase> <!-- verifyCodeImplementationPage -->
  <system-out/>
  <testcase classname="dsAlgoTests.StackTest" name="verifyCodeImplementationPage" time="0.000">
    <skipped/>
  </testcase> <!-- verifyCodeImplementationPage -->
  <system-out/>
  <testcase classname="dsAlgoTests.StackTest" name="verifyCodeOperationsInStackPage" time="0.000">
    <skipped/>
  </testcase> <!-- verifyCodeOperationsInStackPage -->
  <system-out/>
  <testcase classname="dsAlgoTests.StackTest" name="verifyCodeImplementationPage" time="0.000">
    <skipped/>
  </testcase> <!-- verifyCodeImplementationPage -->
  <system-out/>
  <testcase classname="dsAlgoTests.StackTest" name="verifyCodeApplicationsPage" time="0.000">
    <skipped/>
  </testcase> <!-- verifyCodeApplicationsPage -->
  <system-out/>
  <testcase classname="dsAlgoTests.StackTest" name="verifyCodeApplicationsPage" time="0.000">
    <skipped/>
  </testcase> <!-- verifyCodeApplicationsPage -->
  <system-out/>
  <testcase classname="dsAlgoTests.StackTest" name="verifyCodeOperationsInStackPage" time="0.000">
    <skipped/>
  </testcase> <!-- verifyCodeOperationsInStackPage -->
  <system-out/>
  <testcase classname="dsAlgoTests.StackTest" name="verifyCodeOperationsInStackPage" time="0.000">
    <skipped/>
  </testcase> <!-- verifyCodeOperationsInStackPage -->
  <system-out/>
  <testcase classname="dsAlgoTests.StackTest" name="verifyCodeApplicationsPage" time="0.000">
    <skipped/>
  </testcase> <!-- verifyCodeApplicationsPage -->
  <system-out/>
  <testcase classname="dsAlgoTests.StackTest" name="verifyCodeImplementationPage" time="0.000">
    <skipped/>
  </testcase> <!-- verifyCodeImplementationPage -->
  <system-out/>
  <testcase classname="dsAlgoTests.StackTest" name="verifyCodeOperationsInStackPage" time="0.000">
    <skipped/>
  </testcase> <!-- verifyCodeOperationsInStackPage -->
  <system-out/>
  <testcase classname="dsAlgoTests.StackTest" name="verifyCodeApplicationsPage" time="0.000">
    <skipped/>
  </testcase> <!-- verifyCodeApplicationsPage -->
  <system-out/>
  <testcase classname="dsAlgoTests.StackTest" name="seeListOfPracticeQuestionsonImplementationPage" time="0.000">
    <skipped/>
  </testcase> <!-- seeListOfPracticeQuestionsonImplementationPage -->
  <system-out/>
  <testcase classname="dsAlgoTests.StackTest" name="verifyCodeImplementationPage" time="0.000">
    <skipped/>
  </testcase> <!-- verifyCodeImplementationPage -->
  <system-out/>
  <testcase classname="dsAlgoTests.StackTest" name="verifyCodeImplementationPage" time="0.000">
    <skipped/>
  </testcase> <!-- verifyCodeImplementationPage -->
  <system-out/>
  <testcase classname="dsAlgoTests.StackTest" name="verifyCodeApplicationsPage" time="0.000">
    <skipped/>
  </testcase> <!-- verifyCodeApplicationsPage -->
  <system-out/>
  <testcase classname="dsAlgoTests.StackTest" name="verifyCodeOperationsInStackPage" time="0.000">
    <skipped/>
  </testcase> <!-- verifyCodeOperationsInStackPage -->
  <system-out/>
  <testcase classname="dsAlgoTests.StackTest" name="verifyCodeApplicationsPage" time="0.000">
    <skipped/>
  </testcase> <!-- verifyCodeApplicationsPage -->
  <system-out/>
  <testcase classname="dsAlgoTests.StackTest" name="verifyCodeImplementationPage" time="0.000">
    <skipped/>
  </testcase> <!-- verifyCodeImplementationPage -->
  <system-out/>
  <testcase classname="dsAlgoTests.StackTest" name="verifyCodeApplicationsPage" time="0.000">
    <skipped/>
  </testcase> <!-- verifyCodeApplicationsPage -->
  <system-out/>
  <testcase classname="dsAlgoTests.StackTest" name="verifyCodeApplicationsPage" time="0.000">
    <skipped/>
  </testcase> <!-- verifyCodeApplicationsPage -->
  <system-out/>
  <testcase classname="dsAlgoTests.StackTest" name="verifyCodeOperationsInStackPage" time="0.000">
    <skipped/>
  </testcase> <!-- verifyCodeOperationsInStackPage -->
  <system-out/>
  <testcase classname="dsAlgoTests.StackTest" name="verifyCodeImplementationPage" time="0.000">
    <skipped/>
  </testcase> <!-- verifyCodeImplementationPage -->
  <system-out/>
  <testcase classname="dsAlgoTests.StackTest" name="verifyCodeImplementationPage" time="0.000">
    <skipped/>
  </testcase> <!-- verifyCodeImplementationPage -->
  <system-out/>
  <testcase classname="dsAlgoTests.StackTest" name="verifyCodeOperationsInStackPage" time="0.000">
    <skipped/>
  </testcase> <!-- verifyCodeOperationsInStackPage -->
  <system-out/>
  <testcase classname="dsAlgoTests.StackTest" name="verifyCodeImplementationPage" time="0.000">
    <skipped/>
  </testcase> <!-- verifyCodeImplementationPage -->
  <system-out/>
  <testcase classname="dsAlgoTests.StackTest" name="verifyCodeApplicationsPage" time="0.000">
    <skipped/>
  </testcase> <!-- verifyCodeApplicationsPage -->
  <system-out/>
  <testcase classname="dsAlgoTests.StackTest" name="verifyCodeImplementationPage" time="0.000">
    <skipped/>
  </testcase> <!-- verifyCodeImplementationPage -->
  <system-out/>
  <testcase classname="dsAlgoTests.StackTest" name="verifyCodeImplementationPage" time="0.000">
    <skipped/>
  </testcase> <!-- verifyCodeImplementationPage -->
  <system-out/>
  <testcase classname="dsAlgoTests.StackTest" name="verifyCodeOperationsInStackPage" time="0.000">
    <skipped/>
  </testcase> <!-- verifyCodeOperationsInStackPage -->
  <system-out/>
  <testcase classname="dsAlgoTests.StackTest" name="verifyCodeImplementationPage" time="0.000">
    <skipped/>
  </testcase> <!-- verifyCodeImplementationPage -->
  <system-out/>
  <testcase classname="dsAlgoTests.StackTest" name="verifyCodeOperationsInStackPage" time="0.000">
    <skipped/>
  </testcase> <!-- verifyCodeOperationsInStackPage -->
  <system-out/>
  <testcase classname="dsAlgoTests.StackTest" name="verifyCodeOperationsInStackPage" time="0.000">
    <skipped/>
  </testcase> <!-- verifyCodeOperationsInStackPage -->
  <system-out/>
  <testcase classname="dsAlgoTests.StackTest" name="verifyCodeApplicationsPage" time="0.000">
    <skipped/>
  </testcase> <!-- verifyCodeApplicationsPage -->
  <system-out/>
  <testcase classname="dsAlgoTests.StackTest" name="verifyCodeImplementationPage" time="0.000">
    <skipped/>
  </testcase> <!-- verifyCodeImplementationPage -->
  <system-out/>
  <testcase classname="dsAlgoTests.StackTest" name="verifyCodeOperationsInStackPage" time="0.000">
    <skipped/>
  </testcase> <!-- verifyCodeOperationsInStackPage -->
  <system-out/>
  <testcase classname="dsAlgoTests.StackTest" name="verifyCodeApplicationsPage" time="0.000">
    <skipped/>
  </testcase> <!-- verifyCodeApplicationsPage -->
  <system-out/>
  <testcase classname="dsAlgoTests.StackTest" name="verifyCodeApplicationsPage" time="0.000">
    <skipped/>
  </testcase> <!-- verifyCodeApplicationsPage -->
  <system-out/>
  <testcase classname="dsAlgoTests.StackTest" name="verifyCodeOperationsInStackPage" time="0.000">
    <skipped/>
  </testcase> <!-- verifyCodeOperationsInStackPage -->
  <system-out/>
  <testcase classname="dsAlgoTests.StackTest" name="verifyCodeOperationsInStackPage" time="0.000">
    <skipped/>
  </testcase> <!-- verifyCodeOperationsInStackPage -->
  <system-out/>
  <testcase classname="dsAlgoTests.StackTest" name="verifyCodeOperationsInStackPage" time="0.000">
    <skipped/>
  </testcase> <!-- verifyCodeOperationsInStackPage -->
  <system-out/>
  <testcase classname="dsAlgoTests.StackTest" name="verifyCodeImplementationPage" time="0.000">
    <skipped/>
  </testcase> <!-- verifyCodeImplementationPage -->
  <system-out/>
  <testcase classname="dsAlgoTests.StackTest" name="verifyCodeApplicationsPage" time="0.000">
    <skipped/>
  </testcase> <!-- verifyCodeApplicationsPage -->
  <system-out/>
  <testcase classname="dsAlgoTests.StackTest" name="verifyCodeImplementationPage" time="0.000">
    <skipped/>
  </testcase> <!-- verifyCodeImplementationPage -->
  <system-out/>
  <testcase classname="dsAlgoTests.StackTest" name="verifyCodeApplicationsPage" time="0.000">
    <skipped/>
  </testcase> <!-- verifyCodeApplicationsPage -->
  <system-out/>
  <testcase classname="dsAlgoTests.StackTest" name="verifyCodeApplicationsPage" time="0.000">
    <skipped/>
  </testcase> <!-- verifyCodeApplicationsPage -->
  <system-out/>
  <testcase classname="dsAlgoTests.StackTest" name="verifyCodeOperationsInStackPage" time="0.000">
    <skipped/>
  </testcase> <!-- verifyCodeOperationsInStackPage -->
  <system-out/>
  <testcase classname="dsAlgoTests.StackTest" name="verifyCodeImplementationPage" time="0.000">
    <skipped/>
  </testcase> <!-- verifyCodeImplementationPage -->
  <system-out/>
  <testcase classname="dsAlgoTests.StackTest" name="verifyCodeOperationsInStackPage" time="0.000">
    <skipped/>
  </testcase> <!-- verifyCodeOperationsInStackPage -->
  <system-out/>
  <testcase classname="dsAlgoTests.StackTest" name="verifyCodeApplicationsPage" time="0.000">
    <skipped/>
  </testcase> <!-- verifyCodeApplicationsPage -->
  <system-out/>
  <testcase classname="dsAlgoTests.StackTest" name="verifyCodeOperationsInStackPage" time="0.000">
    <skipped/>
  </testcase> <!-- verifyCodeOperationsInStackPage -->
  <system-out/>
  <testcase classname="dsAlgoTests.StackTest" name="verifyCodeImplementationPage" time="0.000">
    <skipped/>
  </testcase> <!-- verifyCodeImplementationPage -->
  <system-out/>
  <testcase classname="dsAlgoTests.StackTest" name="verifyCodeImplementationPage" time="0.000">
    <skipped/>
  </testcase> <!-- verifyCodeImplementationPage -->
  <system-out/>
  <testcase classname="dsAlgoTests.StackTest" name="verifyCodeApplicationsPage" time="0.000">
    <skipped/>
  </testcase> <!-- verifyCodeApplicationsPage -->
  <system-out/>
  <testcase classname="dsAlgoTests.StackTest" name="verifyCodeImplementationPage" time="0.000">
    <skipped/>
  </testcase> <!-- verifyCodeImplementationPage -->
  <system-out/>
  <testcase classname="dsAlgoTests.StackTest" name="verifyCodeApplicationsPage" time="0.000">
    <skipped/>
  </testcase> <!-- verifyCodeApplicationsPage -->
  <system-out/>
  <testcase classname="dsAlgoTests.StackTest" name="verifyCodeImplementationPage" time="0.000">
    <skipped/>
  </testcase> <!-- verifyCodeImplementationPage -->
  <system-out/>
  <testcase classname="dsAlgoTests.StackTest" name="verifyCodeImplementationPage" time="0.000">
    <skipped/>
  </testcase> <!-- verifyCodeImplementationPage -->
  <system-out/>
  <testcase classname="dsAlgoTests.StackTest" name="verifyCodeImplementationPage" time="0.000">
    <skipped/>
  </testcase> <!-- verifyCodeImplementationPage -->
  <system-out/>
  <testcase classname="dsAlgoTests.StackTest" name="verifyCodeImplementationPage" time="0.000">
    <skipped/>
  </testcase> <!-- verifyCodeImplementationPage -->
  <system-out/>
  <testcase classname="dsAlgoTests.StackTest" name="verifyCodeApplicationsPage" time="0.000">
    <skipped/>
  </testcase> <!-- verifyCodeApplicationsPage -->
  <system-out/>
  <testcase classname="dsAlgoTests.StackTest" name="verifyCodeOperationsInStackPage" time="0.000">
    <skipped/>
  </testcase> <!-- verifyCodeOperationsInStackPage -->
  <system-out/>
  <testcase classname="dsAlgoTests.StackTest" name="verifyCodeImplementationPage" time="0.000">
    <skipped/>
  </testcase> <!-- verifyCodeImplementationPage -->
  <system-out/>
  <testcase classname="dsAlgoTests.StackTest" name="verifyCodeOperationsInStackPage" time="0.000">
    <skipped/>
  </testcase> <!-- verifyCodeOperationsInStackPage -->
  <system-out/>
  <testcase classname="dsAlgoTests.StackTest" name="verifyCodeApplicationsPage" time="0.000">
    <skipped/>
  </testcase> <!-- verifyCodeApplicationsPage -->
  <system-out/>
  <testcase classname="dsAlgoTests.StackTest" name="verifyCodeApplicationsPage" time="0.000">
    <skipped/>
  </testcase> <!-- verifyCodeApplicationsPage -->
  <system-out/>
  <testcase classname="dsAlgoTests.StackTest" name="verifyCodeImplementationPage" time="0.000">
    <skipped/>
  </testcase> <!-- verifyCodeImplementationPage -->
  <system-out/>
  <testcase classname="dsAlgoTests.StackTest" name="verifyCodeOperationsInStackPage" time="0.000">
    <skipped/>
  </testcase> <!-- verifyCodeOperationsInStackPage -->
  <system-out/>
  <testcase classname="dsAlgoTests.StackTest" name="verifyCodeOperationsInStackPage" time="0.000">
    <skipped/>
  </testcase> <!-- verifyCodeOperationsInStackPage -->
  <system-out/>
  <testcase classname="dsAlgoTests.StackTest" name="verifyCodeOperationsInStackPage" time="0.000">
    <skipped/>
  </testcase> <!-- verifyCodeOperationsInStackPage -->
  <system-out/>
  <testcase classname="dsAlgoTests.StackTest" name="verifyCodeApplicationsPage" time="0.000">
    <skipped/>
  </testcase> <!-- verifyCodeApplicationsPage -->
  <system-out/>
  <testcase classname="dsAlgoTests.StackTest" name="verifyCodeApplicationsPage" time="0.000">
    <skipped/>
  </testcase> <!-- verifyCodeApplicationsPage -->
  <system-out/>
  <testcase classname="dsAlgoTests.StackTest" name="verifyCodeApplicationsPage" time="0.000">
    <skipped/>
  </testcase> <!-- verifyCodeApplicationsPage -->
  <system-out/>
  <testcase classname="dsAlgoTests.StackTest" name="verifyCodeApplicationsPage" time="0.000">
    <skipped/>
  </testcase> <!-- verifyCodeApplicationsPage -->
  <system-out/>
  <testcase classname="dsAlgoTests.StackTest" name="verifyCodeImplementationPage" time="0.000">
    <skipped/>
  </testcase> <!-- verifyCodeImplementationPage -->
  <system-out/>
  <testcase classname="dsAlgoTests.StackTest" name="verifyCodeOperationsInStackPage" time="0.000">
    <skipped/>
  </testcase> <!-- verifyCodeOperationsInStackPage -->
  <system-out/>
  <testcase classname="dsAlgoTests.StackTest" name="verifyCodeOperationsInStackPage" time="0.000">
    <skipped/>
  </testcase> <!-- verifyCodeOperationsInStackPage -->
  <system-out/>
  <testcase classname="dsAlgoTests.StackTest" name="verifyCodeApplicationsPage" time="0.000">
    <skipped/>
  </testcase> <!-- verifyCodeApplicationsPage -->
  <system-out/>
  <testcase classname="dsAlgoTests.StackTest" name="verifyCodeImplementationPage" time="0.000">
    <skipped/>
  </testcase> <!-- verifyCodeImplementationPage -->
  <system-out/>
  <testcase classname="dsAlgoTests.StackTest" name="verifyCodeImplementationPage" time="0.000">
    <skipped/>
  </testcase> <!-- verifyCodeImplementationPage -->
  <system-out/>
  <testcase classname="dsAlgoTests.StackTest" name="verifyCodeOperationsInStackPage" time="0.000">
    <skipped/>
  </testcase> <!-- verifyCodeOperationsInStackPage -->
  <system-out/>
  <testcase classname="dsAlgoTests.StackTest" name="verifyCodeApplicationsPage" time="0.000">
    <skipped/>
  </testcase> <!-- verifyCodeApplicationsPage -->
  <system-out/>
  <testcase classname="dsAlgoTests.StackTest" name="verifyCodeOperationsInStackPage" time="0.000">
    <skipped/>
  </testcase> <!-- verifyCodeOperationsInStackPage -->
  <system-out/>
  <testcase classname="dsAlgoTests.StackTest" name="verifyCodeImplementationPage" time="0.000">
    <skipped/>
  </testcase> <!-- verifyCodeImplementationPage -->
  <system-out/>
  <testcase classname="dsAlgoTests.StackTest" name="verifyCodeApplicationsPage" time="0.000">
    <skipped/>
  </testcase> <!-- verifyCodeApplicationsPage -->
  <system-out/>
  <testcase classname="dsAlgoTests.StackTest" name="verifyCodeImplementationPage" time="0.000">
    <skipped/>
  </testcase> <!-- verifyCodeImplementationPage -->
  <system-out/>
  <testcase classname="dsAlgoTests.StackTest" name="verifyCodeOperationsInStackPage" time="0.000">
    <skipped/>
  </testcase> <!-- verifyCodeOperationsInStackPage -->
  <system-out/>
  <testcase classname="dsAlgoTests.StackTest" name="verifyCodeImplementationPage" time="0.001">
    <skipped/>
  </testcase> <!-- verifyCodeImplementationPage -->
  <system-out/>
  <testcase classname="dsAlgoTests.StackTest" name="verifyCodeImplementationPage" time="0.000">
    <skipped/>
  </testcase> <!-- verifyCodeImplementationPage -->
  <system-out/>
  <testcase classname="dsAlgoTests.StackTest" name="verifyCodeImplementationPage" time="0.000">
    <skipped/>
  </testcase> <!-- verifyCodeImplementationPage -->
  <system-out/>
  <testcase classname="dsAlgoTests.StackTest" name="verifyCodeApplicationsPage" time="0.000">
    <skipped/>
  </testcase> <!-- verifyCodeApplicationsPage -->
  <system-out/>
  <testcase classname="dsAlgoTests.StackTest" name="verifyCodeApplicationsPage" time="0.000">
    <skipped/>
  </testcase> <!-- verifyCodeApplicationsPage -->
  <system-out/>
  <testcase classname="dsAlgoTests.StackTest" name="verifyCodeImplementationPage" time="0.000">
    <skipped/>
  </testcase> <!-- verifyCodeImplementationPage -->
  <system-out/>
  <testcase classname="dsAlgoTests.StackTest" name="verifyCodeOperationsInStackPage" time="0.000">
    <skipped/>
  </testcase> <!-- verifyCodeOperationsInStackPage -->
  <system-out/>
  <testcase classname="dsAlgoTests.StackTest" name="verifyCodeApplicationsPage" time="0.000">
    <skipped/>
  </testcase> <!-- verifyCodeApplicationsPage -->
  <system-out/>
  <testcase classname="dsAlgoTests.StackTest" name="verifyCodeImplementationPage" time="0.000">
    <skipped/>
  </testcase> <!-- verifyCodeImplementationPage -->
  <system-out/>
  <testcase classname="dsAlgoTests.StackTest" name="verifyCodeOperationsInStackPage" time="0.000">
    <skipped/>
  </testcase> <!-- verifyCodeOperationsInStackPage -->
  <system-out/>
  <testcase classname="dsAlgoTests.StackTest" name="verifyCodeApplicationsPage" time="0.000">
    <skipped/>
  </testcase> <!-- verifyCodeApplicationsPage -->
  <system-out/>
  <testcase classname="dsAlgoTests.StackTest" name="verifyCodeImplementationPage" time="0.000">
    <skipped/>
  </testcase> <!-- verifyCodeImplementationPage -->
  <system-out/>
  <testcase classname="dsAlgoTests.StackTest" name="verifyCodeOperationsInStackPage" time="0.000">
    <skipped/>
  </testcase> <!-- verifyCodeOperationsInStackPage -->
  <system-out/>
  <testcase classname="dsAlgoTests.StackTest" name="verifyCodeOperationsInStackPage" time="0.000">
    <skipped/>
  </testcase> <!-- verifyCodeOperationsInStackPage -->
  <system-out/>
  <testcase classname="dsAlgoTests.StackTest" name="verifyCodeOperationsInStackPage" time="0.000">
    <skipped/>
  </testcase> <!-- verifyCodeOperationsInStackPage -->
  <system-out/>
  <testcase classname="dsAlgoTests.StackTest" name="verifyCodeImplementationPage" time="0.000">
    <skipped/>
  </testcase> <!-- verifyCodeImplementationPage -->
  <system-out/>
  <testcase classname="dsAlgoTests.StackTest" name="verifyCodeOperationsInStackPage" time="0.000">
    <skipped/>
  </testcase> <!-- verifyCodeOperationsInStackPage -->
  <system-out/>
  <testcase classname="dsAlgoTests.StackTest" name="verifyCodeImplementationPage" time="0.000">
    <skipped/>
  </testcase> <!-- verifyCodeImplementationPage -->
  <system-out/>
  <testcase classname="dsAlgoTests.StackTest" name="verifyCodeOperationsInStackPage" time="0.000">
    <skipped/>
  </testcase> <!-- verifyCodeOperationsInStackPage -->
  <system-out/>
  <testcase classname="dsAlgoTests.StackTest" name="verifyCodeImplementationPage" time="0.000">
    <skipped/>
  </testcase> <!-- verifyCodeImplementationPage -->
  <system-out/>
  <testcase classname="dsAlgoTests.StackTest" name="verifyCodeApplicationsPage" time="0.000">
    <skipped/>
  </testcase> <!-- verifyCodeApplicationsPage -->
  <system-out/>
  <testcase classname="dsAlgoTests.StackTest" name="verifyCodeApplicationsPage" time="0.000">
    <skipped/>
  </testcase> <!-- verifyCodeApplicationsPage -->
  <system-out/>
  <testcase classname="dsAlgoTests.StackTest" name="verifyCodeApplicationsPage" time="0.000">
    <skipped/>
  </testcase> <!-- verifyCodeApplicationsPage -->
  <system-out/>
  <testcase classname="dsAlgoTests.StackTest" name="verifyCodeImplementationPage" time="0.000">
    <skipped/>
  </testcase> <!-- verifyCodeImplementationPage -->
  <system-out/>
  <testcase classname="dsAlgoTests.StackTest" name="verifyCodeImplementationPage" time="0.000">
    <skipped/>
  </testcase> <!-- verifyCodeImplementationPage -->
  <system-out/>
  <testcase classname="dsAlgoTests.StackTest" name="verifyCodeImplementationPage" time="0.000">
    <skipped/>
  </testcase> <!-- verifyCodeImplementationPage -->
  <system-out/>
  <testcase classname="dsAlgoTests.StackTest" name="verifyCodeApplicationsPage" time="0.000">
    <skipped/>
  </testcase> <!-- verifyCodeApplicationsPage -->
  <system-out/>
  <testcase classname="dsAlgoTests.StackTest" name="verifyCodeApplicationsPage" time="0.000">
    <skipped/>
  </testcase> <!-- verifyCodeApplicationsPage -->
  <system-out/>
  <testcase classname="dsAlgoTests.StackTest" name="verifyCodeOperationsInStackPage" time="0.000">
    <skipped/>
  </testcase> <!-- verifyCodeOperationsInStackPage -->
  <system-out/>
  <testcase classname="dsAlgoTests.StackTest" name="verifyCodeApplicationsPage" time="0.000">
    <skipped/>
  </testcase> <!-- verifyCodeApplicationsPage -->
  <system-out/>
  <testcase classname="dsAlgoTests.StackTest" name="verifyCodeApplicationsPage" time="0.000">
    <skipped/>
  </testcase> <!-- verifyCodeApplicationsPage -->
  <system-out/>
  <testcase classname="dsAlgoTests.StackTest" name="verifyCodeImplementationPage" time="0.000">
    <skipped/>
  </testcase> <!-- verifyCodeImplementationPage -->
  <system-out/>
  <testcase classname="dsAlgoTests.StackTest" name="verifyCodeApplicationsPage" time="0.000">
    <skipped/>
  </testcase> <!-- verifyCodeApplicationsPage -->
  <system-out/>
  <testcase classname="dsAlgoTests.StackTest" name="verifyCodeApplicationsPage" time="0.000">
    <skipped/>
  </testcase> <!-- verifyCodeApplicationsPage -->
  <system-out/>
  <testcase classname="dsAlgoTests.StackTest" name="verifyCodeApplicationsPage" time="0.000">
    <skipped/>
  </testcase> <!-- verifyCodeApplicationsPage -->
  <system-out/>
  <testcase classname="dsAlgoTests.StackTest" name="verifyCodeApplicationsPage" time="0.000">
    <skipped/>
  </testcase> <!-- verifyCodeApplicationsPage -->
  <system-out/>
  <testcase classname="dsAlgoTests.StackTest" name="verifyCodeOperationsInStackPage" time="0.000">
    <skipped/>
  </testcase> <!-- verifyCodeOperationsInStackPage -->
  <system-out/>
  <testcase classname="dsAlgoTests.StackTest" name="verifyCodeApplicationsPage" time="0.000">
    <skipped/>
  </testcase> <!-- verifyCodeApplicationsPage -->
  <system-out/>
  <testcase classname="dsAlgoTests.StackTest" name="verifyCodeImplementationPage" time="0.000">
    <skipped/>
  </testcase> <!-- verifyCodeImplementationPage -->
  <system-out/>
  <testcase classname="dsAlgoTests.StackTest" name="verifyCodeOperationsInStackPage" time="0.000">
    <skipped/>
  </testcase> <!-- verifyCodeOperationsInStackPage -->
  <system-out/>
  <testcase classname="dsAlgoTests.StackTest" name="verifyCodeImplementationPage" time="0.000">
    <skipped/>
  </testcase> <!-- verifyCodeImplementationPage -->
  <system-out/>
  <testcase classname="dsAlgoTests.StackTest" name="verifyCodeOperationsInStackPage" time="0.000">
    <skipped/>
  </testcase> <!-- verifyCodeOperationsInStackPage -->
  <system-out/>
  <testcase classname="dsAlgoTests.StackTest" name="verifyCodeOperationsInStackPage" time="0.000">
    <skipped/>
  </testcase> <!-- verifyCodeOperationsInStackPage -->
  <system-out/>
  <testcase classname="dsAlgoTests.StackTest" name="verifyCodeImplementationPage" time="0.000">
    <skipped/>
  </testcase> <!-- verifyCodeImplementationPage -->
  <system-out/>
  <testcase classname="dsAlgoTests.StackTest" name="verifyCodeApplicationsPage" time="0.000">
    <skipped/>
  </testcase> <!-- verifyCodeApplicationsPage -->
  <system-out/>
  <testcase classname="dsAlgoTests.StackTest" name="verifyCodeOperationsInStackPage" time="0.000">
    <skipped/>
  </testcase> <!-- verifyCodeOperationsInStackPage -->
  <system-out/>
  <testcase classname="dsAlgoTests.StackTest" name="verifyCodeImplementationPage" time="0.000">
    <skipped/>
  </testcase> <!-- verifyCodeImplementationPage -->
  <system-out/>
  <testcase classname="dsAlgoTests.StackTest" name="verifyCodeOperationsInStackPage" time="0.000">
    <skipped/>
  </testcase> <!-- verifyCodeOperationsInStackPage -->
  <system-out/>
  <testcase classname="dsAlgoTests.StackTest" name="verifyCodeOperationsInStackPage" time="0.000">
    <skipped/>
  </testcase> <!-- verifyCodeOperationsInStackPage -->
  <system-out/>
  <testcase classname="dsAlgoTests.StackTest" name="verifyCodeApplicationsPage" time="0.000">
    <skipped/>
  </testcase> <!-- verifyCodeApplicationsPage -->
  <system-out/>
  <testcase classname="dsAlgoTests.StackTest" name="verifyCodeImplementationPage" time="0.000">
    <skipped/>
  </testcase> <!-- verifyCodeImplementationPage -->
  <system-out/>
  <testcase classname="dsAlgoTests.StackTest" name="verifyCodeApplicationsPage" time="0.000">
    <skipped/>
  </testcase> <!-- verifyCodeApplicationsPage -->
  <system-out/>
  <testcase classname="dsAlgoTests.StackTest" name="verifyCodeOperationsInStackPage" time="0.000">
    <skipped/>
  </testcase> <!-- verifyCodeOperationsInStackPage -->
  <system-out/>
  <testcase classname="dsAlgoTests.StackTest" name="verifyCodeImplementationPage" time="0.000">
    <skipped/>
  </testcase> <!-- verifyCodeImplementationPage -->
  <system-out/>
  <testcase classname="dsAlgoTests.StackTest" name="verifyCodeOperationsInStackPage" time="0.000">
    <skipped/>
  </testcase> <!-- verifyCodeOperationsInStackPage -->
  <system-out/>
  <testcase classname="dsAlgoTests.StackTest" name="verifyCodeApplicationsPage" time="0.000">
    <skipped/>
  </testcase> <!-- verifyCodeApplicationsPage -->
  <system-out/>
  <testcase classname="dsAlgoTests.StackTest" name="verifyCodeApplicationsPage" time="0.000">
    <skipped/>
  </testcase> <!-- verifyCodeApplicationsPage -->
  <system-out/>
  <testcase classname="dsAlgoTests.StackTest" name="verifyCodeImplementationPage" time="0.000">
    <skipped/>
  </testcase> <!-- verifyCodeImplementationPage -->
  <system-out/>
  <testcase classname="dsAlgoTests.StackTest" name="verifyCodeApplicationsPage" time="0.000">
    <skipped/>
  </testcase> <!-- verifyCodeApplicationsPage -->
  <system-out/>
  <testcase classname="dsAlgoTests.StackTest" name="verifyCodeImplementationPage" time="0.000">
    <skipped/>
  </testcase> <!-- verifyCodeImplementationPage -->
  <system-out/>
  <testcase classname="dsAlgoTests.StackTest" name="verifyCodeApplicationsPage" time="0.000">
    <skipped/>
  </testcase> <!-- verifyCodeApplicationsPage -->
  <system-out/>
  <testcase classname="dsAlgoTests.StackTest" name="seeListOfPracticeQuestionsonApplicationsPage" time="0.000">
    <skipped/>
  </testcase> <!-- seeListOfPracticeQuestionsonApplicationsPage -->
  <system-out/>
  <testcase classname="dsAlgoTests.StackTest" name="verifyCodeApplicationsPage" time="0.000">
    <skipped/>
  </testcase> <!-- verifyCodeApplicationsPage -->
  <system-out/>
  <testcase classname="dsAlgoTests.StackTest" name="verifyCodeOperationsInStackPage" time="0.000">
    <skipped/>
  </testcase> <!-- verifyCodeOperationsInStackPage -->
  <system-out/>
  <testcase classname="dsAlgoTests.StackTest" name="verifyCodeImplementationPage" time="0.000">
    <skipped/>
  </testcase> <!-- verifyCodeImplementationPage -->
  <system-out/>
  <testcase classname="dsAlgoTests.StackTest" name="verifyCodeOperationsInStackPage" time="0.000">
    <skipped/>
  </testcase> <!-- verifyCodeOperationsInStackPage -->
  <system-out/>
  <testcase classname="dsAlgoTests.StackTest" name="verifyCodeOperationsInStackPage" time="0.000">
    <skipped/>
  </testcase> <!-- verifyCodeOperationsInStackPage -->
  <system-out/>
  <testcase classname="dsAlgoTests.StackTest" name="verifyCodeOperationsInStackPage" time="0.000">
    <skipped/>
  </testcase> <!-- verifyCodeOperationsInStackPage -->
  <system-out/>
  <testcase classname="dsAlgoTests.StackTest" name="verifyCodeOperationsInStackPage" time="0.000">
    <skipped/>
  </testcase> <!-- verifyCodeOperationsInStackPage -->
  <system-out/>
  <testcase classname="dsAlgoTests.StackTest" name="verifyCodeOperationsInStackPage" time="0.000">
    <skipped/>
  </testcase> <!-- verifyCodeOperationsInStackPage -->
  <system-out/>
  <testcase classname="dsAlgoTests.StackTest" name="verifyCodeApplicationsPage" time="0.000">
    <skipped/>
  </testcase> <!-- verifyCodeApplicationsPage -->
  <system-out/>
  <testcase classname="dsAlgoTests.StackTest" name="verifyCodeImplementationPage" time="0.000">
    <skipped/>
  </testcase> <!-- verifyCodeImplementationPage -->
  <system-out/>
  <testcase classname="dsAlgoTests.StackTest" name="verifyCodeImplementationPage" time="0.000">
    <skipped/>
  </testcase> <!-- verifyCodeImplementationPage -->
  <system-out/>
  <testcase classname="dsAlgoTests.StackTest" name="verifyCodeImplementationPage" time="0.000">
    <skipped/>
  </testcase> <!-- verifyCodeImplementationPage -->
  <system-out/>
  <testcase classname="dsAlgoTests.StackTest" name="verifyCodeOperationsInStackPage" time="0.000">
    <skipped/>
  </testcase> <!-- verifyCodeOperationsInStackPage -->
  <system-out/>
  <testcase classname="dsAlgoTests.StackTest" name="verifyCodeImplementationPage" time="0.000">
    <skipped/>
  </testcase> <!-- verifyCodeImplementationPage -->
  <system-out/>
  <testcase classname="dsAlgoTests.StackTest" name="verifyCodeImplementationPage" time="0.000">
    <skipped/>
  </testcase> <!-- verifyCodeImplementationPage -->
  <system-out/>
  <testcase classname="dsAlgoTests.StackTest" name="verifyCodeApplicationsPage" time="0.000">
    <skipped/>
  </testcase> <!-- verifyCodeApplicationsPage -->
  <system-out/>
  <testcase classname="dsAlgoTests.StackTest" name="verifyCodeImplementationPage" time="0.000">
    <skipped/>
  </testcase> <!-- verifyCodeImplementationPage -->
  <system-out/>
  <testcase classname="dsAlgoTests.StackTest" name="verifyCodeApplicationsPage" time="0.000">
    <skipped/>
  </testcase> <!-- verifyCodeApplicationsPage -->
  <system-out/>
  <testcase classname="dsAlgoTests.StackTest" name="verifyCodeImplementationPage" time="0.000">
    <skipped/>
  </testcase> <!-- verifyCodeImplementationPage -->
  <system-out/>
  <testcase classname="dsAlgoTests.StackTest" name="verifyCodeImplementationPage" time="0.000">
    <skipped/>
  </testcase> <!-- verifyCodeImplementationPage -->
  <system-out/>
  <testcase classname="dsAlgoTests.StackTest" name="verifyCodeApplicationsPage" time="0.000">
    <skipped/>
  </testcase> <!-- verifyCodeApplicationsPage -->
  <system-out/>
  <testcase classname="dsAlgoTests.StackTest" name="verifyCodeOperationsInStackPage" time="0.000">
    <skipped/>
  </testcase> <!-- verifyCodeOperationsInStackPage -->
  <system-out/>
  <testcase classname="dsAlgoTests.StackTest" name="verifyCodeApplicationsPage" time="0.000">
    <skipped/>
  </testcase> <!-- verifyCodeApplicationsPage -->
  <system-out/>
  <testcase classname="dsAlgoTests.StackTest" name="verifyCodeApplicationsPage" time="0.000">
    <skipped/>
  </testcase> <!-- verifyCodeApplicationsPage -->
  <system-out/>
  <testcase classname="dsAlgoTests.StackTest" name="verifyCodeOperationsInStackPage" time="0.000">
    <skipped/>
  </testcase> <!-- verifyCodeOperationsInStackPage -->
  <system-out/>
  <testcase classname="dsAlgoTests.StackTest" name="verifyCodeOperationsInStackPage" time="0.000">
    <skipped/>
  </testcase> <!-- verifyCodeOperationsInStackPage -->
  <system-out/>
  <testcase classname="dsAlgoTests.StackTest" name="verifyCodeOperationsInStackPage" time="0.000">
    <skipped/>
  </testcase> <!-- verifyCodeOperationsInStackPage -->
  <system-out/>
  <testcase classname="dsAlgoTests.StackTest" name="verifyCodeApplicationsPage" time="0.000">
    <skipped/>
  </testcase> <!-- verifyCodeApplicationsPage -->
  <system-out/>
  <testcase classname="dsAlgoTests.StackTest" name="verifyCodeOperationsInStackPage" time="0.000">
    <skipped/>
  </testcase> <!-- verifyCodeOperationsInStackPage -->
  <system-out/>
  <testcase classname="dsAlgoTests.StackTest" name="verifyCodeImplementationPage" time="0.000">
    <skipped/>
  </testcase> <!-- verifyCodeImplementationPage -->
  <system-out/>
  <testcase classname="dsAlgoTests.StackTest" name="verifyCodeOperationsInStackPage" time="0.000">
    <skipped/>
  </testcase> <!-- verifyCodeOperationsInStackPage -->
  <system-out/>
  <testcase classname="dsAlgoTests.StackTest" name="verifyCodeApplicationsPage" time="0.000">
    <skipped/>
  </testcase> <!-- verifyCodeApplicationsPage -->
  <system-out/>
  <testcase classname="dsAlgoTests.StackTest" name="verifyCodeOperationsInStackPage" time="0.000">
    <skipped/>
  </testcase> <!-- verifyCodeOperationsInStackPage -->
  <system-out/>
  <testcase classname="dsAlgoTests.StackTest" name="verifyCodeApplicationsPage" time="0.000">
    <skipped/>
  </testcase> <!-- verifyCodeApplicationsPage -->
  <system-out/>
  <testcase classname="dsAlgoTests.StackTest" name="verifyCodeApplicationsPage" time="0.000">
    <skipped/>
  </testcase> <!-- verifyCodeApplicationsPage -->
  <system-out/>
  <testcase classname="dsAlgoTests.StackTest" name="verifyCodeImplementationPage" time="0.000">
    <skipped/>
  </testcase> <!-- verifyCodeImplementationPage -->
  <system-out/>
  <testcase classname="dsAlgoTests.StackTest" name="verifyCodeApplicationsPage" time="0.000">
    <skipped/>
  </testcase> <!-- verifyCodeApplicationsPage -->
  <system-out/>
  <testcase classname="dsAlgoTests.StackTest" name="verifyCodeApplicationsPage" time="0.000">
    <skipped/>
  </testcase> <!-- verifyCodeApplicationsPage -->
  <system-out/>
  <testcase classname="dsAlgoTests.StackTest" name="verifyCodeApplicationsPage" time="0.000">
    <skipped/>
  </testcase> <!-- verifyCodeApplicationsPage -->
  <system-out/>
  <testcase classname="dsAlgoTests.StackTest" name="verifyCodeImplementationPage" time="0.000">
    <skipped/>
  </testcase> <!-- verifyCodeImplementationPage -->
  <system-out/>
  <testcase classname="dsAlgoTests.StackTest" name="verifyCodeApplicationsPage" time="0.000">
    <skipped/>
  </testcase> <!-- verifyCodeApplicationsPage -->
  <system-out/>
  <testcase classname="dsAlgoTests.StackTest" name="verifyCodeImplementationPage" time="0.000">
    <skipped/>
  </testcase> <!-- verifyCodeImplementationPage -->
  <system-out/>
  <testcase classname="dsAlgoTests.StackTest" name="verifyCodeImplementationPage" time="0.000">
    <skipped/>
  </testcase> <!-- verifyCodeImplementationPage -->
  <system-out/>
  <testcase classname="dsAlgoTests.StackTest" name="verifyCodeOperationsInStackPage" time="0.000">
    <skipped/>
  </testcase> <!-- verifyCodeOperationsInStackPage -->
  <system-out/>
  <testcase classname="dsAlgoTests.StackTest" name="verifyCodeApplicationsPage" time="0.000">
    <skipped/>
  </testcase> <!-- verifyCodeApplicationsPage -->
  <system-out/>
  <testcase classname="dsAlgoTests.StackTest" name="verifyCodeOperationsInStackPage" time="0.000">
    <skipped/>
  </testcase> <!-- verifyCodeOperationsInStackPage -->
  <system-out/>
  <testcase classname="dsAlgoTests.StackTest" name="verifyCodeApplicationsPage" time="0.000">
    <skipped/>
  </testcase> <!-- verifyCodeApplicationsPage -->
  <system-out/>
  <testcase classname="dsAlgoTests.StackTest" name="verifyCodeApplicationsPage" time="0.000">
    <skipped/>
  </testcase> <!-- verifyCodeApplicationsPage -->
  <system-out/>
  <testcase classname="dsAlgoTests.StackTest" name="verifyCodeOperationsInStackPage" time="0.000">
    <skipped/>
  </testcase> <!-- verifyCodeOperationsInStackPage -->
  <system-out/>
  <testcase classname="dsAlgoTests.StackTest" name="verifyCodeOperationsInStackPage" time="0.000">
    <skipped/>
  </testcase> <!-- verifyCodeOperationsInStackPage -->
  <system-out/>
  <testcase classname="dsAlgoTests.StackTest" name="verifyCodeApplicationsPage" time="0.000">
    <skipped/>
  </testcase> <!-- verifyCodeApplicationsPage -->
  <system-out/>
  <testcase classname="dsAlgoTests.StackTest" name="verifyCodeOperationsInStackPage" time="0.000">
    <skipped/>
  </testcase> <!-- verifyCodeOperationsInStackPage -->
  <system-out/>
  <testcase classname="dsAlgoTests.StackTest" name="verifyCodeApplicationsPage" time="0.000">
    <skipped/>
  </testcase> <!-- verifyCodeApplicationsPage -->
  <system-out/>
  <testcase classname="dsAlgoTests.StackTest" name="verifyCodeApplicationsPage" time="0.000">
    <skipped/>
  </testcase> <!-- verifyCodeApplicationsPage -->
  <system-out/>
  <testcase classname="dsAlgoTests.StackTest" name="verifyCodeImplementationPage" time="0.000">
    <skipped/>
  </testcase> <!-- verifyCodeImplementationPage -->
  <system-out/>
  <testcase classname="dsAlgoTests.StackTest" name="verifyCodeOperationsInStackPage" time="0.000">
    <skipped/>
  </testcase> <!-- verifyCodeOperationsInStackPage -->
  <system-out/>
  <testcase classname="dsAlgoTests.StackTest" name="verifyCodeImplementationPage" time="0.000">
    <skipped/>
  </testcase> <!-- verifyCodeImplementationPage -->
  <system-out/>
  <testcase classname="dsAlgoTests.StackTest" name="verifyCodeApplicationsPage" time="0.000">
    <skipped/>
  </testcase> <!-- verifyCodeApplicationsPage -->
  <system-out/>
  <testcase classname="dsAlgoTests.StackTest" name="verifyCodeImplementationPage" time="0.000">
    <skipped/>
  </testcase> <!-- verifyCodeImplementationPage -->
  <system-out/>
  <testcase classname="dsAlgoTests.StackTest" name="verifyCodeOperationsInStackPage" time="0.000">
    <skipped/>
  </testcase> <!-- verifyCodeOperationsInStackPage -->
  <system-out/>
  <testcase classname="dsAlgoTests.StackTest" name="verifyCodeOperationsInStackPage" time="0.000">
    <skipped/>
  </testcase> <!-- verifyCodeOperationsInStackPage -->
  <system-out/>
  <testcase classname="dsAlgoTests.StackTest" name="verifyCodeOperationsInStackPage" time="0.000">
    <skipped/>
  </testcase> <!-- verifyCodeOperationsInStackPage -->
  <system-out/>
  <testcase classname="dsAlgoTests.StackTest" name="verifyCodeImplementationPage" time="0.000">
    <skipped/>
  </testcase> <!-- verifyCodeImplementationPage -->
  <system-out/>
  <testcase classname="dsAlgoTests.StackTest" name="verifyCodeImplementationPage" time="0.000">
    <skipped/>
  </testcase> <!-- verifyCodeImplementationPage -->
  <system-out/>
  <testcase classname="dsAlgoTests.StackTest" name="verifyCodeOperationsInStackPage" time="0.000">
    <skipped/>
  </testcase> <!-- verifyCodeOperationsInStackPage -->
  <system-out/>
  <testcase classname="dsAlgoTests.StackTest" name="verifyCodeOperationsInStackPage" time="0.000">
    <skipped/>
  </testcase> <!-- verifyCodeOperationsInStackPage -->
  <system-out/>
  <testcase classname="dsAlgoTests.StackTest" name="verifyCodeOperationsInStackPage" time="0.000">
    <skipped/>
  </testcase> <!-- verifyCodeOperationsInStackPage -->
  <system-out/>
  <testcase classname="dsAlgoTests.StackTest" name="verifyCodeApplicationsPage" time="0.000">
    <skipped/>
  </testcase> <!-- verifyCodeApplicationsPage -->
  <system-out/>
  <testcase classname="dsAlgoTests.StackTest" name="verifyCodeImplementationPage" time="0.000">
    <skipped/>
  </testcase> <!-- verifyCodeImplementationPage -->
  <system-out/>
  <testcase classname="dsAlgoTests.StackTest" name="verifyCodeImplementationPage" time="0.000">
    <skipped/>
  </testcase> <!-- verifyCodeImplementationPage -->
  <system-out/>
  <testcase classname="dsAlgoTests.StackTest" name="verifyCodeImplementationPage" time="0.000">
    <skipped/>
  </testcase> <!-- verifyCodeImplementationPage -->
  <system-out/>
  <testcase classname="dsAlgoTests.StackTest" name="verifyCodeOperationsInStackPage" time="0.000">
    <skipped/>
  </testcase> <!-- verifyCodeOperationsInStackPage -->
  <system-out/>
  <testcase classname="dsAlgoTests.StackTest" name="verifyCodeImplementationPage" time="0.000">
    <skipped/>
  </testcase> <!-- verifyCodeImplementationPage -->
  <system-out/>
  <testcase classname="dsAlgoTests.StackTest" name="verifyCodeOperationsInStackPage" time="0.000">
    <skipped/>
  </testcase> <!-- verifyCodeOperationsInStackPage -->
  <system-out/>
  <testcase classname="dsAlgoTests.StackTest" name="verifyCodeApplicationsPage" time="0.000">
    <skipped/>
  </testcase> <!-- verifyCodeApplicationsPage -->
  <system-out/>
  <testcase classname="dsAlgoTests.StackTest" name="verifyCodeApplicationsPage" time="0.000">
    <skipped/>
  </testcase> <!-- verifyCodeApplicationsPage -->
  <system-out/>
  <testcase classname="dsAlgoTests.StackTest" name="verifyCodeApplicationsPage" time="0.000">
    <skipped/>
  </testcase> <!-- verifyCodeApplicationsPage -->
  <system-out/>
  <testcase classname="dsAlgoTests.StackTest" name="verifyCodeOperationsInStackPage" time="0.000">
    <skipped/>
  </testcase> <!-- verifyCodeOperationsInStackPage -->
  <system-out/>
  <testcase classname="dsAlgoTests.StackTest" name="verifyCodeApplicationsPage" time="0.000">
    <skipped/>
  </testcase> <!-- verifyCodeApplicationsPage -->
  <system-out/>
  <testcase classname="dsAlgoTests.StackTest" name="verifyCodeApplicationsPage" time="0.000">
    <skipped/>
  </testcase> <!-- verifyCodeApplicationsPage -->
  <system-out/>
  <testcase classname="dsAlgoTests.StackTest" name="verifyCodeOperationsInStackPage" time="0.000">
    <skipped/>
  </testcase> <!-- verifyCodeOperationsInStackPage -->
  <system-out/>
  <testcase classname="dsAlgoTests.StackTest" name="verifyCodeApplicationsPage" time="0.000">
    <skipped/>
  </testcase> <!-- verifyCodeApplicationsPage -->
  <system-out/>
  <testcase classname="dsAlgoTests.StackTest" name="verifyCodeImplementationPage" time="0.000">
    <skipped/>
  </testcase> <!-- verifyCodeImplementationPage -->
  <system-out/>
  <testcase classname="dsAlgoTests.StackTest" name="verifyCodeApplicationsPage" time="0.000">
    <skipped/>
  </testcase> <!-- verifyCodeApplicationsPage -->
  <system-out/>
  <testcase classname="dsAlgoTests.StackTest" name="verifyCodeApplicationsPage" time="0.000">
    <skipped/>
  </testcase> <!-- verifyCodeApplicationsPage -->
  <system-out/>
  <testcase classname="dsAlgoTests.StackTest" name="verifyCodeOperationsInStackPage" time="0.000">
    <skipped/>
  </testcase> <!-- verifyCodeOperationsInStackPage -->
  <system-out/>
  <testcase classname="dsAlgoTests.StackTest" name="verifyCodeOperationsInStackPage" time="0.000">
    <skipped/>
  </testcase> <!-- verifyCodeOperationsInStackPage -->
  <system-out/>
  <testcase classname="dsAlgoTests.StackTest" name="verifyCodeOperationsInStackPage" time="0.000">
    <skipped/>
  </testcase> <!-- verifyCodeOperationsInStackPage -->
  <system-out/>
  <testcase classname="dsAlgoTests.StackTest" name="verifyCodeApplicationsPage" time="0.000">
    <skipped/>
  </testcase> <!-- verifyCodeApplicationsPage -->
  <system-out/>
  <testcase classname="dsAlgoTests.StackTest" name="verifyCodeImplementationPage" time="0.000">
    <skipped/>
  </testcase> <!-- verifyCodeImplementationPage -->
  <system-out/>
  <testcase classname="dsAlgoTests.StackTest" name="verifyCodeApplicationsPage" time="0.000">
    <skipped/>
  </testcase> <!-- verifyCodeApplicationsPage -->
  <system-out/>
  <testcase classname="dsAlgoTests.StackTest" name="verifyCodeApplicationsPage" time="0.000">
    <skipped/>
  </testcase> <!-- verifyCodeApplicationsPage -->
  <system-out/>
  <testcase classname="dsAlgoTests.StackTest" name="verifyCodeOperationsInStackPage" time="0.000">
    <skipped/>
  </testcase> <!-- verifyCodeOperationsInStackPage -->
  <system-out/>
  <testcase classname="dsAlgoTests.StackTest" name="verifyCodeImplementationPage" time="0.000">
    <skipped/>
  </testcase> <!-- verifyCodeImplementationPage -->
  <system-out/>
  <testcase classname="dsAlgoTests.StackTest" name="verifyCodeImplementationPage" time="0.000">
    <skipped/>
  </testcase> <!-- verifyCodeImplementationPage -->
  <system-out/>
  <testcase classname="dsAlgoTests.StackTest" name="verifyCodeApplicationsPage" time="0.000">
    <skipped/>
  </testcase> <!-- verifyCodeApplicationsPage -->
  <system-out/>
  <testcase classname="dsAlgoTests.StackTest" name="verifyCodeApplicationsPage" time="0.000">
    <skipped/>
  </testcase> <!-- verifyCodeApplicationsPage -->
  <system-out/>
  <testcase classname="dsAlgoTests.StackTest" name="verifyCodeOperationsInStackPage" time="0.000">
    <skipped/>
  </testcase> <!-- verifyCodeOperationsInStackPage -->
  <system-out/>
  <testcase classname="dsAlgoTests.StackTest" name="verifyCodeOperationsInStackPage" time="0.000">
    <skipped/>
  </testcase> <!-- verifyCodeOperationsInStackPage -->
  <system-out/>
  <testcase classname="dsAlgoTests.StackTest" name="verifyCodeImplementationPage" time="0.000">
    <skipped/>
  </testcase> <!-- verifyCodeImplementationPage -->
  <system-out/>
  <testcase classname="dsAlgoTests.StackTest" name="verifyCodeOperationsInStackPage" time="0.000">
    <skipped/>
  </testcase> <!-- verifyCodeOperationsInStackPage -->
  <system-out/>
  <testcase classname="dsAlgoTests.StackTest" name="verifyCodeApplicationsPage" time="0.000">
    <skipped/>
  </testcase> <!-- verifyCodeApplicationsPage -->
  <system-out/>
  <testcase classname="dsAlgoTests.StackTest" name="verifyCodeImplementationPage" time="0.000">
    <skipped/>
  </testcase> <!-- verifyCodeImplementationPage -->
  <system-out/>
  <testcase classname="dsAlgoTests.StackTest" name="verifyCodeOperationsInStackPage" time="0.000">
    <skipped/>
  </testcase> <!-- verifyCodeOperationsInStackPage -->
  <system-out/>
  <testcase classname="dsAlgoTests.StackTest" name="verifyCodeImplementationPage" time="0.000">
    <skipped/>
  </testcase> <!-- verifyCodeImplementationPage -->
  <system-out/>
  <testcase classname="dsAlgoTests.StackTest" name="verifyCodeOperationsInStackPage" time="0.000">
    <skipped/>
  </testcase> <!-- verifyCodeOperationsInStackPage -->
  <system-out/>
  <testcase classname="dsAlgoTests.StackTest" name="verifyCodeApplicationsPage" time="0.000">
    <skipped/>
  </testcase> <!-- verifyCodeApplicationsPage -->
  <system-out/>
  <testcase classname="dsAlgoTests.StackTest" name="verifyCodeApplicationsPage" time="0.000">
    <skipped/>
  </testcase> <!-- verifyCodeApplicationsPage -->
  <system-out/>
  <testcase classname="dsAlgoTests.StackTest" name="verifyCodeImplementationPage" time="0.000">
    <skipped/>
  </testcase> <!-- verifyCodeImplementationPage -->
  <system-out/>
  <testcase classname="dsAlgoTests.StackTest" name="verifyCodeOperationsInStackPage" time="0.000">
    <skipped/>
  </testcase> <!-- verifyCodeOperationsInStackPage -->
  <system-out/>
  <testcase classname="dsAlgoTests.StackTest" name="verifyCodeApplicationsPage" time="0.000">
    <skipped/>
  </testcase> <!-- verifyCodeApplicationsPage -->
  <system-out/>
  <testcase classname="dsAlgoTests.StackTest" name="verifyCodeImplementationPage" time="0.000">
    <skipped/>
  </testcase> <!-- verifyCodeImplementationPage -->
  <system-out/>
  <testcase classname="dsAlgoTests.StackTest" name="verifyCodeImplementationPage" time="0.000">
    <skipped/>
  </testcase> <!-- verifyCodeImplementationPage -->
  <system-out/>
  <testcase classname="dsAlgoTests.StackTest" name="verifyCodeOperationsInStackPage" time="0.000">
    <skipped/>
  </testcase> <!-- verifyCodeOperationsInStackPage -->
  <system-out/>
  <testcase classname="dsAlgoTests.StackTest" name="verifyCodeImplementationPage" time="0.000">
    <skipped/>
  </testcase> <!-- verifyCodeImplementationPage -->
  <system-out/>
  <testcase classname="dsAlgoTests.StackTest" name="verifyCodeApplicationsPage" time="0.000">
    <skipped/>
  </testcase> <!-- verifyCodeApplicationsPage -->
  <system-out/>
  <testcase classname="dsAlgoTests.StackTest" name="verifyCodeApplicationsPage" time="0.000">
    <skipped/>
  </testcase> <!-- verifyCodeApplicationsPage -->
  <system-out/>
  <testcase classname="dsAlgoTests.StackTest" name="verifyCodeImplementationPage" time="0.000">
    <skipped/>
  </testcase> <!-- verifyCodeImplementationPage -->
  <system-out/>
  <testcase classname="dsAlgoTests.StackTest" name="verifyCodeOperationsInStackPage" time="0.000">
    <skipped/>
  </testcase> <!-- verifyCodeOperationsInStackPage -->
  <system-out/>
  <testcase classname="dsAlgoTests.StackTest" name="verifyCodeOperationsInStackPage" time="0.000">
    <skipped/>
  </testcase> <!-- verifyCodeOperationsInStackPage -->
  <system-out/>
  <testcase classname="dsAlgoTests.StackTest" name="verifyCodeImplementationPage" time="0.000">
    <skipped/>
  </testcase> <!-- verifyCodeImplementationPage -->
  <system-out/>
  <testcase classname="dsAlgoTests.StackTest" name="verifyCodeOperationsInStackPage" time="0.000">
    <skipped/>
  </testcase> <!-- verifyCodeOperationsInStackPage -->
  <system-out/>
  <testcase classname="dsAlgoTests.StackTest" name="verifyCodeOperationsInStackPage" time="0.000">
    <skipped/>
  </testcase> <!-- verifyCodeOperationsInStackPage -->
  <system-out/>
  <testcase classname="dsAlgoTests.StackTest" name="verifyCodeOperationsInStackPage" time="0.000">
    <skipped/>
  </testcase> <!-- verifyCodeOperationsInStackPage -->
  <system-out/>
  <testcase classname="dsAlgoTests.StackTest" name="verifyCodeApplicationsPage" time="0.000">
    <skipped/>
  </testcase> <!-- verifyCodeApplicationsPage -->
  <system-out/>
  <testcase classname="dsAlgoTests.StackTest" name="verifyCodeOperationsInStackPage" time="0.000">
    <skipped/>
  </testcase> <!-- verifyCodeOperationsInStackPage -->
  <system-out/>
  <testcase classname="dsAlgoTests.StackTest" name="verifyCodeImplementationPage" time="0.000">
    <skipped/>
  </testcase> <!-- verifyCodeImplementationPage -->
  <system-out/>
  <testcase classname="dsAlgoTests.StackTest" name="verifyCodeApplicationsPage" time="0.000">
    <skipped/>
  </testcase> <!-- verifyCodeApplicationsPage -->
  <system-out/>
  <testcase classname="dsAlgoTests.StackTest" name="verifyCodeImplementationPage" time="0.000">
    <skipped/>
  </testcase> <!-- verifyCodeImplementationPage -->
  <system-out/>
  <testcase classname="dsAlgoTests.StackTest" name="verifyCodeOperationsInStackPage" time="0.000">
    <skipped/>
  </testcase> <!-- verifyCodeOperationsInStackPage -->
  <system-out/>
  <testcase classname="dsAlgoTests.StackTest" name="verifyCodeOperationsInStackPage" time="0.000">
    <skipped/>
  </testcase> <!-- verifyCodeOperationsInStackPage -->
  <system-out/>
  <testcase classname="dsAlgoTests.StackTest" name="verifyCodeApplicationsPage" time="0.000">
    <skipped/>
  </testcase> <!-- verifyCodeApplicationsPage -->
  <system-out/>
  <testcase classname="dsAlgoTests.StackTest" name="verifyCodeOperationsInStackPage" time="0.000">
    <skipped/>
  </testcase> <!-- verifyCodeOperationsInStackPage -->
  <system-out/>
  <testcase classname="dsAlgoTests.StackTest" name="verifyCodeApplicationsPage" time="0.000">
    <skipped/>
  </testcase> <!-- verifyCodeApplicationsPage -->
  <system-out/>
  <testcase classname="dsAlgoTests.StackTest" name="verifyCodeImplementationPage" time="0.000">
    <skipped/>
  </testcase> <!-- verifyCodeImplementationPage -->
  <system-out/>
  <testcase classname="dsAlgoTests.StackTest" name="verifyCodeApplicationsPage" time="0.000">
    <skipped/>
  </testcase> <!-- verifyCodeApplicationsPage -->
  <system-out/>
  <testcase classname="dsAlgoTests.StackTest" name="verifyCodeApplicationsPage" time="0.000">
    <skipped/>
  </testcase> <!-- verifyCodeApplicationsPage -->
  <system-out/>
  <testcase classname="dsAlgoTests.StackTest" name="verifyCodeOperationsInStackPage" time="0.000">
    <skipped/>
  </testcase> <!-- verifyCodeOperationsInStackPage -->
  <system-out/>
  <testcase classname="dsAlgoTests.StackTest" name="verifyCodeOperationsInStackPage" time="0.000">
    <skipped/>
  </testcase> <!-- verifyCodeOperationsInStackPage -->
  <system-out/>
  <testcase classname="dsAlgoTests.StackTest" name="verifyCodeOperationsInStackPage" time="0.000">
    <skipped/>
  </testcase> <!-- verifyCodeOperationsInStackPage -->
  <system-out/>
  <testcase classname="dsAlgoTests.StackTest" name="verifyCodeApplicationsPage" time="0.000">
    <skipped/>
  </testcase> <!-- verifyCodeApplicationsPage -->
  <system-out/>
  <testcase classname="dsAlgoTests.StackTest" name="verifyCodeImplementationPage" time="0.000">
    <skipped/>
  </testcase> <!-- verifyCodeImplementationPage -->
  <system-out/>
  <testcase classname="dsAlgoTests.StackTest" name="verifyCodeImplementationPage" time="0.000">
    <skipped/>
  </testcase> <!-- verifyCodeImplementationPage -->
  <system-out/>
  <testcase classname="dsAlgoTests.StackTest" name="verifyCodeApplicationsPage" time="0.000">
    <skipped/>
  </testcase> <!-- verifyCodeApplicationsPage -->
  <system-out/>
  <testcase classname="dsAlgoTests.StackTest" name="verifyCodeApplicationsPage" time="0.000">
    <skipped/>
  </testcase> <!-- verifyCodeApplicationsPage -->
  <system-out/>
  <testcase classname="dsAlgoTests.StackTest" name="verifyCodeImplementationPage" time="0.000">
    <skipped/>
  </testcase> <!-- verifyCodeImplementationPage -->
  <system-out/>
  <testcase classname="dsAlgoTests.StackTest" name="verifyCodeImplementationPage" time="0.000">
    <skipped/>
  </testcase> <!-- verifyCodeImplementationPage -->
  <system-out/>
  <testcase classname="dsAlgoTests.StackTest" name="verifyCodeApplicationsPage" time="0.000">
    <skipped/>
  </testcase> <!-- verifyCodeApplicationsPage -->
  <system-out/>
  <testcase classname="dsAlgoTests.StackTest" name="verifyCodeApplicationsPage" time="0.000">
    <skipped/>
  </testcase> <!-- verifyCodeApplicationsPage -->
  <system-out/>
  <testcase classname="dsAlgoTests.StackTest" name="verifyCodeApplicationsPage" time="0.000">
    <skipped/>
  </testcase> <!-- verifyCodeApplicationsPage -->
  <system-out/>
  <testcase classname="dsAlgoTests.StackTest" name="verifyCodeOperationsInStackPage" time="0.000">
    <skipped/>
  </testcase> <!-- verifyCodeOperationsInStackPage -->
  <system-out/>
  <testcase classname="dsAlgoTests.StackTest" name="verifyCodeApplicationsPage" time="0.000">
    <skipped/>
  </testcase> <!-- verifyCodeApplicationsPage -->
  <system-out/>
  <testcase classname="dsAlgoTests.StackTest" name="verifyCodeImplementationPage" time="0.000">
    <skipped/>
  </testcase> <!-- verifyCodeImplementationPage -->
  <system-out/>
  <testcase classname="dsAlgoTests.StackTest" name="verifyCodeApplicationsPage" time="0.000">
    <skipped/>
  </testcase> <!-- verifyCodeApplicationsPage -->
  <system-out/>
  <testcase classname="dsAlgoTests.StackTest" name="verifyCodeApplicationsPage" time="0.000">
    <skipped/>
  </testcase> <!-- verifyCodeApplicationsPage -->
  <system-out/>
  <testcase classname="dsAlgoTests.StackTest" name="verifyCodeImplementationPage" time="0.000">
    <skipped/>
  </testcase> <!-- verifyCodeImplementationPage -->
  <system-out/>
  <testcase classname="dsAlgoTests.StackTest" name="verifyCodeImplementationPage" time="0.000">
    <skipped/>
  </testcase> <!-- verifyCodeImplementationPage -->
  <system-out/>
  <testcase classname="dsAlgoTests.StackTest" name="verifyCodeOperationsInStackPage" time="0.000">
    <skipped/>
  </testcase> <!-- verifyCodeOperationsInStackPage -->
  <system-out/>
  <testcase classname="dsAlgoTests.StackTest" name="verifyCodeImplementationPage" time="0.000">
    <skipped/>
  </testcase> <!-- verifyCodeImplementationPage -->
  <system-out/>
  <testcase classname="dsAlgoTests.StackTest" name="verifyCodeImplementationPage" time="0.000">
    <skipped/>
  </testcase> <!-- verifyCodeImplementationPage -->
  <system-out/>
  <testcase classname="dsAlgoTests.StackTest" name="verifyCodeOperationsInStackPage" time="0.000">
    <skipped/>
  </testcase> <!-- verifyCodeOperationsInStackPage -->
  <system-out/>
  <testcase classname="dsAlgoTests.StackTest" name="verifyCodeOperationsInStackPage" time="0.000">
    <skipped/>
  </testcase> <!-- verifyCodeOperationsInStackPage -->
  <system-out/>
  <testcase classname="dsAlgoTests.StackTest" name="verifyCodeImplementationPage" time="0.000">
    <skipped/>
  </testcase> <!-- verifyCodeImplementationPage -->
  <system-out/>
  <testcase classname="dsAlgoTests.StackTest" name="verifyCodeImplementationPage" time="0.000">
    <skipped/>
  </testcase> <!-- verifyCodeImplementationPage -->
  <system-out/>
  <testcase classname="dsAlgoTests.StackTest" name="verifyCodeImplementationPage" time="0.000">
    <skipped/>
  </testcase> <!-- verifyCodeImplementationPage -->
  <system-out/>
  <testcase classname="dsAlgoTests.StackTest" name="verifyCodeOperationsInStackPage" time="0.000">
    <skipped/>
  </testcase> <!-- verifyCodeOperationsInStackPage -->
  <system-out/>
  <testcase classname="dsAlgoTests.StackTest" name="verifyCodeImplementationPage" time="0.000">
    <skipped/>
  </testcase> <!-- verifyCodeImplementationPage -->
  <system-out/>
  <testcase classname="dsAlgoTests.StackTest" name="verifyCodeImplementationPage" time="0.000">
    <skipped/>
  </testcase> <!-- verifyCodeImplementationPage -->
  <system-out/>
  <testcase classname="dsAlgoTests.StackTest" name="verifyCodeApplicationsPage" time="0.000">
    <skipped/>
  </testcase> <!-- verifyCodeApplicationsPage -->
  <system-out/>
  <testcase classname="dsAlgoTests.StackTest" name="verifyCodeImplementationPage" time="0.000">
    <skipped/>
  </testcase> <!-- verifyCodeImplementationPage -->
  <system-out/>
  <testcase classname="dsAlgoTests.StackTest" name="verifyCodeOperationsInStackPage" time="0.000">
    <skipped/>
  </testcase> <!-- verifyCodeOperationsInStackPage -->
  <system-out/>
  <testcase classname="dsAlgoTests.StackTest" name="verifyCodeImplementationPage" time="0.000">
    <skipped/>
  </testcase> <!-- verifyCodeImplementationPage -->
  <system-out/>
  <testcase classname="dsAlgoTests.StackTest" name="verifyCodeOperationsInStackPage" time="0.000">
    <skipped/>
  </testcase> <!-- verifyCodeOperationsInStackPage -->
  <system-out/>
  <testcase classname="dsAlgoTests.StackTest" name="verifyCodeOperationsInStackPage" time="0.000">
    <skipped/>
  </testcase> <!-- verifyCodeOperationsInStackPage -->
  <system-out/>
  <testcase classname="dsAlgoTests.StackTest" name="verifyCodeOperationsInStackPage" time="0.000">
    <skipped/>
  </testcase> <!-- verifyCodeOperationsInStackPage -->
  <system-out/>
  <testcase classname="dsAlgoTests.StackTest" name="verifyCodeOperationsInStackPage" time="0.000">
    <skipped/>
  </testcase> <!-- verifyCodeOperationsInStackPage -->
  <system-out/>
  <testcase classname="dsAlgoTests.StackTest" name="verifyCodeApplicationsPage" time="0.000">
    <skipped/>
  </testcase> <!-- verifyCodeApplicationsPage -->
  <system-out/>
  <testcase classname="dsAlgoTests.StackTest" name="verifyCodeOperationsInStackPage" time="0.000">
    <skipped/>
  </testcase> <!-- verifyCodeOperationsInStackPage -->
  <system-out/>
  <testcase classname="dsAlgoTests.StackTest" name="verifyCodeImplementationPage" time="0.000">
    <skipped/>
  </testcase> <!-- verifyCodeImplementationPage -->
  <system-out/>
  <testcase classname="dsAlgoTests.StackTest" name="verifyCodeImplementationPage" time="0.000">
    <skipped/>
  </testcase> <!-- verifyCodeImplementationPage -->
  <system-out/>
  <testcase classname="dsAlgoTests.StackTest" name="verifyCodeApplicationsPage" time="0.000">
    <skipped/>
  </testcase> <!-- verifyCodeApplicationsPage -->
  <system-out/>
  <testcase classname="dsAlgoTests.StackTest" name="verifyCodeImplementationPage" time="0.000">
    <skipped/>
  </testcase> <!-- verifyCodeImplementationPage -->
  <system-out/>
  <testcase classname="dsAlgoTests.StackTest" name="verifyCodeImplementationPage" time="0.000">
    <skipped/>
  </testcase> <!-- verifyCodeImplementationPage -->
  <system-out/>
  <testcase classname="dsAlgoTests.StackTest" name="verifyCodeOperationsInStackPage" time="0.000">
    <skipped/>
  </testcase> <!-- verifyCodeOperationsInStackPage -->
  <system-out/>
  <testcase classname="dsAlgoTests.StackTest" name="verifyCodeOperationsInStackPage" time="0.000">
    <skipped/>
  </testcase> <!-- verifyCodeOperationsInStackPage -->
  <system-out/>
  <testcase classname="dsAlgoTests.StackTest" name="verifyCodeApplicationsPage" time="0.000">
    <skipped/>
  </testcase> <!-- verifyCodeApplicationsPage -->
  <system-out/>
  <testcase classname="dsAlgoTests.StackTest" name="verifyCodeImplementationPage" time="0.000">
    <skipped/>
  </testcase> <!-- verifyCodeImplementationPage -->
  <system-out/>
  <testcase classname="dsAlgoTests.StackTest" name="verifyCodeApplicationsPage" time="0.000">
    <skipped/>
  </testcase> <!-- verifyCodeApplicationsPage -->
  <system-out/>
  <testcase classname="dsAlgoTests.StackTest" name="verifyCodeImplementationPage" time="0.000">
    <skipped/>
  </testcase> <!-- verifyCodeImplementationPage -->
  <system-out/>
  <testcase classname="dsAlgoTests.StackTest" name="verifyCodeOperationsInStackPage" time="0.000">
    <skipped/>
  </testcase> <!-- verifyCodeOperationsInStackPage -->
  <system-out/>
  <testcase classname="dsAlgoTests.StackTest" name="verifyCodeApplicationsPage" time="0.000">
    <skipped/>
  </testcase> <!-- verifyCodeApplicationsPage -->
  <system-out/>
  <testcase classname="dsAlgoTests.StackTest" name="verifyCodeApplicationsPage" time="0.000">
    <skipped/>
  </testcase> <!-- verifyCodeApplicationsPage -->
  <system-out/>
  <testcase classname="dsAlgoTests.StackTest" name="verifyCodeOperationsInStackPage" time="0.000">
    <skipped/>
  </testcase> <!-- verifyCodeOperationsInStackPage -->
  <system-out/>
  <testcase classname="dsAlgoTests.StackTest" name="verifyCodeImplementationPage" time="0.000">
    <skipped/>
  </testcase> <!-- verifyCodeImplementationPage -->
  <system-out/>
  <testcase classname="dsAlgoTests.StackTest" name="verifyCodeImplementationPage" time="0.000">
    <skipped/>
  </testcase> <!-- verifyCodeImplementationPage -->
  <system-out/>
  <testcase classname="dsAlgoTests.StackTest" name="verifyCodeApplicationsPage" time="0.000">
    <skipped/>
  </testcase> <!-- verifyCodeApplicationsPage -->
  <system-out/>
  <testcase classname="dsAlgoTests.StackTest" name="verifyCodeApplicationsPage" time="0.000">
    <skipped/>
  </testcase> <!-- verifyCodeApplicationsPage -->
  <system-out/>
  <testcase classname="dsAlgoTests.StackTest" name="verifyCodeApplicationsPage" time="0.000">
    <skipped/>
  </testcase> <!-- verifyCodeApplicationsPage -->
  <system-out/>
  <testcase classname="dsAlgoTests.StackTest" name="verifyCodeApplicationsPage" time="0.000">
    <skipped/>
  </testcase> <!-- verifyCodeApplicationsPage -->
  <system-out/>
  <testcase classname="dsAlgoTests.StackTest" name="verifyCodeImplementationPage" time="0.000">
    <skipped/>
  </testcase> <!-- verifyCodeImplementationPage -->
  <system-out/>
  <testcase classname="dsAlgoTests.StackTest" name="verifyCodeOperationsInStackPage" time="0.000">
    <skipped/>
  </testcase> <!-- verifyCodeOperationsInStackPage -->
  <system-out/>
  <testcase classname="dsAlgoTests.StackTest" name="verifyCodeApplicationsPage" time="0.000">
    <skipped/>
  </testcase> <!-- verifyCodeApplicationsPage -->
  <system-out/>
  <testcase classname="dsAlgoTests.StackTest" name="verifyCodeApplicationsPage" time="0.000">
    <skipped/>
  </testcase> <!-- verifyCodeApplicationsPage -->
  <system-out/>
  <testcase classname="dsAlgoTests.StackTest" name="verifyCodeOperationsInStackPage" time="0.000">
    <skipped/>
  </testcase> <!-- verifyCodeOperationsInStackPage -->
  <system-out/>
  <testcase classname="dsAlgoTests.StackTest" name="verifyCodeApplicationsPage" time="0.000">
    <skipped/>
  </testcase> <!-- verifyCodeApplicationsPage -->
  <system-out/>
  <testcase classname="dsAlgoTests.StackTest" name="verifyCodeImplementationPage" time="0.000">
    <skipped/>
  </testcase> <!-- verifyCodeImplementationPage -->
  <system-out/>
  <testcase classname="dsAlgoTests.StackTest" name="verifyCodeOperationsInStackPage" time="0.000">
    <skipped/>
  </testcase> <!-- verifyCodeOperationsInStackPage -->
  <system-out/>
  <testcase classname="dsAlgoTests.StackTest" name="verifyCodeOperationsInStackPage" time="0.000">
    <skipped/>
  </testcase> <!-- verifyCodeOperationsInStackPage -->
  <system-out/>
  <testcase classname="dsAlgoTests.StackTest" name="verifyCodeImplementationPage" time="0.000">
    <skipped/>
  </testcase> <!-- verifyCodeImplementationPage -->
  <system-out/>
  <testcase classname="dsAlgoTests.StackTest" name="verifyCodeOperationsInStackPage" time="0.000">
    <skipped/>
  </testcase> <!-- verifyCodeOperationsInStackPage -->
  <system-out/>
  <testcase classname="dsAlgoTests.StackTest" name="verifyCodeImplementationPage" time="0.000">
    <skipped/>
  </testcase> <!-- verifyCodeImplementationPage -->
  <system-out/>
  <testcase classname="dsAlgoTests.StackTest" name="verifyCodeImplementationPage" time="0.000">
    <skipped/>
  </testcase> <!-- verifyCodeImplementationPage -->
  <system-out/>
  <testcase classname="dsAlgoTests.StackTest" name="verifyCodeApplicationsPage" time="0.000">
    <skipped/>
  </testcase> <!-- verifyCodeApplicationsPage -->
  <system-out/>
  <testcase classname="dsAlgoTests.StackTest" name="verifyCodeImplementationPage" time="0.000">
    <skipped/>
  </testcase> <!-- verifyCodeImplementationPage -->
  <system-out/>
  <testcase classname="dsAlgoTests.StackTest" name="verifyCodeApplicationsPage" time="0.000">
    <skipped/>
  </testcase> <!-- verifyCodeApplicationsPage -->
  <system-out/>
  <testcase classname="dsAlgoTests.StackTest" name="verifyCodeImplementationPage" time="0.000">
    <skipped/>
  </testcase> <!-- verifyCodeImplementationPage -->
  <system-out/>
  <testcase classname="dsAlgoTests.StackTest" name="verifyCodeApplicationsPage" time="0.000">
    <skipped/>
  </testcase> <!-- verifyCodeApplicationsPage -->
  <system-out/>
  <testcase classname="dsAlgoTests.StackTest" name="verifyCodeImplementationPage" time="0.000">
    <skipped/>
  </testcase> <!-- verifyCodeImplementationPage -->
  <system-out/>
  <testcase classname="dsAlgoTests.StackTest" name="verifyCodeImplementationPage" time="0.000">
    <skipped/>
  </testcase> <!-- verifyCodeImplementationPage -->
  <system-out/>
  <testcase classname="dsAlgoTests.StackTest" name="verifyCodeOperationsInStackPage" time="0.000">
    <skipped/>
  </testcase> <!-- verifyCodeOperationsInStackPage -->
  <system-out/>
  <testcase classname="dsAlgoTests.StackTest" name="verifyCodeImplementationPage" time="0.000">
    <skipped/>
  </testcase> <!-- verifyCodeImplementationPage -->
  <system-out/>
  <testcase classname="dsAlgoTests.StackTest" name="verifyCodeApplicationsPage" time="0.000">
    <skipped/>
  </testcase> <!-- verifyCodeApplicationsPage -->
  <system-out/>
  <testcase classname="dsAlgoTests.StackTest" name="verifyCodeImplementationPage" time="0.000">
    <skipped/>
  </testcase> <!-- verifyCodeImplementationPage -->
  <system-out/>
  <testcase classname="dsAlgoTests.StackTest" name="verifyCodeOperationsInStackPage" time="0.000">
    <skipped/>
  </testcase> <!-- verifyCodeOperationsInStackPage -->
  <system-out/>
  <testcase classname="dsAlgoTests.StackTest" name="verifyCodeOperationsInStackPage" time="0.000">
    <skipped/>
  </testcase> <!-- verifyCodeOperationsInStackPage -->
  <system-out/>
  <testcase classname="dsAlgoTests.StackTest" name="verifyCodeApplicationsPage" time="0.000">
    <skipped/>
  </testcase> <!-- verifyCodeApplicationsPage -->
  <system-out/>
  <testcase classname="dsAlgoTests.StackTest" name="verifyCodeApplicationsPage" time="0.000">
    <skipped/>
  </testcase> <!-- verifyCodeApplicationsPage -->
  <system-out/>
  <testcase classname="dsAlgoTests.StackTest" name="verifyCodeApplicationsPage" time="0.000">
    <skipped/>
  </testcase> <!-- verifyCodeApplicationsPage -->
  <system-out/>
  <testcase classname="dsAlgoTests.StackTest" name="verifyCodeApplicationsPage" time="0.000">
    <skipped/>
  </testcase> <!-- verifyCodeApplicationsPage -->
  <system-out/>
  <testcase classname="dsAlgoTests.StackTest" name="verifyCodeApplicationsPage" time="0.000">
    <skipped/>
  </testcase> <!-- verifyCodeApplicationsPage -->
  <system-out/>
  <testcase classname="dsAlgoTests.StackTest" name="verifyCodeApplicationsPage" time="0.000">
    <skipped/>
  </testcase> <!-- verifyCodeApplicationsPage -->
  <system-out/>
  <testcase classname="dsAlgoTests.StackTest" name="verifyCodeImplementationPage" time="0.000">
    <skipped/>
  </testcase> <!-- verifyCodeImplementationPage -->
  <system-out/>
  <testcase classname="dsAlgoTests.StackTest" name="verifyCodeOperationsInStackPage" time="0.000">
    <skipped/>
  </testcase> <!-- verifyCodeOperationsInStackPage -->
  <system-out/>
  <testcase classname="dsAlgoTests.StackTest" name="verifyCodeApplicationsPage" time="0.000">
    <skipped/>
  </testcase> <!-- verifyCodeApplicationsPage -->
  <system-out/>
  <testcase classname="dsAlgoTests.StackTest" name="verifyCodeApplicationsPage" time="0.000">
    <skipped/>
  </testcase> <!-- verifyCodeApplicationsPage -->
  <system-out/>
  <testcase classname="dsAlgoTests.StackTest" name="verifyCodeApplicationsPage" time="0.000">
    <skipped/>
  </testcase> <!-- verifyCodeApplicationsPage -->
  <system-out/>
  <testcase classname="dsAlgoTests.StackTest" name="verifyCodeOperationsInStackPage" time="0.000">
    <skipped/>
  </testcase> <!-- verifyCodeOperationsInStackPage -->
  <system-out/>
  <testcase classname="dsAlgoTests.StackTest" name="verifyCodeApplicationsPage" time="0.000">
    <skipped/>
  </testcase> <!-- verifyCodeApplicationsPage -->
  <system-out/>
  <testcase classname="dsAlgoTests.StackTest" name="verifyCodeApplicationsPage" time="0.000">
    <skipped/>
  </testcase> <!-- verifyCodeApplicationsPage -->
  <system-out/>
  <testcase classname="dsAlgoTests.StackTest" name="verifyCodeOperationsInStackPage" time="0.000">
    <skipped/>
  </testcase> <!-- verifyCodeOperationsInStackPage -->
  <system-out/>
  <testcase classname="dsAlgoTests.StackTest" name="verifyCodeOperationsInStackPage" time="0.000">
    <skipped/>
  </testcase> <!-- verifyCodeOperationsInStackPage -->
  <system-out/>
  <testcase classname="dsAlgoTests.StackTest" name="verifyCodeOperationsInStackPage" time="0.000">
    <skipped/>
  </testcase> <!-- verifyCodeOperationsInStackPage -->
  <system-out/>
  <testcase classname="dsAlgoTests.StackTest" name="verifyCodeApplicationsPage" time="0.000">
    <skipped/>
  </testcase> <!-- verifyCodeApplicationsPage -->
  <system-out/>
  <testcase classname="dsAlgoTests.StackTest" name="verifyCodeOperationsInStackPage" time="0.000">
    <skipped/>
  </testcase> <!-- verifyCodeOperationsInStackPage -->
  <system-out/>
  <testcase classname="dsAlgoTests.StackTest" name="verifyCodeOperationsInStackPage" time="0.000">
    <skipped/>
  </testcase> <!-- verifyCodeOperationsInStackPage -->
  <system-out/>
  <testcase classname="dsAlgoTests.StackTest" name="verifyCodeApplicationsPage" time="0.000">
    <skipped/>
  </testcase> <!-- verifyCodeApplicationsPage -->
  <system-out/>
  <testcase classname="dsAlgoTests.StackTest" name="verifyCodeImplementationPage" time="0.000">
    <skipped/>
  </testcase> <!-- verifyCodeImplementationPage -->
  <system-out/>
  <testcase classname="dsAlgoTests.StackTest" name="verifyCodeOperationsInStackPage" time="0.000">
    <skipped/>
  </testcase> <!-- verifyCodeOperationsInStackPage -->
  <system-out/>
  <testcase classname="dsAlgoTests.StackTest" name="verifyCodeOperationsInStackPage" time="0.000">
    <skipped/>
  </testcase> <!-- verifyCodeOperationsInStackPage -->
  <system-out/>
  <testcase classname="dsAlgoTests.StackTest" name="verifyCodeOperationsInStackPage" time="0.000">
    <skipped/>
  </testcase> <!-- verifyCodeOperationsInStackPage -->
  <system-out/>
  <testcase classname="dsAlgoTests.StackTest" name="verifyCodeImplementationPage" time="0.000">
    <skipped/>
  </testcase> <!-- verifyCodeImplementationPage -->
  <system-out/>
  <testcase classname="dsAlgoTests.StackTest" name="verifyCodeImplementationPage" time="0.000">
    <skipped/>
  </testcase> <!-- verifyCodeImplementationPage -->
  <system-out/>
  <testcase classname="dsAlgoTests.StackTest" name="verifyCodeImplementationPage" time="0.000">
    <skipped/>
  </testcase> <!-- verifyCodeImplementationPage -->
  <system-out/>
  <testcase classname="dsAlgoTests.StackTest" name="verifyCodeApplicationsPage" time="0.000">
    <skipped/>
  </testcase> <!-- verifyCodeApplicationsPage -->
  <system-out/>
  <testcase classname="dsAlgoTests.StackTest" name="verifyCodeOperationsInStackPage" time="0.000">
    <skipped/>
  </testcase> <!-- verifyCodeOperationsInStackPage -->
  <system-out/>
  <testcase classname="dsAlgoTests.StackTest" name="verifyCodeApplicationsPage" time="0.000">
    <skipped/>
  </testcase> <!-- verifyCodeApplicationsPage -->
  <system-out/>
  <testcase classname="dsAlgoTests.StackTest" name="verifyCodeImplementationPage" time="0.000">
    <skipped/>
  </testcase> <!-- verifyCodeImplementationPage -->
  <system-out/>
  <testcase classname="dsAlgoTests.StackTest" name="verifyCodeOperationsInStackPage" time="0.000">
    <skipped/>
  </testcase> <!-- verifyCodeOperationsInStackPage -->
  <system-out/>
  <testcase classname="dsAlgoTests.StackTest" name="verifyCodeOperationsInStackPage" time="0.000">
    <skipped/>
  </testcase> <!-- verifyCodeOperationsInStackPage -->
  <system-out/>
  <testcase classname="dsAlgoTests.StackTest" name="verifyCodeApplicationsPage" time="0.000">
    <skipped/>
  </testcase> <!-- verifyCodeApplicationsPage -->
  <system-out/>
  <testcase classname="dsAlgoTests.StackTest" name="verifyCodeOperationsInStackPage" time="0.000">
    <skipped/>
  </testcase> <!-- verifyCodeOperationsInStackPage -->
  <system-out/>
  <testcase classname="dsAlgoTests.StackTest" name="verifyCodeImplementationPage" time="0.000">
    <skipped/>
  </testcase> <!-- verifyCodeImplementationPage -->
  <system-out/>
  <testcase classname="dsAlgoTests.StackTest" name="verifyCodeApplicationsPage" time="0.000">
    <skipped/>
  </testcase> <!-- verifyCodeApplicationsPage -->
  <system-out/>
  <testcase classname="dsAlgoTests.StackTest" name="verifyCodeImplementationPage" time="0.000">
    <skipped/>
  </testcase> <!-- verifyCodeImplementationPage -->
  <system-out/>
  <testcase classname="dsAlgoTests.StackTest" name="verifyCodeImplementationPage" time="0.000">
    <skipped/>
  </testcase> <!-- verifyCodeImplementationPage -->
  <system-out/>
  <testcase classname="dsAlgoTests.StackTest" name="verifyCodeApplicationsPage" time="0.000">
    <skipped/>
  </testcase> <!-- verifyCodeApplicationsPage -->
  <system-out/>
  <testcase classname="dsAlgoTests.StackTest" name="verifyCodeImplementationPage" time="0.000">
    <skipped/>
  </testcase> <!-- verifyCodeImplementationPage -->
  <system-out/>
  <testcase classname="dsAlgoTests.StackTest" name="verifyCodeOperationsInStackPage" time="0.000">
    <skipped/>
  </testcase> <!-- verifyCodeOperationsInStackPage -->
  <system-out/>
  <testcase classname="dsAlgoTests.StackTest" name="verifyCodeOperationsInStackPage" time="0.000">
    <skipped/>
  </testcase> <!-- verifyCodeOperationsInStackPage -->
  <system-out/>
  <testcase classname="dsAlgoTests.StackTest" name="verifyCodeApplicationsPage" time="0.000">
    <skipped/>
  </testcase> <!-- verifyCodeApplicationsPage -->
  <system-out/>
  <testcase classname="dsAlgoTests.StackTest" name="verifyCodeImplementationPage" time="0.000">
    <skipped/>
  </testcase> <!-- verifyCodeImplementationPage -->
  <system-out/>
  <testcase classname="dsAlgoTests.StackTest" name="verifyCodeImplementationPage" time="0.000">
    <skipped/>
  </testcase> <!-- verifyCodeImplementationPage -->
  <system-out/>
  <testcase classname="dsAlgoTests.StackTest" name="verifyCodeOperationsInStackPage" time="0.000">
    <skipped/>
  </testcase> <!-- verifyCodeOperationsInStackPage -->
  <system-out/>
  <testcase classname="dsAlgoTests.StackTest" name="verifyCodeApplicationsPage" time="0.000">
    <skipped/>
  </testcase> <!-- verifyCodeApplicationsPage -->
  <system-out/>
  <testcase classname="dsAlgoTests.StackTest" name="verifyCodeImplementationPage" time="0.000">
    <skipped/>
  </testcase> <!-- verifyCodeImplementationPage -->
  <system-out/>
  <testcase classname="dsAlgoTests.StackTest" name="verifyCodeOperationsInStackPage" time="0.000">
    <skipped/>
  </testcase> <!-- verifyCodeOperationsInStackPage -->
  <system-out/>
  <testcase classname="dsAlgoTests.StackTest" name="verifyCodeOperationsInStackPage" time="0.000">
    <skipped/>
  </testcase> <!-- verifyCodeOperationsInStackPage -->
  <system-out/>
  <testcase classname="dsAlgoTests.StackTest" name="verifyCodeImplementationPage" time="0.000">
    <skipped/>
  </testcase> <!-- verifyCodeImplementationPage -->
  <system-out/>
  <testcase classname="dsAlgoTests.StackTest" name="verifyCodeOperationsInStackPage" time="0.000">
    <skipped/>
  </testcase> <!-- verifyCodeOperationsInStackPage -->
  <system-out/>
  <testcase classname="dsAlgoTests.StackTest" name="verifyCodeApplicationsPage" time="0.000">
    <skipped/>
  </testcase> <!-- verifyCodeApplicationsPage -->
  <system-out/>
  <testcase classname="dsAlgoTests.StackTest" name="verifyCodeApplicationsPage" time="0.000">
    <skipped/>
  </testcase> <!-- verifyCodeApplicationsPage -->
  <system-out/>
  <testcase classname="dsAlgoTests.StackTest" name="verifyCodeOperationsInStackPage" time="0.000">
    <skipped/>
  </testcase> <!-- verifyCodeOperationsInStackPage -->
  <system-out/>
  <testcase classname="dsAlgoTests.StackTest" name="verifyCodeImplementationPage" time="0.000">
    <skipped/>
  </testcase> <!-- verifyCodeImplementationPage -->
  <system-out/>
  <testcase classname="dsAlgoTests.StackTest" name="verifyCodeApplicationsPage" time="0.000">
    <skipped/>
  </testcase> <!-- verifyCodeApplicationsPage -->
  <system-out/>
  <testcase classname="dsAlgoTests.StackTest" name="verifyCodeApplicationsPage" time="0.000">
    <skipped/>
  </testcase> <!-- verifyCodeApplicationsPage -->
  <system-out/>
  <testcase classname="dsAlgoTests.StackTest" name="verifyCodeImplementationPage" time="0.000">
    <skipped/>
  </testcase> <!-- verifyCodeImplementationPage -->
  <system-out/>
  <testcase classname="dsAlgoTests.StackTest" name="verifyCodeImplementationPage" time="0.000">
    <skipped/>
  </testcase> <!-- verifyCodeImplementationPage -->
  <system-out/>
  <testcase classname="dsAlgoTests.StackTest" name="verifyCodeApplicationsPage" time="0.000">
    <skipped/>
  </testcase> <!-- verifyCodeApplicationsPage -->
  <system-out/>
  <testcase classname="dsAlgoTests.StackTest" name="verifyCodeOperationsInStackPage" time="0.000">
    <skipped/>
  </testcase> <!-- verifyCodeOperationsInStackPage -->
  <system-out/>
  <testcase classname="dsAlgoTests.StackTest" name="verifyCodeOperationsInStackPage" time="0.000">
    <skipped/>
  </testcase> <!-- verifyCodeOperationsInStackPage -->
  <system-out/>
  <testcase classname="dsAlgoTests.StackTest" name="verifyCodeOperationsInStackPage" time="0.000">
    <skipped/>
  </testcase> <!-- verifyCodeOperationsInStackPage -->
  <system-out/>
  <testcase classname="dsAlgoTests.StackTest" name="verifyCodeApplicationsPage" time="0.000">
    <skipped/>
  </testcase> <!-- verifyCodeApplicationsPage -->
  <system-out/>
  <testcase classname="dsAlgoTests.StackTest" name="verifyCodeApplicationsPage" time="0.000">
    <skipped/>
  </testcase> <!-- verifyCodeApplicationsPage -->
  <system-out/>
  <testcase classname="dsAlgoTests.StackTest" name="verifyCodeApplicationsPage" time="0.000">
    <skipped/>
  </testcase> <!-- verifyCodeApplicationsPage -->
  <system-out/>
  <testcase classname="dsAlgoTests.StackTest" name="verifyCodeImplementationPage" time="0.000">
    <skipped/>
  </testcase> <!-- verifyCodeImplementationPage -->
  <system-out/>
  <testcase classname="dsAlgoTests.StackTest" name="verifyCodeImplementationPage" time="0.000">
    <skipped/>
  </testcase> <!-- verifyCodeImplementationPage -->
  <system-out/>
  <testcase classname="dsAlgoTests.StackTest" name="verifyCodeApplicationsPage" time="0.000">
    <skipped/>
  </testcase> <!-- verifyCodeApplicationsPage -->
  <system-out/>
  <testcase classname="dsAlgoTests.StackTest" name="verifyCodeImplementationPage" time="0.000">
    <skipped/>
  </testcase> <!-- verifyCodeImplementationPage -->
  <system-out/>
  <testcase classname="dsAlgoTests.StackTest" name="verifyCodeApplicationsPage" time="0.000">
    <skipped/>
  </testcase> <!-- verifyCodeApplicationsPage -->
  <system-out/>
  <testcase classname="dsAlgoTests.StackTest" name="verifyCodeOperationsInStackPage" time="0.000">
    <skipped/>
  </testcase> <!-- verifyCodeOperationsInStackPage -->
  <system-out/>
  <testcase classname="dsAlgoTests.StackTest" name="verifyCodeOperationsInStackPage" time="0.000">
    <skipped/>
  </testcase> <!-- verifyCodeOperationsInStackPage -->
  <system-out/>
  <testcase classname="dsAlgoTests.StackTest" name="verifyCodeImplementationPage" time="0.000">
    <skipped/>
  </testcase> <!-- verifyCodeImplementationPage -->
  <system-out/>
  <testcase classname="dsAlgoTests.StackTest" name="verifyCodeImplementationPage" time="0.000">
    <skipped/>
  </testcase> <!-- verifyCodeImplementationPage -->
  <system-out/>
  <testcase classname="dsAlgoTests.StackTest" name="verifyCodeImplementationPage" time="0.000">
    <skipped/>
  </testcase> <!-- verifyCodeImplementationPage -->
  <system-out/>
  <testcase classname="dsAlgoTests.StackTest" name="verifyCodeImplementationPage" time="0.000">
    <skipped/>
  </testcase> <!-- verifyCodeImplementationPage -->
  <system-out/>
  <testcase classname="dsAlgoTests.StackTest" name="verifyCodeImplementationPage" time="0.000">
    <skipped/>
  </testcase> <!-- verifyCodeImplementationPage -->
  <system-out/>
  <testcase classname="dsAlgoTests.StackTest" name="verifyCodeOperationsInStackPage" time="0.000">
    <skipped/>
  </testcase> <!-- verifyCodeOperationsInStackPage -->
  <system-out/>
  <testcase classname="dsAlgoTests.StackTest" name="verifyCodeApplicationsPage" time="0.000">
    <skipped/>
  </testcase> <!-- verifyCodeApplicationsPage -->
  <system-out/>
  <testcase classname="dsAlgoTests.StackTest" name="verifyCodeImplementationPage" time="0.000">
    <skipped/>
  </testcase> <!-- verifyCodeImplementationPage -->
  <system-out/>
  <testcase classname="dsAlgoTests.StackTest" name="verifyCodeApplicationsPage" time="0.000">
    <skipped/>
  </testcase> <!-- verifyCodeApplicationsPage -->
  <system-out/>
  <testcase classname="dsAlgoTests.StackTest" name="verifyCodeImplementationPage" time="0.000">
    <skipped/>
  </testcase> <!-- verifyCodeImplementationPage -->
  <system-out/>
  <testcase classname="dsAlgoTests.StackTest" name="navigatetoOperationsInStacktryeditor" time="0.000">
    <skipped/>
  </testcase> <!-- navigatetoOperationsInStacktryeditor -->
  <system-out/>
  <testcase classname="dsAlgoTests.StackTest" name="verifyCodeImplementationPage" time="0.000">
    <skipped/>
  </testcase> <!-- verifyCodeImplementationPage -->
  <system-out/>
  <testcase classname="dsAlgoTests.StackTest" name="verifyCodeApplicationsPage" time="0.000">
    <skipped/>
  </testcase> <!-- verifyCodeApplicationsPage -->
  <system-out/>
  <testcase classname="dsAlgoTests.StackTest" name="verifyCodeImplementationPage" time="0.000">
    <skipped/>
  </testcase> <!-- verifyCodeImplementationPage -->
  <system-out/>
  <testcase classname="dsAlgoTests.StackTest" name="verifyCodeApplicationsPage" time="0.000">
    <skipped/>
  </testcase> <!-- verifyCodeApplicationsPage -->
  <system-out/>
  <testcase classname="dsAlgoTests.StackTest" name="verifyCodeImplementationPage" time="0.000">
    <skipped/>
  </testcase> <!-- verifyCodeImplementationPage -->
  <system-out/>
  <testcase classname="dsAlgoTests.StackTest" name="verifyCodeOperationsInStackPage" time="0.000">
    <skipped/>
  </testcase> <!-- verifyCodeOperationsInStackPage -->
  <system-out/>
  <testcase classname="dsAlgoTests.StackTest" name="verifyCodeApplicationsPage" time="0.000">
    <skipped/>
  </testcase> <!-- verifyCodeApplicationsPage -->
  <system-out/>
  <testcase classname="dsAlgoTests.StackTest" name="verifyCodeApplicationsPage" time="0.000">
    <skipped/>
  </testcase> <!-- verifyCodeApplicationsPage -->
  <system-out/>
  <testcase classname="dsAlgoTests.StackTest" name="verifyCodeApplicationsPage" time="0.000">
    <skipped/>
  </testcase> <!-- verifyCodeApplicationsPage -->
  <system-out/>
  <testcase classname="dsAlgoTests.StackTest" name="verifyCodeOperationsInStackPage" time="0.000">
    <skipped/>
  </testcase> <!-- verifyCodeOperationsInStackPage -->
  <system-out/>
  <testcase classname="dsAlgoTests.StackTest" name="verifyCodeImplementationPage" time="0.000">
    <skipped/>
  </testcase> <!-- verifyCodeImplementationPage -->
  <system-out/>
  <testcase classname="dsAlgoTests.StackTest" name="verifyCodeOperationsInStackPage" time="0.000">
    <skipped/>
  </testcase> <!-- verifyCodeOperationsInStackPage -->
  <system-out/>
  <testcase classname="dsAlgoTests.StackTest" name="verifyCodeImplementationPage" time="0.000">
    <skipped/>
  </testcase> <!-- verifyCodeImplementationPage -->
  <system-out/>
  <testcase classname="dsAlgoTests.StackTest" name="checkErrorMessageWhenExecutingWithoutCodeInOperationsInStackPage" time="2.413">
    <error message="Error communicating with the remote browser. It may have died.
Build info: version: &#039;4.17.0&#039;, revision: &#039;e52b1be057*&#039;
System info: os.name: &#039;Windows 11&#039;, os.arch: &#039;amd64&#039;, os.version: &#039;10.0&#039;, java.version: &#039;21.0.3&#039;
Driver info: org.openqa.selenium.chrome.ChromeDriver
Command: [6a70e4f59dbb6d449b405854c890b502, clickElement [id]]
Capabilities {acceptInsecureCerts: false, browserName: chrome, browserVersion: 133.0.6943.53, chrome: {chromedriverVersion: 133.0.6943.53 (9a80935019b0..., userDataDir: C:\Users\sahan\AppData\Loca...}, fedcm:accounts: true, goog:chromeOptions: {debuggerAddress: localhost:57346}, networkConnectionEnabled: false, pageLoadStrategy: normal, platformName: windows, proxy: Proxy(), se:cdp: ws://localhost:57346/devtoo..., se:cdpVersion: 133.0.6943.53, setWindowRect: true, strictFileInteractability: false, timeouts: {implicit: 0, pageLoad: 300000, script: 30000}, unhandledPromptBehavior: dismiss and notify, webauthn:extension:credBlob: true, webauthn:extension:largeBlob: true, webauthn:extension:minPinLength: true, webauthn:extension:prf: true, webauthn:virtualAuthenticators: true}
Element: [[ChromeDriver: chrome on windows (6a70e4f59dbb6d449b405854c890b502)] -&gt; xpath: //*[@onclick=&#039;runit()&#039;]]
Session ID: 6a70e4f59dbb6d449b405854c890b502" type="org.openqa.selenium.remote.UnreachableBrowserException">
      <![CDATA[org.openqa.selenium.remote.UnreachableBrowserException: Error communicating with the remote browser. It may have died.
Build info: version: '4.17.0', revision: 'e52b1be057*'
System info: os.name: 'Windows 11', os.arch: 'amd64', os.version: '10.0', java.version: '21.0.3'
Driver info: org.openqa.selenium.chrome.ChromeDriver
Command: [6a70e4f59dbb6d449b405854c890b502, clickElement [id]]
Capabilities {acceptInsecureCerts: false, browserName: chrome, browserVersion: 133.0.6943.53, chrome: {chromedriverVersion: 133.0.6943.53 (9a80935019b0..., userDataDir: C:\Users\sahan\AppData\Loca...}, fedcm:accounts: true, goog:chromeOptions: {debuggerAddress: localhost:57346}, networkConnectionEnabled: false, pageLoadStrategy: normal, platformName: windows, proxy: Proxy(), se:cdp: ws://localhost:57346/devtoo..., se:cdpVersion: 133.0.6943.53, setWindowRect: true, strictFileInteractability: false, timeouts: {implicit: 0, pageLoad: 300000, script: 30000}, unhandledPromptBehavior: dismiss and notify, webauthn:extension:credBlob: true, webauthn:extension:largeBlob: true, webauthn:extension:minPinLength: true, webauthn:extension:prf: true, webauthn:virtualAuthenticators: true}
Element: [[ChromeDriver: chrome on windows (6a70e4f59dbb6d449b405854c890b502)] -> xpath: //*[@onclick='runit()']]
Session ID: 6a70e4f59dbb6d449b405854c890b502
at org.openqa.selenium.remote.RemoteWebDriver.execute(RemoteWebDriver.java:546)
at org.openqa.selenium.remote.RemoteWebElement.execute(RemoteWebElement.java:223)
at org.openqa.selenium.remote.RemoteWebElement.click(RemoteWebElement.java:76)
at java.base/jdk.internal.reflect.DirectMethodHandleAccessor.invoke(DirectMethodHandleAccessor.java:103)
at java.base/java.lang.reflect.Method.invoke(Method.java:580)
at org.openqa.selenium.support.pagefactory.internal.LocatingElementHandler.invoke(LocatingElementHandler.java:51)
at jdk.proxy2/jdk.proxy2.$Proxy14.click(Unknown Source)
at dsAlgoPages.StackPage.runButton(StackPage.java:90)
at dsAlgoTests.StackTest.checkErrorMessageWhenExecutingWithoutCodeInOperationsInStackPage(StackTest.java:127)
at java.base/jdk.internal.reflect.DirectMethodHandleAccessor.invoke(DirectMethodHandleAccessor.java:103)
at java.base/java.lang.reflect.Method.invoke(Method.java:580)
at org.testng.internal.MethodInvocationHelper.invokeMethod(MethodInvocationHelper.java:133)
at org.testng.internal.TestInvoker.invokeMethod(TestInvoker.java:598)
at org.testng.internal.TestInvoker.invokeTestMethod(TestInvoker.java:173)
at org.testng.internal.MethodRunner.runInSequence(MethodRunner.java:46)
at org.testng.internal.TestInvoker$MethodInvocationAgent.invoke(TestInvoker.java:824)
at org.testng.internal.TestInvoker.invokeTestMethods(TestInvoker.java:146)
at org.testng.internal.TestMethodWorker.invokeTestMethods(TestMethodWorker.java:146)
at org.testng.internal.TestMethodWorker.run(TestMethodWorker.java:128)
at java.base/java.util.concurrent.ThreadPoolExecutor.runWorker(ThreadPoolExecutor.java:1144)
at java.base/java.util.concurrent.ThreadPoolExecutor$Worker.run(ThreadPoolExecutor.java:642)
at java.base/java.lang.Thread.run(Thread.java:1583)
Caused by: java.util.concurrent.RejectedExecutionException: Task jdk.internal.net.http.common.SequentialScheduler$SchedulableTask@19c84703 rejected from java.util.concurrent.ThreadPoolExecutor@1fbf5462[Terminated, pool size = 0, active threads = 0, queued tasks = 0, completed tasks = 125]
at java.base/java.util.concurrent.ThreadPoolExecutor$AbortPolicy.rejectedExecution(ThreadPoolExecutor.java:2081)
at java.base/java.util.concurrent.ThreadPoolExecutor.reject(ThreadPoolExecutor.java:841)
at java.base/java.util.concurrent.ThreadPoolExecutor.execute(ThreadPoolExecutor.java:1376)
at java.net.http/jdk.internal.net.http.HttpClientImpl$DelegatingExecutor.ensureExecutedAsync(HttpClientImpl.java:183)
at java.net.http/jdk.internal.net.http.HttpClientImpl$DelegatingExecutor.execute(HttpClientImpl.java:175)
at java.net.http/jdk.internal.net.http.common.SequentialScheduler.runOrSchedule(SequentialScheduler.java:282)
at java.net.http/jdk.internal.net.http.common.SequentialScheduler.runOrSchedule(SequentialScheduler.java:251)
at java.net.http/jdk.internal.net.http.Http1AsyncReceiver.onReadError(Http1AsyncReceiver.java:516)
at java.net.http/jdk.internal.net.http.Http1AsyncReceiver$Http1TubeSubscriber.onComplete(Http1AsyncReceiver.java:601)
at java.net.http/jdk.internal.net.http.SocketTube$InternalReadPublisher$ReadSubscription.signalCompletion(SocketTube.java:648)
at java.net.http/jdk.internal.net.http.SocketTube$InternalReadPublisher$InternalReadSubscription.read(SocketTube.java:853)
at java.net.http/jdk.internal.net.http.SocketTube$SocketFlowTask.run(SocketTube.java:181)
at java.net.http/jdk.internal.net.http.common.SequentialScheduler$SchedulableTask.run(SequentialScheduler.java:207)
at java.net.http/jdk.internal.net.http.common.SequentialScheduler.runOrSchedule(SequentialScheduler.java:280)
at java.net.http/jdk.internal.net.http.common.SequentialScheduler.runOrSchedule(SequentialScheduler.java:233)
at java.net.http/jdk.internal.net.http.SocketTube$InternalReadPublisher$InternalReadSubscription.signalReadable(SocketTube.java:782)
at java.net.http/jdk.internal.net.http.SocketTube$InternalReadPublisher$ReadEvent.signalEvent(SocketTube.java:965)
at java.net.http/jdk.internal.net.http.SocketTube$SocketFlowEvent.handle(SocketTube.java:253)
at java.net.http/jdk.internal.net.http.HttpClientImpl$SelectorManager.handleEvent(HttpClientImpl.java:1467)
at java.net.http/jdk.internal.net.http.HttpClientImpl$SelectorManager.lambda$run$3(HttpClientImpl.java:1412)
at java.base/java.util.ArrayList.forEach(ArrayList.java:1596)
at java.net.http/jdk.internal.net.http.HttpClientImpl$SelectorManager.run(HttpClientImpl.java:1412)
]]>
    </error>
  </testcase> <!-- checkErrorMessageWhenExecutingWithoutCodeInOperationsInStackPage -->
  <system-out/>
  <testcase classname="dsAlgoTests.StackTest" name="verifyCodeOperationsInStackPage" time="0.000">
    <skipped/>
  </testcase> <!-- verifyCodeOperationsInStackPage -->
  <system-out/>
  <testcase classname="dsAlgoTests.StackTest" name="verifyCodeImplementationPage" time="0.000">
    <skipped/>
  </testcase> <!-- verifyCodeImplementationPage -->
  <system-out/>
  <testcase classname="dsAlgoTests.StackTest" name="verifyCodeApplicationsPage" time="0.000">
    <skipped/>
  </testcase> <!-- verifyCodeApplicationsPage -->
  <system-out/>
  <testcase classname="dsAlgoTests.StackTest" name="verifyCodeOperationsInStackPage" time="0.000">
    <skipped/>
  </testcase> <!-- verifyCodeOperationsInStackPage -->
  <system-out/>
  <testcase classname="dsAlgoTests.StackTest" name="verifyCodeOperationsInStackPage" time="0.000">
    <skipped/>
  </testcase> <!-- verifyCodeOperationsInStackPage -->
  <system-out/>
  <testcase classname="dsAlgoTests.StackTest" name="verifyCodeApplicationsPage" time="0.000">
    <skipped/>
  </testcase> <!-- verifyCodeApplicationsPage -->
  <system-out/>
  <testcase classname="dsAlgoTests.StackTest" name="verifyCodeImplementationPage" time="0.000">
    <skipped/>
  </testcase> <!-- verifyCodeImplementationPage -->
  <system-out/>
  <testcase classname="dsAlgoTests.StackTest" name="verifyCodeOperationsInStackPage" time="0.000">
    <skipped/>
  </testcase> <!-- verifyCodeOperationsInStackPage -->
  <system-out/>
  <testcase classname="dsAlgoTests.StackTest" name="verifyCodeImplementationPage" time="0.000">
    <skipped/>
  </testcase> <!-- verifyCodeImplementationPage -->
  <system-out/>
  <testcase classname="dsAlgoTests.StackTest" name="verifyCodeApplicationsPage" time="0.000">
    <skipped/>
  </testcase> <!-- verifyCodeApplicationsPage -->
  <system-out/>
  <testcase classname="dsAlgoTests.StackTest" name="verifyCodeApplicationsPage" time="0.000">
    <skipped/>
  </testcase> <!-- verifyCodeApplicationsPage -->
  <system-out/>
  <testcase classname="dsAlgoTests.StackTest" name="verifyCodeImplementationPage" time="0.000">
    <skipped/>
  </testcase> <!-- verifyCodeImplementationPage -->
  <system-out/>
  <testcase classname="dsAlgoTests.StackTest" name="verifyCodeImplementationPage" time="0.000">
    <skipped/>
  </testcase> <!-- verifyCodeImplementationPage -->
  <system-out/>
  <testcase classname="dsAlgoTests.StackTest" name="verifyCodeImplementationPage" time="0.000">
    <skipped/>
  </testcase> <!-- verifyCodeImplementationPage -->
  <system-out/>
  <testcase classname="dsAlgoTests.StackTest" name="verifyCodeApplicationsPage" time="0.000">
    <skipped/>
  </testcase> <!-- verifyCodeApplicationsPage -->
  <system-out/>
  <testcase classname="dsAlgoTests.StackTest" name="verifyCodeApplicationsPage" time="0.000">
    <skipped/>
  </testcase> <!-- verifyCodeApplicationsPage -->
  <system-out/>
  <testcase classname="dsAlgoTests.StackTest" name="verifyCodeApplicationsPage" time="0.000">
    <skipped/>
  </testcase> <!-- verifyCodeApplicationsPage -->
  <system-out/>
  <testcase classname="dsAlgoTests.StackTest" name="verifyCodeImplementationPage" time="0.000">
    <skipped/>
  </testcase> <!-- verifyCodeImplementationPage -->
  <system-out/>
  <testcase classname="dsAlgoTests.StackTest" name="verifyCodeApplicationsPage" time="0.000">
    <skipped/>
  </testcase> <!-- verifyCodeApplicationsPage -->
  <system-out/>
  <testcase classname="dsAlgoTests.StackTest" name="verifyCodeImplementationPage" time="0.000">
    <skipped/>
  </testcase> <!-- verifyCodeImplementationPage -->
  <system-out/>
  <testcase classname="dsAlgoTests.StackTest" name="verifyCodeOperationsInStackPage" time="0.000">
    <skipped/>
  </testcase> <!-- verifyCodeOperationsInStackPage -->
  <system-out/>
  <testcase classname="dsAlgoTests.StackTest" name="verifyCodeApplicationsPage" time="0.000">
    <skipped/>
  </testcase> <!-- verifyCodeApplicationsPage -->
  <system-out/>
  <testcase classname="dsAlgoTests.StackTest" name="verifyCodeOperationsInStackPage" time="0.000">
    <skipped/>
  </testcase> <!-- verifyCodeOperationsInStackPage -->
  <system-out/>
  <testcase classname="dsAlgoTests.StackTest" name="verifyCodeOperationsInStackPage" time="0.000">
    <skipped/>
  </testcase> <!-- verifyCodeOperationsInStackPage -->
  <system-out/>
  <testcase classname="dsAlgoTests.StackTest" name="verifyCodeApplicationsPage" time="0.000">
    <skipped/>
  </testcase> <!-- verifyCodeApplicationsPage -->
  <system-out/>
  <testcase classname="dsAlgoTests.StackTest" name="verifyCodeApplicationsPage" time="0.000">
    <skipped/>
  </testcase> <!-- verifyCodeApplicationsPage -->
  <system-out/>
  <testcase classname="dsAlgoTests.StackTest" name="verifyCodeImplementationPage" time="0.000">
    <skipped/>
  </testcase> <!-- verifyCodeImplementationPage -->
  <system-out/>
  <testcase classname="dsAlgoTests.StackTest" name="verifyCodeApplicationsPage" time="0.000">
    <skipped/>
  </testcase> <!-- verifyCodeApplicationsPage -->
  <system-out/>
  <testcase classname="dsAlgoTests.StackTest" name="verifyCodeOperationsInStackPage" time="0.000">
    <skipped/>
  </testcase> <!-- verifyCodeOperationsInStackPage -->
  <system-out/>
  <testcase classname="dsAlgoTests.StackTest" name="verifyCodeImplementationPage" time="0.000">
    <skipped/>
  </testcase> <!-- verifyCodeImplementationPage -->
  <system-out/>
  <testcase classname="dsAlgoTests.StackTest" name="verifyCodeOperationsInStackPage" time="0.000">
    <skipped/>
  </testcase> <!-- verifyCodeOperationsInStackPage -->
  <system-out/>
  <testcase classname="dsAlgoTests.StackTest" name="verifyCodeImplementationPage" time="0.000">
    <skipped/>
  </testcase> <!-- verifyCodeImplementationPage -->
  <system-out/>
  <testcase classname="dsAlgoTests.StackTest" name="verifyCodeApplicationsPage" time="0.000">
    <skipped/>
  </testcase> <!-- verifyCodeApplicationsPage -->
  <system-out/>
  <testcase classname="dsAlgoTests.StackTest" name="verifyCodeImplementationPage" time="0.000">
    <skipped/>
  </testcase> <!-- verifyCodeImplementationPage -->
  <system-out/>
  <testcase classname="dsAlgoTests.StackTest" name="verifyCodeImplementationPage" time="0.000">
    <skipped/>
  </testcase> <!-- verifyCodeImplementationPage -->
  <system-out/>
  <testcase classname="dsAlgoTests.StackTest" name="verifyCodeOperationsInStackPage" time="0.000">
    <skipped/>
  </testcase> <!-- verifyCodeOperationsInStackPage -->
  <system-out/>
  <testcase classname="dsAlgoTests.StackTest" name="verifyCodeOperationsInStackPage" time="0.000">
    <skipped/>
  </testcase> <!-- verifyCodeOperationsInStackPage -->
  <system-out/>
  <testcase classname="dsAlgoTests.StackTest" name="verifyCodeImplementationPage" time="0.000">
    <skipped/>
  </testcase> <!-- verifyCodeImplementationPage -->
  <system-out/>
  <testcase classname="dsAlgoTests.StackTest" name="verifyCodeOperationsInStackPage" time="0.000">
    <skipped/>
  </testcase> <!-- verifyCodeOperationsInStackPage -->
  <system-out/>
  <testcase classname="dsAlgoTests.StackTest" name="verifyCodeApplicationsPage" time="0.000">
    <skipped/>
  </testcase> <!-- verifyCodeApplicationsPage -->
  <system-out/>
  <testcase classname="dsAlgoTests.StackTest" name="verifyCodeOperationsInStackPage" time="0.000">
    <skipped/>
  </testcase> <!-- verifyCodeOperationsInStackPage -->
  <system-out/>
  <testcase classname="dsAlgoTests.StackTest" name="verifyCodeApplicationsPage" time="0.000">
    <skipped/>
  </testcase> <!-- verifyCodeApplicationsPage -->
  <system-out/>
  <testcase classname="dsAlgoTests.StackTest" name="verifyCodeOperationsInStackPage" time="0.000">
    <skipped/>
  </testcase> <!-- verifyCodeOperationsInStackPage -->
  <system-out/>
  <testcase classname="dsAlgoTests.StackTest" name="verifyCodeOperationsInStackPage" time="0.000">
    <skipped/>
  </testcase> <!-- verifyCodeOperationsInStackPage -->
  <system-out/>
  <testcase classname="dsAlgoTests.StackTest" name="verifyCodeApplicationsPage" time="0.000">
    <skipped/>
  </testcase> <!-- verifyCodeApplicationsPage -->
  <system-out/>
  <testcase classname="dsAlgoTests.StackTest" name="verifyCodeImplementationPage" time="0.000">
    <skipped/>
  </testcase> <!-- verifyCodeImplementationPage -->
  <system-out/>
  <testcase classname="dsAlgoTests.StackTest" name="verifyCodeOperationsInStackPage" time="0.000">
    <skipped/>
  </testcase> <!-- verifyCodeOperationsInStackPage -->
  <system-out/>
  <testcase classname="dsAlgoTests.StackTest" name="verifyCodeOperationsInStackPage" time="0.000">
    <skipped/>
  </testcase> <!-- verifyCodeOperationsInStackPage -->
  <system-out/>
  <testcase classname="dsAlgoTests.StackTest" name="verifyCodeOperationsInStackPage" time="0.000">
    <skipped/>
  </testcase> <!-- verifyCodeOperationsInStackPage -->
  <system-out/>
  <testcase classname="dsAlgoTests.StackTest" name="checkErrorMessageWhenExecutingWithoutCodeInImplementationPage" time="2.149">
    <failure message="Test failed: Expected an error message when clicking the &#039;Run&#039; button without entering code, but no message was displayed." type="java.lang.AssertionError">
      <![CDATA[java.lang.AssertionError: Test failed: Expected an error message when clicking the 'Run' button without entering code, but no message was displayed.
at org.testng.Assert.fail(Assert.java:99)
at dsAlgoTests.StackTest.checkErrorMessageWhenExecutingWithoutCodeInImplementationPage(StackTest.java:137)
at java.base/jdk.internal.reflect.DirectMethodHandleAccessor.invoke(DirectMethodHandleAccessor.java:103)
at java.base/java.lang.reflect.Method.invoke(Method.java:580)
at org.testng.internal.MethodInvocationHelper.invokeMethod(MethodInvocationHelper.java:133)
at org.testng.internal.TestInvoker.invokeMethod(TestInvoker.java:598)
at org.testng.internal.TestInvoker.invokeTestMethod(TestInvoker.java:173)
at org.testng.internal.MethodRunner.runInSequence(MethodRunner.java:46)
at org.testng.internal.TestInvoker$MethodInvocationAgent.invoke(TestInvoker.java:824)
at org.testng.internal.TestInvoker.invokeTestMethods(TestInvoker.java:146)
at org.testng.internal.TestMethodWorker.invokeTestMethods(TestMethodWorker.java:146)
at org.testng.internal.TestMethodWorker.run(TestMethodWorker.java:128)
at java.base/java.util.concurrent.ThreadPoolExecutor.runWorker(ThreadPoolExecutor.java:1144)
at java.base/java.util.concurrent.ThreadPoolExecutor$Worker.run(ThreadPoolExecutor.java:642)
at java.base/java.lang.Thread.run(Thread.java:1583)
]]>
    </failure>
  </testcase> <!-- checkErrorMessageWhenExecutingWithoutCodeInImplementationPage -->
  <system-out/>
  <testcase classname="dsAlgoTests.StackTest" name="verifyCodeImplementationPage" time="0.000">
    <skipped/>
  </testcase> <!-- verifyCodeImplementationPage -->
  <system-out/>
  <testcase classname="dsAlgoTests.StackTest" name="verifyCodeApplicationsPage" time="0.000">
    <skipped/>
  </testcase> <!-- verifyCodeApplicationsPage -->
  <system-out/>
  <testcase classname="dsAlgoTests.StackTest" name="verifyCodeApplicationsPage" time="0.000">
    <skipped/>
  </testcase> <!-- verifyCodeApplicationsPage -->
  <system-out/>
  <testcase classname="dsAlgoTests.StackTest" name="verifyCodeImplementationPage" time="0.000">
    <skipped/>
  </testcase> <!-- verifyCodeImplementationPage -->
  <system-out/>
  <testcase classname="dsAlgoTests.StackTest" name="verifyCodeImplementationPage" time="0.000">
    <skipped/>
  </testcase> <!-- verifyCodeImplementationPage -->
  <system-out/>
  <testcase classname="dsAlgoTests.StackTest" name="verifyCodeApplicationsPage" time="0.000">
    <skipped/>
  </testcase> <!-- verifyCodeApplicationsPage -->
  <system-out/>
  <testcase classname="dsAlgoTests.StackTest" name="verifyCodeImplementationPage" time="0.000">
    <skipped/>
  </testcase> <!-- verifyCodeImplementationPage -->
  <system-out/>
  <testcase classname="dsAlgoTests.StackTest" name="verifyCodeOperationsInStackPage" time="0.000">
    <skipped/>
  </testcase> <!-- verifyCodeOperationsInStackPage -->
  <system-out/>
  <testcase classname="dsAlgoTests.StackTest" name="verifyCodeImplementationPage" time="0.000">
    <skipped/>
  </testcase> <!-- verifyCodeImplementationPage -->
  <system-out/>
  <testcase classname="dsAlgoTests.StackTest" name="verifyCodeApplicationsPage" time="0.000">
    <skipped/>
  </testcase> <!-- verifyCodeApplicationsPage -->
  <system-out/>
  <testcase classname="dsAlgoTests.StackTest" name="verifyCodeApplicationsPage" time="0.000">
    <skipped/>
  </testcase> <!-- verifyCodeApplicationsPage -->
  <system-out/>
  <testcase classname="dsAlgoTests.StackTest" name="verifyCodeOperationsInStackPage" time="0.000">
    <skipped/>
  </testcase> <!-- verifyCodeOperationsInStackPage -->
  <system-out/>
  <testcase classname="dsAlgoTests.StackTest" name="verifyCodeImplementationPage" time="0.000">
    <skipped/>
  </testcase> <!-- verifyCodeImplementationPage -->
  <system-out/>
  <testcase classname="dsAlgoTests.StackTest" name="verifyCodeOperationsInStackPage" time="0.000">
    <skipped/>
  </testcase> <!-- verifyCodeOperationsInStackPage -->
  <system-out/>
  <testcase classname="dsAlgoTests.StackTest" name="verifyCodeImplementationPage" time="0.000">
    <skipped/>
  </testcase> <!-- verifyCodeImplementationPage -->
  <system-out/>
  <testcase classname="dsAlgoTests.StackTest" name="verifyCodeOperationsInStackPage" time="0.000">
    <skipped/>
  </testcase> <!-- verifyCodeOperationsInStackPage -->
  <system-out/>
  <testcase classname="dsAlgoTests.StackTest" name="verifyCodeOperationsInStackPage" time="0.000">
    <skipped/>
  </testcase> <!-- verifyCodeOperationsInStackPage -->
  <system-out/>
  <testcase classname="dsAlgoTests.StackTest" name="verifyCodeImplementationPage" time="0.000">
    <skipped/>
  </testcase> <!-- verifyCodeImplementationPage -->
  <system-out/>
  <testcase classname="dsAlgoTests.StackTest" name="verifyCodeOperationsInStackPage" time="0.000">
    <skipped/>
  </testcase> <!-- verifyCodeOperationsInStackPage -->
  <system-out/>
  <testcase classname="dsAlgoTests.StackTest" name="verifyCodeOperationsInStackPage" time="0.000">
    <skipped/>
  </testcase> <!-- verifyCodeOperationsInStackPage -->
  <system-out/>
  <testcase classname="dsAlgoTests.StackTest" name="verifyCodeImplementationPage" time="0.000">
    <skipped/>
  </testcase> <!-- verifyCodeImplementationPage -->
  <system-out/>
  <testcase classname="dsAlgoTests.StackTest" name="verifyCodeImplementationPage" time="0.000">
    <skipped/>
  </testcase> <!-- verifyCodeImplementationPage -->
  <system-out/>
  <testcase classname="dsAlgoTests.StackTest" name="verifyCodeApplicationsPage" time="0.000">
    <skipped/>
  </testcase> <!-- verifyCodeApplicationsPage -->
  <system-out/>
  <testcase classname="dsAlgoTests.StackTest" name="verifyCodeImplementationPage" time="0.000">
    <skipped/>
  </testcase> <!-- verifyCodeImplementationPage -->
  <system-out/>
  <testcase classname="dsAlgoTests.StackTest" name="verifyCodeImplementationPage" time="0.000">
    <skipped/>
  </testcase> <!-- verifyCodeImplementationPage -->
  <system-out/>
  <testcase classname="dsAlgoTests.StackTest" name="verifyCodeOperationsInStackPage" time="0.000">
    <skipped/>
  </testcase> <!-- verifyCodeOperationsInStackPage -->
  <system-out/>
  <testcase classname="dsAlgoTests.StackTest" name="verifyCodeApplicationsPage" time="0.000">
    <skipped/>
  </testcase> <!-- verifyCodeApplicationsPage -->
  <system-out/>
  <testcase classname="dsAlgoTests.StackTest" name="verifyCodeApplicationsPage" time="0.000">
    <skipped/>
  </testcase> <!-- verifyCodeApplicationsPage -->
  <system-out/>
  <testcase classname="dsAlgoTests.StackTest" name="verifyCodeOperationsInStackPage" time="0.000">
    <skipped/>
  </testcase> <!-- verifyCodeOperationsInStackPage -->
  <system-out/>
  <testcase classname="dsAlgoTests.StackTest" name="verifyCodeOperationsInStackPage" time="0.000">
    <skipped/>
  </testcase> <!-- verifyCodeOperationsInStackPage -->
  <system-out/>
  <testcase classname="dsAlgoTests.StackTest" name="verifyCodeApplicationsPage" time="0.000">
    <skipped/>
  </testcase> <!-- verifyCodeApplicationsPage -->
  <system-out/>
  <testcase classname="dsAlgoTests.StackTest" name="verifyCodeOperationsInStackPage" time="0.000">
    <skipped/>
  </testcase> <!-- verifyCodeOperationsInStackPage -->
  <system-out/>
  <testcase classname="dsAlgoTests.StackTest" name="verifyCodeImplementationPage" time="0.000">
    <skipped/>
  </testcase> <!-- verifyCodeImplementationPage -->
  <system-out/>
  <testcase classname="dsAlgoTests.StackTest" name="verifyCodeImplementationPage" time="0.000">
    <skipped/>
  </testcase> <!-- verifyCodeImplementationPage -->
  <system-out/>
  <testcase classname="dsAlgoTests.StackTest" name="verifyCodeApplicationsPage" time="0.000">
    <skipped/>
  </testcase> <!-- verifyCodeApplicationsPage -->
  <system-out/>
  <testcase classname="dsAlgoTests.StackTest" name="verifyCodeOperationsInStackPage" time="0.000">
    <skipped/>
  </testcase> <!-- verifyCodeOperationsInStackPage -->
  <system-out/>
  <testcase classname="dsAlgoTests.StackTest" name="verifyCodeOperationsInStackPage" time="0.000">
    <skipped/>
  </testcase> <!-- verifyCodeOperationsInStackPage -->
  <system-out/>
  <testcase classname="dsAlgoTests.StackTest" name="verifyCodeApplicationsPage" time="0.000">
    <skipped/>
  </testcase> <!-- verifyCodeApplicationsPage -->
  <system-out/>
  <testcase classname="dsAlgoTests.StackTest" name="verifyCodeImplementationPage" time="0.000">
    <skipped/>
  </testcase> <!-- verifyCodeImplementationPage -->
  <system-out/>
  <testcase classname="dsAlgoTests.StackTest" name="verifyCodeImplementationPage" time="0.000">
    <skipped/>
  </testcase> <!-- verifyCodeImplementationPage -->
  <system-out/>
  <testcase classname="dsAlgoTests.StackTest" name="verifyCodeImplementationPage" time="0.000">
    <skipped/>
  </testcase> <!-- verifyCodeImplementationPage -->
  <system-out/>
  <testcase classname="dsAlgoTests.StackTest" name="verifyCodeImplementationPage" time="0.000">
    <skipped/>
  </testcase> <!-- verifyCodeImplementationPage -->
  <system-out/>
  <testcase classname="dsAlgoTests.StackTest" name="verifyCodeImplementationPage" time="0.000">
    <skipped/>
  </testcase> <!-- verifyCodeImplementationPage -->
  <system-out/>
  <testcase classname="dsAlgoTests.StackTest" name="verifyCodeApplicationsPage" time="0.000">
    <skipped/>
  </testcase> <!-- verifyCodeApplicationsPage -->
  <system-out/>
  <testcase classname="dsAlgoTests.StackTest" name="verifyCodeImplementationPage" time="0.000">
    <skipped/>
  </testcase> <!-- verifyCodeImplementationPage -->
  <system-out/>
  <testcase classname="dsAlgoTests.StackTest" name="verifyCodeOperationsInStackPage" time="0.000">
    <skipped/>
  </testcase> <!-- verifyCodeOperationsInStackPage -->
  <system-out/>
  <testcase classname="dsAlgoTests.StackTest" name="verifyCodeOperationsInStackPage" time="0.000">
    <skipped/>
  </testcase> <!-- verifyCodeOperationsInStackPage -->
  <system-out/>
  <testcase classname="dsAlgoTests.StackTest" name="verifyCodeApplicationsPage" time="0.000">
    <skipped/>
  </testcase> <!-- verifyCodeApplicationsPage -->
  <system-out/>
  <testcase classname="dsAlgoTests.StackTest" name="verifyCodeApplicationsPage" time="0.000">
    <skipped/>
  </testcase> <!-- verifyCodeApplicationsPage -->
  <system-out/>
  <testcase classname="dsAlgoTests.StackTest" name="verifyCodeApplicationsPage" time="0.000">
    <skipped/>
  </testcase> <!-- verifyCodeApplicationsPage -->
  <system-out/>
  <testcase classname="dsAlgoTests.StackTest" name="verifyCodeOperationsInStackPage" time="0.001">
    <skipped/>
  </testcase> <!-- verifyCodeOperationsInStackPage -->
  <system-out/>
  <testcase classname="dsAlgoTests.StackTest" name="verifyCodeOperationsInStackPage" time="0.000">
    <skipped/>
  </testcase> <!-- verifyCodeOperationsInStackPage -->
  <system-out/>
  <testcase classname="dsAlgoTests.StackTest" name="verifyCodeApplicationsPage" time="0.000">
    <skipped/>
  </testcase> <!-- verifyCodeApplicationsPage -->
  <system-out/>
  <testcase classname="dsAlgoTests.StackTest" name="verifyCodeImplementationPage" time="0.000">
    <skipped/>
  </testcase> <!-- verifyCodeImplementationPage -->
  <system-out/>
  <testcase classname="dsAlgoTests.StackTest" name="verifyCodeApplicationsPage" time="0.000">
    <skipped/>
  </testcase> <!-- verifyCodeApplicationsPage -->
  <system-out/>
  <testcase classname="dsAlgoTests.StackTest" name="verifyCodeOperationsInStackPage" time="0.000">
    <skipped/>
  </testcase> <!-- verifyCodeOperationsInStackPage -->
  <system-out/>
  <testcase classname="dsAlgoTests.StackTest" name="verifyCodeImplementationPage" time="0.000">
    <skipped/>
  </testcase> <!-- verifyCodeImplementationPage -->
  <system-out/>
  <testcase classname="dsAlgoTests.StackTest" name="verifyCodeImplementationPage" time="0.000">
    <skipped/>
  </testcase> <!-- verifyCodeImplementationPage -->
  <system-out/>
  <testcase classname="dsAlgoTests.StackTest" name="verifyCodeImplementationPage" time="0.000">
    <skipped/>
  </testcase> <!-- verifyCodeImplementationPage -->
  <system-out/>
  <testcase classname="dsAlgoTests.StackTest" name="verifyCodeImplementationPage" time="0.000">
    <skipped/>
  </testcase> <!-- verifyCodeImplementationPage -->
  <system-out/>
  <testcase classname="dsAlgoTests.StackTest" name="verifyCodeImplementationPage" time="0.000">
    <skipped/>
  </testcase> <!-- verifyCodeImplementationPage -->
  <system-out/>
  <testcase classname="dsAlgoTests.StackTest" name="verifyCodeApplicationsPage" time="0.000">
    <skipped/>
  </testcase> <!-- verifyCodeApplicationsPage -->
  <system-out/>
  <testcase classname="dsAlgoTests.StackTest" name="verifyCodeApplicationsPage" time="0.000">
    <skipped/>
  </testcase> <!-- verifyCodeApplicationsPage -->
  <system-out/>
  <testcase classname="dsAlgoTests.StackTest" name="verifyCodeOperationsInStackPage" time="0.000">
    <skipped/>
  </testcase> <!-- verifyCodeOperationsInStackPage -->
  <system-out/>
  <testcase classname="dsAlgoTests.StackTest" name="verifyCodeOperationsInStackPage" time="0.000">
    <skipped/>
  </testcase> <!-- verifyCodeOperationsInStackPage -->
  <system-out/>
  <testcase classname="dsAlgoTests.StackTest" name="verifyCodeImplementationPage" time="0.000">
    <skipped/>
  </testcase> <!-- verifyCodeImplementationPage -->
  <system-out/>
  <testcase classname="dsAlgoTests.StackTest" name="verifyCodeImplementationPage" time="0.000">
    <skipped/>
  </testcase> <!-- verifyCodeImplementationPage -->
  <system-out/>
  <testcase classname="dsAlgoTests.StackTest" name="verifyCodeImplementationPage" time="0.000">
    <skipped/>
  </testcase> <!-- verifyCodeImplementationPage -->
  <system-out/>
  <testcase classname="dsAlgoTests.StackTest" name="verifyCodeApplicationsPage" time="0.000">
    <skipped/>
  </testcase> <!-- verifyCodeApplicationsPage -->
  <system-out/>
  <testcase classname="dsAlgoTests.StackTest" name="verifyCodeImplementationPage" time="0.000">
    <skipped/>
  </testcase> <!-- verifyCodeImplementationPage -->
  <system-out/>
  <testcase classname="dsAlgoTests.StackTest" name="verifyCodeImplementationPage" time="0.000">
    <skipped/>
  </testcase> <!-- verifyCodeImplementationPage -->
  <system-out/>
  <testcase classname="dsAlgoTests.StackTest" name="verifyCodeApplicationsPage" time="0.000">
    <skipped/>
  </testcase> <!-- verifyCodeApplicationsPage -->
  <system-out/>
  <testcase classname="dsAlgoTests.StackTest" name="verifyCodeImplementationPage" time="0.000">
    <skipped/>
  </testcase> <!-- verifyCodeImplementationPage -->
  <system-out/>
  <testcase classname="dsAlgoTests.StackTest" name="verifyCodeOperationsInStackPage" time="0.000">
    <skipped/>
  </testcase> <!-- verifyCodeOperationsInStackPage -->
  <system-out/>
  <testcase classname="dsAlgoTests.StackTest" name="verifyCodeOperationsInStackPage" time="0.000">
    <skipped/>
  </testcase> <!-- verifyCodeOperationsInStackPage -->
  <system-out/>
  <testcase classname="dsAlgoTests.StackTest" name="verifyCodeApplicationsPage" time="0.000">
    <skipped/>
  </testcase> <!-- verifyCodeApplicationsPage -->
  <system-out/>
  <testcase classname="dsAlgoTests.StackTest" name="verifyCodeApplicationsPage" time="0.000">
    <skipped/>
  </testcase> <!-- verifyCodeApplicationsPage -->
  <system-out/>
  <testcase classname="dsAlgoTests.StackTest" name="verifyCodeOperationsInStackPage" time="0.000">
    <skipped/>
  </testcase> <!-- verifyCodeOperationsInStackPage -->
  <system-out/>
  <testcase classname="dsAlgoTests.StackTest" name="verifyCodeOperationsInStackPage" time="0.000">
    <skipped/>
  </testcase> <!-- verifyCodeOperationsInStackPage -->
  <system-out/>
  <testcase classname="dsAlgoTests.StackTest" name="verifyCodeImplementationPage" time="0.000">
    <skipped/>
  </testcase> <!-- verifyCodeImplementationPage -->
  <system-out/>
  <testcase classname="dsAlgoTests.StackTest" name="verifyCodeOperationsInStackPage" time="0.000">
    <skipped/>
  </testcase> <!-- verifyCodeOperationsInStackPage -->
  <system-out/>
  <testcase classname="dsAlgoTests.StackTest" name="verifyCodeOperationsInStackPage" time="0.000">
    <skipped/>
  </testcase> <!-- verifyCodeOperationsInStackPage -->
  <system-out/>
  <testcase classname="dsAlgoTests.StackTest" name="verifyCodeImplementationPage" time="0.000">
    <skipped/>
  </testcase> <!-- verifyCodeImplementationPage -->
  <system-out/>
  <testcase classname="dsAlgoTests.StackTest" name="verifyCodeApplicationsPage" time="0.000">
    <skipped/>
  </testcase> <!-- verifyCodeApplicationsPage -->
  <system-out/>
  <testcase classname="dsAlgoTests.StackTest" name="verifyCodeApplicationsPage" time="0.000">
    <skipped/>
  </testcase> <!-- verifyCodeApplicationsPage -->
  <system-out/>
  <testcase classname="dsAlgoTests.StackTest" name="verifyCodeImplementationPage" time="0.000">
    <skipped/>
  </testcase> <!-- verifyCodeImplementationPage -->
  <system-out/>
  <testcase classname="dsAlgoTests.StackTest" name="verifyCodeApplicationsPage" time="0.000">
    <skipped/>
  </testcase> <!-- verifyCodeApplicationsPage -->
  <system-out/>
  <testcase classname="dsAlgoTests.StackTest" name="verifyCodeImplementationPage" time="0.000">
    <skipped/>
  </testcase> <!-- verifyCodeImplementationPage -->
  <system-out/>
  <testcase classname="dsAlgoTests.StackTest" name="verifyCodeOperationsInStackPage" time="0.000">
    <skipped/>
  </testcase> <!-- verifyCodeOperationsInStackPage -->
  <system-out/>
  <testcase classname="dsAlgoTests.StackTest" name="navigateToApplications" time="0.000">
    <skipped/>
  </testcase> <!-- navigateToApplications -->
  <system-out/>
  <testcase classname="dsAlgoTests.StackTest" name="verifyCodeApplicationsPage" time="0.000">
    <skipped/>
  </testcase> <!-- verifyCodeApplicationsPage -->
  <system-out/>
  <testcase classname="dsAlgoTests.StackTest" name="verifyCodeOperationsInStackPage" time="0.000">
    <skipped/>
  </testcase> <!-- verifyCodeOperationsInStackPage -->
  <system-out/>
  <testcase classname="dsAlgoTests.StackTest" name="verifyCodeImplementationPage" time="0.000">
    <skipped/>
  </testcase> <!-- verifyCodeImplementationPage -->
  <system-out/>
  <testcase classname="dsAlgoTests.StackTest" name="verifyCodeImplementationPage" time="0.000">
    <skipped/>
  </testcase> <!-- verifyCodeImplementationPage -->
  <system-out/>
  <testcase classname="dsAlgoTests.StackTest" name="verifyCodeApplicationsPage" time="0.000">
    <skipped/>
  </testcase> <!-- verifyCodeApplicationsPage -->
  <system-out/>
  <testcase classname="dsAlgoTests.StackTest" name="verifyCodeApplicationsPage" time="0.000">
    <skipped/>
  </testcase> <!-- verifyCodeApplicationsPage -->
  <system-out/>
  <testcase classname="dsAlgoTests.StackTest" name="verifyCodeOperationsInStackPage" time="0.000">
    <skipped/>
  </testcase> <!-- verifyCodeOperationsInStackPage -->
  <system-out/>
  <testcase classname="dsAlgoTests.StackTest" name="verifyCodeApplicationsPage" time="0.000">
    <skipped/>
  </testcase> <!-- verifyCodeApplicationsPage -->
  <system-out/>
  <testcase classname="dsAlgoTests.StackTest" name="verifyCodeOperationsInStackPage" time="0.000">
    <skipped/>
  </testcase> <!-- verifyCodeOperationsInStackPage -->
  <system-out/>
  <testcase classname="dsAlgoTests.StackTest" name="verifyCodeOperationsInStackPage" time="0.000">
    <skipped/>
  </testcase> <!-- verifyCodeOperationsInStackPage -->
  <system-out/>
  <testcase classname="dsAlgoTests.StackTest" name="verifyCodeOperationsInStackPage" time="0.000">
    <skipped/>
  </testcase> <!-- verifyCodeOperationsInStackPage -->
  <system-out/>
  <testcase classname="dsAlgoTests.StackTest" name="verifyCodeApplicationsPage" time="0.000">
    <skipped/>
  </testcase> <!-- verifyCodeApplicationsPage -->
  <system-out/>
  <testcase classname="dsAlgoTests.StackTest" name="verifyCodeImplementationPage" time="0.000">
    <skipped/>
  </testcase> <!-- verifyCodeImplementationPage -->
  <system-out/>
  <testcase classname="dsAlgoTests.StackTest" name="verifyCodeApplicationsPage" time="0.000">
    <skipped/>
  </testcase> <!-- verifyCodeApplicationsPage -->
  <system-out/>
  <testcase classname="dsAlgoTests.StackTest" name="verifyCodeOperationsInStackPage" time="0.000">
    <skipped/>
  </testcase> <!-- verifyCodeOperationsInStackPage -->
  <system-out/>
  <testcase classname="dsAlgoTests.StackTest" name="verifyCodeApplicationsPage" time="0.000">
    <skipped/>
  </testcase> <!-- verifyCodeApplicationsPage -->
  <system-out/>
  <testcase classname="dsAlgoTests.StackTest" name="verifyCodeOperationsInStackPage" time="0.000">
    <skipped/>
  </testcase> <!-- verifyCodeOperationsInStackPage -->
  <system-out/>
  <testcase classname="dsAlgoTests.StackTest" name="verifyCodeApplicationsPage" time="0.000">
    <skipped/>
  </testcase> <!-- verifyCodeApplicationsPage -->
  <system-out/>
  <testcase classname="dsAlgoTests.StackTest" name="verifyCodeApplicationsPage" time="0.000">
    <skipped/>
  </testcase> <!-- verifyCodeApplicationsPage -->
  <system-out/>
  <testcase classname="dsAlgoTests.StackTest" name="verifyCodeImplementationPage" time="0.000">
    <skipped/>
  </testcase> <!-- verifyCodeImplementationPage -->
  <system-out/>
  <testcase classname="dsAlgoTests.StackTest" name="verifyCodeApplicationsPage" time="0.000">
    <skipped/>
  </testcase> <!-- verifyCodeApplicationsPage -->
  <system-out/>
  <testcase classname="dsAlgoTests.StackTest" name="verifyCodeImplementationPage" time="0.000">
    <skipped/>
  </testcase> <!-- verifyCodeImplementationPage -->
  <system-out/>
  <testcase classname="dsAlgoTests.StackTest" name="verifyCodeOperationsInStackPage" time="0.000">
    <skipped/>
  </testcase> <!-- verifyCodeOperationsInStackPage -->
  <system-out/>
  <testcase classname="dsAlgoTests.StackTest" name="verifyCodeOperationsInStackPage" time="0.000">
    <skipped/>
  </testcase> <!-- verifyCodeOperationsInStackPage -->
  <system-out/>
  <testcase classname="dsAlgoTests.StackTest" name="verifyCodeApplicationsPage" time="0.000">
    <skipped/>
  </testcase> <!-- verifyCodeApplicationsPage -->
  <system-out/>
  <testcase classname="dsAlgoTests.StackTest" name="verifyCodeImplementationPage" time="0.000">
    <skipped/>
  </testcase> <!-- verifyCodeImplementationPage -->
  <system-out/>
  <testcase classname="dsAlgoTests.StackTest" name="verifyCodeImplementationPage" time="0.000">
    <skipped/>
  </testcase> <!-- verifyCodeImplementationPage -->
  <system-out/>
  <testcase classname="dsAlgoTests.StackTest" name="verifyCodeOperationsInStackPage" time="0.000">
    <skipped/>
  </testcase> <!-- verifyCodeOperationsInStackPage -->
  <system-out/>
  <testcase classname="dsAlgoTests.StackTest" name="verifyCodeOperationsInStackPage" time="0.000">
    <skipped/>
  </testcase> <!-- verifyCodeOperationsInStackPage -->
  <system-out/>
  <testcase classname="dsAlgoTests.StackTest" name="verifyCodeImplementationPage" time="0.000">
    <skipped/>
  </testcase> <!-- verifyCodeImplementationPage -->
  <system-out/>
  <testcase classname="dsAlgoTests.StackTest" name="verifyCodeOperationsInStackPage" time="0.000">
    <skipped/>
  </testcase> <!-- verifyCodeOperationsInStackPage -->
  <system-out/>
  <testcase classname="dsAlgoTests.StackTest" name="verifyCodeOperationsInStackPage" time="0.000">
    <skipped/>
  </testcase> <!-- verifyCodeOperationsInStackPage -->
  <system-out/>
  <testcase classname="dsAlgoTests.StackTest" name="verifyCodeOperationsInStackPage" time="0.000">
    <skipped/>
  </testcase> <!-- verifyCodeOperationsInStackPage -->
  <system-out/>
  <testcase classname="dsAlgoTests.StackTest" name="verifyCodeOperationsInStackPage" time="0.000">
    <skipped/>
  </testcase> <!-- verifyCodeOperationsInStackPage -->
  <system-out/>
  <testcase classname="dsAlgoTests.StackTest" name="verifyCodeImplementationPage" time="0.000">
    <skipped/>
  </testcase> <!-- verifyCodeImplementationPage -->
  <system-out/>
  <testcase classname="dsAlgoTests.StackTest" name="verifyCodeApplicationsPage" time="0.000">
    <skipped/>
  </testcase> <!-- verifyCodeApplicationsPage -->
  <system-out/>
  <testcase classname="dsAlgoTests.StackTest" name="verifyCodeApplicationsPage" time="0.000">
    <skipped/>
  </testcase> <!-- verifyCodeApplicationsPage -->
  <system-out/>
  <testcase classname="dsAlgoTests.StackTest" name="verifyCodeImplementationPage" time="0.000">
    <skipped/>
  </testcase> <!-- verifyCodeImplementationPage -->
  <system-out/>
  <testcase classname="dsAlgoTests.StackTest" name="verifyCodeApplicationsPage" time="0.000">
    <skipped/>
  </testcase> <!-- verifyCodeApplicationsPage -->
  <system-out/>
  <testcase classname="dsAlgoTests.StackTest" name="verifyCodeImplementationPage" time="0.000">
    <skipped/>
  </testcase> <!-- verifyCodeImplementationPage -->
  <system-out/>
  <testcase classname="dsAlgoTests.StackTest" name="verifyCodeApplicationsPage" time="0.000">
    <skipped/>
  </testcase> <!-- verifyCodeApplicationsPage -->
  <system-out/>
  <testcase classname="dsAlgoTests.StackTest" name="verifyCodeImplementationPage" time="0.000">
    <skipped/>
  </testcase> <!-- verifyCodeImplementationPage -->
  <system-out/>
  <testcase classname="dsAlgoTests.StackTest" name="verifyCodeOperationsInStackPage" time="0.000">
    <skipped/>
  </testcase> <!-- verifyCodeOperationsInStackPage -->
  <system-out/>
  <testcase classname="dsAlgoTests.StackTest" name="verifyCodeOperationsInStackPage" time="0.000">
    <skipped/>
  </testcase> <!-- verifyCodeOperationsInStackPage -->
  <system-out/>
  <testcase classname="dsAlgoTests.StackTest" name="verifyCodeImplementationPage" time="0.000">
    <skipped/>
  </testcase> <!-- verifyCodeImplementationPage -->
  <system-out/>
  <testcase classname="dsAlgoTests.StackTest" name="verifyCodeOperationsInStackPage" time="0.000">
    <skipped/>
  </testcase> <!-- verifyCodeOperationsInStackPage -->
  <system-out/>
  <testcase classname="dsAlgoTests.StackTest" name="verifyCodeOperationsInStackPage" time="0.000">
    <skipped/>
  </testcase> <!-- verifyCodeOperationsInStackPage -->
  <system-out/>
  <testcase classname="dsAlgoTests.StackTest" name="verifyCodeOperationsInStackPage" time="0.000">
    <skipped/>
  </testcase> <!-- verifyCodeOperationsInStackPage -->
  <system-out/>
  <testcase classname="dsAlgoTests.StackTest" name="verifyCodeApplicationsPage" time="0.000">
    <skipped/>
  </testcase> <!-- verifyCodeApplicationsPage -->
  <system-out/>
  <testcase classname="dsAlgoTests.StackTest" name="verifyCodeImplementationPage" time="0.000">
    <skipped/>
  </testcase> <!-- verifyCodeImplementationPage -->
  <system-out/>
  <testcase classname="dsAlgoTests.StackTest" name="verifyCodeApplicationsPage" time="0.000">
    <skipped/>
  </testcase> <!-- verifyCodeApplicationsPage -->
  <system-out/>
  <testcase classname="dsAlgoTests.StackTest" name="verifyCodeImplementationPage" time="0.000">
    <skipped/>
  </testcase> <!-- verifyCodeImplementationPage -->
  <system-out/>
  <testcase classname="dsAlgoTests.StackTest" name="navigatetoApplicationstryeditor" time="0.000">
    <skipped/>
  </testcase> <!-- navigatetoApplicationstryeditor -->
  <system-out/>
  <testcase classname="dsAlgoTests.StackTest" name="verifyCodeOperationsInStackPage" time="0.000">
    <skipped/>
  </testcase> <!-- verifyCodeOperationsInStackPage -->
  <system-out/>
  <testcase classname="dsAlgoTests.StackTest" name="verifyCodeImplementationPage" time="0.000">
    <skipped/>
  </testcase> <!-- verifyCodeImplementationPage -->
  <system-out/>
  <testcase classname="dsAlgoTests.StackTest" name="verifyCodeOperationsInStackPage" time="0.000">
    <skipped/>
  </testcase> <!-- verifyCodeOperationsInStackPage -->
  <system-out/>
  <testcase classname="dsAlgoTests.StackTest" name="verifyCodeOperationsInStackPage" time="0.000">
    <skipped/>
  </testcase> <!-- verifyCodeOperationsInStackPage -->
  <system-out/>
  <testcase classname="dsAlgoTests.StackTest" name="verifyCodeImplementationPage" time="0.000">
    <skipped/>
  </testcase> <!-- verifyCodeImplementationPage -->
  <system-out/>
  <testcase classname="dsAlgoTests.StackTest" name="verifyCodeImplementationPage" time="0.000">
    <skipped/>
  </testcase> <!-- verifyCodeImplementationPage -->
  <system-out/>
  <testcase classname="dsAlgoTests.StackTest" name="verifyCodeOperationsInStackPage" time="0.000">
    <skipped/>
  </testcase> <!-- verifyCodeOperationsInStackPage -->
  <system-out/>
  <testcase classname="dsAlgoTests.StackTest" name="verifyCodeImplementationPage" time="0.000">
    <skipped/>
  </testcase> <!-- verifyCodeImplementationPage -->
  <system-out/>
  <testcase classname="dsAlgoTests.StackTest" name="verifyCodeApplicationsPage" time="0.000">
    <skipped/>
  </testcase> <!-- verifyCodeApplicationsPage -->
  <system-out/>
  <testcase classname="dsAlgoTests.StackTest" name="verifyCodeApplicationsPage" time="0.000">
    <skipped/>
  </testcase> <!-- verifyCodeApplicationsPage -->
  <system-out/>
  <testcase classname="dsAlgoTests.StackTest" name="verifyCodeImplementationPage" time="0.000">
    <skipped/>
  </testcase> <!-- verifyCodeImplementationPage -->
  <system-out/>
  <testcase classname="dsAlgoTests.StackTest" name="verifyCodeApplicationsPage" time="0.000">
    <skipped/>
  </testcase> <!-- verifyCodeApplicationsPage -->
  <system-out/>
  <testcase classname="dsAlgoTests.StackTest" name="verifyCodeImplementationPage" time="0.000">
    <skipped/>
  </testcase> <!-- verifyCodeImplementationPage -->
  <system-out/>
  <testcase classname="dsAlgoTests.StackTest" name="verifyCodeImplementationPage" time="0.000">
    <skipped/>
  </testcase> <!-- verifyCodeImplementationPage -->
  <system-out/>
  <testcase classname="dsAlgoTests.StackTest" name="verifyCodeImplementationPage" time="0.000">
    <skipped/>
  </testcase> <!-- verifyCodeImplementationPage -->
  <system-out/>
  <testcase classname="dsAlgoTests.StackTest" name="verifyCodeApplicationsPage" time="0.000">
    <skipped/>
  </testcase> <!-- verifyCodeApplicationsPage -->
  <system-out/>
  <testcase classname="dsAlgoTests.StackTest" name="verifyCodeApplicationsPage" time="0.000">
    <skipped/>
  </testcase> <!-- verifyCodeApplicationsPage -->
  <system-out/>
  <testcase classname="dsAlgoTests.StackTest" name="verifyCodeOperationsInStackPage" time="0.000">
    <skipped/>
  </testcase> <!-- verifyCodeOperationsInStackPage -->
  <system-out/>
  <testcase classname="dsAlgoTests.StackTest" name="verifyCodeOperationsInStackPage" time="0.000">
    <skipped/>
  </testcase> <!-- verifyCodeOperationsInStackPage -->
  <system-out/>
  <testcase classname="dsAlgoTests.StackTest" name="verifyCodeOperationsInStackPage" time="0.000">
    <skipped/>
  </testcase> <!-- verifyCodeOperationsInStackPage -->
  <system-out/>
  <testcase classname="dsAlgoTests.StackTest" name="verifyCodeOperationsInStackPage" time="0.000">
    <skipped/>
  </testcase> <!-- verifyCodeOperationsInStackPage -->
  <system-out/>
  <testcase classname="dsAlgoTests.StackTest" name="verifyCodeApplicationsPage" time="0.000">
    <skipped/>
  </testcase> <!-- verifyCodeApplicationsPage -->
  <system-out/>
  <testcase classname="dsAlgoTests.StackTest" name="verifyCodeImplementationPage" time="0.000">
    <skipped/>
  </testcase> <!-- verifyCodeImplementationPage -->
  <system-out/>
  <testcase classname="dsAlgoTests.StackTest" name="verifyCodeOperationsInStackPage" time="0.000">
    <skipped/>
  </testcase> <!-- verifyCodeOperationsInStackPage -->
  <system-out/>
  <testcase classname="dsAlgoTests.StackTest" name="verifyCodeApplicationsPage" time="0.000">
    <skipped/>
  </testcase> <!-- verifyCodeApplicationsPage -->
  <system-out/>
  <testcase classname="dsAlgoTests.StackTest" name="verifyCodeOperationsInStackPage" time="0.000">
    <skipped/>
  </testcase> <!-- verifyCodeOperationsInStackPage -->
  <system-out/>
  <testcase classname="dsAlgoTests.StackTest" name="verifyCodeOperationsInStackPage" time="0.000">
    <skipped/>
  </testcase> <!-- verifyCodeOperationsInStackPage -->
  <system-out/>
  <testcase classname="dsAlgoTests.StackTest" name="verifyCodeOperationsInStackPage" time="0.000">
    <skipped/>
  </testcase> <!-- verifyCodeOperationsInStackPage -->
  <system-out/>
  <testcase classname="dsAlgoTests.StackTest" name="verifyCodeImplementationPage" time="0.000">
    <skipped/>
  </testcase> <!-- verifyCodeImplementationPage -->
  <system-out/>
  <testcase classname="dsAlgoTests.StackTest" name="verifyCodeApplicationsPage" time="0.000">
    <skipped/>
  </testcase> <!-- verifyCodeApplicationsPage -->
  <system-out/>
  <testcase classname="dsAlgoTests.StackTest" name="verifyCodeImplementationPage" time="0.000">
    <skipped/>
  </testcase> <!-- verifyCodeImplementationPage -->
  <system-out/>
  <testcase classname="dsAlgoTests.StackTest" name="verifyCodeApplicationsPage" time="0.000">
    <skipped/>
  </testcase> <!-- verifyCodeApplicationsPage -->
  <system-out/>
  <testcase classname="dsAlgoTests.StackTest" name="verifyCodeImplementationPage" time="0.000">
    <skipped/>
  </testcase> <!-- verifyCodeImplementationPage -->
  <system-out/>
  <testcase classname="dsAlgoTests.StackTest" name="verifyCodeImplementationPage" time="0.000">
    <skipped/>
  </testcase> <!-- verifyCodeImplementationPage -->
  <system-out/>
  <testcase classname="dsAlgoTests.StackTest" name="verifyCodeOperationsInStackPage" time="0.000">
    <skipped/>
  </testcase> <!-- verifyCodeOperationsInStackPage -->
  <system-out/>
  <testcase classname="dsAlgoTests.StackTest" name="verifyCodeImplementationPage" time="0.000">
    <skipped/>
  </testcase> <!-- verifyCodeImplementationPage -->
  <system-out/>
  <testcase classname="dsAlgoTests.StackTest" name="verifyCodeOperationsInStackPage" time="0.000">
    <skipped/>
  </testcase> <!-- verifyCodeOperationsInStackPage -->
  <system-out/>
  <testcase classname="dsAlgoTests.StackTest" name="verifyCodeApplicationsPage" time="0.000">
    <skipped/>
  </testcase> <!-- verifyCodeApplicationsPage -->
  <system-out/>
  <testcase classname="dsAlgoTests.StackTest" name="verifyCodeOperationsInStackPage" time="0.000">
    <skipped/>
  </testcase> <!-- verifyCodeOperationsInStackPage -->
  <system-out/>
  <testcase classname="dsAlgoTests.StackTest" name="verifyCodeApplicationsPage" time="0.000">
    <skipped/>
  </testcase> <!-- verifyCodeApplicationsPage -->
  <system-out/>
  <testcase classname="dsAlgoTests.StackTest" name="verifyCodeApplicationsPage" time="0.000">
    <skipped/>
  </testcase> <!-- verifyCodeApplicationsPage -->
  <system-out/>
  <testcase classname="dsAlgoTests.StackTest" name="verifyCodeOperationsInStackPage" time="0.000">
    <skipped/>
  </testcase> <!-- verifyCodeOperationsInStackPage -->
  <system-out/>
  <testcase classname="dsAlgoTests.StackTest" name="verifyCodeOperationsInStackPage" time="0.000">
    <skipped/>
  </testcase> <!-- verifyCodeOperationsInStackPage -->
  <system-out/>
  <testcase classname="dsAlgoTests.StackTest" name="verifyCodeImplementationPage" time="0.000">
    <skipped/>
  </testcase> <!-- verifyCodeImplementationPage -->
  <system-out/>
  <testcase classname="dsAlgoTests.StackTest" name="verifyCodeOperationsInStackPage" time="0.000">
    <skipped/>
  </testcase> <!-- verifyCodeOperationsInStackPage -->
  <system-out/>
  <testcase classname="dsAlgoTests.StackTest" name="verifyCodeApplicationsPage" time="0.000">
    <skipped/>
  </testcase> <!-- verifyCodeApplicationsPage -->
  <system-out/>
  <testcase classname="dsAlgoTests.StackTest" name="verifyCodeOperationsInStackPage" time="0.000">
    <skipped/>
  </testcase> <!-- verifyCodeOperationsInStackPage -->
  <system-out/>
  <testcase classname="dsAlgoTests.StackTest" name="verifyCodeImplementationPage" time="0.000">
    <skipped/>
  </testcase> <!-- verifyCodeImplementationPage -->
  <system-out/>
  <testcase classname="dsAlgoTests.StackTest" name="verifyCodeImplementationPage" time="0.000">
    <skipped/>
  </testcase> <!-- verifyCodeImplementationPage -->
  <system-out/>
  <testcase classname="dsAlgoTests.StackTest" name="verifyCodeImplementationPage" time="0.000">
    <skipped/>
  </testcase> <!-- verifyCodeImplementationPage -->
  <system-out/>
  <testcase classname="dsAlgoTests.StackTest" name="verifyCodeApplicationsPage" time="0.000">
    <skipped/>
  </testcase> <!-- verifyCodeApplicationsPage -->
  <system-out/>
  <testcase classname="dsAlgoTests.StackTest" name="verifyCodeApplicationsPage" time="0.000">
    <skipped/>
  </testcase> <!-- verifyCodeApplicationsPage -->
  <system-out/>
  <testcase classname="dsAlgoTests.StackTest" name="verifyCodeOperationsInStackPage" time="0.000">
    <skipped/>
  </testcase> <!-- verifyCodeOperationsInStackPage -->
  <system-out/>
  <testcase classname="dsAlgoTests.StackTest" name="verifyCodeOperationsInStackPage" time="0.000">
    <skipped/>
  </testcase> <!-- verifyCodeOperationsInStackPage -->
  <system-out/>
  <testcase classname="dsAlgoTests.StackTest" name="verifyCodeApplicationsPage" time="0.000">
    <skipped/>
  </testcase> <!-- verifyCodeApplicationsPage -->
  <system-out/>
  <testcase classname="dsAlgoTests.StackTest" name="verifyCodeImplementationPage" time="0.000">
    <skipped/>
  </testcase> <!-- verifyCodeImplementationPage -->
  <system-out/>
  <testcase classname="dsAlgoTests.StackTest" name="verifyCodeApplicationsPage" time="0.000">
    <skipped/>
  </testcase> <!-- verifyCodeApplicationsPage -->
  <system-out/>
  <testcase classname="dsAlgoTests.StackTest" name="verifyCodeApplicationsPage" time="0.000">
    <skipped/>
  </testcase> <!-- verifyCodeApplicationsPage -->
  <system-out/>
  <testcase classname="dsAlgoTests.StackTest" name="verifyCodeImplementationPage" time="0.000">
    <skipped/>
  </testcase> <!-- verifyCodeImplementationPage -->
  <system-out/>
  <testcase classname="dsAlgoTests.StackTest" name="tearDownTest" time="0.001">
    <error message="Session ID is null. Using WebDriver after calling quit()?
Build info: version: &#039;4.17.0&#039;, revision: &#039;e52b1be057*&#039;
System info: os.name: &#039;Windows 11&#039;, os.arch: &#039;amd64&#039;, os.version: &#039;10.0&#039;, java.version: &#039;21.0.3&#039;
Driver info: org.openqa.selenium.chrome.ChromeDriver
Command: [null, screenshot {}]
Capabilities {acceptInsecureCerts: false, browserName: chrome, browserVersion: 133.0.6943.53, chrome: {chromedriverVersion: 133.0.6943.53 (9a80935019b0..., userDataDir: C:\Users\sahan\AppData\Loca...}, fedcm:accounts: true, goog:chromeOptions: {debuggerAddress: localhost:57346}, networkConnectionEnabled: false, pageLoadStrategy: normal, platformName: windows, proxy: Proxy(), se:cdp: ws://localhost:57346/devtoo..., se:cdpVersion: 133.0.6943.53, setWindowRect: true, strictFileInteractability: false, timeouts: {implicit: 0, pageLoad: 300000, script: 30000}, unhandledPromptBehavior: dismiss and notify, webauthn:extension:credBlob: true, webauthn:extension:largeBlob: true, webauthn:extension:minPinLength: true, webauthn:extension:prf: true, webauthn:virtualAuthenticators: true}" type="org.openqa.selenium.NoSuchSessionException">
      <![CDATA[org.openqa.selenium.NoSuchSessionException: Session ID is null. Using WebDriver after calling quit()?
Build info: version: '4.17.0', revision: 'e52b1be057*'
System info: os.name: 'Windows 11', os.arch: 'amd64', os.version: '10.0', java.version: '21.0.3'
Driver info: org.openqa.selenium.chrome.ChromeDriver
Command: [null, screenshot {}]
Capabilities {acceptInsecureCerts: false, browserName: chrome, browserVersion: 133.0.6943.53, chrome: {chromedriverVersion: 133.0.6943.53 (9a80935019b0..., userDataDir: C:\Users\sahan\AppData\Loca...}, fedcm:accounts: true, goog:chromeOptions: {debuggerAddress: localhost:57346}, networkConnectionEnabled: false, pageLoadStrategy: normal, platformName: windows, proxy: Proxy(), se:cdp: ws://localhost:57346/devtoo..., se:cdpVersion: 133.0.6943.53, setWindowRect: true, strictFileInteractability: false, timeouts: {implicit: 0, pageLoad: 300000, script: 30000}, unhandledPromptBehavior: dismiss and notify, webauthn:extension:credBlob: true, webauthn:extension:largeBlob: true, webauthn:extension:minPinLength: true, webauthn:extension:prf: true, webauthn:virtualAuthenticators: true}
at org.openqa.selenium.remote.HttpCommandExecutor.execute(HttpCommandExecutor.java:151)
at org.openqa.selenium.remote.service.DriverCommandExecutor.invokeExecute(DriverCommandExecutor.java:216)
at org.openqa.selenium.remote.service.DriverCommandExecutor.execute(DriverCommandExecutor.java:174)
at org.openqa.selenium.remote.RemoteWebDriver.execute(RemoteWebDriver.java:519)
at org.openqa.selenium.remote.RemoteWebDriver.execute(RemoteWebDriver.java:592)
at org.openqa.selenium.remote.RemoteWebDriver.execute(RemoteWebDriver.java:596)
at org.openqa.selenium.remote.RemoteWebDriver.getScreenshotAs(RemoteWebDriver.java:322)
at dsAlgoHooks.Hooks.tearDownTest(Hooks.java:45)
at java.base/jdk.internal.reflect.DirectMethodHandleAccessor.invoke(DirectMethodHandleAccessor.java:103)
at java.base/java.lang.reflect.Method.invoke(Method.java:580)
at org.testng.internal.MethodInvocationHelper.invokeMethod(MethodInvocationHelper.java:133)
at org.testng.internal.MethodInvocationHelper.invokeMethodConsideringTimeout(MethodInvocationHelper.java:62)
at org.testng.internal.ConfigInvoker.invokeConfigurationMethod(ConfigInvoker.java:385)
at org.testng.internal.ConfigInvoker.invokeConfigurations(ConfigInvoker.java:321)
at org.testng.internal.TestInvoker.runConfigMethods(TestInvoker.java:700)
at org.testng.internal.TestInvoker.runAfterGroupsConfigurations(TestInvoker.java:676)
at org.testng.internal.TestInvoker.invokeMethod(TestInvoker.java:660)
at org.testng.internal.TestInvoker.invokeTestMethod(TestInvoker.java:173)
at org.testng.internal.MethodRunner.runInSequence(MethodRunner.java:46)
at org.testng.internal.TestInvoker$MethodInvocationAgent.invoke(TestInvoker.java:824)
at org.testng.internal.TestInvoker.invokeTestMethods(TestInvoker.java:146)
at org.testng.internal.TestMethodWorker.invokeTestMethods(TestMethodWorker.java:146)
at org.testng.internal.TestMethodWorker.run(TestMethodWorker.java:128)
at java.base/java.util.concurrent.ThreadPoolExecutor.runWorker(ThreadPoolExecutor.java:1144)
at java.base/java.util.concurrent.ThreadPoolExecutor$Worker.run(ThreadPoolExecutor.java:642)
at java.base/java.lang.Thread.run(Thread.java:1583)
]]>
    </error>
  </testcase> <!-- tearDownTest -->
  <system-out/>
  <testcase classname="dsAlgoTests.StackTest" name="verifyCodeApplicationsPage" time="0.000">
    <skipped/>
  </testcase> <!-- verifyCodeApplicationsPage -->
  <system-out/>
  <testcase classname="dsAlgoTests.StackTest" name="verifyCodeApplicationsPage" time="0.000">
    <skipped/>
  </testcase> <!-- verifyCodeApplicationsPage -->
  <system-out/>
  <testcase classname="dsAlgoTests.StackTest" name="verifyCodeOperationsInStackPage" time="0.000">
    <skipped/>
  </testcase> <!-- verifyCodeOperationsInStackPage -->
  <system-out/>
  <testcase classname="dsAlgoTests.StackTest" name="verifyCodeApplicationsPage" time="0.000">
    <skipped/>
  </testcase> <!-- verifyCodeApplicationsPage -->
  <system-out/>
  <testcase classname="dsAlgoTests.StackTest" name="verifyCodeImplementationPage" time="0.000">
    <skipped/>
  </testcase> <!-- verifyCodeImplementationPage -->
  <system-out/>
  <testcase classname="dsAlgoTests.StackTest" name="verifyCodeOperationsInStackPage" time="0.000">
    <skipped/>
  </testcase> <!-- verifyCodeOperationsInStackPage -->
  <system-out/>
  <testcase classname="dsAlgoTests.StackTest" name="verifyCodeApplicationsPage" time="0.000">
    <skipped/>
  </testcase> <!-- verifyCodeApplicationsPage -->
  <system-out/>
  <testcase classname="dsAlgoTests.StackTest" name="verifyCodeOperationsInStackPage" time="0.000">
    <skipped/>
  </testcase> <!-- verifyCodeOperationsInStackPage -->
  <system-out/>
  <testcase classname="dsAlgoTests.StackTest" name="verifyCodeOperationsInStackPage" time="0.000">
    <skipped/>
  </testcase> <!-- verifyCodeOperationsInStackPage -->
  <system-out/>
  <testcase classname="dsAlgoTests.StackTest" name="verifyCodeApplicationsPage" time="0.000">
    <skipped/>
  </testcase> <!-- verifyCodeApplicationsPage -->
  <system-out/>
  <testcase classname="dsAlgoTests.StackTest" name="verifyCodeOperationsInStackPage" time="0.000">
    <skipped/>
  </testcase> <!-- verifyCodeOperationsInStackPage -->
  <system-out/>
  <testcase classname="dsAlgoTests.StackTest" name="verifyCodeApplicationsPage" time="0.000">
    <skipped/>
  </testcase> <!-- verifyCodeApplicationsPage -->
  <system-out/>
  <testcase classname="dsAlgoTests.StackTest" name="verifyCodeOperationsInStackPage" time="0.000">
    <skipped/>
  </testcase> <!-- verifyCodeOperationsInStackPage -->
  <system-out/>
  <testcase classname="dsAlgoTests.StackTest" name="verifyCodeApplicationsPage" time="0.000">
    <skipped/>
  </testcase> <!-- verifyCodeApplicationsPage -->
  <system-out/>
  <testcase classname="dsAlgoTests.StackTest" name="verifyCodeApplicationsPage" time="0.000">
    <skipped/>
  </testcase> <!-- verifyCodeApplicationsPage -->
  <system-out/>
  <testcase classname="dsAlgoTests.StackTest" name="verifyCodeApplicationsPage" time="0.000">
    <skipped/>
  </testcase> <!-- verifyCodeApplicationsPage -->
  <system-out/>
  <testcase classname="dsAlgoTests.StackTest" name="verifyCodeApplicationsPage" time="0.000">
    <skipped/>
  </testcase> <!-- verifyCodeApplicationsPage -->
  <system-out/>
  <testcase classname="dsAlgoTests.StackTest" name="verifyCodeApplicationsPage" time="0.000">
    <skipped/>
  </testcase> <!-- verifyCodeApplicationsPage -->
  <system-out/>
  <testcase classname="dsAlgoTests.StackTest" name="verifyCodeOperationsInStackPage" time="0.000">
    <skipped/>
  </testcase> <!-- verifyCodeOperationsInStackPage -->
  <system-out/>
  <testcase classname="dsAlgoTests.StackTest" name="verifyCodeApplicationsPage" time="0.000">
    <skipped/>
  </testcase> <!-- verifyCodeApplicationsPage -->
  <system-out/>
  <testcase classname="dsAlgoTests.StackTest" name="verifyCodeOperationsInStackPage" time="0.000">
    <skipped/>
  </testcase> <!-- verifyCodeOperationsInStackPage -->
  <system-out/>
  <testcase classname="dsAlgoTests.StackTest" name="verifyCodeImplementationPage" time="0.000">
    <skipped/>
  </testcase> <!-- verifyCodeImplementationPage -->
  <system-out/>
  <testcase classname="dsAlgoTests.StackTest" name="verifyCodeApplicationsPage" time="0.000">
    <skipped/>
  </testcase> <!-- verifyCodeApplicationsPage -->
  <system-out/>
  <testcase classname="dsAlgoTests.StackTest" name="verifyCodeOperationsInStackPage" time="0.000">
    <skipped/>
  </testcase> <!-- verifyCodeOperationsInStackPage -->
  <system-out/>
  <testcase classname="dsAlgoTests.StackTest" name="verifyCodeImplementationPage" time="0.000">
    <skipped/>
  </testcase> <!-- verifyCodeImplementationPage -->
  <system-out/>
  <testcase classname="dsAlgoTests.StackTest" name="verifyCodeApplicationsPage" time="0.000">
    <skipped/>
  </testcase> <!-- verifyCodeApplicationsPage -->
  <system-out/>
  <testcase classname="dsAlgoTests.StackTest" name="verifyCodeImplementationPage" time="0.000">
    <skipped/>
  </testcase> <!-- verifyCodeImplementationPage -->
  <system-out/>
  <testcase classname="dsAlgoTests.StackTest" name="verifyCodeOperationsInStackPage" time="0.000">
    <skipped/>
  </testcase> <!-- verifyCodeOperationsInStackPage -->
  <system-out/>
  <testcase classname="dsAlgoTests.StackTest" name="verifyCodeApplicationsPage" time="0.000">
    <skipped/>
  </testcase> <!-- verifyCodeApplicationsPage -->
  <system-out/>
  <testcase classname="dsAlgoTests.StackTest" name="verifyCodeImplementationPage" time="0.000">
    <skipped/>
  </testcase> <!-- verifyCodeImplementationPage -->
  <system-out/>
  <testcase classname="dsAlgoTests.StackTest" name="verifyCodeOperationsInStackPage" time="0.000">
    <skipped/>
  </testcase> <!-- verifyCodeOperationsInStackPage -->
  <system-out/>
  <testcase classname="dsAlgoTests.StackTest" name="verifyCodeOperationsInStackPage" time="0.000">
    <skipped/>
  </testcase> <!-- verifyCodeOperationsInStackPage -->
  <system-out/>
  <testcase classname="dsAlgoTests.StackTest" name="verifyCodeApplicationsPage" time="0.000">
    <skipped/>
  </testcase> <!-- verifyCodeApplicationsPage -->
  <system-out/>
  <testcase classname="dsAlgoTests.StackTest" name="verifyCodeApplicationsPage" time="0.000">
    <skipped/>
  </testcase> <!-- verifyCodeApplicationsPage -->
  <system-out/>
  <testcase classname="dsAlgoTests.StackTest" name="verifyCodeApplicationsPage" time="0.000">
    <skipped/>
  </testcase> <!-- verifyCodeApplicationsPage -->
  <system-out/>
  <testcase classname="dsAlgoTests.StackTest" name="verifyCodeImplementationPage" time="0.000">
    <skipped/>
  </testcase> <!-- verifyCodeImplementationPage -->
  <system-out/>
  <testcase classname="dsAlgoTests.StackTest" name="verifyCodeOperationsInStackPage" time="0.000">
    <skipped/>
  </testcase> <!-- verifyCodeOperationsInStackPage -->
  <system-out/>
  <testcase classname="dsAlgoTests.StackTest" name="verifyCodeImplementationPage" time="0.000">
    <skipped/>
  </testcase> <!-- verifyCodeImplementationPage -->
  <system-out/>
  <testcase classname="dsAlgoTests.StackTest" name="verifyCodeImplementationPage" time="0.000">
    <skipped/>
  </testcase> <!-- verifyCodeImplementationPage -->
  <system-out/>
  <testcase classname="dsAlgoTests.StackTest" name="verifyCodeImplementationPage" time="0.000">
    <skipped/>
  </testcase> <!-- verifyCodeImplementationPage -->
  <system-out/>
  <testcase classname="dsAlgoTests.StackTest" name="verifyCodeImplementationPage" time="0.000">
    <skipped/>
  </testcase> <!-- verifyCodeImplementationPage -->
  <system-out/>
  <testcase classname="dsAlgoTests.StackTest" name="verifyCodeOperationsInStackPage" time="0.000">
    <skipped/>
  </testcase> <!-- verifyCodeOperationsInStackPage -->
  <system-out/>
  <testcase classname="dsAlgoTests.StackTest" name="verifyCodeApplicationsPage" time="0.000">
    <skipped/>
  </testcase> <!-- verifyCodeApplicationsPage -->
  <system-out/>
  <testcase classname="dsAlgoTests.StackTest" name="verifyCodeImplementationPage" time="0.000">
    <skipped/>
  </testcase> <!-- verifyCodeImplementationPage -->
  <system-out/>
  <testcase classname="dsAlgoTests.StackTest" name="verifyCodeOperationsInStackPage" time="0.000">
    <skipped/>
  </testcase> <!-- verifyCodeOperationsInStackPage -->
  <system-out/>
  <testcase classname="dsAlgoTests.StackTest" name="verifyCodeApplicationsPage" time="0.000">
    <skipped/>
  </testcase> <!-- verifyCodeApplicationsPage -->
  <system-out/>
  <testcase classname="dsAlgoTests.StackTest" name="verifyCodeApplicationsPage" time="0.000">
    <skipped/>
  </testcase> <!-- verifyCodeApplicationsPage -->
  <system-out/>
  <testcase classname="dsAlgoTests.StackTest" name="verifyCodeApplicationsPage" time="0.000">
    <skipped/>
  </testcase> <!-- verifyCodeApplicationsPage -->
  <system-out/>
  <testcase classname="dsAlgoTests.StackTest" name="verifyCodeImplementationPage" time="0.000">
    <skipped/>
  </testcase> <!-- verifyCodeImplementationPage -->
  <system-out/>
  <testcase classname="dsAlgoTests.StackTest" name="verifyCodeApplicationsPage" time="0.000">
    <skipped/>
  </testcase> <!-- verifyCodeApplicationsPage -->
  <system-out/>
  <testcase classname="dsAlgoTests.StackTest" name="verifyCodeOperationsInStackPage" time="0.000">
    <skipped/>
  </testcase> <!-- verifyCodeOperationsInStackPage -->
  <system-out/>
  <testcase classname="dsAlgoTests.StackTest" name="verifyCodeApplicationsPage" time="0.000">
    <skipped/>
  </testcase> <!-- verifyCodeApplicationsPage -->
  <system-out/>
  <testcase classname="dsAlgoTests.StackTest" name="verifyCodeOperationsInStackPage" time="0.000">
    <skipped/>
  </testcase> <!-- verifyCodeOperationsInStackPage -->
  <system-out/>
  <testcase classname="dsAlgoTests.StackTest" name="verifyCodeImplementationPage" time="0.000">
    <skipped/>
  </testcase> <!-- verifyCodeImplementationPage -->
  <system-out/>
  <testcase classname="dsAlgoTests.StackTest" name="verifyCodeOperationsInStackPage" time="0.000">
    <skipped/>
  </testcase> <!-- verifyCodeOperationsInStackPage -->
  <system-out/>
  <testcase classname="dsAlgoTests.StackTest" name="verifyCodeOperationsInStackPage" time="0.000">
    <skipped/>
  </testcase> <!-- verifyCodeOperationsInStackPage -->
  <system-out/>
  <testcase classname="dsAlgoTests.StackTest" name="verifyCodeApplicationsPage" time="0.000">
    <skipped/>
  </testcase> <!-- verifyCodeApplicationsPage -->
  <system-out/>
  <testcase classname="dsAlgoTests.StackTest" name="verifyCodeApplicationsPage" time="0.000">
    <skipped/>
  </testcase> <!-- verifyCodeApplicationsPage -->
  <system-out/>
  <testcase classname="dsAlgoTests.StackTest" name="verifyCodeApplicationsPage" time="0.000">
    <skipped/>
  </testcase> <!-- verifyCodeApplicationsPage -->
  <system-out/>
  <testcase classname="dsAlgoTests.StackTest" name="verifyCodeImplementationPage" time="0.000">
    <skipped/>
  </testcase> <!-- verifyCodeImplementationPage -->
  <system-out/>
  <testcase classname="dsAlgoTests.StackTest" name="verifyCodeImplementationPage" time="0.000">
    <skipped/>
  </testcase> <!-- verifyCodeImplementationPage -->
  <system-out/>
  <testcase classname="dsAlgoTests.StackTest" name="verifyCodeOperationsInStackPage" time="0.000">
    <skipped/>
  </testcase> <!-- verifyCodeOperationsInStackPage -->
  <system-out/>
  <testcase classname="dsAlgoTests.StackTest" name="verifyCodeImplementationPage" time="0.000">
    <skipped/>
  </testcase> <!-- verifyCodeImplementationPage -->
  <system-out/>
  <testcase classname="dsAlgoTests.StackTest" name="verifyCodeImplementationPage" time="0.000">
    <skipped/>
  </testcase> <!-- verifyCodeImplementationPage -->
  <system-out/>
  <testcase classname="dsAlgoTests.StackTest" name="verifyCodeImplementationPage" time="0.000">
    <skipped/>
  </testcase> <!-- verifyCodeImplementationPage -->
  <system-out/>
  <testcase classname="dsAlgoTests.StackTest" name="verifyCodeImplementationPage" time="0.000">
    <skipped/>
  </testcase> <!-- verifyCodeImplementationPage -->
  <system-out/>
  <testcase classname="dsAlgoTests.StackTest" name="verifyCodeOperationsInStackPage" time="0.000">
    <skipped/>
  </testcase> <!-- verifyCodeOperationsInStackPage -->
  <system-out/>
  <testcase classname="dsAlgoTests.StackTest" name="verifyCodeApplicationsPage" time="0.000">
    <skipped/>
  </testcase> <!-- verifyCodeApplicationsPage -->
  <system-out/>
  <testcase classname="dsAlgoTests.StackTest" name="verifyCodeImplementationPage" time="0.000">
    <skipped/>
  </testcase> <!-- verifyCodeImplementationPage -->
  <system-out/>
  <testcase classname="dsAlgoTests.StackTest" name="verifyCodeOperationsInStackPage" time="0.000">
    <skipped/>
  </testcase> <!-- verifyCodeOperationsInStackPage -->
  <system-out/>
  <testcase classname="dsAlgoTests.StackTest" name="verifyCodeOperationsInStackPage" time="0.000">
    <skipped/>
  </testcase> <!-- verifyCodeOperationsInStackPage -->
  <system-out/>
  <testcase classname="dsAlgoTests.StackTest" name="verifyCodeImplementationPage" time="0.000">
    <skipped/>
  </testcase> <!-- verifyCodeImplementationPage -->
  <system-out/>
  <testcase classname="dsAlgoTests.StackTest" name="verifyCodeImplementationPage" time="0.000">
    <skipped/>
  </testcase> <!-- verifyCodeImplementationPage -->
  <system-out/>
  <testcase classname="dsAlgoTests.StackTest" name="verifyCodeApplicationsPage" time="0.000">
    <skipped/>
  </testcase> <!-- verifyCodeApplicationsPage -->
  <system-out/>
  <testcase classname="dsAlgoTests.StackTest" name="verifyCodeOperationsInStackPage" time="0.000">
    <skipped/>
  </testcase> <!-- verifyCodeOperationsInStackPage -->
  <system-out/>
  <testcase classname="dsAlgoTests.StackTest" name="verifyCodeOperationsInStackPage" time="0.000">
    <skipped/>
  </testcase> <!-- verifyCodeOperationsInStackPage -->
  <system-out/>
  <testcase classname="dsAlgoTests.StackTest" name="verifyCodeImplementationPage" time="0.000">
    <skipped/>
  </testcase> <!-- verifyCodeImplementationPage -->
  <system-out/>
  <testcase classname="dsAlgoTests.StackTest" name="verifyCodeApplicationsPage" time="0.000">
    <skipped/>
  </testcase> <!-- verifyCodeApplicationsPage -->
  <system-out/>
  <testcase classname="dsAlgoTests.StackTest" name="verifyCodeOperationsInStackPage" time="0.000">
    <skipped/>
  </testcase> <!-- verifyCodeOperationsInStackPage -->
  <system-out/>
  <testcase classname="dsAlgoTests.StackTest" name="verifyCodeOperationsInStackPage" time="0.000">
    <skipped/>
  </testcase> <!-- verifyCodeOperationsInStackPage -->
  <system-out/>
  <testcase classname="dsAlgoTests.StackTest" name="verifyCodeOperationsInStackPage" time="0.000">
    <skipped/>
  </testcase> <!-- verifyCodeOperationsInStackPage -->
  <system-out/>
  <testcase classname="dsAlgoTests.StackTest" name="verifyCodeApplicationsPage" time="0.000">
    <skipped/>
  </testcase> <!-- verifyCodeApplicationsPage -->
  <system-out/>
  <testcase classname="dsAlgoTests.StackTest" name="verifyCodeImplementationPage" time="0.000">
    <skipped/>
  </testcase> <!-- verifyCodeImplementationPage -->
  <system-out/>
  <testcase classname="dsAlgoTests.StackTest" name="verifyCodeApplicationsPage" time="0.000">
    <skipped/>
  </testcase> <!-- verifyCodeApplicationsPage -->
  <system-out/>
  <testcase classname="dsAlgoTests.StackTest" name="verifyCodeApplicationsPage" time="0.000">
    <skipped/>
  </testcase> <!-- verifyCodeApplicationsPage -->
  <system-out/>
  <testcase classname="dsAlgoTests.StackTest" name="verifyCodeImplementationPage" time="0.000">
    <skipped/>
  </testcase> <!-- verifyCodeImplementationPage -->
  <system-out/>
  <testcase classname="dsAlgoTests.StackTest" name="verifyCodeApplicationsPage" time="0.000">
    <skipped/>
  </testcase> <!-- verifyCodeApplicationsPage -->
  <system-out/>
  <testcase classname="dsAlgoTests.StackTest" name="verifyCodeImplementationPage" time="0.000">
    <skipped/>
  </testcase> <!-- verifyCodeImplementationPage -->
  <system-out/>
  <testcase classname="dsAlgoTests.StackTest" name="verifyCodeApplicationsPage" time="0.000">
    <skipped/>
  </testcase> <!-- verifyCodeApplicationsPage -->
  <system-out/>
  <testcase classname="dsAlgoTests.StackTest" name="verifyCodeOperationsInStackPage" time="0.000">
    <skipped/>
  </testcase> <!-- verifyCodeOperationsInStackPage -->
  <system-out/>
  <testcase classname="dsAlgoTests.StackTest" name="verifyCodeApplicationsPage" time="0.000">
    <skipped/>
  </testcase> <!-- verifyCodeApplicationsPage -->
  <system-out/>
  <testcase classname="dsAlgoTests.StackTest" name="verifyCodeImplementationPage" time="0.000">
    <skipped/>
  </testcase> <!-- verifyCodeImplementationPage -->
  <system-out/>
  <testcase classname="dsAlgoTests.StackTest" name="verifyCodeOperationsInStackPage" time="0.000">
    <skipped/>
  </testcase> <!-- verifyCodeOperationsInStackPage -->
  <system-out/>
  <testcase classname="dsAlgoTests.StackTest" name="verifyCodeApplicationsPage" time="0.000">
    <skipped/>
  </testcase> <!-- verifyCodeApplicationsPage -->
  <system-out/>
  <testcase classname="dsAlgoTests.StackTest" name="verifyCodeImplementationPage" time="0.000">
    <skipped/>
  </testcase> <!-- verifyCodeImplementationPage -->
  <system-out/>
  <testcase classname="dsAlgoTests.StackTest" name="verifyCodeImplementationPage" time="0.000">
    <skipped/>
  </testcase> <!-- verifyCodeImplementationPage -->
  <system-out/>
  <testcase classname="dsAlgoTests.StackTest" name="verifyCodeApplicationsPage" time="0.000">
    <skipped/>
  </testcase> <!-- verifyCodeApplicationsPage -->
  <system-out/>
  <testcase classname="dsAlgoTests.StackTest" name="verifyCodeApplicationsPage" time="0.000">
    <skipped/>
  </testcase> <!-- verifyCodeApplicationsPage -->
  <system-out/>
  <testcase classname="dsAlgoTests.StackTest" name="verifyCodeOperationsInStackPage" time="0.000">
    <skipped/>
  </testcase> <!-- verifyCodeOperationsInStackPage -->
  <system-out/>
  <testcase classname="dsAlgoTests.StackTest" name="verifyCodeOperationsInStackPage" time="0.000">
    <skipped/>
  </testcase> <!-- verifyCodeOperationsInStackPage -->
  <system-out/>
  <testcase classname="dsAlgoTests.StackTest" name="verifyCodeImplementationPage" time="0.000">
    <skipped/>
  </testcase> <!-- verifyCodeImplementationPage -->
  <system-out/>
  <testcase classname="dsAlgoTests.StackTest" name="verifyCodeApplicationsPage" time="0.000">
    <skipped/>
  </testcase> <!-- verifyCodeApplicationsPage -->
  <system-out/>
  <testcase classname="dsAlgoTests.StackTest" name="verifyCodeApplicationsPage" time="0.000">
    <skipped/>
  </testcase> <!-- verifyCodeApplicationsPage -->
  <system-out/>
  <testcase classname="dsAlgoTests.StackTest" name="verifyCodeOperationsInStackPage" time="0.000">
    <skipped/>
  </testcase> <!-- verifyCodeOperationsInStackPage -->
  <system-out/>
  <testcase classname="dsAlgoTests.StackTest" name="verifyCodeImplementationPage" time="0.000">
    <skipped/>
  </testcase> <!-- verifyCodeImplementationPage -->
  <system-out/>
  <testcase classname="dsAlgoTests.StackTest" name="verifyCodeImplementationPage" time="0.000">
    <skipped/>
  </testcase> <!-- verifyCodeImplementationPage -->
  <system-out/>
  <testcase classname="dsAlgoTests.StackTest" name="verifyCodeApplicationsPage" time="0.000">
    <skipped/>
  </testcase> <!-- verifyCodeApplicationsPage -->
  <system-out/>
  <testcase classname="dsAlgoTests.StackTest" name="verifyCodeApplicationsPage" time="0.000">
    <skipped/>
  </testcase> <!-- verifyCodeApplicationsPage -->
  <system-out/>
  <testcase classname="dsAlgoTests.StackTest" name="verifyCodeApplicationsPage" time="0.000">
    <skipped/>
  </testcase> <!-- verifyCodeApplicationsPage -->
  <system-out/>
  <testcase classname="dsAlgoTests.StackTest" name="verifyCodeApplicationsPage" time="0.000">
    <skipped/>
  </testcase> <!-- verifyCodeApplicationsPage -->
  <system-out/>
  <testcase classname="dsAlgoTests.StackTest" name="verifyCodeApplicationsPage" time="0.000">
    <skipped/>
  </testcase> <!-- verifyCodeApplicationsPage -->
  <system-out/>
  <testcase classname="dsAlgoTests.StackTest" name="verifyCodeImplementationPage" time="0.000">
    <skipped/>
  </testcase> <!-- verifyCodeImplementationPage -->
  <system-out/>
  <testcase classname="dsAlgoTests.StackTest" name="verifyCodeApplicationsPage" time="0.000">
    <skipped/>
  </testcase> <!-- verifyCodeApplicationsPage -->
  <system-out/>
  <testcase classname="dsAlgoTests.StackTest" name="verifyCodeApplicationsPage" time="0.000">
    <skipped/>
  </testcase> <!-- verifyCodeApplicationsPage -->
  <system-out/>
  <testcase classname="dsAlgoTests.StackTest" name="verifyCodeApplicationsPage" time="0.000">
    <skipped/>
  </testcase> <!-- verifyCodeApplicationsPage -->
  <system-out/>
  <testcase classname="dsAlgoTests.StackTest" name="verifyCodeOperationsInStackPage" time="0.000">
    <skipped/>
  </testcase> <!-- verifyCodeOperationsInStackPage -->
  <system-out/>
  <testcase classname="dsAlgoTests.StackTest" name="verifyCodeOperationsInStackPage" time="0.000">
    <skipped/>
  </testcase> <!-- verifyCodeOperationsInStackPage -->
  <system-out/>
  <testcase classname="dsAlgoTests.StackTest" name="verifyCodeImplementationPage" time="0.000">
    <skipped/>
  </testcase> <!-- verifyCodeImplementationPage -->
  <system-out/>
  <testcase classname="dsAlgoTests.StackTest" name="verifyCodeApplicationsPage" time="0.000">
    <skipped/>
  </testcase> <!-- verifyCodeApplicationsPage -->
  <system-out/>
  <testcase classname="dsAlgoTests.StackTest" name="verifyCodeImplementationPage" time="0.000">
    <skipped/>
  </testcase> <!-- verifyCodeImplementationPage -->
  <system-out/>
  <testcase classname="dsAlgoTests.StackTest" name="verifyCodeApplicationsPage" time="0.000">
    <skipped/>
  </testcase> <!-- verifyCodeApplicationsPage -->
  <system-out/>
  <testcase classname="dsAlgoTests.StackTest" name="verifyCodeApplicationsPage" time="0.000">
    <skipped/>
  </testcase> <!-- verifyCodeApplicationsPage -->
  <system-out/>
  <testcase classname="dsAlgoTests.StackTest" name="verifyCodeImplementationPage" time="0.000">
    <skipped/>
  </testcase> <!-- verifyCodeImplementationPage -->
  <system-out/>
  <testcase classname="dsAlgoTests.StackTest" name="verifyCodeOperationsInStackPage" time="0.000">
    <skipped/>
  </testcase> <!-- verifyCodeOperationsInStackPage -->
  <system-out/>
  <testcase classname="dsAlgoTests.StackTest" name="verifyCodeOperationsInStackPage" time="0.000">
    <skipped/>
  </testcase> <!-- verifyCodeOperationsInStackPage -->
  <system-out/>
  <testcase classname="dsAlgoTests.StackTest" name="verifyCodeImplementationPage" time="0.000">
    <skipped/>
  </testcase> <!-- verifyCodeImplementationPage -->
  <system-out/>
  <testcase classname="dsAlgoTests.StackTest" name="verifyCodeImplementationPage" time="0.000">
    <skipped/>
  </testcase> <!-- verifyCodeImplementationPage -->
  <system-out/>
  <testcase classname="dsAlgoTests.StackTest" name="verifyCodeOperationsInStackPage" time="0.000">
    <skipped/>
  </testcase> <!-- verifyCodeOperationsInStackPage -->
  <system-out/>
  <testcase classname="dsAlgoTests.StackTest" name="verifyCodeApplicationsPage" time="0.000">
    <skipped/>
  </testcase> <!-- verifyCodeApplicationsPage -->
  <system-out/>
  <testcase classname="dsAlgoTests.StackTest" name="verifyCodeOperationsInStackPage" time="0.000">
    <skipped/>
  </testcase> <!-- verifyCodeOperationsInStackPage -->
  <system-out/>
  <testcase classname="dsAlgoTests.StackTest" name="verifyCodeApplicationsPage" time="0.000">
    <skipped/>
  </testcase> <!-- verifyCodeApplicationsPage -->
  <system-out/>
  <testcase classname="dsAlgoTests.StackTest" name="verifyCodeOperationsInStackPage" time="0.000">
    <skipped/>
  </testcase> <!-- verifyCodeOperationsInStackPage -->
  <system-out/>
  <testcase classname="dsAlgoTests.StackTest" name="verifyCodeOperationsInStackPage" time="0.000">
    <skipped/>
  </testcase> <!-- verifyCodeOperationsInStackPage -->
  <system-out/>
  <testcase classname="dsAlgoTests.StackTest" name="verifyCodeImplementationPage" time="0.000">
    <skipped/>
  </testcase> <!-- verifyCodeImplementationPage -->
  <system-out/>
  <testcase classname="dsAlgoTests.StackTest" name="verifyCodeApplicationsPage" time="0.000">
    <skipped/>
  </testcase> <!-- verifyCodeApplicationsPage -->
  <system-out/>
  <testcase classname="dsAlgoTests.StackTest" name="verifyCodeApplicationsPage" time="0.000">
    <skipped/>
  </testcase> <!-- verifyCodeApplicationsPage -->
  <system-out/>
  <testcase classname="dsAlgoTests.StackTest" name="verifyCodeOperationsInStackPage" time="0.000">
    <skipped/>
  </testcase> <!-- verifyCodeOperationsInStackPage -->
  <system-out/>
  <testcase classname="dsAlgoTests.StackTest" name="verifyCodeImplementationPage" time="0.000">
    <skipped/>
  </testcase> <!-- verifyCodeImplementationPage -->
  <system-out/>
  <testcase classname="dsAlgoTests.StackTest" name="verifyCodeOperationsInStackPage" time="0.000">
    <skipped/>
  </testcase> <!-- verifyCodeOperationsInStackPage -->
  <system-out/>
  <testcase classname="dsAlgoTests.StackTest" name="verifyCodeImplementationPage" time="0.000">
    <skipped/>
  </testcase> <!-- verifyCodeImplementationPage -->
  <system-out/>
  <testcase classname="dsAlgoTests.StackTest" name="verifyCodeApplicationsPage" time="0.000">
    <skipped/>
  </testcase> <!-- verifyCodeApplicationsPage -->
  <system-out/>
  <testcase classname="dsAlgoTests.StackTest" name="verifyCodeOperationsInStackPage" time="0.000">
    <skipped/>
  </testcase> <!-- verifyCodeOperationsInStackPage -->
  <system-out/>
  <testcase classname="dsAlgoTests.StackTest" name="verifyCodeOperationsInStackPage" time="0.000">
    <skipped/>
  </testcase> <!-- verifyCodeOperationsInStackPage -->
  <system-out/>
  <testcase classname="dsAlgoTests.StackTest" name="verifyCodeImplementationPage" time="0.000">
    <skipped/>
  </testcase> <!-- verifyCodeImplementationPage -->
  <system-out/>
  <testcase classname="dsAlgoTests.StackTest" name="verifyCodeImplementationPage" time="0.000">
    <skipped/>
  </testcase> <!-- verifyCodeImplementationPage -->
  <system-out/>
  <testcase classname="dsAlgoTests.StackTest" name="verifyCodeImplementationPage" time="0.000">
    <skipped/>
  </testcase> <!-- verifyCodeImplementationPage -->
  <system-out/>
  <testcase classname="dsAlgoTests.StackTest" name="verifyCodeApplicationsPage" time="0.000">
    <skipped/>
  </testcase> <!-- verifyCodeApplicationsPage -->
  <system-out/>
  <testcase classname="dsAlgoTests.StackTest" name="verifyCodeApplicationsPage" time="0.000">
    <skipped/>
  </testcase> <!-- verifyCodeApplicationsPage -->
  <system-out/>
  <testcase classname="dsAlgoTests.StackTest" name="verifyCodeImplementationPage" time="0.000">
    <skipped/>
  </testcase> <!-- verifyCodeImplementationPage -->
  <system-out/>
  <testcase classname="dsAlgoTests.StackTest" name="verifyCodeImplementationPage" time="0.000">
    <skipped/>
  </testcase> <!-- verifyCodeImplementationPage -->
  <system-out/>
  <testcase classname="dsAlgoTests.StackTest" name="verifyCodeApplicationsPage" time="0.000">
    <skipped/>
  </testcase> <!-- verifyCodeApplicationsPage -->
  <system-out/>
  <testcase classname="dsAlgoTests.StackTest" name="verifyCodeOperationsInStackPage" time="0.000">
    <skipped/>
  </testcase> <!-- verifyCodeOperationsInStackPage -->
  <system-out/>
  <testcase classname="dsAlgoTests.StackTest" name="verifyCodeApplicationsPage" time="0.000">
    <skipped/>
  </testcase> <!-- verifyCodeApplicationsPage -->
  <system-out/>
  <testcase classname="dsAlgoTests.StackTest" name="verifyCodeApplicationsPage" time="0.000">
    <skipped/>
  </testcase> <!-- verifyCodeApplicationsPage -->
  <system-out/>
  <testcase classname="dsAlgoTests.StackTest" name="verifyCodeOperationsInStackPage" time="0.000">
    <skipped/>
  </testcase> <!-- verifyCodeOperationsInStackPage -->
  <system-out/>
  <testcase classname="dsAlgoTests.StackTest" name="verifyCodeOperationsInStackPage" time="0.000">
    <skipped/>
  </testcase> <!-- verifyCodeOperationsInStackPage -->
  <system-out/>
  <testcase classname="dsAlgoTests.StackTest" name="verifyCodeOperationsInStackPage" time="0.000">
    <skipped/>
  </testcase> <!-- verifyCodeOperationsInStackPage -->
  <system-out/>
  <testcase classname="dsAlgoTests.StackTest" name="verifyCodeOperationsInStackPage" time="0.000">
    <skipped/>
  </testcase> <!-- verifyCodeOperationsInStackPage -->
  <system-out/>
  <testcase classname="dsAlgoTests.StackTest" name="verifyCodeImplementationPage" time="0.000">
    <skipped/>
  </testcase> <!-- verifyCodeImplementationPage -->
  <system-out/>
  <testcase classname="dsAlgoTests.StackTest" name="verifyCodeApplicationsPage" time="0.000">
    <skipped/>
  </testcase> <!-- verifyCodeApplicationsPage -->
  <system-out/>
  <testcase classname="dsAlgoTests.StackTest" name="verifyCodeImplementationPage" time="0.000">
    <skipped/>
  </testcase> <!-- verifyCodeImplementationPage -->
  <system-out/>
  <testcase classname="dsAlgoTests.StackTest" name="verifyCodeImplementationPage" time="0.000">
    <skipped/>
  </testcase> <!-- verifyCodeImplementationPage -->
  <system-out/>
  <testcase classname="dsAlgoTests.StackTest" name="verifyCodeImplementationPage" time="0.000">
    <skipped/>
  </testcase> <!-- verifyCodeImplementationPage -->
  <system-out/>
  <testcase classname="dsAlgoTests.StackTest" name="verifyCodeImplementationPage" time="0.000">
    <skipped/>
  </testcase> <!-- verifyCodeImplementationPage -->
  <system-out/>
  <testcase classname="dsAlgoTests.StackTest" name="verifyCodeOperationsInStackPage" time="0.000">
    <skipped/>
  </testcase> <!-- verifyCodeOperationsInStackPage -->
  <system-out/>
  <testcase classname="dsAlgoTests.StackTest" name="verifyCodeOperationsInStackPage" time="0.000">
    <skipped/>
  </testcase> <!-- verifyCodeOperationsInStackPage -->
  <system-out/>
  <testcase classname="dsAlgoTests.StackTest" name="verifyCodeOperationsInStackPage" time="0.000">
    <skipped/>
  </testcase> <!-- verifyCodeOperationsInStackPage -->
  <system-out/>
  <testcase classname="dsAlgoTests.StackTest" name="verifyCodeApplicationsPage" time="0.000">
    <skipped/>
  </testcase> <!-- verifyCodeApplicationsPage -->
  <system-out/>
  <testcase classname="dsAlgoTests.StackTest" name="verifyCodeImplementationPage" time="0.000">
    <skipped/>
  </testcase> <!-- verifyCodeImplementationPage -->
  <system-out/>
  <testcase classname="dsAlgoTests.StackTest" name="verifyCodeOperationsInStackPage" time="0.000">
    <skipped/>
  </testcase> <!-- verifyCodeOperationsInStackPage -->
  <system-out/>
  <testcase classname="dsAlgoTests.StackTest" name="verifyCodeApplicationsPage" time="0.000">
    <skipped/>
  </testcase> <!-- verifyCodeApplicationsPage -->
  <system-out/>
  <testcase classname="dsAlgoTests.StackTest" name="verifyCodeImplementationPage" time="0.000">
    <skipped/>
  </testcase> <!-- verifyCodeImplementationPage -->
  <system-out/>
  <testcase classname="dsAlgoTests.StackTest" name="verifyCodeOperationsInStackPage" time="0.000">
    <skipped/>
  </testcase> <!-- verifyCodeOperationsInStackPage -->
  <system-out/>
  <testcase classname="dsAlgoTests.StackTest" name="verifyCodeApplicationsPage" time="0.000">
    <skipped/>
  </testcase> <!-- verifyCodeApplicationsPage -->
  <system-out/>
  <testcase classname="dsAlgoTests.StackTest" name="verifyCodeOperationsInStackPage" time="0.000">
    <skipped/>
  </testcase> <!-- verifyCodeOperationsInStackPage -->
  <system-out/>
  <testcase classname="dsAlgoTests.StackTest" name="verifyCodeOperationsInStackPage" time="0.000">
    <skipped/>
  </testcase> <!-- verifyCodeOperationsInStackPage -->
  <system-out/>
  <testcase classname="dsAlgoTests.StackTest" name="verifyCodeOperationsInStackPage" time="0.000">
    <skipped/>
  </testcase> <!-- verifyCodeOperationsInStackPage -->
  <system-out/>
  <testcase classname="dsAlgoTests.StackTest" name="verifyCodeApplicationsPage" time="0.000">
    <skipped/>
  </testcase> <!-- verifyCodeApplicationsPage -->
  <system-out/>
  <testcase classname="dsAlgoTests.StackTest" name="verifyCodeApplicationsPage" time="0.000">
    <skipped/>
  </testcase> <!-- verifyCodeApplicationsPage -->
  <system-out/>
  <testcase classname="dsAlgoTests.StackTest" name="verifyCodeOperationsInStackPage" time="0.000">
    <skipped/>
  </testcase> <!-- verifyCodeOperationsInStackPage -->
  <system-out/>
  <testcase classname="dsAlgoTests.StackTest" name="verifyCodeImplementationPage" time="0.000">
    <skipped/>
  </testcase> <!-- verifyCodeImplementationPage -->
  <system-out/>
  <testcase classname="dsAlgoTests.StackTest" name="verifyCodeOperationsInStackPage" time="0.000">
    <skipped/>
  </testcase> <!-- verifyCodeOperationsInStackPage -->
  <system-out/>
  <testcase classname="dsAlgoTests.StackTest" name="verifyCodeApplicationsPage" time="0.000">
    <skipped/>
  </testcase> <!-- verifyCodeApplicationsPage -->
  <system-out/>
  <testcase classname="dsAlgoTests.StackTest" name="verifyCodeApplicationsPage" time="0.000">
    <skipped/>
  </testcase> <!-- verifyCodeApplicationsPage -->
  <system-out/>
  <testcase classname="dsAlgoTests.StackTest" name="verifyCodeImplementationPage" time="0.000">
    <skipped/>
  </testcase> <!-- verifyCodeImplementationPage -->
  <system-out/>
  <testcase classname="dsAlgoTests.StackTest" name="verifyCodeApplicationsPage" time="0.000">
    <skipped/>
  </testcase> <!-- verifyCodeApplicationsPage -->
  <system-out/>
  <testcase classname="dsAlgoTests.StackTest" name="verifyCodeOperationsInStackPage" time="0.000">
    <skipped/>
  </testcase> <!-- verifyCodeOperationsInStackPage -->
  <system-out/>
  <testcase classname="dsAlgoTests.StackTest" name="verifyCodeApplicationsPage" time="0.000">
    <skipped/>
  </testcase> <!-- verifyCodeApplicationsPage -->
  <system-out/>
  <testcase classname="dsAlgoTests.StackTest" name="verifyCodeImplementationPage" time="0.000">
    <skipped/>
  </testcase> <!-- verifyCodeImplementationPage -->
  <system-out/>
  <testcase classname="dsAlgoTests.StackTest" name="verifyCodeImplementationPage" time="0.000">
    <skipped/>
  </testcase> <!-- verifyCodeImplementationPage -->
  <system-out/>
  <testcase classname="dsAlgoTests.StackTest" name="verifyCodeImplementationPage" time="0.000">
    <skipped/>
  </testcase> <!-- verifyCodeImplementationPage -->
  <system-out/>
  <testcase classname="dsAlgoTests.StackTest" name="verifyCodeOperationsInStackPage" time="0.000">
    <skipped/>
  </testcase> <!-- verifyCodeOperationsInStackPage -->
  <system-out/>
  <testcase classname="dsAlgoTests.StackTest" name="verifyCodeOperationsInStackPage" time="0.000">
    <skipped/>
  </testcase> <!-- verifyCodeOperationsInStackPage -->
  <system-out/>
  <testcase classname="dsAlgoTests.StackTest" name="verifyCodeOperationsInStackPage" time="0.000">
    <skipped/>
  </testcase> <!-- verifyCodeOperationsInStackPage -->
  <system-out/>
  <testcase classname="dsAlgoTests.StackTest" name="verifyCodeOperationsInStackPage" time="0.000">
    <skipped/>
  </testcase> <!-- verifyCodeOperationsInStackPage -->
  <system-out/>
  <testcase classname="dsAlgoTests.StackTest" name="verifyCodeOperationsInStackPage" time="0.000">
    <skipped/>
  </testcase> <!-- verifyCodeOperationsInStackPage -->
  <system-out/>
  <testcase classname="dsAlgoTests.StackTest" name="verifyCodeImplementationPage" time="0.000">
    <skipped/>
  </testcase> <!-- verifyCodeImplementationPage -->
  <system-out/>
  <testcase classname="dsAlgoTests.StackTest" name="verifyCodeOperationsInStackPage" time="0.000">
    <skipped/>
  </testcase> <!-- verifyCodeOperationsInStackPage -->
  <system-out/>
  <testcase classname="dsAlgoTests.StackTest" name="verifyCodeOperationsInStackPage" time="0.000">
    <skipped/>
  </testcase> <!-- verifyCodeOperationsInStackPage -->
  <system-out/>
  <testcase classname="dsAlgoTests.StackTest" name="verifyCodeApplicationsPage" time="0.000">
    <skipped/>
  </testcase> <!-- verifyCodeApplicationsPage -->
  <system-out/>
  <testcase classname="dsAlgoTests.StackTest" name="verifyCodeApplicationsPage" time="0.000">
    <skipped/>
  </testcase> <!-- verifyCodeApplicationsPage -->
  <system-out/>
  <testcase classname="dsAlgoTests.StackTest" name="navigateToOperationsInStackPracticeQuestions" time="0.000">
    <skipped/>
  </testcase> <!-- navigateToOperationsInStackPracticeQuestions -->
  <system-out/>
  <testcase classname="dsAlgoTests.StackTest" name="verifyCodeOperationsInStackPage" time="0.000">
    <skipped/>
  </testcase> <!-- verifyCodeOperationsInStackPage -->
  <system-out/>
  <testcase classname="dsAlgoTests.StackTest" name="verifyCodeOperationsInStackPage" time="0.000">
    <skipped/>
  </testcase> <!-- verifyCodeOperationsInStackPage -->
  <system-out/>
  <testcase classname="dsAlgoTests.StackTest" name="verifyCodeOperationsInStackPage" time="0.000">
    <skipped/>
  </testcase> <!-- verifyCodeOperationsInStackPage -->
  <system-out/>
  <testcase classname="dsAlgoTests.StackTest" name="verifyCodeOperationsInStackPage" time="0.000">
    <skipped/>
  </testcase> <!-- verifyCodeOperationsInStackPage -->
  <system-out/>
  <testcase classname="dsAlgoTests.StackTest" name="verifyCodeImplementationPage" time="0.000">
    <skipped/>
  </testcase> <!-- verifyCodeImplementationPage -->
  <system-out/>
  <testcase classname="dsAlgoTests.StackTest" name="verifyCodeImplementationPage" time="0.000">
    <skipped/>
  </testcase> <!-- verifyCodeImplementationPage -->
  <system-out/>
  <testcase classname="dsAlgoTests.StackTest" name="verifyCodeOperationsInStackPage" time="0.000">
    <skipped/>
  </testcase> <!-- verifyCodeOperationsInStackPage -->
  <system-out/>
  <testcase classname="dsAlgoTests.StackTest" name="verifyCodeImplementationPage" time="0.000">
    <skipped/>
  </testcase> <!-- verifyCodeImplementationPage -->
  <system-out/>
  <testcase classname="dsAlgoTests.StackTest" name="verifyCodeOperationsInStackPage" time="0.000">
    <skipped/>
  </testcase> <!-- verifyCodeOperationsInStackPage -->
  <system-out/>
  <testcase classname="dsAlgoTests.StackTest" name="verifyCodeOperationsInStackPage" time="0.000">
    <skipped/>
  </testcase> <!-- verifyCodeOperationsInStackPage -->
  <system-out/>
  <testcase classname="dsAlgoTests.StackTest" name="verifyCodeOperationsInStackPage" time="0.000">
    <skipped/>
  </testcase> <!-- verifyCodeOperationsInStackPage -->
  <system-out/>
  <testcase classname="dsAlgoTests.StackTest" name="verifyCodeImplementationPage" time="0.000">
    <skipped/>
  </testcase> <!-- verifyCodeImplementationPage -->
  <system-out/>
  <testcase classname="dsAlgoTests.StackTest" name="verifyCodeOperationsInStackPage" time="0.000">
    <skipped/>
  </testcase> <!-- verifyCodeOperationsInStackPage -->
  <system-out/>
  <testcase classname="dsAlgoTests.StackTest" name="verifyCodeImplementationPage" time="0.000">
    <skipped/>
  </testcase> <!-- verifyCodeImplementationPage -->
  <system-out/>
  <testcase classname="dsAlgoTests.StackTest" name="verifyCodeApplicationsPage" time="0.000">
    <skipped/>
  </testcase> <!-- verifyCodeApplicationsPage -->
  <system-out/>
  <testcase classname="dsAlgoTests.StackTest" name="verifyCodeOperationsInStackPage" time="0.000">
    <skipped/>
  </testcase> <!-- verifyCodeOperationsInStackPage -->
  <system-out/>
  <testcase classname="dsAlgoTests.StackTest" name="verifyCodeOperationsInStackPage" time="0.000">
    <skipped/>
  </testcase> <!-- verifyCodeOperationsInStackPage -->
  <system-out/>
  <testcase classname="dsAlgoTests.StackTest" name="verifyCodeImplementationPage" time="0.000">
    <skipped/>
  </testcase> <!-- verifyCodeImplementationPage -->
  <system-out/>
  <testcase classname="dsAlgoTests.StackTest" name="verifyCodeApplicationsPage" time="0.000">
    <skipped/>
  </testcase> <!-- verifyCodeApplicationsPage -->
  <system-out/>
  <testcase classname="dsAlgoTests.StackTest" name="verifyCodeOperationsInStackPage" time="0.000">
    <skipped/>
  </testcase> <!-- verifyCodeOperationsInStackPage -->
  <system-out/>
  <testcase classname="dsAlgoTests.StackTest" name="verifyCodeImplementationPage" time="0.000">
    <skipped/>
  </testcase> <!-- verifyCodeImplementationPage -->
  <system-out/>
  <testcase classname="dsAlgoTests.StackTest" name="verifyCodeOperationsInStackPage" time="0.000">
    <skipped/>
  </testcase> <!-- verifyCodeOperationsInStackPage -->
  <system-out/>
  <testcase classname="dsAlgoTests.StackTest" name="verifyCodeOperationsInStackPage" time="0.000">
    <skipped/>
  </testcase> <!-- verifyCodeOperationsInStackPage -->
  <system-out/>
  <testcase classname="dsAlgoTests.StackTest" name="verifyCodeImplementationPage" time="0.000">
    <skipped/>
  </testcase> <!-- verifyCodeImplementationPage -->
  <system-out/>
  <testcase classname="dsAlgoTests.StackTest" name="verifyCodeOperationsInStackPage" time="0.000">
    <skipped/>
  </testcase> <!-- verifyCodeOperationsInStackPage -->
  <system-out/>
  <testcase classname="dsAlgoTests.StackTest" name="verifyCodeApplicationsPage" time="0.000">
    <skipped/>
  </testcase> <!-- verifyCodeApplicationsPage -->
  <system-out/>
  <testcase classname="dsAlgoTests.StackTest" name="verifyCodeImplementationPage" time="0.000">
    <skipped/>
  </testcase> <!-- verifyCodeImplementationPage -->
  <system-out/>
  <testcase classname="dsAlgoTests.StackTest" name="verifyCodeApplicationsPage" time="0.000">
    <skipped/>
  </testcase> <!-- verifyCodeApplicationsPage -->
  <system-out/>
  <testcase classname="dsAlgoTests.StackTest" name="verifyCodeApplicationsPage" time="0.000">
    <skipped/>
  </testcase> <!-- verifyCodeApplicationsPage -->
  <system-out/>
  <testcase classname="dsAlgoTests.StackTest" name="verifyCodeApplicationsPage" time="0.000">
    <skipped/>
  </testcase> <!-- verifyCodeApplicationsPage -->
  <system-out/>
  <testcase classname="dsAlgoTests.StackTest" name="verifyCodeImplementationPage" time="0.000">
    <skipped/>
  </testcase> <!-- verifyCodeImplementationPage -->
  <system-out/>
  <testcase classname="dsAlgoTests.StackTest" name="verifyCodeImplementationPage" time="0.000">
    <skipped/>
  </testcase> <!-- verifyCodeImplementationPage -->
  <system-out/>
  <testcase classname="dsAlgoTests.StackTest" name="verifyCodeOperationsInStackPage" time="0.000">
    <skipped/>
  </testcase> <!-- verifyCodeOperationsInStackPage -->
  <system-out/>
  <testcase classname="dsAlgoTests.StackTest" name="verifyCodeApplicationsPage" time="0.000">
    <skipped/>
  </testcase> <!-- verifyCodeApplicationsPage -->
  <system-out/>
  <testcase classname="dsAlgoTests.StackTest" name="verifyCodeOperationsInStackPage" time="0.000">
    <skipped/>
  </testcase> <!-- verifyCodeOperationsInStackPage -->
  <system-out/>
  <testcase classname="dsAlgoTests.StackTest" name="verifyCodeApplicationsPage" time="0.000">
    <skipped/>
  </testcase> <!-- verifyCodeApplicationsPage -->
  <system-out/>
  <testcase classname="dsAlgoTests.StackTest" name="verifyCodeImplementationPage" time="0.000">
    <skipped/>
  </testcase> <!-- verifyCodeImplementationPage -->
  <system-out/>
  <testcase classname="dsAlgoTests.StackTest" name="verifyCodeImplementationPage" time="0.000">
    <skipped/>
  </testcase> <!-- verifyCodeImplementationPage -->
  <system-out/>
  <testcase classname="dsAlgoTests.StackTest" name="verifyCodeApplicationsPage" time="0.000">
    <skipped/>
  </testcase> <!-- verifyCodeApplicationsPage -->
  <system-out/>
  <testcase classname="dsAlgoTests.StackTest" name="verifyCodeOperationsInStackPage" time="0.000">
    <skipped/>
  </testcase> <!-- verifyCodeOperationsInStackPage -->
  <system-out/>
  <testcase classname="dsAlgoTests.StackTest" name="verifyCodeApplicationsPage" time="0.000">
    <skipped/>
  </testcase> <!-- verifyCodeApplicationsPage -->
  <system-out/>
  <testcase classname="dsAlgoTests.StackTest" name="verifyCodeApplicationsPage" time="0.000">
    <skipped/>
  </testcase> <!-- verifyCodeApplicationsPage -->
  <system-out/>
  <testcase classname="dsAlgoTests.StackTest" name="verifyCodeImplementationPage" time="0.000">
    <skipped/>
  </testcase> <!-- verifyCodeImplementationPage -->
  <system-out/>
  <testcase classname="dsAlgoTests.StackTest" name="verifyCodeOperationsInStackPage" time="0.000">
    <skipped/>
  </testcase> <!-- verifyCodeOperationsInStackPage -->
  <system-out/>
  <testcase classname="dsAlgoTests.StackTest" name="verifyCodeOperationsInStackPage" time="0.000">
    <skipped/>
  </testcase> <!-- verifyCodeOperationsInStackPage -->
  <system-out/>
  <testcase classname="dsAlgoTests.StackTest" name="verifyCodeImplementationPage" time="0.000">
    <skipped/>
  </testcase> <!-- verifyCodeImplementationPage -->
  <system-out/>
  <testcase classname="dsAlgoTests.StackTest" name="verifyCodeApplicationsPage" time="0.000">
    <skipped/>
  </testcase> <!-- verifyCodeApplicationsPage -->
  <system-out/>
  <testcase classname="dsAlgoTests.StackTest" name="verifyCodeImplementationPage" time="0.000">
    <skipped/>
  </testcase> <!-- verifyCodeImplementationPage -->
  <system-out/>
  <testcase classname="dsAlgoTests.StackTest" name="verifyCodeImplementationPage" time="0.000">
    <skipped/>
  </testcase> <!-- verifyCodeImplementationPage -->
  <system-out/>
  <testcase classname="dsAlgoTests.StackTest" name="verifyCodeApplicationsPage" time="0.000">
    <skipped/>
  </testcase> <!-- verifyCodeApplicationsPage -->
  <system-out/>
  <testcase classname="dsAlgoTests.StackTest" name="verifyCodeOperationsInStackPage" time="0.000">
    <skipped/>
  </testcase> <!-- verifyCodeOperationsInStackPage -->
  <system-out/>
  <testcase classname="dsAlgoTests.StackTest" name="verifyCodeOperationsInStackPage" time="0.000">
    <skipped/>
  </testcase> <!-- verifyCodeOperationsInStackPage -->
  <system-out/>
  <testcase classname="dsAlgoTests.StackTest" name="verifyCodeApplicationsPage" time="0.000">
    <skipped/>
  </testcase> <!-- verifyCodeApplicationsPage -->
  <system-out/>
  <testcase classname="dsAlgoTests.StackTest" name="verifyCodeImplementationPage" time="0.000">
    <skipped/>
  </testcase> <!-- verifyCodeImplementationPage -->
  <system-out/>
  <testcase classname="dsAlgoTests.StackTest" name="verifyCodeOperationsInStackPage" time="0.000">
    <skipped/>
  </testcase> <!-- verifyCodeOperationsInStackPage -->
  <system-out/>
  <testcase classname="dsAlgoTests.StackTest" name="verifyCodeApplicationsPage" time="0.000">
    <skipped/>
  </testcase> <!-- verifyCodeApplicationsPage -->
  <system-out/>
  <testcase classname="dsAlgoTests.StackTest" name="verifyCodeOperationsInStackPage" time="0.000">
    <skipped/>
  </testcase> <!-- verifyCodeOperationsInStackPage -->
  <system-out/>
  <testcase classname="dsAlgoTests.StackTest" name="verifyCodeApplicationsPage" time="0.000">
    <skipped/>
  </testcase> <!-- verifyCodeApplicationsPage -->
  <system-out/>
  <testcase classname="dsAlgoTests.StackTest" name="verifyCodeApplicationsPage" time="0.000">
    <skipped/>
  </testcase> <!-- verifyCodeApplicationsPage -->
  <system-out/>
  <testcase classname="dsAlgoTests.StackTest" name="verifyCodeApplicationsPage" time="0.000">
    <skipped/>
  </testcase> <!-- verifyCodeApplicationsPage -->
  <system-out/>
  <testcase classname="dsAlgoTests.StackTest" name="verifyCodeOperationsInStackPage" time="0.000">
    <skipped/>
  </testcase> <!-- verifyCodeOperationsInStackPage -->
  <system-out/>
  <testcase classname="dsAlgoTests.StackTest" name="verifyCodeImplementationPage" time="0.000">
    <skipped/>
  </testcase> <!-- verifyCodeImplementationPage -->
  <system-out/>
  <testcase classname="dsAlgoTests.StackTest" name="verifyCodeApplicationsPage" time="0.000">
    <skipped/>
  </testcase> <!-- verifyCodeApplicationsPage -->
  <system-out/>
  <testcase classname="dsAlgoTests.StackTest" name="verifyCodeOperationsInStackPage" time="0.000">
    <skipped/>
  </testcase> <!-- verifyCodeOperationsInStackPage -->
  <system-out/>
  <testcase classname="dsAlgoTests.StackTest" name="verifyCodeImplementationPage" time="0.000">
    <skipped/>
  </testcase> <!-- verifyCodeImplementationPage -->
  <system-out/>
  <testcase classname="dsAlgoTests.StackTest" name="verifyCodeOperationsInStackPage" time="0.000">
    <skipped/>
  </testcase> <!-- verifyCodeOperationsInStackPage -->
  <system-out/>
  <testcase classname="dsAlgoTests.StackTest" name="verifyCodeApplicationsPage" time="0.000">
    <skipped/>
  </testcase> <!-- verifyCodeApplicationsPage -->
  <system-out/>
  <testcase classname="dsAlgoTests.StackTest" name="verifyCodeOperationsInStackPage" time="0.000">
    <skipped/>
  </testcase> <!-- verifyCodeOperationsInStackPage -->
  <system-out/>
  <testcase classname="dsAlgoTests.StackTest" name="verifyCodeApplicationsPage" time="0.000">
    <skipped/>
  </testcase> <!-- verifyCodeApplicationsPage -->
  <system-out/>
  <testcase classname="dsAlgoTests.StackTest" name="verifyCodeImplementationPage" time="0.000">
    <skipped/>
  </testcase> <!-- verifyCodeImplementationPage -->
  <system-out/>
  <testcase classname="dsAlgoTests.StackTest" name="verifyCodeImplementationPage" time="0.000">
    <skipped/>
  </testcase> <!-- verifyCodeImplementationPage -->
  <system-out/>
  <testcase classname="dsAlgoTests.StackTest" name="verifyCodeImplementationPage" time="0.000">
    <skipped/>
  </testcase> <!-- verifyCodeImplementationPage -->
  <system-out/>
  <testcase classname="dsAlgoTests.StackTest" name="verifyCodeOperationsInStackPage" time="0.000">
    <skipped/>
  </testcase> <!-- verifyCodeOperationsInStackPage -->
  <system-out/>
  <testcase classname="dsAlgoTests.StackTest" name="verifyCodeImplementationPage" time="0.000">
    <skipped/>
  </testcase> <!-- verifyCodeImplementationPage -->
  <system-out/>
  <testcase classname="dsAlgoTests.StackTest" name="verifyCodeOperationsInStackPage" time="0.000">
    <skipped/>
  </testcase> <!-- verifyCodeOperationsInStackPage -->
  <system-out/>
  <testcase classname="dsAlgoTests.StackTest" name="verifyCodeOperationsInStackPage" time="0.000">
    <skipped/>
  </testcase> <!-- verifyCodeOperationsInStackPage -->
  <system-out/>
  <testcase classname="dsAlgoTests.StackTest" name="verifyCodeOperationsInStackPage" time="0.000">
    <skipped/>
  </testcase> <!-- verifyCodeOperationsInStackPage -->
  <system-out/>
  <testcase classname="dsAlgoTests.StackTest" name="verifyCodeApplicationsPage" time="0.000">
    <skipped/>
  </testcase> <!-- verifyCodeApplicationsPage -->
  <system-out/>
  <testcase classname="dsAlgoTests.StackTest" name="verifyCodeOperationsInStackPage" time="0.000">
    <skipped/>
  </testcase> <!-- verifyCodeOperationsInStackPage -->
  <system-out/>
  <testcase classname="dsAlgoTests.StackTest" name="verifyCodeApplicationsPage" time="0.000">
    <skipped/>
  </testcase> <!-- verifyCodeApplicationsPage -->
  <system-out/>
  <testcase classname="dsAlgoTests.StackTest" name="verifyCodeOperationsInStackPage" time="0.000">
    <skipped/>
  </testcase> <!-- verifyCodeOperationsInStackPage -->
  <system-out/>
  <testcase classname="dsAlgoTests.StackTest" name="verifyCodeApplicationsPage" time="0.000">
    <skipped/>
  </testcase> <!-- verifyCodeApplicationsPage -->
  <system-out/>
  <testcase classname="dsAlgoTests.StackTest" name="verifyCodeApplicationsPage" time="0.000">
    <skipped/>
  </testcase> <!-- verifyCodeApplicationsPage -->
  <system-out/>
  <testcase classname="dsAlgoTests.StackTest" name="verifyCodeImplementationPage" time="0.000">
    <skipped/>
  </testcase> <!-- verifyCodeImplementationPage -->
  <system-out/>
  <testcase classname="dsAlgoTests.StackTest" name="verifyCodeImplementationPage" time="0.000">
    <skipped/>
  </testcase> <!-- verifyCodeImplementationPage -->
  <system-out/>
  <testcase classname="dsAlgoTests.StackTest" name="verifyCodeImplementationPage" time="0.000">
    <skipped/>
  </testcase> <!-- verifyCodeImplementationPage -->
  <system-out/>
  <testcase classname="dsAlgoTests.StackTest" name="verifyCodeApplicationsPage" time="0.000">
    <skipped/>
  </testcase> <!-- verifyCodeApplicationsPage -->
  <system-out/>
  <testcase classname="dsAlgoTests.StackTest" name="verifyCodeImplementationPage" time="0.000">
    <skipped/>
  </testcase> <!-- verifyCodeImplementationPage -->
  <system-out/>
  <testcase classname="dsAlgoTests.StackTest" name="verifyCodeImplementationPage" time="0.000">
    <skipped/>
  </testcase> <!-- verifyCodeImplementationPage -->
  <system-out/>
  <testcase classname="dsAlgoTests.StackTest" name="verifyCodeOperationsInStackPage" time="0.000">
    <skipped/>
  </testcase> <!-- verifyCodeOperationsInStackPage -->
  <system-out/>
  <testcase classname="dsAlgoTests.StackTest" name="verifyCodeApplicationsPage" time="0.000">
    <skipped/>
  </testcase> <!-- verifyCodeApplicationsPage -->
  <system-out/>
  <testcase classname="dsAlgoTests.StackTest" name="verifyCodeImplementationPage" time="0.000">
    <skipped/>
  </testcase> <!-- verifyCodeImplementationPage -->
  <system-out/>
  <testcase classname="dsAlgoTests.StackTest" name="verifyCodeImplementationPage" time="0.000">
    <skipped/>
  </testcase> <!-- verifyCodeImplementationPage -->
  <system-out/>
  <testcase classname="dsAlgoTests.StackTest" name="verifyCodeImplementationPage" time="0.000">
    <skipped/>
  </testcase> <!-- verifyCodeImplementationPage -->
  <system-out/>
  <testcase classname="dsAlgoTests.StackTest" name="verifyCodeApplicationsPage" time="0.000">
    <skipped/>
  </testcase> <!-- verifyCodeApplicationsPage -->
  <system-out/>
  <testcase classname="dsAlgoTests.StackTest" name="verifyCodeOperationsInStackPage" time="0.000">
    <skipped/>
  </testcase> <!-- verifyCodeOperationsInStackPage -->
  <system-out/>
  <testcase classname="dsAlgoTests.StackTest" name="verifyCodeApplicationsPage" time="0.000">
    <skipped/>
  </testcase> <!-- verifyCodeApplicationsPage -->
  <system-out/>
  <testcase classname="dsAlgoTests.StackTest" name="verifyCodeOperationsInStackPage" time="0.000">
    <skipped/>
  </testcase> <!-- verifyCodeOperationsInStackPage -->
  <system-out/>
  <testcase classname="dsAlgoTests.StackTest" name="verifyCodeApplicationsPage" time="0.000">
    <skipped/>
  </testcase> <!-- verifyCodeApplicationsPage -->
  <system-out/>
  <testcase classname="dsAlgoTests.StackTest" name="verifyCodeImplementationPage" time="0.000">
    <skipped/>
  </testcase> <!-- verifyCodeImplementationPage -->
  <system-out/>
  <testcase classname="dsAlgoTests.StackTest" name="verifyCodeApplicationsPage" time="0.000">
    <skipped/>
  </testcase> <!-- verifyCodeApplicationsPage -->
  <system-out/>
  <testcase classname="dsAlgoTests.StackTest" name="verifyCodeImplementationPage" time="0.000">
    <skipped/>
  </testcase> <!-- verifyCodeImplementationPage -->
  <system-out/>
  <testcase classname="dsAlgoTests.StackTest" name="verifyCodeApplicationsPage" time="0.000">
    <skipped/>
  </testcase> <!-- verifyCodeApplicationsPage -->
  <system-out/>
  <testcase classname="dsAlgoTests.StackTest" name="verifyCodeImplementationPage" time="0.000">
    <skipped/>
  </testcase> <!-- verifyCodeImplementationPage -->
  <system-out/>
  <testcase classname="dsAlgoTests.StackTest" name="verifyCodeOperationsInStackPage" time="0.000">
    <skipped/>
  </testcase> <!-- verifyCodeOperationsInStackPage -->
  <system-out/>
  <testcase classname="dsAlgoTests.StackTest" name="verifyCodeApplicationsPage" time="0.000">
    <skipped/>
  </testcase> <!-- verifyCodeApplicationsPage -->
  <system-out/>
  <testcase classname="dsAlgoTests.StackTest" name="verifyCodeImplementationPage" time="0.000">
    <skipped/>
  </testcase> <!-- verifyCodeImplementationPage -->
  <system-out/>
  <testcase classname="dsAlgoTests.StackTest" name="verifyCodeOperationsInStackPage" time="0.000">
    <skipped/>
  </testcase> <!-- verifyCodeOperationsInStackPage -->
  <system-out/>
  <testcase classname="dsAlgoTests.StackTest" name="verifyCodeApplicationsPage" time="0.000">
    <skipped/>
  </testcase> <!-- verifyCodeApplicationsPage -->
  <system-out/>
  <testcase classname="dsAlgoTests.StackTest" name="verifyCodeImplementationPage" time="0.000">
    <skipped/>
  </testcase> <!-- verifyCodeImplementationPage -->
  <system-out/>
  <testcase classname="dsAlgoTests.StackTest" name="verifyCodeImplementationPage" time="0.000">
    <skipped/>
  </testcase> <!-- verifyCodeImplementationPage -->
  <system-out/>
  <testcase classname="dsAlgoTests.StackTest" name="verifyCodeApplicationsPage" time="0.000">
    <skipped/>
  </testcase> <!-- verifyCodeApplicationsPage -->
  <system-out/>
  <testcase classname="dsAlgoTests.StackTest" name="navigateToImplementation" time="0.000">
    <skipped/>
  </testcase> <!-- navigateToImplementation -->
  <system-out/>
  <testcase classname="dsAlgoTests.StackTest" name="verifyCodeImplementationPage" time="0.000">
    <skipped/>
  </testcase> <!-- verifyCodeImplementationPage -->
  <system-out/>
  <testcase classname="dsAlgoTests.StackTest" name="verifyCodeApplicationsPage" time="0.000">
    <skipped/>
  </testcase> <!-- verifyCodeApplicationsPage -->
  <system-out/>
  <testcase classname="dsAlgoTests.StackTest" name="verifyCodeApplicationsPage" time="0.000">
    <skipped/>
  </testcase> <!-- verifyCodeApplicationsPage -->
  <system-out/>
  <testcase classname="dsAlgoTests.StackTest" name="verifyCodeImplementationPage" time="0.000">
    <skipped/>
  </testcase> <!-- verifyCodeImplementationPage -->
  <system-out/>
  <testcase classname="dsAlgoTests.StackTest" name="verifyCodeImplementationPage" time="0.000">
    <skipped/>
  </testcase> <!-- verifyCodeImplementationPage -->
  <system-out/>
  <testcase classname="dsAlgoTests.StackTest" name="verifyCodeApplicationsPage" time="0.000">
    <skipped/>
  </testcase> <!-- verifyCodeApplicationsPage -->
  <system-out/>
  <testcase classname="dsAlgoTests.StackTest" name="verifyCodeOperationsInStackPage" time="0.000">
    <skipped/>
  </testcase> <!-- verifyCodeOperationsInStackPage -->
  <system-out/>
  <testcase classname="dsAlgoTests.StackTest" name="verifyCodeApplicationsPage" time="0.000">
    <skipped/>
  </testcase> <!-- verifyCodeApplicationsPage -->
  <system-out/>
  <testcase classname="dsAlgoTests.StackTest" name="navigateToOperationsInStack" time="0.000">
    <skipped/>
  </testcase> <!-- navigateToOperationsInStack -->
  <system-out/>
  <testcase classname="dsAlgoTests.StackTest" name="verifyCodeOperationsInStackPage" time="0.000">
    <skipped/>
  </testcase> <!-- verifyCodeOperationsInStackPage -->
  <system-out/>
  <testcase classname="dsAlgoTests.StackTest" name="verifyCodeApplicationsPage" time="0.000">
    <skipped/>
  </testcase> <!-- verifyCodeApplicationsPage -->
  <system-out/>
  <testcase classname="dsAlgoTests.StackTest" name="verifyCodeOperationsInStackPage" time="0.000">
    <skipped/>
  </testcase> <!-- verifyCodeOperationsInStackPage -->
  <system-out/>
  <testcase classname="dsAlgoTests.StackTest" name="verifyCodeImplementationPage" time="0.000">
    <skipped/>
  </testcase> <!-- verifyCodeImplementationPage -->
  <system-out/>
  <testcase classname="dsAlgoTests.StackTest" name="verifyCodeImplementationPage" time="0.000">
    <skipped/>
  </testcase> <!-- verifyCodeImplementationPage -->
  <system-out/>
  <testcase classname="dsAlgoTests.StackTest" name="verifyCodeImplementationPage" time="0.000">
    <skipped/>
  </testcase> <!-- verifyCodeImplementationPage -->
  <system-out/>
  <testcase classname="dsAlgoTests.StackTest" name="verifyCodeImplementationPage" time="0.000">
    <skipped/>
  </testcase> <!-- verifyCodeImplementationPage -->
  <system-out/>
  <testcase classname="dsAlgoTests.StackTest" name="verifyCodeApplicationsPage" time="0.000">
    <skipped/>
  </testcase> <!-- verifyCodeApplicationsPage -->
  <system-out/>
  <testcase classname="dsAlgoTests.StackTest" name="verifyCodeImplementationPage" time="0.000">
    <skipped/>
  </testcase> <!-- verifyCodeImplementationPage -->
  <system-out/>
  <testcase classname="dsAlgoTests.StackTest" name="verifyCodeImplementationPage" time="0.000">
    <skipped/>
  </testcase> <!-- verifyCodeImplementationPage -->
  <system-out/>
  <testcase classname="dsAlgoTests.StackTest" name="verifyCodeImplementationPage" time="0.000">
    <skipped/>
  </testcase> <!-- verifyCodeImplementationPage -->
  <system-out/>
  <testcase classname="dsAlgoTests.StackTest" name="verifyCodeApplicationsPage" time="0.000">
    <skipped/>
  </testcase> <!-- verifyCodeApplicationsPage -->
  <system-out/>
  <testcase classname="dsAlgoTests.StackTest" name="verifyCodeOperationsInStackPage" time="0.000">
    <skipped/>
  </testcase> <!-- verifyCodeOperationsInStackPage -->
  <system-out/>
  <testcase classname="dsAlgoTests.StackTest" name="verifyCodeOperationsInStackPage" time="0.000">
    <skipped/>
  </testcase> <!-- verifyCodeOperationsInStackPage -->
  <system-out/>
  <testcase classname="dsAlgoTests.StackTest" name="verifyCodeImplementationPage" time="0.000">
    <skipped/>
  </testcase> <!-- verifyCodeImplementationPage -->
  <system-out/>
  <testcase classname="dsAlgoTests.StackTest" name="verifyCodeImplementationPage" time="0.000">
    <skipped/>
  </testcase> <!-- verifyCodeImplementationPage -->
  <system-out/>
  <testcase classname="dsAlgoTests.StackTest" name="verifyCodeImplementationPage" time="0.000">
    <skipped/>
  </testcase> <!-- verifyCodeImplementationPage -->
  <system-out/>
  <testcase classname="dsAlgoTests.StackTest" name="verifyCodeOperationsInStackPage" time="0.000">
    <skipped/>
  </testcase> <!-- verifyCodeOperationsInStackPage -->
  <system-out/>
  <testcase classname="dsAlgoTests.StackTest" name="verifyCodeApplicationsPage" time="0.000">
    <skipped/>
  </testcase> <!-- verifyCodeApplicationsPage -->
  <system-out/>
  <testcase classname="dsAlgoTests.StackTest" name="verifyCodeOperationsInStackPage" time="0.000">
    <skipped/>
  </testcase> <!-- verifyCodeOperationsInStackPage -->
  <system-out/>
  <testcase classname="dsAlgoTests.StackTest" name="verifyCodeApplicationsPage" time="0.000">
    <skipped/>
  </testcase> <!-- verifyCodeApplicationsPage -->
  <system-out/>
  <testcase classname="dsAlgoTests.StackTest" name="verifyCodeApplicationsPage" time="0.000">
    <skipped/>
  </testcase> <!-- verifyCodeApplicationsPage -->
  <system-out/>
  <testcase classname="dsAlgoTests.StackTest" name="verifyCodeOperationsInStackPage" time="0.000">
    <skipped/>
  </testcase> <!-- verifyCodeOperationsInStackPage -->
  <system-out/>
  <testcase classname="dsAlgoTests.StackTest" name="verifyCodeApplicationsPage" time="0.000">
    <skipped/>
  </testcase> <!-- verifyCodeApplicationsPage -->
  <system-out/>
  <testcase classname="dsAlgoTests.StackTest" name="verifyCodeApplicationsPage" time="0.000">
    <skipped/>
  </testcase> <!-- verifyCodeApplicationsPage -->
  <system-out/>
  <testcase classname="dsAlgoTests.StackTest" name="verifyCodeApplicationsPage" time="0.000">
    <skipped/>
  </testcase> <!-- verifyCodeApplicationsPage -->
  <system-out/>
  <testcase classname="dsAlgoTests.StackTest" name="verifyCodeApplicationsPage" time="0.000">
    <skipped/>
  </testcase> <!-- verifyCodeApplicationsPage -->
  <system-out/>
  <testcase classname="dsAlgoTests.StackTest" name="verifyCodeOperationsInStackPage" time="0.000">
    <skipped/>
  </testcase> <!-- verifyCodeOperationsInStackPage -->
  <system-out/>
  <testcase classname="dsAlgoTests.StackTest" name="verifyCodeApplicationsPage" time="0.000">
    <skipped/>
  </testcase> <!-- verifyCodeApplicationsPage -->
  <system-out/>
  <testcase classname="dsAlgoTests.StackTest" name="verifyCodeApplicationsPage" time="0.000">
    <skipped/>
  </testcase> <!-- verifyCodeApplicationsPage -->
  <system-out/>
  <testcase classname="dsAlgoTests.StackTest" name="verifyCodeImplementationPage" time="0.000">
    <skipped/>
  </testcase> <!-- verifyCodeImplementationPage -->
  <system-out/>
  <testcase classname="dsAlgoTests.StackTest" name="verifyCodeApplicationsPage" time="0.000">
    <skipped/>
  </testcase> <!-- verifyCodeApplicationsPage -->
  <system-out/>
  <testcase classname="dsAlgoTests.StackTest" name="verifyCodeImplementationPage" time="0.000">
    <skipped/>
  </testcase> <!-- verifyCodeImplementationPage -->
  <system-out/>
  <testcase classname="dsAlgoTests.StackTest" name="verifyCodeOperationsInStackPage" time="0.000">
    <skipped/>
  </testcase> <!-- verifyCodeOperationsInStackPage -->
  <system-out/>
  <testcase classname="dsAlgoTests.StackTest" name="verifyCodeImplementationPage" time="0.000">
    <skipped/>
  </testcase> <!-- verifyCodeImplementationPage -->
  <system-out/>
  <testcase classname="dsAlgoTests.StackTest" name="verifyCodeOperationsInStackPage" time="0.000">
    <skipped/>
  </testcase> <!-- verifyCodeOperationsInStackPage -->
  <system-out/>
  <testcase classname="dsAlgoTests.StackTest" name="verifyCodeOperationsInStackPage" time="0.000">
    <skipped/>
  </testcase> <!-- verifyCodeOperationsInStackPage -->
  <system-out/>
  <testcase classname="dsAlgoTests.StackTest" name="verifyCodeImplementationPage" time="0.000">
    <skipped/>
  </testcase> <!-- verifyCodeImplementationPage -->
  <system-out/>
  <testcase classname="dsAlgoTests.StackTest" name="verifyCodeOperationsInStackPage" time="0.000">
    <skipped/>
  </testcase> <!-- verifyCodeOperationsInStackPage -->
  <system-out/>
  <testcase classname="dsAlgoTests.StackTest" name="verifyCodeApplicationsPage" time="0.000">
    <skipped/>
  </testcase> <!-- verifyCodeApplicationsPage -->
  <system-out/>
  <testcase classname="dsAlgoTests.StackTest" name="verifyCodeOperationsInStackPage" time="0.000">
    <skipped/>
  </testcase> <!-- verifyCodeOperationsInStackPage -->
  <system-out/>
  <testcase classname="dsAlgoTests.StackTest" name="verifyCodeImplementationPage" time="0.000">
    <skipped/>
  </testcase> <!-- verifyCodeImplementationPage -->
  <system-out/>
  <testcase classname="dsAlgoTests.StackTest" name="verifyCodeApplicationsPage" time="0.000">
    <skipped/>
  </testcase> <!-- verifyCodeApplicationsPage -->
  <system-out/>
  <testcase classname="dsAlgoTests.StackTest" name="verifyCodeOperationsInStackPage" time="0.000">
    <skipped/>
  </testcase> <!-- verifyCodeOperationsInStackPage -->
  <system-out/>
  <testcase classname="dsAlgoTests.StackTest" name="verifyCodeImplementationPage" time="0.000">
    <skipped/>
  </testcase> <!-- verifyCodeImplementationPage -->
  <system-out/>
  <testcase classname="dsAlgoTests.StackTest" name="verifyCodeImplementationPage" time="0.000">
    <skipped/>
  </testcase> <!-- verifyCodeImplementationPage -->
  <system-out/>
  <testcase classname="dsAlgoTests.StackTest" name="verifyCodeOperationsInStackPage" time="0.000">
    <skipped/>
  </testcase> <!-- verifyCodeOperationsInStackPage -->
  <system-out/>
  <testcase classname="dsAlgoTests.StackTest" name="verifyCodeApplicationsPage" time="0.000">
    <skipped/>
  </testcase> <!-- verifyCodeApplicationsPage -->
  <system-out/>
  <testcase classname="dsAlgoTests.StackTest" name="verifyCodeImplementationPage" time="0.000">
    <skipped/>
  </testcase> <!-- verifyCodeImplementationPage -->
  <system-out/>
  <testcase classname="dsAlgoTests.StackTest" name="verifyCodeImplementationPage" time="0.000">
    <skipped/>
  </testcase> <!-- verifyCodeImplementationPage -->
  <system-out/>
  <testcase classname="dsAlgoTests.StackTest" name="verifyCodeImplementationPage" time="0.000">
    <skipped/>
  </testcase> <!-- verifyCodeImplementationPage -->
  <system-out/>
  <testcase classname="dsAlgoTests.StackTest" name="verifyCodeImplementationPage" time="0.000">
    <skipped/>
  </testcase> <!-- verifyCodeImplementationPage -->
  <system-out/>
  <testcase classname="dsAlgoTests.StackTest" name="verifyCodeOperationsInStackPage" time="0.000">
    <skipped/>
  </testcase> <!-- verifyCodeOperationsInStackPage -->
  <system-out/>
  <testcase classname="dsAlgoTests.StackTest" name="verifyCodeImplementationPage" time="0.000">
    <skipped/>
  </testcase> <!-- verifyCodeImplementationPage -->
  <system-out/>
  <testcase classname="dsAlgoTests.StackTest" name="verifyCodeApplicationsPage" time="0.000">
    <skipped/>
  </testcase> <!-- verifyCodeApplicationsPage -->
  <system-out/>
  <testcase classname="dsAlgoTests.StackTest" name="verifyCodeImplementationPage" time="0.000">
    <skipped/>
  </testcase> <!-- verifyCodeImplementationPage -->
  <system-out/>
  <testcase classname="dsAlgoTests.StackTest" name="verifyCodeImplementationPage" time="0.000">
    <skipped/>
  </testcase> <!-- verifyCodeImplementationPage -->
  <system-out/>
  <testcase classname="dsAlgoTests.StackTest" name="verifyCodeImplementationPage" time="0.000">
    <skipped/>
  </testcase> <!-- verifyCodeImplementationPage -->
  <system-out/>
  <testcase classname="dsAlgoTests.StackTest" name="verifyCodeApplicationsPage" time="0.000">
    <skipped/>
  </testcase> <!-- verifyCodeApplicationsPage -->
  <system-out/>
  <testcase classname="dsAlgoTests.StackTest" name="verifyCodeApplicationsPage" time="0.000">
    <skipped/>
  </testcase> <!-- verifyCodeApplicationsPage -->
  <system-out/>
  <testcase classname="dsAlgoTests.StackTest" name="verifyCodeApplicationsPage" time="0.000">
    <skipped/>
  </testcase> <!-- verifyCodeApplicationsPage -->
  <system-out/>
  <testcase classname="dsAlgoTests.StackTest" name="verifyCodeApplicationsPage" time="0.000">
    <skipped/>
  </testcase> <!-- verifyCodeApplicationsPage -->
  <system-out/>
  <testcase classname="dsAlgoTests.StackTest" name="verifyCodeApplicationsPage" time="0.000">
    <skipped/>
  </testcase> <!-- verifyCodeApplicationsPage -->
  <system-out/>
  <testcase classname="dsAlgoTests.StackTest" name="verifyCodeApplicationsPage" time="0.000">
    <skipped/>
  </testcase> <!-- verifyCodeApplicationsPage -->
  <system-out/>
  <testcase classname="dsAlgoTests.StackTest" name="verifyCodeImplementationPage" time="0.000">
    <skipped/>
  </testcase> <!-- verifyCodeImplementationPage -->
  <system-out/>
  <testcase classname="dsAlgoTests.StackTest" name="verifyCodeOperationsInStackPage" time="0.000">
    <skipped/>
  </testcase> <!-- verifyCodeOperationsInStackPage -->
  <system-out/>
  <testcase classname="dsAlgoTests.StackTest" name="verifyCodeOperationsInStackPage" time="0.000">
    <skipped/>
  </testcase> <!-- verifyCodeOperationsInStackPage -->
  <system-out/>
  <testcase classname="dsAlgoTests.StackTest" name="verifyCodeOperationsInStackPage" time="0.000">
    <skipped/>
  </testcase> <!-- verifyCodeOperationsInStackPage -->
  <system-out/>
  <testcase classname="dsAlgoTests.StackTest" name="verifyCodeOperationsInStackPage" time="0.000">
    <skipped/>
  </testcase> <!-- verifyCodeOperationsInStackPage -->
  <system-out/>
  <testcase classname="dsAlgoTests.StackTest" name="verifyCodeApplicationsPage" time="0.000">
    <skipped/>
  </testcase> <!-- verifyCodeApplicationsPage -->
  <system-out/>
  <testcase classname="dsAlgoTests.StackTest" name="verifyCodeOperationsInStackPage" time="0.000">
    <skipped/>
  </testcase> <!-- verifyCodeOperationsInStackPage -->
  <system-out/>
  <testcase classname="dsAlgoTests.StackTest" name="verifyCodeImplementationPage" time="0.000">
    <skipped/>
  </testcase> <!-- verifyCodeImplementationPage -->
  <system-out/>
  <testcase classname="dsAlgoTests.StackTest" name="verifyCodeOperationsInStackPage" time="0.000">
    <skipped/>
  </testcase> <!-- verifyCodeOperationsInStackPage -->
  <system-out/>
  <testcase classname="dsAlgoTests.StackTest" name="verifyCodeApplicationsPage" time="0.000">
    <skipped/>
  </testcase> <!-- verifyCodeApplicationsPage -->
  <system-out/>
  <testcase classname="dsAlgoTests.StackTest" name="verifyCodeImplementationPage" time="0.000">
    <skipped/>
  </testcase> <!-- verifyCodeImplementationPage -->
  <system-out/>
  <testcase classname="dsAlgoTests.StackTest" name="verifyCodeApplicationsPage" time="0.000">
    <skipped/>
  </testcase> <!-- verifyCodeApplicationsPage -->
  <system-out/>
  <testcase classname="dsAlgoTests.StackTest" name="verifyCodeOperationsInStackPage" time="0.000">
    <skipped/>
  </testcase> <!-- verifyCodeOperationsInStackPage -->
  <system-out/>
  <testcase classname="dsAlgoTests.StackTest" name="verifyCodeOperationsInStackPage" time="0.000">
    <skipped/>
  </testcase> <!-- verifyCodeOperationsInStackPage -->
  <system-out/>
  <testcase classname="dsAlgoTests.StackTest" name="verifyCodeApplicationsPage" time="0.000">
    <skipped/>
  </testcase> <!-- verifyCodeApplicationsPage -->
  <system-out/>
  <testcase classname="dsAlgoTests.StackTest" name="verifyCodeOperationsInStackPage" time="0.000">
    <skipped/>
  </testcase> <!-- verifyCodeOperationsInStackPage -->
  <system-out/>
  <testcase classname="dsAlgoTests.StackTest" name="verifyCodeOperationsInStackPage" time="0.000">
    <skipped/>
  </testcase> <!-- verifyCodeOperationsInStackPage -->
  <system-out/>
  <testcase classname="dsAlgoTests.StackTest" name="verifyCodeOperationsInStackPage" time="0.000">
    <skipped/>
  </testcase> <!-- verifyCodeOperationsInStackPage -->
  <system-out/>
  <testcase classname="dsAlgoTests.StackTest" name="verifyCodeOperationsInStackPage" time="0.000">
    <skipped/>
  </testcase> <!-- verifyCodeOperationsInStackPage -->
  <system-out/>
  <testcase classname="dsAlgoTests.StackTest" name="verifyCodeOperationsInStackPage" time="0.000">
    <skipped/>
  </testcase> <!-- verifyCodeOperationsInStackPage -->
  <system-out/>
  <testcase classname="dsAlgoTests.StackTest" name="verifyCodeImplementationPage" time="0.000">
    <skipped/>
  </testcase> <!-- verifyCodeImplementationPage -->
  <system-out/>
  <testcase classname="dsAlgoTests.StackTest" name="verifyCodeApplicationsPage" time="0.000">
    <skipped/>
  </testcase> <!-- verifyCodeApplicationsPage -->
  <system-out/>
  <testcase classname="dsAlgoTests.StackTest" name="verifyCodeApplicationsPage" time="0.000">
    <skipped/>
  </testcase> <!-- verifyCodeApplicationsPage -->
  <system-out/>
  <testcase classname="dsAlgoTests.StackTest" name="verifyCodeImplementationPage" time="0.000">
    <skipped/>
  </testcase> <!-- verifyCodeImplementationPage -->
  <system-out/>
  <testcase classname="dsAlgoTests.StackTest" name="verifyCodeApplicationsPage" time="0.000">
    <skipped/>
  </testcase> <!-- verifyCodeApplicationsPage -->
  <system-out/>
  <testcase classname="dsAlgoTests.StackTest" name="verifyCodeImplementationPage" time="0.000">
    <skipped/>
  </testcase> <!-- verifyCodeImplementationPage -->
  <system-out/>
  <testcase classname="dsAlgoTests.StackTest" name="verifyCodeOperationsInStackPage" time="0.000">
    <skipped/>
  </testcase> <!-- verifyCodeOperationsInStackPage -->
  <system-out/>
  <testcase classname="dsAlgoTests.StackTest" name="verifyCodeOperationsInStackPage" time="0.000">
    <skipped/>
  </testcase> <!-- verifyCodeOperationsInStackPage -->
  <system-out/>
  <testcase classname="dsAlgoTests.StackTest" name="verifyCodeApplicationsPage" time="0.000">
    <skipped/>
  </testcase> <!-- verifyCodeApplicationsPage -->
  <system-out/>
  <testcase classname="dsAlgoTests.StackTest" name="verifyCodeApplicationsPage" time="0.000">
    <skipped/>
  </testcase> <!-- verifyCodeApplicationsPage -->
  <system-out/>
  <testcase classname="dsAlgoTests.StackTest" name="verifyCodeImplementationPage" time="0.000">
    <skipped/>
  </testcase> <!-- verifyCodeImplementationPage -->
  <system-out/>
  <testcase classname="dsAlgoTests.StackTest" name="verifyCodeOperationsInStackPage" time="0.000">
    <skipped/>
  </testcase> <!-- verifyCodeOperationsInStackPage -->
  <system-out/>
  <testcase classname="dsAlgoTests.StackTest" name="verifyCodeApplicationsPage" time="0.000">
    <skipped/>
  </testcase> <!-- verifyCodeApplicationsPage -->
  <system-out/>
  <testcase classname="dsAlgoTests.StackTest" name="verifyCodeOperationsInStackPage" time="0.000">
    <skipped/>
  </testcase> <!-- verifyCodeOperationsInStackPage -->
  <system-out/>
  <testcase classname="dsAlgoTests.StackTest" name="verifyCodeImplementationPage" time="0.000">
    <skipped/>
  </testcase> <!-- verifyCodeImplementationPage -->
  <system-out/>
  <testcase classname="dsAlgoTests.StackTest" name="verifyCodeApplicationsPage" time="0.000">
    <skipped/>
  </testcase> <!-- verifyCodeApplicationsPage -->
  <system-out/>
  <testcase classname="dsAlgoTests.StackTest" name="verifyCodeImplementationPage" time="0.000">
    <skipped/>
  </testcase> <!-- verifyCodeImplementationPage -->
  <system-out/>
  <testcase classname="dsAlgoTests.StackTest" name="verifyCodeImplementationPage" time="0.000">
    <skipped/>
  </testcase> <!-- verifyCodeImplementationPage -->
  <system-out/>
  <testcase classname="dsAlgoTests.StackTest" name="verifyCodeOperationsInStackPage" time="0.000">
    <skipped/>
  </testcase> <!-- verifyCodeOperationsInStackPage -->
  <system-out/>
  <testcase classname="dsAlgoTests.StackTest" name="verifyCodeOperationsInStackPage" time="0.000">
    <skipped/>
  </testcase> <!-- verifyCodeOperationsInStackPage -->
  <system-out/>
  <testcase classname="dsAlgoTests.StackTest" name="verifyCodeOperationsInStackPage" time="0.000">
    <skipped/>
  </testcase> <!-- verifyCodeOperationsInStackPage -->
  <system-out/>
  <testcase classname="dsAlgoTests.StackTest" name="verifyCodeOperationsInStackPage" time="0.000">
    <skipped/>
  </testcase> <!-- verifyCodeOperationsInStackPage -->
  <system-out/>
  <testcase classname="dsAlgoTests.StackTest" name="verifyCodeApplicationsPage" time="0.000">
    <skipped/>
  </testcase> <!-- verifyCodeApplicationsPage -->
  <system-out/>
  <testcase classname="dsAlgoTests.StackTest" name="verifyCodeOperationsInStackPage" time="0.000">
    <skipped/>
  </testcase> <!-- verifyCodeOperationsInStackPage -->
  <system-out/>
  <testcase classname="dsAlgoTests.StackTest" name="verifyCodeOperationsInStackPage" time="0.000">
    <skipped/>
  </testcase> <!-- verifyCodeOperationsInStackPage -->
  <system-out/>
  <testcase classname="dsAlgoTests.StackTest" name="verifyCodeOperationsInStackPage" time="0.000">
    <skipped/>
  </testcase> <!-- verifyCodeOperationsInStackPage -->
  <system-out/>
  <testcase classname="dsAlgoTests.StackTest" name="verifyCodeApplicationsPage" time="0.000">
    <skipped/>
  </testcase> <!-- verifyCodeApplicationsPage -->
  <system-out/>
  <testcase classname="dsAlgoTests.StackTest" name="verifyCodeOperationsInStackPage" time="0.000">
    <skipped/>
  </testcase> <!-- verifyCodeOperationsInStackPage -->
  <system-out/>
  <testcase classname="dsAlgoTests.StackTest" name="verifyCodeApplicationsPage" time="0.000">
    <skipped/>
  </testcase> <!-- verifyCodeApplicationsPage -->
  <system-out/>
  <testcase classname="dsAlgoTests.StackTest" name="verifyCodeApplicationsPage" time="0.000">
    <skipped/>
  </testcase> <!-- verifyCodeApplicationsPage -->
  <system-out/>
  <testcase classname="dsAlgoTests.StackTest" name="verifyCodeOperationsInStackPage" time="0.000">
    <skipped/>
  </testcase> <!-- verifyCodeOperationsInStackPage -->
  <system-out/>
  <testcase classname="dsAlgoTests.StackTest" name="verifyCodeOperationsInStackPage" time="0.000">
    <skipped/>
  </testcase> <!-- verifyCodeOperationsInStackPage -->
  <system-out/>
  <testcase classname="dsAlgoTests.StackTest" name="verifyCodeImplementationPage" time="0.000">
    <skipped/>
  </testcase> <!-- verifyCodeImplementationPage -->
  <system-out/>
  <testcase classname="dsAlgoTests.StackTest" name="verifyCodeImplementationPage" time="0.000">
    <skipped/>
  </testcase> <!-- verifyCodeImplementationPage -->
  <system-out/>
  <testcase classname="dsAlgoTests.StackTest" name="verifyCodeImplementationPage" time="0.000">
    <skipped/>
  </testcase> <!-- verifyCodeImplementationPage -->
  <system-out/>
  <testcase classname="dsAlgoTests.StackTest" name="verifyCodeImplementationPage" time="0.000">
    <skipped/>
  </testcase> <!-- verifyCodeImplementationPage -->
  <system-out/>
  <testcase classname="dsAlgoTests.StackTest" name="verifyCodeImplementationPage" time="0.000">
    <skipped/>
  </testcase> <!-- verifyCodeImplementationPage -->
  <system-out/>
  <testcase classname="dsAlgoTests.StackTest" name="verifyCodeOperationsInStackPage" time="0.000">
    <skipped/>
  </testcase> <!-- verifyCodeOperationsInStackPage -->
  <system-out/>
  <testcase classname="dsAlgoTests.StackTest" name="verifyCodeApplicationsPage" time="0.000">
    <skipped/>
  </testcase> <!-- verifyCodeApplicationsPage -->
  <system-out/>
  <testcase classname="dsAlgoTests.StackTest" name="verifyCodeOperationsInStackPage" time="0.000">
    <skipped/>
  </testcase> <!-- verifyCodeOperationsInStackPage -->
  <system-out/>
  <testcase classname="dsAlgoTests.StackTest" name="verifyCodeApplicationsPage" time="0.000">
    <skipped/>
  </testcase> <!-- verifyCodeApplicationsPage -->
  <system-out/>
  <testcase classname="dsAlgoTests.StackTest" name="verifyCodeApplicationsPage" time="0.000">
    <skipped/>
  </testcase> <!-- verifyCodeApplicationsPage -->
  <system-out/>
  <testcase classname="dsAlgoTests.StackTest" name="verifyCodeApplicationsPage" time="0.000">
    <skipped/>
  </testcase> <!-- verifyCodeApplicationsPage -->
  <system-out/>
  <testcase classname="dsAlgoTests.StackTest" name="verifyCodeImplementationPage" time="0.000">
    <skipped/>
  </testcase> <!-- verifyCodeImplementationPage -->
  <system-out/>
  <testcase classname="dsAlgoTests.StackTest" name="verifyCodeOperationsInStackPage" time="0.000">
    <skipped/>
  </testcase> <!-- verifyCodeOperationsInStackPage -->
  <system-out/>
  <testcase classname="dsAlgoTests.StackTest" name="verifyCodeApplicationsPage" time="0.000">
    <skipped/>
  </testcase> <!-- verifyCodeApplicationsPage -->
  <system-out/>
  <testcase classname="dsAlgoTests.StackTest" name="verifyCodeApplicationsPage" time="0.000">
    <skipped/>
  </testcase> <!-- verifyCodeApplicationsPage -->
  <system-out/>
  <testcase classname="dsAlgoTests.StackTest" name="verifyCodeApplicationsPage" time="0.000">
    <skipped/>
  </testcase> <!-- verifyCodeApplicationsPage -->
  <system-out/>
  <testcase classname="dsAlgoTests.StackTest" name="verifyCodeOperationsInStackPage" time="0.000">
    <skipped/>
  </testcase> <!-- verifyCodeOperationsInStackPage -->
  <system-out/>
  <testcase classname="dsAlgoTests.StackTest" name="verifyCodeApplicationsPage" time="0.000">
    <skipped/>
  </testcase> <!-- verifyCodeApplicationsPage -->
  <system-out/>
  <testcase classname="dsAlgoTests.StackTest" name="verifyCodeImplementationPage" time="0.000">
    <skipped/>
  </testcase> <!-- verifyCodeImplementationPage -->
  <system-out/>
  <testcase classname="dsAlgoTests.StackTest" name="verifyCodeApplicationsPage" time="0.000">
    <skipped/>
  </testcase> <!-- verifyCodeApplicationsPage -->
  <system-out/>
  <testcase classname="dsAlgoTests.StackTest" name="verifyCodeApplicationsPage" time="0.000">
    <skipped/>
  </testcase> <!-- verifyCodeApplicationsPage -->
  <system-out/>
  <testcase classname="dsAlgoTests.StackTest" name="verifyCodeOperationsInStackPage" time="0.000">
    <skipped/>
  </testcase> <!-- verifyCodeOperationsInStackPage -->
  <system-out/>
  <testcase classname="dsAlgoTests.StackTest" name="verifyCodeApplicationsPage" time="0.000">
    <skipped/>
  </testcase> <!-- verifyCodeApplicationsPage -->
  <system-out/>
  <testcase classname="dsAlgoTests.StackTest" name="verifyCodeImplementationPage" time="0.000">
    <skipped/>
  </testcase> <!-- verifyCodeImplementationPage -->
  <system-out/>
  <testcase classname="dsAlgoTests.StackTest" name="verifyCodeApplicationsPage" time="0.000">
    <skipped/>
  </testcase> <!-- verifyCodeApplicationsPage -->
  <system-out/>
  <testcase classname="dsAlgoTests.StackTest" name="verifyCodeApplicationsPage" time="0.000">
    <skipped/>
  </testcase> <!-- verifyCodeApplicationsPage -->
  <system-out/>
  <testcase classname="dsAlgoTests.StackTest" name="verifyCodeImplementationPage" time="0.000">
    <skipped/>
  </testcase> <!-- verifyCodeImplementationPage -->
  <system-out/>
  <testcase classname="dsAlgoTests.StackTest" name="verifyCodeImplementationPage" time="0.000">
    <skipped/>
  </testcase> <!-- verifyCodeImplementationPage -->
  <system-out/>
  <testcase classname="dsAlgoTests.StackTest" name="verifyCodeOperationsInStackPage" time="0.000">
    <skipped/>
  </testcase> <!-- verifyCodeOperationsInStackPage -->
  <system-out/>
  <testcase classname="dsAlgoTests.StackTest" name="verifyCodeApplicationsPage" time="0.000">
    <skipped/>
  </testcase> <!-- verifyCodeApplicationsPage -->
  <system-out/>
  <testcase classname="dsAlgoTests.StackTest" name="verifyCodeImplementationPage" time="0.000">
    <skipped/>
  </testcase> <!-- verifyCodeImplementationPage -->
  <system-out/>
  <testcase classname="dsAlgoTests.StackTest" name="verifyCodeApplicationsPage" time="0.000">
    <skipped/>
  </testcase> <!-- verifyCodeApplicationsPage -->
  <system-out/>
  <testcase classname="dsAlgoTests.StackTest" name="verifyCodeApplicationsPage" time="0.000">
    <skipped/>
  </testcase> <!-- verifyCodeApplicationsPage -->
  <system-out/>
  <testcase classname="dsAlgoTests.StackTest" name="verifyCodeImplementationPage" time="0.000">
    <skipped/>
  </testcase> <!-- verifyCodeImplementationPage -->
  <system-out/>
  <testcase classname="dsAlgoTests.StackTest" name="verifyCodeImplementationPage" time="0.000">
    <skipped/>
  </testcase> <!-- verifyCodeImplementationPage -->
  <system-out/>
  <testcase classname="dsAlgoTests.StackTest" name="verifyCodeApplicationsPage" time="0.000">
    <skipped/>
  </testcase> <!-- verifyCodeApplicationsPage -->
  <system-out/>
  <testcase classname="dsAlgoTests.StackTest" name="verifyCodeApplicationsPage" time="0.000">
    <skipped/>
  </testcase> <!-- verifyCodeApplicationsPage -->
  <system-out/>
  <testcase classname="dsAlgoTests.StackTest" name="verifyCodeOperationsInStackPage" time="0.000">
    <skipped/>
  </testcase> <!-- verifyCodeOperationsInStackPage -->
  <system-out/>
  <testcase classname="dsAlgoTests.StackTest" name="verifyCodeApplicationsPage" time="0.000">
    <skipped/>
  </testcase> <!-- verifyCodeApplicationsPage -->
  <system-out/>
  <testcase classname="dsAlgoTests.StackTest" name="verifyCodeImplementationPage" time="0.000">
    <skipped/>
  </testcase> <!-- verifyCodeImplementationPage -->
  <system-out/>
  <testcase classname="dsAlgoTests.StackTest" name="verifyCodeImplementationPage" time="0.000">
    <skipped/>
  </testcase> <!-- verifyCodeImplementationPage -->
  <system-out/>
  <testcase classname="dsAlgoTests.StackTest" name="verifyCodeApplicationsPage" time="0.000">
    <skipped/>
  </testcase> <!-- verifyCodeApplicationsPage -->
  <system-out/>
  <testcase classname="dsAlgoTests.StackTest" name="verifyCodeImplementationPage" time="0.000">
    <skipped/>
  </testcase> <!-- verifyCodeImplementationPage -->
  <system-out/>
  <testcase classname="dsAlgoTests.StackTest" name="verifyCodeImplementationPage" time="0.000">
    <skipped/>
  </testcase> <!-- verifyCodeImplementationPage -->
  <system-out/>
  <testcase classname="dsAlgoTests.StackTest" name="verifyCodeApplicationsPage" time="0.000">
    <skipped/>
  </testcase> <!-- verifyCodeApplicationsPage -->
  <system-out/>
  <testcase classname="dsAlgoTests.StackTest" name="verifyCodeApplicationsPage" time="0.000">
    <skipped/>
  </testcase> <!-- verifyCodeApplicationsPage -->
  <system-out/>
  <testcase classname="dsAlgoTests.StackTest" name="verifyCodeImplementationPage" time="0.000">
    <skipped/>
  </testcase> <!-- verifyCodeImplementationPage -->
  <system-out/>
  <testcase classname="dsAlgoTests.StackTest" name="verifyCodeApplicationsPage" time="0.000">
    <skipped/>
  </testcase> <!-- verifyCodeApplicationsPage -->
  <system-out/>
  <testcase classname="dsAlgoTests.StackTest" name="verifyCodeOperationsInStackPage" time="0.000">
    <skipped/>
  </testcase> <!-- verifyCodeOperationsInStackPage -->
  <system-out/>
  <testcase classname="dsAlgoTests.StackTest" name="verifyCodeOperationsInStackPage" time="0.000">
    <skipped/>
  </testcase> <!-- verifyCodeOperationsInStackPage -->
  <system-out/>
  <testcase classname="dsAlgoTests.StackTest" name="verifyCodeImplementationPage" time="0.000">
    <skipped/>
  </testcase> <!-- verifyCodeImplementationPage -->
  <system-out/>
  <testcase classname="dsAlgoTests.StackTest" name="verifyCodeOperationsInStackPage" time="0.000">
    <skipped/>
  </testcase> <!-- verifyCodeOperationsInStackPage -->
  <system-out/>
  <testcase classname="dsAlgoTests.StackTest" name="verifyCodeOperationsInStackPage" time="0.000">
    <skipped/>
  </testcase> <!-- verifyCodeOperationsInStackPage -->
  <system-out/>
  <testcase classname="dsAlgoTests.StackTest" name="verifyCodeApplicationsPage" time="0.000">
    <skipped/>
  </testcase> <!-- verifyCodeApplicationsPage -->
  <system-out/>
  <testcase classname="dsAlgoTests.StackTest" name="verifyCodeImplementationPage" time="0.000">
    <skipped/>
  </testcase> <!-- verifyCodeImplementationPage -->
  <system-out/>
  <testcase classname="dsAlgoTests.StackTest" name="verifyCodeOperationsInStackPage" time="0.000">
    <skipped/>
  </testcase> <!-- verifyCodeOperationsInStackPage -->
  <system-out/>
  <testcase classname="dsAlgoTests.StackTest" name="verifyCodeApplicationsPage" time="0.000">
    <skipped/>
  </testcase> <!-- verifyCodeApplicationsPage -->
  <system-out/>
  <testcase classname="dsAlgoTests.StackTest" name="verifyCodeApplicationsPage" time="0.000">
    <skipped/>
  </testcase> <!-- verifyCodeApplicationsPage -->
  <system-out/>
  <testcase classname="dsAlgoTests.StackTest" name="verifyCodeImplementationPage" time="0.000">
    <skipped/>
  </testcase> <!-- verifyCodeImplementationPage -->
  <system-out/>
  <testcase classname="dsAlgoTests.StackTest" name="verifyCodeImplementationPage" time="0.000">
    <skipped/>
  </testcase> <!-- verifyCodeImplementationPage -->
  <system-out/>
  <testcase classname="dsAlgoTests.StackTest" name="verifyCodeImplementationPage" time="0.000">
    <skipped/>
  </testcase> <!-- verifyCodeImplementationPage -->
  <system-out/>
  <testcase classname="dsAlgoTests.StackTest" name="verifyCodeApplicationsPage" time="0.000">
    <skipped/>
  </testcase> <!-- verifyCodeApplicationsPage -->
  <system-out/>
  <testcase classname="dsAlgoTests.StackTest" name="verifyCodeImplementationPage" time="0.000">
    <skipped/>
  </testcase> <!-- verifyCodeImplementationPage -->
  <system-out/>
  <testcase classname="dsAlgoTests.StackTest" name="verifyCodeImplementationPage" time="0.000">
    <skipped/>
  </testcase> <!-- verifyCodeImplementationPage -->
  <system-out/>
  <testcase classname="dsAlgoTests.StackTest" name="verifyCodeOperationsInStackPage" time="0.000">
    <skipped/>
  </testcase> <!-- verifyCodeOperationsInStackPage -->
  <system-out/>
  <testcase classname="dsAlgoTests.StackTest" name="verifyCodeApplicationsPage" time="0.000">
    <skipped/>
  </testcase> <!-- verifyCodeApplicationsPage -->
  <system-out/>
  <testcase classname="dsAlgoTests.StackTest" name="verifyCodeOperationsInStackPage" time="0.000">
    <skipped/>
  </testcase> <!-- verifyCodeOperationsInStackPage -->
  <system-out/>
  <testcase classname="dsAlgoTests.StackTest" name="verifyCodeImplementationPage" time="0.000">
    <skipped/>
  </testcase> <!-- verifyCodeImplementationPage -->
  <system-out/>
  <testcase classname="dsAlgoTests.StackTest" name="verifyCodeApplicationsPage" time="0.000">
    <skipped/>
  </testcase> <!-- verifyCodeApplicationsPage -->
  <system-out/>
  <testcase classname="dsAlgoTests.StackTest" name="verifyCodeImplementationPage" time="0.000">
    <skipped/>
  </testcase> <!-- verifyCodeImplementationPage -->
  <system-out/>
  <testcase classname="dsAlgoTests.StackTest" name="verifyCodeImplementationPage" time="0.000">
    <skipped/>
  </testcase> <!-- verifyCodeImplementationPage -->
  <system-out/>
  <testcase classname="dsAlgoTests.StackTest" name="verifyCodeOperationsInStackPage" time="0.000">
    <skipped/>
  </testcase> <!-- verifyCodeOperationsInStackPage -->
  <system-out/>
  <testcase classname="dsAlgoTests.StackTest" name="verifyCodeApplicationsPage" time="0.000">
    <skipped/>
  </testcase> <!-- verifyCodeApplicationsPage -->
  <system-out/>
  <testcase classname="dsAlgoTests.StackTest" name="verifyCodeApplicationsPage" time="0.000">
    <skipped/>
  </testcase> <!-- verifyCodeApplicationsPage -->
  <system-out/>
  <testcase classname="dsAlgoTests.StackTest" name="verifyCodeImplementationPage" time="0.000">
    <skipped/>
  </testcase> <!-- verifyCodeImplementationPage -->
  <system-out/>
  <testcase classname="dsAlgoTests.StackTest" name="verifyCodeImplementationPage" time="0.000">
    <skipped/>
  </testcase> <!-- verifyCodeImplementationPage -->
  <system-out/>
  <testcase classname="dsAlgoTests.StackTest" name="verifyCodeImplementationPage" time="0.000">
    <skipped/>
  </testcase> <!-- verifyCodeImplementationPage -->
  <system-out/>
  <testcase classname="dsAlgoTests.StackTest" name="verifyCodeImplementationPage" time="0.000">
    <skipped/>
  </testcase> <!-- verifyCodeImplementationPage -->
  <system-out/>
  <testcase classname="dsAlgoTests.StackTest" name="verifyCodeImplementationPage" time="0.000">
    <skipped/>
  </testcase> <!-- verifyCodeImplementationPage -->
  <system-out/>
  <testcase classname="dsAlgoTests.StackTest" name="verifyCodeOperationsInStackPage" time="0.000">
    <skipped/>
  </testcase> <!-- verifyCodeOperationsInStackPage -->
  <system-out/>
  <testcase classname="dsAlgoTests.StackTest" name="verifyCodeOperationsInStackPage" time="0.000">
    <skipped/>
  </testcase> <!-- verifyCodeOperationsInStackPage -->
  <system-out/>
  <testcase classname="dsAlgoTests.StackTest" name="verifyCodeImplementationPage" time="0.000">
    <skipped/>
  </testcase> <!-- verifyCodeImplementationPage -->
  <system-out/>
  <testcase classname="dsAlgoTests.StackTest" name="verifyCodeOperationsInStackPage" time="0.000">
    <skipped/>
  </testcase> <!-- verifyCodeOperationsInStackPage -->
  <system-out/>
  <testcase classname="dsAlgoTests.StackTest" name="verifyCodeImplementationPage" time="0.000">
    <skipped/>
  </testcase> <!-- verifyCodeImplementationPage -->
  <system-out/>
  <testcase classname="dsAlgoTests.StackTest" name="verifyCodeApplicationsPage" time="0.000">
    <skipped/>
  </testcase> <!-- verifyCodeApplicationsPage -->
  <system-out/>
  <testcase classname="dsAlgoTests.StackTest" name="verifyCodeApplicationsPage" time="0.000">
    <skipped/>
  </testcase> <!-- verifyCodeApplicationsPage -->
  <system-out/>
  <testcase classname="dsAlgoTests.StackTest" name="verifyCodeImplementationPage" time="0.000">
    <skipped/>
  </testcase> <!-- verifyCodeImplementationPage -->
  <system-out/>
  <testcase classname="dsAlgoTests.StackTest" name="verifyCodeOperationsInStackPage" time="0.000">
    <skipped/>
  </testcase> <!-- verifyCodeOperationsInStackPage -->
  <system-out/>
  <testcase classname="dsAlgoTests.StackTest" name="verifyCodeOperationsInStackPage" time="0.000">
    <skipped/>
  </testcase> <!-- verifyCodeOperationsInStackPage -->
  <system-out/>
  <testcase classname="dsAlgoTests.StackTest" name="verifyCodeApplicationsPage" time="0.000">
    <skipped/>
  </testcase> <!-- verifyCodeApplicationsPage -->
  <system-out/>
  <testcase classname="dsAlgoTests.StackTest" name="verifyCodeOperationsInStackPage" time="0.000">
    <skipped/>
  </testcase> <!-- verifyCodeOperationsInStackPage -->
  <system-out/>
  <testcase classname="dsAlgoTests.StackTest" name="verifyCodeApplicationsPage" time="0.000">
    <skipped/>
  </testcase> <!-- verifyCodeApplicationsPage -->
  <system-out/>
  <testcase classname="dsAlgoTests.StackTest" name="verifyCodeImplementationPage" time="0.000">
    <skipped/>
  </testcase> <!-- verifyCodeImplementationPage -->
  <system-out/>
  <testcase classname="dsAlgoTests.StackTest" name="verifyCodeImplementationPage" time="0.000">
    <skipped/>
  </testcase> <!-- verifyCodeImplementationPage -->
  <system-out/>
  <testcase classname="dsAlgoTests.StackTest" name="verifyCodeImplementationPage" time="0.000">
    <skipped/>
  </testcase> <!-- verifyCodeImplementationPage -->
  <system-out/>
  <testcase classname="dsAlgoTests.StackTest" name="verifyCodeOperationsInStackPage" time="0.000">
    <skipped/>
  </testcase> <!-- verifyCodeOperationsInStackPage -->
  <system-out/>
  <testcase classname="dsAlgoTests.StackTest" name="verifyCodeApplicationsPage" time="0.000">
    <skipped/>
  </testcase> <!-- verifyCodeApplicationsPage -->
  <system-out/>
  <testcase classname="dsAlgoTests.StackTest" name="verifyCodeImplementationPage" time="0.000">
    <skipped/>
  </testcase> <!-- verifyCodeImplementationPage -->
  <system-out/>
  <testcase classname="dsAlgoTests.StackTest" name="verifyCodeApplicationsPage" time="0.000">
    <skipped/>
  </testcase> <!-- verifyCodeApplicationsPage -->
  <system-out/>
  <testcase classname="dsAlgoTests.StackTest" name="verifyCodeOperationsInStackPage" time="0.000">
    <skipped/>
  </testcase> <!-- verifyCodeOperationsInStackPage -->
  <system-out/>
  <testcase classname="dsAlgoTests.StackTest" name="verifyCodeImplementationPage" time="0.000">
    <skipped/>
  </testcase> <!-- verifyCodeImplementationPage -->
  <system-out/>
  <testcase classname="dsAlgoTests.StackTest" name="verifyCodeImplementationPage" time="0.000">
    <skipped/>
  </testcase> <!-- verifyCodeImplementationPage -->
  <system-out/>
  <testcase classname="dsAlgoTests.StackTest" name="verifyCodeImplementationPage" time="0.000">
    <skipped/>
  </testcase> <!-- verifyCodeImplementationPage -->
  <system-out/>
  <testcase classname="dsAlgoTests.StackTest" name="navigateToImplementationPracticeQuestions" time="0.000">
    <skipped/>
  </testcase> <!-- navigateToImplementationPracticeQuestions -->
  <system-out/>
  <testcase classname="dsAlgoTests.StackTest" name="verifyCodeApplicationsPage" time="0.000">
    <skipped/>
  </testcase> <!-- verifyCodeApplicationsPage -->
  <system-out/>
  <testcase classname="dsAlgoTests.StackTest" name="verifyCodeImplementationPage" time="0.000">
    <skipped/>
  </testcase> <!-- verifyCodeImplementationPage -->
  <system-out/>
  <testcase classname="dsAlgoTests.StackTest" name="verifyCodeImplementationPage" time="0.000">
    <skipped/>
  </testcase> <!-- verifyCodeImplementationPage -->
  <system-out/>
  <testcase classname="dsAlgoTests.StackTest" name="verifyCodeOperationsInStackPage" time="0.000">
    <skipped/>
  </testcase> <!-- verifyCodeOperationsInStackPage -->
  <system-out/>
  <testcase classname="dsAlgoTests.StackTest" name="verifyCodeOperationsInStackPage" time="0.000">
    <skipped/>
  </testcase> <!-- verifyCodeOperationsInStackPage -->
  <system-out/>
  <testcase classname="dsAlgoTests.StackTest" name="verifyCodeImplementationPage" time="0.000">
    <skipped/>
  </testcase> <!-- verifyCodeImplementationPage -->
  <system-out/>
  <testcase classname="dsAlgoTests.StackTest" name="verifyCodeOperationsInStackPage" time="0.000">
    <skipped/>
  </testcase> <!-- verifyCodeOperationsInStackPage -->
  <system-out/>
  <testcase classname="dsAlgoTests.StackTest" name="verifyCodeOperationsInStackPage" time="0.000">
    <skipped/>
  </testcase> <!-- verifyCodeOperationsInStackPage -->
  <system-out/>
  <testcase classname="dsAlgoTests.StackTest" name="verifyCodeImplementationPage" time="0.000">
    <skipped/>
  </testcase> <!-- verifyCodeImplementationPage -->
  <system-out/>
  <testcase classname="dsAlgoTests.StackTest" name="verifyCodeImplementationPage" time="0.000">
    <skipped/>
  </testcase> <!-- verifyCodeImplementationPage -->
  <system-out/>
  <testcase classname="dsAlgoTests.StackTest" name="verifyCodeOperationsInStackPage" time="0.000">
    <skipped/>
  </testcase> <!-- verifyCodeOperationsInStackPage -->
  <system-out/>
  <testcase classname="dsAlgoTests.StackTest" name="verifyCodeOperationsInStackPage" time="0.000">
    <skipped/>
  </testcase> <!-- verifyCodeOperationsInStackPage -->
  <system-out/>
  <testcase classname="dsAlgoTests.StackTest" name="verifyCodeImplementationPage" time="0.000">
    <skipped/>
  </testcase> <!-- verifyCodeImplementationPage -->
  <system-out/>
  <testcase classname="dsAlgoTests.StackTest" name="verifyCodeApplicationsPage" time="0.000">
    <skipped/>
  </testcase> <!-- verifyCodeApplicationsPage -->
  <system-out/>
  <testcase classname="dsAlgoTests.StackTest" name="verifyCodeApplicationsPage" time="0.000">
    <skipped/>
  </testcase> <!-- verifyCodeApplicationsPage -->
  <system-out/>
  <testcase classname="dsAlgoTests.StackTest" name="verifyCodeImplementationPage" time="0.000">
    <skipped/>
  </testcase> <!-- verifyCodeImplementationPage -->
  <system-out/>
  <testcase classname="dsAlgoTests.StackTest" name="verifyCodeApplicationsPage" time="0.000">
    <skipped/>
  </testcase> <!-- verifyCodeApplicationsPage -->
  <system-out/>
  <testcase classname="dsAlgoTests.StackTest" name="verifyCodeApplicationsPage" time="0.000">
    <skipped/>
  </testcase> <!-- verifyCodeApplicationsPage -->
  <system-out/>
  <testcase classname="dsAlgoTests.StackTest" name="verifyCodeImplementationPage" time="0.000">
    <skipped/>
  </testcase> <!-- verifyCodeImplementationPage -->
  <system-out/>
  <testcase classname="dsAlgoTests.StackTest" name="verifyCodeOperationsInStackPage" time="0.000">
    <skipped/>
  </testcase> <!-- verifyCodeOperationsInStackPage -->
  <system-out/>
  <testcase classname="dsAlgoTests.StackTest" name="verifyCodeImplementationPage" time="0.000">
    <skipped/>
  </testcase> <!-- verifyCodeImplementationPage -->
  <system-out/>
  <testcase classname="dsAlgoTests.StackTest" name="verifyCodeOperationsInStackPage" time="0.000">
    <skipped/>
  </testcase> <!-- verifyCodeOperationsInStackPage -->
  <system-out/>
  <testcase classname="dsAlgoTests.StackTest" name="verifyCodeApplicationsPage" time="0.000">
    <skipped/>
  </testcase> <!-- verifyCodeApplicationsPage -->
  <system-out/>
  <testcase classname="dsAlgoTests.StackTest" name="verifyCodeOperationsInStackPage" time="0.000">
    <skipped/>
  </testcase> <!-- verifyCodeOperationsInStackPage -->
  <system-out/>
  <testcase classname="dsAlgoTests.StackTest" name="verifyCodeOperationsInStackPage" time="0.000">
    <skipped/>
  </testcase> <!-- verifyCodeOperationsInStackPage -->
  <system-out/>
  <testcase classname="dsAlgoTests.StackTest" name="verifyCodeOperationsInStackPage" time="0.000">
    <skipped/>
  </testcase> <!-- verifyCodeOperationsInStackPage -->
  <system-out/>
  <testcase classname="dsAlgoTests.StackTest" name="verifyCodeOperationsInStackPage" time="0.000">
    <skipped/>
  </testcase> <!-- verifyCodeOperationsInStackPage -->
  <system-out/>
  <testcase classname="dsAlgoTests.StackTest" name="verifyCodeOperationsInStackPage" time="0.000">
    <skipped/>
  </testcase> <!-- verifyCodeOperationsInStackPage -->
  <system-out/>
  <testcase classname="dsAlgoTests.StackTest" name="verifyCodeImplementationPage" time="0.000">
    <skipped/>
  </testcase> <!-- verifyCodeImplementationPage -->
  <system-out/>
  <testcase classname="dsAlgoTests.StackTest" name="verifyCodeApplicationsPage" time="0.000">
    <skipped/>
  </testcase> <!-- verifyCodeApplicationsPage -->
  <system-out/>
  <testcase classname="dsAlgoTests.StackTest" name="verifyCodeApplicationsPage" time="0.000">
    <skipped/>
  </testcase> <!-- verifyCodeApplicationsPage -->
  <system-out/>
  <testcase classname="dsAlgoTests.StackTest" name="verifyCodeOperationsInStackPage" time="0.000">
    <skipped/>
  </testcase> <!-- verifyCodeOperationsInStackPage -->
  <system-out/>
  <testcase classname="dsAlgoTests.StackTest" name="verifyCodeApplicationsPage" time="0.000">
    <skipped/>
  </testcase> <!-- verifyCodeApplicationsPage -->
  <system-out/>
  <testcase classname="dsAlgoTests.StackTest" name="verifyCodeOperationsInStackPage" time="0.000">
    <skipped/>
  </testcase> <!-- verifyCodeOperationsInStackPage -->
  <system-out/>
  <testcase classname="dsAlgoTests.StackTest" name="verifyCodeOperationsInStackPage" time="0.000">
    <skipped/>
  </testcase> <!-- verifyCodeOperationsInStackPage -->
  <system-out/>
  <testcase classname="dsAlgoTests.StackTest" name="verifyCodeOperationsInStackPage" time="0.000">
    <skipped/>
  </testcase> <!-- verifyCodeOperationsInStackPage -->
  <system-out/>
  <testcase classname="dsAlgoTests.StackTest" name="verifyCodeImplementationPage" time="0.000">
    <skipped/>
  </testcase> <!-- verifyCodeImplementationPage -->
  <system-out/>
  <testcase classname="dsAlgoTests.StackTest" name="verifyCodeImplementationPage" time="0.000">
    <skipped/>
  </testcase> <!-- verifyCodeImplementationPage -->
  <system-out/>
  <testcase classname="dsAlgoTests.StackTest" name="verifyCodeOperationsInStackPage" time="0.000">
    <skipped/>
  </testcase> <!-- verifyCodeOperationsInStackPage -->
  <system-out/>
  <testcase classname="dsAlgoTests.StackTest" name="verifyCodeImplementationPage" time="0.000">
    <skipped/>
  </testcase> <!-- verifyCodeImplementationPage -->
  <system-out/>
  <testcase classname="dsAlgoTests.StackTest" name="verifyCodeApplicationsPage" time="0.000">
    <skipped/>
  </testcase> <!-- verifyCodeApplicationsPage -->
  <system-out/>
  <testcase classname="dsAlgoTests.StackTest" name="verifyCodeImplementationPage" time="0.000">
    <skipped/>
  </testcase> <!-- verifyCodeImplementationPage -->
  <system-out/>
  <testcase classname="dsAlgoTests.StackTest" name="verifyCodeApplicationsPage" time="0.000">
    <skipped/>
  </testcase> <!-- verifyCodeApplicationsPage -->
  <system-out/>
  <testcase classname="dsAlgoTests.StackTest" name="verifyCodeImplementationPage" time="0.000">
    <skipped/>
  </testcase> <!-- verifyCodeImplementationPage -->
  <system-out/>
  <testcase classname="dsAlgoTests.StackTest" name="verifyCodeApplicationsPage" time="0.000">
    <skipped/>
  </testcase> <!-- verifyCodeApplicationsPage -->
  <system-out/>
  <testcase classname="dsAlgoTests.StackTest" name="verifyCodeApplicationsPage" time="0.000">
    <skipped/>
  </testcase> <!-- verifyCodeApplicationsPage -->
  <system-out/>
  <testcase classname="dsAlgoTests.StackTest" name="verifyCodeOperationsInStackPage" time="0.000">
    <skipped/>
  </testcase> <!-- verifyCodeOperationsInStackPage -->
  <system-out/>
  <testcase classname="dsAlgoTests.StackTest" name="verifyCodeOperationsInStackPage" time="0.000">
    <skipped/>
  </testcase> <!-- verifyCodeOperationsInStackPage -->
  <system-out/>
  <testcase classname="dsAlgoTests.StackTest" name="verifyCodeOperationsInStackPage" time="0.000">
    <skipped/>
  </testcase> <!-- verifyCodeOperationsInStackPage -->
  <system-out/>
  <testcase classname="dsAlgoTests.StackTest" name="verifyCodeApplicationsPage" time="0.000">
    <skipped/>
  </testcase> <!-- verifyCodeApplicationsPage -->
  <system-out/>
  <testcase classname="dsAlgoTests.StackTest" name="verifyCodeApplicationsPage" time="0.000">
    <skipped/>
  </testcase> <!-- verifyCodeApplicationsPage -->
  <system-out/>
  <testcase classname="dsAlgoTests.StackTest" name="verifyCodeImplementationPage" time="0.000">
    <skipped/>
  </testcase> <!-- verifyCodeImplementationPage -->
  <system-out/>
  <testcase classname="dsAlgoTests.StackTest" name="verifyCodeImplementationPage" time="0.000">
    <skipped/>
  </testcase> <!-- verifyCodeImplementationPage -->
  <system-out/>
  <testcase classname="dsAlgoTests.StackTest" name="verifyCodeApplicationsPage" time="0.000">
    <skipped/>
  </testcase> <!-- verifyCodeApplicationsPage -->
  <system-out/>
  <testcase classname="dsAlgoTests.StackTest" name="verifyCodeImplementationPage" time="0.000">
    <skipped/>
  </testcase> <!-- verifyCodeImplementationPage -->
  <system-out/>
  <testcase classname="dsAlgoTests.StackTest" name="verifyCodeOperationsInStackPage" time="0.000">
    <skipped/>
  </testcase> <!-- verifyCodeOperationsInStackPage -->
  <system-out/>
  <testcase classname="dsAlgoTests.StackTest" name="verifyCodeOperationsInStackPage" time="0.000">
    <skipped/>
  </testcase> <!-- verifyCodeOperationsInStackPage -->
  <system-out/>
  <testcase classname="dsAlgoTests.StackTest" name="verifyCodeApplicationsPage" time="0.000">
    <skipped/>
  </testcase> <!-- verifyCodeApplicationsPage -->
  <system-out/>
  <testcase classname="dsAlgoTests.StackTest" name="verifyCodeImplementationPage" time="0.000">
    <skipped/>
  </testcase> <!-- verifyCodeImplementationPage -->
  <system-out/>
  <testcase classname="dsAlgoTests.StackTest" name="verifyCodeImplementationPage" time="0.000">
    <skipped/>
  </testcase> <!-- verifyCodeImplementationPage -->
  <system-out/>
  <testcase classname="dsAlgoTests.StackTest" name="verifyCodeOperationsInStackPage" time="0.000">
    <skipped/>
  </testcase> <!-- verifyCodeOperationsInStackPage -->
  <system-out/>
  <testcase classname="dsAlgoTests.StackTest" name="verifyCodeImplementationPage" time="0.000">
    <skipped/>
  </testcase> <!-- verifyCodeImplementationPage -->
  <system-out/>
  <testcase classname="dsAlgoTests.StackTest" name="verifyCodeApplicationsPage" time="0.000">
    <skipped/>
  </testcase> <!-- verifyCodeApplicationsPage -->
  <system-out/>
  <testcase classname="dsAlgoTests.StackTest" name="verifyCodeApplicationsPage" time="0.000">
    <skipped/>
  </testcase> <!-- verifyCodeApplicationsPage -->
  <system-out/>
  <testcase classname="dsAlgoTests.StackTest" name="verifyCodeApplicationsPage" time="0.000">
    <skipped/>
  </testcase> <!-- verifyCodeApplicationsPage -->
  <system-out/>
  <testcase classname="dsAlgoTests.StackTest" name="verifyCodeImplementationPage" time="0.000">
    <skipped/>
  </testcase> <!-- verifyCodeImplementationPage -->
  <system-out/>
  <testcase classname="dsAlgoTests.StackTest" name="verifyCodeImplementationPage" time="0.000">
    <skipped/>
  </testcase> <!-- verifyCodeImplementationPage -->
  <system-out/>
  <testcase classname="dsAlgoTests.StackTest" name="verifyCodeImplementationPage" time="0.000">
    <skipped/>
  </testcase> <!-- verifyCodeImplementationPage -->
  <system-out/>
  <testcase classname="dsAlgoTests.StackTest" name="verifyCodeImplementationPage" time="0.000">
    <skipped/>
  </testcase> <!-- verifyCodeImplementationPage -->
  <system-out/>
  <testcase classname="dsAlgoTests.StackTest" name="verifyCodeImplementationPage" time="0.000">
    <skipped/>
  </testcase> <!-- verifyCodeImplementationPage -->
  <system-out/>
  <testcase classname="dsAlgoTests.StackTest" name="verifyCodeOperationsInStackPage" time="0.000">
    <skipped/>
  </testcase> <!-- verifyCodeOperationsInStackPage -->
  <system-out/>
  <testcase classname="dsAlgoTests.StackTest" name="verifyCodeImplementationPage" time="0.000">
    <skipped/>
  </testcase> <!-- verifyCodeImplementationPage -->
  <system-out/>
  <testcase classname="dsAlgoTests.StackTest" name="verifyCodeImplementationPage" time="0.000">
    <skipped/>
  </testcase> <!-- verifyCodeImplementationPage -->
  <system-out/>
  <testcase classname="dsAlgoTests.StackTest" name="verifyCodeApplicationsPage" time="0.000">
    <skipped/>
  </testcase> <!-- verifyCodeApplicationsPage -->
  <system-out/>
  <testcase classname="dsAlgoTests.StackTest" name="verifyCodeImplementationPage" time="0.000">
    <skipped/>
  </testcase> <!-- verifyCodeImplementationPage -->
  <system-out/>
  <testcase classname="dsAlgoTests.StackTest" name="verifyCodeOperationsInStackPage" time="0.000">
    <skipped/>
  </testcase> <!-- verifyCodeOperationsInStackPage -->
  <system-out/>
  <testcase classname="dsAlgoTests.StackTest" name="verifyCodeOperationsInStackPage" time="0.000">
    <skipped/>
  </testcase> <!-- verifyCodeOperationsInStackPage -->
  <system-out/>
  <testcase classname="dsAlgoTests.StackTest" name="verifyCodeOperationsInStackPage" time="0.000">
    <skipped/>
  </testcase> <!-- verifyCodeOperationsInStackPage -->
  <system-out/>
  <testcase classname="dsAlgoTests.StackTest" name="verifyCodeApplicationsPage" time="0.000">
    <skipped/>
  </testcase> <!-- verifyCodeApplicationsPage -->
  <system-out/>
  <testcase classname="dsAlgoTests.StackTest" name="verifyCodeOperationsInStackPage" time="0.000">
    <skipped/>
  </testcase> <!-- verifyCodeOperationsInStackPage -->
  <system-out/>
  <testcase classname="dsAlgoTests.StackTest" name="verifyCodeOperationsInStackPage" time="0.000">
    <skipped/>
  </testcase> <!-- verifyCodeOperationsInStackPage -->
  <system-out/>
  <testcase classname="dsAlgoTests.StackTest" name="verifyCodeApplicationsPage" time="0.000">
    <skipped/>
  </testcase> <!-- verifyCodeApplicationsPage -->
  <system-out/>
  <testcase classname="dsAlgoTests.StackTest" name="verifyCodeImplementationPage" time="0.000">
    <skipped/>
  </testcase> <!-- verifyCodeImplementationPage -->
  <system-out/>
  <testcase classname="dsAlgoTests.StackTest" name="verifyCodeOperationsInStackPage" time="0.000">
    <skipped/>
  </testcase> <!-- verifyCodeOperationsInStackPage -->
  <system-out/>
  <testcase classname="dsAlgoTests.StackTest" name="verifyCodeImplementationPage" time="0.000">
    <skipped/>
  </testcase> <!-- verifyCodeImplementationPage -->
  <system-out/>
  <testcase classname="dsAlgoTests.StackTest" name="verifyCodeApplicationsPage" time="0.000">
    <skipped/>
  </testcase> <!-- verifyCodeApplicationsPage -->
  <system-out/>
  <testcase classname="dsAlgoTests.StackTest" name="verifyCodeImplementationPage" time="0.000">
    <skipped/>
  </testcase> <!-- verifyCodeImplementationPage -->
  <system-out/>
  <testcase classname="dsAlgoTests.StackTest" name="verifyCodeImplementationPage" time="0.000">
    <skipped/>
  </testcase> <!-- verifyCodeImplementationPage -->
  <system-out/>
  <testcase classname="dsAlgoTests.StackTest" name="verifyCodeImplementationPage" time="0.000">
    <skipped/>
  </testcase> <!-- verifyCodeImplementationPage -->
  <system-out/>
  <testcase classname="dsAlgoTests.StackTest" name="verifyCodeImplementationPage" time="0.000">
    <skipped/>
  </testcase> <!-- verifyCodeImplementationPage -->
  <system-out/>
  <testcase classname="dsAlgoTests.StackTest" name="verifyCodeApplicationsPage" time="0.000">
    <skipped/>
  </testcase> <!-- verifyCodeApplicationsPage -->
  <system-out/>
  <testcase classname="dsAlgoTests.StackTest" name="verifyCodeOperationsInStackPage" time="0.000">
    <skipped/>
  </testcase> <!-- verifyCodeOperationsInStackPage -->
  <system-out/>
  <testcase classname="dsAlgoTests.StackTest" name="verifyCodeApplicationsPage" time="0.000">
    <skipped/>
  </testcase> <!-- verifyCodeApplicationsPage -->
  <system-out/>
  <testcase classname="dsAlgoTests.StackTest" name="verifyCodeOperationsInStackPage" time="0.000">
    <skipped/>
  </testcase> <!-- verifyCodeOperationsInStackPage -->
  <system-out/>
  <testcase classname="dsAlgoTests.StackTest" name="verifyCodeOperationsInStackPage" time="0.000">
    <skipped/>
  </testcase> <!-- verifyCodeOperationsInStackPage -->
  <system-out/>
  <testcase classname="dsAlgoTests.StackTest" name="verifyCodeApplicationsPage" time="0.000">
    <skipped/>
  </testcase> <!-- verifyCodeApplicationsPage -->
  <system-out/>
  <testcase classname="dsAlgoTests.StackTest" name="verifyCodeApplicationsPage" time="0.000">
    <skipped/>
  </testcase> <!-- verifyCodeApplicationsPage -->
  <system-out/>
  <testcase classname="dsAlgoTests.StackTest" name="verifyCodeOperationsInStackPage" time="0.000">
    <skipped/>
  </testcase> <!-- verifyCodeOperationsInStackPage -->
  <system-out/>
  <testcase classname="dsAlgoTests.StackTest" name="verifyCodeOperationsInStackPage" time="0.000">
    <skipped/>
  </testcase> <!-- verifyCodeOperationsInStackPage -->
  <system-out/>
  <testcase classname="dsAlgoTests.StackTest" name="verifyCodeApplicationsPage" time="0.000">
    <skipped/>
  </testcase> <!-- verifyCodeApplicationsPage -->
  <system-out/>
  <testcase classname="dsAlgoTests.StackTest" name="verifyCodeImplementationPage" time="0.000">
    <skipped/>
  </testcase> <!-- verifyCodeImplementationPage -->
  <system-out/>
  <testcase classname="dsAlgoTests.StackTest" name="verifyCodeImplementationPage" time="0.000">
    <skipped/>
  </testcase> <!-- verifyCodeImplementationPage -->
  <system-out/>
  <testcase classname="dsAlgoTests.StackTest" name="verifyCodeImplementationPage" time="0.000">
    <skipped/>
  </testcase> <!-- verifyCodeImplementationPage -->
  <system-out/>
  <testcase classname="dsAlgoTests.StackTest" name="verifyCodeOperationsInStackPage" time="0.000">
    <skipped/>
  </testcase> <!-- verifyCodeOperationsInStackPage -->
  <system-out/>
  <testcase classname="dsAlgoTests.StackTest" name="verifyCodeApplicationsPage" time="0.000">
    <skipped/>
  </testcase> <!-- verifyCodeApplicationsPage -->
  <system-out/>
  <testcase classname="dsAlgoTests.StackTest" name="verifyCodeApplicationsPage" time="0.000">
    <skipped/>
  </testcase> <!-- verifyCodeApplicationsPage -->
  <system-out/>
  <testcase classname="dsAlgoTests.StackTest" name="verifyCodeOperationsInStackPage" time="0.000">
    <skipped/>
  </testcase> <!-- verifyCodeOperationsInStackPage -->
  <system-out/>
  <testcase classname="dsAlgoTests.StackTest" name="verifyCodeImplementationPage" time="0.000">
    <skipped/>
  </testcase> <!-- verifyCodeImplementationPage -->
  <system-out/>
  <testcase classname="dsAlgoTests.StackTest" name="verifyCodeOperationsInStackPage" time="0.000">
    <skipped/>
  </testcase> <!-- verifyCodeOperationsInStackPage -->
  <system-out/>
  <testcase classname="dsAlgoTests.StackTest" name="verifyCodeApplicationsPage" time="0.000">
    <skipped/>
  </testcase> <!-- verifyCodeApplicationsPage -->
  <system-out/>
  <testcase classname="dsAlgoTests.StackTest" name="verifyCodeImplementationPage" time="0.000">
    <skipped/>
  </testcase> <!-- verifyCodeImplementationPage -->
  <system-out/>
  <testcase classname="dsAlgoTests.StackTest" name="verifyCodeOperationsInStackPage" time="0.000">
    <skipped/>
  </testcase> <!-- verifyCodeOperationsInStackPage -->
  <system-out/>
  <testcase classname="dsAlgoTests.StackTest" name="verifyCodeOperationsInStackPage" time="0.000">
    <skipped/>
  </testcase> <!-- verifyCodeOperationsInStackPage -->
  <system-out/>
  <testcase classname="dsAlgoTests.StackTest" name="verifyCodeApplicationsPage" time="0.000">
    <skipped/>
  </testcase> <!-- verifyCodeApplicationsPage -->
  <system-out/>
  <testcase classname="dsAlgoTests.StackTest" name="verifyCodeImplementationPage" time="0.000">
    <skipped/>
  </testcase> <!-- verifyCodeImplementationPage -->
  <system-out/>
  <testcase classname="dsAlgoTests.StackTest" name="verifyCodeOperationsInStackPage" time="0.000">
    <skipped/>
  </testcase> <!-- verifyCodeOperationsInStackPage -->
  <system-out/>
  <testcase classname="dsAlgoTests.StackTest" name="verifyCodeOperationsInStackPage" time="0.000">
    <skipped/>
  </testcase> <!-- verifyCodeOperationsInStackPage -->
  <system-out/>
  <testcase classname="dsAlgoTests.StackTest" name="verifyCodeApplicationsPage" time="0.000">
    <skipped/>
  </testcase> <!-- verifyCodeApplicationsPage -->
  <system-out/>
  <testcase classname="dsAlgoTests.StackTest" name="verifyCodeImplementationPage" time="0.000">
    <skipped/>
  </testcase> <!-- verifyCodeImplementationPage -->
  <system-out/>
  <testcase classname="dsAlgoTests.StackTest" name="verifyCodeOperationsInStackPage" time="0.000">
    <skipped/>
  </testcase> <!-- verifyCodeOperationsInStackPage -->
  <system-out/>
  <testcase classname="dsAlgoTests.StackTest" name="verifyCodeOperationsInStackPage" time="0.000">
    <skipped/>
  </testcase> <!-- verifyCodeOperationsInStackPage -->
  <system-out/>
  <testcase classname="dsAlgoTests.StackTest" name="verifyCodeOperationsInStackPage" time="0.000">
    <skipped/>
  </testcase> <!-- verifyCodeOperationsInStackPage -->
  <system-out/>
  <testcase classname="dsAlgoTests.StackTest" name="verifyCodeApplicationsPage" time="0.000">
    <skipped/>
  </testcase> <!-- verifyCodeApplicationsPage -->
  <system-out/>
  <testcase classname="dsAlgoTests.StackTest" name="verifyCodeOperationsInStackPage" time="0.000">
    <skipped/>
  </testcase> <!-- verifyCodeOperationsInStackPage -->
  <system-out/>
  <testcase classname="dsAlgoTests.StackTest" name="verifyCodeApplicationsPage" time="0.000">
    <skipped/>
  </testcase> <!-- verifyCodeApplicationsPage -->
  <system-out/>
  <testcase classname="dsAlgoTests.StackTest" name="verifyCodeOperationsInStackPage" time="0.000">
    <skipped/>
  </testcase> <!-- verifyCodeOperationsInStackPage -->
  <system-out/>
  <testcase classname="dsAlgoTests.StackTest" name="verifyCodeApplicationsPage" time="0.000">
    <skipped/>
  </testcase> <!-- verifyCodeApplicationsPage -->
  <system-out/>
  <testcase classname="dsAlgoTests.StackTest" name="verifyCodeApplicationsPage" time="0.000">
    <skipped/>
  </testcase> <!-- verifyCodeApplicationsPage -->
  <system-out/>
  <testcase classname="dsAlgoTests.StackTest" name="verifyCodeApplicationsPage" time="0.000">
    <skipped/>
  </testcase> <!-- verifyCodeApplicationsPage -->
  <system-out/>
  <testcase classname="dsAlgoTests.StackTest" name="verifyCodeApplicationsPage" time="0.000">
    <skipped/>
  </testcase> <!-- verifyCodeApplicationsPage -->
  <system-out/>
  <testcase classname="dsAlgoTests.StackTest" name="verifyCodeImplementationPage" time="0.000">
    <skipped/>
  </testcase> <!-- verifyCodeImplementationPage -->
  <system-out/>
  <testcase classname="dsAlgoTests.StackTest" name="verifyCodeOperationsInStackPage" time="0.000">
    <skipped/>
  </testcase> <!-- verifyCodeOperationsInStackPage -->
  <system-out/>
  <testcase classname="dsAlgoTests.StackTest" name="verifyCodeImplementationPage" time="0.000">
    <skipped/>
  </testcase> <!-- verifyCodeImplementationPage -->
  <system-out/>
  <testcase classname="dsAlgoTests.StackTest" name="verifyCodeImplementationPage" time="0.000">
    <skipped/>
  </testcase> <!-- verifyCodeImplementationPage -->
  <system-out/>
  <testcase classname="dsAlgoTests.StackTest" name="verifyCodeOperationsInStackPage" time="0.000">
    <skipped/>
  </testcase> <!-- verifyCodeOperationsInStackPage -->
  <system-out/>
  <testcase classname="dsAlgoTests.StackTest" name="verifyCodeOperationsInStackPage" time="0.000">
    <skipped/>
  </testcase> <!-- verifyCodeOperationsInStackPage -->
  <system-out/>
  <testcase classname="dsAlgoTests.StackTest" name="verifyCodeApplicationsPage" time="0.000">
    <skipped/>
  </testcase> <!-- verifyCodeApplicationsPage -->
  <system-out/>
  <testcase classname="dsAlgoTests.StackTest" name="verifyCodeOperationsInStackPage" time="0.000">
    <skipped/>
  </testcase> <!-- verifyCodeOperationsInStackPage -->
  <system-out/>
  <testcase classname="dsAlgoTests.StackTest" name="verifyCodeImplementationPage" time="0.000">
    <skipped/>
  </testcase> <!-- verifyCodeImplementationPage -->
  <system-out/>
  <testcase classname="dsAlgoTests.StackTest" name="verifyCodeImplementationPage" time="0.000">
    <skipped/>
  </testcase> <!-- verifyCodeImplementationPage -->
  <system-out/>
  <testcase classname="dsAlgoTests.StackTest" name="verifyCodeImplementationPage" time="0.000">
    <skipped/>
  </testcase> <!-- verifyCodeImplementationPage -->
  <system-out/>
  <testcase classname="dsAlgoTests.StackTest" name="verifyCodeOperationsInStackPage" time="0.000">
    <skipped/>
  </testcase> <!-- verifyCodeOperationsInStackPage -->
  <system-out/>
  <testcase classname="dsAlgoTests.StackTest" name="verifyCodeApplicationsPage" time="0.000">
    <skipped/>
  </testcase> <!-- verifyCodeApplicationsPage -->
  <system-out/>
  <testcase classname="dsAlgoTests.StackTest" name="verifyCodeImplementationPage" time="0.000">
    <skipped/>
  </testcase> <!-- verifyCodeImplementationPage -->
  <system-out/>
  <testcase classname="dsAlgoTests.StackTest" name="verifyCodeApplicationsPage" time="0.000">
    <skipped/>
  </testcase> <!-- verifyCodeApplicationsPage -->
  <system-out/>
  <testcase classname="dsAlgoTests.StackTest" name="verifyCodeOperationsInStackPage" time="0.000">
    <skipped/>
  </testcase> <!-- verifyCodeOperationsInStackPage -->
  <system-out/>
  <testcase classname="dsAlgoTests.StackTest" name="verifyCodeOperationsInStackPage" time="0.000">
    <skipped/>
  </testcase> <!-- verifyCodeOperationsInStackPage -->
  <system-out/>
  <testcase classname="dsAlgoTests.StackTest" name="verifyCodeOperationsInStackPage" time="0.000">
    <skipped/>
  </testcase> <!-- verifyCodeOperationsInStackPage -->
  <system-out/>
  <testcase classname="dsAlgoTests.StackTest" name="verifyCodeApplicationsPage" time="0.000">
    <skipped/>
  </testcase> <!-- verifyCodeApplicationsPage -->
  <system-out/>
  <testcase classname="dsAlgoTests.StackTest" name="verifyCodeImplementationPage" time="0.000">
    <skipped/>
  </testcase> <!-- verifyCodeImplementationPage -->
  <system-out/>
  <testcase classname="dsAlgoTests.StackTest" name="verifyCodeApplicationsPage" time="0.000">
    <skipped/>
  </testcase> <!-- verifyCodeApplicationsPage -->
  <system-out/>
  <testcase classname="dsAlgoTests.StackTest" name="verifyCodeApplicationsPage" time="0.000">
    <skipped/>
  </testcase> <!-- verifyCodeApplicationsPage -->
  <system-out/>
  <testcase classname="dsAlgoTests.StackTest" name="verifyCodeOperationsInStackPage" time="0.000">
    <skipped/>
  </testcase> <!-- verifyCodeOperationsInStackPage -->
  <system-out/>
  <testcase classname="dsAlgoTests.StackTest" name="verifyCodeImplementationPage" time="0.000">
    <skipped/>
  </testcase> <!-- verifyCodeImplementationPage -->
  <system-out/>
  <testcase classname="dsAlgoTests.StackTest" name="verifyCodeApplicationsPage" time="0.000">
    <skipped/>
  </testcase> <!-- verifyCodeApplicationsPage -->
  <system-out/>
  <testcase classname="dsAlgoTests.StackTest" name="verifyCodeApplicationsPage" time="0.000">
    <skipped/>
  </testcase> <!-- verifyCodeApplicationsPage -->
  <system-out/>
  <testcase classname="dsAlgoTests.StackTest" name="verifyCodeOperationsInStackPage" time="0.000">
    <skipped/>
  </testcase> <!-- verifyCodeOperationsInStackPage -->
  <system-out/>
  <testcase classname="dsAlgoTests.StackTest" name="verifyCodeImplementationPage" time="0.000">
    <skipped/>
  </testcase> <!-- verifyCodeImplementationPage -->
  <system-out/>
  <testcase classname="dsAlgoTests.StackTest" name="verifyCodeImplementationPage" time="0.000">
    <skipped/>
  </testcase> <!-- verifyCodeImplementationPage -->
  <system-out/>
  <testcase classname="dsAlgoTests.StackTest" name="verifyCodeApplicationsPage" time="0.000">
    <skipped/>
  </testcase> <!-- verifyCodeApplicationsPage -->
  <system-out/>
  <testcase classname="dsAlgoTests.StackTest" name="verifyCodeApplicationsPage" time="0.000">
    <skipped/>
  </testcase> <!-- verifyCodeApplicationsPage -->
  <system-out/>
  <testcase classname="dsAlgoTests.StackTest" name="verifyCodeImplementationPage" time="0.000">
    <skipped/>
  </testcase> <!-- verifyCodeImplementationPage -->
  <system-out/>
  <testcase classname="dsAlgoTests.StackTest" name="verifyCodeApplicationsPage" time="0.000">
    <skipped/>
  </testcase> <!-- verifyCodeApplicationsPage -->
  <system-out/>
  <testcase classname="dsAlgoTests.StackTest" name="verifyCodeImplementationPage" time="0.000">
    <skipped/>
  </testcase> <!-- verifyCodeImplementationPage -->
  <system-out/>
  <testcase classname="dsAlgoTests.StackTest" name="verifyCodeApplicationsPage" time="0.000">
    <skipped/>
  </testcase> <!-- verifyCodeApplicationsPage -->
  <system-out/>
  <testcase classname="dsAlgoTests.StackTest" name="verifyCodeImplementationPage" time="0.000">
    <skipped/>
  </testcase> <!-- verifyCodeImplementationPage -->
  <system-out/>
  <testcase classname="dsAlgoTests.StackTest" name="verifyCodeOperationsInStackPage" time="0.000">
    <skipped/>
  </testcase> <!-- verifyCodeOperationsInStackPage -->
  <system-out/>
  <testcase classname="dsAlgoTests.StackTest" name="verifyCodeImplementationPage" time="0.000">
    <skipped/>
  </testcase> <!-- verifyCodeImplementationPage -->
  <system-out/>
  <testcase classname="dsAlgoTests.StackTest" name="verifyCodeImplementationPage" time="0.000">
    <skipped/>
  </testcase> <!-- verifyCodeImplementationPage -->
  <system-out/>
  <testcase classname="dsAlgoTests.StackTest" name="verifyCodeApplicationsPage" time="0.000">
    <skipped/>
  </testcase> <!-- verifyCodeApplicationsPage -->
  <system-out/>
  <testcase classname="dsAlgoTests.StackTest" name="verifyCodeApplicationsPage" time="0.000">
    <skipped/>
  </testcase> <!-- verifyCodeApplicationsPage -->
  <system-out/>
  <testcase classname="dsAlgoTests.StackTest" name="verifyCodeApplicationsPage" time="0.000">
    <skipped/>
  </testcase> <!-- verifyCodeApplicationsPage -->
  <system-out/>
  <testcase classname="dsAlgoTests.StackTest" name="verifyCodeOperationsInStackPage" time="0.000">
    <skipped/>
  </testcase> <!-- verifyCodeOperationsInStackPage -->
  <system-out/>
  <testcase classname="dsAlgoTests.StackTest" name="verifyCodeImplementationPage" time="0.000">
    <skipped/>
  </testcase> <!-- verifyCodeImplementationPage -->
  <system-out/>
  <testcase classname="dsAlgoTests.StackTest" name="verifyCodeApplicationsPage" time="0.000">
    <skipped/>
  </testcase> <!-- verifyCodeApplicationsPage -->
  <system-out/>
  <testcase classname="dsAlgoTests.StackTest" name="verifyCodeApplicationsPage" time="0.000">
    <skipped/>
  </testcase> <!-- verifyCodeApplicationsPage -->
  <system-out/>
  <testcase classname="dsAlgoTests.StackTest" name="verifyCodeApplicationsPage" time="0.000">
    <skipped/>
  </testcase> <!-- verifyCodeApplicationsPage -->
  <system-out/>
  <testcase classname="dsAlgoTests.StackTest" name="verifyCodeOperationsInStackPage" time="0.000">
    <skipped/>
  </testcase> <!-- verifyCodeOperationsInStackPage -->
  <system-out/>
  <testcase classname="dsAlgoTests.StackTest" name="verifyCodeOperationsInStackPage" time="0.000">
    <skipped/>
  </testcase> <!-- verifyCodeOperationsInStackPage -->
  <system-out/>
  <testcase classname="dsAlgoTests.StackTest" name="verifyCodeOperationsInStackPage" time="0.000">
    <skipped/>
  </testcase> <!-- verifyCodeOperationsInStackPage -->
  <system-out/>
  <testcase classname="dsAlgoTests.StackTest" name="verifyCodeImplementationPage" time="0.000">
    <skipped/>
  </testcase> <!-- verifyCodeImplementationPage -->
  <system-out/>
  <testcase classname="dsAlgoTests.StackTest" name="verifyCodeOperationsInStackPage" time="0.000">
    <skipped/>
  </testcase> <!-- verifyCodeOperationsInStackPage -->
  <system-out/>
  <testcase classname="dsAlgoTests.StackTest" name="verifyCodeApplicationsPage" time="0.000">
    <skipped/>
  </testcase> <!-- verifyCodeApplicationsPage -->
  <system-out/>
  <testcase classname="dsAlgoTests.StackTest" name="verifyCodeImplementationPage" time="0.000">
    <skipped/>
  </testcase> <!-- verifyCodeImplementationPage -->
  <system-out/>
  <testcase classname="dsAlgoTests.StackTest" name="verifyCodeImplementationPage" time="0.000">
    <skipped/>
  </testcase> <!-- verifyCodeImplementationPage -->
  <system-out/>
  <testcase classname="dsAlgoTests.StackTest" name="verifyCodeImplementationPage" time="0.000">
    <skipped/>
  </testcase> <!-- verifyCodeImplementationPage -->
  <system-out/>
  <testcase classname="dsAlgoTests.StackTest" name="verifyCodeOperationsInStackPage" time="0.000">
    <skipped/>
  </testcase> <!-- verifyCodeOperationsInStackPage -->
  <system-out/>
  <testcase classname="dsAlgoTests.StackTest" name="verifyCodeOperationsInStackPage" time="0.000">
    <skipped/>
  </testcase> <!-- verifyCodeOperationsInStackPage -->
  <system-out/>
  <testcase classname="dsAlgoTests.StackTest" name="verifyCodeApplicationsPage" time="0.000">
    <skipped/>
  </testcase> <!-- verifyCodeApplicationsPage -->
  <system-out/>
  <testcase classname="dsAlgoTests.StackTest" name="verifyCodeApplicationsPage" time="0.000">
    <skipped/>
  </testcase> <!-- verifyCodeApplicationsPage -->
  <system-out/>
  <testcase classname="dsAlgoTests.StackTest" name="verifyCodeOperationsInStackPage" time="0.000">
    <skipped/>
  </testcase> <!-- verifyCodeOperationsInStackPage -->
  <system-out/>
  <testcase classname="dsAlgoTests.StackTest" name="verifyCodeOperationsInStackPage" time="0.000">
    <skipped/>
  </testcase> <!-- verifyCodeOperationsInStackPage -->
  <system-out/>
  <testcase classname="dsAlgoTests.StackTest" name="verifyCodeImplementationPage" time="0.000">
    <skipped/>
  </testcase> <!-- verifyCodeImplementationPage -->
  <system-out/>
  <testcase classname="dsAlgoTests.StackTest" name="verifyCodeOperationsInStackPage" time="0.000">
    <skipped/>
  </testcase> <!-- verifyCodeOperationsInStackPage -->
  <system-out/>
  <testcase classname="dsAlgoTests.StackTest" name="verifyCodeOperationsInStackPage" time="0.000">
    <skipped/>
  </testcase> <!-- verifyCodeOperationsInStackPage -->
  <system-out/>
  <testcase classname="dsAlgoTests.StackTest" name="verifyCodeImplementationPage" time="0.000">
    <skipped/>
  </testcase> <!-- verifyCodeImplementationPage -->
  <system-out/>
  <testcase classname="dsAlgoTests.StackTest" name="verifyCodeImplementationPage" time="0.000">
    <skipped/>
  </testcase> <!-- verifyCodeImplementationPage -->
  <system-out/>
  <testcase classname="dsAlgoTests.StackTest" name="verifyCodeImplementationPage" time="0.000">
    <skipped/>
  </testcase> <!-- verifyCodeImplementationPage -->
  <system-out/>
  <testcase classname="dsAlgoTests.StackTest" name="verifyCodeImplementationPage" time="0.000">
    <skipped/>
  </testcase> <!-- verifyCodeImplementationPage -->
  <system-out/>
  <testcase classname="dsAlgoTests.StackTest" name="verifyCodeApplicationsPage" time="0.000">
    <skipped/>
  </testcase> <!-- verifyCodeApplicationsPage -->
  <system-out/>
  <testcase classname="dsAlgoTests.StackTest" name="verifyCodeImplementationPage" time="0.000">
    <skipped/>
  </testcase> <!-- verifyCodeImplementationPage -->
  <system-out/>
  <testcase classname="dsAlgoTests.StackTest" name="verifyCodeApplicationsPage" time="0.000">
    <skipped/>
  </testcase> <!-- verifyCodeApplicationsPage -->
  <system-out/>
  <testcase classname="dsAlgoTests.StackTest" name="verifyCodeApplicationsPage" time="0.000">
    <skipped/>
  </testcase> <!-- verifyCodeApplicationsPage -->
  <system-out/>
  <testcase classname="dsAlgoTests.StackTest" name="verifyCodeApplicationsPage" time="0.000">
    <skipped/>
  </testcase> <!-- verifyCodeApplicationsPage -->
  <system-out/>
  <testcase classname="dsAlgoTests.StackTest" name="verifyCodeImplementationPage" time="0.000">
    <skipped/>
  </testcase> <!-- verifyCodeImplementationPage -->
  <system-out/>
  <testcase classname="dsAlgoTests.StackTest" name="verifyCodeImplementationPage" time="0.000">
    <skipped/>
  </testcase> <!-- verifyCodeImplementationPage -->
  <system-out/>
  <testcase classname="dsAlgoTests.StackTest" name="verifyCodeImplementationPage" time="0.000">
    <skipped/>
  </testcase> <!-- verifyCodeImplementationPage -->
  <system-out/>
  <testcase classname="dsAlgoTests.StackTest" name="verifyCodeApplicationsPage" time="0.000">
    <skipped/>
  </testcase> <!-- verifyCodeApplicationsPage -->
  <system-out/>
  <testcase classname="dsAlgoTests.StackTest" name="verifyCodeImplementationPage" time="0.000">
    <skipped/>
  </testcase> <!-- verifyCodeImplementationPage -->
  <system-out/>
  <testcase classname="dsAlgoTests.StackTest" name="verifyCodeImplementationPage" time="0.000">
    <skipped/>
  </testcase> <!-- verifyCodeImplementationPage -->
  <system-out/>
  <testcase classname="dsAlgoTests.StackTest" name="verifyCodeImplementationPage" time="0.000">
    <skipped/>
  </testcase> <!-- verifyCodeImplementationPage -->
  <system-out/>
  <testcase classname="dsAlgoTests.StackTest" name="verifyCodeOperationsInStackPage" time="0.000">
    <skipped/>
  </testcase> <!-- verifyCodeOperationsInStackPage -->
  <system-out/>
  <testcase classname="dsAlgoTests.StackTest" name="verifyCodeOperationsInStackPage" time="0.000">
    <skipped/>
  </testcase> <!-- verifyCodeOperationsInStackPage -->
  <system-out/>
  <testcase classname="dsAlgoTests.StackTest" name="verifyCodeOperationsInStackPage" time="0.000">
    <skipped/>
  </testcase> <!-- verifyCodeOperationsInStackPage -->
  <system-out/>
  <testcase classname="dsAlgoTests.StackTest" name="verifyCodeOperationsInStackPage" time="0.000">
    <skipped/>
  </testcase> <!-- verifyCodeOperationsInStackPage -->
  <system-out/>
  <testcase classname="dsAlgoTests.StackTest" name="verifyCodeOperationsInStackPage" time="0.000">
    <skipped/>
  </testcase> <!-- verifyCodeOperationsInStackPage -->
  <system-out/>
  <testcase classname="dsAlgoTests.StackTest" name="verifyCodeImplementationPage" time="0.000">
    <skipped/>
  </testcase> <!-- verifyCodeImplementationPage -->
  <system-out/>
  <testcase classname="dsAlgoTests.StackTest" name="verifyCodeApplicationsPage" time="0.000">
    <skipped/>
  </testcase> <!-- verifyCodeApplicationsPage -->
  <system-out/>
  <testcase classname="dsAlgoTests.StackTest" name="verifyCodeApplicationsPage" time="0.000">
    <skipped/>
  </testcase> <!-- verifyCodeApplicationsPage -->
  <system-out/>
  <testcase classname="dsAlgoTests.StackTest" name="verifyCodeImplementationPage" time="0.000">
    <skipped/>
  </testcase> <!-- verifyCodeImplementationPage -->
  <system-out/>
  <testcase classname="dsAlgoTests.StackTest" name="verifyCodeOperationsInStackPage" time="0.000">
    <skipped/>
  </testcase> <!-- verifyCodeOperationsInStackPage -->
  <system-out/>
  <testcase classname="dsAlgoTests.StackTest" name="verifyCodeApplicationsPage" time="0.000">
    <skipped/>
  </testcase> <!-- verifyCodeApplicationsPage -->
  <system-out/>
  <testcase classname="dsAlgoTests.StackTest" name="verifyCodeOperationsInStackPage" time="0.000">
    <skipped/>
  </testcase> <!-- verifyCodeOperationsInStackPage -->
  <system-out/>
  <testcase classname="dsAlgoTests.StackTest" name="verifyCodeApplicationsPage" time="0.000">
    <skipped/>
  </testcase> <!-- verifyCodeApplicationsPage -->
  <system-out/>
  <testcase classname="dsAlgoTests.StackTest" name="verifyCodeOperationsInStackPage" time="0.000">
    <skipped/>
  </testcase> <!-- verifyCodeOperationsInStackPage -->
  <system-out/>
  <testcase classname="dsAlgoTests.StackTest" name="verifyCodeImplementationPage" time="0.000">
    <skipped/>
  </testcase> <!-- verifyCodeImplementationPage -->
  <system-out/>
  <testcase classname="dsAlgoTests.StackTest" name="verifyCodeOperationsInStackPage" time="0.000">
    <skipped/>
  </testcase> <!-- verifyCodeOperationsInStackPage -->
  <system-out/>
  <testcase classname="dsAlgoTests.StackTest" name="verifyCodeApplicationsPage" time="0.000">
    <skipped/>
  </testcase> <!-- verifyCodeApplicationsPage -->
  <system-out/>
  <testcase classname="dsAlgoTests.StackTest" name="verifyCodeApplicationsPage" time="0.000">
    <skipped/>
  </testcase> <!-- verifyCodeApplicationsPage -->
  <system-out/>
  <testcase classname="dsAlgoTests.StackTest" name="verifyCodeOperationsInStackPage" time="0.000">
    <skipped/>
  </testcase> <!-- verifyCodeOperationsInStackPage -->
  <system-out/>
  <testcase classname="dsAlgoTests.StackTest" name="verifyCodeApplicationsPage" time="0.000">
    <skipped/>
  </testcase> <!-- verifyCodeApplicationsPage -->
  <system-out/>
  <testcase classname="dsAlgoTests.StackTest" name="verifyCodeImplementationPage" time="0.000">
    <skipped/>
  </testcase> <!-- verifyCodeImplementationPage -->
  <system-out/>
  <testcase classname="dsAlgoTests.StackTest" name="verifyCodeApplicationsPage" time="0.000">
    <skipped/>
  </testcase> <!-- verifyCodeApplicationsPage -->
  <system-out/>
  <testcase classname="dsAlgoTests.StackTest" name="verifyCodeImplementationPage" time="0.000">
    <skipped/>
  </testcase> <!-- verifyCodeImplementationPage -->
  <system-out/>
  <testcase classname="dsAlgoTests.StackTest" name="verifyCodeOperationsInStackPage" time="0.000">
    <skipped/>
  </testcase> <!-- verifyCodeOperationsInStackPage -->
  <system-out/>
  <testcase classname="dsAlgoTests.StackTest" name="verifyCodeOperationsInStackPage" time="0.000">
    <skipped/>
  </testcase> <!-- verifyCodeOperationsInStackPage -->
  <system-out/>
  <testcase classname="dsAlgoTests.StackTest" name="verifyCodeApplicationsPage" time="0.000">
    <skipped/>
  </testcase> <!-- verifyCodeApplicationsPage -->
  <system-out/>
  <testcase classname="dsAlgoTests.StackTest" name="verifyCodeOperationsInStackPage" time="0.000">
    <skipped/>
  </testcase> <!-- verifyCodeOperationsInStackPage -->
  <system-out/>
  <testcase classname="dsAlgoTests.StackTest" name="verifyCodeApplicationsPage" time="0.000">
    <skipped/>
  </testcase> <!-- verifyCodeApplicationsPage -->
  <system-out/>
  <testcase classname="dsAlgoTests.StackTest" name="verifyCodeImplementationPage" time="0.000">
    <skipped/>
  </testcase> <!-- verifyCodeImplementationPage -->
  <system-out/>
  <testcase classname="dsAlgoTests.StackTest" name="verifyCodeOperationsInStackPage" time="0.000">
    <skipped/>
  </testcase> <!-- verifyCodeOperationsInStackPage -->
  <system-out/>
  <testcase classname="dsAlgoTests.StackTest" name="verifyCodeApplicationsPage" time="0.000">
    <skipped/>
  </testcase> <!-- verifyCodeApplicationsPage -->
  <system-out/>
  <testcase classname="dsAlgoTests.StackTest" name="verifyCodeOperationsInStackPage" time="0.000">
    <skipped/>
  </testcase> <!-- verifyCodeOperationsInStackPage -->
  <system-out/>
  <testcase classname="dsAlgoTests.StackTest" name="verifyCodeOperationsInStackPage" time="0.000">
    <skipped/>
  </testcase> <!-- verifyCodeOperationsInStackPage -->
  <system-out/>
  <testcase classname="dsAlgoTests.StackTest" name="verifyCodeImplementationPage" time="0.000">
    <skipped/>
  </testcase> <!-- verifyCodeImplementationPage -->
  <system-out/>
  <testcase classname="dsAlgoTests.StackTest" name="verifyCodeOperationsInStackPage" time="0.000">
    <skipped/>
  </testcase> <!-- verifyCodeOperationsInStackPage -->
  <system-out/>
  <testcase classname="dsAlgoTests.StackTest" name="verifyCodeApplicationsPage" time="0.000">
    <skipped/>
  </testcase> <!-- verifyCodeApplicationsPage -->
  <system-out/>
  <testcase classname="dsAlgoTests.StackTest" name="verifyCodeOperationsInStackPage" time="0.000">
    <skipped/>
  </testcase> <!-- verifyCodeOperationsInStackPage -->
  <system-out/>
  <testcase classname="dsAlgoTests.StackTest" name="verifyCodeApplicationsPage" time="0.000">
    <skipped/>
  </testcase> <!-- verifyCodeApplicationsPage -->
  <system-out/>
  <testcase classname="dsAlgoTests.StackTest" name="verifyCodeImplementationPage" time="0.000">
    <skipped/>
  </testcase> <!-- verifyCodeImplementationPage -->
  <system-out/>
  <testcase classname="dsAlgoTests.StackTest" name="verifyCodeOperationsInStackPage" time="0.000">
    <skipped/>
  </testcase> <!-- verifyCodeOperationsInStackPage -->
  <system-out/>
  <testcase classname="dsAlgoTests.StackTest" name="verifyCodeApplicationsPage" time="0.000">
    <skipped/>
  </testcase> <!-- verifyCodeApplicationsPage -->
  <system-out/>
  <testcase classname="dsAlgoTests.StackTest" name="verifyCodeImplementationPage" time="0.000">
    <skipped/>
  </testcase> <!-- verifyCodeImplementationPage -->
  <system-out/>
  <testcase classname="dsAlgoTests.StackTest" name="verifyCodeImplementationPage" time="0.000">
    <skipped/>
  </testcase> <!-- verifyCodeImplementationPage -->
  <system-out/>
  <testcase classname="dsAlgoTests.StackTest" name="verifyCodeImplementationPage" time="0.000">
    <skipped/>
  </testcase> <!-- verifyCodeImplementationPage -->
  <system-out/>
  <testcase classname="dsAlgoTests.StackTest" name="verifyCodeApplicationsPage" time="0.000">
    <skipped/>
  </testcase> <!-- verifyCodeApplicationsPage -->
  <system-out/>
  <testcase classname="dsAlgoTests.StackTest" name="verifyCodeApplicationsPage" time="0.000">
    <skipped/>
  </testcase> <!-- verifyCodeApplicationsPage -->
  <system-out/>
  <testcase classname="dsAlgoTests.StackTest" name="verifyCodeImplementationPage" time="0.000">
    <skipped/>
  </testcase> <!-- verifyCodeImplementationPage -->
  <system-out/>
  <testcase classname="dsAlgoTests.StackTest" name="verifyCodeOperationsInStackPage" time="0.000">
    <skipped/>
  </testcase> <!-- verifyCodeOperationsInStackPage -->
  <system-out/>
  <testcase classname="dsAlgoTests.StackTest" name="verifyCodeOperationsInStackPage" time="0.000">
    <skipped/>
  </testcase> <!-- verifyCodeOperationsInStackPage -->
  <system-out/>
  <testcase classname="dsAlgoTests.StackTest" name="verifyCodeImplementationPage" time="0.000">
    <skipped/>
  </testcase> <!-- verifyCodeImplementationPage -->
  <system-out/>
  <testcase classname="dsAlgoTests.StackTest" name="verifyCodeOperationsInStackPage" time="0.000">
    <skipped/>
  </testcase> <!-- verifyCodeOperationsInStackPage -->
  <system-out/>
  <testcase classname="dsAlgoTests.StackTest" name="verifyCodeApplicationsPage" time="0.000">
    <skipped/>
  </testcase> <!-- verifyCodeApplicationsPage -->
  <system-out/>
  <testcase classname="dsAlgoTests.StackTest" name="verifyCodeApplicationsPage" time="0.000">
    <skipped/>
  </testcase> <!-- verifyCodeApplicationsPage -->
  <system-out/>
  <testcase classname="dsAlgoTests.StackTest" name="verifyCodeOperationsInStackPage" time="0.000">
    <skipped/>
  </testcase> <!-- verifyCodeOperationsInStackPage -->
  <system-out/>
  <testcase classname="dsAlgoTests.StackTest" name="verifyCodeImplementationPage" time="0.000">
    <skipped/>
  </testcase> <!-- verifyCodeImplementationPage -->
  <system-out/>
  <testcase classname="dsAlgoTests.StackTest" name="verifyCodeOperationsInStackPage" time="0.000">
    <skipped/>
  </testcase> <!-- verifyCodeOperationsInStackPage -->
  <system-out/>
  <testcase classname="dsAlgoTests.StackTest" name="verifyCodeImplementationPage" time="0.000">
    <skipped/>
  </testcase> <!-- verifyCodeImplementationPage -->
  <system-out/>
  <testcase classname="dsAlgoTests.StackTest" name="verifyCodeApplicationsPage" time="0.000">
    <skipped/>
  </testcase> <!-- verifyCodeApplicationsPage -->
  <system-out/>
  <testcase classname="dsAlgoTests.StackTest" name="verifyCodeOperationsInStackPage" time="0.000">
    <skipped/>
  </testcase> <!-- verifyCodeOperationsInStackPage -->
  <system-out/>
  <testcase classname="dsAlgoTests.StackTest" name="verifyCodeApplicationsPage" time="0.000">
    <skipped/>
  </testcase> <!-- verifyCodeApplicationsPage -->
  <system-out/>
  <testcase classname="dsAlgoTests.StackTest" name="verifyCodeImplementationPage" time="0.000">
    <skipped/>
  </testcase> <!-- verifyCodeImplementationPage -->
  <system-out/>
  <testcase classname="dsAlgoTests.StackTest" name="verifyCodeOperationsInStackPage" time="0.000">
    <skipped/>
  </testcase> <!-- verifyCodeOperationsInStackPage -->
  <system-out/>
  <testcase classname="dsAlgoTests.StackTest" name="verifyCodeApplicationsPage" time="0.000">
    <skipped/>
  </testcase> <!-- verifyCodeApplicationsPage -->
  <system-out/>
  <testcase classname="dsAlgoTests.StackTest" name="verifyCodeOperationsInStackPage" time="0.000">
    <skipped/>
  </testcase> <!-- verifyCodeOperationsInStackPage -->
  <system-out/>
  <testcase classname="dsAlgoTests.StackTest" name="verifyCodeImplementationPage" time="0.000">
    <skipped/>
  </testcase> <!-- verifyCodeImplementationPage -->
  <system-out/>
  <testcase classname="dsAlgoTests.StackTest" name="verifyCodeApplicationsPage" time="0.000">
    <skipped/>
  </testcase> <!-- verifyCodeApplicationsPage -->
  <system-out/>
  <testcase classname="dsAlgoTests.StackTest" name="verifyCodeApplicationsPage" time="0.000">
    <skipped/>
  </testcase> <!-- verifyCodeApplicationsPage -->
  <system-out/>
  <testcase classname="dsAlgoTests.StackTest" name="verifyCodeApplicationsPage" time="0.000">
    <skipped/>
  </testcase> <!-- verifyCodeApplicationsPage -->
  <system-out/>
  <testcase classname="dsAlgoTests.StackTest" name="verifyCodeImplementationPage" time="0.000">
    <skipped/>
  </testcase> <!-- verifyCodeImplementationPage -->
  <system-out/>
  <testcase classname="dsAlgoTests.StackTest" name="verifyCodeImplementationPage" time="0.000">
    <skipped/>
  </testcase> <!-- verifyCodeImplementationPage -->
  <system-out/>
  <testcase classname="dsAlgoTests.StackTest" name="verifyCodeApplicationsPage" time="0.000">
    <skipped/>
  </testcase> <!-- verifyCodeApplicationsPage -->
  <system-out/>
  <testcase classname="dsAlgoTests.StackTest" name="verifyCodeOperationsInStackPage" time="0.000">
    <skipped/>
  </testcase> <!-- verifyCodeOperationsInStackPage -->
  <system-out/>
  <testcase classname="dsAlgoTests.StackTest" name="verifyCodeImplementationPage" time="0.000">
    <skipped/>
  </testcase> <!-- verifyCodeImplementationPage -->
  <system-out/>
  <testcase classname="dsAlgoTests.StackTest" name="verifyCodeApplicationsPage" time="0.000">
    <skipped/>
  </testcase> <!-- verifyCodeApplicationsPage -->
  <system-out/>
  <testcase classname="dsAlgoTests.StackTest" name="verifyCodeOperationsInStackPage" time="0.000">
    <skipped/>
  </testcase> <!-- verifyCodeOperationsInStackPage -->
  <system-out/>
  <testcase classname="dsAlgoTests.StackTest" name="verifyCodeImplementationPage" time="0.000">
    <skipped/>
  </testcase> <!-- verifyCodeImplementationPage -->
  <system-out/>
  <testcase classname="dsAlgoTests.StackTest" name="verifyCodeImplementationPage" time="0.000">
    <skipped/>
  </testcase> <!-- verifyCodeImplementationPage -->
  <system-out/>
  <testcase classname="dsAlgoTests.StackTest" name="verifyCodeApplicationsPage" time="0.000">
    <skipped/>
  </testcase> <!-- verifyCodeApplicationsPage -->
  <system-out/>
  <testcase classname="dsAlgoTests.StackTest" name="verifyCodeImplementationPage" time="0.000">
    <skipped/>
  </testcase> <!-- verifyCodeImplementationPage -->
  <system-out/>
  <testcase classname="dsAlgoTests.StackTest" name="verifyCodeImplementationPage" time="0.000">
    <skipped/>
  </testcase> <!-- verifyCodeImplementationPage -->
  <system-out/>
  <testcase classname="dsAlgoTests.StackTest" name="verifyCodeOperationsInStackPage" time="0.000">
    <skipped/>
  </testcase> <!-- verifyCodeOperationsInStackPage -->
  <system-out/>
  <testcase classname="dsAlgoTests.StackTest" name="verifyCodeOperationsInStackPage" time="0.000">
    <skipped/>
  </testcase> <!-- verifyCodeOperationsInStackPage -->
  <system-out/>
  <testcase classname="dsAlgoTests.StackTest" name="verifyCodeApplicationsPage" time="0.000">
    <skipped/>
  </testcase> <!-- verifyCodeApplicationsPage -->
  <system-out/>
  <testcase classname="dsAlgoTests.StackTest" name="verifyCodeOperationsInStackPage" time="0.000">
    <skipped/>
  </testcase> <!-- verifyCodeOperationsInStackPage -->
  <system-out/>
  <testcase classname="dsAlgoTests.StackTest" name="verifyCodeApplicationsPage" time="0.000">
    <skipped/>
  </testcase> <!-- verifyCodeApplicationsPage -->
  <system-out/>
  <testcase classname="dsAlgoTests.StackTest" name="verifyCodeApplicationsPage" time="0.000">
    <skipped/>
  </testcase> <!-- verifyCodeApplicationsPage -->
  <system-out/>
  <testcase classname="dsAlgoTests.StackTest" name="verifyCodeApplicationsPage" time="0.000">
    <skipped/>
  </testcase> <!-- verifyCodeApplicationsPage -->
  <system-out/>
  <testcase classname="dsAlgoTests.StackTest" name="verifyCodeApplicationsPage" time="0.000">
    <skipped/>
  </testcase> <!-- verifyCodeApplicationsPage -->
  <system-out/>
  <testcase classname="dsAlgoTests.StackTest" name="verifyCodeImplementationPage" time="0.000">
    <skipped/>
  </testcase> <!-- verifyCodeImplementationPage -->
  <system-out/>
  <testcase classname="dsAlgoTests.StackTest" name="verifyCodeApplicationsPage" time="0.000">
    <skipped/>
  </testcase> <!-- verifyCodeApplicationsPage -->
  <system-out/>
  <testcase classname="dsAlgoTests.StackTest" name="verifyCodeApplicationsPage" time="0.000">
    <skipped/>
  </testcase> <!-- verifyCodeApplicationsPage -->
  <system-out/>
  <testcase classname="dsAlgoTests.StackTest" name="verifyCodeImplementationPage" time="0.000">
    <skipped/>
  </testcase> <!-- verifyCodeImplementationPage -->
  <system-out/>
  <testcase classname="dsAlgoTests.StackTest" name="verifyCodeOperationsInStackPage" time="0.000">
    <skipped/>
  </testcase> <!-- verifyCodeOperationsInStackPage -->
  <system-out/>
  <testcase classname="dsAlgoTests.StackTest" name="verifyCodeImplementationPage" time="0.000">
    <skipped/>
  </testcase> <!-- verifyCodeImplementationPage -->
  <system-out/>
  <testcase classname="dsAlgoTests.StackTest" name="verifyCodeImplementationPage" time="0.000">
    <skipped/>
  </testcase> <!-- verifyCodeImplementationPage -->
  <system-out/>
  <testcase classname="dsAlgoTests.StackTest" name="verifyCodeOperationsInStackPage" time="0.000">
    <skipped/>
  </testcase> <!-- verifyCodeOperationsInStackPage -->
  <system-out/>
  <testcase classname="dsAlgoTests.StackTest" name="verifyCodeOperationsInStackPage" time="0.000">
    <skipped/>
  </testcase> <!-- verifyCodeOperationsInStackPage -->
  <system-out/>
  <testcase classname="dsAlgoTests.StackTest" name="verifyCodeImplementationPage" time="0.000">
    <skipped/>
  </testcase> <!-- verifyCodeImplementationPage -->
  <system-out/>
  <testcase classname="dsAlgoTests.StackTest" name="verifyCodeOperationsInStackPage" time="0.000">
    <skipped/>
  </testcase> <!-- verifyCodeOperationsInStackPage -->
  <system-out/>
  <testcase classname="dsAlgoTests.StackTest" name="verifyCodeApplicationsPage" time="0.000">
    <skipped/>
  </testcase> <!-- verifyCodeApplicationsPage -->
  <system-out/>
  <testcase classname="dsAlgoTests.StackTest" name="verifyCodeOperationsInStackPage" time="0.000">
    <skipped/>
  </testcase> <!-- verifyCodeOperationsInStackPage -->
  <system-out/>
  <testcase classname="dsAlgoTests.StackTest" name="verifyCodeImplementationPage" time="0.000">
    <skipped/>
  </testcase> <!-- verifyCodeImplementationPage -->
  <system-out/>
  <testcase classname="dsAlgoTests.StackTest" name="verifyCodeApplicationsPage" time="0.000">
    <skipped/>
  </testcase> <!-- verifyCodeApplicationsPage -->
  <system-out/>
  <testcase classname="dsAlgoTests.StackTest" name="verifyCodeOperationsInStackPage" time="0.000">
    <skipped/>
  </testcase> <!-- verifyCodeOperationsInStackPage -->
  <system-out/>
  <testcase classname="dsAlgoTests.StackTest" name="verifyCodeImplementationPage" time="0.000">
    <skipped/>
  </testcase> <!-- verifyCodeImplementationPage -->
  <system-out/>
  <testcase classname="dsAlgoTests.StackTest" name="verifyCodeImplementationPage" time="0.000">
    <skipped/>
  </testcase> <!-- verifyCodeImplementationPage -->
  <system-out/>
  <testcase classname="dsAlgoTests.StackTest" name="verifyCodeOperationsInStackPage" time="0.000">
    <skipped/>
  </testcase> <!-- verifyCodeOperationsInStackPage -->
  <system-out/>
  <testcase classname="dsAlgoTests.StackTest" name="verifyCodeApplicationsPage" time="0.000">
    <skipped/>
  </testcase> <!-- verifyCodeApplicationsPage -->
  <system-out/>
  <testcase classname="dsAlgoTests.StackTest" name="navigatetoImplementationtryeditor" time="0.000">
    <skipped/>
  </testcase> <!-- navigatetoImplementationtryeditor -->
  <system-out/>
  <testcase classname="dsAlgoTests.StackTest" name="verifyCodeOperationsInStackPage" time="0.000">
    <skipped/>
  </testcase> <!-- verifyCodeOperationsInStackPage -->
  <system-out/>
  <testcase classname="dsAlgoTests.StackTest" name="verifyCodeApplicationsPage" time="0.000">
    <skipped/>
  </testcase> <!-- verifyCodeApplicationsPage -->
  <system-out/>
  <testcase classname="dsAlgoTests.StackTest" name="verifyCodeApplicationsPage" time="0.000">
    <skipped/>
  </testcase> <!-- verifyCodeApplicationsPage -->
  <system-out/>
  <testcase classname="dsAlgoTests.StackTest" name="verifyCodeApplicationsPage" time="0.000">
    <skipped/>
  </testcase> <!-- verifyCodeApplicationsPage -->
  <system-out/>
  <testcase classname="dsAlgoTests.StackTest" name="verifyCodeOperationsInStackPage" time="0.000">
    <skipped/>
  </testcase> <!-- verifyCodeOperationsInStackPage -->
  <system-out/>
  <testcase classname="dsAlgoTests.StackTest" name="verifyCodeOperationsInStackPage" time="0.000">
    <skipped/>
  </testcase> <!-- verifyCodeOperationsInStackPage -->
  <system-out/>
  <testcase classname="dsAlgoTests.StackTest" name="verifyCodeApplicationsPage" time="0.000">
    <skipped/>
  </testcase> <!-- verifyCodeApplicationsPage -->
  <system-out/>
  <testcase classname="dsAlgoTests.StackTest" name="verifyCodeOperationsInStackPage" time="0.000">
    <skipped/>
  </testcase> <!-- verifyCodeOperationsInStackPage -->
  <system-out/>
  <testcase classname="dsAlgoTests.StackTest" name="verifyCodeOperationsInStackPage" time="0.000">
    <skipped/>
  </testcase> <!-- verifyCodeOperationsInStackPage -->
  <system-out/>
  <testcase classname="dsAlgoTests.StackTest" name="verifyCodeApplicationsPage" time="0.000">
    <skipped/>
  </testcase> <!-- verifyCodeApplicationsPage -->
  <system-out/>
  <testcase classname="dsAlgoTests.StackTest" name="verifyCodeImplementationPage" time="0.000">
    <skipped/>
  </testcase> <!-- verifyCodeImplementationPage -->
  <system-out/>
  <testcase classname="dsAlgoTests.StackTest" name="verifyCodeImplementationPage" time="0.000">
    <skipped/>
  </testcase> <!-- verifyCodeImplementationPage -->
  <system-out/>
  <testcase classname="dsAlgoTests.StackTest" name="verifyCodeImplementationPage" time="0.000">
    <skipped/>
  </testcase> <!-- verifyCodeImplementationPage -->
  <system-out/>
  <testcase classname="dsAlgoTests.StackTest" name="verifyCodeApplicationsPage" time="0.000">
    <skipped/>
  </testcase> <!-- verifyCodeApplicationsPage -->
  <system-out/>
  <testcase classname="dsAlgoTests.StackTest" name="verifyCodeOperationsInStackPage" time="0.000">
    <skipped/>
  </testcase> <!-- verifyCodeOperationsInStackPage -->
  <system-out/>
  <testcase classname="dsAlgoTests.StackTest" name="verifyCodeOperationsInStackPage" time="0.000">
    <skipped/>
  </testcase> <!-- verifyCodeOperationsInStackPage -->
  <system-out/>
  <testcase classname="dsAlgoTests.StackTest" name="verifyCodeOperationsInStackPage" time="0.000">
    <skipped/>
  </testcase> <!-- verifyCodeOperationsInStackPage -->
  <system-out/>
  <testcase classname="dsAlgoTests.StackTest" name="verifyCodeApplicationsPage" time="0.000">
    <skipped/>
  </testcase> <!-- verifyCodeApplicationsPage -->
  <system-out/>
  <testcase classname="dsAlgoTests.StackTest" name="verifyCodeApplicationsPage" time="0.000">
    <skipped/>
  </testcase> <!-- verifyCodeApplicationsPage -->
  <system-out/>
  <testcase classname="dsAlgoTests.StackTest" name="verifyCodeApplicationsPage" time="0.000">
    <skipped/>
  </testcase> <!-- verifyCodeApplicationsPage -->
  <system-out/>
  <testcase classname="dsAlgoTests.StackTest" name="verifyCodeApplicationsPage" time="0.000">
    <skipped/>
  </testcase> <!-- verifyCodeApplicationsPage -->
  <system-out/>
  <testcase classname="dsAlgoTests.StackTest" name="verifyCodeApplicationsPage" time="0.000">
    <skipped/>
  </testcase> <!-- verifyCodeApplicationsPage -->
  <system-out/>
  <testcase classname="dsAlgoTests.StackTest" name="verifyCodeOperationsInStackPage" time="0.000">
    <skipped/>
  </testcase> <!-- verifyCodeOperationsInStackPage -->
  <system-out/>
  <testcase classname="dsAlgoTests.StackTest" name="verifyCodeApplicationsPage" time="0.000">
    <skipped/>
  </testcase> <!-- verifyCodeApplicationsPage -->
  <system-out/>
  <testcase classname="dsAlgoTests.StackTest" name="verifyCodeOperationsInStackPage" time="0.000">
    <skipped/>
  </testcase> <!-- verifyCodeOperationsInStackPage -->
  <system-out/>
  <testcase classname="dsAlgoTests.StackTest" name="verifyCodeOperationsInStackPage" time="0.000">
    <skipped/>
  </testcase> <!-- verifyCodeOperationsInStackPage -->
  <system-out/>
  <testcase classname="dsAlgoTests.StackTest" name="verifyCodeOperationsInStackPage" time="0.000">
    <skipped/>
  </testcase> <!-- verifyCodeOperationsInStackPage -->
  <system-out/>
  <testcase classname="dsAlgoTests.StackTest" name="verifyCodeApplicationsPage" time="0.000">
    <skipped/>
  </testcase> <!-- verifyCodeApplicationsPage -->
  <system-out/>
  <testcase classname="dsAlgoTests.StackTest" name="verifyCodeOperationsInStackPage" time="0.000">
    <skipped/>
  </testcase> <!-- verifyCodeOperationsInStackPage -->
  <system-out/>
  <testcase classname="dsAlgoTests.StackTest" name="verifyCodeImplementationPage" time="0.000">
    <skipped/>
  </testcase> <!-- verifyCodeImplementationPage -->
  <system-out/>
  <testcase classname="dsAlgoTests.StackTest" name="verifyCodeOperationsInStackPage" time="0.000">
    <skipped/>
  </testcase> <!-- verifyCodeOperationsInStackPage -->
  <system-out/>
  <testcase classname="dsAlgoTests.StackTest" name="verifyCodeOperationsInStackPage" time="0.000">
    <skipped/>
  </testcase> <!-- verifyCodeOperationsInStackPage -->
  <system-out/>
  <testcase classname="dsAlgoTests.StackTest" name="verifyCodeApplicationsPage" time="0.000">
    <skipped/>
  </testcase> <!-- verifyCodeApplicationsPage -->
  <system-out/>
  <testcase classname="dsAlgoTests.StackTest" name="verifyCodeImplementationPage" time="0.000">
    <skipped/>
  </testcase> <!-- verifyCodeImplementationPage -->
  <system-out/>
  <testcase classname="dsAlgoTests.StackTest" name="verifyCodeOperationsInStackPage" time="0.000">
    <skipped/>
  </testcase> <!-- verifyCodeOperationsInStackPage -->
  <system-out/>
  <testcase classname="dsAlgoTests.StackTest" name="verifyCodeApplicationsPage" time="0.000">
    <skipped/>
  </testcase> <!-- verifyCodeApplicationsPage -->
  <system-out/>
  <testcase classname="dsAlgoTests.StackTest" name="verifyCodeOperationsInStackPage" time="0.000">
    <skipped/>
  </testcase> <!-- verifyCodeOperationsInStackPage -->
  <system-out/>
  <testcase classname="dsAlgoTests.StackTest" name="verifyCodeApplicationsPage" time="0.000">
    <skipped/>
  </testcase> <!-- verifyCodeApplicationsPage -->
  <system-out/>
  <testcase classname="dsAlgoTests.StackTest" name="verifyCodeOperationsInStackPage" time="0.000">
    <skipped/>
  </testcase> <!-- verifyCodeOperationsInStackPage -->
  <system-out/>
  <testcase classname="dsAlgoTests.StackTest" name="verifyCodeApplicationsPage" time="0.000">
    <skipped/>
  </testcase> <!-- verifyCodeApplicationsPage -->
  <system-out/>
  <testcase classname="dsAlgoTests.StackTest" name="verifyCodeOperationsInStackPage" time="0.000">
    <skipped/>
  </testcase> <!-- verifyCodeOperationsInStackPage -->
  <system-out/>
  <testcase classname="dsAlgoTests.StackTest" name="verifyCodeImplementationPage" time="0.000">
    <skipped/>
  </testcase> <!-- verifyCodeImplementationPage -->
  <system-out/>
  <testcase classname="dsAlgoTests.StackTest" name="verifyCodeOperationsInStackPage" time="0.000">
    <skipped/>
  </testcase> <!-- verifyCodeOperationsInStackPage -->
  <system-out/>
  <testcase classname="dsAlgoTests.StackTest" name="verifyCodeOperationsInStackPage" time="0.000">
    <skipped/>
  </testcase> <!-- verifyCodeOperationsInStackPage -->
  <system-out/>
  <testcase classname="dsAlgoTests.StackTest" name="verifyCodeImplementationPage" time="0.000">
    <skipped/>
  </testcase> <!-- verifyCodeImplementationPage -->
  <system-out/>
  <testcase classname="dsAlgoTests.StackTest" name="verifyCodeImplementationPage" time="0.000">
    <skipped/>
  </testcase> <!-- verifyCodeImplementationPage -->
  <system-out/>
  <testcase classname="dsAlgoTests.StackTest" name="verifyCodeApplicationsPage" time="0.000">
    <skipped/>
  </testcase> <!-- verifyCodeApplicationsPage -->
  <system-out/>
  <testcase classname="dsAlgoTests.StackTest" name="verifyCodeOperationsInStackPage" time="0.000">
    <skipped/>
  </testcase> <!-- verifyCodeOperationsInStackPage -->
  <system-out/>
  <testcase classname="dsAlgoTests.StackTest" name="verifyCodeImplementationPage" time="0.000">
    <skipped/>
  </testcase> <!-- verifyCodeImplementationPage -->
  <system-out/>
  <testcase classname="dsAlgoTests.StackTest" name="verifyCodeOperationsInStackPage" time="0.000">
    <skipped/>
  </testcase> <!-- verifyCodeOperationsInStackPage -->
  <system-out/>
  <testcase classname="dsAlgoTests.StackTest" name="verifyCodeApplicationsPage" time="0.000">
    <skipped/>
  </testcase> <!-- verifyCodeApplicationsPage -->
  <system-out/>
  <testcase classname="dsAlgoTests.StackTest" name="verifyCodeApplicationsPage" time="0.000">
    <skipped/>
  </testcase> <!-- verifyCodeApplicationsPage -->
  <system-out/>
  <testcase classname="dsAlgoTests.StackTest" name="verifyCodeImplementationPage" time="0.000">
    <skipped/>
  </testcase> <!-- verifyCodeImplementationPage -->
  <system-out/>
  <testcase classname="dsAlgoTests.StackTest" name="verifyCodeOperationsInStackPage" time="0.000">
    <skipped/>
  </testcase> <!-- verifyCodeOperationsInStackPage -->
  <system-out/>
  <testcase classname="dsAlgoTests.StackTest" name="verifyCodeApplicationsPage" time="0.000">
    <skipped/>
  </testcase> <!-- verifyCodeApplicationsPage -->
  <system-out/>
  <testcase classname="dsAlgoTests.StackTest" name="verifyCodeApplicationsPage" time="0.000">
    <skipped/>
  </testcase> <!-- verifyCodeApplicationsPage -->
  <system-out/>
  <testcase classname="dsAlgoTests.StackTest" name="verifyCodeOperationsInStackPage" time="0.000">
    <skipped/>
  </testcase> <!-- verifyCodeOperationsInStackPage -->
  <system-out/>
  <testcase classname="dsAlgoTests.StackTest" name="verifyCodeOperationsInStackPage" time="0.000">
    <skipped/>
  </testcase> <!-- verifyCodeOperationsInStackPage -->
  <system-out/>
  <testcase classname="dsAlgoTests.StackTest" name="verifyCodeOperationsInStackPage" time="0.000">
    <skipped/>
  </testcase> <!-- verifyCodeOperationsInStackPage -->
  <system-out/>
  <testcase classname="dsAlgoTests.StackTest" name="verifyCodeApplicationsPage" time="0.000">
    <skipped/>
  </testcase> <!-- verifyCodeApplicationsPage -->
  <system-out/>
  <testcase classname="dsAlgoTests.StackTest" name="verifyCodeOperationsInStackPage" time="0.000">
    <skipped/>
  </testcase> <!-- verifyCodeOperationsInStackPage -->
  <system-out/>
  <testcase classname="dsAlgoTests.StackTest" name="verifyCodeImplementationPage" time="0.000">
    <skipped/>
  </testcase> <!-- verifyCodeImplementationPage -->
  <system-out/>
  <testcase classname="dsAlgoTests.StackTest" name="verifyCodeApplicationsPage" time="0.000">
    <skipped/>
  </testcase> <!-- verifyCodeApplicationsPage -->
  <system-out/>
  <testcase classname="dsAlgoTests.StackTest" name="verifyCodeOperationsInStackPage" time="0.000">
    <skipped/>
  </testcase> <!-- verifyCodeOperationsInStackPage -->
  <system-out/>
  <testcase classname="dsAlgoTests.StackTest" name="verifyCodeImplementationPage" time="0.000">
    <skipped/>
  </testcase> <!-- verifyCodeImplementationPage -->
  <system-out/>
  <testcase classname="dsAlgoTests.StackTest" name="verifyCodeApplicationsPage" time="0.000">
    <skipped/>
  </testcase> <!-- verifyCodeApplicationsPage -->
  <system-out/>
  <testcase classname="dsAlgoTests.StackTest" name="verifyCodeApplicationsPage" time="0.000">
    <skipped/>
  </testcase> <!-- verifyCodeApplicationsPage -->
  <system-out/>
  <testcase classname="dsAlgoTests.StackTest" name="verifyCodeImplementationPage" time="0.000">
    <skipped/>
  </testcase> <!-- verifyCodeImplementationPage -->
  <system-out/>
  <testcase classname="dsAlgoTests.StackTest" name="verifyCodeOperationsInStackPage" time="0.000">
    <skipped/>
  </testcase> <!-- verifyCodeOperationsInStackPage -->
  <system-out/>
  <testcase classname="dsAlgoTests.StackTest" name="verifyCodeOperationsInStackPage" time="0.000">
    <skipped/>
  </testcase> <!-- verifyCodeOperationsInStackPage -->
  <system-out/>
  <testcase classname="dsAlgoTests.StackTest" name="verifyCodeApplicationsPage" time="0.000">
    <skipped/>
  </testcase> <!-- verifyCodeApplicationsPage -->
  <system-out/>
  <testcase classname="dsAlgoTests.StackTest" name="verifyCodeImplementationPage" time="0.000">
    <skipped/>
  </testcase> <!-- verifyCodeImplementationPage -->
  <system-out/>
  <testcase classname="dsAlgoTests.StackTest" name="verifyCodeImplementationPage" time="0.000">
    <skipped/>
  </testcase> <!-- verifyCodeImplementationPage -->
  <system-out/>
  <testcase classname="dsAlgoTests.StackTest" name="verifyCodeApplicationsPage" time="0.000">
    <skipped/>
  </testcase> <!-- verifyCodeApplicationsPage -->
  <system-out/>
  <testcase classname="dsAlgoTests.StackTest" name="verifyCodeOperationsInStackPage" time="0.000">
    <skipped/>
  </testcase> <!-- verifyCodeOperationsInStackPage -->
  <system-out/>
  <testcase classname="dsAlgoTests.StackTest" name="verifyCodeApplicationsPage" time="0.000">
    <skipped/>
  </testcase> <!-- verifyCodeApplicationsPage -->
  <system-out/>
  <testcase classname="dsAlgoTests.StackTest" name="verifyCodeOperationsInStackPage" time="0.000">
    <skipped/>
  </testcase> <!-- verifyCodeOperationsInStackPage -->
  <system-out/>
  <testcase classname="dsAlgoTests.StackTest" name="verifyCodeImplementationPage" time="0.000">
    <skipped/>
  </testcase> <!-- verifyCodeImplementationPage -->
  <system-out/>
  <testcase classname="dsAlgoTests.StackTest" name="verifyCodeImplementationPage" time="0.000">
    <skipped/>
  </testcase> <!-- verifyCodeImplementationPage -->
  <system-out/>
  <testcase classname="dsAlgoTests.StackTest" name="verifyCodeOperationsInStackPage" time="0.000">
    <skipped/>
  </testcase> <!-- verifyCodeOperationsInStackPage -->
  <system-out/>
  <testcase classname="dsAlgoTests.StackTest" name="verifyCodeOperationsInStackPage" time="0.000">
    <skipped/>
  </testcase> <!-- verifyCodeOperationsInStackPage -->
  <system-out/>
  <testcase classname="dsAlgoTests.StackTest" name="verifyCodeApplicationsPage" time="0.000">
    <skipped/>
  </testcase> <!-- verifyCodeApplicationsPage -->
  <system-out/>
  <testcase classname="dsAlgoTests.StackTest" name="verifyCodeOperationsInStackPage" time="0.000">
    <skipped/>
  </testcase> <!-- verifyCodeOperationsInStackPage -->
  <system-out/>
  <testcase classname="dsAlgoTests.StackTest" name="verifyCodeOperationsInStackPage" time="0.000">
    <skipped/>
  </testcase> <!-- verifyCodeOperationsInStackPage -->
  <system-out/>
  <testcase classname="dsAlgoTests.StackTest" name="verifyCodeImplementationPage" time="0.000">
    <skipped/>
  </testcase> <!-- verifyCodeImplementationPage -->
  <system-out/>
  <testcase classname="dsAlgoTests.StackTest" name="verifyCodeApplicationsPage" time="0.000">
    <skipped/>
  </testcase> <!-- verifyCodeApplicationsPage -->
  <system-out/>
  <testcase classname="dsAlgoTests.StackTest" name="verifyCodeApplicationsPage" time="0.000">
    <skipped/>
  </testcase> <!-- verifyCodeApplicationsPage -->
  <system-out/>
  <testcase classname="dsAlgoTests.StackTest" name="verifyCodeOperationsInStackPage" time="0.000">
    <skipped/>
  </testcase> <!-- verifyCodeOperationsInStackPage -->
  <system-out/>
  <testcase classname="dsAlgoTests.StackTest" name="verifyCodeOperationsInStackPage" time="0.000">
    <skipped/>
  </testcase> <!-- verifyCodeOperationsInStackPage -->
  <system-out/>
  <testcase classname="dsAlgoTests.StackTest" name="verifyCodeOperationsInStackPage" time="0.000">
    <skipped/>
  </testcase> <!-- verifyCodeOperationsInStackPage -->
  <system-out/>
  <testcase classname="dsAlgoTests.StackTest" name="verifyCodeApplicationsPage" time="0.000">
    <skipped/>
  </testcase> <!-- verifyCodeApplicationsPage -->
  <system-out/>
  <testcase classname="dsAlgoTests.StackTest" name="verifyCodeApplicationsPage" time="0.000">
    <skipped/>
  </testcase> <!-- verifyCodeApplicationsPage -->
  <system-out/>
  <testcase classname="dsAlgoTests.StackTest" name="verifyCodeOperationsInStackPage" time="0.000">
    <skipped/>
  </testcase> <!-- verifyCodeOperationsInStackPage -->
  <system-out/>
  <testcase classname="dsAlgoTests.StackTest" name="verifyCodeApplicationsPage" time="0.000">
    <skipped/>
  </testcase> <!-- verifyCodeApplicationsPage -->
  <system-out/>
  <testcase classname="dsAlgoTests.StackTest" name="verifyCodeOperationsInStackPage" time="0.000">
    <skipped/>
  </testcase> <!-- verifyCodeOperationsInStackPage -->
  <system-out/>
  <testcase classname="dsAlgoTests.StackTest" name="verifyCodeImplementationPage" time="0.000">
    <skipped/>
  </testcase> <!-- verifyCodeImplementationPage -->
  <system-out/>
  <testcase classname="dsAlgoTests.StackTest" name="verifyCodeApplicationsPage" time="0.000">
    <skipped/>
  </testcase> <!-- verifyCodeApplicationsPage -->
  <system-out/>
  <testcase classname="dsAlgoTests.StackTest" name="verifyCodeImplementationPage" time="0.000">
    <skipped/>
  </testcase> <!-- verifyCodeImplementationPage -->
  <system-out/>
  <testcase classname="dsAlgoTests.StackTest" name="verifyCodeOperationsInStackPage" time="0.000">
    <skipped/>
  </testcase> <!-- verifyCodeOperationsInStackPage -->
  <system-out/>
  <testcase classname="dsAlgoTests.StackTest" name="verifyCodeImplementationPage" time="0.000">
    <skipped/>
  </testcase> <!-- verifyCodeImplementationPage -->
  <system-out/>
  <testcase classname="dsAlgoTests.StackTest" name="verifyCodeImplementationPage" time="0.000">
    <skipped/>
  </testcase> <!-- verifyCodeImplementationPage -->
  <system-out/>
  <testcase classname="dsAlgoTests.StackTest" name="verifyCodeOperationsInStackPage" time="0.000">
    <skipped/>
  </testcase> <!-- verifyCodeOperationsInStackPage -->
  <system-out/>
  <testcase classname="dsAlgoTests.StackTest" name="verifyCodeApplicationsPage" time="0.000">
    <skipped/>
  </testcase> <!-- verifyCodeApplicationsPage -->
  <system-out/>
  <testcase classname="dsAlgoTests.StackTest" name="verifyCodeOperationsInStackPage" time="0.000">
    <skipped/>
  </testcase> <!-- verifyCodeOperationsInStackPage -->
  <system-out/>
  <testcase classname="dsAlgoTests.StackTest" name="verifyCodeApplicationsPage" time="0.000">
    <skipped/>
  </testcase> <!-- verifyCodeApplicationsPage -->
  <system-out/>
  <testcase classname="dsAlgoTests.StackTest" name="verifyCodeOperationsInStackPage" time="0.000">
    <skipped/>
  </testcase> <!-- verifyCodeOperationsInStackPage -->
  <system-out/>
  <testcase classname="dsAlgoTests.StackTest" name="verifyCodeImplementationPage" time="0.000">
    <skipped/>
  </testcase> <!-- verifyCodeImplementationPage -->
  <system-out/>
  <testcase classname="dsAlgoTests.StackTest" name="verifyCodeOperationsInStackPage" time="0.000">
    <skipped/>
  </testcase> <!-- verifyCodeOperationsInStackPage -->
  <system-out/>
  <testcase classname="dsAlgoTests.StackTest" name="verifyCodeOperationsInStackPage" time="0.000">
    <skipped/>
  </testcase> <!-- verifyCodeOperationsInStackPage -->
  <system-out/>
  <testcase classname="dsAlgoTests.StackTest" name="verifyCodeOperationsInStackPage" time="0.000">
    <skipped/>
  </testcase> <!-- verifyCodeOperationsInStackPage -->
  <system-out/>
  <testcase classname="dsAlgoTests.StackTest" name="verifyCodeApplicationsPage" time="0.000">
    <skipped/>
  </testcase> <!-- verifyCodeApplicationsPage -->
  <system-out/>
  <testcase classname="dsAlgoTests.StackTest" name="verifyCodeImplementationPage" time="0.000">
    <skipped/>
  </testcase> <!-- verifyCodeImplementationPage -->
  <system-out/>
  <testcase classname="dsAlgoTests.StackTest" name="verifyCodeApplicationsPage" time="0.000">
    <skipped/>
  </testcase> <!-- verifyCodeApplicationsPage -->
  <system-out/>
  <testcase classname="dsAlgoTests.StackTest" name="verifyCodeApplicationsPage" time="0.000">
    <skipped/>
  </testcase> <!-- verifyCodeApplicationsPage -->
  <system-out/>
  <testcase classname="dsAlgoTests.StackTest" name="verifyCodeImplementationPage" time="0.000">
    <skipped/>
  </testcase> <!-- verifyCodeImplementationPage -->
  <system-out/>
  <testcase classname="dsAlgoTests.StackTest" name="verifyCodeApplicationsPage" time="0.000">
    <skipped/>
  </testcase> <!-- verifyCodeApplicationsPage -->
  <system-out/>
  <testcase classname="dsAlgoTests.StackTest" name="verifyCodeApplicationsPage" time="0.000">
    <skipped/>
  </testcase> <!-- verifyCodeApplicationsPage -->
  <system-out/>
  <testcase classname="dsAlgoTests.StackTest" name="verifyCodeOperationsInStackPage" time="0.000">
    <skipped/>
  </testcase> <!-- verifyCodeOperationsInStackPage -->
  <system-out/>
  <testcase classname="dsAlgoTests.StackTest" name="verifyCodeImplementationPage" time="0.000">
    <skipped/>
  </testcase> <!-- verifyCodeImplementationPage -->
  <system-out/>
  <testcase classname="dsAlgoTests.StackTest" name="verifyCodeImplementationPage" time="0.000">
    <skipped/>
  </testcase> <!-- verifyCodeImplementationPage -->
  <system-out/>
  <testcase classname="dsAlgoTests.StackTest" name="verifyCodeImplementationPage" time="0.000">
    <skipped/>
  </testcase> <!-- verifyCodeImplementationPage -->
  <system-out/>
  <testcase classname="dsAlgoTests.StackTest" name="verifyCodeOperationsInStackPage" time="0.000">
    <skipped/>
  </testcase> <!-- verifyCodeOperationsInStackPage -->
  <system-out/>
  <testcase classname="dsAlgoTests.StackTest" name="verifyCodeImplementationPage" time="0.000">
    <skipped/>
  </testcase> <!-- verifyCodeImplementationPage -->
  <system-out/>
  <testcase classname="dsAlgoTests.StackTest" name="verifyCodeOperationsInStackPage" time="0.000">
    <skipped/>
  </testcase> <!-- verifyCodeOperationsInStackPage -->
  <system-out/>
  <testcase classname="dsAlgoTests.StackTest" name="verifyCodeImplementationPage" time="0.000">
    <skipped/>
  </testcase> <!-- verifyCodeImplementationPage -->
  <system-out/>
  <testcase classname="dsAlgoTests.StackTest" name="verifyCodeOperationsInStackPage" time="0.000">
    <skipped/>
  </testcase> <!-- verifyCodeOperationsInStackPage -->
  <system-out/>
  <testcase classname="dsAlgoTests.StackTest" name="verifyCodeOperationsInStackPage" time="0.000">
    <skipped/>
  </testcase> <!-- verifyCodeOperationsInStackPage -->
  <system-out/>
  <testcase classname="dsAlgoTests.StackTest" name="verifyCodeOperationsInStackPage" time="0.000">
    <skipped/>
  </testcase> <!-- verifyCodeOperationsInStackPage -->
  <system-out/>
  <testcase classname="dsAlgoTests.StackTest" name="verifyCodeImplementationPage" time="0.000">
    <skipped/>
  </testcase> <!-- verifyCodeImplementationPage -->
  <system-out/>
  <testcase classname="dsAlgoTests.StackTest" name="verifyCodeOperationsInStackPage" time="0.000">
    <skipped/>
  </testcase> <!-- verifyCodeOperationsInStackPage -->
  <system-out/>
  <testcase classname="dsAlgoTests.StackTest" name="verifyCodeOperationsInStackPage" time="0.000">
    <skipped/>
  </testcase> <!-- verifyCodeOperationsInStackPage -->
  <system-out/>
  <testcase classname="dsAlgoTests.StackTest" name="verifyCodeApplicationsPage" time="0.000">
    <skipped/>
  </testcase> <!-- verifyCodeApplicationsPage -->
  <system-out/>
  <testcase classname="dsAlgoTests.StackTest" name="verifyCodeOperationsInStackPage" time="0.000">
    <skipped/>
  </testcase> <!-- verifyCodeOperationsInStackPage -->
  <system-out/>
  <testcase classname="dsAlgoTests.StackTest" name="verifyCodeOperationsInStackPage" time="0.000">
    <skipped/>
  </testcase> <!-- verifyCodeOperationsInStackPage -->
  <system-out/>
  <testcase classname="dsAlgoTests.StackTest" name="verifyCodeImplementationPage" time="0.000">
    <skipped/>
  </testcase> <!-- verifyCodeImplementationPage -->
  <system-out/>
  <testcase classname="dsAlgoTests.StackTest" name="verifyCodeOperationsInStackPage" time="0.000">
    <skipped/>
  </testcase> <!-- verifyCodeOperationsInStackPage -->
  <system-out/>
  <testcase classname="dsAlgoTests.StackTest" name="verifyCodeOperationsInStackPage" time="0.000">
    <skipped/>
  </testcase> <!-- verifyCodeOperationsInStackPage -->
  <system-out/>
  <testcase classname="dsAlgoTests.StackTest" name="verifyCodeApplicationsPage" time="0.000">
    <skipped/>
  </testcase> <!-- verifyCodeApplicationsPage -->
  <system-out/>
  <testcase classname="dsAlgoTests.StackTest" name="verifyCodeImplementationPage" time="0.000">
    <skipped/>
  </testcase> <!-- verifyCodeImplementationPage -->
  <system-out/>
  <testcase classname="dsAlgoTests.StackTest" name="verifyCodeImplementationPage" time="0.000">
    <skipped/>
  </testcase> <!-- verifyCodeImplementationPage -->
  <system-out/>
  <testcase classname="dsAlgoTests.StackTest" name="verifyCodeApplicationsPage" time="0.000">
    <skipped/>
  </testcase> <!-- verifyCodeApplicationsPage -->
  <system-out/>
  <testcase classname="dsAlgoTests.StackTest" name="verifyCodeApplicationsPage" time="0.000">
    <skipped/>
  </testcase> <!-- verifyCodeApplicationsPage -->
  <system-out/>
  <testcase classname="dsAlgoTests.StackTest" name="verifyCodeImplementationPage" time="0.000">
    <skipped/>
  </testcase> <!-- verifyCodeImplementationPage -->
  <system-out/>
  <testcase classname="dsAlgoTests.StackTest" name="verifyCodeOperationsInStackPage" time="0.000">
    <skipped/>
  </testcase> <!-- verifyCodeOperationsInStackPage -->
  <system-out/>
  <testcase classname="dsAlgoTests.StackTest" name="verifyCodeApplicationsPage" time="0.000">
    <skipped/>
  </testcase> <!-- verifyCodeApplicationsPage -->
  <system-out/>
  <testcase classname="dsAlgoTests.StackTest" name="verifyCodeImplementationPage" time="0.000">
    <skipped/>
  </testcase> <!-- verifyCodeImplementationPage -->
  <system-out/>
  <testcase classname="dsAlgoTests.StackTest" name="verifyCodeOperationsInStackPage" time="0.000">
    <skipped/>
  </testcase> <!-- verifyCodeOperationsInStackPage -->
  <system-out/>
  <testcase classname="dsAlgoTests.StackTest" name="verifyCodeOperationsInStackPage" time="0.000">
    <skipped/>
  </testcase> <!-- verifyCodeOperationsInStackPage -->
  <system-out/>
  <testcase classname="dsAlgoTests.StackTest" name="verifyCodeApplicationsPage" time="0.000">
    <skipped/>
  </testcase> <!-- verifyCodeApplicationsPage -->
  <system-out/>
  <testcase classname="dsAlgoTests.StackTest" name="verifyCodeImplementationPage" time="0.000">
    <skipped/>
  </testcase> <!-- verifyCodeImplementationPage -->
  <system-out/>
  <testcase classname="dsAlgoTests.StackTest" name="verifyCodeOperationsInStackPage" time="0.000">
    <skipped/>
  </testcase> <!-- verifyCodeOperationsInStackPage -->
  <system-out/>
  <testcase classname="dsAlgoTests.StackTest" name="verifyCodeOperationsInStackPage" time="0.000">
    <skipped/>
  </testcase> <!-- verifyCodeOperationsInStackPage -->
  <system-out/>
  <testcase classname="dsAlgoTests.StackTest" name="verifyCodeApplicationsPage" time="0.000">
    <skipped/>
  </testcase> <!-- verifyCodeApplicationsPage -->
  <system-out/>
  <testcase classname="dsAlgoTests.StackTest" name="verifyCodeImplementationPage" time="0.000">
    <skipped/>
  </testcase> <!-- verifyCodeImplementationPage -->
  <system-out/>
  <testcase classname="dsAlgoTests.StackTest" name="verifyCodeApplicationsPage" time="0.000">
    <skipped/>
  </testcase> <!-- verifyCodeApplicationsPage -->
  <system-out/>
  <testcase classname="dsAlgoTests.StackTest" name="verifyCodeOperationsInStackPage" time="0.000">
    <skipped/>
  </testcase> <!-- verifyCodeOperationsInStackPage -->
  <system-out/>
  <testcase classname="dsAlgoTests.StackTest" name="verifyCodeImplementationPage" time="0.000">
    <skipped/>
  </testcase> <!-- verifyCodeImplementationPage -->
  <system-out/>
  <testcase classname="dsAlgoTests.StackTest" name="verifyCodeApplicationsPage" time="0.000">
    <skipped/>
  </testcase> <!-- verifyCodeApplicationsPage -->
  <system-out/>
  <testcase classname="dsAlgoTests.StackTest" name="verifyCodeImplementationPage" time="0.000">
    <skipped/>
  </testcase> <!-- verifyCodeImplementationPage -->
  <system-out/>
  <testcase classname="dsAlgoTests.StackTest" name="verifyCodeApplicationsPage" time="0.000">
    <skipped/>
  </testcase> <!-- verifyCodeApplicationsPage -->
  <system-out/>
  <testcase classname="dsAlgoTests.StackTest" name="verifyCodeApplicationsPage" time="0.000">
    <skipped/>
  </testcase> <!-- verifyCodeApplicationsPage -->
  <system-out/>
  <testcase classname="dsAlgoTests.StackTest" name="verifyCodeApplicationsPage" time="0.000">
    <skipped/>
  </testcase> <!-- verifyCodeApplicationsPage -->
  <system-out/>
  <testcase classname="dsAlgoTests.StackTest" name="verifyCodeApplicationsPage" time="0.000">
    <skipped/>
  </testcase> <!-- verifyCodeApplicationsPage -->
  <system-out/>
  <testcase classname="dsAlgoTests.StackTest" name="verifyCodeApplicationsPage" time="0.000">
    <skipped/>
  </testcase> <!-- verifyCodeApplicationsPage -->
  <system-out/>
  <testcase classname="dsAlgoTests.StackTest" name="verifyCodeImplementationPage" time="0.000">
    <skipped/>
  </testcase> <!-- verifyCodeImplementationPage -->
  <system-out/>
  <testcase classname="dsAlgoTests.StackTest" name="verifyCodeApplicationsPage" time="0.000">
    <skipped/>
  </testcase> <!-- verifyCodeApplicationsPage -->
  <system-out/>
  <testcase classname="dsAlgoTests.StackTest" name="verifyCodeImplementationPage" time="0.000">
    <skipped/>
  </testcase> <!-- verifyCodeImplementationPage -->
  <system-out/>
  <testcase classname="dsAlgoTests.StackTest" name="verifyCodeImplementationPage" time="0.000">
    <skipped/>
  </testcase> <!-- verifyCodeImplementationPage -->
  <system-out/>
  <testcase classname="dsAlgoTests.StackTest" name="verifyCodeImplementationPage" time="0.000">
    <skipped/>
  </testcase> <!-- verifyCodeImplementationPage -->
  <system-out/>
  <testcase classname="dsAlgoTests.StackTest" name="verifyCodeApplicationsPage" time="0.000">
    <skipped/>
  </testcase> <!-- verifyCodeApplicationsPage -->
  <system-out/>
  <testcase classname="dsAlgoTests.StackTest" name="verifyCodeApplicationsPage" time="0.000">
    <skipped/>
  </testcase> <!-- verifyCodeApplicationsPage -->
  <system-out/>
  <testcase classname="dsAlgoTests.StackTest" name="verifyCodeOperationsInStackPage" time="0.000">
    <skipped/>
  </testcase> <!-- verifyCodeOperationsInStackPage -->
  <system-out/>
  <testcase classname="dsAlgoTests.StackTest" name="verifyCodeOperationsInStackPage" time="0.000">
    <skipped/>
  </testcase> <!-- verifyCodeOperationsInStackPage -->
  <system-out/>
  <testcase classname="dsAlgoTests.StackTest" name="verifyCodeApplicationsPage" time="0.000">
    <skipped/>
  </testcase> <!-- verifyCodeApplicationsPage -->
  <system-out/>
  <testcase classname="dsAlgoTests.StackTest" name="verifyCodeImplementationPage" time="0.000">
    <skipped/>
  </testcase> <!-- verifyCodeImplementationPage -->
  <system-out/>
  <testcase classname="dsAlgoTests.StackTest" name="verifyCodeImplementationPage" time="0.000">
    <skipped/>
  </testcase> <!-- verifyCodeImplementationPage -->
  <system-out/>
  <testcase classname="dsAlgoTests.StackTest" name="verifyCodeOperationsInStackPage" time="0.000">
    <skipped/>
  </testcase> <!-- verifyCodeOperationsInStackPage -->
  <system-out/>
  <testcase classname="dsAlgoTests.StackTest" name="verifyCodeOperationsInStackPage" time="0.000">
    <skipped/>
  </testcase> <!-- verifyCodeOperationsInStackPage -->
  <system-out/>
  <testcase classname="dsAlgoTests.StackTest" name="verifyCodeApplicationsPage" time="0.000">
    <skipped/>
  </testcase> <!-- verifyCodeApplicationsPage -->
  <system-out/>
  <testcase classname="dsAlgoTests.StackTest" name="verifyCodeApplicationsPage" time="0.000">
    <skipped/>
  </testcase> <!-- verifyCodeApplicationsPage -->
  <system-out/>
  <testcase classname="dsAlgoTests.StackTest" name="verifyCodeImplementationPage" time="0.000">
    <skipped/>
  </testcase> <!-- verifyCodeImplementationPage -->
  <system-out/>
  <testcase classname="dsAlgoTests.StackTest" name="verifyCodeApplicationsPage" time="0.000">
    <skipped/>
  </testcase> <!-- verifyCodeApplicationsPage -->
  <system-out/>
  <testcase classname="dsAlgoTests.StackTest" name="verifyCodeOperationsInStackPage" time="0.000">
    <skipped/>
  </testcase> <!-- verifyCodeOperationsInStackPage -->
  <system-out/>
  <testcase classname="dsAlgoTests.StackTest" name="verifyCodeApplicationsPage" time="0.000">
    <skipped/>
  </testcase> <!-- verifyCodeApplicationsPage -->
  <system-out/>
  <testcase classname="dsAlgoTests.StackTest" name="verifyCodeOperationsInStackPage" time="0.000">
    <skipped/>
  </testcase> <!-- verifyCodeOperationsInStackPage -->
  <system-out/>
  <testcase classname="dsAlgoTests.StackTest" name="verifyCodeOperationsInStackPage" time="0.000">
    <skipped/>
  </testcase> <!-- verifyCodeOperationsInStackPage -->
  <system-out/>
  <testcase classname="dsAlgoTests.StackTest" name="verifyCodeOperationsInStackPage" time="0.000">
    <skipped/>
  </testcase> <!-- verifyCodeOperationsInStackPage -->
  <system-out/>
  <testcase classname="dsAlgoTests.StackTest" name="verifyCodeImplementationPage" time="0.000">
    <skipped/>
  </testcase> <!-- verifyCodeImplementationPage -->
  <system-out/>
  <testcase classname="dsAlgoTests.StackTest" name="verifyCodeOperationsInStackPage" time="0.000">
    <skipped/>
  </testcase> <!-- verifyCodeOperationsInStackPage -->
  <system-out/>
  <testcase classname="dsAlgoTests.StackTest" name="verifyCodeImplementationPage" time="0.000">
    <skipped/>
  </testcase> <!-- verifyCodeImplementationPage -->
  <system-out/>
  <testcase classname="dsAlgoTests.StackTest" name="verifyCodeApplicationsPage" time="0.000">
    <skipped/>
  </testcase> <!-- verifyCodeApplicationsPage -->
  <system-out/>
  <testcase classname="dsAlgoTests.StackTest" name="verifyCodeOperationsInStackPage" time="0.000">
    <skipped/>
  </testcase> <!-- verifyCodeOperationsInStackPage -->
  <system-out/>
  <testcase classname="dsAlgoTests.StackTest" name="verifyCodeApplicationsPage" time="0.000">
    <skipped/>
  </testcase> <!-- verifyCodeApplicationsPage -->
  <system-out/>
  <testcase classname="dsAlgoTests.StackTest" name="verifyCodeApplicationsPage" time="0.000">
    <skipped/>
  </testcase> <!-- verifyCodeApplicationsPage -->
  <system-out/>
  <testcase classname="dsAlgoTests.StackTest" name="verifyCodeApplicationsPage" time="0.000">
    <skipped/>
  </testcase> <!-- verifyCodeApplicationsPage -->
  <system-out/>
  <testcase classname="dsAlgoTests.StackTest" name="verifyCodeImplementationPage" time="0.000">
    <skipped/>
  </testcase> <!-- verifyCodeImplementationPage -->
  <system-out/>
  <testcase classname="dsAlgoTests.StackTest" name="verifyCodeApplicationsPage" time="0.000">
    <skipped/>
  </testcase> <!-- verifyCodeApplicationsPage -->
  <system-out/>
  <testcase classname="dsAlgoTests.StackTest" name="verifyCodeImplementationPage" time="0.001">
    <skipped/>
  </testcase> <!-- verifyCodeImplementationPage -->
  <system-out/>
  <testcase classname="dsAlgoTests.StackTest" name="verifyCodeImplementationPage" time="0.000">
    <skipped/>
  </testcase> <!-- verifyCodeImplementationPage -->
  <system-out/>
  <testcase classname="dsAlgoTests.StackTest" name="verifyCodeOperationsInStackPage" time="0.000">
    <skipped/>
  </testcase> <!-- verifyCodeOperationsInStackPage -->
  <system-out/>
  <testcase classname="dsAlgoTests.StackTest" name="verifyCodeImplementationPage" time="0.000">
    <skipped/>
  </testcase> <!-- verifyCodeImplementationPage -->
  <system-out/>
  <testcase classname="dsAlgoTests.StackTest" name="verifyCodeApplicationsPage" time="0.000">
    <skipped/>
  </testcase> <!-- verifyCodeApplicationsPage -->
  <system-out/>
  <testcase classname="dsAlgoTests.StackTest" name="verifyCodeOperationsInStackPage" time="0.000">
    <skipped/>
  </testcase> <!-- verifyCodeOperationsInStackPage -->
  <system-out/>
  <testcase classname="dsAlgoTests.StackTest" name="verifyCodeApplicationsPage" time="0.000">
    <skipped/>
  </testcase> <!-- verifyCodeApplicationsPage -->
  <system-out/>
  <testcase classname="dsAlgoTests.StackTest" name="verifyCodeApplicationsPage" time="0.000">
    <skipped/>
  </testcase> <!-- verifyCodeApplicationsPage -->
  <system-out/>
  <testcase classname="dsAlgoTests.StackTest" name="verifyCodeOperationsInStackPage" time="0.000">
    <skipped/>
  </testcase> <!-- verifyCodeOperationsInStackPage -->
  <system-out/>
  <testcase classname="dsAlgoTests.StackTest" name="verifyCodeApplicationsPage" time="0.000">
    <skipped/>
  </testcase> <!-- verifyCodeApplicationsPage -->
  <system-out/>
  <testcase classname="dsAlgoTests.StackTest" name="verifyCodeApplicationsPage" time="0.000">
    <skipped/>
  </testcase> <!-- verifyCodeApplicationsPage -->
  <system-out/>
  <testcase classname="dsAlgoTests.StackTest" name="verifyCodeOperationsInStackPage" time="0.000">
    <skipped/>
  </testcase> <!-- verifyCodeOperationsInStackPage -->
  <system-out/>
  <testcase classname="dsAlgoTests.StackTest" name="verifyCodeApplicationsPage" time="0.000">
    <skipped/>
  </testcase> <!-- verifyCodeApplicationsPage -->
  <system-out/>
  <testcase classname="dsAlgoTests.StackTest" name="verifyCodeApplicationsPage" time="0.000">
    <skipped/>
  </testcase> <!-- verifyCodeApplicationsPage -->
  <system-out/>
  <testcase classname="dsAlgoTests.StackTest" name="verifyCodeApplicationsPage" time="0.000">
    <skipped/>
  </testcase> <!-- verifyCodeApplicationsPage -->
  <system-out/>
  <testcase classname="dsAlgoTests.StackTest" name="verifyCodeOperationsInStackPage" time="0.000">
    <skipped/>
  </testcase> <!-- verifyCodeOperationsInStackPage -->
  <system-out/>
  <testcase classname="dsAlgoTests.StackTest" name="verifyCodeOperationsInStackPage" time="0.000">
    <skipped/>
  </testcase> <!-- verifyCodeOperationsInStackPage -->
  <system-out/>
  <testcase classname="dsAlgoTests.StackTest" name="verifyCodeImplementationPage" time="0.000">
    <skipped/>
  </testcase> <!-- verifyCodeImplementationPage -->
  <system-out/>
  <testcase classname="dsAlgoTests.StackTest" name="verifyCodeImplementationPage" time="0.000">
    <skipped/>
  </testcase> <!-- verifyCodeImplementationPage -->
  <system-out/>
  <testcase classname="dsAlgoTests.StackTest" name="verifyCodeOperationsInStackPage" time="0.000">
    <skipped/>
  </testcase> <!-- verifyCodeOperationsInStackPage -->
  <system-out/>
  <testcase classname="dsAlgoTests.StackTest" name="verifyCodeOperationsInStackPage" time="0.000">
    <skipped/>
  </testcase> <!-- verifyCodeOperationsInStackPage -->
  <system-out/>
  <testcase classname="dsAlgoTests.StackTest" name="verifyCodeApplicationsPage" time="0.000">
    <skipped/>
  </testcase> <!-- verifyCodeApplicationsPage -->
  <system-out/>
  <testcase classname="dsAlgoTests.StackTest" name="verifyCodeApplicationsPage" time="0.000">
    <skipped/>
  </testcase> <!-- verifyCodeApplicationsPage -->
  <system-out/>
  <testcase classname="dsAlgoTests.StackTest" name="verifyCodeOperationsInStackPage" time="0.000">
    <skipped/>
  </testcase> <!-- verifyCodeOperationsInStackPage -->
  <system-out/>
  <testcase classname="dsAlgoTests.StackTest" name="checkErrorMessageWhenExecutingWithoutCodeInApplicationsInStackPage" time="13.422">
    <error message="Error communicating with the remote browser. It may have died.
Build info: version: &#039;4.17.0&#039;, revision: &#039;e52b1be057*&#039;
System info: os.name: &#039;Windows 11&#039;, os.arch: &#039;amd64&#039;, os.version: &#039;10.0&#039;, java.version: &#039;21.0.3&#039;
Driver info: org.openqa.selenium.chrome.ChromeDriver
Command: [f0d3e86b257f69097dcac8efb7d4f8bb, findElement [using, value]]
Capabilities {acceptInsecureCerts: false, browserName: chrome, browserVersion: 133.0.6943.53, chrome: {chromedriverVersion: 133.0.6943.53 (9a80935019b0..., userDataDir: C:\Users\sahan\AppData\Loca...}, fedcm:accounts: true, goog:chromeOptions: {debuggerAddress: localhost:57107}, networkConnectionEnabled: false, pageLoadStrategy: normal, platformName: windows, proxy: Proxy(), se:cdp: ws://localhost:57107/devtoo..., se:cdpVersion: 133.0.6943.53, setWindowRect: true, strictFileInteractability: false, timeouts: {implicit: 0, pageLoad: 300000, script: 30000}, unhandledPromptBehavior: dismiss and notify, webauthn:extension:credBlob: true, webauthn:extension:largeBlob: true, webauthn:extension:minPinLength: true, webauthn:extension:prf: true, webauthn:virtualAuthenticators: true}
Session ID: f0d3e86b257f69097dcac8efb7d4f8bb" type="org.openqa.selenium.remote.UnreachableBrowserException">
      <![CDATA[org.openqa.selenium.remote.UnreachableBrowserException: Error communicating with the remote browser. It may have died.
Build info: version: '4.17.0', revision: 'e52b1be057*'
System info: os.name: 'Windows 11', os.arch: 'amd64', os.version: '10.0', java.version: '21.0.3'
Driver info: org.openqa.selenium.chrome.ChromeDriver
Command: [f0d3e86b257f69097dcac8efb7d4f8bb, findElement [using, value]]
Capabilities {acceptInsecureCerts: false, browserName: chrome, browserVersion: 133.0.6943.53, chrome: {chromedriverVersion: 133.0.6943.53 (9a80935019b0..., userDataDir: C:\Users\sahan\AppData\Loca...}, fedcm:accounts: true, goog:chromeOptions: {debuggerAddress: localhost:57107}, networkConnectionEnabled: false, pageLoadStrategy: normal, platformName: windows, proxy: Proxy(), se:cdp: ws://localhost:57107/devtoo..., se:cdpVersion: 133.0.6943.53, setWindowRect: true, strictFileInteractability: false, timeouts: {implicit: 0, pageLoad: 300000, script: 30000}, unhandledPromptBehavior: dismiss and notify, webauthn:extension:credBlob: true, webauthn:extension:largeBlob: true, webauthn:extension:minPinLength: true, webauthn:extension:prf: true, webauthn:virtualAuthenticators: true}
Session ID: f0d3e86b257f69097dcac8efb7d4f8bb
at org.openqa.selenium.remote.RemoteWebDriver.execute(RemoteWebDriver.java:546)
at org.openqa.selenium.remote.ElementLocation$ElementFinder$2.findElement(ElementLocation.java:165)
at org.openqa.selenium.remote.ElementLocation.findElement(ElementLocation.java:59)
at org.openqa.selenium.remote.RemoteWebDriver.findElement(RemoteWebDriver.java:356)
at org.openqa.selenium.remote.RemoteWebDriver.findElement(RemoteWebDriver.java:350)
at org.openqa.selenium.support.pagefactory.DefaultElementLocator.findElement(DefaultElementLocator.java:68)
at org.openqa.selenium.support.pagefactory.internal.LocatingElementHandler.invoke(LocatingElementHandler.java:38)
at jdk.proxy2/jdk.proxy2.$Proxy14.click(Unknown Source)
at dsAlgoPages.StackPage.runButton(StackPage.java:90)
at dsAlgoTests.StackTest.checkErrorMessageWhenExecutingWithoutCodeInApplicationsInStackPage(StackTest.java:145)
at java.base/jdk.internal.reflect.DirectMethodHandleAccessor.invoke(DirectMethodHandleAccessor.java:103)
at java.base/java.lang.reflect.Method.invoke(Method.java:580)
at org.testng.internal.MethodInvocationHelper.invokeMethod(MethodInvocationHelper.java:133)
at org.testng.internal.TestInvoker.invokeMethod(TestInvoker.java:598)
at org.testng.internal.TestInvoker.invokeTestMethod(TestInvoker.java:173)
at org.testng.internal.MethodRunner.runInSequence(MethodRunner.java:46)
at org.testng.internal.TestInvoker$MethodInvocationAgent.invoke(TestInvoker.java:824)
at org.testng.internal.TestInvoker.invokeTestMethods(TestInvoker.java:146)
at org.testng.internal.TestMethodWorker.invokeTestMethods(TestMethodWorker.java:146)
at org.testng.internal.TestMethodWorker.run(TestMethodWorker.java:128)
at java.base/java.util.concurrent.ThreadPoolExecutor.runWorker(ThreadPoolExecutor.java:1144)
at java.base/java.util.concurrent.ThreadPoolExecutor$Worker.run(ThreadPoolExecutor.java:642)
at java.base/java.lang.Thread.run(Thread.java:1583)
Caused by: java.util.concurrent.RejectedExecutionException: Task jdk.internal.net.http.common.SequentialScheduler$SchedulableTask@72d8606d rejected from java.util.concurrent.ThreadPoolExecutor@2ff38442[Terminated, pool size = 0, active threads = 0, queued tasks = 0, completed tasks = 145]
at java.base/java.util.concurrent.ThreadPoolExecutor$AbortPolicy.rejectedExecution(ThreadPoolExecutor.java:2081)
at java.base/java.util.concurrent.ThreadPoolExecutor.reject(ThreadPoolExecutor.java:841)
at java.base/java.util.concurrent.ThreadPoolExecutor.execute(ThreadPoolExecutor.java:1376)
at java.net.http/jdk.internal.net.http.HttpClientImpl$DelegatingExecutor.ensureExecutedAsync(HttpClientImpl.java:183)
at java.net.http/jdk.internal.net.http.HttpClientImpl$DelegatingExecutor.execute(HttpClientImpl.java:175)
at java.net.http/jdk.internal.net.http.common.SequentialScheduler.runOrSchedule(SequentialScheduler.java:282)
at java.net.http/jdk.internal.net.http.common.SequentialScheduler.runOrSchedule(SequentialScheduler.java:251)
at java.net.http/jdk.internal.net.http.Http1AsyncReceiver.onReadError(Http1AsyncReceiver.java:516)
at java.net.http/jdk.internal.net.http.Http1AsyncReceiver$Http1TubeSubscriber.onError(Http1AsyncReceiver.java:595)
at java.net.http/jdk.internal.net.http.SocketTube$InternalReadPublisher$ReadSubscription.signalCompletion(SocketTube.java:645)
at java.net.http/jdk.internal.net.http.SocketTube$InternalReadPublisher$InternalReadSubscription.read(SocketTube.java:829)
at java.net.http/jdk.internal.net.http.SocketTube$SocketFlowTask.run(SocketTube.java:181)
at java.net.http/jdk.internal.net.http.common.SequentialScheduler$SchedulableTask.run(SequentialScheduler.java:207)
at java.net.http/jdk.internal.net.http.common.SequentialScheduler.runOrSchedule(SequentialScheduler.java:280)
at java.net.http/jdk.internal.net.http.common.SequentialScheduler.runOrSchedule(SequentialScheduler.java:233)
at java.net.http/jdk.internal.net.http.SocketTube$InternalReadPublisher$InternalReadSubscription.signalReadable(SocketTube.java:782)
at java.net.http/jdk.internal.net.http.SocketTube$InternalReadPublisher$ReadEvent.signalEvent(SocketTube.java:965)
at java.net.http/jdk.internal.net.http.SocketTube$SocketFlowEvent.handle(SocketTube.java:253)
at java.net.http/jdk.internal.net.http.HttpClientImpl$SelectorManager.handleEvent(HttpClientImpl.java:1467)
at java.net.http/jdk.internal.net.http.HttpClientImpl$SelectorManager.lambda$run$3(HttpClientImpl.java:1412)
at java.base/java.util.ArrayList.forEach(ArrayList.java:1596)
at java.net.http/jdk.internal.net.http.HttpClientImpl$SelectorManager.run(HttpClientImpl.java:1412)
]]>
    </error>
  </testcase> <!-- checkErrorMessageWhenExecutingWithoutCodeInApplicationsInStackPage -->
  <system-out/>
  <testcase classname="dsAlgoTests.StackTest" name="verifyCodeImplementationPage" time="0.000">
    <skipped/>
  </testcase> <!-- verifyCodeImplementationPage -->
  <system-out/>
  <testcase classname="dsAlgoTests.StackTest" name="verifyCodeOperationsInStackPage" time="0.000">
    <skipped/>
  </testcase> <!-- verifyCodeOperationsInStackPage -->
  <system-out/>
  <testcase classname="dsAlgoTests.StackTest" name="verifyCodeImplementationPage" time="0.000">
    <skipped/>
  </testcase> <!-- verifyCodeImplementationPage -->
  <system-out/>
  <testcase classname="dsAlgoTests.StackTest" name="verifyCodeOperationsInStackPage" time="0.000">
    <skipped/>
  </testcase> <!-- verifyCodeOperationsInStackPage -->
  <system-out/>
  <testcase classname="dsAlgoTests.StackTest" name="verifyCodeImplementationPage" time="0.000">
    <skipped/>
  </testcase> <!-- verifyCodeImplementationPage -->
  <system-out/>
  <testcase classname="dsAlgoTests.StackTest" name="verifyCodeApplicationsPage" time="0.000">
    <skipped/>
  </testcase> <!-- verifyCodeApplicationsPage -->
  <system-out/>
  <testcase classname="dsAlgoTests.StackTest" name="verifyCodeImplementationPage" time="0.000">
    <skipped/>
  </testcase> <!-- verifyCodeImplementationPage -->
  <system-out/>
  <testcase classname="dsAlgoTests.StackTest" name="verifyCodeImplementationPage" time="0.000">
    <skipped/>
  </testcase> <!-- verifyCodeImplementationPage -->
  <system-out/>
  <testcase classname="dsAlgoTests.StackTest" name="verifyCodeOperationsInStackPage" time="0.000">
    <skipped/>
  </testcase> <!-- verifyCodeOperationsInStackPage -->
  <system-out/>
  <testcase classname="dsAlgoTests.StackTest" name="verifyCodeImplementationPage" time="0.000">
    <skipped/>
  </testcase> <!-- verifyCodeImplementationPage -->
  <system-out/>
  <testcase classname="dsAlgoTests.StackTest" name="verifyCodeImplementationPage" time="0.000">
    <skipped/>
  </testcase> <!-- verifyCodeImplementationPage -->
  <system-out/>
  <testcase classname="dsAlgoTests.StackTest" name="verifyCodeImplementationPage" time="0.000">
    <skipped/>
  </testcase> <!-- verifyCodeImplementationPage -->
  <system-out/>
  <testcase classname="dsAlgoTests.StackTest" name="verifyCodeImplementationPage" time="0.000">
    <skipped/>
  </testcase> <!-- verifyCodeImplementationPage -->
  <system-out/>
  <testcase classname="dsAlgoTests.StackTest" name="verifyCodeOperationsInStackPage" time="0.000">
    <skipped/>
  </testcase> <!-- verifyCodeOperationsInStackPage -->
  <system-out/>
  <testcase classname="dsAlgoTests.StackTest" name="verifyCodeOperationsInStackPage" time="0.000">
    <skipped/>
  </testcase> <!-- verifyCodeOperationsInStackPage -->
  <system-out/>
  <testcase classname="dsAlgoTests.StackTest" name="verifyCodeOperationsInStackPage" time="0.000">
    <skipped/>
  </testcase> <!-- verifyCodeOperationsInStackPage -->
  <system-out/>
  <testcase classname="dsAlgoTests.StackTest" name="verifyCodeOperationsInStackPage" time="0.000">
    <skipped/>
  </testcase> <!-- verifyCodeOperationsInStackPage -->
  <system-out/>
  <testcase classname="dsAlgoTests.StackTest" name="verifyCodeApplicationsPage" time="0.000">
    <skipped/>
  </testcase> <!-- verifyCodeApplicationsPage -->
  <system-out/>
  <testcase classname="dsAlgoTests.StackTest" name="verifyCodeApplicationsPage" time="0.000">
    <skipped/>
  </testcase> <!-- verifyCodeApplicationsPage -->
  <system-out/>
  <testcase classname="dsAlgoTests.StackTest" name="verifyCodeImplementationPage" time="0.000">
    <skipped/>
  </testcase> <!-- verifyCodeImplementationPage -->
  <system-out/>
  <testcase classname="dsAlgoTests.StackTest" name="verifyCodeImplementationPage" time="0.000">
    <skipped/>
  </testcase> <!-- verifyCodeImplementationPage -->
  <system-out/>
  <testcase classname="dsAlgoTests.StackTest" name="verifyCodeApplicationsPage" time="0.000">
    <skipped/>
  </testcase> <!-- verifyCodeApplicationsPage -->
  <system-out/>
  <testcase classname="dsAlgoTests.StackTest" name="verifyCodeOperationsInStackPage" time="0.000">
    <skipped/>
  </testcase> <!-- verifyCodeOperationsInStackPage -->
  <system-out/>
  <testcase classname="dsAlgoTests.StackTest" name="verifyCodeApplicationsPage" time="0.000">
    <skipped/>
  </testcase> <!-- verifyCodeApplicationsPage -->
  <system-out/>
  <testcase classname="dsAlgoTests.StackTest" name="verifyCodeApplicationsPage" time="0.000">
    <skipped/>
  </testcase> <!-- verifyCodeApplicationsPage -->
  <system-out/>
  <testcase classname="dsAlgoTests.StackTest" name="verifyCodeImplementationPage" time="0.000">
    <skipped/>
  </testcase> <!-- verifyCodeImplementationPage -->
  <system-out/>
  <testcase classname="dsAlgoTests.StackTest" name="verifyCodeApplicationsPage" time="0.000">
    <skipped/>
  </testcase> <!-- verifyCodeApplicationsPage -->
  <system-out/>
  <testcase classname="dsAlgoTests.StackTest" name="verifyCodeApplicationsPage" time="0.000">
    <skipped/>
  </testcase> <!-- verifyCodeApplicationsPage -->
  <system-out/>
  <testcase classname="dsAlgoTests.StackTest" name="verifyCodeOperationsInStackPage" time="0.000">
    <skipped/>
  </testcase> <!-- verifyCodeOperationsInStackPage -->
  <system-out/>
  <testcase classname="dsAlgoTests.StackTest" name="verifyCodeImplementationPage" time="0.000">
    <skipped/>
  </testcase> <!-- verifyCodeImplementationPage -->
  <system-out/>
  <testcase classname="dsAlgoTests.StackTest" name="verifyCodeImplementationPage" time="0.000">
    <skipped/>
  </testcase> <!-- verifyCodeImplementationPage -->
  <system-out/>
  <testcase classname="dsAlgoTests.StackTest" name="verifyCodeImplementationPage" time="0.000">
    <skipped/>
  </testcase> <!-- verifyCodeImplementationPage -->
  <system-out/>
  <testcase classname="dsAlgoTests.StackTest" name="verifyCodeOperationsInStackPage" time="0.000">
    <skipped/>
  </testcase> <!-- verifyCodeOperationsInStackPage -->
  <system-out/>
  <testcase classname="dsAlgoTests.StackTest" name="verifyCodeOperationsInStackPage" time="0.000">
    <skipped/>
  </testcase> <!-- verifyCodeOperationsInStackPage -->
  <system-out/>
  <testcase classname="dsAlgoTests.StackTest" name="verifyCodeOperationsInStackPage" time="0.000">
    <skipped/>
  </testcase> <!-- verifyCodeOperationsInStackPage -->
  <system-out/>
  <testcase classname="dsAlgoTests.StackTest" name="verifyCodeApplicationsPage" time="0.000">
    <skipped/>
  </testcase> <!-- verifyCodeApplicationsPage -->
  <system-out/>
  <testcase classname="dsAlgoTests.StackTest" name="verifyCodeOperationsInStackPage" time="0.000">
    <skipped/>
  </testcase> <!-- verifyCodeOperationsInStackPage -->
  <system-out/>
  <testcase classname="dsAlgoTests.StackTest" name="verifyCodeApplicationsPage" time="0.000">
    <skipped/>
  </testcase> <!-- verifyCodeApplicationsPage -->
  <system-out/>
  <testcase classname="dsAlgoTests.StackTest" name="verifyCodeImplementationPage" time="0.000">
    <skipped/>
  </testcase> <!-- verifyCodeImplementationPage -->
  <system-out/>
  <testcase classname="dsAlgoTests.StackTest" name="verifyCodeImplementationPage" time="0.000">
    <skipped/>
  </testcase> <!-- verifyCodeImplementationPage -->
  <system-out/>
  <testcase classname="dsAlgoTests.StackTest" name="verifyCodeOperationsInStackPage" time="0.000">
    <skipped/>
  </testcase> <!-- verifyCodeOperationsInStackPage -->
  <system-out/>
  <testcase classname="dsAlgoTests.StackTest" name="verifyCodeApplicationsPage" time="0.000">
    <skipped/>
  </testcase> <!-- verifyCodeApplicationsPage -->
  <system-out/>
  <testcase classname="dsAlgoTests.StackTest" name="verifyCodeOperationsInStackPage" time="0.000">
    <skipped/>
  </testcase> <!-- verifyCodeOperationsInStackPage -->
  <system-out/>
  <testcase classname="dsAlgoTests.StackTest" name="verifyCodeOperationsInStackPage" time="0.000">
    <skipped/>
  </testcase> <!-- verifyCodeOperationsInStackPage -->
  <system-out/>
  <testcase classname="dsAlgoTests.StackTest" name="verifyCodeApplicationsPage" time="0.000">
    <skipped/>
  </testcase> <!-- verifyCodeApplicationsPage -->
  <system-out/>
  <testcase classname="dsAlgoTests.StackTest" name="verifyCodeOperationsInStackPage" time="0.000">
    <skipped/>
  </testcase> <!-- verifyCodeOperationsInStackPage -->
  <system-out/>
  <testcase classname="dsAlgoTests.StackTest" name="verifyCodeOperationsInStackPage" time="0.000">
    <skipped/>
  </testcase> <!-- verifyCodeOperationsInStackPage -->
  <system-out/>
  <testcase classname="dsAlgoTests.StackTest" name="verifyCodeImplementationPage" time="0.000">
    <skipped/>
  </testcase> <!-- verifyCodeImplementationPage -->
  <system-out/>
  <testcase classname="dsAlgoTests.StackTest" name="verifyCodeApplicationsPage" time="0.000">
    <skipped/>
  </testcase> <!-- verifyCodeApplicationsPage -->
  <system-out/>
  <testcase classname="dsAlgoTests.StackTest" name="verifyCodeApplicationsPage" time="0.000">
    <skipped/>
  </testcase> <!-- verifyCodeApplicationsPage -->
  <system-out/>
  <testcase classname="dsAlgoTests.StackTest" name="verifyCodeApplicationsPage" time="0.000">
    <skipped/>
  </testcase> <!-- verifyCodeApplicationsPage -->
  <system-out/>
  <testcase classname="dsAlgoTests.StackTest" name="verifyCodeOperationsInStackPage" time="0.000">
    <skipped/>
  </testcase> <!-- verifyCodeOperationsInStackPage -->
  <system-out/>
  <testcase classname="dsAlgoTests.StackTest" name="verifyCodeApplicationsPage" time="0.000">
    <skipped/>
  </testcase> <!-- verifyCodeApplicationsPage -->
  <system-out/>
  <testcase classname="dsAlgoTests.StackTest" name="verifyCodeImplementationPage" time="0.000">
    <skipped/>
  </testcase> <!-- verifyCodeImplementationPage -->
  <system-out/>
  <testcase classname="dsAlgoTests.StackTest" name="verifyCodeImplementationPage" time="0.000">
    <skipped/>
  </testcase> <!-- verifyCodeImplementationPage -->
  <system-out/>
  <testcase classname="dsAlgoTests.StackTest" name="verifyCodeApplicationsPage" time="0.000">
    <skipped/>
  </testcase> <!-- verifyCodeApplicationsPage -->
  <system-out/>
  <testcase classname="dsAlgoTests.StackTest" name="verifyCodeApplicationsPage" time="0.000">
    <skipped/>
  </testcase> <!-- verifyCodeApplicationsPage -->
  <system-out/>
  <testcase classname="dsAlgoTests.StackTest" name="verifyCodeOperationsInStackPage" time="0.000">
    <skipped/>
  </testcase> <!-- verifyCodeOperationsInStackPage -->
  <system-out/>
  <testcase classname="dsAlgoTests.StackTest" name="verifyCodeApplicationsPage" time="0.000">
    <skipped/>
  </testcase> <!-- verifyCodeApplicationsPage -->
  <system-out/>
  <testcase classname="dsAlgoTests.StackTest" name="verifyCodeOperationsInStackPage" time="0.000">
    <skipped/>
  </testcase> <!-- verifyCodeOperationsInStackPage -->
  <system-out/>
  <testcase classname="dsAlgoTests.StackTest" name="verifyCodeApplicationsPage" time="0.000">
    <skipped/>
  </testcase> <!-- verifyCodeApplicationsPage -->
  <system-out/>
  <testcase classname="dsAlgoTests.StackTest" name="verifyCodeImplementationPage" time="0.000">
    <skipped/>
  </testcase> <!-- verifyCodeImplementationPage -->
  <system-out/>
  <testcase classname="dsAlgoTests.StackTest" name="verifyCodeImplementationPage" time="0.000">
    <skipped/>
  </testcase> <!-- verifyCodeImplementationPage -->
  <system-out/>
  <testcase classname="dsAlgoTests.StackTest" name="verifyCodeApplicationsPage" time="0.000">
    <skipped/>
  </testcase> <!-- verifyCodeApplicationsPage -->
  <system-out/>
  <testcase classname="dsAlgoTests.StackTest" name="verifyCodeImplementationPage" time="0.000">
    <skipped/>
  </testcase> <!-- verifyCodeImplementationPage -->
  <system-out/>
  <testcase classname="dsAlgoTests.StackTest" name="verifyCodeImplementationPage" time="0.000">
    <skipped/>
  </testcase> <!-- verifyCodeImplementationPage -->
  <system-out/>
  <testcase classname="dsAlgoTests.StackTest" name="verifyCodeApplicationsPage" time="0.000">
    <skipped/>
  </testcase> <!-- verifyCodeApplicationsPage -->
  <system-out/>
  <testcase classname="dsAlgoTests.StackTest" name="verifyCodeImplementationPage" time="0.000">
    <skipped/>
  </testcase> <!-- verifyCodeImplementationPage -->
  <system-out/>
  <testcase classname="dsAlgoTests.StackTest" name="verifyCodeOperationsInStackPage" time="0.000">
    <skipped/>
  </testcase> <!-- verifyCodeOperationsInStackPage -->
  <system-out/>
  <testcase classname="dsAlgoTests.StackTest" name="verifyCodeOperationsInStackPage" time="0.000">
    <skipped/>
  </testcase> <!-- verifyCodeOperationsInStackPage -->
  <system-out/>
  <testcase classname="dsAlgoTests.StackTest" name="verifyCodeImplementationPage" time="0.000">
    <skipped/>
  </testcase> <!-- verifyCodeImplementationPage -->
  <system-out/>
  <testcase classname="dsAlgoTests.StackTest" name="verifyCodeApplicationsPage" time="0.000">
    <skipped/>
  </testcase> <!-- verifyCodeApplicationsPage -->
  <system-out/>
  <testcase classname="dsAlgoTests.StackTest" name="verifyCodeApplicationsPage" time="0.000">
    <skipped/>
  </testcase> <!-- verifyCodeApplicationsPage -->
  <system-out/>
  <testcase classname="dsAlgoTests.StackTest" name="verifyCodeApplicationsPage" time="0.000">
    <skipped/>
  </testcase> <!-- verifyCodeApplicationsPage -->
  <system-out/>
  <testcase classname="dsAlgoTests.StackTest" name="verifyCodeOperationsInStackPage" time="0.000">
    <skipped/>
  </testcase> <!-- verifyCodeOperationsInStackPage -->
  <system-out/>
  <testcase classname="dsAlgoTests.StackTest" name="verifyCodeApplicationsPage" time="0.000">
    <skipped/>
  </testcase> <!-- verifyCodeApplicationsPage -->
  <system-out/>
  <testcase classname="dsAlgoTests.StackTest" name="verifyCodeOperationsInStackPage" time="0.000">
    <skipped/>
  </testcase> <!-- verifyCodeOperationsInStackPage -->
  <system-out/>
  <testcase classname="dsAlgoTests.StackTest" name="verifyCodeImplementationPage" time="0.000">
    <skipped/>
  </testcase> <!-- verifyCodeImplementationPage -->
  <system-out/>
  <testcase classname="dsAlgoTests.StackTest" name="verifyCodeOperationsInStackPage" time="0.000">
    <skipped/>
  </testcase> <!-- verifyCodeOperationsInStackPage -->
  <system-out/>
  <testcase classname="dsAlgoTests.StackTest" name="verifyCodeImplementationPage" time="0.000">
    <skipped/>
  </testcase> <!-- verifyCodeImplementationPage -->
  <system-out/>
  <testcase classname="dsAlgoTests.StackTest" name="verifyCodeApplicationsPage" time="0.000">
    <skipped/>
  </testcase> <!-- verifyCodeApplicationsPage -->
  <system-out/>
  <testcase classname="dsAlgoTests.StackTest" name="verifyCodeApplicationsPage" time="0.000">
    <skipped/>
  </testcase> <!-- verifyCodeApplicationsPage -->
  <system-out/>
  <testcase classname="dsAlgoTests.StackTest" name="verifyCodeOperationsInStackPage" time="0.000">
    <skipped/>
  </testcase> <!-- verifyCodeOperationsInStackPage -->
  <system-out/>
  <testcase classname="dsAlgoTests.StackTest" name="verifyCodeOperationsInStackPage" time="0.000">
    <skipped/>
  </testcase> <!-- verifyCodeOperationsInStackPage -->
  <system-out/>
  <testcase classname="dsAlgoTests.StackTest" name="verifyCodeApplicationsPage" time="0.000">
    <skipped/>
  </testcase> <!-- verifyCodeApplicationsPage -->
  <system-out/>
  <testcase classname="dsAlgoTests.StackTest" name="verifyCodeApplicationsPage" time="0.000">
    <skipped/>
  </testcase> <!-- verifyCodeApplicationsPage -->
  <system-out/>
  <testcase classname="dsAlgoTests.StackTest" name="verifyCodeImplementationPage" time="0.000">
    <skipped/>
  </testcase> <!-- verifyCodeImplementationPage -->
  <system-out/>
  <testcase classname="dsAlgoTests.StackTest" name="verifyCodeImplementationPage" time="0.000">
    <skipped/>
  </testcase> <!-- verifyCodeImplementationPage -->
  <system-out/>
  <testcase classname="dsAlgoTests.StackTest" name="verifyCodeImplementationPage" time="0.000">
    <skipped/>
  </testcase> <!-- verifyCodeImplementationPage -->
  <system-out/>
  <testcase classname="dsAlgoTests.StackTest" name="verifyCodeApplicationsPage" time="0.000">
    <skipped/>
  </testcase> <!-- verifyCodeApplicationsPage -->
  <system-out/>
  <testcase classname="dsAlgoTests.StackTest" name="verifyCodeOperationsInStackPage" time="0.000">
    <skipped/>
  </testcase> <!-- verifyCodeOperationsInStackPage -->
  <system-out/>
  <testcase classname="dsAlgoTests.StackTest" name="verifyCodeApplicationsPage" time="0.000">
    <skipped/>
  </testcase> <!-- verifyCodeApplicationsPage -->
  <system-out/>
  <testcase classname="dsAlgoTests.StackTest" name="verifyCodeApplicationsPage" time="0.000">
    <skipped/>
  </testcase> <!-- verifyCodeApplicationsPage -->
  <system-out/>
  <testcase classname="dsAlgoTests.StackTest" name="verifyCodeOperationsInStackPage" time="0.000">
    <skipped/>
  </testcase> <!-- verifyCodeOperationsInStackPage -->
  <system-out/>
  <testcase classname="dsAlgoTests.StackTest" name="verifyCodeImplementationPage" time="0.000">
    <skipped/>
  </testcase> <!-- verifyCodeImplementationPage -->
  <system-out/>
  <testcase classname="dsAlgoTests.StackTest" name="verifyCodeApplicationsPage" time="0.000">
    <skipped/>
  </testcase> <!-- verifyCodeApplicationsPage -->
  <system-out/>
  <testcase classname="dsAlgoTests.StackTest" name="verifyCodeOperationsInStackPage" time="0.000">
    <skipped/>
  </testcase> <!-- verifyCodeOperationsInStackPage -->
  <system-out/>
  <testcase classname="dsAlgoTests.StackTest" name="verifyCodeOperationsInStackPage" time="0.000">
    <skipped/>
  </testcase> <!-- verifyCodeOperationsInStackPage -->
  <system-out/>
  <testcase classname="dsAlgoTests.StackTest" name="verifyCodeImplementationPage" time="0.000">
    <skipped/>
  </testcase> <!-- verifyCodeImplementationPage -->
  <system-out/>
  <testcase classname="dsAlgoTests.StackTest" name="verifyCodeApplicationsPage" time="0.000">
    <skipped/>
  </testcase> <!-- verifyCodeApplicationsPage -->
  <system-out/>
  <testcase classname="dsAlgoTests.StackTest" name="verifyCodeApplicationsPage" time="0.000">
    <skipped/>
  </testcase> <!-- verifyCodeApplicationsPage -->
  <system-out/>
  <testcase classname="dsAlgoTests.StackTest" name="verifyCodeApplicationsPage" time="0.000">
    <skipped/>
  </testcase> <!-- verifyCodeApplicationsPage -->
  <system-out/>
  <testcase classname="dsAlgoTests.StackTest" name="verifyCodeApplicationsPage" time="0.000">
    <skipped/>
  </testcase> <!-- verifyCodeApplicationsPage -->
  <system-out/>
  <testcase classname="dsAlgoTests.StackTest" name="verifyCodeApplicationsPage" time="0.000">
    <skipped/>
  </testcase> <!-- verifyCodeApplicationsPage -->
  <system-out/>
  <testcase classname="dsAlgoTests.StackTest" name="verifyCodeApplicationsPage" time="0.000">
    <skipped/>
  </testcase> <!-- verifyCodeApplicationsPage -->
  <system-out/>
  <testcase classname="dsAlgoTests.StackTest" name="verifyCodeApplicationsPage" time="0.000">
    <skipped/>
  </testcase> <!-- verifyCodeApplicationsPage -->
  <system-out/>
  <testcase classname="dsAlgoTests.StackTest" name="verifyCodeImplementationPage" time="0.000">
    <skipped/>
  </testcase> <!-- verifyCodeImplementationPage -->
  <system-out/>
  <testcase classname="dsAlgoTests.StackTest" name="verifyCodeOperationsInStackPage" time="0.000">
    <skipped/>
  </testcase> <!-- verifyCodeOperationsInStackPage -->
  <system-out/>
  <testcase classname="dsAlgoTests.StackTest" name="verifyCodeImplementationPage" time="0.000">
    <skipped/>
  </testcase> <!-- verifyCodeImplementationPage -->
  <system-out/>
  <testcase classname="dsAlgoTests.StackTest" name="verifyCodeImplementationPage" time="0.000">
    <skipped/>
  </testcase> <!-- verifyCodeImplementationPage -->
  <system-out/>
  <testcase classname="dsAlgoTests.StackTest" name="verifyCodeOperationsInStackPage" time="0.000">
    <skipped/>
  </testcase> <!-- verifyCodeOperationsInStackPage -->
  <system-out/>
  <testcase classname="dsAlgoTests.StackTest" name="verifyCodeApplicationsPage" time="0.000">
    <skipped/>
  </testcase> <!-- verifyCodeApplicationsPage -->
  <system-out/>
  <testcase classname="dsAlgoTests.StackTest" name="verifyCodeApplicationsPage" time="0.000">
    <skipped/>
  </testcase> <!-- verifyCodeApplicationsPage -->
  <system-out/>
  <testcase classname="dsAlgoTests.StackTest" name="verifyCodeImplementationPage" time="0.000">
    <skipped/>
  </testcase> <!-- verifyCodeImplementationPage -->
  <system-out/>
  <testcase classname="dsAlgoTests.StackTest" name="verifyCodeApplicationsPage" time="0.000">
    <skipped/>
  </testcase> <!-- verifyCodeApplicationsPage -->
  <system-out/>
  <testcase classname="dsAlgoTests.StackTest" name="verifyCodeApplicationsPage" time="0.000">
    <skipped/>
  </testcase> <!-- verifyCodeApplicationsPage -->
  <system-out/>
  <testcase classname="dsAlgoTests.StackTest" name="verifyCodeOperationsInStackPage" time="0.000">
    <skipped/>
  </testcase> <!-- verifyCodeOperationsInStackPage -->
  <system-out/>
  <testcase classname="dsAlgoTests.StackTest" name="verifyCodeImplementationPage" time="0.000">
    <skipped/>
  </testcase> <!-- verifyCodeImplementationPage -->
  <system-out/>
  <testcase classname="dsAlgoTests.StackTest" name="verifyCodeImplementationPage" time="0.000">
    <skipped/>
  </testcase> <!-- verifyCodeImplementationPage -->
  <system-out/>
  <testcase classname="dsAlgoTests.StackTest" name="verifyCodeApplicationsPage" time="0.000">
    <skipped/>
  </testcase> <!-- verifyCodeApplicationsPage -->
  <system-out/>
  <testcase classname="dsAlgoTests.StackTest" name="verifyCodeOperationsInStackPage" time="0.000">
    <skipped/>
  </testcase> <!-- verifyCodeOperationsInStackPage -->
  <system-out/>
  <testcase classname="dsAlgoTests.StackTest" name="verifyCodeOperationsInStackPage" time="0.000">
    <skipped/>
  </testcase> <!-- verifyCodeOperationsInStackPage -->
  <system-out/>
  <testcase classname="dsAlgoTests.StackTest" name="verifyCodeApplicationsPage" time="0.000">
    <skipped/>
  </testcase> <!-- verifyCodeApplicationsPage -->
  <system-out/>
  <testcase classname="dsAlgoTests.StackTest" name="verifyCodeImplementationPage" time="0.000">
    <skipped/>
  </testcase> <!-- verifyCodeImplementationPage -->
  <system-out/>
  <testcase classname="dsAlgoTests.StackTest" name="verifyCodeApplicationsPage" time="0.000">
    <skipped/>
  </testcase> <!-- verifyCodeApplicationsPage -->
  <system-out/>
  <testcase classname="dsAlgoTests.StackTest" name="verifyCodeApplicationsPage" time="0.000">
    <skipped/>
  </testcase> <!-- verifyCodeApplicationsPage -->
  <system-out/>
  <testcase classname="dsAlgoTests.StackTest" name="verifyCodeApplicationsPage" time="0.000">
    <skipped/>
  </testcase> <!-- verifyCodeApplicationsPage -->
  <system-out/>
  <testcase classname="dsAlgoTests.StackTest" name="verifyCodeOperationsInStackPage" time="0.000">
    <skipped/>
  </testcase> <!-- verifyCodeOperationsInStackPage -->
  <system-out/>
  <testcase classname="dsAlgoTests.StackTest" name="verifyCodeApplicationsPage" time="0.000">
    <skipped/>
  </testcase> <!-- verifyCodeApplicationsPage -->
  <system-out/>
  <testcase classname="dsAlgoTests.StackTest" name="verifyCodeApplicationsPage" time="0.000">
    <skipped/>
  </testcase> <!-- verifyCodeApplicationsPage -->
  <system-out/>
  <testcase classname="dsAlgoTests.StackTest" name="verifyCodeOperationsInStackPage" time="0.000">
    <skipped/>
  </testcase> <!-- verifyCodeOperationsInStackPage -->
  <system-out/>
  <testcase classname="dsAlgoTests.StackTest" name="verifyCodeApplicationsPage" time="0.000">
    <skipped/>
  </testcase> <!-- verifyCodeApplicationsPage -->
  <system-out/>
  <testcase classname="dsAlgoTests.StackTest" name="verifyCodeImplementationPage" time="0.000">
    <skipped/>
  </testcase> <!-- verifyCodeImplementationPage -->
  <system-out/>
  <testcase classname="dsAlgoTests.StackTest" name="verifyCodeApplicationsPage" time="0.000">
    <skipped/>
  </testcase> <!-- verifyCodeApplicationsPage -->
  <system-out/>
  <testcase classname="dsAlgoTests.StackTest" name="verifyCodeImplementationPage" time="0.000">
    <skipped/>
  </testcase> <!-- verifyCodeImplementationPage -->
  <system-out/>
  <testcase classname="dsAlgoTests.StackTest" name="verifyCodeOperationsInStackPage" time="0.000">
    <skipped/>
  </testcase> <!-- verifyCodeOperationsInStackPage -->
  <system-out/>
  <testcase classname="dsAlgoTests.StackTest" name="verifyCodeImplementationPage" time="0.000">
    <skipped/>
  </testcase> <!-- verifyCodeImplementationPage -->
  <system-out/>
  <testcase classname="dsAlgoTests.StackTest" name="verifyCodeImplementationPage" time="0.000">
    <skipped/>
  </testcase> <!-- verifyCodeImplementationPage -->
  <system-out/>
  <testcase classname="dsAlgoTests.StackTest" name="verifyCodeApplicationsPage" time="0.000">
    <skipped/>
  </testcase> <!-- verifyCodeApplicationsPage -->
  <system-out/>
  <testcase classname="dsAlgoTests.StackTest" name="verifyCodeApplicationsPage" time="0.000">
    <skipped/>
  </testcase> <!-- verifyCodeApplicationsPage -->
  <system-out/>
  <testcase classname="dsAlgoTests.StackTest" name="verifyCodeImplementationPage" time="0.000">
    <skipped/>
  </testcase> <!-- verifyCodeImplementationPage -->
  <system-out/>
  <testcase classname="dsAlgoTests.StackTest" name="verifyCodeApplicationsPage" time="0.000">
    <skipped/>
  </testcase> <!-- verifyCodeApplicationsPage -->
  <system-out/>
  <testcase classname="dsAlgoTests.StackTest" name="verifyCodeOperationsInStackPage" time="0.000">
    <skipped/>
  </testcase> <!-- verifyCodeOperationsInStackPage -->
  <system-out/>
  <testcase classname="dsAlgoTests.StackTest" name="verifyCodeImplementationPage" time="0.000">
    <skipped/>
  </testcase> <!-- verifyCodeImplementationPage -->
  <system-out/>
  <testcase classname="dsAlgoTests.StackTest" name="verifyCodeImplementationPage" time="0.000">
    <skipped/>
  </testcase> <!-- verifyCodeImplementationPage -->
  <system-out/>
  <testcase classname="dsAlgoTests.StackTest" name="verifyCodeImplementationPage" time="0.000">
    <skipped/>
  </testcase> <!-- verifyCodeImplementationPage -->
  <system-out/>
  <testcase classname="dsAlgoTests.StackTest" name="verifyCodeOperationsInStackPage" time="0.000">
    <skipped/>
  </testcase> <!-- verifyCodeOperationsInStackPage -->
  <system-out/>
  <testcase classname="dsAlgoTests.StackTest" name="verifyCodeApplicationsPage" time="0.000">
    <skipped/>
  </testcase> <!-- verifyCodeApplicationsPage -->
  <system-out/>
  <testcase classname="dsAlgoTests.StackTest" name="verifyCodeApplicationsPage" time="0.000">
    <skipped/>
  </testcase> <!-- verifyCodeApplicationsPage -->
  <system-out/>
  <testcase classname="dsAlgoTests.StackTest" name="verifyCodeOperationsInStackPage" time="0.000">
    <skipped/>
  </testcase> <!-- verifyCodeOperationsInStackPage -->
  <system-out/>
  <testcase classname="dsAlgoTests.StackTest" name="verifyCodeOperationsInStackPage" time="0.000">
    <skipped/>
  </testcase> <!-- verifyCodeOperationsInStackPage -->
  <system-out/>
  <testcase classname="dsAlgoTests.StackTest" name="verifyCodeOperationsInStackPage" time="0.000">
    <skipped/>
  </testcase> <!-- verifyCodeOperationsInStackPage -->
  <system-out/>
  <testcase classname="dsAlgoTests.StackTest" name="verifyCodeApplicationsPage" time="0.000">
    <skipped/>
  </testcase> <!-- verifyCodeApplicationsPage -->
  <system-out/>
  <testcase classname="dsAlgoTests.StackTest" name="verifyCodeApplicationsPage" time="0.000">
    <skipped/>
  </testcase> <!-- verifyCodeApplicationsPage -->
  <system-out/>
  <testcase classname="dsAlgoTests.StackTest" name="verifyCodeOperationsInStackPage" time="0.000">
    <skipped/>
  </testcase> <!-- verifyCodeOperationsInStackPage -->
  <system-out/>
  <testcase classname="dsAlgoTests.StackTest" name="verifyCodeOperationsInStackPage" time="0.000">
    <skipped/>
  </testcase> <!-- verifyCodeOperationsInStackPage -->
  <system-out/>
  <testcase classname="dsAlgoTests.StackTest" name="verifyCodeApplicationsPage" time="0.000">
    <skipped/>
  </testcase> <!-- verifyCodeApplicationsPage -->
  <system-out/>
  <testcase classname="dsAlgoTests.StackTest" name="verifyCodeApplicationsPage" time="0.000">
    <skipped/>
  </testcase> <!-- verifyCodeApplicationsPage -->
  <system-out/>
  <testcase classname="dsAlgoTests.StackTest" name="verifyCodeOperationsInStackPage" time="0.000">
    <skipped/>
  </testcase> <!-- verifyCodeOperationsInStackPage -->
  <system-out/>
  <testcase classname="dsAlgoTests.StackTest" name="verifyCodeApplicationsPage" time="0.000">
    <skipped/>
  </testcase> <!-- verifyCodeApplicationsPage -->
  <system-out/>
  <testcase classname="dsAlgoTests.StackTest" name="verifyCodeOperationsInStackPage" time="0.000">
    <skipped/>
  </testcase> <!-- verifyCodeOperationsInStackPage -->
  <system-out/>
  <testcase classname="dsAlgoTests.StackTest" name="verifyCodeImplementationPage" time="0.000">
    <skipped/>
  </testcase> <!-- verifyCodeImplementationPage -->
  <system-out/>
  <testcase classname="dsAlgoTests.StackTest" name="verifyCodeOperationsInStackPage" time="0.000">
    <skipped/>
  </testcase> <!-- verifyCodeOperationsInStackPage -->
  <system-out/>
  <testcase classname="dsAlgoTests.StackTest" name="verifyCodeImplementationPage" time="0.000">
    <skipped/>
  </testcase> <!-- verifyCodeImplementationPage -->
  <system-out/>
  <testcase classname="dsAlgoTests.StackTest" name="verifyCodeOperationsInStackPage" time="0.000">
    <skipped/>
  </testcase> <!-- verifyCodeOperationsInStackPage -->
  <system-out/>
  <testcase classname="dsAlgoTests.StackTest" name="verifyCodeImplementationPage" time="0.000">
    <skipped/>
  </testcase> <!-- verifyCodeImplementationPage -->
  <system-out/>
  <testcase classname="dsAlgoTests.StackTest" name="verifyCodeImplementationPage" time="0.000">
    <skipped/>
  </testcase> <!-- verifyCodeImplementationPage -->
  <system-out/>
  <testcase classname="dsAlgoTests.StackTest" name="verifyCodeApplicationsPage" time="0.000">
    <skipped/>
  </testcase> <!-- verifyCodeApplicationsPage -->
  <system-out/>
  <testcase classname="dsAlgoTests.StackTest" name="verifyCodeImplementationPage" time="0.000">
    <skipped/>
  </testcase> <!-- verifyCodeImplementationPage -->
  <system-out/>
  <testcase classname="dsAlgoTests.StackTest" name="verifyCodeImplementationPage" time="0.000">
    <skipped/>
  </testcase> <!-- verifyCodeImplementationPage -->
  <system-out/>
  <testcase classname="dsAlgoTests.StackTest" name="verifyCodeApplicationsPage" time="0.000">
    <skipped/>
  </testcase> <!-- verifyCodeApplicationsPage -->
  <system-out/>
  <testcase classname="dsAlgoTests.StackTest" name="verifyCodeOperationsInStackPage" time="0.000">
    <skipped/>
  </testcase> <!-- verifyCodeOperationsInStackPage -->
  <system-out/>
  <testcase classname="dsAlgoTests.StackTest" name="verifyCodeImplementationPage" time="0.000">
    <skipped/>
  </testcase> <!-- verifyCodeImplementationPage -->
  <system-out/>
  <testcase classname="dsAlgoTests.StackTest" name="verifyCodeImplementationPage" time="0.000">
    <skipped/>
  </testcase> <!-- verifyCodeImplementationPage -->
  <system-out/>
  <testcase classname="dsAlgoTests.StackTest" name="verifyCodeOperationsInStackPage" time="0.000">
    <skipped/>
  </testcase> <!-- verifyCodeOperationsInStackPage -->
  <system-out/>
  <testcase classname="dsAlgoTests.StackTest" name="verifyCodeOperationsInStackPage" time="0.000">
    <skipped/>
  </testcase> <!-- verifyCodeOperationsInStackPage -->
  <system-out/>
  <testcase classname="dsAlgoTests.StackTest" name="verifyCodeOperationsInStackPage" time="0.000">
    <skipped/>
  </testcase> <!-- verifyCodeOperationsInStackPage -->
  <system-out/>
  <testcase classname="dsAlgoTests.StackTest" name="verifyCodeImplementationPage" time="0.000">
    <skipped/>
  </testcase> <!-- verifyCodeImplementationPage -->
  <system-out/>
  <testcase classname="dsAlgoTests.StackTest" name="verifyCodeImplementationPage" time="0.000">
    <skipped/>
  </testcase> <!-- verifyCodeImplementationPage -->
  <system-out/>
  <testcase classname="dsAlgoTests.StackTest" name="verifyCodeOperationsInStackPage" time="0.000">
    <skipped/>
  </testcase> <!-- verifyCodeOperationsInStackPage -->
  <system-out/>
  <testcase classname="dsAlgoTests.StackTest" name="verifyCodeImplementationPage" time="0.000">
    <skipped/>
  </testcase> <!-- verifyCodeImplementationPage -->
  <system-out/>
  <testcase classname="dsAlgoTests.StackTest" name="verifyCodeImplementationPage" time="0.000">
    <skipped/>
  </testcase> <!-- verifyCodeImplementationPage -->
  <system-out/>
  <testcase classname="dsAlgoTests.StackTest" name="verifyCodeOperationsInStackPage" time="0.000">
    <skipped/>
  </testcase> <!-- verifyCodeOperationsInStackPage -->
  <system-out/>
  <testcase classname="dsAlgoTests.StackTest" name="verifyCodeApplicationsPage" time="0.000">
    <skipped/>
  </testcase> <!-- verifyCodeApplicationsPage -->
  <system-out/>
  <testcase classname="dsAlgoTests.StackTest" name="verifyCodeApplicationsPage" time="0.000">
    <skipped/>
  </testcase> <!-- verifyCodeApplicationsPage -->
  <system-out/>
  <testcase classname="dsAlgoTests.StackTest" name="verifyCodeImplementationPage" time="0.000">
    <skipped/>
  </testcase> <!-- verifyCodeImplementationPage -->
  <system-out/>
  <testcase classname="dsAlgoTests.StackTest" name="verifyCodeOperationsInStackPage" time="0.000">
    <skipped/>
  </testcase> <!-- verifyCodeOperationsInStackPage -->
  <system-out/>
  <testcase classname="dsAlgoTests.StackTest" name="verifyCodeOperationsInStackPage" time="0.000">
    <skipped/>
  </testcase> <!-- verifyCodeOperationsInStackPage -->
  <system-out/>
  <testcase classname="dsAlgoTests.StackTest" name="verifyCodeImplementationPage" time="0.000">
    <skipped/>
  </testcase> <!-- verifyCodeImplementationPage -->
  <system-out/>
  <testcase classname="dsAlgoTests.StackTest" name="verifyCodeApplicationsPage" time="0.000">
    <skipped/>
  </testcase> <!-- verifyCodeApplicationsPage -->
  <system-out/>
  <testcase classname="dsAlgoTests.StackTest" name="verifyCodeApplicationsPage" time="0.000">
    <skipped/>
  </testcase> <!-- verifyCodeApplicationsPage -->
  <system-out/>
  <testcase classname="dsAlgoTests.StackTest" name="verifyCodeOperationsInStackPage" time="0.000">
    <skipped/>
  </testcase> <!-- verifyCodeOperationsInStackPage -->
  <system-out/>
  <testcase classname="dsAlgoTests.StackTest" name="verifyCodeOperationsInStackPage" time="0.000">
    <skipped/>
  </testcase> <!-- verifyCodeOperationsInStackPage -->
  <system-out/>
  <testcase classname="dsAlgoTests.StackTest" name="verifyCodeOperationsInStackPage" time="0.000">
    <skipped/>
  </testcase> <!-- verifyCodeOperationsInStackPage -->
  <system-out/>
  <testcase classname="dsAlgoTests.StackTest" name="verifyCodeOperationsInStackPage" time="0.000">
    <skipped/>
  </testcase> <!-- verifyCodeOperationsInStackPage -->
  <system-out/>
  <testcase classname="dsAlgoTests.StackTest" name="verifyCodeApplicationsPage" time="0.000">
    <skipped/>
  </testcase> <!-- verifyCodeApplicationsPage -->
  <system-out/>
  <testcase classname="dsAlgoTests.StackTest" name="verifyCodeImplementationPage" time="0.000">
    <skipped/>
  </testcase> <!-- verifyCodeImplementationPage -->
  <system-out/>
  <testcase classname="dsAlgoTests.StackTest" name="verifyCodeImplementationPage" time="0.000">
    <skipped/>
  </testcase> <!-- verifyCodeImplementationPage -->
  <system-out/>
  <testcase classname="dsAlgoTests.StackTest" name="verifyCodeOperationsInStackPage" time="0.000">
    <skipped/>
  </testcase> <!-- verifyCodeOperationsInStackPage -->
  <system-out/>
  <testcase classname="dsAlgoTests.StackTest" name="verifyCodeOperationsInStackPage" time="0.000">
    <skipped/>
  </testcase> <!-- verifyCodeOperationsInStackPage -->
  <system-out/>
  <testcase classname="dsAlgoTests.StackTest" name="verifyCodeApplicationsPage" time="0.000">
    <skipped/>
  </testcase> <!-- verifyCodeApplicationsPage -->
  <system-out/>
  <testcase classname="dsAlgoTests.StackTest" name="verifyCodeImplementationPage" time="0.000">
    <skipped/>
  </testcase> <!-- verifyCodeImplementationPage -->
  <system-out/>
  <testcase classname="dsAlgoTests.StackTest" name="verifyCodeImplementationPage" time="0.000">
    <skipped/>
  </testcase> <!-- verifyCodeImplementationPage -->
  <system-out/>
  <testcase classname="dsAlgoTests.StackTest" name="verifyCodeImplementationPage" time="0.000">
    <skipped/>
  </testcase> <!-- verifyCodeImplementationPage -->
  <system-out/>
  <testcase classname="dsAlgoTests.StackTest" name="verifyCodeOperationsInStackPage" time="0.000">
    <skipped/>
  </testcase> <!-- verifyCodeOperationsInStackPage -->
  <system-out/>
  <testcase classname="dsAlgoTests.StackTest" name="verifyCodeOperationsInStackPage" time="0.000">
    <skipped/>
  </testcase> <!-- verifyCodeOperationsInStackPage -->
  <system-out/>
  <testcase classname="dsAlgoTests.StackTest" name="verifyCodeImplementationPage" time="0.000">
    <skipped/>
  </testcase> <!-- verifyCodeImplementationPage -->
  <system-out/>
  <testcase classname="dsAlgoTests.StackTest" name="verifyCodeImplementationPage" time="0.000">
    <skipped/>
  </testcase> <!-- verifyCodeImplementationPage -->
  <system-out/>
  <testcase classname="dsAlgoTests.StackTest" name="verifyCodeOperationsInStackPage" time="0.000">
    <skipped/>
  </testcase> <!-- verifyCodeOperationsInStackPage -->
  <system-out/>
  <testcase classname="dsAlgoTests.StackTest" name="verifyCodeOperationsInStackPage" time="0.000">
    <skipped/>
  </testcase> <!-- verifyCodeOperationsInStackPage -->
  <system-out/>
  <testcase classname="dsAlgoTests.StackTest" name="verifyCodeApplicationsPage" time="0.000">
    <skipped/>
  </testcase> <!-- verifyCodeApplicationsPage -->
  <system-out/>
  <testcase classname="dsAlgoTests.StackTest" name="verifyCodeImplementationPage" time="0.000">
    <skipped/>
  </testcase> <!-- verifyCodeImplementationPage -->
  <system-out/>
  <testcase classname="dsAlgoTests.StackTest" name="verifyCodeImplementationPage" time="0.000">
    <skipped/>
  </testcase> <!-- verifyCodeImplementationPage -->
  <system-out/>
  <testcase classname="dsAlgoTests.StackTest" name="verifyCodeOperationsInStackPage" time="0.000">
    <skipped/>
  </testcase> <!-- verifyCodeOperationsInStackPage -->
  <system-out/>
  <testcase classname="dsAlgoTests.StackTest" name="verifyCodeApplicationsPage" time="0.000">
    <skipped/>
  </testcase> <!-- verifyCodeApplicationsPage -->
  <system-out/>
  <testcase classname="dsAlgoTests.StackTest" name="verifyCodeApplicationsPage" time="0.000">
    <skipped/>
  </testcase> <!-- verifyCodeApplicationsPage -->
  <system-out/>
  <testcase classname="dsAlgoTests.StackTest" name="verifyCodeImplementationPage" time="0.000">
    <skipped/>
  </testcase> <!-- verifyCodeImplementationPage -->
  <system-out/>
  <testcase classname="dsAlgoTests.StackTest" name="verifyCodeOperationsInStackPage" time="0.000">
    <skipped/>
  </testcase> <!-- verifyCodeOperationsInStackPage -->
  <system-out/>
  <testcase classname="dsAlgoTests.StackTest" name="verifyCodeApplicationsPage" time="0.000">
    <skipped/>
  </testcase> <!-- verifyCodeApplicationsPage -->
  <system-out/>
  <testcase classname="dsAlgoTests.StackTest" name="verifyCodeOperationsInStackPage" time="0.000">
    <skipped/>
  </testcase> <!-- verifyCodeOperationsInStackPage -->
  <system-out/>
  <testcase classname="dsAlgoTests.StackTest" name="verifyCodeImplementationPage" time="0.000">
    <skipped/>
  </testcase> <!-- verifyCodeImplementationPage -->
  <system-out/>
  <testcase classname="dsAlgoTests.StackTest" name="verifyCodeOperationsInStackPage" time="0.000">
    <skipped/>
  </testcase> <!-- verifyCodeOperationsInStackPage -->
  <system-out/>
  <testcase classname="dsAlgoTests.StackTest" name="verifyCodeOperationsInStackPage" time="0.000">
    <skipped/>
  </testcase> <!-- verifyCodeOperationsInStackPage -->
  <system-out/>
  <testcase classname="dsAlgoTests.StackTest" name="verifyCodeImplementationPage" time="0.000">
    <skipped/>
  </testcase> <!-- verifyCodeImplementationPage -->
  <system-out/>
  <testcase classname="dsAlgoTests.StackTest" name="verifyCodeOperationsInStackPage" time="0.000">
    <skipped/>
  </testcase> <!-- verifyCodeOperationsInStackPage -->
  <system-out/>
  <testcase classname="dsAlgoTests.StackTest" name="verifyCodeImplementationPage" time="0.000">
    <skipped/>
  </testcase> <!-- verifyCodeImplementationPage -->
  <system-out/>
  <testcase classname="dsAlgoTests.StackTest" name="verifyCodeOperationsInStackPage" time="0.000">
    <skipped/>
  </testcase> <!-- verifyCodeOperationsInStackPage -->
  <system-out/>
  <testcase classname="dsAlgoTests.StackTest" name="verifyCodeImplementationPage" time="0.000">
    <skipped/>
  </testcase> <!-- verifyCodeImplementationPage -->
  <system-out/>
  <testcase classname="dsAlgoTests.StackTest" name="verifyCodeApplicationsPage" time="0.000">
    <skipped/>
  </testcase> <!-- verifyCodeApplicationsPage -->
  <system-out/>
  <testcase classname="dsAlgoTests.StackTest" name="verifyCodeImplementationPage" time="0.000">
    <skipped/>
  </testcase> <!-- verifyCodeImplementationPage -->
  <system-out/>
  <testcase classname="dsAlgoTests.StackTest" name="verifyCodeImplementationPage" time="0.000">
    <skipped/>
  </testcase> <!-- verifyCodeImplementationPage -->
  <system-out/>
  <testcase classname="dsAlgoTests.StackTest" name="verifyCodeApplicationsPage" time="0.000">
    <skipped/>
  </testcase> <!-- verifyCodeApplicationsPage -->
  <system-out/>
  <testcase classname="dsAlgoTests.StackTest" name="verifyCodeApplicationsPage" time="0.000">
    <skipped/>
  </testcase> <!-- verifyCodeApplicationsPage -->
  <system-out/>
  <testcase classname="dsAlgoTests.StackTest" name="verifyCodeImplementationPage" time="0.000">
    <skipped/>
  </testcase> <!-- verifyCodeImplementationPage -->
  <system-out/>
  <testcase classname="dsAlgoTests.StackTest" name="verifyCodeOperationsInStackPage" time="0.000">
    <skipped/>
  </testcase> <!-- verifyCodeOperationsInStackPage -->
  <system-out/>
  <testcase classname="dsAlgoTests.StackTest" name="verifyCodeImplementationPage" time="0.000">
    <skipped/>
  </testcase> <!-- verifyCodeImplementationPage -->
  <system-out/>
  <testcase classname="dsAlgoTests.StackTest" name="verifyCodeImplementationPage" time="0.000">
    <skipped/>
  </testcase> <!-- verifyCodeImplementationPage -->
  <system-out/>
  <testcase classname="dsAlgoTests.StackTest" name="verifyCodeImplementationPage" time="0.000">
    <skipped/>
  </testcase> <!-- verifyCodeImplementationPage -->
  <system-out/>
  <testcase classname="dsAlgoTests.StackTest" name="verifyCodeImplementationPage" time="0.000">
    <skipped/>
  </testcase> <!-- verifyCodeImplementationPage -->
  <system-out/>
  <testcase classname="dsAlgoTests.StackTest" name="verifyCodeImplementationPage" time="0.000">
    <skipped/>
  </testcase> <!-- verifyCodeImplementationPage -->
  <system-out/>
  <testcase classname="dsAlgoTests.StackTest" name="verifyCodeOperationsInStackPage" time="0.000">
    <skipped/>
  </testcase> <!-- verifyCodeOperationsInStackPage -->
  <system-out/>
  <testcase classname="dsAlgoTests.StackTest" name="verifyCodeImplementationPage" time="0.000">
    <skipped/>
  </testcase> <!-- verifyCodeImplementationPage -->
  <system-out/>
  <testcase classname="dsAlgoTests.StackTest" name="verifyCodeOperationsInStackPage" time="0.000">
    <skipped/>
  </testcase> <!-- verifyCodeOperationsInStackPage -->
  <system-out/>
  <testcase classname="dsAlgoTests.StackTest" name="verifyCodeOperationsInStackPage" time="0.000">
    <skipped/>
  </testcase> <!-- verifyCodeOperationsInStackPage -->
  <system-out/>
  <testcase classname="dsAlgoTests.StackTest" name="verifyCodeApplicationsPage" time="0.000">
    <skipped/>
  </testcase> <!-- verifyCodeApplicationsPage -->
  <system-out/>
  <testcase classname="dsAlgoTests.StackTest" name="verifyCodeImplementationPage" time="0.000">
    <skipped/>
  </testcase> <!-- verifyCodeImplementationPage -->
  <system-out/>
  <testcase classname="dsAlgoTests.StackTest" name="verifyCodeImplementationPage" time="0.000">
    <skipped/>
  </testcase> <!-- verifyCodeImplementationPage -->
  <system-out/>
  <testcase classname="dsAlgoTests.StackTest" name="verifyCodeOperationsInStackPage" time="0.000">
    <skipped/>
  </testcase> <!-- verifyCodeOperationsInStackPage -->
  <system-out/>
  <testcase classname="dsAlgoTests.StackTest" name="verifyCodeApplicationsPage" time="0.000">
    <skipped/>
  </testcase> <!-- verifyCodeApplicationsPage -->
  <system-out/>
  <testcase classname="dsAlgoTests.StackTest" name="verifyCodeImplementationPage" time="0.000">
    <skipped/>
  </testcase> <!-- verifyCodeImplementationPage -->
  <system-out/>
  <testcase classname="dsAlgoTests.StackTest" name="verifyCodeApplicationsPage" time="0.000">
    <skipped/>
  </testcase> <!-- verifyCodeApplicationsPage -->
  <system-out/>
  <testcase classname="dsAlgoTests.StackTest" name="verifyCodeImplementationPage" time="0.000">
    <skipped/>
  </testcase> <!-- verifyCodeImplementationPage -->
  <system-out/>
  <testcase classname="dsAlgoTests.StackTest" name="verifyCodeImplementationPage" time="0.000">
    <skipped/>
  </testcase> <!-- verifyCodeImplementationPage -->
  <system-out/>
  <testcase classname="dsAlgoTests.StackTest" name="verifyCodeImplementationPage" time="0.000">
    <skipped/>
  </testcase> <!-- verifyCodeImplementationPage -->
  <system-out/>
  <testcase classname="dsAlgoTests.StackTest" name="verifyCodeImplementationPage" time="0.000">
    <skipped/>
  </testcase> <!-- verifyCodeImplementationPage -->
  <system-out/>
  <testcase classname="dsAlgoTests.StackTest" name="verifyCodeImplementationPage" time="0.000">
    <skipped/>
  </testcase> <!-- verifyCodeImplementationPage -->
  <system-out/>
  <testcase classname="dsAlgoTests.StackTest" name="verifyCodeOperationsInStackPage" time="0.000">
    <skipped/>
  </testcase> <!-- verifyCodeOperationsInStackPage -->
  <system-out/>
  <testcase classname="dsAlgoTests.StackTest" name="verifyCodeApplicationsPage" time="0.000">
    <skipped/>
  </testcase> <!-- verifyCodeApplicationsPage -->
  <system-out/>
  <testcase classname="dsAlgoTests.StackTest" name="verifyCodeImplementationPage" time="0.000">
    <skipped/>
  </testcase> <!-- verifyCodeImplementationPage -->
  <system-out/>
  <testcase classname="dsAlgoTests.StackTest" name="verifyCodeApplicationsPage" time="0.000">
    <skipped/>
  </testcase> <!-- verifyCodeApplicationsPage -->
  <system-out/>
  <testcase classname="dsAlgoTests.StackTest" name="verifyCodeOperationsInStackPage" time="0.000">
    <skipped/>
  </testcase> <!-- verifyCodeOperationsInStackPage -->
  <system-out/>
  <testcase classname="dsAlgoTests.StackTest" name="verifyCodeApplicationsPage" time="0.000">
    <skipped/>
  </testcase> <!-- verifyCodeApplicationsPage -->
  <system-out/>
  <testcase classname="dsAlgoTests.StackTest" name="verifyCodeOperationsInStackPage" time="0.000">
    <skipped/>
  </testcase> <!-- verifyCodeOperationsInStackPage -->
  <system-out/>
  <testcase classname="dsAlgoTests.StackTest" name="verifyCodeApplicationsPage" time="0.000">
    <skipped/>
  </testcase> <!-- verifyCodeApplicationsPage -->
  <system-out/>
  <testcase classname="dsAlgoTests.StackTest" name="verifyCodeOperationsInStackPage" time="0.000">
    <skipped/>
  </testcase> <!-- verifyCodeOperationsInStackPage -->
  <system-out/>
  <testcase classname="dsAlgoTests.StackTest" name="verifyCodeOperationsInStackPage" time="0.000">
    <skipped/>
  </testcase> <!-- verifyCodeOperationsInStackPage -->
  <system-out/>
  <testcase classname="dsAlgoTests.StackTest" name="verifyCodeImplementationPage" time="0.000">
    <skipped/>
  </testcase> <!-- verifyCodeImplementationPage -->
  <system-out/>
  <testcase classname="dsAlgoTests.StackTest" name="verifyCodeOperationsInStackPage" time="0.000">
    <skipped/>
  </testcase> <!-- verifyCodeOperationsInStackPage -->
  <system-out/>
  <testcase classname="dsAlgoTests.StackTest" name="verifyCodeApplicationsPage" time="0.000">
    <skipped/>
  </testcase> <!-- verifyCodeApplicationsPage -->
  <system-out/>
  <testcase classname="dsAlgoTests.StackTest" name="verifyCodeApplicationsPage" time="0.000">
    <skipped/>
  </testcase> <!-- verifyCodeApplicationsPage -->
  <system-out/>
  <testcase classname="dsAlgoTests.StackTest" name="verifyCodeOperationsInStackPage" time="0.000">
    <skipped/>
  </testcase> <!-- verifyCodeOperationsInStackPage -->
  <system-out/>
  <testcase classname="dsAlgoTests.StackTest" name="verifyCodeApplicationsPage" time="0.000">
    <skipped/>
  </testcase> <!-- verifyCodeApplicationsPage -->
  <system-out/>
  <testcase classname="dsAlgoTests.StackTest" name="verifyCodeApplicationsPage" time="0.000">
    <skipped/>
  </testcase> <!-- verifyCodeApplicationsPage -->
  <system-out/>
  <testcase classname="dsAlgoTests.StackTest" name="verifyCodeOperationsInStackPage" time="0.000">
    <skipped/>
  </testcase> <!-- verifyCodeOperationsInStackPage -->
  <system-out/>
  <testcase classname="dsAlgoTests.StackTest" name="verifyCodeApplicationsPage" time="0.000">
    <skipped/>
  </testcase> <!-- verifyCodeApplicationsPage -->
  <system-out/>
  <testcase classname="dsAlgoTests.StackTest" name="verifyCodeOperationsInStackPage" time="0.000">
    <skipped/>
  </testcase> <!-- verifyCodeOperationsInStackPage -->
  <system-out/>
  <testcase classname="dsAlgoTests.StackTest" name="verifyCodeApplicationsPage" time="0.000">
    <skipped/>
  </testcase> <!-- verifyCodeApplicationsPage -->
  <system-out/>
  <testcase classname="dsAlgoTests.StackTest" name="verifyCodeOperationsInStackPage" time="0.000">
    <skipped/>
  </testcase> <!-- verifyCodeOperationsInStackPage -->
  <system-out/>
  <testcase classname="dsAlgoTests.StackTest" name="verifyCodeImplementationPage" time="0.000">
    <skipped/>
  </testcase> <!-- verifyCodeImplementationPage -->
  <system-out/>
  <testcase classname="dsAlgoTests.StackTest" name="verifyCodeApplicationsPage" time="0.000">
    <skipped/>
  </testcase> <!-- verifyCodeApplicationsPage -->
  <system-out/>
  <testcase classname="dsAlgoTests.StackTest" name="verifyCodeOperationsInStackPage" time="0.000">
    <skipped/>
  </testcase> <!-- verifyCodeOperationsInStackPage -->
  <system-out/>
  <testcase classname="dsAlgoTests.StackTest" name="verifyCodeOperationsInStackPage" time="0.000">
    <skipped/>
  </testcase> <!-- verifyCodeOperationsInStackPage -->
  <system-out/>
  <testcase classname="dsAlgoTests.StackTest" name="verifyCodeImplementationPage" time="0.000">
    <skipped/>
  </testcase> <!-- verifyCodeImplementationPage -->
  <system-out/>
  <testcase classname="dsAlgoTests.StackTest" name="verifyCodeImplementationPage" time="0.000">
    <skipped/>
  </testcase> <!-- verifyCodeImplementationPage -->
  <system-out/>
  <testcase classname="dsAlgoTests.StackTest" name="verifyCodeOperationsInStackPage" time="0.000">
    <skipped/>
  </testcase> <!-- verifyCodeOperationsInStackPage -->
  <system-out/>
  <testcase classname="dsAlgoTests.StackTest" name="verifyCodeOperationsInStackPage" time="0.000">
    <skipped/>
  </testcase> <!-- verifyCodeOperationsInStackPage -->
  <system-out/>
  <testcase classname="dsAlgoTests.StackTest" name="verifyCodeOperationsInStackPage" time="0.000">
    <skipped/>
  </testcase> <!-- verifyCodeOperationsInStackPage -->
  <system-out/>
  <testcase classname="dsAlgoTests.StackTest" name="verifyCodeApplicationsPage" time="0.000">
    <skipped/>
  </testcase> <!-- verifyCodeApplicationsPage -->
  <system-out/>
  <testcase classname="dsAlgoTests.StackTest" name="verifyCodeImplementationPage" time="0.000">
    <skipped/>
  </testcase> <!-- verifyCodeImplementationPage -->
  <system-out/>
  <testcase classname="dsAlgoTests.StackTest" name="verifyCodeImplementationPage" time="0.000">
    <skipped/>
  </testcase> <!-- verifyCodeImplementationPage -->
  <system-out/>
  <testcase classname="dsAlgoTests.StackTest" name="verifyCodeOperationsInStackPage" time="0.000">
    <skipped/>
  </testcase> <!-- verifyCodeOperationsInStackPage -->
  <system-out/>
  <testcase classname="dsAlgoTests.StackTest" name="verifyCodeOperationsInStackPage" time="0.000">
    <skipped/>
  </testcase> <!-- verifyCodeOperationsInStackPage -->
  <system-out/>
  <testcase classname="dsAlgoTests.StackTest" name="verifyCodeImplementationPage" time="0.000">
    <skipped/>
  </testcase> <!-- verifyCodeImplementationPage -->
  <system-out/>
</testsuite> <!-- dsAlgoTests.StackTest -->
