<?xml version="1.0" encoding="UTF-8"?>
<!-- Generated by org.testng.reporters.JUnitReportReporter -->
<testsuite hostname="Vaibhav" failures="0" tests="7" name="dsAlgoTests.RegisterTest" time="27.991" errors="0" timestamp="2025-02-06T09:11:37 IST" skipped="0">
  <testcase classname="dsAlgoTests.RegisterTest" name="enterCredentials" time="4.311"/>
  <system-out/>
  <testcase classname="dsAlgoTests.RegisterTest" name="enterCredentials" time="3.186"/>
  <system-out/>
  <testcase classname="dsAlgoTests.RegisterTest" name="enterCredentials" time="5.148"/>
  <system-out/>
  <testcase classname="dsAlgoTests.RegisterTest" name="enterCredentials" time="4.113"/>
  <system-out/>
  <testcase classname="dsAlgoTests.RegisterTest" name="enterCredentials" time="3.833"/>
  <system-out/>
  <testcase classname="dsAlgoTests.RegisterTest" name="enterCredentials" time="3.826"/>
  <system-out/>
  <testcase classname="dsAlgoTests.RegisterTest" name="enterCredentials" time="3.574"/>
  <system-out/>
</testsuite> <!-- dsAlgoTests.RegisterTest -->
