<?xml version="1.0" encoding="UTF-8"?>
<!-- Generated by org.testng.reporters.JUnitReportReporter -->
<testsuite hostname="sukeerthsahana" failures="0" tests="14" name="dsAlgoTests.RegisterTest" time="65.109" errors="0" timestamp="2025-02-18T00:22:13 CST" skipped="0">
  <testcase classname="dsAlgoTests.RegisterTest" name="enterCredentials" time="5.577"/>
  <system-out/>
  <testcase classname="dsAlgoTests.RegisterTest" name="enterCredentials" time="5.468"/>
  <system-out/>
  <testcase classname="dsAlgoTests.RegisterTest" name="enterCredentials" time="4.911"/>
  <system-out/>
  <testcase classname="dsAlgoTests.RegisterTest" name="enterCredentials" time="4.346"/>
  <system-out/>
  <testcase classname="dsAlgoTests.RegisterTest" name="enterCredentials" time="5.356"/>
  <system-out/>
  <testcase classname="dsAlgoTests.RegisterTest" name="enterCredentials" time="3.615"/>
  <system-out/>
  <testcase classname="dsAlgoTests.RegisterTest" name="enterCredentials" time="4.517"/>
  <system-out/>
  <testcase classname="dsAlgoTests.RegisterTest" name="enterCredentials" time="3.997"/>
  <system-out/>
  <testcase classname="dsAlgoTests.RegisterTest" name="enterCredentials" time="3.512"/>
  <system-out/>
  <testcase classname="dsAlgoTests.RegisterTest" name="enterCredentials" time="5.014"/>
  <system-out/>
  <testcase classname="dsAlgoTests.RegisterTest" name="enterCredentials" time="5.483"/>
  <system-out/>
  <testcase classname="dsAlgoTests.RegisterTest" name="enterCredentials" time="5.150"/>
  <system-out/>
  <testcase classname="dsAlgoTests.RegisterTest" name="enterCredentials" time="3.927"/>
  <system-out/>
  <testcase classname="dsAlgoTests.RegisterTest" name="enterCredentials" time="4.236"/>
  <system-out/>
</testsuite> <!-- dsAlgoTests.RegisterTest -->
