<?xml version="1.0" encoding="UTF-8"?>
<!-- Generated by org.testng.reporters.JUnitReportReporter -->
<testsuite hostname="sukeerthsahana" failures="1" tests="60" name="dsAlgoTests.TreeTest" time="16.618" errors="1" timestamp="2025-02-05T12:28:42 CST" skipped="58">
  <testcase classname="dsAlgoTests.TreeTest" name="navigateToImplementationInPython" time="13.357">
    <skipped/>
  </testcase> <!-- navigateToImplementationInPython -->
  <system-out/>
  <testcase classname="dsAlgoTests.TreeTest" name="navigateToTraversalsIllustration" time="0.000">
    <skipped/>
  </testcase> <!-- navigateToTraversalsIllustration -->
  <system-out/>
  <testcase classname="dsAlgoTests.TreeTest" name="verifyTreeTryEditorWithoutCodeOfOverviewOfTrees" time="0.000">
    <skipped/>
  </testcase> <!-- verifyTreeTryEditorWithoutCodeOfOverviewOfTrees -->
  <system-out/>
  <testcase classname="dsAlgoTests.TreeTest" name="verifyCodeExecutionForTreeTryEditor" time="0.000">
    <skipped/>
  </testcase> <!-- verifyCodeExecutionForTreeTryEditor -->
  <system-out/>
  <testcase classname="dsAlgoTests.TreeTest" name="tearDownTest" time="1.101">
    <error message="Timed out waiting for driver server to stop.
Build info: version: &#039;4.17.0&#039;, revision: &#039;e52b1be057*&#039;
System info: os.name: &#039;Windows 11&#039;, os.arch: &#039;amd64&#039;, os.version: &#039;10.0&#039;, java.version: &#039;21.0.3&#039;
Driver info: org.openqa.selenium.chrome.ChromeDriver
Command: [04ae62f29c183fac32f90c23faca342b, quit {}]
Capabilities {acceptInsecureCerts: false, browserName: chrome, browserVersion: 133.0.6943.53, chrome: {chromedriverVersion: 133.0.6943.53 (9a80935019b0..., userDataDir: C:\Users\sahan\AppData\Loca...}, fedcm:accounts: true, goog:chromeOptions: {debuggerAddress: localhost:57194}, networkConnectionEnabled: false, pageLoadStrategy: normal, platformName: windows, proxy: Proxy(), se:cdp: ws://localhost:57194/devtoo..., se:cdpVersion: 133.0.6943.53, setWindowRect: true, strictFileInteractability: false, timeouts: {implicit: 0, pageLoad: 300000, script: 30000}, unhandledPromptBehavior: dismiss and notify, webauthn:extension:credBlob: true, webauthn:extension:largeBlob: true, webauthn:extension:minPinLength: true, webauthn:extension:prf: true, webauthn:virtualAuthenticators: true}
Session ID: 04ae62f29c183fac32f90c23faca342b" type="org.openqa.selenium.WebDriverException">
      <![CDATA[org.openqa.selenium.WebDriverException: Timed out waiting for driver server to stop.
Build info: version: '4.17.0', revision: 'e52b1be057*'
System info: os.name: 'Windows 11', os.arch: 'amd64', os.version: '10.0', java.version: '21.0.3'
Driver info: org.openqa.selenium.chrome.ChromeDriver
Command: [04ae62f29c183fac32f90c23faca342b, quit {}]
Capabilities {acceptInsecureCerts: false, browserName: chrome, browserVersion: 133.0.6943.53, chrome: {chromedriverVersion: 133.0.6943.53 (9a80935019b0..., userDataDir: C:\Users\sahan\AppData\Loca...}, fedcm:accounts: true, goog:chromeOptions: {debuggerAddress: localhost:57194}, networkConnectionEnabled: false, pageLoadStrategy: normal, platformName: windows, proxy: Proxy(), se:cdp: ws://localhost:57194/devtoo..., se:cdpVersion: 133.0.6943.53, setWindowRect: true, strictFileInteractability: false, timeouts: {implicit: 0, pageLoad: 300000, script: 30000}, unhandledPromptBehavior: dismiss and notify, webauthn:extension:credBlob: true, webauthn:extension:largeBlob: true, webauthn:extension:minPinLength: true, webauthn:extension:prf: true, webauthn:virtualAuthenticators: true}
Session ID: 04ae62f29c183fac32f90c23faca342b
at org.openqa.selenium.remote.service.DriverCommandExecutor.execute(DriverCommandExecutor.java:164)
at org.openqa.selenium.remote.RemoteWebDriver.execute(RemoteWebDriver.java:519)
at org.openqa.selenium.remote.RemoteWebDriver.execute(RemoteWebDriver.java:592)
at org.openqa.selenium.remote.RemoteWebDriver.execute(RemoteWebDriver.java:596)
at org.openqa.selenium.remote.RemoteWebDriver.quit(RemoteWebDriver.java:434)
at org.openqa.selenium.chromium.ChromiumDriver.quit(ChromiumDriver.java:432)
at dsAlgoHooks.Hooks.tearDownTest(Hooks.java:50)
at java.base/jdk.internal.reflect.DirectMethodHandleAccessor.invoke(DirectMethodHandleAccessor.java:103)
at java.base/java.lang.reflect.Method.invoke(Method.java:580)
at org.testng.internal.MethodInvocationHelper.invokeMethod(MethodInvocationHelper.java:133)
at org.testng.internal.MethodInvocationHelper.invokeMethodConsideringTimeout(MethodInvocationHelper.java:62)
at org.testng.internal.ConfigInvoker.invokeConfigurationMethod(ConfigInvoker.java:385)
at org.testng.internal.ConfigInvoker.invokeConfigurations(ConfigInvoker.java:321)
at org.testng.internal.TestInvoker.runConfigMethods(TestInvoker.java:700)
at org.testng.internal.TestInvoker.runAfterGroupsConfigurations(TestInvoker.java:676)
at org.testng.internal.TestInvoker.invokeMethod(TestInvoker.java:660)
at org.testng.internal.TestInvoker.invokeTestMethod(TestInvoker.java:173)
at org.testng.internal.MethodRunner.runInSequence(MethodRunner.java:46)
at org.testng.internal.TestInvoker$MethodInvocationAgent.invoke(TestInvoker.java:824)
at org.testng.internal.TestInvoker.invokeTestMethods(TestInvoker.java:146)
at org.testng.internal.TestMethodWorker.invokeTestMethods(TestMethodWorker.java:146)
at org.testng.internal.TestMethodWorker.run(TestMethodWorker.java:128)
at java.base/java.util.concurrent.ThreadPoolExecutor.runWorker(ThreadPoolExecutor.java:1144)
at java.base/java.util.concurrent.ThreadPoolExecutor$Worker.run(ThreadPoolExecutor.java:642)
at java.base/java.lang.Thread.run(Thread.java:1583)
Caused by: java.util.concurrent.ExecutionException: java.lang.NullPointerException: Cannot invoke "java.net.http.HttpClient.sendAsync(java.net.http.HttpRequest, java.net.http.HttpResponse$BodyHandler)" because "this.client" is null
at java.base/java.util.concurrent.CompletableFuture.reportGet(CompletableFuture.java:396)
at java.base/java.util.concurrent.CompletableFuture.get(CompletableFuture.java:2096)
at org.openqa.selenium.remote.service.DriverCommandExecutor.execute(DriverCommandExecutor.java:160)
... 24 more
Caused by: java.lang.NullPointerException: Cannot invoke "java.net.http.HttpClient.sendAsync(java.net.http.HttpRequest, java.net.http.HttpResponse$BodyHandler)" because "this.client" is null
at org.openqa.selenium.remote.http.jdk.JdkHttpClient.execute0(JdkHttpClient.java:382)
at org.openqa.selenium.remote.http.AddSeleniumUserAgent.lambda$apply$0(AddSeleniumUserAgent.java:42)
at org.openqa.selenium.remote.http.Filter.lambda$andFinally$1(Filter.java:55)
at org.openqa.selenium.remote.http.jdk.JdkHttpClient.execute(JdkHttpClient.java:358)
at org.openqa.selenium.remote.HttpCommandExecutor.execute(HttpCommandExecutor.java:187)
at org.openqa.selenium.remote.service.DriverCommandExecutor.invokeExecute(DriverCommandExecutor.java:216)
at org.openqa.selenium.remote.service.DriverCommandExecutor.lambda$execute$1(DriverCommandExecutor.java:126)
at java.base/java.util.concurrent.CompletableFuture$AsyncSupply.run(CompletableFuture.java:1768)
... 3 more
]]>
    </error>
  </testcase> <!-- tearDownTest -->
  <system-out/>
  <testcase classname="dsAlgoTests.TreeTest" name="verifyCodeExecutionForTreeTryEditor" time="0.000">
    <skipped/>
  </testcase> <!-- verifyCodeExecutionForTreeTryEditor -->
  <system-out/>
  <testcase classname="dsAlgoTests.TreeTest" name="verifyCodeExecutionForTreeTryEditor" time="0.000">
    <skipped/>
  </testcase> <!-- verifyCodeExecutionForTreeTryEditor -->
  <system-out/>
  <testcase classname="dsAlgoTests.TreeTest" name="verifyCodeExecutionForTreeTryEditor" time="0.000">
    <skipped/>
  </testcase> <!-- verifyCodeExecutionForTreeTryEditor -->
  <system-out/>
  <testcase classname="dsAlgoTests.TreeTest" name="verifyCodeExecutionForTreeTryEditor" time="0.000">
    <skipped/>
  </testcase> <!-- verifyCodeExecutionForTreeTryEditor -->
  <system-out/>
  <testcase classname="dsAlgoTests.TreeTest" name="navigateToTreeTraversalsTryEditor" time="0.000">
    <skipped/>
  </testcase> <!-- navigateToTreeTraversalsTryEditor -->
  <system-out/>
  <testcase classname="dsAlgoTests.TreeTest" name="navigateToImplementationInPythonTryEditor" time="0.000">
    <skipped/>
  </testcase> <!-- navigateToImplementationInPythonTryEditor -->
  <system-out/>
  <testcase classname="dsAlgoTests.TreeTest" name="verifyCodeExecutionForTreeTryEditor" time="0.000">
    <skipped/>
  </testcase> <!-- verifyCodeExecutionForTreeTryEditor -->
  <system-out/>
  <testcase classname="dsAlgoTests.TreeTest" name="navigateToApplicationsOfBinaryTreesTryEditor" time="0.000">
    <skipped/>
  </testcase> <!-- navigateToApplicationsOfBinaryTreesTryEditor -->
  <system-out/>
  <testcase classname="dsAlgoTests.TreeTest" name="verifyCodeExecutionForTreeTryEditor" time="0.003">
    <skipped/>
  </testcase> <!-- verifyCodeExecutionForTreeTryEditor -->
  <system-out/>
  <testcase classname="dsAlgoTests.TreeTest" name="navigateToTerminologiesTryEditor" time="0.000">
    <skipped/>
  </testcase> <!-- navigateToTerminologiesTryEditor -->
  <system-out/>
  <testcase classname="dsAlgoTests.TreeTest" name="verifyCodeExecutionForTreeTryEditor" time="0.000">
    <skipped/>
  </testcase> <!-- verifyCodeExecutionForTreeTryEditor -->
  <system-out/>
  <testcase classname="dsAlgoTests.TreeTest" name="listOfPracticeQuestionOfOverviewOfTrees" time="2.157">
    <failure message="No list of practice question found" type="java.lang.AssertionError">
      <![CDATA[java.lang.AssertionError: No list of practice question found
at org.testng.Assert.fail(Assert.java:99)
at dsAlgoTests.TreeTest.listOfPracticeQuestionOfOverviewOfTrees(TreeTest.java:267)
at java.base/jdk.internal.reflect.DirectMethodHandleAccessor.invoke(DirectMethodHandleAccessor.java:103)
at java.base/java.lang.reflect.Method.invoke(Method.java:580)
at org.testng.internal.MethodInvocationHelper.invokeMethod(MethodInvocationHelper.java:133)
at org.testng.internal.TestInvoker.invokeMethod(TestInvoker.java:598)
at org.testng.internal.TestInvoker.invokeTestMethod(TestInvoker.java:173)
at org.testng.internal.MethodRunner.runInSequence(MethodRunner.java:46)
at org.testng.internal.TestInvoker$MethodInvocationAgent.invoke(TestInvoker.java:824)
at org.testng.internal.TestInvoker.invokeTestMethods(TestInvoker.java:146)
at org.testng.internal.TestMethodWorker.invokeTestMethods(TestMethodWorker.java:146)
at org.testng.internal.TestMethodWorker.run(TestMethodWorker.java:128)
at java.base/java.util.concurrent.ThreadPoolExecutor.runWorker(ThreadPoolExecutor.java:1144)
at java.base/java.util.concurrent.ThreadPoolExecutor$Worker.run(ThreadPoolExecutor.java:642)
at java.base/java.lang.Thread.run(Thread.java:1583)
]]>
    </failure>
  </testcase> <!-- listOfPracticeQuestionOfOverviewOfTrees -->
  <system-out/>
  <testcase classname="dsAlgoTests.TreeTest" name="navigateToImplementationOfBinaryTreesTryEditor" time="0.000">
    <skipped/>
  </testcase> <!-- navigateToImplementationOfBinaryTreesTryEditor -->
  <system-out/>
  <testcase classname="dsAlgoTests.TreeTest" name="verifyCodeExecutionForTreeTryEditor" time="0.000">
    <skipped/>
  </testcase> <!-- verifyCodeExecutionForTreeTryEditor -->
  <system-out/>
  <testcase classname="dsAlgoTests.TreeTest" name="verifyCodeExecutionForTreeTryEditor" time="0.000">
    <skipped/>
  </testcase> <!-- verifyCodeExecutionForTreeTryEditor -->
  <system-out/>
  <testcase classname="dsAlgoTests.TreeTest" name="verifyTreeTryEditorWithoutCodeOfTypesOfTrees" time="0.000">
    <skipped/>
  </testcase> <!-- verifyTreeTryEditorWithoutCodeOfTypesOfTrees -->
  <system-out/>
  <testcase classname="dsAlgoTests.TreeTest" name="navigateToTypesOfTrees" time="0.000">
    <skipped/>
  </testcase> <!-- navigateToTypesOfTrees -->
  <system-out/>
  <testcase classname="dsAlgoTests.TreeTest" name="verifyTreeTryEditorWithoutCodeOfTreeTraversals" time="0.000">
    <skipped/>
  </testcase> <!-- verifyTreeTryEditorWithoutCodeOfTreeTraversals -->
  <system-out/>
  <testcase classname="dsAlgoTests.TreeTest" name="verifyCodeExecutionForTreeTryEditor" time="0.000">
    <skipped/>
  </testcase> <!-- verifyCodeExecutionForTreeTryEditor -->
  <system-out/>
  <testcase classname="dsAlgoTests.TreeTest" name="verifyTreeTryEditorWithoutCodeOfTraversalsIllustration" time="0.000">
    <skipped/>
  </testcase> <!-- verifyTreeTryEditorWithoutCodeOfTraversalsIllustration -->
  <system-out/>
  <testcase classname="dsAlgoTests.TreeTest" name="navigateToTypesOfTreesTryEditor" time="0.000">
    <skipped/>
  </testcase> <!-- navigateToTypesOfTreesTryEditor -->
  <system-out/>
  <testcase classname="dsAlgoTests.TreeTest" name="verifyCodeExecutionForTreeTryEditor" time="0.000">
    <skipped/>
  </testcase> <!-- verifyCodeExecutionForTreeTryEditor -->
  <system-out/>
  <testcase classname="dsAlgoTests.TreeTest" name="navigateToOverviewOfTreesTryEditor" time="0.000">
    <skipped/>
  </testcase> <!-- navigateToOverviewOfTreesTryEditor -->
  <system-out/>
  <testcase classname="dsAlgoTests.TreeTest" name="navigateToPracticeQuestionOfOverviewOfTrees" time="0.000">
    <skipped/>
  </testcase> <!-- navigateToPracticeQuestionOfOverviewOfTrees -->
  <system-out/>
  <testcase classname="dsAlgoTests.TreeTest" name="navigateToImplementationOfBinaryTrees" time="0.000">
    <skipped/>
  </testcase> <!-- navigateToImplementationOfBinaryTrees -->
  <system-out/>
  <testcase classname="dsAlgoTests.TreeTest" name="navigateToTypesOfBinaryTreesTryEditor" time="0.000">
    <skipped/>
  </testcase> <!-- navigateToTypesOfBinaryTreesTryEditor -->
  <system-out/>
  <testcase classname="dsAlgoTests.TreeTest" name="navigateToTerminologies" time="0.000">
    <skipped/>
  </testcase> <!-- navigateToTerminologies -->
  <system-out/>
  <testcase classname="dsAlgoTests.TreeTest" name="verifyCodeExecutionForTreeTryEditor" time="0.000">
    <skipped/>
  </testcase> <!-- verifyCodeExecutionForTreeTryEditor -->
  <system-out/>
  <testcase classname="dsAlgoTests.TreeTest" name="verifyTreeTryEditorWithoutCodeOfTerminologies" time="0.000">
    <skipped/>
  </testcase> <!-- verifyTreeTryEditorWithoutCodeOfTerminologies -->
  <system-out/>
  <testcase classname="dsAlgoTests.TreeTest" name="verifyCodeExecutionForTreeTryEditor" time="0.000">
    <skipped/>
  </testcase> <!-- verifyCodeExecutionForTreeTryEditor -->
  <system-out/>
  <testcase classname="dsAlgoTests.TreeTest" name="navigateToTreeTraversals" time="0.000">
    <skipped/>
  </testcase> <!-- navigateToTreeTraversals -->
  <system-out/>
  <testcase classname="dsAlgoTests.TreeTest" name="verifyCodeExecutionForTreeTryEditor" time="0.000">
    <skipped/>
  </testcase> <!-- verifyCodeExecutionForTreeTryEditor -->
  <system-out/>
  <testcase classname="dsAlgoTests.TreeTest" name="navigateToImplementationOfBST" time="0.000">
    <skipped/>
  </testcase> <!-- navigateToImplementationOfBST -->
  <system-out/>
  <testcase classname="dsAlgoTests.TreeTest" name="verifyCodeExecutionForTreeTryEditor" time="0.000">
    <skipped/>
  </testcase> <!-- verifyCodeExecutionForTreeTryEditor -->
  <system-out/>
  <testcase classname="dsAlgoTests.TreeTest" name="verifyCodeExecutionForTreeTryEditor" time="0.000">
    <skipped/>
  </testcase> <!-- verifyCodeExecutionForTreeTryEditor -->
  <system-out/>
  <testcase classname="dsAlgoTests.TreeTest" name="verifyCodeExecutionForTreeTryEditor" time="0.000">
    <skipped/>
  </testcase> <!-- verifyCodeExecutionForTreeTryEditor -->
  <system-out/>
  <testcase classname="dsAlgoTests.TreeTest" name="navigateToApplicationsOfBinaryTrees" time="0.000">
    <skipped/>
  </testcase> <!-- navigateToApplicationsOfBinaryTrees -->
  <system-out/>
  <testcase classname="dsAlgoTests.TreeTest" name="verifyCodeExecutionForTreeTryEditor" time="0.000">
    <skipped/>
  </testcase> <!-- verifyCodeExecutionForTreeTryEditor -->
  <system-out/>
  <testcase classname="dsAlgoTests.TreeTest" name="verifyCodeExecutionForTreeTryEditor" time="0.000">
    <skipped/>
  </testcase> <!-- verifyCodeExecutionForTreeTryEditor -->
  <system-out/>
  <testcase classname="dsAlgoTests.TreeTest" name="navigateToBinaryTreeTraversalsTryEditor" time="0.000">
    <skipped/>
  </testcase> <!-- navigateToBinaryTreeTraversalsTryEditor -->
  <system-out/>
  <testcase classname="dsAlgoTests.TreeTest" name="navigateToBinaryTreeTraversals" time="0.000">
    <skipped/>
  </testcase> <!-- navigateToBinaryTreeTraversals -->
  <system-out/>
  <testcase classname="dsAlgoTests.TreeTest" name="navigateToBinaryTreesTryEditor" time="0.000">
    <skipped/>
  </testcase> <!-- navigateToBinaryTreesTryEditor -->
  <system-out/>
  <testcase classname="dsAlgoTests.TreeTest" name="navigateToTraversalsIllustrationTryEditor" time="0.000">
    <skipped/>
  </testcase> <!-- navigateToTraversalsIllustrationTryEditor -->
  <system-out/>
  <testcase classname="dsAlgoTests.TreeTest" name="verifyCodeExecutionForTreeTryEditor" time="0.000">
    <skipped/>
  </testcase> <!-- verifyCodeExecutionForTreeTryEditor -->
  <system-out/>
  <testcase classname="dsAlgoTests.TreeTest" name="navigateToImplementationOfBSTTryEditor" time="0.000">
    <skipped/>
  </testcase> <!-- navigateToImplementationOfBSTTryEditor -->
  <system-out/>
  <testcase classname="dsAlgoTests.TreeTest" name="navigateToTypesOfBinaryTrees" time="0.000">
    <skipped/>
  </testcase> <!-- navigateToTypesOfBinaryTrees -->
  <system-out/>
  <testcase classname="dsAlgoTests.TreeTest" name="verifyCodeExecutionForTreeTryEditor" time="0.000">
    <skipped/>
  </testcase> <!-- verifyCodeExecutionForTreeTryEditor -->
  <system-out/>
  <testcase classname="dsAlgoTests.TreeTest" name="verifyCodeExecutionForTreeTryEditor" time="0.000">
    <skipped/>
  </testcase> <!-- verifyCodeExecutionForTreeTryEditor -->
  <system-out/>
  <testcase classname="dsAlgoTests.TreeTest" name="navigateToBinarySearchTreesTryEditor" time="0.000">
    <skipped/>
  </testcase> <!-- navigateToBinarySearchTreesTryEditor -->
  <system-out/>
  <testcase classname="dsAlgoTests.TreeTest" name="navigateToOverviewOfTrees" time="0.000">
    <skipped/>
  </testcase> <!-- navigateToOverviewOfTrees -->
  <system-out/>
  <testcase classname="dsAlgoTests.TreeTest" name="verifyCodeExecutionForTreeTryEditor" time="0.000">
    <skipped/>
  </testcase> <!-- verifyCodeExecutionForTreeTryEditor -->
  <system-out/>
  <testcase classname="dsAlgoTests.TreeTest" name="navigateToBinarySearchTrees" time="0.000">
    <skipped/>
  </testcase> <!-- navigateToBinarySearchTrees -->
  <system-out/>
  <testcase classname="dsAlgoTests.TreeTest" name="navigateToBinaryTrees" time="0.000">
    <skipped/>
  </testcase> <!-- navigateToBinaryTrees -->
  <system-out/>
  <testcase classname="dsAlgoTests.TreeTest" name="verifyCodeExecutionForTreeTryEditor" time="0.000">
    <skipped/>
  </testcase> <!-- verifyCodeExecutionForTreeTryEditor -->
  <system-out/>
  <testcase classname="dsAlgoTests.TreeTest" name="verifyCodeExecutionForTreeTryEditor" time="0.000">
    <skipped/>
  </testcase> <!-- verifyCodeExecutionForTreeTryEditor -->
  <system-out/>
</testsuite> <!-- dsAlgoTests.TreeTest -->
