<?xml version="1.0" encoding="UTF-8"?>
<!-- Generated by org.testng.reporters.JUnitReportReporter -->
<testsuite hostname="Vaibhav" failures="0" tests="6" name="dsAlgoTests.SigninTest" time="129.883" errors="0" timestamp="2025-02-06T09:11:37 IST" skipped="0">
  <testcase classname="dsAlgoTests.SigninTest" name="enterCredentials" time="24.596"/>
  <system-out/>
  <testcase classname="dsAlgoTests.SigninTest" name="enterCredentials" time="25.885"/>
  <system-out/>
  <testcase classname="dsAlgoTests.SigninTest" name="enterCredentials" time="5.198"/>
  <system-out/>
  <testcase classname="dsAlgoTests.SigninTest" name="enterCredentials" time="24.154"/>
  <system-out/>
  <testcase classname="dsAlgoTests.SigninTest" name="enterCredentials" time="25.998"/>
  <system-out/>
  <testcase classname="dsAlgoTests.SigninTest" name="enterCredentials" time="24.052"/>
  <system-out/>
</testsuite> <!-- dsAlgoTests.SigninTest -->
